number of parameters =  8 , number of free parameters =  7
theta =  [ 1.45861502  0.47000363  0.61903921  0.09531018  0.18232156  0.40546511
 -1.11779511]
dx =  [1.  1.  0.2 1.  1.  1.  1. ]
- function call summary
ssd =  8507.32582438427  sigmas =  [[0.00474477 0.00505551]
 [0.00600841 0.01754837]
 [0.01472433 0.02300708]]
pars =  [4.3   1.6   0.65  1.1   0.    1.2   1.5   0.327]
std.dev of utility differences - annuities d_value_1    17.285729
d_value_2    41.304208
d_value_3    17.631044
d_value_4    41.404872
dtype: float64
std.dev of utility differences - ltc d_value_5    15.237635
d_value_6    20.287657
d_value_7    15.272380
d_value_8    20.376347
dtype: float64
std.dev of utility differences - rmr d_value_9     20.826040
d_value_10    24.199347
d_value_11    20.125902
d_value_12    25.640549
dtype: float64
- function call summary
ssd =  8524.325506575185  sigmas =  [[0.00486863 0.00514214]
 [0.00220117 0.01341754]
 [0.01657618 0.0250785 ]]
pars =  [5.25203186 1.6        0.65       1.1        0.         1.2
 1.5        0.327     ]
std.dev of utility differences - annuities d_value_1    16.960499
d_value_2    39.868442
d_value_3    17.360531
d_value_4    39.995075
dtype: float64
std.dev of utility differences - ltc d_value_5    16.660364
d_value_6    22.347240
d_value_7    16.701248
d_value_8    22.399099
dtype: float64
std.dev of utility differences - rmr d_value_9     18.893688
d_value_10    22.509393
d_value_11    18.185336
d_value_12    23.487443
dtype: float64
- function call summary
ssd =  8509.812323728722  sigmas =  [[0.00515434 0.00553303]
 [0.00737165 0.02066777]
 [0.01670178 0.02600188]]
pars =  [4.3        1.95424441 0.65       1.1        0.         1.2
 1.5        0.327     ]
std.dev of utility differences - annuities d_value_1    15.116838
d_value_2    37.017764
d_value_3    15.697929
d_value_4    36.885698
dtype: float64
std.dev of utility differences - ltc d_value_5    14.100866
d_value_6    18.270349
d_value_7    14.140586
d_value_8    18.341945
dtype: float64
std.dev of utility differences - rmr d_value_9     18.215492
d_value_10    21.213083
d_value_11    17.544112
d_value_12    22.428272
dtype: float64
- function call summary
ssd =  8503.712479054013  sigmas =  [[0.00493029 0.00521273]
 [0.00730505 0.01910919]
 [0.01531217 0.02375533]]
pars =  [4.3        1.6        0.69403235 1.1        0.         1.2
 1.5        0.327     ]
std.dev of utility differences - annuities d_value_1    16.751613
d_value_2    40.319808
d_value_3    16.960599
d_value_4    40.401526
dtype: float64
std.dev of utility differences - ltc d_value_5    14.667328
d_value_6    19.636862
d_value_7    14.706199
d_value_8    19.706264
dtype: float64
std.dev of utility differences - rmr d_value_9     20.305523
d_value_10    23.441536
d_value_11    19.583544
d_value_12    24.798438
dtype: float64
- function call summary
ssd =  8507.491466709305  sigmas =  [[0.00476677 0.00508033]
 [0.00598814 0.01752166]
 [0.0148615  0.0232149 ]]
pars =  [4.3        1.6        0.65       1.34354303 0.         1.2
 1.5        0.327     ]
std.dev of utility differences - annuities d_value_1    17.174201
d_value_2    41.084693
d_value_3    17.513247
d_value_4    41.087447
dtype: float64
std.dev of utility differences - ltc d_value_5    15.155181
d_value_6    20.175082
d_value_7    15.186721
d_value_8    20.266038
dtype: float64
std.dev of utility differences - rmr d_value_9     20.653352
d_value_10    23.995394
d_value_11    19.961250
d_value_12    25.423324
dtype: float64
- function call summary
ssd =  8508.644011964268  sigmas =  [[0.00464178 0.0049415 ]
 [0.00543798 0.01613415]
 [0.01441798 0.02254667]]
pars =  [4.3        1.6        0.65       1.1        0.         1.46568331
 1.5        0.327     ]
std.dev of utility differences - annuities d_value_1    17.681812
d_value_2    42.221635
d_value_3    18.040494
d_value_4    42.321091
dtype: float64
std.dev of utility differences - ltc d_value_5    15.672326
d_value_6    20.921710
d_value_7    15.709969
d_value_8    21.014655
dtype: float64
std.dev of utility differences - rmr d_value_9     20.901451
d_value_10    24.351803
d_value_11    20.182067
d_value_12    25.825253
dtype: float64
- function call summary
ssd =  8503.826316995599  sigmas =  [[0.00450723 0.00476559]
 [0.0085537  0.01874316]
 [0.01375763 0.0215398 ]]
pars =  [4.3        1.6        0.65       1.1        0.         1.2
 1.83210414 0.327     ]
std.dev of utility differences - annuities d_value_1    18.155006
d_value_2    43.390747
d_value_3    18.493564
d_value_4    43.347956
dtype: float64
std.dev of utility differences - ltc d_value_5    15.879842
d_value_6    20.897074
d_value_7    15.918262
d_value_8    20.983840
dtype: float64
std.dev of utility differences - rmr d_value_9     22.408671
d_value_10    25.937461
d_value_11    21.679535
d_value_12    27.460219
dtype: float64
- function call summary
ssd =  8508.249147405506  sigmas =  [[0.00458423 0.00486165]
 [0.00515875 0.01643755]
 [0.01395304 0.02185936]]
pars =  [4.3       1.6       0.65      1.1       0.        1.2       1.5
 0.3993987]
std.dev of utility differences - annuities d_value_1    18.016230
d_value_2    42.982963
d_value_3    18.365093
d_value_4    43.083440
dtype: float64
std.dev of utility differences - ltc d_value_5    15.851953
d_value_6    21.159802
d_value_7    15.887066
d_value_8    21.255344
dtype: float64
std.dev of utility differences - rmr d_value_9     21.849927
d_value_10    25.493239
d_value_11    21.113987
d_value_12    26.988757
dtype: float64
- function call summary
ssd =  8492.399560527578  sigmas =  [[0.00380667 0.00610726]
 [0.01113247 0.02276695]
 [0.01336308 0.02089063]]
pars =  [3.52054224 1.6        0.65       1.1        0.         1.2
 1.5        0.327     ]
std.dev of utility differences - annuities d_value_1    15.757338
d_value_2    41.662771
d_value_3    16.153073
d_value_4    41.623700
dtype: float64
std.dev of utility differences - ltc d_value_5    13.052835
d_value_6    17.824035
d_value_7    13.129150
d_value_8    17.846377
dtype: float64
std.dev of utility differences - rmr d_value_9     22.433143
d_value_10    25.554556
d_value_11    21.743979
d_value_12    27.112789
dtype: float64
- function call summary
ssd =  8505.462506550806  sigmas =  [[0.00399764 0.00452279]
 [0.00442752 0.01366186]
 [0.0126297  0.01967512]]
pars =  [4.3       1.3099692 0.65      1.1       0.        1.2       1.5
 0.327    ]
std.dev of utility differences - annuities d_value_1    20.339737
d_value_2    48.427031
d_value_3    20.690796
d_value_4    48.499882
dtype: float64
std.dev of utility differences - ltc d_value_5    17.812039
d_value_6    23.994435
d_value_7    17.856204
d_value_8    24.145037
dtype: float64
std.dev of utility differences - rmr d_value_9     24.640849
d_value_10    28.562532
d_value_11    23.919067
d_value_12    30.325389
dtype: float64
- function call summary
ssd =  8511.056073882395  sigmas =  [[0.00456917 0.00487117]
 [0.00465092 0.01604741]
 [0.0140319  0.02216357]]
pars =  [4.3        1.6        0.60325332 1.1        0.         1.2
 1.5        0.327     ]
std.dev of utility differences - annuities d_value_1    17.909033
d_value_2    42.540855
d_value_3    18.211449
d_value_4    42.493109
dtype: float64
std.dev of utility differences - ltc d_value_5    15.893511
d_value_6    21.049313
d_value_7    15.920272
d_value_8    21.155727
dtype: float64
std.dev of utility differences - rmr d_value_9     21.538326
d_value_10    25.207635
d_value_11    20.854006
d_value_12    26.746240
dtype: float64
- function call summary
ssd =  8506.862886643641  sigmas =  [[0.00473899 0.0050318 ]
 [0.00593564 0.01750994]
 [0.01459854 0.02281374]]
pars =  [4.3        1.6        0.65       0.90060383 0.         1.2
 1.5        0.327     ]
std.dev of utility differences - annuities d_value_1    17.388060
d_value_2    41.602416
d_value_3    17.551831
d_value_4    41.633833
dtype: float64
std.dev of utility differences - ltc d_value_5    15.308535
d_value_6    20.393664
d_value_7    15.343789
d_value_8    20.482499
dtype: float64
std.dev of utility differences - rmr d_value_9     20.999321
d_value_10    24.400136
d_value_11    20.290429
d_value_12    25.856106
dtype: float64
- function call summary
ssd =  8505.865491949198  sigmas =  [[0.00486369 0.00518119]
 [0.0067131  0.01937975]
 [0.01504578 0.02350089]]
pars =  [4.3       1.6       0.65      1.1       0.        0.9824769 1.5
 0.327    ]
std.dev of utility differences - annuities d_value_1    16.856478
d_value_2    40.319015
d_value_3    17.198749
d_value_4    40.413696
dtype: float64
std.dev of utility differences - ltc d_value_5    14.773870
d_value_6    19.614942
d_value_7    14.805763
d_value_8    19.700379
dtype: float64
std.dev of utility differences - rmr d_value_9     20.764728
d_value_10    24.056805
d_value_11    20.085327
d_value_12    25.463039
dtype: float64
- function call summary
ssd =  8509.69474131594  sigmas =  [[0.00505297 0.00537942]
 [0.00333116 0.01660249]
 [0.01588421 0.02477103]]
pars =  [4.3        1.6        0.65       1.1        0.         1.2
 1.22809613 0.327     ]
std.dev of utility differences - annuities d_value_1    16.362604
d_value_2    39.161081
d_value_3    16.554488
d_value_4    39.238754
dtype: float64
std.dev of utility differences - ltc d_value_5    14.566104
d_value_6    19.649116
d_value_7    14.595915
d_value_8    19.737879
dtype: float64
std.dev of utility differences - rmr d_value_9     19.169784
d_value_10    22.368384
d_value_11    18.504750
d_value_12    23.719997
dtype: float64
- function call summary
ssd =  8506.571966370666  sigmas =  [[0.00491109 0.00525444]
 [0.00690048 0.01873211]
 [0.01550794 0.0241897 ]]
pars =  [4.3        1.6        0.65       1.1        0.         1.2
 1.5        0.26772496]
std.dev of utility differences - annuities d_value_1    16.590958
d_value_2    39.706458
d_value_3    16.936773
d_value_4    39.806709
dtype: float64
std.dev of utility differences - ltc d_value_5    14.645749
d_value_6    19.464339
d_value_7    14.682134
d_value_8    19.542539
dtype: float64
std.dev of utility differences - rmr d_value_9     19.876272
d_value_10    23.005002
d_value_11    19.209476
d_value_12    24.392523
dtype: float64
- function call summary
ssd =  8473.760988862177  sigmas =  [[0.00334473 0.00669911]
 [0.01848505 0.02727205]
 [0.01234797 0.01841373]]
pars =  [2.92230429 1.55401307 0.6611165  1.09537407 0.         1.17785291
 1.56019286 0.32334364]
std.dev of utility differences - annuities d_value_1    14.154909
d_value_2    42.076907
d_value_3    14.984915
d_value_4    41.849284
dtype: float64
std.dev of utility differences - ltc d_value_5    11.332922
d_value_6    16.011213
d_value_7    11.438237
d_value_8    15.909283
dtype: float64
std.dev of utility differences - rmr d_value_9     24.296405
d_value_10    27.482492
d_value_11    23.613052
d_value_12    28.842755
dtype: float64
- function call summary
ssd =  8385.765297983653  sigmas =  [[0.00556275 0.01321872]
 [0.02589753 0.02959485]
 [0.01112495 0.01593905]]
pars =  [2.19531792 1.39832275 0.70084687 1.07744474 0.         1.09614562
 1.83477547 0.30990876]
std.dev of utility differences - annuities d_value_1    11.369157
d_value_2    33.645491
d_value_3    11.708017
d_value_4    33.705746
dtype: float64
std.dev of utility differences - ltc d_value_5     9.070679
d_value_6    13.757662
d_value_7     9.047050
d_value_8    13.652486
dtype: float64
std.dev of utility differences - rmr d_value_9     27.684852
d_value_10    31.265640
d_value_11    27.254193
d_value_12    32.236052
dtype: float64
- function call summary
ssd =  8278.000902945825  sigmas =  [[0.01071837 0.01391572]
 [0.02128493 0.0244621 ]
 [0.00810665 0.01270888]]
pars =  [1.50789618 1.0654927  0.78628369 1.03111559 0.         0.90720278
 2.774546   0.27705462]
std.dev of utility differences - annuities d_value_1    11.907272
d_value_2    27.590901
d_value_3    11.868187
d_value_4    27.882546
dtype: float64
std.dev of utility differences - ltc d_value_5     8.341166
d_value_6    14.624516
d_value_7     8.409044
d_value_8    14.616274
dtype: float64
std.dev of utility differences - rmr d_value_9     35.700417
d_value_10    41.683731
d_value_11    35.104610
d_value_12    41.853603
dtype: float64
- function call summary
ssd =  8232.167111888159  sigmas =  [[0.0102332  0.01247538]
 [0.03099802 0.03361872]
 [0.00719547 0.01130751]]
pars =  [0.68419553 1.14794073 0.79203142 1.05217032 0.         0.97579334
 2.69690323 0.29056356]
std.dev of utility differences - annuities d_value_1    11.390089
d_value_2    27.286505
d_value_3    10.894989
d_value_4    28.784120
dtype: float64
std.dev of utility differences - ltc d_value_5     5.219336
d_value_6    10.240148
d_value_7     5.259650
d_value_8    10.142843
dtype: float64
std.dev of utility differences - rmr d_value_9     41.167845
d_value_10    47.136696
d_value_11    39.047936
d_value_12    46.400744
dtype: float64
- function call summary
ssd =  8229.693295253603  sigmas =  [[0.01048681 0.01251519]
 [0.03282964 0.03545156]
 [0.00750769 0.01181694]]
pars =  [0.69684484 1.19704268 0.82022091 1.05904406 0.         1.00393909
 2.52864493 0.29548073]
std.dev of utility differences - annuities d_value_1    11.078706
d_value_2    26.937310
d_value_3    10.604058
d_value_4    28.312881
dtype: float64
std.dev of utility differences - ltc d_value_5    5.020025
d_value_6    9.858467
d_value_7    5.055233
d_value_8    9.760058
dtype: float64
std.dev of utility differences - rmr d_value_9     40.549247
d_value_10    46.377418
d_value_11    38.538028
d_value_12    45.706276
dtype: float64
- function call summary
ssd =  8247.236663428448  sigmas =  [[0.00961768 0.01165585]
 [0.02580199 0.02904606]
 [0.00663196 0.01023906]]
pars =  [0.63143274 0.96316672 0.8443876  1.00322733 0.         0.82326733
 2.84604458 0.25967795]
std.dev of utility differences - annuities d_value_1    11.905788
d_value_2    29.211475
d_value_3    11.355742
d_value_4    30.436936
dtype: float64
std.dev of utility differences - ltc d_value_5     5.717604
d_value_6    11.275394
d_value_7     5.760939
d_value_8    11.174921
dtype: float64
std.dev of utility differences - rmr d_value_9     44.221150
d_value_10    51.157929
d_value_11    41.874842
d_value_12    50.375927
dtype: float64
- function call summary
ssd =  8242.541491701886  sigmas =  [[0.00868394 0.01065416]
 [0.02399211 0.02672761]
 [0.00598497 0.00931203]]
pars =  [0.69831969 0.99740372 0.82070882 1.07795988 0.         1.07305125
 2.55592309 0.30841117]
std.dev of utility differences - annuities d_value_1    13.390620
d_value_2    32.192598
d_value_3    12.749091
d_value_4    33.729386
dtype: float64
std.dev of utility differences - ltc d_value_5     6.339927
d_value_6    12.465570
d_value_7     6.397422
d_value_8    12.358397
dtype: float64
std.dev of utility differences - rmr d_value_9     48.399641
d_value_10    55.982392
d_value_11    45.849600
d_value_12    55.155885
dtype: float64
- function call summary
ssd =  8228.778276863392  sigmas =  [[0.0105603  0.01244887]
 [0.03334659 0.03553091]
 [0.0077167  0.01209232]]
pars =  [0.70812987 1.28123791 0.8265158  1.07861237 0.         1.04927207
 3.00298831 0.30676269]
std.dev of utility differences - annuities d_value_1    10.973136
d_value_2    26.837569
d_value_3    10.520899
d_value_4    28.245807
dtype: float64
std.dev of utility differences - ltc d_value_5    5.045423
d_value_6    9.893316
d_value_7    5.077370
d_value_8    9.792252
dtype: float64
std.dev of utility differences - rmr d_value_9     40.331697
d_value_10    46.070494
d_value_11    38.368625
d_value_12    45.350713
dtype: float64
- function call summary
ssd =  8227.055742337136  sigmas =  [[0.01046835 0.01233291]
 [0.03353393 0.0356745 ]
 [0.00763844 0.01195588]]
pars =  [0.68714602 1.27982138 0.82330511 1.07324796 0.         1.06445376
 2.90910634 0.37217384]
std.dev of utility differences - annuities d_value_1    11.079481
d_value_2    27.057785
d_value_3    10.621565
d_value_4    28.460618
dtype: float64
std.dev of utility differences - ltc d_value_5    5.036206
d_value_6    9.880120
d_value_7    5.068757
d_value_8    9.776412
dtype: float64
std.dev of utility differences - rmr d_value_9     40.408943
d_value_10    46.081407
d_value_11    38.398771
d_value_12    45.368061
dtype: float64
- function call summary
ssd =  8217.450996214919  sigmas =  [[0.01111864 0.01295731]
 [0.0394178  0.04072754]
 [0.00824399 0.0129082 ]]
pars =  [0.60202987 1.38244484 0.82375052 1.07717627 0.         1.13276743
 2.6076698  0.38219089]
std.dev of utility differences - annuities d_value_1    10.331851
d_value_2    25.487642
d_value_3     9.921339
d_value_4    26.736481
dtype: float64
std.dev of utility differences - ltc d_value_5    4.505747
d_value_6    8.861051
d_value_7    4.530997
d_value_8    8.763106
dtype: float64
std.dev of utility differences - rmr d_value_9     37.867786
d_value_10    43.067355
d_value_11    35.924881
d_value_12    42.379475
dtype: float64
- function call summary
ssd =  8207.320515719031  sigmas =  [[0.01045669 0.01213097]
 [0.04081781 0.04121675]
 [0.00791825 0.0124633 ]]
pars =  [0.55075924 1.40691693 0.82787186 1.23633004 0.         1.05091408
 2.4182664  0.39203632]
std.dev of utility differences - annuities d_value_1    10.985536
d_value_2    27.178493
d_value_3    10.517872
d_value_4    28.459377
dtype: float64
std.dev of utility differences - ltc d_value_5    4.556697
d_value_6    8.966971
d_value_7    4.579833
d_value_8    8.867507
dtype: float64
std.dev of utility differences - rmr d_value_9     39.702510
d_value_10    45.159065
d_value_11    37.627634
d_value_12    44.427896
dtype: float64
- function call summary
ssd =  8199.049967029945  sigmas =  [[0.01143047 0.01310844]
 [0.04766876 0.04759921]
 [0.00870347 0.01368943]]
pars =  [0.49063436 1.48240703 0.83360312 1.17030454 0.         1.04078354
 2.10965333 0.40088239]
std.dev of utility differences - annuities d_value_1     9.983447
d_value_2    24.942503
d_value_3     9.562579
d_value_4    26.045451
dtype: float64
std.dev of utility differences - ltc d_value_5    4.022494
d_value_6    7.926308
d_value_7    4.040417
d_value_8    7.834055
dtype: float64
std.dev of utility differences - rmr d_value_9     36.445564
d_value_10    41.370695
d_value_11    34.512132
d_value_12    40.705032
dtype: float64
- function call summary
ssd =  8191.077594746217  sigmas =  [[0.01127669 0.01287898]
 [0.05024814 0.04900424]
 [0.00871279 0.01373018]]
pars =  [0.44007535 1.52729559 0.83592644 1.26932135 0.         1.16236719
 1.96134335 0.37992788]
std.dev of utility differences - annuities d_value_1    10.114295
d_value_2    25.311840
d_value_3     9.674625
d_value_4    26.416204
dtype: float64
std.dev of utility differences - ltc d_value_5    3.941116
d_value_6    7.774337
d_value_7    3.959632
d_value_8    7.686546
dtype: float64
std.dev of utility differences - rmr d_value_9     36.764687
d_value_10    41.723422
d_value_11    34.804001
d_value_12    41.019734
dtype: float64
- function call summary
ssd =  8185.58866749987  sigmas =  [[0.0113513  0.01286698]
 [0.05297647 0.0505263 ]
 [0.00893061 0.01406605]]
pars =  [0.37068295 1.59306347 0.8416924  1.33134971 0.         1.18806134
 1.94590514 0.40517899]
std.dev of utility differences - annuities d_value_1    10.037424
d_value_2    25.183202
d_value_3     9.599828
d_value_4    26.261507
dtype: float64
std.dev of utility differences - ltc d_value_5    3.819685
d_value_6    7.542846
d_value_7    3.839406
d_value_8    7.461178
dtype: float64
std.dev of utility differences - rmr d_value_9     36.270021
d_value_10    41.114747
d_value_11    34.328137
d_value_12    40.423378
dtype: float64
- function call summary
ssd =  8171.535019656161  sigmas =  [[0.01213205 0.01380148]
 [0.06061493 0.05646114]
 [0.00967019 0.01523116]]
pars =  [0.36911729 1.74065248 0.84076521 1.2866696  0.         1.2824171
 1.69048044 0.43570872]
std.dev of utility differences - annuities d_value_1     9.400309
d_value_2    23.463823
d_value_3     9.017839
d_value_4    24.497998
dtype: float64
std.dev of utility differences - ltc d_value_5    3.492053
d_value_6    6.886099
d_value_7    3.506859
d_value_8    6.813685
dtype: float64
std.dev of utility differences - rmr d_value_9     33.742426
d_value_10    38.120122
d_value_11    31.926615
d_value_12    37.491584
dtype: float64
- function call summary
ssd =  8168.364363120075  sigmas =  [[0.01323959 0.01518564]
 [0.06692679 0.06196394]
 [0.01052058 0.0165306 ]]
pars =  [0.34059511 1.87694468 0.84251175 1.12268977 0.         1.35815982
 1.57760108 0.42199079]
std.dev of utility differences - annuities d_value_1     8.561279
d_value_2    21.339613
d_value_3     8.245484
d_value_4    22.341245
dtype: float64
std.dev of utility differences - ltc d_value_5    3.192902
d_value_6    6.292926
d_value_7    3.205215
d_value_8    6.224282
dtype: float64
std.dev of utility differences - rmr d_value_9     31.200313
d_value_10    35.200340
d_value_11    29.519886
d_value_12    34.632141
dtype: float64
- function call summary
ssd =  8173.410003681441  sigmas =  [[0.01335813 0.01530973]
 [0.06630035 0.06059195]
 [0.01076238 0.01685426]]
pars =  [0.33835616 1.95842962 0.86570641 1.13736703 0.         1.39029797
 1.6589308  0.41715486]
std.dev of utility differences - annuities d_value_1     8.437263
d_value_2    21.143352
d_value_3     8.147602
d_value_4    22.173213
dtype: float64
std.dev of utility differences - ltc d_value_5    3.185670
d_value_6    6.285206
d_value_7    3.198320
d_value_8    6.220527
dtype: float64
std.dev of utility differences - rmr d_value_9     31.399521
d_value_10    35.455010
d_value_11    29.724172
d_value_12    34.923616
dtype: float64
- function call summary
ssd =  8157.696694332808  sigmas =  [[0.01321444 0.01515003]
 [0.07021405 0.06564937]
 [0.01054606 0.01656715]]
pars =  [0.33442026 1.91258964 0.84816248 1.13594159 0.         1.45187141
 1.38199754 0.47761182]
std.dev of utility differences - annuities d_value_1     8.580813
d_value_2    21.389529
d_value_3     8.264813
d_value_4    22.379311
dtype: float64
std.dev of utility differences - ltc d_value_5    3.127646
d_value_6    6.163575
d_value_7    3.137194
d_value_8    6.094820
dtype: float64
std.dev of utility differences - rmr d_value_9     31.173069
d_value_10    35.150753
d_value_11    29.491478
d_value_12    34.603258
dtype: float64
- function call summary
ssd =  8132.894056131168  sigmas =  [[0.01385427 0.01644539]
 [0.08017785 0.07267348]
 [0.01144105 0.01789605]]
pars =  [0.33417063 2.19596158 0.84660037 1.21063281 0.         1.42562855
 1.27480789 0.52746875]
std.dev of utility differences - annuities d_value_1     8.254890
d_value_2    20.063484
d_value_3     8.029562
d_value_4    21.183588
dtype: float64
std.dev of utility differences - ltc d_value_5    2.926188
d_value_6    5.750528
d_value_7    2.928846
d_value_8    5.681479
dtype: float64
std.dev of utility differences - rmr d_value_9     29.107247
d_value_10    32.712499
d_value_11    27.525349
d_value_12    32.177676
dtype: float64
- function call summary
ssd =  8093.203512551271  sigmas =  [[0.01428845 0.0179984 ]
 [0.0936355  0.08079356]
 [0.0125399  0.01933613]]
pars =  [0.33975749 2.60788296 0.84587566 1.44543143 0.         1.33371207
 1.07543114 0.68110936]
std.dev of utility differences - annuities d_value_1     8.152135
d_value_2    19.060348
d_value_3     8.030592
d_value_4    20.313376
dtype: float64
std.dev of utility differences - ltc d_value_5    2.726464
d_value_6    5.354407
d_value_7    2.728327
d_value_8    5.287659
dtype: float64
std.dev of utility differences - rmr d_value_9     26.939294
d_value_10    30.171250
d_value_11    25.469834
d_value_12    29.649492
dtype: float64
- function call summary
ssd =  8059.801073821142  sigmas =  [[0.01477451 0.01997097]
 [0.1049184  0.08767631]
 [0.0136234  0.02065076]]
pars =  [0.33019054 3.33765847 0.83849898 1.67057412 0.         1.64281221
 0.96272378 0.78053508]
std.dev of utility differences - annuities d_value_1     8.133171
d_value_2    18.031823
d_value_3     8.114062
d_value_4    19.366883
dtype: float64
std.dev of utility differences - ltc d_value_5    2.625945
d_value_6    5.130248
d_value_7    2.632539
d_value_8    5.066882
dtype: float64
std.dev of utility differences - rmr d_value_9     24.832597
d_value_10    27.831701
d_value_11    23.474371
d_value_12    27.181801
dtype: float64
- function call summary
ssd =  8040.974438130494  sigmas =  [[0.01617324 0.02187626]
 [0.12089739 0.10158941]
 [0.01503315 0.0227078 ]]
pars =  [0.28295279 4.35138586 0.85084055 1.80375389 0.         1.62126716
 0.77669119 0.83652683]
std.dev of utility differences - annuities d_value_1     7.579682
d_value_2    16.743565
d_value_3     7.647470
d_value_4    17.865087
dtype: float64
std.dev of utility differences - ltc d_value_5    2.360764
d_value_6    4.620018
d_value_7    2.367730
d_value_8    4.563841
dtype: float64
std.dev of utility differences - rmr d_value_9     22.679054
d_value_10    25.491361
d_value_11    21.470734
d_value_12    24.900550
dtype: float64
- function call summary
ssd =  8044.52318405793  sigmas =  [[0.0158608  0.02130859]
 [0.11636767 0.0999573 ]
 [0.01463223 0.02191433]]
pars =  [0.2523279  4.6361775  0.850542   1.54642029 0.         1.67282042
 0.80563511 1.17741822]
std.dev of utility differences - annuities d_value_1     7.736100
d_value_2    16.983955
d_value_3     7.835575
d_value_4    18.162115
dtype: float64
std.dev of utility differences - ltc d_value_5    2.451108
d_value_6    4.788849
d_value_7    2.456014
d_value_8    4.728994
dtype: float64
std.dev of utility differences - rmr d_value_9     22.837754
d_value_10    25.652534
d_value_11    21.614396
d_value_12    25.107962
dtype: float64
- function call summary
ssd =  8031.803093631648  sigmas =  [[0.01545363 0.02099546]
 [0.12041785 0.10044625]
 [0.01463229 0.02202564]]
pars =  [0.24230112 4.03584558 0.84431615 1.95906279 0.         1.66909034
 0.77609465 0.84294911]
std.dev of utility differences - annuities d_value_1     7.892019
d_value_2    17.526629
d_value_3     7.969812
d_value_4    18.644749
dtype: float64
std.dev of utility differences - ltc d_value_5    2.404308
d_value_6    4.706480
d_value_7    2.409288
d_value_8    4.642288
dtype: float64
std.dev of utility differences - rmr d_value_9     23.129951
d_value_10    26.006690
d_value_11    21.888339
d_value_12    25.338076
dtype: float64
- function call summary
ssd =  8017.918955994458  sigmas =  [[0.01501085 0.02048621]
 [0.12305168 0.1020737 ]
 [0.01466408 0.02195706]]
pars =  [0.24645252 3.94586752 0.84900279 2.34956559 0.         1.73454529
 0.73289475 0.83449215]
std.dev of utility differences - annuities d_value_1     8.144569
d_value_2    18.221228
d_value_3     8.203540
d_value_4    19.288244
dtype: float64
std.dev of utility differences - ltc d_value_5    2.401937
d_value_6    4.702537
d_value_7    2.410480
d_value_8    4.638840
dtype: float64
std.dev of utility differences - rmr d_value_9     23.412252
d_value_10    26.375549
d_value_11    22.165334
d_value_12    25.621486
dtype: float64
- function call summary
ssd =  8005.185826281668  sigmas =  [[0.01479124 0.02029774]
 [0.12848387 0.10656269]
 [0.01514812 0.02241857]]
pars =  [0.24330588 4.14877736 0.83536286 2.72455545 0.         1.68954492
 0.70046117 0.79701347]
std.dev of utility differences - annuities d_value_1     8.319227
d_value_2    18.657508
d_value_3     8.406297
d_value_4    19.641074
dtype: float64
std.dev of utility differences - ltc d_value_5    2.355202
d_value_6    4.614772
d_value_7    2.368088
d_value_8    4.551026
dtype: float64
std.dev of utility differences - rmr d_value_9     22.353061
d_value_10    25.183723
d_value_11    21.199767
d_value_12    24.423847
dtype: float64
- function call summary
ssd =  7994.765806096563  sigmas =  [[0.01456961 0.02016506]
 [0.13177679 0.10890939]
 [0.01537204 0.02256338]]
pars =  [0.23311168 4.1487432  0.84000997 3.12634819 0.         1.84011516
 0.66894219 0.72615452]
std.dev of utility differences - annuities d_value_1     8.406959
d_value_2    19.063119
d_value_3     8.536920
d_value_4    19.978417
dtype: float64
std.dev of utility differences - ltc d_value_5    2.327234
d_value_6    4.558385
d_value_7    2.339805
d_value_8    4.499731
dtype: float64
std.dev of utility differences - rmr d_value_9     22.550084
d_value_10    25.417496
d_value_11    21.388549
d_value_12    24.602873
dtype: float64
- function call summary
ssd =  7985.566246343093  sigmas =  [[0.0141     0.0197111 ]
 [0.13390406 0.10904266]
 [0.01540219 0.02253721]]
pars =  [0.23138413 4.04047154 0.84273622 3.74099573 0.         1.81419372
 0.61835057 0.73717711]
std.dev of utility differences - annuities d_value_1     8.696232
d_value_2    19.855683
d_value_3     8.812266
d_value_4    20.722457
dtype: float64
std.dev of utility differences - ltc d_value_5    2.314538
d_value_6    4.541999
d_value_7    2.323730
d_value_8    4.475254
dtype: float64
std.dev of utility differences - rmr d_value_9     22.645530
d_value_10    25.520767
d_value_11    21.487834
d_value_12    24.708922
dtype: float64
- function call summary
ssd =  7980.600513407588  sigmas =  [[0.01356069 0.01907871]
 [0.13517813 0.11190894]
 [0.01564806 0.0226345 ]]
pars =  [0.22279922 4.23508878 0.83985266 4.44600107 0.         1.95991276
 0.61417021 0.74323492]
std.dev of utility differences - annuities d_value_1     8.999108
d_value_2    20.796901
d_value_3     9.148275
d_value_4    21.572222
dtype: float64
std.dev of utility differences - ltc d_value_5    2.319147
d_value_6    4.539706
d_value_7    2.328967
d_value_8    4.486116
dtype: float64
std.dev of utility differences - rmr d_value_9     22.344429
d_value_10    25.160038
d_value_11    21.228761
d_value_12    24.317089
dtype: float64
- function call summary
ssd =  7969.196341478424  sigmas =  [[0.01373957 0.01940917]
 [0.14121005 0.11811871]
 [0.01601214 0.02308705]]
pars =  [0.21358006 4.2647132  0.83733189 4.63984256 0.         2.06821275
 0.55592845 0.63827463]
std.dev of utility differences - annuities d_value_1     8.871576
d_value_2    20.567012
d_value_3     9.019405
d_value_4    21.283770
dtype: float64
std.dev of utility differences - ltc d_value_5    2.245593
d_value_6    4.390617
d_value_7    2.255273
d_value_8    4.337742
dtype: float64
std.dev of utility differences - rmr d_value_9     22.046154
d_value_10    24.836528
d_value_11    20.964339
d_value_12    24.008318
dtype: float64
- function call summary
ssd =  7971.6751099047315  sigmas =  [[0.01430038 0.02020296]
 [0.15157181 0.12464461]
 [0.01725991 0.02462217]]
pars =  [0.20014588 4.70137596 0.84633326 5.05293514 0.         2.21131275
 0.56188397 0.44515994]
std.dev of utility differences - annuities d_value_1     8.388042
d_value_2    19.906156
d_value_3     8.576171
d_value_4    20.424934
dtype: float64
std.dev of utility differences - ltc d_value_5    2.087876
d_value_6    4.094783
d_value_7    2.096784
d_value_8    4.050501
dtype: float64
std.dev of utility differences - rmr d_value_9     21.466428
d_value_10    24.162850
d_value_11    20.431946
d_value_12    23.436022
dtype: float64
- function call summary
ssd =  7968.679636244317  sigmas =  [[0.01377615 0.01934254]
 [0.14094413 0.11932736]
 [0.0158564  0.02288344]]
pars =  [0.18128948 4.34833725 0.84687883 4.52554012 0.         2.16188327
 0.5553233  0.68509366]
std.dev of utility differences - annuities d_value_1     8.812151
d_value_2    20.524959
d_value_3     8.974585
d_value_4    21.222451
dtype: float64
std.dev of utility differences - ltc d_value_5    2.245593
d_value_6    4.392183
d_value_7    2.255025
d_value_8    4.343922
dtype: float64
std.dev of utility differences - rmr d_value_9     22.439538
d_value_10    25.297695
d_value_11    21.328324
d_value_12    24.463643
dtype: float64
- function call summary
ssd =  7957.837704537858  sigmas =  [[0.01313112 0.01854626]
 [0.13718097 0.11463536]
 [0.01517224 0.02178999]]
pars =  [0.17570611 3.98468181 0.83229064 4.60849455 0.         2.42614606
 0.51733302 0.70706596]
std.dev of utility differences - annuities d_value_1     9.267406
d_value_2    21.429760
d_value_3     9.423125
d_value_4    22.205310
dtype: float64
std.dev of utility differences - ltc d_value_5    2.318419
d_value_6    4.535708
d_value_7    2.328512
d_value_8    4.482686
dtype: float64
std.dev of utility differences - rmr d_value_9     22.886329
d_value_10    25.836925
d_value_11    21.754242
d_value_12    24.868130
dtype: float64
- function call summary
ssd =  7953.702935972309  sigmas =  [[0.0132673  0.01868908]
 [0.14170091 0.11916567]
 [0.01572366 0.02252428]]
pars =  [0.17020713 4.48915806 0.82683441 4.57949672 0.         2.51599202
 0.45411353 0.75854239]
std.dev of utility differences - annuities d_value_1     9.126104
d_value_2    21.204211
d_value_3     9.316569
d_value_4    21.944799
dtype: float64
std.dev of utility differences - ltc d_value_5    2.249658
d_value_6    4.422451
d_value_7    2.262093
d_value_8    4.361349
dtype: float64
std.dev of utility differences - rmr d_value_9     21.710055
d_value_10    24.566753
d_value_11    20.658720
d_value_12    23.611366
dtype: float64
- function call summary
ssd =  7949.23841402659  sigmas =  [[0.01305814 0.0183638 ]
 [0.14496176 0.12525281]
 [0.01624792 0.02301812]]
pars =  [0.14645003 4.86413184 0.82082543 4.91704072 0.         2.59653962
 0.42933139 0.76393135]
std.dev of utility differences - annuities d_value_1     9.177187
d_value_2    21.586368
d_value_3     9.418283
d_value_4    22.223519
dtype: float64
std.dev of utility differences - ltc d_value_5    2.203485
d_value_6    4.339060
d_value_7    2.210665
d_value_8    4.270083
dtype: float64
std.dev of utility differences - rmr d_value_9     20.910659
d_value_10    23.769704
d_value_11    19.926720
d_value_12    22.770128
dtype: float64
- function call summary
ssd =  7947.7179671766835  sigmas =  [[0.01309734 0.01832848]
 [0.14785216 0.12842373]
 [0.01652849 0.0235175 ]]
pars =  [0.13369332 5.4141864  0.82734504 4.85180913 0.         2.86184455
 0.39553682 0.79731048]
std.dev of utility differences - annuities d_value_1     9.032710
d_value_2    21.550044
d_value_3     9.289072
d_value_4    22.096681
dtype: float64
std.dev of utility differences - ltc d_value_5    2.135401
d_value_6    4.233296
d_value_7    2.143528
d_value_8    4.179460
dtype: float64
std.dev of utility differences - rmr d_value_9     20.682439
d_value_10    23.541180
d_value_11    19.732938
d_value_12    22.558386
dtype: float64
- function call summary
ssd =  7947.641189647324  sigmas =  [[0.01293324 0.01795248]
 [0.15112092 0.13223818]
 [0.01688445 0.02398864]]
pars =  [0.12172794 6.01031887 0.82066028 4.93266816 0.         2.75335597
 0.35993824 0.86949642]
std.dev of utility differences - annuities d_value_1     9.132210
d_value_2    21.813481
d_value_3     9.392550
d_value_4    22.324516
dtype: float64
std.dev of utility differences - ltc d_value_5    2.109566
d_value_6    4.167037
d_value_7    2.113070
d_value_8    4.107708
dtype: float64
std.dev of utility differences - rmr d_value_9     19.760131
d_value_10    22.601696
d_value_11    18.841841
d_value_12    21.595830
dtype: float64
- function call summary
ssd =  7952.010958913246  sigmas =  [[0.01220595 0.01688848]
 [0.14820029 0.12792537]
 [0.01710906 0.02367773]]
pars =  [0.13412421 6.44946876 0.81497186 5.45658948 0.         2.98039434
 0.3570608  0.94887408]
std.dev of utility differences - annuities d_value_1     9.624158
d_value_2    23.072443
d_value_3     9.886618
d_value_4    23.533175
dtype: float64
std.dev of utility differences - ltc d_value_5    2.154959
d_value_6    4.246570
d_value_7    2.152073
d_value_8    4.194576
dtype: float64
std.dev of utility differences - rmr d_value_9     19.335778
d_value_10    22.226581
d_value_11    18.499993
d_value_12    21.190009
dtype: float64
- function call summary
ssd =  7945.985126519586  sigmas =  [[0.01302282 0.01813618]
 [0.15622772 0.13504043]
 [0.01749936 0.02461167]]
pars =  [0.11425515 6.47995389 0.82361126 4.99226868 0.         3.01722457
 0.35814168 0.75123309]
std.dev of utility differences - annuities d_value_1     8.849944
d_value_2    21.560379
d_value_3     9.166576
d_value_4    21.973857
dtype: float64
std.dev of utility differences - ltc d_value_5    2.040033
d_value_6    4.042343
d_value_7    2.044357
d_value_8    3.987450
dtype: float64
std.dev of utility differences - rmr d_value_9     19.557293
d_value_10    22.339088
d_value_11    18.698169
d_value_12    21.401726
dtype: float64
- function call summary
ssd =  7940.264485637206  sigmas =  [[0.01263168 0.01772814]
 [0.15819505 0.13178688]
 [0.01770707 0.02446478]]
pars =  [0.10323693 6.67036377 0.82988222 5.37113426 0.         3.44842389
 0.3385163  0.73320018]
std.dev of utility differences - annuities d_value_1     8.934824
d_value_2    22.061383
d_value_3     9.238937
d_value_4    22.411872
dtype: float64
std.dev of utility differences - ltc d_value_5    2.022177
d_value_6    4.011125
d_value_7    2.024690
d_value_8    3.956825
dtype: float64
std.dev of utility differences - rmr d_value_9     19.818569
d_value_10    22.586525
d_value_11    18.930212
d_value_12    21.681499
dtype: float64
- function call summary
ssd =  7932.157714027445  sigmas =  [[0.01215576 0.01713242]
 [0.16096109 0.13151763]
 [0.01788797 0.02481599]]
pars =  [0.09170954 6.50060956 0.83863744 6.93018321 0.         4.17738935
 0.29843511 0.62857969]
std.dev of utility differences - annuities d_value_1     9.313146
d_value_2    23.205385
d_value_3     9.632233
d_value_4    23.409237
dtype: float64
std.dev of utility differences - ltc d_value_5    1.973754
d_value_6    3.919863
d_value_7    1.979370
d_value_8    3.857907
dtype: float64
std.dev of utility differences - rmr d_value_9     20.235195
d_value_10    22.968605
d_value_11    19.360459
d_value_12    22.090752
dtype: float64
- function call summary
ssd =  7940.079782373353  sigmas =  [[0.01153792 0.01611701]
 [0.17796912 0.15108926]
 [0.01937317 0.02705863]]
pars =  [0.06110776 9.82109482 0.84968462 7.06718712 0.         6.04358985
 0.28146383 0.42259581]
std.dev of utility differences - annuities d_value_1     8.772320
d_value_2    23.646412
d_value_3     9.130007
d_value_4    23.355992
dtype: float64
std.dev of utility differences - ltc d_value_5    1.799186
d_value_6    3.521948
d_value_7    1.785568
d_value_8    3.464799
dtype: float64
std.dev of utility differences - rmr d_value_9     19.290141
d_value_10    21.964536
d_value_11    18.604511
d_value_12    21.086970
dtype: float64
- function call summary
ssd =  7927.5215224596395  sigmas =  [[0.01185886 0.01642964]
 [0.16341254 0.13414345]
 [0.01833025 0.02512271]]
pars =  [0.08925915 6.54141528 0.82750701 8.0762574  0.         3.90715008
 0.31327409 0.59752126]
std.dev of utility differences - annuities d_value_1     9.626285
d_value_2    23.894696
d_value_3     9.915193
d_value_4    24.092225
dtype: float64
std.dev of utility differences - ltc d_value_5    1.962435
d_value_6    3.889953
d_value_7    1.957685
d_value_8    3.836372
dtype: float64
std.dev of utility differences - rmr d_value_9     19.581965
d_value_10    22.261251
d_value_11    18.748176
d_value_12    21.369570
dtype: float64
- function call summary
ssd =  7918.952687479609  sigmas =  [[0.01098906 0.01507202]
 [0.1597011  0.13396257]
 [0.01796362 0.02451082]]
pars =  [ 0.09059073  5.55579093  0.82045058 11.4182324   0.          3.63649829
  0.29083229  0.60492643]
std.dev of utility differences - annuities d_value_1    10.795630
d_value_2    26.195368
d_value_3    11.065144
d_value_4    26.463072
dtype: float64
std.dev of utility differences - ltc d_value_5    1.993062
d_value_6    3.961399
d_value_7    1.993469
d_value_8    3.902722
dtype: float64
std.dev of utility differences - rmr d_value_9     19.717596
d_value_10    22.538212
d_value_11    18.915823
d_value_12    21.575281
dtype: float64
- function call summary
ssd =  7918.283535703383  sigmas =  [[0.01032735 0.01403776]
 [0.161476   0.13725512]
 [0.01810079 0.02483462]]
pars =  [ 0.0886427   5.09634654  0.81056277 15.95580754  0.          3.40690673
  0.29276653  0.50655903]
std.dev of utility differences - annuities d_value_1    11.724728
d_value_2    28.163743
d_value_3    12.004342
d_value_4    28.392295
dtype: float64
std.dev of utility differences - ltc d_value_5    1.965434
d_value_6    3.890439
d_value_7    1.969472
d_value_8    3.838375
dtype: float64
std.dev of utility differences - rmr d_value_9     19.368151
d_value_10    22.275134
d_value_11    18.607990
d_value_12    21.325603
dtype: float64
- function call summary
ssd =  7924.652780984704  sigmas =  [[0.00985441 0.01312232]
 [0.156303   0.1293828 ]
 [0.01793696 0.0243323 ]]
pars =  [ 0.08197724  5.08307718  0.79730447 16.68375919  0.          3.96191301
  0.28528144  0.52561928]
std.dev of utility differences - annuities d_value_1    12.229622
d_value_2    29.375045
d_value_3    12.517836
d_value_4    29.611361
dtype: float64
std.dev of utility differences - ltc d_value_5    2.012242
d_value_6    3.983896
d_value_7    2.005094
d_value_8    3.927330
dtype: float64
std.dev of utility differences - rmr d_value_9     19.118558
d_value_10    22.147648
d_value_11    18.416919
d_value_12    21.089162
dtype: float64
- function call summary
ssd =  7920.499091969577  sigmas =  [[0.01029866 0.01414316]
 [0.15968927 0.13419136]
 [0.01782533 0.02456836]]
pars =  [ 0.09470008  4.90314713  0.81495053 16.34813686  0.          2.9403552
  0.28006537  0.55714108]
std.dev of utility differences - annuities d_value_1    11.884854
d_value_2    28.320783
d_value_3    12.122053
d_value_4    28.559855
dtype: float64
std.dev of utility differences - ltc d_value_5    1.991908
d_value_6    3.942814
d_value_7    1.986606
d_value_8    3.887035
dtype: float64
std.dev of utility differences - rmr d_value_9     19.510826
d_value_10    22.419614
d_value_11    18.709396
d_value_12    21.518962
dtype: float64
- function call summary
ssd =  7918.818288703734  sigmas =  [[0.01062416 0.0145032 ]
 [0.1652271  0.14283666]
 [0.0185     0.02520309]]
pars =  [ 0.07957068  5.20069412  0.8001537  15.30007661  0.          3.21403616
  0.25773477  0.48375534]
std.dev of utility differences - annuities d_value_1    11.385264
d_value_2    27.270756
d_value_3    11.646117
d_value_4    27.526546
dtype: float64
std.dev of utility differences - ltc d_value_5    1.905552
d_value_6    3.780579
d_value_7    1.905750
d_value_8    3.726764
dtype: float64
std.dev of utility differences - rmr d_value_9     18.627810
d_value_10    21.443999
d_value_11    17.880658
d_value_12    20.529854
dtype: float64
- function call summary
ssd =  7919.345444843973  sigmas =  [[0.01050052 0.01439967]
 [0.16166426 0.135003  ]
 [0.01778972 0.0248497 ]]
pars =  [ 0.08123729  4.89186465  0.83114729 16.29545991  0.          3.43194059
  0.26891479  0.47801955]
std.dev of utility differences - annuities d_value_1    11.637799
d_value_2    27.993833
d_value_3    11.898197
d_value_4    28.157608
dtype: float64
std.dev of utility differences - ltc d_value_5    1.947920
d_value_6    3.854442
d_value_7    1.944953
d_value_8    3.794023
dtype: float64
std.dev of utility differences - rmr d_value_9     20.352202
d_value_10    23.330887
d_value_11    19.545432
d_value_12    22.417306
dtype: float64
- function call summary
ssd =  7933.554030440331  sigmas =  [[0.01017443 0.0136979 ]
 [0.16609181 0.13843274]
 [0.0189556  0.02597767]]
pars =  [ 0.08911638  6.06391561  0.81697007 17.20980614  0.          3.41393081
  0.28279173  0.52313342]
std.dev of utility differences - annuities d_value_1    11.629414
d_value_2    28.251984
d_value_3    11.866829
d_value_4    28.405085
dtype: float64
std.dev of utility differences - ltc d_value_5    1.892431
d_value_6    3.743009
d_value_7    1.889589
d_value_8    3.690224
dtype: float64
std.dev of utility differences - rmr d_value_9     18.538987
d_value_10    21.390775
d_value_11    17.843276
d_value_12    20.458542
dtype: float64
- function call summary
ssd =  7912.817065438632  sigmas =  [[0.01044385 0.01443436]
 [0.15795323 0.13070798]
 [0.0173336  0.02391853]]
pars =  [ 0.09774579  4.40899747  0.81023982 15.18592384  0.          3.31291712
  0.286687    0.46947059]
std.dev of utility differences - annuities d_value_1    11.760710
d_value_2    27.996063
d_value_3    11.972744
d_value_4    28.269650
dtype: float64
std.dev of utility differences - ltc d_value_5    2.018278
d_value_6    4.002761
d_value_7    2.017276
d_value_8    3.945102
dtype: float64
std.dev of utility differences - rmr d_value_9     20.298244
d_value_10    23.237681
d_value_11    19.460356
d_value_12    22.291192
dtype: float64
- function call summary
ssd =  7915.924931930887  sigmas =  [[0.01028189 0.01437817]
 [0.15174984 0.12817458]
 [0.01655686 0.02294607]]
pars =  [ 0.1015996   3.87813212  0.80908672 15.29336962  0.          3.02399172
  0.32077757  0.45493759]
std.dev of utility differences - annuities d_value_1    12.128178
d_value_2    28.593724
d_value_3    12.279430
d_value_4    28.902333
dtype: float64
std.dev of utility differences - ltc d_value_5    2.104601
d_value_6    4.162921
d_value_7    2.110037
d_value_8    4.103626
dtype: float64
std.dev of utility differences - rmr d_value_9     21.249456
d_value_10    24.259587
d_value_11    20.320552
d_value_12    23.290622
dtype: float64
- function call summary
ssd =  7920.355489248228  sigmas =  [[0.01092996 0.01516507]
 [0.1627724  0.13584021]
 [0.01789104 0.02490843]]
pars =  [ 0.11017784  4.73843578  0.8202355  14.35056859  0.          3.18275065
  0.30599758  0.43176318]
std.dev of utility differences - annuities d_value_1    11.143937
d_value_2    26.754314
d_value_3    11.377456
d_value_4    26.965111
dtype: float64
std.dev of utility differences - ltc d_value_5    1.957945
d_value_6    3.874196
d_value_7    1.957583
d_value_8    3.828087
dtype: float64
std.dev of utility differences - rmr d_value_9     20.087412
d_value_10    22.919466
d_value_11    19.235654
d_value_12    22.037267
dtype: float64
- function call summary
ssd =  7908.705118651269  sigmas =  [[0.01003391 0.01397201]
 [0.1482205  0.12533413]
 [0.01630061 0.02238712]]
pars =  [ 0.1058563   3.96611117  0.80784142 15.08758386  0.          3.32732047
  0.28300857  0.54447946]
std.dev of utility differences - annuities d_value_1    12.434045
d_value_2    29.244219
d_value_3    12.608325
d_value_4    29.597315
dtype: float64
std.dev of utility differences - ltc d_value_5    2.154036
d_value_6    4.267412
d_value_7    2.155824
d_value_8    4.201245
dtype: float64
std.dev of utility differences - rmr d_value_9     21.256594
d_value_10    24.353451
d_value_11    20.357697
d_value_12    23.331088
dtype: float64
- function call summary
ssd =  7909.84396189534  sigmas =  [[0.00872324 0.01251715]
 [0.12801364 0.10959862]
 [0.01394214 0.01907805]]
pars =  [ 0.12703438  3.17709438  0.80238439 15.67844704  0.          3.19235507
  0.288635    0.71304794]
std.dev of utility differences - annuities d_value_1    14.333280
d_value_2    33.417262
d_value_3    14.440790
d_value_4    33.892675
dtype: float64
std.dev of utility differences - ltc d_value_5    2.512743
d_value_6    4.945384
d_value_7    2.521362
d_value_8    4.858804
dtype: float64
std.dev of utility differences - rmr d_value_9     23.761860
d_value_10    27.373201
d_value_11    22.718939
d_value_12    26.106919
dtype: float64
- function call summary
ssd =  7908.4910238791035  sigmas =  [[0.01038265 0.01483964]
 [0.14672499 0.12371617]
 [0.01594843 0.0219793 ]]
pars =  [ 0.10258374  3.76652384  0.81004953 12.79593768  0.          3.1188584
  0.30334602  0.54395592]
std.dev of utility differences - annuities d_value_1    11.928241
d_value_2    28.023628
d_value_3    12.073648
d_value_4    28.441888
dtype: float64
std.dev of utility differences - ltc d_value_5    2.188916
d_value_6    4.316973
d_value_7    2.198869
d_value_8    4.257023
dtype: float64
std.dev of utility differences - rmr d_value_9     21.850194
d_value_10    24.930977
d_value_11    20.870080
d_value_12    23.911644
dtype: float64
- function call summary
ssd =  7908.03892666743  sigmas =  [[0.01041302 0.01491513]
 [0.14299971 0.12081159]
 [0.01559547 0.02140026]]
pars =  [ 0.11720174  3.72369459  0.81175937 11.63192278  0.          3.26683599
  0.29362042  0.60022923]
std.dev of utility differences - annuities d_value_1    11.856199
d_value_2    27.827680
d_value_3    11.998616
d_value_4    28.291233
dtype: float64
std.dev of utility differences - ltc d_value_5    2.245665
d_value_6    4.430972
d_value_7    2.254010
d_value_8    4.364983
dtype: float64
std.dev of utility differences - rmr d_value_9     22.269633
d_value_10    25.415807
d_value_11    21.271715
d_value_12    24.338688
dtype: float64
- function call summary
ssd =  7906.113500691992  sigmas =  [[0.00974925 0.01392795]
 [0.14039168 0.11781767]
 [0.0152737  0.02091212]]
pars =  [ 0.10930139  3.55663182  0.80654311 13.89627814  0.          3.26589485
  0.2890655   0.60041842]
std.dev of utility differences - annuities d_value_1    12.747824
d_value_2    29.854689
d_value_3    12.877960
d_value_4    30.298950
dtype: float64
std.dev of utility differences - ltc d_value_5    2.293815
d_value_6    4.522524
d_value_7    2.300908
d_value_8    4.451311
dtype: float64
std.dev of utility differences - rmr d_value_9     22.441704
d_value_10    25.684627
d_value_11    21.448843
d_value_12    24.576523
dtype: float64
- function call summary
ssd =  7908.8959717259  sigmas =  [[0.00784435 0.01121815]
 [0.11795007 0.10160952]
 [0.01252439 0.01730429]]
pars =  [ 0.1063729   2.77492859  0.79949399 18.02632068  0.          3.51018119
  0.26726169  0.68301955]
std.dev of utility differences - annuities d_value_1    15.947788
d_value_2    37.304118
d_value_3    16.012469
d_value_4    37.738988
dtype: float64
std.dev of utility differences - ltc d_value_5    2.709724
d_value_6    5.336632
d_value_7    2.718516
d_value_8    5.229330
dtype: float64
std.dev of utility differences - rmr d_value_9     26.027670
d_value_10    30.116683
d_value_11    24.912377
d_value_12    28.666171
dtype: float64
- function call summary
ssd =  7912.499880588856  sigmas =  [[0.00979366 0.01400161]
 [0.13984651 0.11877912]
 [0.01554889 0.02094135]]
pars =  [ 0.10964324  3.75184491  0.7918169  13.01490061  0.          3.00677369
  0.31017347  0.67178841]
std.dev of utility differences - annuities d_value_1    12.657210
d_value_2    29.509677
d_value_3    12.810207
d_value_4    29.996519
dtype: float64
std.dev of utility differences - ltc d_value_5    2.309809
d_value_6    4.552211
d_value_7    2.319532
d_value_8    4.485663
dtype: float64
std.dev of utility differences - rmr d_value_9     21.222080
d_value_10    24.436723
d_value_11    20.300430
d_value_12    23.310782
dtype: float64
- function call summary
ssd =  7906.644280323815  sigmas =  [[0.00902132 0.01294391]
 [0.12813054 0.10919387]
 [0.01364089 0.01888022]]
pars =  [ 0.11529754  3.05740899  0.81646441 14.2828657   0.          3.37772871
  0.28566687  0.65673373]
std.dev of utility differences - annuities d_value_1    13.755739
d_value_2    32.301340
d_value_3    13.841398
d_value_4    32.786352
dtype: float64
std.dev of utility differences - ltc d_value_5    2.499018
d_value_6    4.929446
d_value_7    2.507417
d_value_8    4.838827
dtype: float64
std.dev of utility differences - rmr d_value_9     25.072923
d_value_10    28.722830
d_value_11    23.947957
d_value_12    27.479749
dtype: float64
- function call summary
ssd =  7904.621153505659  sigmas =  [[0.00991324 0.01425026]
 [0.1422569  0.12213058]
 [0.01542207 0.02102603]]
pars =  [ 0.1079628   3.51839218  0.79163653 13.32823552  0.          3.09192494
  0.2480579   0.56862927]
std.dev of utility differences - annuities d_value_1    12.537367
d_value_2    29.216771
d_value_3    12.645914
d_value_4    29.691890
dtype: float64
std.dev of utility differences - ltc d_value_5    2.253678
d_value_6    4.446471
d_value_7    2.259912
d_value_8    4.370965
dtype: float64
std.dev of utility differences - rmr d_value_9     21.631468
d_value_10    24.846566
d_value_11    20.683621
d_value_12    23.729560
dtype: float64
- function call summary
ssd =  7906.088201518659  sigmas =  [[0.00914502 0.01314472]
 [0.13033065 0.11236621]
 [0.01388159 0.01919615]]
pars =  [ 0.11529534  3.06172895  0.80035038 13.99274246  0.          3.14159143
  0.25500468  0.62871535]
std.dev of utility differences - annuities d_value_1    13.618368
d_value_2    31.812742
d_value_3    13.697389
d_value_4    32.282110
dtype: float64
std.dev of utility differences - ltc d_value_5    2.456833
d_value_6    4.835635
d_value_7    2.466102
d_value_8    4.753007
dtype: float64
std.dev of utility differences - rmr d_value_9     23.954032
d_value_10    27.544267
d_value_11    22.903598
d_value_12    26.297621
dtype: float64
- function call summary
ssd =  7900.780048212749  sigmas =  [[0.01030043 0.01465316]
 [0.14599459 0.12457106]
 [0.01600395 0.02170588]]
pars =  [ 0.10290102  3.92673458  0.79808683 12.31537542  0.          3.32830008
  0.23397396  0.62515582]
std.dev of utility differences - annuities d_value_1    11.995584
d_value_2    28.098507
d_value_3    12.162108
d_value_4    28.555297
dtype: float64
std.dev of utility differences - ltc d_value_5    2.187079
d_value_6    4.328502
d_value_7    2.193509
d_value_8    4.264092
dtype: float64
std.dev of utility differences - rmr d_value_9     21.031250
d_value_10    24.141344
d_value_11    20.118693
d_value_12    23.051887
dtype: float64
- function call summary
ssd =  7902.011026635588  sigmas =  [[0.01089512 0.01528261]
 [0.15398231 0.13128298]
 [0.01695555 0.02304031]]
pars =  [ 0.09047608  4.40659819  0.80048045 11.54769883  0.          3.38703536
  0.22500037  0.5870864 ]
std.dev of utility differences - annuities d_value_1    11.259378
d_value_2    26.580193
d_value_3    11.458638
d_value_4    26.980456
dtype: float64
std.dev of utility differences - ltc d_value_5    2.069759
d_value_6    4.093550
d_value_7    2.073816
d_value_8    4.038857
dtype: float64
std.dev of utility differences - rmr d_value_9     20.132765
d_value_10    23.070895
d_value_11    19.272474
d_value_12    22.059515
dtype: float64
- function call summary
ssd =  7904.137499051827  sigmas =  [[0.0098559  0.0141279 ]
 [0.14183704 0.11893863]
 [0.01576322 0.02110298]]
pars =  [ 0.09909906  3.89828209  0.77662326 12.47505353  0.          3.82215421
  0.24572641  0.61334614]
std.dev of utility differences - annuities d_value_1    12.459229
d_value_2    29.107856
d_value_3    12.646679
d_value_4    29.569024
dtype: float64
std.dev of utility differences - ltc d_value_5    2.258227
d_value_6    4.466150
d_value_7    2.264307
d_value_8    4.398222
dtype: float64
std.dev of utility differences - rmr d_value_9     20.522416
d_value_10    23.760564
d_value_11    19.665044
d_value_12    22.538015
dtype: float64
- function call summary
ssd =  7898.4198270225115  sigmas =  [[0.00956676 0.01374473]
 [0.13564736 0.11546326]
 [0.01477557 0.02006568]]
pars =  [ 0.10266821  3.5655203   0.79848409 12.89009112  0.          3.63488787
  0.23269229  0.72214755]
std.dev of utility differences - annuities d_value_1    12.953902
d_value_2    30.168505
d_value_3    13.096359
d_value_4    30.686247
dtype: float64
std.dev of utility differences - ltc d_value_5    2.358713
d_value_6    4.666466
d_value_7    2.369156
d_value_8    4.585529
dtype: float64
std.dev of utility differences - rmr d_value_9     22.383645
d_value_10    25.818356
d_value_11    21.432906
d_value_12    24.562740
dtype: float64
- function call summary
ssd =  7897.534697148733  sigmas =  [[0.0082063  0.01171445]
 [0.11452758 0.09701549]
 [0.01215308 0.016875  ]]
pars =  [ 0.1144012   2.89725987  0.80105107 13.82657849  0.          4.03529595
  0.22825114  0.97275889]
std.dev of utility differences - annuities d_value_1    15.315780
d_value_2    35.479194
d_value_3    15.445927
d_value_4    36.026782
dtype: float64
std.dev of utility differences - ltc d_value_5    2.812843
d_value_6    5.527412
d_value_7    2.816889
d_value_8    5.424666
dtype: float64
std.dev of utility differences - rmr d_value_9     26.077077
d_value_10    30.299431
d_value_11    24.998124
d_value_12    28.685449
dtype: float64
- function call summary
ssd =  7898.405123478828  sigmas =  [[0.00794678 0.01120066]
 [0.10820109 0.09418577]
 [0.01126898 0.01586698]]
pars =  [ 0.10149182  2.69586489  0.79383457 13.06720487  0.          3.81717044
  0.21746564  1.07428258]
std.dev of utility differences - annuities d_value_1    15.918294
d_value_2    36.659313
d_value_3    15.991124
d_value_4    37.319020
dtype: float64
std.dev of utility differences - ltc d_value_5    2.992770
d_value_6    5.825001
d_value_7    2.981385
d_value_8    5.720427
dtype: float64
std.dev of utility differences - rmr d_value_9     27.100160
d_value_10    31.546383
d_value_11    25.935050
d_value_12    29.826124
dtype: float64
- function call summary
ssd =  7898.841252564408  sigmas =  [[0.00788489 0.01119896]
 [0.10962131 0.09371163]
 [0.0115852  0.01611979]]
pars =  [ 0.10739995  2.79021706  0.79741113 13.98623334  0.          4.00017343
  0.22005397  1.08442023]
std.dev of utility differences - annuities d_value_1    15.998022
d_value_2    36.934658
d_value_3    16.119541
d_value_4    37.542602
dtype: float64
std.dev of utility differences - ltc d_value_5    2.948063
d_value_6    5.763254
d_value_7    2.947582
d_value_8    5.651895
dtype: float64
std.dev of utility differences - rmr d_value_9     26.707437
d_value_10    31.131950
d_value_11    25.598796
d_value_12    29.427081
dtype: float64
- function call summary
ssd =  7897.376223618769  sigmas =  [[0.00778817 0.01079702]
 [0.1057257  0.09138513]
 [0.01067645 0.01533888]]
pars =  [ 0.12101374  2.48243947  0.81226302 13.46447293  0.          3.97662527
  0.21032864  0.95949698]
std.dev of utility differences - annuities d_value_1    16.204546
d_value_2    37.683478
d_value_3    16.160936
d_value_4    38.362329
dtype: float64
std.dev of utility differences - ltc d_value_5    3.053734
d_value_6    5.950586
d_value_7    3.044987
d_value_8    5.848025
dtype: float64
std.dev of utility differences - rmr d_value_9     29.829746
d_value_10    34.431289
d_value_11    28.502892
d_value_12    32.759545
dtype: float64
- function call summary
ssd =  7899.940593957721  sigmas =  [[0.00780004 0.01073391]
 [0.10191153 0.08854868]
 [0.0102685  0.01479325]]
pars =  [ 0.12252755  2.45949725  0.80498696 11.76177093  0.          4.15456226
  0.21167299  1.09442628]
std.dev of utility differences - annuities d_value_1    16.146953
d_value_2    37.421617
d_value_3    16.162206
d_value_4    38.176277
dtype: float64
std.dev of utility differences - ltc d_value_5    3.165316
d_value_6    6.165530
d_value_7    3.156669
d_value_8    6.061548
dtype: float64
std.dev of utility differences - rmr d_value_9     30.139952
d_value_10    34.810591
d_value_11    28.770271
d_value_12    33.047378
dtype: float64
- function call summary
ssd =  7910.351833900362  sigmas =  [[0.00701834 0.00958521]
 [0.09435006 0.08225066]
 [0.00942862 0.01380983]]
pars =  [ 0.12976468  2.23958722  0.80819476 14.23722764  0.          3.8404313
  0.23897096  1.0153208 ]
std.dev of utility differences - annuities d_value_1    18.060868
d_value_2    42.045431
d_value_3    17.960885
d_value_4    42.720651
dtype: float64
std.dev of utility differences - ltc d_value_5    3.408684
d_value_6    6.617168
d_value_7    3.392384
d_value_8    6.499969
dtype: float64
std.dev of utility differences - rmr d_value_9     32.833278
d_value_10    37.961549
d_value_11    31.350634
d_value_12    36.124124
dtype: float64
- function call summary
ssd =  7893.988430730276  sigmas =  [[0.00784332 0.0109418 ]
 [0.10648659 0.09109154]
 [0.01080487 0.01539991]]
pars =  [ 0.10666825  2.5551054   0.80524131 13.30027555  0.          4.36929768
  0.18868427  0.97821586]
std.dev of utility differences - annuities d_value_1    16.048043
d_value_2    37.250725
d_value_3    16.063445
d_value_4    37.925779
dtype: float64
std.dev of utility differences - ltc d_value_5    3.026853
d_value_6    5.911471
d_value_7    3.018434
d_value_8    5.802433
dtype: float64
std.dev of utility differences - rmr d_value_9     29.065534
d_value_10    33.634225
d_value_11    27.801112
d_value_12    31.928595
dtype: float64
- function call summary
ssd =  7894.387120708427  sigmas =  [[0.00790433 0.01092828]
 [0.10514916 0.08997926]
 [0.01062779 0.01524674]]
pars =  [ 0.10491407  2.5403712   0.81104266 12.53583955  0.          4.16412691
  0.17210993  1.14220733]
std.dev of utility differences - annuities d_value_1    15.986384
d_value_2    36.999610
d_value_3    15.968904
d_value_4    37.724835
dtype: float64
std.dev of utility differences - ltc d_value_5    3.060011
d_value_6    5.967532
d_value_7    3.048673
d_value_8    5.862533
dtype: float64
std.dev of utility differences - rmr d_value_9     29.436069
d_value_10    34.037096
d_value_11    28.131223
d_value_12    32.337029
dtype: float64
- function call summary
ssd =  7898.6399329735395  sigmas =  [[0.00715967 0.00973665]
 [0.09638328 0.08277209]
 [0.00948538 0.01388759]]
pars =  [ 0.10949136  2.27906913  0.81895606 14.33933083  0.          4.74990969
  0.17716629  1.01764629]
std.dev of utility differences - annuities d_value_1    17.635525
d_value_2    41.195673
d_value_3    17.513887
d_value_4    41.873729
dtype: float64
std.dev of utility differences - ltc d_value_5    3.321056
d_value_6    6.482686
d_value_7    3.303880
d_value_8    6.361739
dtype: float64
std.dev of utility differences - rmr d_value_9     33.326486
d_value_10    38.523977
d_value_11    31.842811
d_value_12    36.669533
dtype: float64
- function call summary
ssd =  7888.335750755539  sigmas =  [[0.00855837 0.012081  ]
 [0.11671356 0.09966937]
 [0.01198262 0.01693561]]
pars =  [ 0.09710107  2.81974693  0.82649276 13.00214888  0.          4.27790777
  0.18503883  0.97023042]
std.dev of utility differences - annuities d_value_1    14.601906
d_value_2    34.079072
d_value_3    14.656510
d_value_4    34.671922
dtype: float64
std.dev of utility differences - ltc d_value_5    2.736106
d_value_6    5.393562
d_value_7    2.741504
d_value_8    5.289137
dtype: float64
std.dev of utility differences - rmr d_value_9     27.775290
d_value_10    31.939233
d_value_11    26.559550
d_value_12    30.486312
dtype: float64
