                      count       mean  ...        75%        max
price_ann_fair_avg   1581.0  15.945764  ...  17.934919  19.957125
price_ltci_fair_avg  1581.0   0.099788  ...   0.106325   0.155646
price_rmr_fair_avg   1581.0   0.001759  ...   0.001999   0.003983

[3 rows x 8 columns]
                  count       mean       std  ...        50%        75%        max
price_ann_fair   1581.0  15.945764  2.867897  ...  16.013926  18.172969  22.441229
price_ltci_fair  1581.0   0.099788  0.076636  ...   0.078538   0.105408   1.325088
price_rmr_fair   1581.0   0.001759  0.005000  ...   0.000075   0.001391   0.050000

[3 rows x 8 columns]
                wgt          cma  ...  value_delay_16    value_ref
count   1581.000000  1581.000000  ...     1581.000000  1581.000000
mean    2786.053990     3.540164  ...       86.044517    85.238866
std     2499.332411     2.717349  ...       30.143676    29.637584
min      580.936725     1.000000  ...       32.916193    32.916193
25%      949.583843     1.000000  ...       64.404442    63.934928
50%     1321.982894     3.000000  ...       81.146872    80.247805
75%     4230.715283     5.000000  ...      101.950916   100.359752
max    32181.484834    11.000000  ...      252.186596   250.933974

[8 rows x 123 columns]
                      count       mean  ...        75%        max
price_ann_fair_avg   1581.0  15.945764  ...  17.934919  19.957125
price_ltci_fair_avg  1581.0   0.099788  ...   0.106325   0.155646
price_rmr_fair_avg   1581.0   0.001759  ...   0.001999   0.003983

[3 rows x 8 columns]
                  count       mean       std  ...        50%        75%        max
price_ann_fair   1581.0  15.945764  2.867897  ...  16.013926  18.172969  22.441229
price_ltci_fair  1581.0   0.099788  0.076636  ...   0.078538   0.105408   1.325088
price_rmr_fair   1581.0   0.001759  0.005000  ...   0.000075   0.001391   0.050000

[3 rows x 8 columns]
                wgt          cma  ...  value_delay_16    value_ref
count   1581.000000  1581.000000  ...     1581.000000  1581.000000
mean    2786.053990     3.540164  ...       85.181235    85.238866
std     2499.332411     2.717349  ...       29.595691    29.637584
min      580.936725     1.000000  ...       32.919051    32.916193
25%      949.583843     1.000000  ...       63.918765    63.934928
50%     1321.982894     3.000000  ...       80.128344    80.247805
75%     4230.715283     5.000000  ...      100.291036   100.359752
max    32181.484834    11.000000  ...      250.913888   250.933974

[8 rows x 123 columns]
                      count       mean  ...        75%        max
price_ann_fair_avg   1581.0  15.945764  ...  17.934919  19.957125
price_ltci_fair_avg  1581.0   0.099788  ...   0.106325   0.155646
price_rmr_fair_avg   1581.0   0.001759  ...   0.001999   0.003983

[3 rows x 8 columns]
                  count       mean       std  ...        50%        75%        max
price_ann_fair   1581.0  15.945764  2.867897  ...  16.013926  18.172969  22.441229
price_ltci_fair  1581.0   0.099788  0.076636  ...   0.078538   0.105408   1.325088
price_rmr_fair   1581.0   0.001759  0.005000  ...   0.000075   0.001391   0.050000

[3 rows x 8 columns]
                wgt          cma  ...  value_delay_16    value_ref
count   1581.000000  1581.000000  ...     1581.000000  1581.000000
mean    2786.053990     3.540164  ...       86.717539    85.238866
std     2499.332411     2.717349  ...       29.798963    29.637584
min      580.936725     1.000000  ...       32.915366    32.916193
25%      949.583843     1.000000  ...       65.156898    63.934928
50%     1321.982894     3.000000  ...       81.950942    80.247805
75%     4230.715283     5.000000  ...      102.953698   100.359752
max    32181.484834    11.000000  ...      264.133261   250.933974

[8 rows x 123 columns]
