                      count       mean  ...        75%        max
price_ann_fair_avg   1581.0  15.945764  ...  17.934919  19.957125
price_ltci_fair_avg  1581.0   0.099788  ...   0.106325   0.155646
price_rmr_fair_avg   1581.0   0.001759  ...   0.001999   0.003983

[3 rows x 8 columns]
                  count       mean       std  ...        50%        75%        max
price_ann_fair   1581.0  15.945764  2.867897  ...  16.013926  18.172969  22.441229
price_ltci_fair  1581.0   0.099788  0.076636  ...   0.078538   0.105408   1.325088
price_rmr_fair   1581.0   0.001759  0.005000  ...   0.000075   0.001391   0.050000

[3 rows x 8 columns]
                 count      mean       std  min  25%  50%  75%  max
buy_ann_joint   1581.0  0.349779  0.229298  0.0  0.0  0.5  0.5  0.5
buy_ltci_joint  1581.0  0.047755  0.147005  0.0  0.0  0.0  0.0  0.5
buy_rmr_joint   1581.0  0.786211  0.410109  0.0  1.0  1.0  1.0  1.0
                count      mean       std  min  25%  50%  75%  max
buy_ann_indp   1581.0  0.282100  0.248009  0.0  0.0  0.5  0.5  0.5
buy_ltci_indp  1581.0  0.009488  0.068240  0.0  0.0  0.0  0.0  0.5
buy_rmr_indp   1581.0  0.790006  0.407433  0.0  1.0  1.0  1.0  1.0
                      count       mean  ...        75%        max
price_ann_fair_avg   1581.0  15.945764  ...  17.934919  19.957125
price_ltci_fair_avg  1581.0   0.099788  ...   0.106325   0.155646
price_rmr_fair_avg   1581.0   0.001759  ...   0.001999   0.003983

[3 rows x 8 columns]
                  count       mean       std  ...        50%        75%        max
price_ann_fair   1581.0  15.945764  2.867897  ...  16.013926  18.172969  22.441229
price_ltci_fair  1581.0   0.099788  0.076636  ...   0.078538   0.105408   1.325088
price_rmr_fair   1581.0   0.001759  0.005000  ...   0.000075   0.001391   0.050000

[3 rows x 8 columns]
                 count      mean       std  min  25%  50%  75%  max
buy_ann_joint   1581.0  0.291904  0.246541  0.0  0.0  0.5  0.5  0.5
buy_ltci_joint  1581.0  0.391524  0.206150  0.0  0.5  0.5  0.5  0.5
buy_rmr_joint   1581.0  0.198608  0.399079  0.0  0.0  0.0  0.0  1.0
                count      mean       std  min  25%  50%  75%  max
buy_ann_indp   1581.0  0.283681  0.247799  0.0  0.0  0.5  0.5  0.5
buy_ltci_indp  1581.0  0.402593  0.198091  0.0  0.5  0.5  0.5  0.5
buy_rmr_indp   1581.0  0.197343  0.398120  0.0  0.0  0.0  0.0  1.0
                      count       mean  ...        75%        max
price_ann_fair_avg   1581.0  15.945764  ...  17.934919  19.957125
price_ltci_fair_avg  1581.0   0.099788  ...   0.106325   0.155646
price_rmr_fair_avg   1581.0   0.001759  ...   0.001999   0.003983

[3 rows x 8 columns]
                  count       mean       std  ...        50%        75%        max
price_ann_fair   1581.0  15.945764  2.867897  ...  16.013926  18.172969  22.441229
price_ltci_fair  1581.0   0.099788  0.076636  ...   0.078538   0.105408   1.325088
price_rmr_fair   1581.0   0.001759  0.005000  ...   0.000075   0.001391   0.050000

[3 rows x 8 columns]
                 count      mean       std  min  25%  50%  75%  max
buy_ann_joint   1581.0  0.312460  0.242148  0.0  0.0  0.5  0.5  0.5
buy_ltci_joint  1581.0  0.220114  0.248286  0.0  0.0  0.0  0.5  0.5
buy_rmr_joint   1581.0  0.469323  0.499216  0.0  0.0  0.0  1.0  1.0
                count      mean       std  min  25%  50%  75%  max
buy_ann_indp   1581.0  0.282416  0.247968  0.0  0.0  0.5  0.5  0.5
buy_ltci_indp  1581.0  0.178052  0.239499  0.0  0.0  0.0  0.5  0.5
buy_rmr_indp   1581.0  0.452245  0.497872  0.0  0.0  0.0  1.0  1.0
                      count       mean  ...        75%        max
price_ann_fair_avg   1581.0  15.945764  ...  17.934919  19.957125
price_ltci_fair_avg  1581.0   0.099788  ...   0.106325   0.155646
price_rmr_fair_avg   1581.0   0.001759  ...   0.001999   0.003983

[3 rows x 8 columns]
                  count       mean       std  ...        50%        75%        max
price_ann_fair   1581.0  15.945764  2.867897  ...  16.013926  18.172969  22.441229
price_ltci_fair  1581.0   0.099788  0.076636  ...   0.078538   0.105408   1.325088
price_rmr_fair   1581.0   0.001759  0.005000  ...   0.000075   0.001391   0.050000

[3 rows x 8 columns]
                 count      mean       std  min  25%  50%  75%  max
buy_ann_joint   1581.0  0.304238  0.244123  0.0  0.0  0.5  0.5  0.5
buy_ltci_joint  1581.0  0.205250  0.246040  0.0  0.0  0.0  0.5  0.5
buy_rmr_joint   1581.0  0.274510  0.446408  0.0  0.0  0.0  1.0  1.0
                count      mean       std  min  25%  50%  75%  max
buy_ann_indp   1581.0  0.303922  0.244193  0.0  0.0  0.5  0.5  0.5
buy_ltci_indp  1581.0  0.208096  0.246541  0.0  0.0  0.0  0.5  0.5
buy_rmr_indp   1581.0  0.250474  0.433423  0.0  0.0  0.0  1.0  1.0
                      count       mean  ...        75%        max
price_ann_fair_avg   1581.0  15.945764  ...  17.934919  19.957125
price_ltci_fair_avg  1581.0   0.099788  ...   0.106325   0.155646
price_rmr_fair_avg   1581.0   0.001759  ...   0.001999   0.003983

[3 rows x 8 columns]
                  count       mean       std  ...        50%        75%        max
price_ann_fair   1581.0  15.945764  2.867897  ...  16.013926  18.172969  22.441229
price_ltci_fair  1581.0   0.099788  0.076636  ...   0.078538   0.105408   1.325088
price_rmr_fair   1581.0   0.001759  0.005000  ...   0.000075   0.001391   0.050000

[3 rows x 8 columns]
                 count      mean       std  min  25%  50%  75%  max
buy_ann_joint   1581.0  0.340607  0.233077  0.0  0.0  0.5  0.5  0.5
buy_ltci_joint  1581.0  0.037318  0.131443  0.0  0.0  0.0  0.0  0.5
buy_rmr_joint   1581.0  0.762176  0.425886  0.0  1.0  1.0  1.0  1.0
                count      mean       std  min  25%  50%  75%  max
buy_ann_indp   1581.0  0.279254  0.248361  0.0  0.0  0.5  0.5  0.5
buy_ltci_indp  1581.0  0.006958  0.058588  0.0  0.0  0.0  0.0  0.5
buy_rmr_indp   1581.0  0.759013  0.427818  0.0  1.0  1.0  1.0  1.0
                      count       mean  ...        75%        max
price_ann_fair_avg   1581.0  15.945764  ...  17.934919  19.957125
price_ltci_fair_avg  1581.0   0.099788  ...   0.106325   0.155646
price_rmr_fair_avg   1581.0   0.001759  ...   0.001999   0.003983

[3 rows x 8 columns]
                  count       mean       std  ...        50%        75%        max
price_ann_fair   1581.0  15.945764  2.867897  ...  16.013926  18.172969  22.441229
price_ltci_fair  1581.0   0.099788  0.076636  ...   0.078538   0.105408   1.325088
price_rmr_fair   1581.0   0.001759  0.005000  ...   0.000075   0.001391   0.050000

[3 rows x 8 columns]
                 count      mean       std  min  25%  50%  75%  max
buy_ann_joint   1581.0  0.331752  0.236330  0.0  0.0  0.5  0.5  0.5
buy_ltci_joint  1581.0  0.168880  0.236548  0.0  0.0  0.0  0.5  0.5
buy_rmr_joint   1581.0  0.590133  0.491965  0.0  0.0  1.0  1.0  1.0
                count      mean       std  min  25%  50%  75%  max
buy_ann_indp   1581.0  0.280519  0.248209  0.0  0.0  0.5  0.5  0.5
buy_ltci_indp  1581.0  0.092663  0.194342  0.0  0.0  0.0  0.0  0.5
buy_rmr_indp   1581.0  0.573055  0.494791  0.0  0.0  1.0  1.0  1.0
                      count       mean  ...        75%        max
price_ann_fair_avg   1581.0  15.945764  ...  17.934919  19.957125
price_ltci_fair_avg  1581.0   0.099788  ...   0.106325   0.155646
price_rmr_fair_avg   1581.0   0.001759  ...   0.001999   0.003983

[3 rows x 8 columns]
                  count       mean       std  ...        50%        75%        max
price_ann_fair   1581.0  15.945764  2.867897  ...  16.013926  18.172969  22.441229
price_ltci_fair  1581.0   0.099788  0.076636  ...   0.078538   0.105408   1.325088
price_rmr_fair   1581.0   0.001759  0.005000  ...   0.000075   0.001391   0.050000

[3 rows x 8 columns]
                 count      mean       std  min  25%  50%  75%  max
buy_ann_joint   1581.0  0.310563  0.242630  0.0  0.0  0.5  0.5  0.5
buy_ltci_joint  1581.0  0.121442  0.214481  0.0  0.0  0.0  0.0  0.5
buy_rmr_joint   1581.0  0.884883  0.319264  0.0  1.0  1.0  1.0  1.0
                count      mean       std  min  25%  50%  75%  max
buy_ann_indp   1581.0  0.219798  0.248247  0.0  0.0  0.0  0.5  0.5
buy_ltci_indp  1581.0  0.096774  0.197602  0.0  0.0  0.0  0.0  0.5
buy_rmr_indp   1581.0  0.876660  0.328931  0.0  1.0  1.0  1.0  1.0
                      count       mean  ...        75%        max
price_ann_fair_avg   1581.0  15.945764  ...  17.934919  19.957125
price_ltci_fair_avg  1581.0   0.099788  ...   0.106325   0.155646
price_rmr_fair_avg   1581.0   0.001759  ...   0.001999   0.003983

[3 rows x 8 columns]
                  count       mean       std  ...        50%        75%        max
price_ann_fair   1581.0  15.945764  2.867897  ...  16.013926  18.172969  22.441229
price_ltci_fair  1581.0   0.099788  0.076636  ...   0.078538   0.105408   1.325088
price_rmr_fair   1581.0   0.001759  0.005000  ...   0.000075   0.001391   0.050000

[3 rows x 8 columns]
                 count      mean       std  min  25%  50%  75%  max
buy_ann_joint   1581.0  0.358001  0.225539  0.0  0.0  0.5  0.5  0.5
buy_ltci_joint  1581.0  0.026249  0.111550  0.0  0.0  0.0  0.0  0.5
buy_rmr_joint   1581.0  0.911448  0.284185  0.0  1.0  1.0  1.0  1.0
                count      mean       std  min  25%  50%  75%  max
buy_ann_indp   1581.0  0.256799  0.249987  0.0  0.0  0.5  0.5  0.5
buy_ltci_indp  1581.0  0.001581  0.028083  0.0  0.0  0.0  0.0  0.5
buy_rmr_indp   1581.0  0.909551  0.286915  0.0  1.0  1.0  1.0  1.0
                      count       mean  ...        75%        max
price_ann_fair_avg   1581.0  15.945764  ...  17.934919  19.957125
price_ltci_fair_avg  1581.0   0.099788  ...   0.106325   0.155646
price_rmr_fair_avg   1581.0   0.001759  ...   0.001999   0.003983

[3 rows x 8 columns]
                  count       mean       std  ...        50%        75%        max
price_ann_fair   1581.0  15.945764  2.867897  ...  16.013926  18.172969  22.441229
price_ltci_fair  1581.0   0.099788  0.076636  ...   0.078538   0.105408   1.325088
price_rmr_fair   1581.0   0.001759  0.005000  ...   0.000075   0.001391   0.050000

[3 rows x 8 columns]
                 count      mean       std  min  25%  50%  75%  max
buy_ann_joint   1581.0  0.335231  0.235097  0.0  0.0  0.5  0.5  0.5
buy_ltci_joint  1581.0  0.364326  0.222398  0.0  0.0  0.5  0.5  0.5
buy_rmr_joint   1581.0  0.608476  0.488246  0.0  0.0  1.0  1.0  1.0
                count      mean       std  min  25%  50%  75%  max
buy_ann_indp   1581.0  0.279254  0.248361  0.0  0.0  0.5  0.5  0.5
buy_ltci_indp  1581.0  0.358318  0.225387  0.0  0.0  0.5  0.5  0.5
buy_rmr_indp   1581.0  0.644529  0.478807  0.0  0.0  1.0  1.0  1.0
                      count       mean  ...        75%        max
price_ann_fair_avg   1581.0  15.945764  ...  17.934919  19.957125
price_ltci_fair_avg  1581.0   0.099788  ...   0.106325   0.155646
price_rmr_fair_avg   1581.0   0.001759  ...   0.001999   0.003983

[3 rows x 8 columns]
                  count       mean       std  ...        50%        75%        max
price_ann_fair   1581.0  15.945764  2.867897  ...  16.013926  18.172969  22.441229
price_ltci_fair  1581.0   0.099788  0.076636  ...   0.078538   0.105408   1.325088
price_rmr_fair   1581.0   0.001759  0.005000  ...   0.000075   0.001391   0.050000

[3 rows x 8 columns]
                 count      mean       std  min  25%  50%  75%  max
buy_ann_joint   1581.0  0.364010  0.222560  0.0  0.0  0.5  0.5  0.5
buy_ltci_joint  1581.0  0.254902  0.250031  0.0  0.0  0.5  0.5  0.5
buy_rmr_joint   1581.0  0.458571  0.498438  0.0  0.0  0.0  1.0  1.0
                count      mean       std  min  25%  50%  75%  max
buy_ann_indp   1581.0  0.279254  0.248361  0.0  0.0  0.5  0.5  0.5
buy_ltci_indp  1581.0  0.226755  0.248996  0.0  0.0  0.0  0.5  0.5
buy_rmr_indp   1581.0  0.451613  0.497811  0.0  0.0  0.0  1.0  1.0
                      count       mean  ...        75%        max
price_ann_fair_avg   1581.0  15.945764  ...  17.934919  19.957125
price_ltci_fair_avg  1581.0   0.099788  ...   0.106325   0.155646
price_rmr_fair_avg   1581.0   0.001759  ...   0.001999   0.003983

[3 rows x 8 columns]
                  count       mean       std  ...        50%        75%        max
price_ann_fair   1581.0  15.945764  2.867897  ...  16.013926  18.172969  22.441229
price_ltci_fair  1581.0   0.099788  0.076636  ...   0.078538   0.105408   1.325088
price_rmr_fair   1581.0   0.001759  0.005000  ...   0.000075   0.001391   0.050000

[3 rows x 8 columns]
                 count      mean       std  min  25%  50%  75%  max
buy_ann_joint   1581.0  0.335547  0.234982  0.0  0.0  0.5  0.5  0.5
buy_ltci_joint  1581.0  0.046490  0.145248  0.0  0.0  0.0  0.0  0.5
buy_rmr_joint   1581.0  0.815307  0.388171  0.0  1.0  1.0  1.0  1.0
                count      mean       std  min  25%  50%  75%  max
buy_ann_indp   1581.0  0.271664  0.249138  0.0  0.0  0.5  0.5  0.5
buy_ltci_indp  1581.0  0.002846  0.037629  0.0  0.0  0.0  0.0  0.5
buy_rmr_indp   1581.0  0.817837  0.386101  0.0  1.0  1.0  1.0  1.0
                      count       mean  ...        75%        max
price_ann_fair_avg   1581.0  15.945764  ...  17.934919  19.957125
price_ltci_fair_avg  1581.0   0.099788  ...   0.106325   0.155646
price_rmr_fair_avg   1581.0   0.001759  ...   0.001999   0.003983

[3 rows x 8 columns]
                  count       mean       std  ...        50%        75%        max
price_ann_fair   1581.0  15.945764  2.867897  ...  16.013926  18.172969  22.441229
price_ltci_fair  1581.0   0.099788  0.076636  ...   0.078538   0.105408   1.325088
price_rmr_fair   1581.0   0.001759  0.005000  ...   0.000075   0.001391   0.050000

[3 rows x 8 columns]
                 count      mean       std  min  25%  50%  75%  max
buy_ann_joint   1581.0  0.329855  0.236978  0.0  0.0  0.5  0.5  0.5
buy_ltci_joint  1581.0  0.043643  0.141172  0.0  0.0  0.0  0.0  0.5
buy_rmr_joint   1581.0  0.848197  0.358943  0.0  1.0  1.0  1.0  1.0
                count      mean       std  min  25%  50%  75%  max
buy_ann_indp   1581.0  0.271980  0.249111  0.0  0.0  0.5  0.5  0.5
buy_ltci_indp  1581.0  0.003479  0.041574  0.0  0.0  0.0  0.0  0.5
buy_rmr_indp   1581.0  0.850095  0.357091  0.0  1.0  1.0  1.0  1.0
                      count       mean  ...        75%        max
price_ann_fair_avg   1581.0  15.945764  ...  17.934919  19.957125
price_ltci_fair_avg  1581.0   0.099788  ...   0.106325   0.155646
price_rmr_fair_avg   1581.0   0.001759  ...   0.001999   0.003983

[3 rows x 8 columns]
                  count       mean       std  ...        50%        75%        max
price_ann_fair   1581.0  15.945764  2.867897  ...  16.013926  18.172969  22.441229
price_ltci_fair  1581.0   0.099788  0.076636  ...   0.078538   0.105408   1.325088
price_rmr_fair   1581.0   0.001759  0.005000  ...   0.000075   0.001391   0.050000

[3 rows x 8 columns]
                 count      mean       std  min  25%  50%  75%  max
buy_ann_joint   1581.0  0.314042  0.241735  0.0  0.0  0.5  0.5  0.5
buy_ltci_joint  1581.0  0.032891  0.123989  0.0  0.0  0.0  0.0  0.5
buy_rmr_joint   1581.0  0.793801  0.404703  0.0  1.0  1.0  1.0  1.0
                count      mean       std  min  25%  50%  75%  max
buy_ann_indp   1581.0  0.251107  0.250077  0.0  0.0  0.5  0.5  0.5
buy_ltci_indp  1581.0  0.000633  0.017778  0.0  0.0  0.0  0.0  0.5
buy_rmr_indp   1581.0  0.799494  0.400506  0.0  1.0  1.0  1.0  1.0
                      count       mean  ...        75%        max
price_ann_fair_avg   1581.0  15.945764  ...  17.934919  19.957125
price_ltci_fair_avg  1581.0   0.099788  ...   0.106325   0.155646
price_rmr_fair_avg   1581.0   0.001759  ...   0.001999   0.003983

[3 rows x 8 columns]
                  count       mean       std  ...        50%        75%        max
price_ann_fair   1581.0  15.945764  2.867897  ...  16.013926  18.172969  22.441229
price_ltci_fair  1581.0   0.099788  0.076636  ...   0.078538   0.105408   1.325088
price_rmr_fair   1581.0   0.001759  0.005000  ...   0.000075   0.001391   0.050000

[3 rows x 8 columns]
                 count      mean       std  min  25%  50%  75%  max
buy_ann_joint   1581.0  0.375712  0.216162  0.0  0.5  0.5  0.5  0.5
buy_ltci_joint  1581.0  0.074004  0.177610  0.0  0.0  0.0  0.0  0.5
buy_rmr_joint   1581.0  0.737508  0.440128  0.0  0.0  1.0  1.0  1.0
                count      mean       std  min  25%  50%  75%  max
buy_ann_indp   1581.0  0.246679  0.250057  0.0  0.0  0.0  0.5  0.5
buy_ltci_indp  1581.0  0.015813  0.087528  0.0  0.0  0.0  0.0  0.5
buy_rmr_indp   1581.0  0.743201  0.437006  0.0  0.0  1.0  1.0  1.0
                      count       mean  ...        75%        max
price_ann_fair_avg   1581.0  19.134917  ...  21.521902  23.948551
price_ltci_fair_avg  1581.0   0.119746  ...   0.127590   0.186776
price_rmr_fair_avg   1581.0   0.021759  ...   0.021999   0.023983

[3 rows x 8 columns]
                  count       mean       std  ...        50%        75%        max
price_ann_fair   1581.0  19.134917  3.441476  ...  19.216711  21.807563  26.929475
price_ltci_fair  1581.0   0.119746  0.091963  ...   0.094246   0.126489   1.590105
price_rmr_fair   1581.0   0.021759  0.005000  ...   0.020075   0.021391   0.070000

[3 rows x 8 columns]
                 count      mean       std  min  25%  50%  75%  max
buy_ann_joint   1581.0  0.265338  0.249608  0.0  0.0  0.5  0.5  0.5
buy_ltci_joint  1581.0  0.041429  0.137878  0.0  0.0  0.0  0.0  0.5
buy_rmr_joint   1581.0  0.748893  0.433787  0.0  0.0  1.0  1.0  1.0
                count      mean       std  min  25%  50%  75%  max
buy_ann_indp   1581.0  0.214105  0.247488  0.0  0.0  0.0  0.5  0.5
buy_ltci_indp  1581.0  0.004744  0.048486  0.0  0.0  0.0  0.0  0.5
buy_rmr_indp   1581.0  0.742568  0.437358  0.0  0.0  1.0  1.0  1.0
                      count       mean  ...        75%        max
price_ann_fair_avg   1581.0  15.945764  ...  17.934919  19.957125
price_ltci_fair_avg  1581.0   0.099788  ...   0.106325   0.155646
price_rmr_fair_avg   1581.0   0.001759  ...   0.001999   0.003983

[3 rows x 8 columns]
                  count       mean       std  ...        50%        75%        max
price_ann_fair   1581.0  15.945764  2.867897  ...  16.013926  18.172969  22.441229
price_ltci_fair  1581.0   0.099788  0.076636  ...   0.078538   0.105408   1.325088
price_rmr_fair   1581.0   0.001759  0.005000  ...   0.000075   0.001391   0.050000

[3 rows x 8 columns]
                 count      mean       std  min  25%  50%  75%  max
buy_ann_joint   1581.0  0.374447  0.216894  0.0  0.0  0.5  0.5  0.5
buy_ltci_joint  1581.0  0.086654  0.189317  0.0  0.0  0.0  0.0  0.5
buy_rmr_joint   1581.0  0.502214  0.500153  0.0  0.0  1.0  1.0  1.0
                count      mean       std  min  25%  50%  75%  max
buy_ann_indp   1581.0  0.320999  0.239782  0.0  0.0  0.5  0.5  0.5
buy_ltci_indp  1581.0  0.045857  0.144357  0.0  0.0  0.0  0.0  0.5
buy_rmr_indp   1581.0  0.478811  0.499709  0.0  0.0  0.0  1.0  1.0
                      count       mean  ...        75%        max
price_ann_fair_avg   1581.0  15.945764  ...  17.934919  19.957125
price_ltci_fair_avg  1581.0   0.099788  ...   0.106325   0.155646
price_rmr_fair_avg   1581.0   0.001759  ...   0.001999   0.003983

[3 rows x 8 columns]
                  count       mean       std  ...        50%        75%        max
price_ann_fair   1581.0  15.945764  2.867897  ...  16.013926  18.172969  22.441229
price_ltci_fair  1581.0   0.099788  0.076636  ...   0.078538   0.105408   1.325088
price_rmr_fair   1581.0   0.001759  0.005000  ...   0.000075   0.001391   0.050000

[3 rows x 8 columns]
                 count      mean       std  min  25%  50%  75%  max
buy_ann_joint   1581.0  0.396901  0.202351  0.0  0.5  0.5  0.5  0.5
buy_ltci_joint  1581.0  0.040481  0.136431  0.0  0.0  0.0  0.0  0.5
buy_rmr_joint   1581.0  0.624921  0.484297  0.0  0.0  1.0  1.0  1.0
                count      mean       std  min  25%  50%  75%  max
buy_ann_indp   1581.0  0.328590  0.237401  0.0  0.0  0.5  0.5  0.5
buy_ltci_indp  1581.0  0.008223  0.063610  0.0  0.0  0.0  0.0  0.5
buy_rmr_indp   1581.0  0.600253  0.490001  0.0  0.0  1.0  1.0  1.0
                      count       mean  ...        75%        max
price_ann_fair_avg   1581.0  15.945764  ...  17.934919  19.957125
price_ltci_fair_avg  1581.0   0.099788  ...   0.106325   0.155646
price_rmr_fair_avg   1581.0   0.001759  ...   0.001999   0.003983

[3 rows x 8 columns]
                  count       mean       std  ...        50%        75%        max
price_ann_fair   1581.0  15.945764  2.867897  ...  16.013926  18.172969  22.441229
price_ltci_fair  1581.0   0.099788  0.076636  ...   0.078538   0.105408   1.325088
price_rmr_fair   1581.0   0.001759  0.005000  ...   0.000075   0.001391   0.050000

[3 rows x 8 columns]
                 count      mean       std  min  25%  50%  75%  max
buy_ann_joint   1581.0  0.376977  0.215421  0.0  0.5  0.5  0.5  0.5
buy_ltci_joint  1581.0  0.000000  0.000000  0.0  0.0  0.0  0.0  0.0
buy_rmr_joint   1581.0  0.801392  0.399079  0.0  1.0  1.0  1.0  1.0
                count      mean       std  min  25%  50%  75%  max
buy_ann_indp   1581.0  0.291271  0.246648  0.0  0.0  0.5  0.5  0.5
buy_ltci_indp  1581.0  0.000000  0.000000  0.0  0.0  0.0  0.0  0.0
buy_rmr_indp   1581.0  0.780519  0.414026  0.0  1.0  1.0  1.0  1.0
                      count       mean  ...        75%        max
price_ann_fair_avg   1581.0  15.945764  ...  17.934919  19.957125
price_ltci_fair_avg  1581.0   0.099788  ...   0.106325   0.155646
price_rmr_fair_avg   1581.0   0.001759  ...   0.001999   0.003983

[3 rows x 8 columns]
                  count       mean       std  ...        50%        75%        max
price_ann_fair   1581.0  15.945764  2.867897  ...  16.013926  18.172969  22.441229
price_ltci_fair  1581.0   0.099788  0.076636  ...   0.078538   0.105408   1.325088
price_rmr_fair   1581.0   0.001759  0.005000  ...   0.000075   0.001391   0.050000

[3 rows x 8 columns]
                 count      mean       std  min  25%  50%  75%  max
buy_ann_joint   1581.0  0.496521  0.041574  0.0  0.5  0.5  0.5  0.5
buy_ltci_joint  1581.0  0.000000  0.000000  0.0  0.0  0.0  0.0  0.0
buy_rmr_joint   1581.0  0.000000  0.000000  0.0  0.0  0.0  0.0  0.0
                count      mean       std  min  25%  50%  75%  max
buy_ann_indp   1581.0  0.496521  0.041574  0.0  0.5  0.5  0.5  0.5
buy_ltci_indp  1581.0  0.000000  0.000000  0.0  0.0  0.0  0.0  0.0
buy_rmr_indp   1581.0  0.000000  0.000000  0.0  0.0  0.0  0.0  0.0
                      count       mean  ...        75%        max
price_ann_fair_avg   1581.0  15.945764  ...  17.934919  19.957125
price_ltci_fair_avg  1581.0   0.099788  ...   0.106325   0.155646
price_rmr_fair_avg   1581.0   0.001759  ...   0.001999   0.003983

[3 rows x 8 columns]
                  count       mean       std  ...        50%        75%        max
price_ann_fair   1581.0  15.945764  2.867897  ...  16.013926  18.172969  22.441229
price_ltci_fair  1581.0   0.099788  0.076636  ...   0.078538   0.105408   1.325088
price_rmr_fair   1581.0   0.001759  0.005000  ...   0.000075   0.001391   0.050000

[3 rows x 8 columns]
                 count      mean       std  min  25%  50%  75%  max
buy_ann_joint   1581.0  0.441176  0.161146  0.0  0.5  0.5  0.5  0.5
buy_ltci_joint  1581.0  0.000000  0.000000  0.0  0.0  0.0  0.0  0.0
buy_rmr_joint   1581.0  0.000000  0.000000  0.0  0.0  0.0  0.0  0.0
                count      mean       std  min  25%  50%  75%  max
buy_ann_indp   1581.0  0.441176  0.161146  0.0  0.5  0.5  0.5  0.5
buy_ltci_indp  1581.0  0.000000  0.000000  0.0  0.0  0.0  0.0  0.0
buy_rmr_indp   1581.0  0.000000  0.000000  0.0  0.0  0.0  0.0  0.0
