respid    
87      1    -0.840236
        2    -0.614721
        3    -0.768853
        4     2.223811
        5     0.183018
        6     0.101498
        7    -0.367702
        8     0.083185
        9    -0.061310
        10   -0.035212
        11    0.046865
        12    0.049658
94      1    -1.598753
        2     1.464690
        3     1.675533
        4    -1.541470
        5    -0.448878
        6     0.692934
        7    -0.072081
        8    -0.171975
        9     2.162920
        10   -0.767915
        11   -0.628313
        12   -0.766692
109     1     0.199607
        2    -0.290370
        3    -0.033788
        4     0.124551
        5     0.146449
        6     0.804741
        7    -0.834353
        8    -0.116837
        9     0.000000
        10    0.000000
        11    0.000000
        12    0.000000
127     1     0.082582
        2     0.016881
        3     0.020878
        4    -0.120341
        5     1.663929
        6    -0.803639
        7    -0.992864
        8     0.132574
        9     0.000000
        10    0.000000
        11    0.000000
        12    0.000000
159     1    -0.006232
        2     0.005059
dtype: float64
0
1
2
3
4
5
                  0         1         2  ...          6         7         8
respid                                   ...                               
87     1  -0.016178 -0.021967  0.003555  ...   0.891857  0.000000  0.000000
       2   0.034384  0.073195  0.002955  ...  -7.527623 -0.000000 -0.000000
       3  -0.001207 -0.000704  0.002028  ...  -1.773206 -0.000000 -0.000000
       4  -0.016998 -0.050524 -0.008539  ...   8.408973  0.000000  0.000000
       5  -0.051031 -0.121801  0.008379  ...   0.000000  1.098864  0.000000
       6   0.029453  0.102117 -0.008644  ...  -0.000000 -0.606295 -0.000000
       7  -0.036204 -0.112222  0.007948  ...   0.000000  0.763804  0.000000
       8   0.057782  0.131906 -0.007684  ...  -0.000000 -1.256373 -0.000000
       9  -0.021260 -0.047412  0.004997  ...   0.000000  0.000000  1.409978
       10 -0.003831 -0.001702 -0.002352  ...   0.000000  0.000000  0.809801
       11  0.010862  0.017083  0.001428  ...  -0.000000 -0.000000 -1.077769
       12  0.014230  0.032030 -0.004072  ...  -0.000000 -0.000000 -1.142010
94     1   0.001946  0.036149 -0.000900  ...  -2.286756 -0.000000 -0.000000
       2  -0.009386 -0.063933  0.001947  ...   5.252897  0.000000  0.000000
       3  -0.009419 -0.013147  0.000491  ...   1.459261  0.000000  0.000000
       4   0.016860  0.040931 -0.001538  ...  -4.425403 -0.000000 -0.000000
       5  -0.031112 -0.204571  0.012879  ...   0.000000  2.326541  0.000000
       6   0.072986  0.420978 -0.022176  ...  -0.000000 -4.773660 -0.000000
       7  -0.020055 -0.076903  0.010389  ...   0.000000  0.638323  0.000000
       8  -0.021819 -0.139505 -0.001093  ...   0.000000  1.808797  0.000000
       9   0.008422  0.045676 -0.009070  ...  -0.000000 -0.000000 -1.390184
       10  0.008239 -0.047867 -0.053977  ...   0.000000  0.000000  1.542944
       11 -0.025172  0.050707  0.116860  ...  -0.000000 -0.000000 -1.667565
       12  0.008510 -0.048515 -0.053813  ...   0.000000  0.000000  1.514805
109    1   0.012407  0.114725  0.016947  ...  -7.452207 -0.000000 -0.000000
       2  -0.002619 -0.044260 -0.007271  ...  10.840796  0.000000  0.000000
       3  -0.022906 -0.051371 -0.005294  ...   1.261461  0.000000  0.000000
       4   0.013118 -0.019095 -0.004382  ...  -4.650051 -0.000000 -0.000000
       5   0.087102 -0.007735  0.033005  ...  -0.000000 -0.656155 -0.000000
       6  -0.004890  0.329861 -0.074193  ...  -0.000000 -3.605598 -0.000000
       7   0.047558 -0.278913  0.061720  ...   0.000000  3.738273  0.000000
       8  -0.129770 -0.043214 -0.020532  ...   0.000000  0.523480  0.000000
       9   0.000000  0.000000  0.000000  ...   0.000000  0.000000  0.000000
       10  0.000000  0.000000  0.000000  ...   0.000000  0.000000  0.000000
       11  0.000000  0.000000  0.000000  ...   0.000000  0.000000  0.000000
       12  0.000000  0.000000  0.000000  ...   0.000000  0.000000  0.000000
127    1   0.005282 -0.019993 -0.001736  ...  -3.083153 -0.000000 -0.000000
       2   0.002411  0.025725 -0.000668  ...  -0.630240 -0.000000 -0.000000
       3  -0.000426 -0.009469 -0.000481  ...  -0.779478 -0.000000 -0.000000
       4  -0.007267  0.003738  0.002885  ...   4.492872  0.000000  0.000000
       5  -0.019871 -0.397896 -0.002047  ...  -0.000000 -0.421095 -0.000000
       6  -0.069735 -0.367603  0.002993  ...   0.000000  1.255978  0.000000
       7  -0.066594 -0.375251  0.007454  ...   0.000000  2.103791  0.000000
       8   0.156200  1.140749 -0.008400  ...  -0.000000 -2.938674 -0.000000
       9   0.000000  0.000000  0.000000  ...   0.000000  0.000000  0.000000
       10  0.000000  0.000000  0.000000  ...   0.000000  0.000000  0.000000
       11  0.000000  0.000000  0.000000  ...   0.000000  0.000000  0.000000
       12  0.000000  0.000000  0.000000  ...   0.000000  0.000000  0.000000
159    1  -0.000563  0.000445 -0.000528  ...   0.232669  0.000000  0.000000
       2   0.000460 -0.000850  0.000539  ...  -0.188887 -0.000000 -0.000000

[50 rows x 9 columns]
9
