                      count       mean  ...        75%        max
price_ann_fair_avg   1581.0  15.945764  ...  17.934919  19.957125
price_ltci_fair_avg  1581.0   0.099788  ...   0.106325   0.155646
price_rmr_fair_avg   1581.0   0.002102  ...   0.002531   0.004084

[3 rows x 8 columns]
                  count       mean       std  ...        50%        75%        max
price_ann_fair   1581.0  15.945764  2.867897  ...  16.013926  18.172969  22.441229
price_ltci_fair  1581.0   0.099788  0.076636  ...   0.078538   0.105408   1.325088
price_rmr_fair   1581.0   0.002102  0.005588  ...   0.000105   0.001675   0.050000

[3 rows x 8 columns]
                 count      mean       std  min  25%  50%  75%  max
buy_ann_joint   1581.0  0.373814  0.217255  0.0  0.0  0.5  0.5  0.5
buy_ltci_joint  1581.0  0.075901  0.179472  0.0  0.0  0.0  0.0  0.5
buy_rmr_joint   1581.0  0.074636  0.262887  0.0  0.0  0.0  0.0  1.0
                count      mean       std  min  25%  50%  75%  max
buy_ann_indp   1581.0  0.377925  0.214859  0.0  0.5  0.5  0.5  0.5
buy_ltci_indp  1581.0  0.080961  0.184248  0.0  0.0  0.0  0.0  0.5
buy_rmr_indp   1581.0  0.073371  0.260827  0.0  0.0  0.0  0.0  1.0
                      count       mean  ...        75%        max
price_ann_fair_avg   1581.0  15.945764  ...  17.934919  19.957125
price_ltci_fair_avg  1581.0   0.099788  ...   0.106325   0.155646
price_rmr_fair_avg   1581.0   0.002102  ...   0.002531   0.004084

[3 rows x 8 columns]
                  count       mean       std  ...        50%        75%        max
price_ann_fair   1581.0  15.945764  2.867897  ...  16.013926  18.172969  22.441229
price_ltci_fair  1581.0   0.099788  0.076636  ...   0.078538   0.105408   1.325088
price_rmr_fair   1581.0   0.002102  0.005588  ...   0.000105   0.001675   0.050000

[3 rows x 8 columns]
                 count      mean       std  min  25%  50%  75%  max
buy_ann_joint   1581.0  0.407337  0.194342  0.0  0.5  0.5  0.5  0.5
buy_ltci_joint  1581.0  0.002846  0.037629  0.0  0.0  0.0  0.0  0.5
buy_rmr_joint   1581.0  0.542694  0.498331  0.0  0.0  1.0  1.0  1.0
                count      mean       std  min  25%  50%  75%  max
buy_ann_indp   1581.0  0.364959  0.222071  0.0  0.0  0.5  0.5  0.5
buy_ltci_indp  1581.0  0.000633  0.017778  0.0  0.0  0.0  0.0  0.5
buy_rmr_indp   1581.0  0.492726  0.500105  0.0  0.0  0.0  1.0  1.0
                      count       mean  ...        75%        max
price_ann_fair_avg   1581.0  15.945764  ...  17.934919  19.957125
price_ltci_fair_avg  1581.0   0.099788  ...   0.106325   0.155646
price_rmr_fair_avg   1581.0   0.002102  ...   0.002531   0.004084

[3 rows x 8 columns]
                  count       mean       std  ...        50%        75%        max
price_ann_fair   1581.0  15.945764  2.867897  ...  16.013926  18.172969  22.441229
price_ltci_fair  1581.0   0.099788  0.076636  ...   0.078538   0.105408   1.325088
price_rmr_fair   1581.0   0.002102  0.005588  ...   0.000105   0.001675   0.050000

[3 rows x 8 columns]
                 count      mean       std  min  25%  50%  75%  max
buy_ann_joint   1581.0  0.379190  0.214100  0.0  0.5  0.5  0.5  0.5
buy_ltci_joint  1581.0  0.491145  0.065969  0.0  0.5  0.5  0.5  0.5
buy_rmr_joint   1581.0  0.057559  0.232980  0.0  0.0  0.0  0.0  1.0
                count      mean       std  min  25%  50%  75%  max
buy_ann_indp   1581.0  0.399747  0.200253  0.0  0.5  0.5  0.5  0.5
buy_ltci_indp  1581.0  0.490829  0.067115  0.0  0.5  0.5  0.5  0.5
buy_rmr_indp   1581.0  0.058191  0.234178  0.0  0.0  0.0  0.0  1.0
                      count       mean  ...        75%        max
price_ann_fair_avg   1581.0  15.945764  ...  17.934919  19.957125
price_ltci_fair_avg  1581.0   0.099788  ...   0.106325   0.155646
price_rmr_fair_avg   1581.0   0.002102  ...   0.002531   0.004084

[3 rows x 8 columns]
                  count       mean       std  ...        50%        75%        max
price_ann_fair   1581.0  15.945764  2.867897  ...  16.013926  18.172969  22.441229
price_ltci_fair  1581.0   0.099788  0.076636  ...   0.078538   0.105408   1.325088
price_rmr_fair   1581.0   0.002102  0.005588  ...   0.000105   0.001675   0.050000

[3 rows x 8 columns]
                 count      mean       std  min  25%  50%  75%  max
buy_ann_joint   1581.0  0.392473  0.205495  0.0  0.5  0.5  0.5  0.5
buy_ltci_joint  1581.0  0.065149  0.168368  0.0  0.0  0.0  0.0  0.5
buy_rmr_joint   1581.0  0.018975  0.136481  0.0  0.0  0.0  0.0  1.0
                count      mean       std  min  25%  50%  75%  max
buy_ann_indp   1581.0  0.393738  0.204611  0.0  0.5  0.5  0.5  0.5
buy_ltci_indp  1581.0  0.072106  0.175708  0.0  0.0  0.0  0.0  0.5
buy_rmr_indp   1581.0  0.017078  0.129602  0.0  0.0  0.0  0.0  1.0
                      count       mean  ...        75%        max
price_ann_fair_avg   1581.0  15.945764  ...  17.934919  19.957125
price_ltci_fair_avg  1581.0   0.099788  ...   0.106325   0.155646
price_rmr_fair_avg   1581.0   0.002102  ...   0.002531   0.004084

[3 rows x 8 columns]
                  count       mean       std  ...        50%        75%        max
price_ann_fair   1581.0  15.945764  2.867897  ...  16.013926  18.172969  22.441229
price_ltci_fair  1581.0   0.099788  0.076636  ...   0.078538   0.105408   1.325088
price_rmr_fair   1581.0   0.002102  0.005588  ...   0.000105   0.001675   0.050000

[3 rows x 8 columns]
                 count      mean       std  min  25%  50%  75%  max
buy_ann_joint   1581.0  0.370651  0.219029  0.0  0.0  0.5  0.5  0.5
buy_ltci_joint  1581.0  0.043011  0.140242  0.0  0.0  0.0  0.0  0.5
buy_rmr_joint   1581.0  0.015180  0.122308  0.0  0.0  0.0  0.0  1.0
                count      mean       std  min  25%  50%  75%  max
buy_ann_indp   1581.0  0.372233  0.218150  0.0  0.0  0.5  0.5  0.5
buy_ltci_indp  1581.0  0.049336  0.149158  0.0  0.0  0.0  0.0  0.5
buy_rmr_indp   1581.0  0.015180  0.122308  0.0  0.0  0.0  0.0  1.0
                      count       mean  ...        75%        max
price_ann_fair_avg   1581.0  15.945764  ...  17.934919  19.957125
price_ltci_fair_avg  1581.0   0.099788  ...   0.106325   0.155646
price_rmr_fair_avg   1581.0   0.002102  ...   0.002531   0.004084

[3 rows x 8 columns]
                  count       mean       std  ...        50%        75%        max
price_ann_fair   1581.0  15.945764  2.867897  ...  16.013926  18.172969  22.441229
price_ltci_fair  1581.0   0.099788  0.076636  ...   0.078538   0.105408   1.325088
price_rmr_fair   1581.0   0.002102  0.005588  ...   0.000105   0.001675   0.050000

[3 rows x 8 columns]
                 count      mean       std  min  25%  50%  75%  max
buy_ann_joint   1581.0  0.380139  0.213524  0.0  0.5  0.5  0.5  0.5
buy_ltci_joint  1581.0  0.041746  0.138356  0.0  0.0  0.0  0.0  0.5
buy_rmr_joint   1581.0  0.023403  0.151227  0.0  0.0  0.0  0.0  1.0
                count      mean       std  min  25%  50%  75%  max
buy_ann_indp   1581.0  0.380139  0.213524  0.0  0.5  0.5  0.5  0.5
buy_ltci_indp  1581.0  0.042378  0.139304  0.0  0.0  0.0  0.0  0.5
buy_rmr_indp   1581.0  0.022770  0.149218  0.0  0.0  0.0  0.0  1.0
                      count       mean  ...        75%        max
price_ann_fair_avg   1581.0  15.945764  ...  17.934919  19.957125
price_ltci_fair_avg  1581.0   0.099788  ...   0.106325   0.155646
price_rmr_fair_avg   1581.0   0.002102  ...   0.002531   0.004084

[3 rows x 8 columns]
                  count       mean       std  ...        50%        75%        max
price_ann_fair   1581.0  15.945764  2.867897  ...  16.013926  18.172969  22.441229
price_ltci_fair  1581.0   0.099788  0.076636  ...   0.078538   0.105408   1.325088
price_rmr_fair   1581.0   0.002102  0.005588  ...   0.000105   0.001675   0.050000

[3 rows x 8 columns]
                 count      mean       std  min  25%  50%  75%  max
buy_ann_joint   1581.0  0.363694  0.222722  0.0  0.0  0.5  0.5  0.5
buy_ltci_joint  1581.0  0.042378  0.139304  0.0  0.0  0.0  0.0  0.5
buy_rmr_joint   1581.0  0.072106  0.258746  0.0  0.0  0.0  0.0  1.0
                count      mean       std  min  25%  50%  75%  max
buy_ann_indp   1581.0  0.364643  0.222235  0.0  0.0  0.5  0.5  0.5
buy_ltci_indp  1581.0  0.045541  0.143908  0.0  0.0  0.0  0.0  0.5
buy_rmr_indp   1581.0  0.070209  0.255579  0.0  0.0  0.0  0.0  1.0
                      count       mean  ...        75%        max
price_ann_fair_avg   1581.0  15.945764  ...  17.934919  19.957125
price_ltci_fair_avg  1581.0   0.099788  ...   0.106325   0.155646
price_rmr_fair_avg   1581.0   0.002102  ...   0.002531   0.004084

[3 rows x 8 columns]
                  count       mean       std  ...        50%        75%        max
price_ann_fair   1581.0  15.945764  2.867897  ...  16.013926  18.172969  22.441229
price_ltci_fair  1581.0   0.099788  0.076636  ...   0.078538   0.105408   1.325088
price_rmr_fair   1581.0   0.002102  0.005588  ...   0.000105   0.001675   0.050000

[3 rows x 8 columns]
                 count      mean       std  min  25%  50%  75%  max
buy_ann_joint   1581.0  0.334915  0.235212  0.0  0.0  0.5  0.5  0.5
buy_ltci_joint  1581.0  0.200822  0.245193  0.0  0.0  0.0  0.5  0.5
buy_rmr_joint   1581.0  0.018343  0.134230  0.0  0.0  0.0  0.0  1.0
                count      mean       std  min  25%  50%  75%  max
buy_ann_indp   1581.0  0.353574  0.227608  0.0  0.0  0.5  0.5  0.5
buy_ltci_indp  1581.0  0.214105  0.247488  0.0  0.0  0.0  0.5  0.5
buy_rmr_indp   1581.0  0.022138  0.147178  0.0  0.0  0.0  0.0  1.0
                      count       mean  ...        75%        max
price_ann_fair_avg   1581.0  19.134917  ...  21.521902  23.948551
price_ltci_fair_avg  1581.0   0.119746  ...   0.127590   0.186776
price_rmr_fair_avg   1581.0   0.022102  ...   0.022531   0.024084

[3 rows x 8 columns]
                  count       mean       std  ...        50%        75%        max
price_ann_fair   1581.0  19.134917  3.441476  ...  19.216711  21.807563  26.929475
price_ltci_fair  1581.0   0.119746  0.091963  ...   0.094246   0.126489   1.590105
price_rmr_fair   1581.0   0.022102  0.005588  ...   0.020105   0.021675   0.070000

[3 rows x 8 columns]
                 count      mean       std  min  25%  50%  75%  max
buy_ann_joint   1581.0  0.316256  0.241137  0.0  0.0  0.5  0.5  0.5
buy_ltci_joint  1581.0  0.061037  0.163738  0.0  0.0  0.0  0.0  0.5
buy_rmr_joint   1581.0  0.068944  0.253439  0.0  0.0  0.0  0.0  1.0
                count      mean       std  min  25%  50%  75%  max
buy_ann_indp   1581.0  0.320683  0.239876  0.0  0.0  0.5  0.5  0.5
buy_ltci_indp  1581.0  0.064832  0.168020  0.0  0.0  0.0  0.0  0.5
buy_rmr_indp   1581.0  0.068944  0.253439  0.0  0.0  0.0  0.0  1.0
                      count       mean  ...        75%        max
price_ann_fair_avg   1581.0  15.945764  ...  17.934919  19.957125
price_ltci_fair_avg  1581.0   0.099788  ...   0.106325   0.155646
price_rmr_fair_avg   1581.0   0.002102  ...   0.002531   0.004084

[3 rows x 8 columns]
                  count       mean       std  ...        50%        75%        max
price_ann_fair   1581.0  15.945764  2.867897  ...  16.013926  18.172969  22.441229
price_ltci_fair  1581.0   0.099788  0.076636  ...   0.078538   0.105408   1.325088
price_rmr_fair   1581.0   0.002102  0.005588  ...   0.000105   0.001675   0.050000

[3 rows x 8 columns]
                 count      mean       std  min  25%  50%  75%  max
buy_ann_joint   1581.0  0.392157  0.205714  0.0  0.5  0.5  0.5  0.5
buy_ltci_joint  1581.0  0.040797  0.136916  0.0  0.0  0.0  0.0  0.5
buy_rmr_joint   1581.0  0.078431  0.268934  0.0  0.0  0.0  0.0  1.0
                count      mean       std  min  25%  50%  75%  max
buy_ann_indp   1581.0  0.393422  0.204833  0.0  0.5  0.5  0.5  0.5
buy_ltci_indp  1581.0  0.046173  0.144803  0.0  0.0  0.0  0.0  0.5
buy_rmr_indp   1581.0  0.077166  0.266940  0.0  0.0  0.0  0.0  1.0
                      count       mean  ...        75%        max
price_ann_fair_avg   1581.0  15.945764  ...  17.934919  19.957125
price_ltci_fair_avg  1581.0   0.099788  ...   0.106325   0.155646
price_rmr_fair_avg   1581.0   0.002102  ...   0.002531   0.004084

[3 rows x 8 columns]
                  count       mean       std  ...        50%        75%        max
price_ann_fair   1581.0  15.945764  2.867897  ...  16.013926  18.172969  22.441229
price_ltci_fair  1581.0   0.099788  0.076636  ...   0.078538   0.105408   1.325088
price_rmr_fair   1581.0   0.002102  0.005588  ...   0.000105   0.001675   0.050000

[3 rows x 8 columns]
                 count      mean       std  min  25%  50%  75%  max
buy_ann_joint   1581.0  0.372233  0.218150  0.0  0.0  0.5  0.5  0.5
buy_ltci_joint  1581.0  0.041429  0.137878  0.0  0.0  0.0  0.0  0.5
buy_rmr_joint   1581.0  0.055028  0.228108  0.0  0.0  0.0  0.0  1.0
                count      mean       std  min  25%  50%  75%  max
buy_ann_indp   1581.0  0.372233  0.218150  0.0  0.0  0.5  0.5  0.5
buy_ltci_indp  1581.0  0.045857  0.144357  0.0  0.0  0.0  0.0  0.5
buy_rmr_indp   1581.0  0.056293  0.230561  0.0  0.0  0.0  0.0  1.0
                      count       mean  ...        75%        max
price_ann_fair_avg   1581.0  15.945764  ...  17.934919  19.957125
price_ltci_fair_avg  1581.0   0.099788  ...   0.106325   0.155646
price_rmr_fair_avg   1581.0   0.002102  ...   0.002531   0.004084

[3 rows x 8 columns]
                  count       mean       std  ...        50%        75%        max
price_ann_fair   1581.0  15.945764  2.867897  ...  16.013926  18.172969  22.441229
price_ltci_fair  1581.0   0.099788  0.076636  ...   0.078538   0.105408   1.325088
price_rmr_fair   1581.0   0.002102  0.005588  ...   0.000105   0.001675   0.050000

[3 rows x 8 columns]
                 count      mean       std  min  25%  50%  75%  max
buy_ann_joint   1581.0  0.378558  0.214481  0.0  0.5  0.5  0.5  0.5
buy_ltci_joint  1581.0  0.000000  0.000000  0.0  0.0  0.0  0.0  0.0
buy_rmr_joint   1581.0  0.084124  0.277661  0.0  0.0  0.0  0.0  1.0
                count      mean       std  min  25%  50%  75%  max
buy_ann_indp   1581.0  0.376977  0.215421  0.0  0.5  0.5  0.5  0.5
buy_ltci_indp  1581.0  0.000000  0.000000  0.0  0.0  0.0  0.0  0.0
buy_rmr_indp   1581.0  0.082226  0.274796  0.0  0.0  0.0  0.0  1.0
                      count       mean  ...        75%        max
price_ann_fair_avg   1581.0  15.945764  ...  17.934919  19.957125
price_ltci_fair_avg  1581.0   0.099788  ...   0.106325   0.155646
price_rmr_fair_avg   1581.0   0.002102  ...   0.002531   0.004084

[3 rows x 8 columns]
                  count       mean       std  ...        50%        75%        max
price_ann_fair   1581.0  15.945764  2.867897  ...  16.013926  18.172969  22.441229
price_ltci_fair  1581.0   0.099788  0.076636  ...   0.078538   0.105408   1.325088
price_rmr_fair   1581.0   0.002102  0.005588  ...   0.000105   0.001675   0.050000

[3 rows x 8 columns]
                 count      mean     std  min  25%  50%  75%  max
buy_ann_joint   1581.0  0.493991  0.0545  0.0  0.5  0.5  0.5  0.5
buy_ltci_joint  1581.0  0.000000  0.0000  0.0  0.0  0.0  0.0  0.0
buy_rmr_joint   1581.0  0.000000  0.0000  0.0  0.0  0.0  0.0  0.0
                count      mean     std  min  25%  50%  75%  max
buy_ann_indp   1581.0  0.493991  0.0545  0.0  0.5  0.5  0.5  0.5
buy_ltci_indp  1581.0  0.000000  0.0000  0.0  0.0  0.0  0.0  0.0
buy_rmr_indp   1581.0  0.000000  0.0000  0.0  0.0  0.0  0.0  0.0
