respid    
87      1    -0.836180
        2    -0.647195
        3    -0.760912
        4     2.244287
        5     0.059105
        6     0.198159
        7    -0.475886
        8     0.218622
        9    -0.305864
        10    0.013209
        11    0.124596
        12    0.168059
94      1    -1.649074
        2     1.576897
        3     1.701285
        4    -1.629109
        5    -0.220383
        6     0.239862
        7    -0.002447
        8    -0.017032
        9     2.137944
        10   -0.747910
        11   -0.644447
        12   -0.745587
109     1     0.024260
        2    -0.027158
        3    -0.006647
        4     0.009546
        5     0.077005
        6     0.265442
        7    -0.263220
        8    -0.079227
        9     0.000000
        10    0.000000
        11    0.000000
        12    0.000000
127     1     0.012680
        2     0.008761
        3     0.000417
        4    -0.021858
        5     1.419161
        6    -0.993940
        7    -1.085977
        8     0.660756
        9     0.425836
        10   -0.422991
        11    0.397038
        12   -0.399884
159     1    -0.007962
        2     0.007303
dtype: float64
0
1
2
3
4
5
6
7
                 0         1         2         3    4   ...   9    10   11   12   13
respid                                                  ...                         
87     1  -0.016979  0.063256  0.000136 -0.000243  0.0  ...  NaN  NaN  NaN  NaN  NaN
       2   0.031825 -0.293373  0.000297  0.009683  0.0  ...  NaN  NaN  NaN  NaN  NaN
       3  -0.008934 -0.062576  0.001359  0.004158  0.0  ...  NaN  NaN  NaN  NaN  NaN
       4  -0.005912  0.292693 -0.001793 -0.013598  0.0  ...  NaN  NaN  NaN  NaN  NaN
       5  -0.015115 -1.238650  0.004003 -0.023170  0.0  ...  NaN  NaN  NaN  NaN  NaN
       6   0.002435  0.435566 -0.006801  0.015215  0.0  ...  NaN  NaN  NaN  NaN  NaN
       7  -0.007277  0.598283  0.006052 -0.017992  0.0  ...  NaN  NaN  NaN  NaN  NaN
       8   0.019957  0.204801 -0.003254  0.025947  0.0  ...  NaN  NaN  NaN  NaN  NaN
       9  -0.019852  0.453131 -0.029113 -0.018638  0.0  ...  NaN  NaN  NaN  NaN  NaN
       10 -0.024618 -0.131037 -0.000957  0.000888  0.0  ...  NaN  NaN  NaN  NaN  NaN
       11  0.021764 -0.102057  0.007463  0.008065  0.0  ...  NaN  NaN  NaN  NaN  NaN
       12  0.022705 -0.220037  0.022607  0.009685  0.0  ...  NaN  NaN  NaN  NaN  NaN
94     1  -0.001574  0.001780 -0.000389  0.001077  0.0  ...  NaN  NaN  NaN  NaN  NaN
       2   0.000393 -0.006475  0.000360 -0.002309  0.0  ...  NaN  NaN  NaN  NaN  NaN
       3  -0.002732  0.004942  0.000808 -0.000769  0.0  ...  NaN  NaN  NaN  NaN  NaN
       4   0.003913 -0.000248 -0.000780  0.002000  0.0  ...  NaN  NaN  NaN  NaN  NaN
       5   0.017964 -0.043896  0.018187 -0.023901  0.0  ...  NaN  NaN  NaN  NaN  NaN
       6  -0.006681  0.028518 -0.031094  0.048639  0.0  ...  NaN  NaN  NaN  NaN  NaN
       7   0.018166 -0.165131 -0.000812 -0.005331  0.0  ...  NaN  NaN  NaN  NaN  NaN
       8  -0.029449  0.180509  0.013719 -0.019407  0.0  ...  NaN  NaN  NaN  NaN  NaN
       9  -0.004845  0.016885 -0.003541  0.003784  0.0  ...  NaN  NaN  NaN  NaN  NaN
       10 -0.002479 -0.007887  0.001933 -0.003563  0.0  ...  NaN  NaN  NaN  NaN  NaN
       11  0.009469  0.009184  0.000520  0.003072  0.0  ...  NaN  NaN  NaN  NaN  NaN
       12 -0.002145 -0.018182  0.001089 -0.003293  0.0  ...  NaN  NaN  NaN  NaN  NaN
109    1   0.011035 -0.120128 -0.001649  0.001131  0.0  ...  NaN  NaN  NaN  NaN  NaN
       2  -0.012878  0.134549  0.001317 -0.001162  0.0  ...  NaN  NaN  NaN  NaN  NaN
       3  -0.004257  0.039054  0.000735 -0.000258  0.0  ...  NaN  NaN  NaN  NaN  NaN
       4   0.006101 -0.053476 -0.000403  0.000288  0.0  ...  NaN  NaN  NaN  NaN  NaN
       5   0.127583 -0.950244  0.001320  0.001192  0.0  ...  NaN  NaN  NaN  NaN  NaN
       6   0.027209 -0.413279 -0.011114  0.011492  0.0  ...  NaN  NaN  NaN  NaN  NaN
       7  -0.026905  0.571881  0.011856 -0.011456  0.0  ...  NaN  NaN  NaN  NaN  NaN
       8  -0.127887  0.791642 -0.002062 -0.001227  0.0  ...  NaN  NaN  NaN  NaN  NaN
       9   0.000000  0.000000  0.000000  0.000000  0.0  ...  NaN  NaN  NaN  NaN  NaN
       10  0.000000  0.000000  0.000000  0.000000  0.0  ...  NaN  NaN  NaN  NaN  NaN
       11  0.000000  0.000000  0.000000  0.000000  0.0  ...  NaN  NaN  NaN  NaN  NaN
       12  0.000000  0.000000  0.000000  0.000000  0.0  ...  NaN  NaN  NaN  NaN  NaN
127    1  -0.000418 -0.009220  0.000662  0.001002  0.0  ...  NaN  NaN  NaN  NaN  NaN
       2   0.002108 -0.010766  0.000767  0.000493  0.0  ...  NaN  NaN  NaN  NaN  NaN
       3  -0.001336  0.002113  0.000412  0.000142  0.0  ...  NaN  NaN  NaN  NaN  NaN
       4  -0.000354  0.017874 -0.001841 -0.001637  0.0  ...  NaN  NaN  NaN  NaN  NaN
       5   0.028577 -0.052165 -0.011748 -0.011612  0.0  ...  NaN  NaN  NaN  NaN  NaN
       6  -0.082148  0.552515 -0.043469 -0.030023  0.0  ...  NaN  NaN  NaN  NaN  NaN
       7  -0.014012  0.224587 -0.041466 -0.037637  0.0  ...  NaN  NaN  NaN  NaN  NaN
       8   0.067583 -0.724938  0.096683  0.079271  0.0  ...  NaN  NaN  NaN  NaN  NaN
       9   0.075736 -0.466763  0.184901  0.026191  0.0  ...  NaN  NaN  NaN  NaN  NaN
       10 -0.077442  0.482765 -0.162136 -0.025645  0.0  ...  NaN  NaN  NaN  NaN  NaN
       11  0.085659 -0.439676  0.127609  0.023604  0.0  ...  NaN  NaN  NaN  NaN  NaN
       12 -0.083953  0.423673 -0.150374 -0.024150  0.0  ...  NaN  NaN  NaN  NaN  NaN
159    1  -0.000633  0.071428 -0.002128 -0.000101  0.0  ...  NaN  NaN  NaN  NaN  NaN
       2   0.000086 -0.067224  0.002051 -0.000306  0.0  ...  NaN  NaN  NaN  NaN  NaN

[50 rows x 14 columns]
                 0         1         2   ...         11         12         13
respid                                   ...                                 
87     1  -0.016979  0.063256  0.000136  ...   1.677611   1.677611   1.677611
       2   0.031825 -0.293373  0.000297  ... -14.308888 -14.308888 -14.308888
       3  -0.008934 -0.062576  0.001359  ...  -4.689392  -4.689392  -4.689392
       4  -0.005912  0.292693 -0.001793  ...  17.320669  17.320669  17.320669
       5  -0.015115 -1.238650  0.004003  ...   3.600696   3.600696   3.600696
       6   0.002435  0.435566 -0.006801  ...  -2.262618  -2.262618  -2.262618
       7  -0.007277  0.598283  0.006052  ...   2.717898   2.717898   2.717898
       8   0.019957  0.204801 -0.003254  ...  -4.055976  -4.055976  -4.055976
       9  -0.019852  0.453131 -0.029113  ...   0.000000  21.846935  21.846935
       10 -0.024618 -0.131037 -0.000957  ...   0.000000  -0.943500  -0.943500
       11  0.021764 -0.102057  0.007463  ...   0.000000  -8.899503  -8.899503
       12  0.022705 -0.220037  0.022607  ...   0.000000 -12.003932 -12.003932
94     1  -0.001574  0.001780 -0.000389  ...  -2.183181  -2.183181  -2.183181
       2   0.000393 -0.006475  0.000360  ...   5.691052   5.691052   5.691052
       3  -0.002732  0.004942  0.000808  ...   2.663333   2.663333   2.663333
       4   0.003913 -0.000248 -0.000780  ...  -6.171204  -6.171204  -6.171204
       5   0.017964 -0.043896  0.018187  ...   2.836030   2.836030   2.836030
       6  -0.006681  0.028518 -0.031094  ...  -5.972749  -5.972749  -5.972749
       7   0.018166 -0.165131 -0.000812  ...   0.710389   0.710389   0.710389
       8  -0.029449  0.180509  0.013719  ...   2.426330   2.426330   2.426330
       9  -0.004845  0.016885 -0.003541  ...   0.000000  -2.533718  -2.533718
       10 -0.002479 -0.007887  0.001933  ...   0.000000   3.363218   3.363218
       11  0.009469  0.009184  0.000520  ...   0.000000  -4.026808  -4.026808
       12 -0.002145 -0.018182  0.001089  ...   0.000000   3.197309   3.197309
109    1   0.011035 -0.120128 -0.001649  ...  -4.845736  -4.845736  -4.845736
       2  -0.012878  0.134549  0.001317  ...   5.424783   5.424783   5.424783
       3  -0.004257  0.039054  0.000735  ...   1.327694   1.327694   1.327694
       4   0.006101 -0.053476 -0.000403  ...  -1.906740  -1.906740  -1.906740
       5   0.127583 -0.950244  0.001320  ...  -0.483123  -0.483123  -0.483123
       6   0.027209 -0.413279 -0.011114  ...  -1.665359  -1.665359  -1.665359
       7  -0.026905  0.571881  0.011856  ...   1.651420   1.651420   1.651420
       8  -0.127887  0.791642 -0.002062  ...   0.497062   0.497062   0.497062
       9   0.000000  0.000000  0.000000  ...   0.000000   0.000000   0.000000
       10  0.000000  0.000000  0.000000  ...   0.000000   0.000000   0.000000
       11  0.000000  0.000000  0.000000  ...   0.000000   0.000000   0.000000
       12  0.000000  0.000000  0.000000  ...   0.000000   0.000000   0.000000
127    1  -0.000418 -0.009220  0.000662  ...  -2.532700  -2.532700  -2.532700
       2   0.002108 -0.010766  0.000767  ...  -1.750034  -1.750034  -1.750034
       3  -0.001336  0.002113  0.000412  ...  -0.083367  -0.083367  -0.083367
       4  -0.000354  0.017874 -0.001841  ...   4.366102   4.366102   4.366102
       5   0.028577 -0.052165 -0.011748  ...   0.946001   0.946001   0.946001
       6  -0.082148  0.552515 -0.043469  ...   2.952663   2.952663   2.952663
       7  -0.014012  0.224587 -0.041466  ...   3.530092   3.530092   3.530092
       8   0.067583 -0.724938  0.096683  ...  -7.428755  -7.428755  -7.428755
       9   0.075736 -0.466763  0.184901  ...   0.000000   0.000000 -16.369024
       10 -0.077442  0.482765 -0.162136  ...   0.000000   0.000000  16.259638
       11  0.085659 -0.439676  0.127609  ...   0.000000   0.000000 -15.262030
       12 -0.083953  0.423673 -0.150374  ...   0.000000   0.000000  15.371416
159    1  -0.000633  0.071428 -0.002128  ...   1.590346   1.590346   1.590346
       2   0.000086 -0.067224  0.002051  ...  -1.458777  -1.458777  -1.458777

[50 rows x 14 columns]
