number of parameters =  8 , number of free parameters =  6
theta =  [ 1.75526836  0.82241952  3.23142829 -2.67364877 -2.04022083 -1.1457039 ]
dx =  [0.5  0.5  0.01 0.5  0.5  0.5 ]
pars =  [5.785 2.276 0.962 0.069 0.    1.    0.13  0.318]
- function call summary
ssd =  7842.96884757383  sigmas =  [[0.03151286 0.03151286]
 [0.21313908 0.21313908]
 [0.04359428 0.04359428]]
pars =  [5.785 2.276 0.962 0.069 0.    1.    0.13  0.318]
std.dev of utility differences - annuities d_value_1    4.759616
d_value_2    9.286332
d_value_3    5.274314
d_value_4    9.380087
dtype: float64
std.dev of utility differences - ltc d_value_5    1.126688
d_value_6    2.174866
d_value_7    1.164420
d_value_8    2.113286
dtype: float64
std.dev of utility differences - rmr d_value_9     3.539047
d_value_10    5.821891
d_value_11    3.519753
d_value_12    5.597180
dtype: float64
pars =  [5.84314022 2.276      0.962      0.069      0.         1.
 0.13       0.318     ]
- function call summary
ssd =  7843.728478065051  sigmas =  [[0.03153481 0.03153481]
 [0.21283715 0.21283715]
 [0.04370137 0.04370137]]
pars =  [5.84314022 2.276      0.962      0.069      0.         1.
 0.13       0.318     ]
std.dev of utility differences - annuities d_value_1    4.760645
d_value_2    9.278224
d_value_3    5.276542
d_value_4    9.373557
dtype: float64
std.dev of utility differences - ltc d_value_5    1.123963
d_value_6    2.170438
d_value_7    1.158938
d_value_8    2.108764
dtype: float64
std.dev of utility differences - rmr d_value_9     3.536042
d_value_10    5.810278
d_value_11    3.520788
d_value_12    5.587067
dtype: float64
pars =  [5.785      2.29887418 0.962      0.069      0.         1.
 0.13       0.318     ]
- function call summary
ssd =  7850.13747890307  sigmas =  [[0.0317398  0.0317398 ]
 [0.21080081 0.21080081]
 [0.04383424 0.04383424]]
pars =  [5.785      2.29887418 0.962      0.069      0.         1.
 0.13       0.318     ]
std.dev of utility differences - annuities d_value_1    4.740111
d_value_2    9.239959
d_value_3    5.255335
d_value_4    9.308456
dtype: float64
std.dev of utility differences - ltc d_value_5    1.173361
d_value_6    2.172095
d_value_7    1.164938
d_value_8    2.109494
dtype: float64
std.dev of utility differences - rmr d_value_9     3.525960
d_value_10    5.769929
d_value_11    3.498361
d_value_12    5.569176
dtype: float64
pars =  [5.785      2.276      0.96236388 0.069      0.         1.
 0.13       0.318     ]
- function call summary
ssd =  7843.323722451417  sigmas =  [[0.03151982 0.03151982]
 [0.21297725 0.21297725]
 [0.04364722 0.04364722]]
pars =  [5.785      2.276      0.96236388 0.069      0.         1.
 0.13       0.318     ]
std.dev of utility differences - annuities d_value_1    4.757299
d_value_2    9.285103
d_value_3    5.272285
d_value_4    9.380263
dtype: float64
std.dev of utility differences - ltc d_value_5    1.126784
d_value_6    2.175151
d_value_7    1.167548
d_value_8    2.113185
dtype: float64
std.dev of utility differences - rmr d_value_9     3.536193
d_value_10    5.818811
d_value_11    3.517198
d_value_12    5.594220
dtype: float64
pars =  [5.785      2.276      0.962      0.06969346 0.         1.
 0.13       0.318     ]
- function call summary
ssd =  7846.344973035255  sigmas =  [[0.03169305 0.03169305]
 [0.2104081  0.2104081 ]
 [0.04368213 0.04368213]]
pars =  [5.785      2.276      0.962      0.06969346 0.         1.
 0.13       0.318     ]
std.dev of utility differences - annuities d_value_1    4.778201
d_value_2    9.335508
d_value_3    5.292463
d_value_4    9.287189
dtype: float64
std.dev of utility differences - ltc d_value_5    1.142289
d_value_6    2.199300
d_value_7    1.169943
d_value_8    2.123936
dtype: float64
std.dev of utility differences - rmr d_value_9     3.538983
d_value_10    5.810047
d_value_11    3.529169
d_value_12    5.598929
dtype: float64
pars =  [5.785      2.276      0.962      0.069      0.         1.
 0.13130652 0.318     ]
- function call summary
ssd =  7841.923210795471  sigmas =  [[0.03159647 0.03159647]
 [0.21323975 0.21323975]
 [0.04358194 0.04358194]]
pars =  [5.785      2.276      0.962      0.069      0.         1.
 0.13130652 0.318     ]
std.dev of utility differences - annuities d_value_1    4.754684
d_value_2    9.289226
d_value_3    5.275650
d_value_4    9.343198
dtype: float64
std.dev of utility differences - ltc d_value_5    1.124534
d_value_6    2.178518
d_value_7    1.164771
d_value_8    2.116561
dtype: float64
std.dev of utility differences - rmr d_value_9     3.540477
d_value_10    5.818045
d_value_11    3.522671
d_value_12    5.597677
dtype: float64
pars =  [5.785      2.276      0.962      0.069      0.         1.
 0.13       0.32119595]
- function call summary
ssd =  7843.145994100849  sigmas =  [[0.03149879 0.03149879]
 [0.21302489 0.21302489]
 [0.04357406 0.04357406]]
pars =  [5.785      2.276      0.962      0.069      0.         1.
 0.13       0.32119595]
std.dev of utility differences - annuities d_value_1    4.761769
d_value_2    9.289562
d_value_3    5.276859
d_value_4    9.383418
dtype: float64
std.dev of utility differences - ltc d_value_5    1.127363
d_value_6    2.176251
d_value_7    1.164744
d_value_8    2.114403
dtype: float64
std.dev of utility differences - rmr d_value_9     3.541406
d_value_10    5.824455
d_value_11    3.521536
d_value_12    5.600150
dtype: float64
pars =  [5.72743829 2.276      0.962      0.069      0.         1.
 0.13       0.318     ]
- function call summary
ssd =  7842.7446634627195  sigmas =  [[0.03148599 0.03148599]
 [0.21328628 0.21328628]
 [0.04346479 0.04346479]]
pars =  [5.72743829 2.276      0.962      0.069      0.         1.
 0.13       0.318     ]
std.dev of utility differences - annuities d_value_1    4.758151
d_value_2    9.294788
d_value_3    5.275038
d_value_4    9.386394
dtype: float64
std.dev of utility differences - ltc d_value_5    1.129768
d_value_6    2.178954
d_value_7    1.167244
d_value_8    2.117439
dtype: float64
std.dev of utility differences - rmr d_value_9     3.543075
d_value_10    5.827577
d_value_11    3.527645
d_value_12    5.607353
dtype: float64
pars =  [5.785      2.25335342 0.962      0.069      0.         1.
 0.13       0.318     ]
- function call summary
ssd =  7844.50145759527  sigmas =  [[0.03140296 0.03140296]
 [0.2114912  0.2114912 ]
 [0.04335545 0.04335545]]
pars =  [5.785      2.25335342 0.962      0.069      0.         1.
 0.13       0.318     ]
std.dev of utility differences - annuities d_value_1    4.781362
d_value_2    9.375916
d_value_3    5.306663
d_value_4    9.363523
dtype: float64
std.dev of utility differences - ltc d_value_5    1.126955
d_value_6    2.185029
d_value_7    1.165929
d_value_8    2.120393
dtype: float64
std.dev of utility differences - rmr d_value_9     3.546153
d_value_10    5.836156
d_value_11    3.541619
d_value_12    5.620237
dtype: float64
pars =  [5.785      2.276      0.96163275 0.069      0.         1.
 0.13       0.318     ]
- function call summary
ssd =  7843.301104667311  sigmas =  [[0.0315104  0.0315104 ]
 [0.21306069 0.21306069]
 [0.04355765 0.04355765]]
pars =  [5.785      2.276      0.96163275 0.069      0.         1.
 0.13       0.318     ]
std.dev of utility differences - annuities d_value_1    4.760556
d_value_2    9.288546
d_value_3    5.276472
d_value_4    9.378511
dtype: float64
std.dev of utility differences - ltc d_value_5    1.127435
d_value_6    2.176051
d_value_7    1.164796
d_value_8    2.114406
dtype: float64
std.dev of utility differences - rmr d_value_9     3.541433
d_value_10    5.825595
d_value_11    3.521948
d_value_12    5.600472
dtype: float64
pars =  [5.785      2.276      0.962      0.06831344 0.         1.
 0.13       0.318     ]
- function call summary
ssd =  7873.3561721461665  sigmas =  [[0.03168733 0.03168733]
 [0.20023479 0.20023479]
 [0.0435305  0.0435305 ]]
pars =  [5.785      2.276      0.962      0.06831344 0.         1.
 0.13       0.318     ]
std.dev of utility differences - annuities d_value_1    4.761791
d_value_2    9.275026
d_value_3    5.274914
d_value_4    9.305462
dtype: float64
std.dev of utility differences - ltc d_value_5    1.296149
d_value_6    2.171580
d_value_7    1.171468
d_value_8    2.113849
dtype: float64
std.dev of utility differences - rmr d_value_9     3.547922
d_value_10    5.816634
d_value_11    3.527785
d_value_12    5.597861
dtype: float64
pars =  [5.785      2.276      0.962      0.069      0.         1.
 0.12870648 0.318     ]
- function call summary
ssd =  7846.046097990128  sigmas =  [[0.03164144 0.03164144]
 [0.21154397 0.21154397]
 [0.0435843  0.0435843 ]]
pars =  [5.785      2.276      0.962      0.069      0.         1.
 0.12870648 0.318     ]
std.dev of utility differences - annuities d_value_1    4.761621
d_value_2    9.283601
d_value_3    5.273217
d_value_4    9.318883
dtype: float64
std.dev of utility differences - ltc d_value_5    1.131983
d_value_6    2.182922
d_value_7    1.159693
d_value_8    2.115207
dtype: float64
std.dev of utility differences - rmr d_value_9     3.536133
d_value_10    5.818002
d_value_11    3.524291
d_value_12    5.595963
dtype: float64
pars =  [5.785      2.276      0.962      0.069      0.         1.
 0.13       0.31483585]
- function call summary
ssd =  7843.206577498619  sigmas =  [[0.03152716 0.03152716]
 [0.21313532 0.21313532]
 [0.04362173 0.04362173]]
pars =  [5.785      2.276      0.962      0.069      0.         1.
 0.13       0.31483585]
std.dev of utility differences - annuities d_value_1    4.757324
d_value_2    9.282879
d_value_3    5.271665
d_value_4    9.376510
dtype: float64
std.dev of utility differences - ltc d_value_5    1.126378
d_value_6    2.174798
d_value_7    1.163983
d_value_8    2.112673
dtype: float64
std.dev of utility differences - rmr d_value_9     3.536981
d_value_10    5.819370
d_value_11    3.517882
d_value_12    5.594379
dtype: float64
pars =  [5.73579564 2.26862157 0.96199297 0.06927655 0.         1.
 0.13136062 0.31817019]
- function call summary
ssd =  7841.395094478812  sigmas =  [[0.03138711 0.03138711]
 [0.21337676 0.21337676]
 [0.04343694 0.04343694]]
pars =  [5.73579564 2.26862157 0.96199297 0.06927655 0.         1.
 0.13136062 0.31817019]
std.dev of utility differences - annuities d_value_1    4.766367
d_value_2    9.348890
d_value_3    5.295678
d_value_4    9.388585
dtype: float64
std.dev of utility differences - ltc d_value_5    1.129920
d_value_6    2.185481
d_value_7    1.174963
d_value_8    2.122951
dtype: float64
std.dev of utility differences - rmr d_value_9     3.546754
d_value_10    5.841583
d_value_11    3.535658
d_value_12    5.615862
dtype: float64
pars =  [5.78677403 2.26976451 0.96200227 0.06924947 0.         1.
 0.13076376 0.31794667]
- function call summary
ssd =  7842.337584335673  sigmas =  [[0.03138115 0.03138115]
 [0.21302048 0.21302048]
 [0.04361459 0.04361459]]
pars =  [5.78677403 2.26976451 0.96200227 0.06924947 0.         1.
 0.13076376 0.31794667]
std.dev of utility differences - annuities d_value_1    4.769721
d_value_2    9.342237
d_value_3    5.294044
d_value_4    9.398146
dtype: float64
std.dev of utility differences - ltc d_value_5    1.128472
d_value_6    2.181917
d_value_7    1.171970
d_value_8    2.119824
dtype: float64
std.dev of utility differences - rmr d_value_9     3.543343
d_value_10    5.823234
d_value_11    3.526235
d_value_12    5.605483
dtype: float64
pars =  [5.67991952 2.26854273 0.96199101 0.06927772 0.         1.
 0.1316282  0.3182174 ]
- function call summary
ssd =  7840.806342394722  sigmas =  [[0.03138118 0.03138118]
 [0.21367825 0.21367825]
 [0.0433144  0.0433144 ]]
pars =  [5.67991952 2.26854273 0.96199101 0.06927772 0.         1.
 0.1316282  0.3182174 ]
std.dev of utility differences - annuities d_value_1    4.765922
d_value_2    9.358446
d_value_3    5.297485
d_value_4    9.388105
dtype: float64
std.dev of utility differences - ltc d_value_5    1.133725
d_value_6    2.189207
d_value_7    1.177389
d_value_8    2.125446
dtype: float64
std.dev of utility differences - rmr d_value_9     3.552908
d_value_10    5.849740
d_value_11    3.550504
d_value_12    5.628044
dtype: float64
pars =  [5.68234203 2.27965505 0.96198061 0.06911349 0.         1.
 0.13273065 0.3184764 ]
- function call summary
ssd =  7835.57892518496  sigmas =  [[0.03171331 0.03171331]
 [0.21540041 0.21540041]
 [0.04340039 0.04340039]]
pars =  [5.68234203 2.27965505 0.96198061 0.06911349 0.         1.
 0.13273065 0.3184764 ]
std.dev of utility differences - annuities d_value_1    4.719808
d_value_2    9.294587
d_value_3    5.276425
d_value_4    9.322103
dtype: float64
std.dev of utility differences - ltc d_value_5    1.135127
d_value_6    2.178866
d_value_7    1.176891
d_value_8    2.116106
dtype: float64
std.dev of utility differences - rmr d_value_9     3.550734
d_value_10    5.836719
d_value_11    3.536658
d_value_12    5.614278
dtype: float64
pars =  [5.68891591 2.28718792 0.96197473 0.06901639 0.         1.
 0.13396409 0.31862448]
- function call summary
ssd =  7840.522404085857  sigmas =  [[0.03185677 0.03185677]
 [0.21340748 0.21340748]
 [0.04345022 0.04345022]]
pars =  [5.68891591 2.28718792 0.96197473 0.06901639 0.         1.
 0.13396409 0.31862448]
std.dev of utility differences - annuities d_value_1    4.720945
d_value_2    9.278339
d_value_3    5.267942
d_value_4    9.272714
dtype: float64
std.dev of utility differences - ltc d_value_5    1.139396
d_value_6    2.169448
d_value_7    1.175370
d_value_8    2.126755
dtype: float64
std.dev of utility differences - rmr d_value_9     3.541188
d_value_10    5.827978
d_value_11    3.513527
d_value_12    5.599577
dtype: float64
pars =  [5.67993099 2.26984215 0.96198132 0.0684992  0.         1.
 0.13289323 0.3184558 ]
- function call summary
ssd =  7834.004645869138  sigmas =  [[0.03173404 0.03173404]
 [0.21582058 0.21582058]
 [0.04328198 0.04328198]]
pars =  [5.67993099 2.26984215 0.96198132 0.0684992  0.         1.
 0.13289323 0.3184558 ]
std.dev of utility differences - annuities d_value_1    4.723728
d_value_2    9.309537
d_value_3    5.274129
d_value_4    9.304000
dtype: float64
std.dev of utility differences - ltc d_value_5    1.137665
d_value_6    2.166731
d_value_7    1.171088
d_value_8    2.105802
dtype: float64
std.dev of utility differences - rmr d_value_9     3.550275
d_value_10    5.851498
d_value_11    3.523923
d_value_12    5.621897
dtype: float64
pars =  [5.63217841 2.27680831 0.96193971 0.06860454 0.         1.
 0.13319883 0.31948443]
- function call summary
ssd =  7852.806713954087  sigmas =  [[0.03178173 0.03178173]
 [0.20778132 0.20778132]
 [0.04327795 0.04327795]]
pars =  [5.63217841 2.27680831 0.96193971 0.06860454 0.         1.
 0.13319883 0.31948443]
std.dev of utility differences - annuities d_value_1    4.723150
d_value_2    9.303533
d_value_3    5.271306
d_value_4    9.292881
dtype: float64
std.dev of utility differences - ltc d_value_5    1.140362
d_value_6    2.170310
d_value_7    1.176802
d_value_8    2.186161
dtype: float64
std.dev of utility differences - rmr d_value_9     3.551482
d_value_10    5.860070
d_value_11    3.526539
d_value_12    5.623741
dtype: float64
pars =  [5.64627837 2.26054678 0.96197569 0.06833732 0.         1.
 0.13375761 0.31859576]
- function call summary
ssd =  7841.188669522266  sigmas =  [[0.03169207 0.03169207]
 [0.21203361 0.21203361]
 [0.04325993 0.04325993]]
pars =  [5.64627837 2.26054678 0.96197569 0.06833732 0.         1.
 0.13375761 0.31859576]
std.dev of utility differences - annuities d_value_1    4.745408
d_value_2    9.332497
d_value_3    5.300295
d_value_4    9.335483
dtype: float64
std.dev of utility differences - ltc d_value_5    1.146584
d_value_6    2.178144
d_value_7    1.184729
d_value_8    2.152043
dtype: float64
std.dev of utility differences - rmr d_value_9     3.557646
d_value_10    5.869340
d_value_11    3.548229
d_value_12    5.639853
dtype: float64
pars =  [5.68101426 2.26849646 0.96209766 0.06857762 0.         1.
 0.13310562 0.31552297]
- function call summary
ssd =  7833.941082719502  sigmas =  [[0.0317395  0.0317395 ]
 [0.21573087 0.21573087]
 [0.04330306 0.04330306]]
pars =  [5.68101426 2.26849646 0.96209766 0.06857762 0.         1.
 0.13310562 0.31552297]
std.dev of utility differences - annuities d_value_1    4.724261
d_value_2    9.308710
d_value_3    5.273077
d_value_4    9.304895
dtype: float64
std.dev of utility differences - ltc d_value_5    1.136974
d_value_6    2.167605
d_value_7    1.171037
d_value_8    2.106986
dtype: float64
std.dev of utility differences - rmr d_value_9     3.549505
d_value_10    5.847504
d_value_11    3.521795
d_value_12    5.619655
dtype: float64
pars =  [5.66828847 2.26547374 0.96176388 0.06872862 0.         1.
 0.13334397 0.31506867]
- function call summary
ssd =  7834.486680545378  sigmas =  [[0.03168082 0.03168082]
 [0.21526226 0.21526226]
 [0.04325744 0.04325744]]
pars =  [5.66828847 2.26547374 0.96176388 0.06872862 0.         1.
 0.13334397 0.31506867]
std.dev of utility differences - annuities d_value_1    4.731253
d_value_2    9.321903
d_value_3    5.286017
d_value_4    9.327492
dtype: float64
std.dev of utility differences - ltc d_value_5    1.140765
d_value_6    2.172732
d_value_7    1.173048
d_value_8    2.112214
dtype: float64
std.dev of utility differences - rmr d_value_9     3.552137
d_value_10    5.856297
d_value_11    3.543502
d_value_12    5.630896
dtype: float64
pars =  [5.70091732 2.25828689 0.96224403 0.06860761 0.         1.
 0.13320398 0.31777349]
- function call summary
ssd =  7835.314613553143  sigmas =  [[0.03158158 0.03158158]
 [0.21487669 0.21487669]
 [0.04332633 0.04332633]]
pars =  [5.70091732 2.25828689 0.96224403 0.06860761 0.         1.
 0.13320398 0.31777349]
std.dev of utility differences - annuities d_value_1    4.732698
d_value_2    9.361308
d_value_3    5.291859
d_value_4    9.339428
dtype: float64
std.dev of utility differences - ltc d_value_5    1.136983
d_value_6    2.171142
d_value_7    1.172809
d_value_8    2.111439
dtype: float64
std.dev of utility differences - rmr d_value_9     3.552271
d_value_10    5.852952
d_value_11    3.541470
d_value_12    5.628367
dtype: float64
pars =  [5.69655174 2.27499096 0.96235547 0.06862732 0.         1.
 0.13235286 0.31589191]
- function call summary
ssd =  7836.081355151199  sigmas =  [[0.03177191 0.03177191]
 [0.21532546 0.21532546]
 [0.04339862 0.04339862]]
pars =  [5.69655174 2.27499096 0.96235547 0.06862732 0.         1.
 0.13235286 0.31589191]
std.dev of utility differences - annuities d_value_1    4.715089
d_value_2    9.291000
d_value_3    5.267914
d_value_4    9.305457
dtype: float64
std.dev of utility differences - ltc d_value_5    1.138441
d_value_6    2.167910
d_value_7    1.172096
d_value_8    2.106313
dtype: float64
std.dev of utility differences - rmr d_value_9     3.542143
d_value_10    5.831683
d_value_11    3.527162
d_value_12    5.607889
dtype: float64
pars =  [5.71533054 2.27160798 0.96184327 0.0686134  0.         1.
 0.13262932 0.31532969]
- function call summary
ssd =  7835.846724249144  sigmas =  [[0.03173832 0.03173832]
 [0.21527147 0.21527147]
 [0.04339309 0.04339309]]
pars =  [5.71533054 2.27160798 0.96184327 0.0686134  0.         1.
 0.13262932 0.31532969]
std.dev of utility differences - annuities d_value_1    4.720592
d_value_2    9.296606
d_value_3    5.272690
d_value_4    9.306157
dtype: float64
std.dev of utility differences - ltc d_value_5    1.136792
d_value_6    2.164757
d_value_7    1.171119
d_value_8    2.105843
dtype: float64
std.dev of utility differences - rmr d_value_9     3.546120
d_value_10    5.838250
d_value_11    3.539961
d_value_12    5.611675
dtype: float64
pars =  [5.66770335 2.26401641 0.96214872 0.06855665 0.         1.
 0.1342986  0.31458217]
- function call summary
ssd =  7842.067826231648  sigmas =  [[0.03173523 0.03173523]
 [0.21173256 0.21173256]
 [0.04332132 0.04332132]]
pars =  [5.66770335 2.26401641 0.96214872 0.06855665 0.         1.
 0.1342986  0.31458217]
std.dev of utility differences - annuities d_value_1    4.732006
d_value_2    9.319904
d_value_3    5.280209
d_value_4    9.305763
dtype: float64
std.dev of utility differences - ltc d_value_5    1.134375
d_value_6    2.168060
d_value_7    1.171009
d_value_8    2.145254
dtype: float64
std.dev of utility differences - rmr d_value_9     3.551438
d_value_10    5.860543
d_value_11    3.527111
d_value_12    5.627350
dtype: float64
pars =  [5.69953435 2.26374758 0.96198116 0.06867494 0.         1.
 0.13282891 0.31814517]
- function call summary
ssd =  7836.263737764777  sigmas =  [[0.03166281 0.03166281]
 [0.21453585 0.21453585]
 [0.04330236 0.04330236]]
pars =  [5.69953435 2.26374758 0.96198116 0.06867494 0.         1.
 0.13282891 0.31814517]
std.dev of utility differences - annuities d_value_1    4.729745
d_value_2    9.323750
d_value_3    5.288524
d_value_4    9.338938
dtype: float64
std.dev of utility differences - ltc d_value_5    1.138037
d_value_6    2.171034
d_value_7    1.171997
d_value_8    2.111716
dtype: float64
std.dev of utility differences - rmr d_value_9     3.552355
d_value_10    5.852376
d_value_11    3.542268
d_value_12    5.627053
dtype: float64
pars =  [5.67694757 2.2743671  0.96197996 0.06862193 0.         1.
 0.13279606 0.31512643]
- function call summary
ssd =  7834.692320515059  sigmas =  [[0.03177871 0.03177871]
 [0.21569429 0.21569429]
 [0.04332256 0.04332256]]
pars =  [5.67694757 2.2743671  0.96197996 0.06862193 0.         1.
 0.13279606 0.31512643]
std.dev of utility differences - annuities d_value_1    4.718946
d_value_2    9.295884
d_value_3    5.269888
d_value_4    9.298512
dtype: float64
std.dev of utility differences - ltc d_value_5    1.139255
d_value_6    2.168567
d_value_7    1.172991
d_value_8    2.106526
dtype: float64
std.dev of utility differences - rmr d_value_9     3.546812
d_value_10    5.841696
d_value_11    3.519948
d_value_12    5.615060
dtype: float64
pars =  [5.67840034 2.26702442 0.96210085 0.06862509 0.         1.
 0.13302619 0.31561571]
- function call summary
ssd =  7834.384402183593  sigmas =  [[0.03171622 0.03171622]
 [0.21540797 0.21540797]
 [0.04330792 0.04330792]]
pars =  [5.67840034 2.26702442 0.96210085 0.06862509 0.         1.
 0.13302619 0.31561571]
std.dev of utility differences - annuities d_value_1    4.725722
d_value_2    9.314378
d_value_3    5.276489
d_value_4    9.314895
dtype: float64
std.dev of utility differences - ltc d_value_5    1.138280
d_value_6    2.168464
d_value_7    1.171455
d_value_8    2.108360
dtype: float64
std.dev of utility differences - rmr d_value_9     3.550019
d_value_10    5.848143
d_value_11    3.537956
d_value_12    5.622326
dtype: float64
pars =  [5.68558504 2.26810704 0.96207856 0.06844409 0.         1.
 0.13313271 0.31590438]
- function call summary
ssd =  7855.926946156123  sigmas =  [[0.03174991 0.03174991]
 [0.2065275  0.2065275 ]
 [0.04333026 0.04333026]]
pars =  [5.68558504 2.26810704 0.96207856 0.06844409 0.         1.
 0.13313271 0.31590438]
std.dev of utility differences - annuities d_value_1    4.723954
d_value_2    9.308090
d_value_3    5.271354
d_value_4    9.299100
dtype: float64
std.dev of utility differences - ltc d_value_5    1.134883
d_value_6    2.164440
d_value_7    1.169823
d_value_8    2.190415
dtype: float64
std.dev of utility differences - rmr d_value_9     3.547907
d_value_10    5.849483
d_value_11    3.522077
d_value_12    5.619812
dtype: float64
pars =  [5.68125832 2.26955128 0.96209333 0.06860704 0.         1.
 0.13315571 0.31573289]
- function call summary
ssd =  7833.63299190294  sigmas =  [[0.03174352 0.03174352]
 [0.21582608 0.21582608]
 [0.04330639 0.04330639]]
pars =  [5.68125832 2.26955128 0.96209333 0.06860704 0.         1.
 0.13315571 0.31573289]
std.dev of utility differences - annuities d_value_1    4.724174
d_value_2    9.306718
d_value_3    5.272393
d_value_4    9.303151
dtype: float64
std.dev of utility differences - ltc d_value_5    1.137033
d_value_6    2.167363
d_value_7    1.171057
d_value_8    2.106969
dtype: float64
std.dev of utility differences - rmr d_value_9     3.549502
d_value_10    5.846843
d_value_11    3.521711
d_value_12    5.618673
dtype: float64
pars =  [5.68270682 2.2697991  0.96210313 0.06865497 0.         1.
 0.13317468 0.31554807]
- function call summary
ssd =  7834.210878422973  sigmas =  [[0.03174373 0.03174373]
 [0.21563067 0.21563067]
 [0.04331497 0.04331497]]
pars =  [5.68270682 2.2697991  0.96210313 0.06865497 0.         1.
 0.13317468 0.31554807]
std.dev of utility differences - annuities d_value_1    4.724423
d_value_2    9.306817
d_value_3    5.273311
d_value_4    9.305306
dtype: float64
std.dev of utility differences - ltc d_value_5    1.137428
d_value_6    2.167934
d_value_7    1.171603
d_value_8    2.106889
dtype: float64
std.dev of utility differences - rmr d_value_9     3.549118
d_value_10    5.845449
d_value_11    3.521216
d_value_12    5.618232
dtype: float64
pars =  [5.6768886  2.2691206  0.96209014 0.06859193 0.         1.
 0.13321368 0.31584513]
- function call summary
ssd =  7855.940081555072  sigmas =  [[0.03174171 0.03174171]
 [0.20638253 0.20638253]
 [0.04329198 0.04329198]]
pars =  [5.6768886  2.2691206  0.96209014 0.06859193 0.         1.
 0.13321368 0.31584513]
std.dev of utility differences - annuities d_value_1    4.724695
d_value_2    9.308153
d_value_3    5.272400
d_value_4    9.302611
dtype: float64
std.dev of utility differences - ltc d_value_5    1.137106
d_value_6    2.167918
d_value_7    1.171297
d_value_8    2.193846
dtype: float64
std.dev of utility differences - rmr d_value_9     3.549902
d_value_10    5.849260
d_value_11    3.522727
d_value_12    5.620362
dtype: float64
pars =  [5.68631263 2.26907745 0.96208435 0.06861693 0.         1.
 0.13311774 0.31574957]
- function call summary
ssd =  7834.272788067179  sigmas =  [[0.03174018 0.03174018]
 [0.21562566 0.21562566]
 [0.04331103 0.04331103]]
pars =  [5.68631263 2.26907745 0.96208435 0.06861693 0.         1.
 0.13311774 0.31574957]
std.dev of utility differences - annuities d_value_1    4.724531
d_value_2    9.307576
d_value_3    5.273666
d_value_4    9.305598
dtype: float64
std.dev of utility differences - ltc d_value_5    1.136710
d_value_6    2.167124
d_value_7    1.171337
d_value_8    2.106169
dtype: float64
std.dev of utility differences - rmr d_value_9     3.549106
d_value_10    5.845560
d_value_11    3.521255
d_value_12    5.618262
dtype: float64
pars =  [5.68172029 2.27041361 0.96211813 0.06860341 0.         1.
 0.13307612 0.31578398]
- function call summary
ssd =  7834.206107549086  sigmas =  [[0.03175342 0.03175342]
 [0.21569714 0.21569714]
 [0.04330413 0.04330413]]
pars =  [5.68172029 2.27041361 0.96211813 0.06860341 0.         1.
 0.13307612 0.31578398]
std.dev of utility differences - annuities d_value_1    4.722894
d_value_2    9.305018
d_value_3    5.271880
d_value_4    9.301574
dtype: float64
std.dev of utility differences - ltc d_value_5    1.137193
d_value_6    2.167554
d_value_7    1.172001
d_value_8    2.106867
dtype: float64
std.dev of utility differences - rmr d_value_9     3.548324
d_value_10    5.845476
d_value_11    3.521293
d_value_12    5.617404
dtype: float64
pars =  [5.68330136 2.27079949 0.96208815 0.06859105 0.         1.
 0.13322343 0.31557973]
- function call summary
ssd =  7858.583594824419  sigmas =  [[0.03176076 0.03176076]
 [0.20545742 0.20545742]
 [0.0433191  0.0433191 ]]
pars =  [5.68330136 2.27079949 0.96208815 0.06859105 0.         1.
 0.13322343 0.31557973]
std.dev of utility differences - annuities d_value_1    4.722717
d_value_2    9.304069
d_value_3    5.270575
d_value_4    9.297422
dtype: float64
std.dev of utility differences - ltc d_value_5    1.136685
d_value_6    2.166300
d_value_7    1.171497
d_value_8    2.201499
dtype: float64
std.dev of utility differences - rmr d_value_9     3.547215
d_value_10    5.845145
d_value_11    3.521387
d_value_12    5.616814
dtype: float64
pars =  [5.68035717 2.26901507 0.96206067 0.06862172 0.         1.
 0.13317503 0.31566193]
- function call summary
ssd =  7834.0856501178305  sigmas =  [[0.03173987 0.03173987]
 [0.21567843 0.21567843]
 [0.04329746 0.04329746]]
pars =  [5.68035717 2.26901507 0.96206067 0.06862172 0.         1.
 0.13317503 0.31566193]
std.dev of utility differences - annuities d_value_1    4.724996
d_value_2    9.308750
d_value_3    5.273880
d_value_4    9.305410
dtype: float64
std.dev of utility differences - ltc d_value_5    1.137059
d_value_6    2.167844
d_value_7    1.171495
d_value_8    2.107071
dtype: float64
std.dev of utility differences - rmr d_value_9     3.550010
d_value_10    5.847747
d_value_11    3.522241
d_value_12    5.619884
dtype: float64
pars =  [5.68193285 2.26873398 0.96208971 0.06865264 0.         1.
 0.13310298 0.31589016]
- function call summary
ssd =  7834.40810083392  sigmas =  [[0.03173119 0.03173119]
 [0.2155023  0.2155023 ]
 [0.0432934  0.0432934 ]]
pars =  [5.68193285 2.26873398 0.96208971 0.06865264 0.         1.
 0.13310298 0.31589016]
std.dev of utility differences - annuities d_value_1    4.725036
d_value_2    9.310567
d_value_3    5.274472
d_value_4    9.309675
dtype: float64
std.dev of utility differences - ltc d_value_5    1.137962
d_value_6    2.168174
d_value_7    1.171411
d_value_8    2.107310
dtype: float64
std.dev of utility differences - rmr d_value_9     3.549784
d_value_10    5.847293
d_value_11    3.523014
d_value_12    5.620147
dtype: float64
pars =  [5.68319371 2.26821093 0.9621108  0.06860534 0.         1.
 0.13319136 0.31588544]
- function call summary
ssd =  7833.868513613734  sigmas =  [[0.03173717 0.03173717]
 [0.21572594 0.21572594]
 [0.0432946  0.0432946 ]]
pars =  [5.68319371 2.26821093 0.9621108  0.06860534 0.         1.
 0.13319136 0.31588544]
std.dev of utility differences - annuities d_value_1    4.725547
d_value_2    9.310335
d_value_3    5.273865
d_value_4    9.306424
dtype: float64
std.dev of utility differences - ltc d_value_5    1.136295
d_value_6    2.167329
d_value_7    1.171037
d_value_8    2.106820
dtype: float64
std.dev of utility differences - rmr d_value_9     3.550164
d_value_10    5.847541
d_value_11    3.522777
d_value_12    5.619678
dtype: float64
pars =  [5.67987487 2.26892364 0.96207598 0.06863473 0.         1.
 0.13308492 0.31559449]
- function call summary
ssd =  7834.421461965285  sigmas =  [[0.0317349  0.0317349 ]
 [0.21556395 0.21556395]
 [0.04329658 0.04329658]]
pars =  [5.67987487 2.26892364 0.96207598 0.06863473 0.         1.
 0.13308492 0.31559449]
std.dev of utility differences - annuities d_value_1    4.724493
d_value_2    9.309441
d_value_3    5.273798
d_value_4    9.307901
dtype: float64
std.dev of utility differences - ltc d_value_5    1.137323
d_value_6    2.168123
d_value_7    1.171572
d_value_8    2.107511
dtype: float64
std.dev of utility differences - rmr d_value_9     3.549996
d_value_10    5.847555
d_value_11    3.522453
d_value_12    5.620054
dtype: float64
pars =  [5.68250809 2.26928082 0.96208353 0.0685488  0.         1.
 0.13313341 0.3158404 ]
- function call summary
ssd =  7862.4176313066055  sigmas =  [[0.03174948 0.03174948]
 [0.20369586 0.20369586]
 [0.04330306 0.04330306]]
pars =  [5.68250809 2.26928082 0.96208353 0.0685488  0.         1.
 0.13313341 0.3158404 ]
std.dev of utility differences - annuities d_value_1    4.723653
d_value_2    9.307159
d_value_3    5.271391
d_value_4    9.300344
dtype: float64
std.dev of utility differences - ltc d_value_5    1.136448
d_value_6    2.166320
d_value_7    1.170983
d_value_8    2.220732
dtype: float64
std.dev of utility differences - rmr d_value_9     3.548672
d_value_10    5.847333
d_value_11    3.522306
d_value_12    5.618408
dtype: float64
pars =  [5.68161328 2.26782989 0.96210687 0.06862652 0.         1.
 0.13317085 0.31559568]
- function call summary
ssd =  7834.056335043382  sigmas =  [[0.03173086 0.03173086]
 [0.21560965 0.21560965]
 [0.04329529 0.04329529]]
pars =  [5.68161328 2.26782989 0.96210687 0.06862652 0.         1.
 0.13317085 0.31559568]
std.dev of utility differences - annuities d_value_1    4.725436
d_value_2    9.311806
d_value_3    5.274740
d_value_4    9.308812
dtype: float64
std.dev of utility differences - ltc d_value_5    1.137247
d_value_6    2.167648
d_value_7    1.171133
d_value_8    2.106827
dtype: float64
std.dev of utility differences - rmr d_value_9     3.549697
d_value_10    5.848381
d_value_11    3.523042
d_value_12    5.620622
dtype: float64
pars =  [5.68227012 2.26955469 0.96209779 0.06863633 0.         1.
 0.1331625  0.31577593]
- function call summary
ssd =  7834.183832425515  sigmas =  [[0.03174148 0.03174148]
 [0.21565327 0.21565327]
 [0.04331064 0.04331064]]
pars =  [5.68227012 2.26955469 0.96209779 0.06863633 0.         1.
 0.1331625  0.31577593]
std.dev of utility differences - annuities d_value_1    4.724483
d_value_2    9.307446
d_value_3    5.273433
d_value_4    9.305152
dtype: float64
std.dev of utility differences - ltc d_value_5    1.137194
d_value_6    2.167653
d_value_7    1.171694
d_value_8    2.106868
dtype: float64
std.dev of utility differences - rmr d_value_9     3.549417
d_value_10    5.846159
d_value_11    3.521541
d_value_12    5.618735
dtype: float64
pars =  [5.68125803 2.2694317  0.96209406 0.06860415 0.         1.
 0.13315282 0.31571153]
- function call summary
ssd =  7833.609043953295  sigmas =  [[0.0317426  0.0317426 ]
 [0.21583341 0.21583341]
 [0.04330542 0.04330542]]
pars =  [5.68125803 2.2694317  0.96209406 0.06860415 0.         1.
 0.13315282 0.31571153]
std.dev of utility differences - annuities d_value_1    4.724250
d_value_2    9.306957
d_value_3    5.272504
d_value_4    9.303093
dtype: float64
std.dev of utility differences - ltc d_value_5    1.136945
d_value_6    2.167502
d_value_7    1.171100
d_value_8    2.107054
dtype: float64
std.dev of utility differences - rmr d_value_9     3.549466
d_value_10    5.846951
d_value_11    3.521694
d_value_12    5.618784
dtype: float64
pars =  [5.68139537 2.2691421  0.96209437 0.06861288 0.         1.
 0.13313133 0.31572975]
- function call summary
ssd =  7834.164086723501  sigmas =  [[0.03174014 0.03174014]
 [0.21566558 0.21566558]
 [0.04330378 0.04330378]]
pars =  [5.68139537 2.2691421  0.96209437 0.06861288 0.         1.
 0.13313133 0.31572975]
std.dev of utility differences - annuities d_value_1    4.724341
d_value_2    9.307949
d_value_3    5.273504
d_value_4    9.305183
dtype: float64
std.dev of utility differences - ltc d_value_5    1.137079
d_value_6    2.167750
d_value_7    1.171295
d_value_8    2.107035
dtype: float64
std.dev of utility differences - rmr d_value_9     3.549549
d_value_10    5.846879
d_value_11    3.521738
d_value_12    5.619083
dtype: float64
pars =  [5.68075589 2.26937904 0.96209464 0.06860353 0.         1.
 0.13315675 0.31571816]
- function call summary
ssd =  7833.7177354264895  sigmas =  [[0.03174245 0.03174245]
 [0.21579826 0.21579826]
 [0.04330009 0.04330009]]
pars =  [5.68075589 2.26937904 0.96209464 0.06860353 0.         1.
 0.13315675 0.31571816]
std.dev of utility differences - annuities d_value_1    4.724297
d_value_2    9.307061
d_value_3    5.272469
d_value_4    9.303219
dtype: float64
std.dev of utility differences - ltc d_value_5    1.136972
d_value_6    2.167724
d_value_7    1.171114
d_value_8    2.106992
dtype: float64
std.dev of utility differences - rmr d_value_9     3.549536
d_value_10    5.847144
d_value_11    3.521802
d_value_12    5.618908
dtype: float64
pars =  [5.6811351  2.26946134 0.96209601 0.06860859 0.         1.
 0.13315393 0.31569662]
- function call summary
ssd =  7833.735455242399  sigmas =  [[0.0317423  0.0317423 ]
 [0.21579998 0.21579998]
 [0.04330238 0.04330238]]
pars =  [5.6811351  2.26946134 0.96209601 0.06860859 0.         1.
 0.13315393 0.31569662]
std.dev of utility differences - annuities d_value_1    4.724284
d_value_2    9.306928
d_value_3    5.272452
d_value_4    9.303351
dtype: float64
std.dev of utility differences - ltc d_value_5    1.136990
d_value_6    2.167583
d_value_7    1.171162
d_value_8    2.106983
dtype: float64
std.dev of utility differences - rmr d_value_9     3.549490
d_value_10    5.846886
d_value_11    3.521670
d_value_12    5.618832
dtype: float64
pars =  [5.68115178 2.26939434 0.96209102 0.06860641 0.         1.
 0.13315469 0.31570073]
- function call summary
ssd =  7833.676382268746  sigmas =  [[0.03174113 0.03174113]
 [0.21581825 0.21581825]
 [0.04330136 0.04330136]]
pars =  [5.68115178 2.26939434 0.96209102 0.06860641 0.         1.
 0.13315469 0.31570073]
std.dev of utility differences - annuities d_value_1    4.724346
d_value_2    9.307186
d_value_3    5.272531
d_value_4    9.303062
dtype: float64
std.dev of utility differences - ltc d_value_5    1.137050
d_value_6    2.167583
d_value_7    1.171243
d_value_8    2.106974
dtype: float64
std.dev of utility differences - rmr d_value_9     3.549515
d_value_10    5.847015
d_value_11    3.521710
d_value_12    5.618903
dtype: float64
pars =  [5.68151953 2.26928498 0.96209491 0.06860586 0.         1.
 0.13315931 0.31571561]
- function call summary
ssd =  7833.8253553133945  sigmas =  [[0.03173946 0.03173946]
 [0.2157798  0.2157798 ]
 [0.04330473 0.04330473]]
pars =  [5.68151953 2.26928498 0.96209491 0.06860586 0.         1.
 0.13315931 0.31571561]
std.dev of utility differences - annuities d_value_1    4.724591
d_value_2    9.307389
d_value_3    5.272564
d_value_4    9.303811
dtype: float64
std.dev of utility differences - ltc d_value_5    1.136880
d_value_6    2.167572
d_value_7    1.171278
d_value_8    2.106943
dtype: float64
std.dev of utility differences - rmr d_value_9     3.549569
d_value_10    5.846873
d_value_11    3.521640
d_value_12    5.618568
dtype: float64
pars =  [5.68131418 2.26951972 0.96209657 0.06860332 0.         1.
 0.13314588 0.31572044]
- function call summary
ssd =  7833.7398229047685  sigmas =  [[0.03174424 0.03174424]
 [0.21579859 0.21579859]
 [0.04329718 0.04329718]]
pars =  [5.68131418 2.26951972 0.96209657 0.06860332 0.         1.
 0.13314588 0.31572044]
std.dev of utility differences - annuities d_value_1    4.724179
d_value_2    9.306654
d_value_3    5.272396
d_value_4    9.302966
dtype: float64
std.dev of utility differences - ltc d_value_5    1.136942
d_value_6    2.167765
d_value_7    1.171061
d_value_8    2.107031
dtype: float64
std.dev of utility differences - rmr d_value_9     3.549345
d_value_10    5.846720
d_value_11    3.521576
d_value_12    5.618842
dtype: float64
pars =  [5.68094357 2.2694021  0.96209394 0.06860222 0.         1.
 0.13314661 0.31569209]
- function call summary
ssd =  7833.705305633699  sigmas =  [[0.03174237 0.03174237]
 [0.21580107 0.21580107]
 [0.04330404 0.04330404]]
pars =  [5.68094357 2.2694021  0.96209394 0.06860222 0.         1.
 0.13314661 0.31569209]
std.dev of utility differences - annuities d_value_1    4.724197
d_value_2    9.306938
d_value_3    5.272503
d_value_4    9.303195
dtype: float64
std.dev of utility differences - ltc d_value_5    1.136943
d_value_6    2.167754
d_value_7    1.171065
d_value_8    2.107085
dtype: float64
std.dev of utility differences - rmr d_value_9     3.549426
d_value_10    5.847032
d_value_11    3.521727
d_value_12    5.618630
dtype: float64
pars =  [5.68140442 2.26955798 0.96209391 0.06860191 0.         1.
 0.13316074 0.31569885]
- function call summary
ssd =  7833.779723138117  sigmas =  [[0.03174413 0.03174413]
 [0.21579422 0.21579422]
 [0.04329847 0.04329847]]
pars =  [5.68140442 2.26955798 0.96209391 0.06860191 0.         1.
 0.13316074 0.31569885]
std.dev of utility differences - annuities d_value_1    4.724066
d_value_2    9.306536
d_value_3    5.271934
d_value_4    9.302687
dtype: float64
std.dev of utility differences - ltc d_value_5    1.136986
d_value_6    2.167556
d_value_7    1.170961
d_value_8    2.106876
dtype: float64
std.dev of utility differences - rmr d_value_9     3.549330
d_value_10    5.846723
d_value_11    3.521681
d_value_12    5.618825
dtype: float64
pars =  [5.68150572 2.2694965  0.9620932  0.06860893 0.         1.
 0.13314825 0.31571987]
- function call summary
ssd =  7833.641805761778  sigmas =  [[0.03174189 0.03174189]
 [0.21581986 0.21581986]
 [0.04330593 0.04330593]]
pars =  [5.68150572 2.2694965  0.9620932  0.06860893 0.         1.
 0.13314825 0.31571987]
std.dev of utility differences - annuities d_value_1    4.724180
d_value_2    9.306902
d_value_3    5.272467
d_value_4    9.303379
dtype: float64
std.dev of utility differences - ltc d_value_5    1.136951
d_value_6    2.167580
d_value_7    1.171153
d_value_8    2.107061
dtype: float64
std.dev of utility differences - rmr d_value_9     3.549437
d_value_10    5.846818
d_value_11    3.521680
d_value_12    5.618627
dtype: float64
pars =  [5.68139783 2.26941338 0.96209266 0.06859893 0.         1.
 0.13315028 0.31572449]
- function call summary
ssd =  7833.763770578191  sigmas =  [[0.03174331 0.03174331]
 [0.2158186  0.2158186 ]
 [0.04329638 0.04329638]]
pars =  [5.68139783 2.26941338 0.96209266 0.06859893 0.         1.
 0.13315028 0.31572449]
std.dev of utility differences - annuities d_value_1    4.724233
d_value_2    9.306771
d_value_3    5.272454
d_value_4    9.302950
dtype: float64
std.dev of utility differences - ltc d_value_5    1.136869
d_value_6    2.167588
d_value_7    1.171027
d_value_8    2.106593
dtype: float64
std.dev of utility differences - rmr d_value_9     3.549442
d_value_10    5.846962
d_value_11    3.521688
d_value_12    5.618803
dtype: float64
pars =  [5.68089902 2.26951061 0.96209377 0.06860007 0.         1.
 0.13315662 0.31570536]
- function call summary
ssd =  7833.779693347083  sigmas =  [[0.03174378 0.03174378]
 [0.21579899 0.21579899]
 [0.04329763 0.04329763]]
pars =  [5.68089902 2.26951061 0.96209377 0.06860007 0.         1.
 0.13315662 0.31570536]
std.dev of utility differences - annuities d_value_1    4.724014
d_value_2    9.306590
d_value_3    5.272098
d_value_4    9.302674
dtype: float64
std.dev of utility differences - ltc d_value_5    1.136983
d_value_6    2.167590
d_value_7    1.170963
d_value_8    2.106804
dtype: float64
std.dev of utility differences - rmr d_value_9     3.549402
d_value_10    5.846904
d_value_11    3.521783
d_value_12    5.619011
dtype: float64
pars =  [5.68119962 2.26930362 0.96209412 0.06860723 0.         1.
 0.13314477 0.31572168]
- function call summary
ssd =  7833.799185481566  sigmas =  [[0.03174312 0.03174312]
 [0.21576773 0.21576773]
 [0.04330405 0.04330405]]
pars =  [5.68119962 2.26930362 0.96209412 0.06860723 0.         1.
 0.13314477 0.31572168]
std.dev of utility differences - annuities d_value_1    4.724576
d_value_2    9.307387
d_value_3    5.272945
d_value_4    9.303793
dtype: float64
std.dev of utility differences - ltc d_value_5    1.136955
d_value_6    2.167724
d_value_7    1.171324
d_value_8    2.107052
dtype: float64
std.dev of utility differences - rmr d_value_9     3.549565
d_value_10    5.846937
d_value_11    3.521684
d_value_12    5.618670
dtype: float64
pars =  [5.68131965 2.26931836 0.96209242 0.06860183 0.         1.
 0.13314996 0.31569215]
- function call summary
ssd =  7833.633147939134  sigmas =  [[0.03174204 0.03174204]
 [0.21582355 0.21582355]
 [0.04330068 0.04330068]]
pars =  [5.68131965 2.26931836 0.96209242 0.06860183 0.         1.
 0.13314996 0.31569215]
std.dev of utility differences - annuities d_value_1    4.724307
d_value_2    9.307136
d_value_3    5.272511
d_value_4    9.303288
dtype: float64
std.dev of utility differences - ltc d_value_5    1.137005
d_value_6    2.167547
d_value_7    1.171115
d_value_8    2.107027
dtype: float64
std.dev of utility differences - rmr d_value_9     3.549504
d_value_10    5.847022
d_value_11    3.521670
d_value_12    5.618799
dtype: float64
pars =  [5.68138637 2.26947428 0.96209283 0.06860515 0.         1.
 0.13315138 0.31571559]
- function call summary
ssd =  7833.623151758377  sigmas =  [[0.03174261 0.03174261]
 [0.21582799 0.21582799]
 [0.04330602 0.04330602]]
pars =  [5.68138637 2.26947428 0.96209283 0.06860515 0.         1.
 0.13315138 0.31571559]
std.dev of utility differences - annuities d_value_1    4.724199
d_value_2    9.306813
d_value_3    5.272533
d_value_4    9.303176
dtype: float64
std.dev of utility differences - ltc d_value_5    1.136975
d_value_6    2.167483
d_value_7    1.171105
d_value_8    2.107052
dtype: float64
std.dev of utility differences - rmr d_value_9     3.549448
d_value_10    5.846864
d_value_11    3.521683
d_value_12    5.618664
dtype: float64
pars =  [5.68122421 2.26943923 0.96209401 0.06860396 0.         1.
 0.13315209 0.31571033]
- function call summary
ssd =  7833.716003237236  sigmas =  [[0.03174248 0.03174248]
 [0.21579739 0.21579739]
 [0.0433054  0.0433054 ]]
pars =  [5.68122421 2.26943923 0.96209401 0.06860396 0.         1.
 0.13315209 0.31571033]
std.dev of utility differences - annuities d_value_1    4.724206
d_value_2    9.306922
d_value_3    5.272487
d_value_4    9.303095
dtype: float64
std.dev of utility differences - ltc d_value_5    1.136952
d_value_6    2.167752
d_value_7    1.171075
d_value_8    2.107055
dtype: float64
std.dev of utility differences - rmr d_value_9     3.549465
d_value_10    5.846949
d_value_11    3.521694
d_value_12    5.618772
dtype: float64
pars =  [5.68136273 2.26941922 0.96209426 0.06860444 0.         1.
 0.13315445 0.3157139 ]
- function call summary
ssd =  7833.613224599367  sigmas =  [[0.03174267 0.03174267]
 [0.21582966 0.21582966]
 [0.04330546 0.04330546]]
pars =  [5.68136273 2.26941922 0.96209426 0.06860444 0.         1.
 0.13315445 0.3157139 ]
std.dev of utility differences - annuities d_value_1    4.724268
d_value_2    9.306977
d_value_3    5.272514
d_value_4    9.303094
dtype: float64
std.dev of utility differences - ltc d_value_5    1.136988
d_value_6    2.167506
d_value_7    1.171084
d_value_8    2.107045
dtype: float64
std.dev of utility differences - rmr d_value_9     3.549460
d_value_10    5.846928
d_value_11    3.521690
d_value_12    5.618721
dtype: float64
pars =  [5.68125022 2.26941842 0.96209406 0.06860442 0.         1.
 0.13315202 0.31571261]
- function call summary
ssd =  7833.621918559602  sigmas =  [[0.03174234 0.03174234]
 [0.21582822 0.21582822]
 [0.04330492 0.04330492]]
pars =  [5.68125022 2.26941842 0.96209406 0.06860442 0.         1.
 0.13315202 0.31571261]
std.dev of utility differences - annuities d_value_1    4.724252
d_value_2    9.306988
d_value_3    5.272520
d_value_4    9.303145
dtype: float64
std.dev of utility differences - ltc d_value_5    1.136995
d_value_6    2.167541
d_value_7    1.171111
d_value_8    2.107064
dtype: float64
std.dev of utility differences - rmr d_value_9     3.549472
d_value_10    5.846964
d_value_11    3.521702
d_value_12    5.618695
dtype: float64
pars =  [5.68126227 2.2694251  0.962094   0.06860425 0.         1.
 0.13315399 0.31571245]
- function call summary
ssd =  7833.600459681793  sigmas =  [[0.03174264 0.03174264]
 [0.21583341 0.21583341]
 [0.04330537 0.04330537]]
pars =  [5.68126227 2.2694251  0.962094   0.06860425 0.         1.
 0.13315399 0.31571245]
std.dev of utility differences - annuities d_value_1    4.724261
d_value_2    9.306973
d_value_3    5.272511
d_value_4    9.303093
dtype: float64
std.dev of utility differences - ltc d_value_5    1.136983
d_value_6    2.167541
d_value_7    1.171103
d_value_8    2.107055
dtype: float64
std.dev of utility differences - rmr d_value_9     3.549470
d_value_10    5.846959
d_value_11    3.521698
d_value_12    5.618793
dtype: float64
pars =  [5.68128143 2.26943322 0.96209429 0.06860412 0.         1.
 0.13315374 0.31571324]
- function call summary
ssd =  7833.606621763708  sigmas =  [[0.03174265 0.03174265]
 [0.21583434 0.21583434]
 [0.04330545 0.04330545]]
pars =  [5.68128143 2.26943322 0.96209429 0.06860412 0.         1.
 0.13315374 0.31571324]
std.dev of utility differences - annuities d_value_1    4.724252
d_value_2    9.306946
d_value_3    5.272503
d_value_4    9.303078
dtype: float64
std.dev of utility differences - ltc d_value_5    1.136941
d_value_6    2.167504
d_value_7    1.171101
d_value_8    2.107054
dtype: float64
std.dev of utility differences - rmr d_value_9     3.549466
d_value_10    5.846940
d_value_11    3.521687
d_value_12    5.618764
dtype: float64
pars =  [5.68125272 2.26943042 0.96209413 0.0686048  0.         1.
 0.13315416 0.31571127]
- function call summary
ssd =  7833.608526806214  sigmas =  [[0.03174261 0.03174261]
 [0.21583121 0.21583121]
 [0.04330536 0.04330536]]
pars =  [5.68125272 2.26943042 0.96209413 0.0686048  0.         1.
 0.13315416 0.31571127]
std.dev of utility differences - annuities d_value_1    4.724261
d_value_2    9.306964
d_value_3    5.272512
d_value_4    9.303104
dtype: float64
std.dev of utility differences - ltc d_value_5    1.136993
d_value_6    2.167545
d_value_7    1.171110
d_value_8    2.107058
dtype: float64
std.dev of utility differences - rmr d_value_9     3.549470
d_value_10    5.846952
d_value_11    3.521697
d_value_12    5.618790
dtype: float64
pars =  [5.68129271 2.26941579 0.96209398 0.06860413 0.         1.
 0.13315381 0.31571024]
- function call summary
ssd =  7833.611123601808  sigmas =  [[0.03174263 0.03174263]
 [0.21583084 0.21583084]
 [0.04330505 0.04330505]]
pars =  [5.68129271 2.26941579 0.96209398 0.06860413 0.         1.
 0.13315381 0.31571024]
std.dev of utility differences - annuities d_value_1    4.724268
d_value_2    9.306986
d_value_3    5.272514
d_value_4    9.303104
dtype: float64
std.dev of utility differences - ltc d_value_5    1.136982
d_value_6    2.167530
d_value_7    1.171098
d_value_8    2.107051
dtype: float64
std.dev of utility differences - rmr d_value_9     3.549470
d_value_10    5.846960
d_value_11    3.521698
d_value_12    5.618689
dtype: float64
pars =  [5.68127361 2.26942305 0.96209386 0.06860372 0.         1.
 0.13315369 0.31571376]
- function call summary
ssd =  7833.611558559938  sigmas =  [[0.03174252 0.03174252]
 [0.21583418 0.21583418]
 [0.04330506 0.04330506]]
pars =  [5.68127361 2.26942305 0.96209386 0.06860372 0.         1.
 0.13315369 0.31571376]
std.dev of utility differences - annuities d_value_1    4.724257
d_value_2    9.306966
d_value_3    5.272507
d_value_4    9.303077
dtype: float64
std.dev of utility differences - ltc d_value_5    1.136929
d_value_6    2.167493
d_value_7    1.171093
d_value_8    2.107043
dtype: float64
std.dev of utility differences - rmr d_value_9     3.549470
d_value_10    5.846964
d_value_11    3.521699
d_value_12    5.618688
dtype: float64
pars =  [5.68129594 2.26943706 0.96209386 0.06860454 0.         1.
 0.1331538  0.31571289]
- function call summary
ssd =  7833.608396649954  sigmas =  [[0.03174268 0.03174268]
 [0.21583251 0.21583251]
 [0.04330549 0.04330549]]
pars =  [5.68129594 2.26943706 0.96209386 0.06860454 0.         1.
 0.1331538  0.31571289]
std.dev of utility differences - annuities d_value_1    4.724258
d_value_2    9.306947
d_value_3    5.272507
d_value_4    9.303087
dtype: float64
std.dev of utility differences - ltc d_value_5    1.136945
d_value_6    2.167500
d_value_7    1.171102
d_value_8    2.107052
dtype: float64
std.dev of utility differences - rmr d_value_9     3.549463
d_value_10    5.846937
d_value_11    3.521690
d_value_12    5.618773
dtype: float64
pars =  [5.68126821 2.26943884 0.96209397 0.06860397 0.         1.
 0.13315455 0.31571079]
- function call summary
ssd =  7833.608421011924  sigmas =  [[0.03174279 0.03174279]
 [0.21583604 0.21583604]
 [0.04330582 0.04330582]]
pars =  [5.68126821 2.26943884 0.96209397 0.06860397 0.         1.
 0.13315455 0.31571079]
std.dev of utility differences - annuities d_value_1    4.724229
d_value_2    9.306929
d_value_3    5.272491
d_value_4    9.303046
dtype: float64
std.dev of utility differences - ltc d_value_5    1.136965
d_value_6    2.167390
d_value_7    1.171086
d_value_8    2.106979
dtype: float64
std.dev of utility differences - rmr d_value_9     3.549462
d_value_10    5.846939
d_value_11    3.521685
d_value_12    5.618662
dtype: float64
pars =  [5.68121063 2.26941965 0.96209389 0.06860431 0.         1.
 0.13315415 0.31571233]
- function call summary
ssd =  7833.706979332117  sigmas =  [[0.03174244 0.03174244]
 [0.21579556 0.21579556]
 [0.04330556 0.04330556]]
pars =  [5.68121063 2.26941965 0.96209389 0.06860431 0.         1.
 0.13315415 0.31571233]
std.dev of utility differences - annuities d_value_1    4.724265
d_value_2    9.306993
d_value_3    5.272516
d_value_4    9.303110
dtype: float64
std.dev of utility differences - ltc d_value_5    1.136986
d_value_6    2.167794
d_value_7    1.171096
d_value_8    2.107060
dtype: float64
std.dev of utility differences - rmr d_value_9     3.549479
d_value_10    5.846982
d_value_11    3.521711
d_value_12    5.618714
dtype: float64
pars =  [5.68124013 2.26941525 0.96209423 0.06860406 0.         1.
 0.13315445 0.31571179]
- function call summary
ssd =  7833.609899172403  sigmas =  [[0.0317425  0.0317425 ]
 [0.21583232 0.21583232]
 [0.0433053  0.0433053 ]]
pars =  [5.68124013 2.26941525 0.96209423 0.06860406 0.         1.
 0.13315445 0.31571179]
std.dev of utility differences - annuities d_value_1    4.724266
d_value_2    9.306990
d_value_3    5.272514
d_value_4    9.303095
dtype: float64
std.dev of utility differences - ltc d_value_5    1.136980
d_value_6    2.167535
d_value_7    1.171100
d_value_8    2.107052
dtype: float64
std.dev of utility differences - rmr d_value_9     3.549475
d_value_10    5.846976
d_value_11    3.521705
d_value_12    5.618602
dtype: float64
pars =  [5.68129731 2.2694163  0.96209415 0.06860443 0.         1.
 0.1331534  0.315713  ]
- function call summary
ssd =  7833.606496322636  sigmas =  [[0.03174264 0.03174264]
 [0.21583129 0.21583129]
 [0.04330497 0.04330497]]
pars =  [5.68129731 2.2694163  0.96209415 0.06860443 0.         1.
 0.1331534  0.315713  ]
std.dev of utility differences - annuities d_value_1    4.724264
d_value_2    9.306989
d_value_3    5.272521
d_value_4    9.303127
dtype: float64
std.dev of utility differences - ltc d_value_5    1.136992
d_value_6    2.167536
d_value_7    1.171109
d_value_8    2.107045
dtype: float64
std.dev of utility differences - rmr d_value_9     3.549470
d_value_10    5.846960
d_value_11    3.521698
d_value_12    5.618643
dtype: float64
pars =  [5.68129991 2.26942238 0.96209406 0.06860429 0.         1.
 0.13315491 0.31571308]
- function call summary
ssd =  7833.607685574726  sigmas =  [[0.03174271 0.03174271]
 [0.21583082 0.21583082]
 [0.04330543 0.04330543]]
pars =  [5.68129991 2.26942238 0.96209406 0.06860429 0.         1.
 0.13315491 0.31571308]
std.dev of utility differences - annuities d_value_1    4.724270
d_value_2    9.306975
d_value_3    5.272513
d_value_4    9.303079
dtype: float64
std.dev of utility differences - ltc d_value_5    1.136978
d_value_6    2.167531
d_value_7    1.171105
d_value_8    2.107049
dtype: float64
std.dev of utility differences - rmr d_value_9     3.549468
d_value_10    5.846953
d_value_11    3.521696
d_value_12    5.618788
dtype: float64
pars =  [5.6812796  2.26942753 0.96209425 0.06860418 0.         1.
 0.13315459 0.31571105]
- function call summary
ssd =  7833.597985509434  sigmas =  [[0.03174272 0.03174272]
 [0.21583485 0.21583485]
 [0.04330581 0.04330581]]
pars =  [5.6812796  2.26942753 0.96209425 0.06860418 0.         1.
 0.13315459 0.31571105]
std.dev of utility differences - annuities d_value_1    4.724260
d_value_2    9.306962
d_value_3    5.272505
d_value_4    9.303067
dtype: float64
std.dev of utility differences - ltc d_value_5    1.136937
d_value_6    2.167497
d_value_7    1.171103
d_value_8    2.107050
dtype: float64
std.dev of utility differences - rmr d_value_9     3.549465
d_value_10    5.846949
d_value_11    3.521693
d_value_12    5.618685
dtype: float64
pars =  [5.68129418 2.2694272  0.96209401 0.06860392 0.         1.
 0.13315406 0.31571243]
- function call summary
ssd =  7833.602349932421  sigmas =  [[0.03174269 0.03174269]
 [0.21583446 0.21583446]
 [0.04330549 0.04330549]]
pars =  [5.68129418 2.2694272  0.96209401 0.06860392 0.         1.
 0.13315406 0.31571243]
std.dev of utility differences - annuities d_value_1    4.724261
d_value_2    9.306961
d_value_3    5.272505
d_value_4    9.303068
dtype: float64
std.dev of utility differences - ltc d_value_5    1.136934
d_value_6    2.167493
d_value_7    1.171095
d_value_8    2.107046
dtype: float64
std.dev of utility differences - rmr d_value_9     3.549466
d_value_10    5.846951
d_value_11    3.521693
d_value_12    5.618783
dtype: float64
estimates =  [5.6812796  2.26942753 0.96209425 0.06860418 0.         1.
 0.13315459 0.31571105]
final distance =  7833.597985509434
