respid    
87      1    -0.833508
        2    -0.547547
        3    -0.734535
        4     2.115590
        5     0.114529
        6     0.174122
        7    -0.436065
        8     0.147414
        9    -0.073492
        10   -0.033860
        11    0.064250
        12    0.043101
94      1    -1.606375
        2     1.487891
        3     1.673064
        4    -1.554580
        5    -0.351006
        6     0.459372
        7    -0.024956
        8    -0.083410
        9     2.122726
        10   -0.722171
        11   -0.680569
        12   -0.719987
109     1     0.200282
        2    -0.231229
        3    -0.061093
        4     0.092040
        5     0.126444
        6     0.523039
        7    -0.526440
        8    -0.123043
        9     0.000000
        10    0.000000
        11    0.000000
        12    0.000000
127     1     0.074272
        2     0.020939
        3     0.019310
        4    -0.114521
        5     1.473152
        6    -0.884217
        7    -1.015984
        8     0.427049
        9     0.000000
        10    0.000000
        11    0.000000
        12    0.000000
159     1    -0.006939
        2     0.005436
dtype: float64
0
1
2
3
4
5
                  0         1         2  ...          6         7         8
respid                                   ...                               
87     1   0.011004 -0.005727  0.001262  ...   0.540600  0.000000  0.000000
       2   0.017761  0.079601  0.005457  ...  -8.468128 -0.000000 -0.000000
       3  -0.006146 -0.002672  0.000613  ...  -2.577395 -0.000000 -0.000000
       4  -0.022620 -0.071201 -0.007332  ...  10.504922  0.000000  0.000000
       5  -0.031182 -0.071164 -0.007896  ...   0.000000  1.453649  0.000000
       6   0.004511  0.046109  0.007577  ...  -0.000000 -0.963443 -0.000000
       7  -0.009490 -0.036185 -0.013519  ...   0.000000  1.106580  0.000000
       8   0.036161  0.061240  0.013839  ...  -0.000000 -1.596786 -0.000000
       9  -0.014193 -0.016181  0.000489  ...   0.000000  0.000000  1.697058
       10 -0.008959 -0.003680 -0.001399  ...   0.000000  0.000000  0.781887
       11  0.009671  0.009602  0.003206  ...  -0.000000 -0.000000 -1.483657
       12  0.013480  0.010258 -0.002295  ...  -0.000000 -0.000000 -0.995288
94     1   0.000090  0.035564 -0.001948  ...  -1.689475 -0.000000 -0.000000
       2  -0.002682 -0.084780  0.004074  ...   3.701565  0.000000  0.000000
       3  -0.012399  0.004245  0.002324  ...   1.309116  0.000000  0.000000
       4   0.014991  0.044971 -0.004450  ...  -3.321206 -0.000000 -0.000000
       5  -0.047989 -0.102788  0.020118  ...   0.000000  1.952392  0.000000
       6   0.109594  0.163571 -0.040178  ...  -0.000000 -3.854256 -0.000000
       7   0.025802 -0.026189  0.005690  ...   0.000000  0.441746  0.000000
       8  -0.087407 -0.034594  0.014370  ...   0.000000  1.460119  0.000000
       9  -0.012414  0.015775  0.063200  ...  -0.000000 -0.000000 -0.467727
       10  0.012622 -0.017089 -0.064070  ...   0.000000  0.000000  0.492937
       11 -0.012414  0.015775  0.063200  ...  -0.000000 -0.000000 -0.467727
       12  0.012206 -0.014462 -0.062330  ...   0.000000  0.000000  0.442516
109    1   0.007705  0.099668 -0.001545  ...  -6.309562 -0.000000 -0.000000
       2  -0.011044 -0.099149 -0.004350  ...   7.284494  0.000000  0.000000
       3  -0.006761 -0.008225  0.006158  ...   1.924625  0.000000  0.000000
       4   0.010099  0.007706 -0.000263  ...  -2.899557 -0.000000 -0.000000
       5   0.091179 -0.038668  0.005021  ...  -0.000000 -0.585837 -0.000000
       6  -0.075731  0.197989 -0.006520  ...  -0.000000 -2.423335 -0.000000
       7   0.082677 -0.204286  0.009907  ...   0.000000  2.439094  0.000000
       8  -0.098125  0.044965 -0.008408  ...   0.000000  0.570079  0.000000
       9   0.000000  0.000000  0.000000  ...   0.000000  0.000000  0.000000
       10  0.000000  0.000000  0.000000  ...   0.000000  0.000000  0.000000
       11  0.000000  0.000000  0.000000  ...   0.000000  0.000000  0.000000
       12  0.000000  0.000000  0.000000  ...   0.000000  0.000000  0.000000
127    1   0.011922  0.023921 -0.001457  ...  -2.339822 -0.000000 -0.000000
       2  -0.000974  0.005126 -0.000965  ...  -0.659647 -0.000000 -0.000000
       3  -0.007264  0.011051 -0.000607  ...  -0.608336 -0.000000 -0.000000
       4  -0.003685 -0.040098  0.003030  ...   3.607805  0.000000  0.000000
       5  -0.036738 -0.076624  0.000653  ...   0.000000  0.448456  0.000000
       6  -0.128315 -0.116083  0.008650  ...   0.000000  1.672123  0.000000
       7  -0.100743 -0.180185  0.013693  ...   0.000000  2.282626  0.000000
       8   0.265796  0.372892 -0.022996  ...  -0.000000 -4.403205 -0.000000
       9   0.000000  0.000000  0.000000  ...   0.000000  0.000000  0.000000
       10  0.000000  0.000000  0.000000  ...   0.000000  0.000000  0.000000
       11  0.000000  0.000000  0.000000  ...   0.000000  0.000000  0.000000
       12  0.000000  0.000000  0.000000  ...   0.000000  0.000000  0.000000
159    1  -0.000800 -0.004750 -0.000140  ...   0.218614  0.000000  0.000000
       2   0.000677  0.004126  0.000159  ...  -0.171241 -0.000000 -0.000000

[50 rows x 9 columns]
9
