                      count       mean  ...        75%        max
price_ann_fair_avg   1581.0  15.945764  ...  17.934919  19.957125
price_ltci_fair_avg  1581.0   0.099788  ...   0.106325   0.155646
price_rmr_fair_avg   1581.0   0.001429  ...   0.001976   0.003307

[3 rows x 8 columns]
                  count       mean       std  ...        50%        75%        max
price_ann_fair   1581.0  15.945764  2.867897  ...  16.013926  18.172969  22.441229
price_ltci_fair  1581.0   0.099788  0.076636  ...   0.078538   0.105408   1.325088
price_rmr_fair   1581.0   0.001429  0.004086  ...   0.000062   0.001371   0.050000

[3 rows x 8 columns]
                 count      mean       std  min  25%  50%  75%  max
buy_ann_joint   1581.0  0.339342  0.233565  0.0  0.0  0.5  0.5  0.5
buy_ltci_joint  1581.0  0.059456  0.161894  0.0  0.0  0.0  0.0  0.5
buy_rmr_joint   1581.0  0.793169  0.405161  0.0  1.0  1.0  1.0  1.0
                count      mean       std  min  25%  50%  75%  max
buy_ann_indp   1581.0  0.295383  0.245924  0.0  0.0  0.5  0.5  0.5
buy_ltci_indp  1581.0  0.011069  0.073589  0.0  0.0  0.0  0.0  0.5
buy_rmr_indp   1581.0  0.769133  0.421521  0.0  1.0  1.0  1.0  1.0
                      count       mean  ...        75%        max
price_ann_fair_avg   1581.0  15.945764  ...  17.934919  19.957125
price_ltci_fair_avg  1581.0   0.099788  ...   0.106325   0.155646
price_rmr_fair_avg   1581.0   0.001429  ...   0.001976   0.003307

[3 rows x 8 columns]
                  count       mean       std  ...        50%        75%        max
price_ann_fair   1581.0  15.945764  2.867897  ...  16.013926  18.172969  22.441229
price_ltci_fair  1581.0   0.099788  0.076636  ...   0.078538   0.105408   1.325088
price_rmr_fair   1581.0   0.001429  0.004086  ...   0.000062   0.001371   0.050000

[3 rows x 8 columns]
                 count      mean       std  min  25%  50%  75%  max
buy_ann_joint   1581.0  0.273245  0.248996  0.0  0.0  0.5  0.5  0.5
buy_ltci_joint  1581.0  0.382985  0.211762  0.0  0.5  0.5  0.5  0.5
buy_rmr_joint   1581.0  0.201771  0.401449  0.0  0.0  0.0  0.0  1.0
                count      mean       std  min  25%  50%  75%  max
buy_ann_indp   1581.0  0.263441  0.249717  0.0  0.0  0.5  0.5  0.5
buy_ltci_indp  1581.0  0.404175  0.196862  0.0  0.5  0.5  0.5  0.5
buy_rmr_indp   1581.0  0.206199  0.404703  0.0  0.0  0.0  0.0  1.0
                      count       mean  ...        75%        max
price_ann_fair_avg   1581.0  15.945764  ...  17.934919  19.957125
price_ltci_fair_avg  1581.0   0.099788  ...   0.106325   0.155646
price_rmr_fair_avg   1581.0   0.001429  ...   0.001976   0.003307

[3 rows x 8 columns]
                  count       mean       std  ...        50%        75%        max
price_ann_fair   1581.0  15.945764  2.867897  ...  16.013926  18.172969  22.441229
price_ltci_fair  1581.0   0.099788  0.076636  ...   0.078538   0.105408   1.325088
price_rmr_fair   1581.0   0.001429  0.004086  ...   0.000062   0.001371   0.050000

[3 rows x 8 columns]
                 count      mean       std  min  25%  50%  75%  max
buy_ann_joint   1581.0  0.316572  0.241050  0.0  0.0  0.5  0.5  0.5
buy_ltci_joint  1581.0  0.256483  0.249995  0.0  0.0  0.5  0.5  0.5
buy_rmr_joint   1581.0  0.454775  0.498108  0.0  0.0  0.0  1.0  1.0
                count      mean       std  min  25%  50%  75%  max
buy_ann_indp   1581.0  0.279886  0.248286  0.0  0.0  0.5  0.5  0.5
buy_ltci_indp  1581.0  0.229918  0.249271  0.0  0.0  0.0  0.5  0.5
buy_rmr_indp   1581.0  0.359899  0.480122  0.0  0.0  0.0  1.0  1.0
                      count       mean  ...        75%        max
price_ann_fair_avg   1581.0  15.945764  ...  17.934919  19.957125
price_ltci_fair_avg  1581.0   0.099788  ...   0.106325   0.155646
price_rmr_fair_avg   1581.0   0.001429  ...   0.001976   0.003307

[3 rows x 8 columns]
                  count       mean       std  ...        50%        75%        max
price_ann_fair   1581.0  15.945764  2.867897  ...  16.013926  18.172969  22.441229
price_ltci_fair  1581.0   0.099788  0.076636  ...   0.078538   0.105408   1.325088
price_rmr_fair   1581.0   0.001429  0.004086  ...   0.000062   0.001371   0.050000

[3 rows x 8 columns]
                 count      mean       std  min  25%  50%  75%  max
buy_ann_joint   1581.0  0.280835  0.248170  0.0  0.0  0.5  0.5  0.5
buy_ltci_joint  1581.0  0.233713  0.249548  0.0  0.0  0.0  0.5  0.5
buy_rmr_joint   1581.0  0.323846  0.468090  0.0  0.0  0.0  1.0  1.0
                count      mean       std  min  25%  50%  75%  max
buy_ann_indp   1581.0  0.289058  0.247008  0.0  0.0  0.5  0.5  0.5
buy_ltci_indp  1581.0  0.230867  0.249346  0.0  0.0  0.0  0.5  0.5
buy_rmr_indp   1581.0  0.250474  0.433423  0.0  0.0  0.0  1.0  1.0
                      count       mean  ...        75%        max
price_ann_fair_avg   1581.0  15.945764  ...  17.934919  19.957125
price_ltci_fair_avg  1581.0   0.099788  ...   0.106325   0.155646
price_rmr_fair_avg   1581.0   0.001429  ...   0.001976   0.003307

[3 rows x 8 columns]
                  count       mean       std  ...        50%        75%        max
price_ann_fair   1581.0  15.945764  2.867897  ...  16.013926  18.172969  22.441229
price_ltci_fair  1581.0   0.099788  0.076636  ...   0.078538   0.105408   1.325088
price_rmr_fair   1581.0   0.001429  0.004086  ...   0.000062   0.001371   0.050000

[3 rows x 8 columns]
                 count      mean       std  min  25%  50%  75%  max
buy_ann_joint   1581.0  0.328906  0.237296  0.0  0.0  0.5  0.5  0.5
buy_ltci_joint  1581.0  0.044276  0.142093  0.0  0.0  0.0  0.0  0.5
buy_rmr_joint   1581.0  0.695762  0.460229  0.0  0.0  1.0  1.0  1.0
                count      mean       std  min  25%  50%  75%  max
buy_ann_indp   1581.0  0.303289  0.244332  0.0  0.0  0.5  0.5  0.5
buy_ltci_indp  1581.0  0.008223  0.063610  0.0  0.0  0.0  0.0  0.5
buy_rmr_indp   1581.0  0.683744  0.465161  0.0  0.0  1.0  1.0  1.0
                      count       mean  ...        75%        max
price_ann_fair_avg   1581.0  15.945764  ...  17.934919  19.957125
price_ltci_fair_avg  1581.0   0.099788  ...   0.106325   0.155646
price_rmr_fair_avg   1581.0   0.001429  ...   0.001976   0.003307

[3 rows x 8 columns]
                  count       mean       std  ...        50%        75%        max
price_ann_fair   1581.0  15.945764  2.867897  ...  16.013926  18.172969  22.441229
price_ltci_fair  1581.0   0.099788  0.076636  ...   0.078538   0.105408   1.325088
price_rmr_fair   1581.0   0.001429  0.004086  ...   0.000062   0.001371   0.050000

[3 rows x 8 columns]
                 count      mean       std  min  25%  50%  75%  max
buy_ann_joint   1581.0  0.338710  0.233806  0.0  0.0  0.5  0.5  0.5
buy_ltci_joint  1581.0  0.205250  0.246040  0.0  0.0  0.0  0.5  0.5
buy_rmr_joint   1581.0  0.598988  0.490259  0.0  0.0  1.0  1.0  1.0
                count      mean       std  min  25%  50%  75%  max
buy_ann_indp   1581.0  0.287793  0.247205  0.0  0.0  0.5  0.5  0.5
buy_ltci_indp  1581.0  0.141050  0.225082  0.0  0.0  0.0  0.5  0.5
buy_rmr_indp   1581.0  0.512334  0.500006  0.0  0.0  1.0  1.0  1.0
                      count       mean  ...        75%        max
price_ann_fair_avg   1581.0  15.945764  ...  17.934919  19.957125
price_ltci_fair_avg  1581.0   0.099788  ...   0.106325   0.155646
price_rmr_fair_avg   1581.0   0.001429  ...   0.001976   0.003307

[3 rows x 8 columns]
                  count       mean       std  ...        50%        75%        max
price_ann_fair   1581.0  15.945764  2.867897  ...  16.013926  18.172969  22.441229
price_ltci_fair  1581.0   0.099788  0.076636  ...   0.078538   0.105408   1.325088
price_rmr_fair   1581.0   0.001429  0.004086  ...   0.000062   0.001371   0.050000

[3 rows x 8 columns]
                 count      mean       std  min  25%  50%  75%  max
buy_ann_joint   1581.0  0.084124  0.187102  0.0  0.0  0.0  0.0  0.5
buy_ltci_joint  1581.0  0.344719  0.231435  0.0  0.0  0.5  0.5  0.5
buy_rmr_joint   1581.0  0.793169  0.405161  0.0  1.0  1.0  1.0  1.0
                count      mean       std  min  25%  50%  75%  max
buy_ann_indp   1581.0  0.051233  0.151679  0.0  0.0  0.0  0.0  0.5
buy_ltci_indp  1581.0  0.426312  0.177296  0.0  0.5  0.5  0.5  0.5
buy_rmr_indp   1581.0  0.789374  0.407882  0.0  1.0  1.0  1.0  1.0
                      count       mean  ...        75%        max
price_ann_fair_avg   1581.0  15.945764  ...  17.934919  19.957125
price_ltci_fair_avg  1581.0   0.099788  ...   0.106325   0.155646
price_rmr_fair_avg   1581.0   0.001429  ...   0.001976   0.003307

[3 rows x 8 columns]
                  count       mean       std  ...        50%        75%        max
price_ann_fair   1581.0  15.945764  2.867897  ...  16.013926  18.172969  22.441229
price_ltci_fair  1581.0   0.099788  0.076636  ...   0.078538   0.105408   1.325088
price_rmr_fair   1581.0   0.001429  0.004086  ...   0.000062   0.001371   0.050000

[3 rows x 8 columns]
                 count      mean       std  min  25%  50%  75%  max
buy_ann_joint   1581.0  0.332068  0.236220  0.0  0.0  0.5  0.5  0.5
buy_ltci_joint  1581.0  0.150538  0.229435  0.0  0.0  0.0  0.5  0.5
buy_rmr_joint   1581.0  0.721063  0.448619  0.0  0.0  1.0  1.0  1.0
                count      mean       std  min  25%  50%  75%  max
buy_ann_indp   1581.0  0.299178  0.245193  0.0  0.0  0.5  0.5  0.5
buy_ltci_indp  1581.0  0.131562  0.220234  0.0  0.0  0.0  0.5  0.5
buy_rmr_indp   1581.0  0.722328  0.447993  0.0  0.0  1.0  1.0  1.0
                      count       mean  ...        75%        max
price_ann_fair_avg   1581.0  15.945764  ...  17.934919  19.957125
price_ltci_fair_avg  1581.0   0.099788  ...   0.106325   0.155646
price_rmr_fair_avg   1581.0   0.001429  ...   0.001976   0.003307

[3 rows x 8 columns]
                  count       mean       std  ...        50%        75%        max
price_ann_fair   1581.0  15.945764  2.867897  ...  16.013926  18.172969  22.441229
price_ltci_fair  1581.0   0.099788  0.076636  ...   0.078538   0.105408   1.325088
price_rmr_fair   1581.0   0.001429  0.004086  ...   0.000062   0.001371   0.050000

[3 rows x 8 columns]
                 count      mean       std  min  25%  50%  75%  max
buy_ann_joint   1581.0  0.333333  0.235777  0.0  0.0  0.5  0.5  0.5
buy_ltci_joint  1581.0  0.033523  0.125091  0.0  0.0  0.0  0.0  0.5
buy_rmr_joint   1581.0  0.908286  0.288713  0.0  1.0  1.0  1.0  1.0
                count      mean       std  min  25%  50%  75%  max
buy_ann_indp   1581.0  0.257432  0.249969  0.0  0.0  0.5  0.5  0.5
buy_ltci_indp  1581.0  0.000316  0.012575  0.0  0.0  0.0  0.0  0.5
buy_rmr_indp   1581.0  0.882985  0.321539  0.0  1.0  1.0  1.0  1.0
                      count       mean  ...        75%        max
price_ann_fair_avg   1581.0  15.945764  ...  17.934919  19.957125
price_ltci_fair_avg  1581.0   0.099788  ...   0.106325   0.155646
price_rmr_fair_avg   1581.0   0.001429  ...   0.001976   0.003307

[3 rows x 8 columns]
                  count       mean       std  ...        50%        75%        max
price_ann_fair   1581.0  15.945764  2.867897  ...  16.013926  18.172969  22.441229
price_ltci_fair  1581.0   0.099788  0.076636  ...   0.078538   0.105408   1.325088
price_rmr_fair   1581.0   0.001429  0.004086  ...   0.000062   0.001371   0.050000

[3 rows x 8 columns]
                 count      mean       std  min  25%  50%  75%  max
buy_ann_joint   1581.0  0.323213  0.239115  0.0  0.0  0.5  0.5  0.5
buy_ltci_joint  1581.0  0.331752  0.236330  0.0  0.0  0.5  0.5  0.5
buy_rmr_joint   1581.0  0.614801  0.486796  0.0  0.0  1.0  1.0  1.0
                count      mean       std  min  25%  50%  75%  max
buy_ann_indp   1581.0  0.283681  0.247799  0.0  0.0  0.5  0.5  0.5
buy_ltci_indp  1581.0  0.356420  0.226290  0.0  0.0  0.5  0.5  0.5
buy_rmr_indp   1581.0  0.681847  0.465907  0.0  0.0  1.0  1.0  1.0
                      count       mean  ...        75%        max
price_ann_fair_avg   1581.0  15.945764  ...  17.934919  19.957125
price_ltci_fair_avg  1581.0   0.099788  ...   0.106325   0.155646
price_rmr_fair_avg   1581.0   0.001429  ...   0.001976   0.003307

[3 rows x 8 columns]
                  count       mean       std  ...        50%        75%        max
price_ann_fair   1581.0  15.945764  2.867897  ...  16.013926  18.172969  22.441229
price_ltci_fair  1581.0   0.099788  0.076636  ...   0.078538   0.105408   1.325088
price_rmr_fair   1581.0   0.001429  0.004086  ...   0.000062   0.001371   0.050000

[3 rows x 8 columns]
                 count      mean       std  min  25%  50%  75%  max
buy_ann_joint   1581.0  0.360848  0.224153  0.0  0.0  0.5  0.5  0.5
buy_ltci_joint  1581.0  0.264390  0.249665  0.0  0.0  0.5  0.5  0.5
buy_rmr_joint   1581.0  0.438963  0.496417  0.0  0.0  0.0  1.0  1.0
                count      mean       std  min  25%  50%  75%  max
buy_ann_indp   1581.0  0.275459  0.248779  0.0  0.0  0.5  0.5  0.5
buy_ltci_indp  1581.0  0.233080  0.249506  0.0  0.0  0.0  0.5  0.5
buy_rmr_indp   1581.0  0.411765  0.492309  0.0  0.0  0.0  1.0  1.0
                      count       mean  ...        75%        max
price_ann_fair_avg   1581.0  15.945764  ...  17.934919  19.957125
price_ltci_fair_avg  1581.0   0.099788  ...   0.106325   0.155646
price_rmr_fair_avg   1581.0   0.001429  ...   0.001976   0.003307

[3 rows x 8 columns]
                  count       mean       std  ...        50%        75%        max
price_ann_fair   1581.0  15.945764  2.867897  ...  16.013926  18.172969  22.441229
price_ltci_fair  1581.0   0.099788  0.076636  ...   0.078538   0.105408   1.325088
price_rmr_fair   1581.0   0.001429  0.004086  ...   0.000062   0.001371   0.050000

[3 rows x 8 columns]
                 count      mean       std  min  25%  50%  75%  max
buy_ann_joint   1581.0  0.313409  0.241901  0.0  0.0  0.5  0.5  0.5
buy_ltci_joint  1581.0  0.064200  0.167320  0.0  0.0  0.0  0.0  0.5
buy_rmr_joint   1581.0  0.855787  0.351416  0.0  1.0  1.0  1.0  1.0
                count      mean       std  min  25%  50%  75%  max
buy_ann_indp   1581.0  0.296331  0.245747  0.0  0.0  0.5  0.5  0.5
buy_ltci_indp  1581.0  0.006325  0.055897  0.0  0.0  0.0  0.0  0.5
buy_rmr_indp   1581.0  0.823529  0.381341  0.0  1.0  1.0  1.0  1.0
                      count       mean  ...        75%        max
price_ann_fair_avg   1581.0  15.945764  ...  17.934919  19.957125
price_ltci_fair_avg  1581.0   0.099788  ...   0.106325   0.155646
price_rmr_fair_avg   1581.0   0.001429  ...   0.001976   0.003307

[3 rows x 8 columns]
                  count       mean       std  ...        50%        75%        max
price_ann_fair   1581.0  15.945764  2.867897  ...  16.013926  18.172969  22.441229
price_ltci_fair  1581.0   0.099788  0.076636  ...   0.078538   0.105408   1.325088
price_rmr_fair   1581.0   0.001429  0.004086  ...   0.000062   0.001371   0.050000

[3 rows x 8 columns]
                 count      mean       std  min  25%  50%  75%  max
buy_ann_joint   1581.0  0.306452  0.243620  0.0  0.0  0.5  0.5  0.5
buy_ltci_joint  1581.0  0.064832  0.168020  0.0  0.0  0.0  0.0  0.5
buy_rmr_joint   1581.0  0.895636  0.305829  0.0  1.0  1.0  1.0  1.0
                count      mean       std  min  25%  50%  75%  max
buy_ann_indp   1581.0  0.301392  0.244738  0.0  0.0  0.5  0.5  0.5
buy_ltci_indp  1581.0  0.005060  0.050060  0.0  0.0  0.0  0.0  0.5
buy_rmr_indp   1581.0  0.876028  0.329654  0.0  1.0  1.0  1.0  1.0
                      count       mean  ...        75%        max
price_ann_fair_avg   1581.0  15.945764  ...  17.934919  19.957125
price_ltci_fair_avg  1581.0   0.099788  ...   0.106325   0.155646
price_rmr_fair_avg   1581.0   0.001429  ...   0.001976   0.003307

[3 rows x 8 columns]
                  count       mean       std  ...        50%        75%        max
price_ann_fair   1581.0  15.945764  2.867897  ...  16.013926  18.172969  22.441229
price_ltci_fair  1581.0   0.099788  0.076636  ...   0.078538   0.105408   1.325088
price_rmr_fair   1581.0   0.001429  0.004086  ...   0.000062   0.001371   0.050000

[3 rows x 8 columns]
                 count      mean       std  min  25%  50%  75%  max
buy_ann_joint   1581.0  0.310879  0.242551  0.0  0.0  0.5  0.5  0.5
buy_ltci_joint  1581.0  0.038267  0.132967  0.0  0.0  0.0  0.0  0.5
buy_rmr_joint   1581.0  0.832385  0.373643  0.0  1.0  1.0  1.0  1.0
                count      mean       std  min  25%  50%  75%  max
buy_ann_indp   1581.0  0.258697  0.249928  0.0  0.0  0.5  0.5  0.5
buy_ltci_indp  1581.0  0.001265  0.025126  0.0  0.0  0.0  0.0  0.5
buy_rmr_indp   1581.0  0.805187  0.396182  0.0  1.0  1.0  1.0  1.0
                      count       mean  ...        75%        max
price_ann_fair_avg   1581.0  15.945764  ...  17.934919  19.957125
price_ltci_fair_avg  1581.0   0.099788  ...   0.106325   0.155646
price_rmr_fair_avg   1581.0   0.001429  ...   0.001976   0.003307

[3 rows x 8 columns]
                  count       mean       std  ...        50%        75%        max
price_ann_fair   1581.0  15.945764  2.867897  ...  16.013926  18.172969  22.441229
price_ltci_fair  1581.0   0.099788  0.076636  ...   0.078538   0.105408   1.325088
price_rmr_fair   1581.0   0.001429  0.004086  ...   0.000062   0.001371   0.050000

[3 rows x 8 columns]
                 count      mean       std  min  25%  50%  75%  max
buy_ann_joint   1581.0  0.375395  0.216346  0.0  0.5  0.5  0.5  0.5
buy_ltci_joint  1581.0  0.069260  0.172777  0.0  0.0  0.0  0.0  0.5
buy_rmr_joint   1581.0  0.722960  0.447678  0.0  0.0  1.0  1.0  1.0
                count      mean       std  min  25%  50%  75%  max
buy_ann_indp   1581.0  0.243201  0.249987  0.0  0.0  0.0  0.5  0.5
buy_ltci_indp  1581.0  0.023403  0.105645  0.0  0.0  0.0  0.0  0.5
buy_rmr_indp   1581.0  0.713472  0.452282  0.0  0.0  1.0  1.0  1.0
                      count       mean  ...        75%        max
price_ann_fair_avg   1581.0  19.134917  ...  21.521902  23.948551
price_ltci_fair_avg  1581.0   0.119746  ...   0.127590   0.186776
price_rmr_fair_avg   1581.0   0.021429  ...   0.021976   0.023307

[3 rows x 8 columns]
                  count       mean       std  ...        50%        75%        max
price_ann_fair   1581.0  19.134917  3.441476  ...  19.216711  21.807563  26.929475
price_ltci_fair  1581.0   0.119746  0.091963  ...   0.094246   0.126489   1.590105
price_rmr_fair   1581.0   0.021429  0.004086  ...   0.020062   0.021371   0.070000

[3 rows x 8 columns]
                 count      mean       std  min  25%  50%  75%  max
buy_ann_joint   1581.0  0.225490  0.248874  0.0  0.0  0.0  0.5  0.5
buy_ltci_joint  1581.0  0.049652  0.149582  0.0  0.0  0.0  0.0  0.5
buy_rmr_joint   1581.0  0.762808  0.425495  0.0  1.0  1.0  1.0  1.0
                count      mean       std  min  25%  50%  75%  max
buy_ann_indp   1581.0  0.197976  0.244604  0.0  0.0  0.0  0.5  0.5
buy_ltci_indp  1581.0  0.004428  0.046857  0.0  0.0  0.0  0.0  0.5
buy_rmr_indp   1581.0  0.745098  0.435944  0.0  0.0  1.0  1.0  1.0
                      count       mean  ...        75%        max
price_ann_fair_avg   1581.0  15.945764  ...  17.934919  19.957125
price_ltci_fair_avg  1581.0   0.099788  ...   0.106325   0.155646
price_rmr_fair_avg   1581.0   0.001429  ...   0.001976   0.003307

[3 rows x 8 columns]
                  count       mean       std  ...        50%        75%        max
price_ann_fair   1581.0  15.945764  2.867897  ...  16.013926  18.172969  22.441229
price_ltci_fair  1581.0   0.099788  0.076636  ...   0.078538   0.105408   1.325088
price_rmr_fair   1581.0   0.001429  0.004086  ...   0.000062   0.001371   0.050000

[3 rows x 8 columns]
                 count      mean       std  min  25%  50%  75%  max
buy_ann_joint   1581.0  0.383934  0.211163  0.0  0.5  0.5  0.5  0.5
buy_ltci_joint  1581.0  0.087603  0.190132  0.0  0.0  0.0  0.0  0.5
buy_rmr_joint   1581.0  0.501581  0.500156  0.0  0.0  1.0  1.0  1.0
                count      mean       std  min  25%  50%  75%  max
buy_ann_indp   1581.0  0.325743  0.238325  0.0  0.0  0.5  0.5  0.5
buy_ltci_indp  1581.0  0.055028  0.156530  0.0  0.0  0.0  0.0  0.5
buy_rmr_indp   1581.0  0.410500  0.492080  0.0  0.0  0.0  1.0  1.0
                      count       mean  ...        75%        max
price_ann_fair_avg   1581.0  15.945764  ...  17.934919  19.957125
price_ltci_fair_avg  1581.0   0.099788  ...   0.106325   0.155646
price_rmr_fair_avg   1581.0   0.001429  ...   0.001976   0.003307

[3 rows x 8 columns]
                  count       mean       std  ...        50%        75%        max
price_ann_fair   1581.0  15.945764  2.867897  ...  16.013926  18.172969  22.441229
price_ltci_fair  1581.0   0.099788  0.076636  ...   0.078538   0.105408   1.325088
price_rmr_fair   1581.0   0.001429  0.004086  ...   0.000062   0.001371   0.050000

[3 rows x 8 columns]
                 count      mean       std  min  25%  50%  75%  max
buy_ann_joint   1581.0  0.403542  0.197356  0.0  0.5  0.5  0.5  0.5
buy_ltci_joint  1581.0  0.035737  0.128848  0.0  0.0  0.0  0.0  0.5
buy_rmr_joint   1581.0  0.662239  0.473096  0.0  0.0  1.0  1.0  1.0
                count      mean       std  min  25%  50%  75%  max
buy_ann_indp   1581.0  0.344086  0.231693  0.0  0.0  0.5  0.5  0.5
buy_ltci_indp  1581.0  0.003479  0.041574  0.0  0.0  0.0  0.0  0.5
buy_rmr_indp   1581.0  0.554712  0.497155  0.0  0.0  1.0  1.0  1.0
                      count       mean  ...        75%        max
price_ann_fair_avg   1581.0  15.945764  ...  17.934919  19.957125
price_ltci_fair_avg  1581.0   0.099788  ...   0.106325   0.155646
price_rmr_fair_avg   1581.0   0.001429  ...   0.001976   0.003307

[3 rows x 8 columns]
                  count       mean       std  ...        50%        75%        max
price_ann_fair   1581.0  15.945764  2.867897  ...  16.013926  18.172969  22.441229
price_ltci_fair  1581.0   0.099788  0.076636  ...   0.078538   0.105408   1.325088
price_rmr_fair   1581.0   0.001429  0.004086  ...   0.000062   0.001371   0.050000

[3 rows x 8 columns]
                 count      mean       std  min  25%  50%  75%  max
buy_ann_joint   1581.0  0.381404  0.212748  0.0  0.5  0.5  0.5  0.5
buy_ltci_joint  1581.0  0.000000  0.000000  0.0  0.0  0.0  0.0  0.0
buy_rmr_joint   1581.0  0.829855  0.375879  0.0  1.0  1.0  1.0  1.0
                count      mean       std  min  25%  50%  75%  max
buy_ann_indp   1581.0  0.313725  0.241818  0.0  0.0  0.5  0.5  0.5
buy_ltci_indp  1581.0  0.000000  0.000000  0.0  0.0  0.0  0.0  0.0
buy_rmr_indp   1581.0  0.777989  0.415730  0.0  1.0  1.0  1.0  1.0
                      count       mean  ...        75%        max
price_ann_fair_avg   1581.0  15.945764  ...  17.934919  19.957125
price_ltci_fair_avg  1581.0   0.099788  ...   0.106325   0.155646
price_rmr_fair_avg   1581.0   0.001429  ...   0.001976   0.003307

[3 rows x 8 columns]
                  count       mean       std  ...        50%        75%        max
price_ann_fair   1581.0  15.945764  2.867897  ...  16.013926  18.172969  22.441229
price_ltci_fair  1581.0   0.099788  0.076636  ...   0.078538   0.105408   1.325088
price_rmr_fair   1581.0   0.001429  0.004086  ...   0.000062   0.001371   0.050000

[3 rows x 8 columns]
                 count      mean       std  min  25%  50%  75%  max
buy_ann_joint   1581.0  0.356736  0.226141  0.0  0.0  0.5  0.5  0.5
buy_ltci_joint  1581.0  0.228020  0.249111  0.0  0.0  0.0  0.5  0.5
buy_rmr_joint   1581.0  0.000000  0.000000  0.0  0.0  0.0  0.0  0.0
                count      mean       std  min  25%  50%  75%  max
buy_ann_indp   1581.0  0.358318  0.225387  0.0  0.0  0.5  0.5  0.5
buy_ltci_indp  1581.0  0.279886  0.248286  0.0  0.0  0.5  0.5  0.5
buy_rmr_indp   1581.0  0.000000  0.000000  0.0  0.0  0.0  0.0  0.0
                      count       mean  ...        75%        max
price_ann_fair_avg   1581.0  15.945764  ...  17.934919  19.957125
price_ltci_fair_avg  1581.0   0.099788  ...   0.106325   0.155646
price_rmr_fair_avg   1581.0   0.001429  ...   0.001976   0.003307

[3 rows x 8 columns]
                  count       mean       std  ...        50%        75%        max
price_ann_fair   1581.0  15.945764  2.867897  ...  16.013926  18.172969  22.441229
price_ltci_fair  1581.0   0.099788  0.076636  ...   0.078538   0.105408   1.325088
price_rmr_fair   1581.0   0.001429  0.004086  ...   0.000062   0.001371   0.050000

[3 rows x 8 columns]
                 count      mean       std  min  25%  50%  75%  max
buy_ann_joint   1581.0  0.451297  0.148302  0.0  0.5  0.5  0.5  0.5
buy_ltci_joint  1581.0  0.000000  0.000000  0.0  0.0  0.0  0.0  0.0
buy_rmr_joint   1581.0  0.000000  0.000000  0.0  0.0  0.0  0.0  0.0
                count      mean       std  min  25%  50%  75%  max
buy_ann_indp   1581.0  0.451297  0.148302  0.0  0.5  0.5  0.5  0.5
buy_ltci_indp  1581.0  0.000000  0.000000  0.0  0.0  0.0  0.0  0.0
buy_rmr_indp   1581.0  0.000000  0.000000  0.0  0.0  0.0  0.0  0.0
                      count       mean  ...        75%        max
price_ann_fair_avg   1581.0  15.945764  ...  17.934919  19.957125
price_ltci_fair_avg  1581.0   0.099788  ...   0.106325   0.155646
price_rmr_fair_avg   1581.0   0.001429  ...   0.001976   0.003307

[3 rows x 8 columns]
                  count       mean       std  ...        50%        75%        max
price_ann_fair   1581.0  15.945764  2.867897  ...  16.013926  18.172969  22.441229
price_ltci_fair  1581.0   0.099788  0.076636  ...   0.078538   0.105408   1.325088
price_rmr_fair   1581.0   0.001429  0.004086  ...   0.000062   0.001371   0.050000

[3 rows x 8 columns]
                 count      mean       std  min  25%  50%  75%  max
buy_ann_joint   1581.0  0.347249  0.230383  0.0  0.0  0.5  0.5  0.5
buy_ltci_joint  1581.0  0.061986  0.164827  0.0  0.0  0.0  0.0  0.5
buy_rmr_joint   1581.0  0.787476  0.409223  0.0  1.0  1.0  1.0  1.0
                count      mean       std  min  25%  50%  75%  max
buy_ann_indp   1581.0  0.302973  0.244401  0.0  0.0  0.5  0.5  0.5
buy_ltci_indp  1581.0  0.012650  0.078543  0.0  0.0  0.0  0.0  0.5
buy_rmr_indp   1581.0  0.769133  0.421521  0.0  1.0  1.0  1.0  1.0
                      count       mean  ...        75%        max
price_ann_fair_avg   1581.0  15.945764  ...  17.934919  19.957125
price_ltci_fair_avg  1581.0   0.099788  ...   0.106325   0.155646
price_rmr_fair_avg   1581.0   0.001429  ...   0.001976   0.003307

[3 rows x 8 columns]
                  count       mean       std  ...        50%        75%        max
price_ann_fair   1581.0  15.945764  2.867897  ...  16.013926  18.172969  22.441229
price_ltci_fair  1581.0   0.099788  0.076636  ...   0.078538   0.105408   1.325088
price_rmr_fair   1581.0   0.001429  0.004086  ...   0.000062   0.001371   0.050000

[3 rows x 8 columns]
                 count      mean      std  min  25%  50%  75%  max
buy_ann_joint   1581.0  0.348197  0.22998  0.0  0.0  0.5  0.5  0.5
buy_ltci_joint  1581.0  0.063251  0.16626  0.0  0.0  0.0  0.0  0.5
buy_rmr_joint   1581.0  0.783049  0.41230  0.0  1.0  1.0  1.0  1.0
                count      mean       std  min  25%  50%  75%  max
buy_ann_indp   1581.0  0.304238  0.244123  0.0  0.0  0.5  0.5  0.5
buy_ltci_indp  1581.0  0.014231  0.083172  0.0  0.0  0.0  0.0  0.5
buy_rmr_indp   1581.0  0.763441  0.425104  0.0  1.0  1.0  1.0  1.0
