                      count       mean  ...        75%        max
price_ann_fair_avg   1581.0  15.945764  ...  17.934919  19.957125
price_ltci_fair_avg  1581.0   0.099788  ...   0.106325   0.155646
price_rmr_fair_avg   1581.0   0.001429  ...   0.001976   0.003307

[3 rows x 8 columns]
                  count       mean       std  ...        50%        75%        max
price_ann_fair   1581.0  15.945764  2.867897  ...  16.013926  18.172969  22.441229
price_ltci_fair  1581.0   0.099788  0.076636  ...   0.078538   0.105408   1.325088
price_rmr_fair   1581.0   0.001429  0.004086  ...   0.000062   0.001371   0.050000

[3 rows x 8 columns]
                wgt          cma  ...  value_delay_10    value_ref
count   1581.000000  1581.000000  ...     1581.000000  1581.000000
mean    2786.053990     3.540164  ...       86.163609    86.024198
std     2499.332411     2.717349  ...       29.984624    29.832287
min      580.936725     1.000000  ...       33.175179    33.175179
25%      949.583843     1.000000  ...       64.397211    64.623907
50%     1321.982894     3.000000  ...       81.248591    80.998519
75%     4230.715283     5.000000  ...      101.897630   101.323399
max    32181.484834    11.000000  ...      252.717585   251.517975

[8 rows x 121 columns]
                      count       mean  ...        75%        max
price_ann_fair_avg   1581.0  15.945764  ...  17.934919  19.957125
price_ltci_fair_avg  1581.0   0.099788  ...   0.106325   0.155646
price_rmr_fair_avg   1581.0   0.001429  ...   0.001976   0.003307

[3 rows x 8 columns]
                  count       mean       std  ...        50%        75%        max
price_ann_fair   1581.0  15.945764  2.867897  ...  16.013926  18.172969  22.441229
price_ltci_fair  1581.0   0.099788  0.076636  ...   0.078538   0.105408   1.325088
price_rmr_fair   1581.0   0.001429  0.004086  ...   0.000062   0.001371   0.050000

[3 rows x 8 columns]
                wgt          cma  ...  value_delay_10    value_ref
count   1581.000000  1581.000000  ...     1581.000000  1581.000000
mean    2786.053990     3.540164  ...       83.424778    86.024198
std     2499.332411     2.717349  ...       29.017568    29.832287
min      580.936725     1.000000  ...       33.161977    33.175179
25%      949.583843     1.000000  ...       62.632257    64.623907
50%     1321.982894     3.000000  ...       77.941967    80.998519
75%     4230.715283     5.000000  ...       98.535173   101.323399
max    32181.484834    11.000000  ...      248.313717   251.517975

[8 rows x 121 columns]
                      count       mean  ...        75%        max
price_ann_fair_avg   1581.0  15.945764  ...  17.934919  19.957125
price_ltci_fair_avg  1581.0   0.099788  ...   0.106325   0.155646
price_rmr_fair_avg   1581.0   0.001429  ...   0.001976   0.003307

[3 rows x 8 columns]
                  count       mean       std  ...        50%        75%        max
price_ann_fair   1581.0  15.945764  2.867897  ...  16.013926  18.172969  22.441229
price_ltci_fair  1581.0   0.099788  0.076636  ...   0.078538   0.105408   1.325088
price_rmr_fair   1581.0   0.001429  0.004086  ...   0.000062   0.001371   0.050000

[3 rows x 8 columns]
                wgt          cma  ...  value_delay_10    value_ref
count   1581.000000  1581.000000  ...     1581.000000  1581.000000
mean    2786.053990     3.540164  ...       88.065243    86.024198
std     2499.332411     2.717349  ...       29.740504    29.832287
min      580.936725     1.000000  ...       33.175671    33.175179
25%      949.583843     1.000000  ...       66.864614    64.623907
50%     1321.982894     3.000000  ...       83.589738    80.998519
75%     4230.715283     5.000000  ...      103.507766   101.323399
max    32181.484834    11.000000  ...      270.048810   251.517975

[8 rows x 121 columns]
