                      count       mean  ...        75%        max
price_ann_fair_avg   1581.0  15.945764  ...  17.934919  19.957125
price_ltci_fair_avg  1581.0   0.099788  ...   0.106325   0.155646
price_rmr_fair_avg   1581.0   0.002102  ...   0.002531   0.004084

[3 rows x 8 columns]
                  count       mean       std  ...        50%        75%        max
price_ann_fair   1581.0  15.945764  2.867897  ...  16.013926  18.172969  22.441229
price_ltci_fair  1581.0   0.099788  0.076636  ...   0.078538   0.105408   1.325088
price_rmr_fair   1581.0   0.002102  0.005588  ...   0.000105   0.001675   0.050000

[3 rows x 8 columns]
                 count      mean       std  min  25%  50%  75%  max
buy_ann_joint   1581.0  0.192916  0.243473  0.0  0.0  0.0  0.5  0.5
buy_ltci_joint  1581.0  0.064516  0.167671  0.0  0.0  0.0  0.0  0.5
buy_rmr_joint   1581.0  0.063251  0.243491  0.0  0.0  0.0  0.0  1.0
                count      mean       std  min  25%  50%  75%  max
buy_ann_indp   1581.0  0.184377  0.241310  0.0  0.0  0.0  0.5  0.5
buy_ltci_indp  1581.0  0.065465  0.168715  0.0  0.0  0.0  0.0  0.5
buy_rmr_indp   1581.0  0.056293  0.230561  0.0  0.0  0.0  0.0  1.0
                      count       mean  ...        75%        max
price_ann_fair_avg   1581.0  15.945764  ...  17.934919  19.957125
price_ltci_fair_avg  1581.0   0.099788  ...   0.106325   0.155646
price_rmr_fair_avg   1581.0   0.002102  ...   0.002531   0.004084

[3 rows x 8 columns]
                  count       mean       std  ...        50%        75%        max
price_ann_fair   1581.0  15.945764  2.867897  ...  16.013926  18.172969  22.441229
price_ltci_fair  1581.0   0.099788  0.076636  ...   0.078538   0.105408   1.325088
price_rmr_fair   1581.0   0.002102  0.005588  ...   0.000105   0.001675   0.050000

[3 rows x 8 columns]
                 count      mean       std  min  25%  50%  75%  max
buy_ann_joint   1581.0  0.186591  0.241901  0.0  0.0  0.0  0.5  0.5
buy_ltci_joint  1581.0  0.037951  0.132462  0.0  0.0  0.0  0.0  0.5
buy_rmr_joint   1581.0  0.112587  0.316187  0.0  0.0  0.0  0.0  1.0
                count      mean       std  min  25%  50%  75%  max
buy_ann_indp   1581.0  0.172676  0.237817  0.0  0.0  0.0  0.5  0.5
buy_ltci_indp  1581.0  0.041113  0.137398  0.0  0.0  0.0  0.0  0.5
buy_rmr_indp   1581.0  0.092347  0.289606  0.0  0.0  0.0  0.0  1.0
                      count       mean  ...        75%        max
price_ann_fair_avg   1581.0  15.945764  ...  17.934919  19.957125
price_ltci_fair_avg  1581.0   0.099788  ...   0.106325   0.155646
price_rmr_fair_avg   1581.0   0.002102  ...   0.002531   0.004084

[3 rows x 8 columns]
                  count       mean       std  ...        50%        75%        max
price_ann_fair   1581.0  15.945764  2.867897  ...  16.013926  18.172969  22.441229
price_ltci_fair  1581.0   0.099788  0.076636  ...   0.078538   0.105408   1.325088
price_rmr_fair   1581.0   0.002102  0.005588  ...   0.000105   0.001675   0.050000

[3 rows x 8 columns]
                 count      mean       std  min  25%  50%  75%  max
buy_ann_joint   1581.0  0.229602  0.249245  0.0  0.0  0.0  0.5  0.5
buy_ltci_joint  1581.0  0.415876  0.187102  0.0  0.5  0.5  0.5  0.5
buy_rmr_joint   1581.0  0.043643  0.204365  0.0  0.0  0.0  0.0  1.0
                count      mean       std  min  25%  50%  75%  max
buy_ann_indp   1581.0  0.226755  0.248996  0.0  0.0  0.0  0.5  0.5
buy_ltci_indp  1581.0  0.415560  0.187382  0.0  0.5  0.5  0.5  0.5
buy_rmr_indp   1581.0  0.041746  0.200071  0.0  0.0  0.0  0.0  1.0
                      count       mean  ...        75%        max
price_ann_fair_avg   1581.0  15.945764  ...  17.934919  19.957125
price_ltci_fair_avg  1581.0   0.099788  ...   0.106325   0.155646
price_rmr_fair_avg   1581.0   0.002102  ...   0.002531   0.004084

[3 rows x 8 columns]
                  count       mean       std  ...        50%        75%        max
price_ann_fair   1581.0  15.945764  2.867897  ...  16.013926  18.172969  22.441229
price_ltci_fair  1581.0   0.099788  0.076636  ...   0.078538   0.105408   1.325088
price_rmr_fair   1581.0   0.002102  0.005588  ...   0.000105   0.001675   0.050000

[3 rows x 8 columns]
                 count      mean       std  min  25%  50%  75%  max
buy_ann_joint   1581.0  0.192283  0.243323  0.0  0.0  0.0  0.5  0.5
buy_ltci_joint  1581.0  0.053763  0.154940  0.0  0.0  0.0  0.0  0.5
buy_rmr_joint   1581.0  0.041746  0.200071  0.0  0.0  0.0  0.0  1.0
                count      mean       std  min  25%  50%  75%  max
buy_ann_indp   1581.0  0.188488  0.242391  0.0  0.0  0.0  0.5  0.5
buy_ltci_indp  1581.0  0.057242  0.159250  0.0  0.0  0.0  0.0  0.5
buy_rmr_indp   1581.0  0.036686  0.188048  0.0  0.0  0.0  0.0  1.0
                      count       mean  ...        75%        max
price_ann_fair_avg   1581.0  15.945764  ...  17.934919  19.957125
price_ltci_fair_avg  1581.0   0.099788  ...   0.106325   0.155646
price_rmr_fair_avg   1581.0   0.002102  ...   0.002531   0.004084

[3 rows x 8 columns]
                  count       mean       std  ...        50%        75%        max
price_ann_fair   1581.0  15.945764  2.867897  ...  16.013926  18.172969  22.441229
price_ltci_fair  1581.0   0.099788  0.076636  ...   0.078538   0.105408   1.325088
price_rmr_fair   1581.0   0.002102  0.005588  ...   0.000105   0.001675   0.050000

[3 rows x 8 columns]
                 count      mean       std  min  25%  50%  75%  max
buy_ann_joint   1581.0  0.195762  0.244123  0.0  0.0  0.0  0.5  0.5
buy_ltci_joint  1581.0  0.052498  0.153323  0.0  0.0  0.0  0.0  0.5
buy_rmr_joint   1581.0  0.056293  0.230561  0.0  0.0  0.0  0.0  1.0
                count      mean       std  min  25%  50%  75%  max
buy_ann_indp   1581.0  0.183744  0.241137  0.0  0.0  0.0  0.5  0.5
buy_ltci_indp  1581.0  0.056293  0.158094  0.0  0.0  0.0  0.0  0.5
buy_rmr_indp   1581.0  0.047438  0.212642  0.0  0.0  0.0  0.0  1.0
                      count       mean  ...        75%        max
price_ann_fair_avg   1581.0  15.945764  ...  17.934919  19.957125
price_ltci_fair_avg  1581.0   0.099788  ...   0.106325   0.155646
price_rmr_fair_avg   1581.0   0.002102  ...   0.002531   0.004084

[3 rows x 8 columns]
                  count       mean       std  ...        50%        75%        max
price_ann_fair   1581.0  15.945764  2.867897  ...  16.013926  18.172969  22.441229
price_ltci_fair  1581.0   0.099788  0.076636  ...   0.078538   0.105408   1.325088
price_rmr_fair   1581.0   0.002102  0.005588  ...   0.000105   0.001675   0.050000

[3 rows x 8 columns]
                 count      mean       std  min  25%  50%  75%  max
buy_ann_joint   1581.0  0.219165  0.248170  0.0  0.0  0.0  0.5  0.5
buy_ltci_joint  1581.0  0.078748  0.182191  0.0  0.0  0.0  0.0  0.5
buy_rmr_joint   1581.0  0.173941  0.379178  0.0  0.0  0.0  0.0  1.0
                count      mean       std  min  25%  50%  75%  max
buy_ann_indp   1581.0  0.176154  0.238920  0.0  0.0  0.0  0.5  0.5
buy_ltci_indp  1581.0  0.067362  0.170769  0.0  0.0  0.0  0.0  0.5
buy_rmr_indp   1581.0  0.135990  0.342886  0.0  0.0  0.0  0.0  1.0
                      count       mean  ...        75%        max
price_ann_fair_avg   1581.0  15.945764  ...  17.934919  19.957125
price_ltci_fair_avg  1581.0   0.099788  ...   0.106325   0.155646
price_rmr_fair_avg   1581.0   0.002102  ...   0.002531   0.004084

[3 rows x 8 columns]
                  count       mean       std  ...        50%        75%        max
price_ann_fair   1581.0  15.945764  2.867897  ...  16.013926  18.172969  22.441229
price_ltci_fair  1581.0   0.099788  0.076636  ...   0.078538   0.105408   1.325088
price_rmr_fair   1581.0   0.002102  0.005588  ...   0.000105   0.001675   0.050000

[3 rows x 8 columns]
                 count      mean       std  min  25%  50%  75%  max
buy_ann_joint   1581.0  0.086654  0.189317  0.0  0.0  0.0  0.0  0.5
buy_ltci_joint  1581.0  0.006009  0.054500  0.0  0.0  0.0  0.0  0.5
buy_rmr_joint   1581.0  0.073371  0.260827  0.0  0.0  0.0  0.0  1.0
                count      mean       std  min  25%  50%  75%  max
buy_ann_indp   1581.0  0.076850  0.180388  0.0  0.0  0.0  0.0  0.5
buy_ltci_indp  1581.0  0.005376  0.051584  0.0  0.0  0.0  0.0  0.5
buy_rmr_indp   1581.0  0.067679  0.251273  0.0  0.0  0.0  0.0  1.0
                      count       mean  ...        75%        max
price_ann_fair_avg   1581.0  15.945764  ...  17.934919  19.957125
price_ltci_fair_avg  1581.0   0.099788  ...   0.106325   0.155646
price_rmr_fair_avg   1581.0   0.002102  ...   0.002531   0.004084

[3 rows x 8 columns]
                  count       mean       std  ...        50%        75%        max
price_ann_fair   1581.0  15.945764  2.867897  ...  16.013926  18.172969  22.441229
price_ltci_fair  1581.0   0.099788  0.076636  ...   0.078538   0.105408   1.325088
price_rmr_fair   1581.0   0.002102  0.005588  ...   0.000105   0.001675   0.050000

[3 rows x 8 columns]
                 count      mean       std  min  25%  50%  75%  max
buy_ann_joint   1581.0  0.138836  0.223996  0.0  0.0  0.0  0.5  0.5
buy_ltci_joint  1581.0  0.097407  0.198091  0.0  0.0  0.0  0.0  0.5
buy_rmr_joint   1581.0  0.017710  0.131938  0.0  0.0  0.0  0.0  1.0
                count      mean       std  min  25%  50%  75%  max
buy_ann_indp   1581.0  0.142631  0.225841  0.0  0.0  0.0  0.5  0.5
buy_ltci_indp  1581.0  0.105946  0.204389  0.0  0.0  0.0  0.0  0.5
buy_rmr_indp   1581.0  0.017078  0.129602  0.0  0.0  0.0  0.0  1.0
                      count       mean  ...        75%        max
price_ann_fair_avg   1581.0  19.134917  ...  21.521902  23.948551
price_ltci_fair_avg  1581.0   0.119746  ...   0.127590   0.186776
price_rmr_fair_avg   1581.0   0.022102  ...   0.022531   0.024084

[3 rows x 8 columns]
                  count       mean       std  ...        50%        75%        max
price_ann_fair   1581.0  19.134917  3.441476  ...  19.216711  21.807563  26.929475
price_ltci_fair  1581.0   0.119746  0.091963  ...   0.094246   0.126489   1.590105
price_rmr_fair   1581.0   0.022102  0.005588  ...   0.020105   0.021675   0.070000

[3 rows x 8 columns]
                 count      mean       std  min  25%  50%  75%  max
buy_ann_joint   1581.0  0.089184  0.191472  0.0  0.0  0.0  0.0  0.5
buy_ltci_joint  1581.0  0.025300  0.109625  0.0  0.0  0.0  0.0  0.5
buy_rmr_joint   1581.0  0.046173  0.209927  0.0  0.0  0.0  0.0  1.0
                count      mean       std  min  25%  50%  75%  max
buy_ann_indp   1581.0  0.086022  0.188769  0.0  0.0  0.0  0.0  0.5
buy_ltci_indp  1581.0  0.028147  0.115280  0.0  0.0  0.0  0.0  0.5
buy_rmr_indp   1581.0  0.044908  0.207168  0.0  0.0  0.0  0.0  1.0
                      count       mean  ...        75%        max
price_ann_fair_avg   1581.0  15.945764  ...  17.934919  19.957125
price_ltci_fair_avg  1581.0   0.099788  ...   0.106325   0.155646
price_rmr_fair_avg   1581.0   0.002102  ...   0.002531   0.004084

[3 rows x 8 columns]
                  count       mean       std  ...        50%        75%        max
price_ann_fair   1581.0  15.945764  2.867897  ...  16.013926  18.172969  22.441229
price_ltci_fair  1581.0   0.099788  0.076636  ...   0.078538   0.105408   1.325088
price_rmr_fair   1581.0   0.002102  0.005588  ...   0.000105   0.001675   0.050000

[3 rows x 8 columns]
                 count      mean       std  min  25%  50%  75%  max
buy_ann_joint   1581.0  0.218533  0.248090  0.0  0.0  0.0  0.5  0.5
buy_ltci_joint  1581.0  0.067362  0.170769  0.0  0.0  0.0  0.0  0.5
buy_rmr_joint   1581.0  0.069576  0.254512  0.0  0.0  0.0  0.0  1.0
                count      mean       std  min  25%  50%  75%  max
buy_ann_indp   1581.0  0.212524  0.247253  0.0  0.0  0.0  0.5  0.5
buy_ltci_indp  1581.0  0.077166  0.180691  0.0  0.0  0.0  0.0  0.5
buy_rmr_indp   1581.0  0.061986  0.241207  0.0  0.0  0.0  0.0  1.0
                      count       mean  ...        75%        max
price_ann_fair_avg   1581.0  15.945764  ...  17.934919  19.957125
price_ltci_fair_avg  1581.0   0.099788  ...   0.106325   0.155646
price_rmr_fair_avg   1581.0   0.002102  ...   0.002531   0.004084

[3 rows x 8 columns]
                  count       mean       std  ...        50%        75%        max
price_ann_fair   1581.0  15.945764  2.867897  ...  16.013926  18.172969  22.441229
price_ltci_fair  1581.0   0.099788  0.076636  ...   0.078538   0.105408   1.325088
price_rmr_fair   1581.0   0.002102  0.005588  ...   0.000105   0.001675   0.050000

[3 rows x 8 columns]
                 count      mean       std  min  25%  50%  75%  max
buy_ann_joint   1581.0  0.312777  0.242066  0.0  0.0  0.5  0.5  0.5
buy_ltci_joint  1581.0  0.024352  0.107658  0.0  0.0  0.0  0.0  0.5
buy_rmr_joint   1581.0  0.081594  0.273832  0.0  0.0  0.0  0.0  1.0
                count      mean       std  min  25%  50%  75%  max
buy_ann_indp   1581.0  0.298229  0.245381  0.0  0.0  0.5  0.5  0.5
buy_ltci_indp  1581.0  0.025933  0.110913  0.0  0.0  0.0  0.0  0.5
buy_rmr_indp   1581.0  0.067046  0.250181  0.0  0.0  0.0  0.0  1.0
                      count       mean  ...        75%        max
price_ann_fair_avg   1581.0  15.945764  ...  17.934919  19.957125
price_ltci_fair_avg  1581.0   0.099788  ...   0.106325   0.155646
price_rmr_fair_avg   1581.0   0.002102  ...   0.002531   0.004084

[3 rows x 8 columns]
                  count       mean       std  ...        50%        75%        max
price_ann_fair   1581.0  15.945764  2.867897  ...  16.013926  18.172969  22.441229
price_ltci_fair  1581.0   0.099788  0.076636  ...   0.078538   0.105408   1.325088
price_rmr_fair   1581.0   0.002102  0.005588  ...   0.000105   0.001675   0.050000

[3 rows x 8 columns]
                 count      mean       std  min  25%  50%  75%  max
buy_ann_joint   1581.0  0.195762  0.244123  0.0  0.0  0.0  0.5  0.5
buy_ltci_joint  1581.0  0.000000  0.000000  0.0  0.0  0.0  0.0  0.0
buy_rmr_joint   1581.0  0.075269  0.263908  0.0  0.0  0.0  0.0  1.0
                count      mean       std  min  25%  50%  75%  max
buy_ann_indp   1581.0  0.183428  0.241050  0.0  0.0  0.0  0.5  0.5
buy_ltci_indp  1581.0  0.000000  0.000000  0.0  0.0  0.0  0.0  0.0
buy_rmr_indp   1581.0  0.062619  0.242352  0.0  0.0  0.0  0.0  1.0
                      count       mean  ...        75%        max
price_ann_fair_avg   1581.0  15.945764  ...  17.934919  19.957125
price_ltci_fair_avg  1581.0   0.099788  ...   0.106325   0.155646
price_rmr_fair_avg   1581.0   0.002102  ...   0.002531   0.004084

[3 rows x 8 columns]
                  count       mean       std  ...        50%        75%        max
price_ann_fair   1581.0  15.945764  2.867897  ...  16.013926  18.172969  22.441229
price_ltci_fair  1581.0   0.099788  0.076636  ...   0.078538   0.105408   1.325088
price_rmr_fair   1581.0   0.002102  0.005588  ...   0.000105   0.001675   0.050000

[3 rows x 8 columns]
                 count      mean       std  min  25%  50%  75%  max
buy_ann_joint   1581.0  0.491145  0.065969  0.0  0.5  0.5  0.5  0.5
buy_ltci_joint  1581.0  0.000000  0.000000  0.0  0.0  0.0  0.0  0.0
buy_rmr_joint   1581.0  0.000000  0.000000  0.0  0.0  0.0  0.0  0.0
                count      mean       std  min  25%  50%  75%  max
buy_ann_indp   1581.0  0.491145  0.065969  0.0  0.5  0.5  0.5  0.5
buy_ltci_indp  1581.0  0.000000  0.000000  0.0  0.0  0.0  0.0  0.0
buy_rmr_indp   1581.0  0.000000  0.000000  0.0  0.0  0.0  0.0  0.0
