                      count       mean  ...        75%        max
price_ann_fair_avg   1581.0  15.945764  ...  17.934919  19.957125
price_ltci_fair_avg  1581.0   0.099788  ...   0.106325   0.155646
price_rmr_fair_avg   1581.0   0.002102  ...   0.002531   0.004084

[3 rows x 8 columns]
                  count       mean       std  ...        50%        75%        max
price_ann_fair   1581.0  15.945764  2.867897  ...  16.013926  18.172969  22.441229
price_ltci_fair  1581.0   0.099788  0.076636  ...   0.078538   0.105408   1.325088
price_rmr_fair   1581.0   0.002102  0.005588  ...   0.000105   0.001675   0.050000

[3 rows x 8 columns]
                 count      mean       std  min  25%  50%  75%  max
buy_ann_joint   1581.0  0.350095  0.229160  0.0  0.0  0.5  0.5  0.5
buy_ltci_joint  1581.0  0.004744  0.048486  0.0  0.0  0.0  0.0  0.5
buy_rmr_joint   1581.0  0.077799  0.267940  0.0  0.0  0.0  0.0  1.0
                count      mean       std  min  25%  50%  75%  max
buy_ann_indp   1581.0  0.341872  0.232581  0.0  0.0  0.5  0.5  0.5
buy_ltci_indp  1581.0  0.005693  0.053063  0.0  0.0  0.0  0.0  0.5
buy_rmr_indp   1581.0  0.064516  0.245748  0.0  0.0  0.0  0.0  1.0
                      count       mean  ...        75%        max
price_ann_fair_avg   1581.0  15.945764  ...  17.934919  19.957125
price_ltci_fair_avg  1581.0   0.099788  ...   0.106325   0.155646
price_rmr_fair_avg   1581.0   0.002102  ...   0.002531   0.004084

[3 rows x 8 columns]
                  count       mean       std  ...        50%        75%        max
price_ann_fair   1581.0  15.945764  2.867897  ...  16.013926  18.172969  22.441229
price_ltci_fair  1581.0   0.099788  0.076636  ...   0.078538   0.105408   1.325088
price_rmr_fair   1581.0   0.002102  0.005588  ...   0.000105   0.001675   0.050000

[3 rows x 8 columns]
                 count      mean       std  min  25%  50%  75%  max
buy_ann_joint   1581.0  0.353890  0.227463  0.0  0.0  0.5  0.5  0.5
buy_ltci_joint  1581.0  0.000633  0.017778  0.0  0.0  0.0  0.0  0.5
buy_rmr_joint   1581.0  0.178368  0.382943  0.0  0.0  0.0  0.0  1.0
                count      mean       std  min  25%  50%  75%  max
buy_ann_indp   1581.0  0.330171  0.236872  0.0  0.0  0.5  0.5  0.5
buy_ltci_indp  1581.0  0.000000  0.000000  0.0  0.0  0.0  0.0  0.0
buy_rmr_indp   1581.0  0.141682  0.348835  0.0  0.0  0.0  0.0  1.0
                      count       mean  ...        75%        max
price_ann_fair_avg   1581.0  15.945764  ...  17.934919  19.957125
price_ltci_fair_avg  1581.0   0.099788  ...   0.106325   0.155646
price_rmr_fair_avg   1581.0   0.002102  ...   0.002531   0.004084

[3 rows x 8 columns]
                  count       mean       std  ...        50%        75%        max
price_ann_fair   1581.0  15.945764  2.867897  ...  16.013926  18.172969  22.441229
price_ltci_fair  1581.0   0.099788  0.076636  ...   0.078538   0.105408   1.325088
price_rmr_fair   1581.0   0.002102  0.005588  ...   0.000105   0.001675   0.050000

[3 rows x 8 columns]
                 count      mean       std  min  25%  50%  75%  max
buy_ann_joint   1581.0  0.319102  0.240336  0.0  0.0  0.5  0.5  0.5
buy_ltci_joint  1581.0  0.451613  0.147872  0.0  0.5  0.5  0.5  0.5
buy_rmr_joint   1581.0  0.046806  0.211290  0.0  0.0  0.0  0.0  1.0
                count      mean       std  min  25%  50%  75%  max
buy_ann_indp   1581.0  0.302657  0.244469  0.0  0.0  0.5  0.5  0.5
buy_ltci_indp  1581.0  0.450980  0.148731  0.0  0.5  0.5  0.5  0.5
buy_rmr_indp   1581.0  0.046806  0.211290  0.0  0.0  0.0  0.0  1.0
                      count       mean  ...        75%        max
price_ann_fair_avg   1581.0  15.945764  ...  17.934919  19.957125
price_ltci_fair_avg  1581.0   0.099788  ...   0.106325   0.155646
price_rmr_fair_avg   1581.0   0.002102  ...   0.002531   0.004084

[3 rows x 8 columns]
                  count       mean       std  ...        50%        75%        max
price_ann_fair   1581.0  15.945764  2.867897  ...  16.013926  18.172969  22.441229
price_ltci_fair  1581.0   0.099788  0.076636  ...   0.078538   0.105408   1.325088
price_rmr_fair   1581.0   0.002102  0.005588  ...   0.000105   0.001675   0.050000

[3 rows x 8 columns]
                 count      mean       std  min  25%  50%  75%  max
buy_ann_joint   1581.0  0.339975  0.233322  0.0  0.0  0.5  0.5  0.5
buy_ltci_joint  1581.0  0.001265  0.025126  0.0  0.0  0.0  0.0  0.5
buy_rmr_joint   1581.0  0.047438  0.212642  0.0  0.0  0.0  0.0  1.0
                count      mean       std  min  25%  50%  75%  max
buy_ann_indp   1581.0  0.334915  0.235212  0.0  0.0  0.5  0.5  0.5
buy_ltci_indp  1581.0  0.001581  0.028083  0.0  0.0  0.0  0.0  0.5
buy_rmr_indp   1581.0  0.039848  0.195664  0.0  0.0  0.0  0.0  1.0
                      count       mean  ...        75%        max
price_ann_fair_avg   1581.0  15.945764  ...  17.934919  19.957125
price_ltci_fair_avg  1581.0   0.099788  ...   0.106325   0.155646
price_rmr_fair_avg   1581.0   0.002102  ...   0.002531   0.004084

[3 rows x 8 columns]
                  count       mean       std  ...        50%        75%        max
price_ann_fair   1581.0  15.945764  2.867897  ...  16.013926  18.172969  22.441229
price_ltci_fair  1581.0   0.099788  0.076636  ...   0.078538   0.105408   1.325088
price_rmr_fair   1581.0   0.002102  0.005588  ...   0.000105   0.001675   0.050000

[3 rows x 8 columns]
                 count      mean       std  min  25%  50%  75%  max
buy_ann_joint   1581.0  0.355155  0.226881  0.0  0.0  0.5  0.5  0.5
buy_ltci_joint  1581.0  0.002846  0.037629  0.0  0.0  0.0  0.0  0.5
buy_rmr_joint   1581.0  0.056293  0.230561  0.0  0.0  0.0  0.0  1.0
                count      mean       std  min  25%  50%  75%  max
buy_ann_indp   1581.0  0.344402  0.231565  0.0  0.0  0.5  0.5  0.5
buy_ltci_indp  1581.0  0.002214  0.033207  0.0  0.0  0.0  0.0  0.5
buy_rmr_indp   1581.0  0.039216  0.194169  0.0  0.0  0.0  0.0  1.0
                      count       mean  ...        75%        max
price_ann_fair_avg   1581.0  15.945764  ...  17.934919  19.957125
price_ltci_fair_avg  1581.0   0.099788  ...   0.106325   0.155646
price_rmr_fair_avg   1581.0   0.002102  ...   0.002531   0.004084

[3 rows x 8 columns]
                  count       mean       std  ...        50%        75%        max
price_ann_fair   1581.0  15.945764  2.867897  ...  16.013926  18.172969  22.441229
price_ltci_fair  1581.0   0.099788  0.076636  ...   0.078538   0.105408   1.325088
price_rmr_fair   1581.0   0.002102  0.005588  ...   0.000105   0.001675   0.050000

[3 rows x 8 columns]
                 count      mean       std  min  25%  50%  75%  max
buy_ann_joint   1581.0  0.366224  0.221411  0.0  0.0  0.5  0.5  0.5
buy_ltci_joint  1581.0  0.005376  0.051584  0.0  0.0  0.0  0.0  0.5
buy_rmr_joint   1581.0  0.207464  0.405619  0.0  0.0  0.0  0.0  1.0
                count      mean       std  min  25%  50%  75%  max
buy_ann_indp   1581.0  0.324162  0.238822  0.0  0.0  0.5  0.5  0.5
buy_ltci_indp  1581.0  0.000633  0.017778  0.0  0.0  0.0  0.0  0.5
buy_rmr_indp   1581.0  0.150538  0.357711  0.0  0.0  0.0  0.0  1.0
                      count       mean  ...        75%        max
price_ann_fair_avg   1581.0  15.945764  ...  17.934919  19.957125
price_ltci_fair_avg  1581.0   0.099788  ...   0.106325   0.155646
price_rmr_fair_avg   1581.0   0.002102  ...   0.002531   0.004084

[3 rows x 8 columns]
                  count       mean       std  ...        50%        75%        max
price_ann_fair   1581.0  15.945764  2.867897  ...  16.013926  18.172969  22.441229
price_ltci_fair  1581.0   0.099788  0.076636  ...   0.078538   0.105408   1.325088
price_rmr_fair   1581.0   0.002102  0.005588  ...   0.000105   0.001675   0.050000

[3 rows x 8 columns]
                 count      mean       std  min  25%  50%  75%  max
buy_ann_joint   1581.0  0.320999  0.239782  0.0  0.0  0.5  0.5  0.5
buy_ltci_joint  1581.0  0.000000  0.000000  0.0  0.0  0.0  0.0  0.0
buy_rmr_joint   1581.0  0.075901  0.264924  0.0  0.0  0.0  0.0  1.0
                count      mean       std  min  25%  50%  75%  max
buy_ann_indp   1581.0  0.313409  0.241901  0.0  0.0  0.5  0.5  0.5
buy_ltci_indp  1581.0  0.000000  0.000000  0.0  0.0  0.0  0.0  0.0
buy_rmr_indp   1581.0  0.066414  0.249083  0.0  0.0  0.0  0.0  1.0
                      count       mean  ...        75%        max
price_ann_fair_avg   1581.0  15.945764  ...  17.934919  19.957125
price_ltci_fair_avg  1581.0   0.099788  ...   0.106325   0.155646
price_rmr_fair_avg   1581.0   0.002102  ...   0.002531   0.004084

[3 rows x 8 columns]
                  count       mean       std  ...        50%        75%        max
price_ann_fair   1581.0  15.945764  2.867897  ...  16.013926  18.172969  22.441229
price_ltci_fair  1581.0   0.099788  0.076636  ...   0.078538   0.105408   1.325088
price_rmr_fair   1581.0   0.002102  0.005588  ...   0.000105   0.001675   0.050000

[3 rows x 8 columns]
                 count      mean       std  min  25%  50%  75%  max
buy_ann_joint   1581.0  0.291588  0.246595  0.0  0.0  0.5  0.5  0.5
buy_ltci_joint  1581.0  0.024668  0.108318  0.0  0.0  0.0  0.0  0.5
buy_rmr_joint   1581.0  0.015180  0.122308  0.0  0.0  0.0  0.0  1.0
                count      mean       std  min  25%  50%  75%  max
buy_ann_indp   1581.0  0.289058  0.247008  0.0  0.0  0.5  0.5  0.5
buy_ltci_indp  1581.0  0.028147  0.115280  0.0  0.0  0.0  0.0  0.5
buy_rmr_indp   1581.0  0.015180  0.122308  0.0  0.0  0.0  0.0  1.0
                      count       mean  ...        75%        max
price_ann_fair_avg   1581.0  19.134917  ...  21.521902  23.948551
price_ltci_fair_avg  1581.0   0.119746  ...   0.127590   0.186776
price_rmr_fair_avg   1581.0   0.022102  ...   0.022531   0.024084

[3 rows x 8 columns]
                  count       mean       std  ...        50%        75%        max
price_ann_fair   1581.0  19.134917  3.441476  ...  19.216711  21.807563  26.929475
price_ltci_fair  1581.0   0.119746  0.091963  ...   0.094246   0.126489   1.590105
price_rmr_fair   1581.0   0.022102  0.005588  ...   0.020105   0.021675   0.070000

[3 rows x 8 columns]
                 count      mean       std  min  25%  50%  75%  max
buy_ann_joint   1581.0  0.249842  0.250079  0.0  0.0  0.0  0.5  0.5
buy_ltci_joint  1581.0  0.002214  0.033207  0.0  0.0  0.0  0.0  0.5
buy_rmr_joint   1581.0  0.059456  0.236551  0.0  0.0  0.0  0.0  1.0
                count      mean       std  min  25%  50%  75%  max
buy_ann_indp   1581.0  0.245098  0.250031  0.0  0.0  0.0  0.5  0.5
buy_ltci_indp  1581.0  0.001898  0.030753  0.0  0.0  0.0  0.0  0.5
buy_rmr_indp   1581.0  0.053131  0.224365  0.0  0.0  0.0  0.0  1.0
                      count       mean  ...        75%        max
price_ann_fair_avg   1581.0  15.945764  ...  17.934919  19.957125
price_ltci_fair_avg  1581.0   0.099788  ...   0.106325   0.155646
price_rmr_fair_avg   1581.0   0.002102  ...   0.002531   0.004084

[3 rows x 8 columns]
                  count       mean       std  ...        50%        75%        max
price_ann_fair   1581.0  15.945764  2.867897  ...  16.013926  18.172969  22.441229
price_ltci_fair  1581.0   0.099788  0.076636  ...   0.078538   0.105408   1.325088
price_rmr_fair   1581.0   0.002102  0.005588  ...   0.000105   0.001675   0.050000

[3 rows x 8 columns]
                 count      mean       std  min  25%  50%  75%  max
buy_ann_joint   1581.0  0.355155  0.226881  0.0  0.0  0.5  0.5  0.5
buy_ltci_joint  1581.0  0.026249  0.111550  0.0  0.0  0.0  0.0  0.5
buy_rmr_joint   1581.0  0.062619  0.242352  0.0  0.0  0.0  0.0  1.0
                count      mean       std  min  25%  50%  75%  max
buy_ann_indp   1581.0  0.350727  0.228882  0.0  0.0  0.5  0.5  0.5
buy_ltci_indp  1581.0  0.029096  0.117089  0.0  0.0  0.0  0.0  0.5
buy_rmr_indp   1581.0  0.052498  0.223100  0.0  0.0  0.0  0.0  1.0
                      count       mean  ...        75%        max
price_ann_fair_avg   1581.0  15.945764  ...  17.934919  19.957125
price_ltci_fair_avg  1581.0   0.099788  ...   0.106325   0.155646
price_rmr_fair_avg   1581.0   0.002102  ...   0.002531   0.004084

[3 rows x 8 columns]
                  count       mean       std  ...        50%        75%        max
price_ann_fair   1581.0  15.945764  2.867897  ...  16.013926  18.172969  22.441229
price_ltci_fair  1581.0   0.099788  0.076636  ...   0.078538   0.105408   1.325088
price_rmr_fair   1581.0   0.002102  0.005588  ...   0.000105   0.001675   0.050000

[3 rows x 8 columns]
                 count      mean       std  min  25%  50%  75%  max
buy_ann_joint   1581.0  0.386464  0.209536  0.0  0.5  0.5  0.5  0.5
buy_ltci_joint  1581.0  0.006641  0.057259  0.0  0.0  0.0  0.0  0.5
buy_rmr_joint   1581.0  0.061986  0.241207  0.0  0.0  0.0  0.0  1.0
                count      mean       std  min  25%  50%  75%  max
buy_ann_indp   1581.0  0.378558  0.214481  0.0  0.5  0.5  0.5  0.5
buy_ltci_indp  1581.0  0.007590  0.061154  0.0  0.0  0.0  0.0  0.5
buy_rmr_indp   1581.0  0.052498  0.223100  0.0  0.0  0.0  0.0  1.0
                      count       mean  ...        75%        max
price_ann_fair_avg   1581.0  15.945764  ...  17.934919  19.957125
price_ltci_fair_avg  1581.0   0.099788  ...   0.106325   0.155646
price_rmr_fair_avg   1581.0   0.002102  ...   0.002531   0.004084

[3 rows x 8 columns]
                  count       mean       std  ...        50%        75%        max
price_ann_fair   1581.0  15.945764  2.867897  ...  16.013926  18.172969  22.441229
price_ltci_fair  1581.0   0.099788  0.076636  ...   0.078538   0.105408   1.325088
price_rmr_fair   1581.0   0.002102  0.005588  ...   0.000105   0.001675   0.050000

[3 rows x 8 columns]
                 count      mean       std  min  25%  50%  75%  max
buy_ann_joint   1581.0  0.358950  0.225082  0.0  0.0  0.5  0.5  0.5
buy_ltci_joint  1581.0  0.000000  0.000000  0.0  0.0  0.0  0.0  0.0
buy_rmr_joint   1581.0  0.093612  0.291380  0.0  0.0  0.0  0.0  1.0
                count      mean       std  min  25%  50%  75%  max
buy_ann_indp   1581.0  0.348830  0.229709  0.0  0.0  0.5  0.5  0.5
buy_ltci_indp  1581.0  0.000000  0.000000  0.0  0.0  0.0  0.0  0.0
buy_rmr_indp   1581.0  0.075901  0.264924  0.0  0.0  0.0  0.0  1.0
                      count       mean  ...        75%        max
price_ann_fair_avg   1581.0  15.945764  ...  17.934919  19.957125
price_ltci_fair_avg  1581.0   0.099788  ...   0.106325   0.155646
price_rmr_fair_avg   1581.0   0.002102  ...   0.002531   0.004084

[3 rows x 8 columns]
                  count       mean       std  ...        50%        75%        max
price_ann_fair   1581.0  15.945764  2.867897  ...  16.013926  18.172969  22.441229
price_ltci_fair  1581.0   0.099788  0.076636  ...   0.078538   0.105408   1.325088
price_rmr_fair   1581.0   0.002102  0.005588  ...   0.000105   0.001675   0.050000

[3 rows x 8 columns]
                 count      mean     std  min  25%  50%  75%  max
buy_ann_joint   1581.0  0.493991  0.0545  0.0  0.5  0.5  0.5  0.5
buy_ltci_joint  1581.0  0.000000  0.0000  0.0  0.0  0.0  0.0  0.0
buy_rmr_joint   1581.0  0.000000  0.0000  0.0  0.0  0.0  0.0  0.0
                count      mean     std  min  25%  50%  75%  max
buy_ann_indp   1581.0  0.493991  0.0545  0.0  0.5  0.5  0.5  0.5
buy_ltci_indp  1581.0  0.000000  0.0000  0.0  0.0  0.0  0.0  0.0
buy_rmr_indp   1581.0  0.000000  0.0000  0.0  0.0  0.0  0.0  0.0
