                      count       mean  ...        75%        max
price_ann_fair_avg   1581.0  15.945764  ...  17.934919  19.957125
price_ltci_fair_avg  1581.0   0.099788  ...   0.106325   0.155646
price_rmr_fair_avg   1581.0   0.001429  ...   0.001976   0.003307

[3 rows x 8 columns]
                  count       mean       std  ...        50%        75%        max
price_ann_fair   1581.0  15.945764  2.867897  ...  16.013926  18.172969  22.441229
price_ltci_fair  1581.0   0.099788  0.076636  ...   0.078538   0.105408   1.325088
price_rmr_fair   1581.0   0.001429  0.004086  ...   0.000062   0.001371   0.050000

[3 rows x 8 columns]
                 count      mean       std  min  25%  50%  75%  max
buy_ann_joint   1581.0  0.315307  0.241396  0.0  0.0  0.5  0.5  0.5
buy_ltci_joint  1581.0  0.038267  0.132967  0.0  0.0  0.0  0.0  0.5
buy_rmr_joint   1581.0  0.826059  0.379178  0.0  1.0  1.0  1.0  1.0
                count      mean       std  min  25%  50%  75%  max
buy_ann_indp   1581.0  0.265338  0.249608  0.0  0.0  0.5  0.5  0.5
buy_ltci_indp  1581.0  0.001898  0.030753  0.0  0.0  0.0  0.0  0.5
buy_rmr_indp   1581.0  0.800759  0.399556  0.0  1.0  1.0  1.0  1.0
                      count       mean  ...        75%        max
price_ann_fair_avg   1581.0  15.945764  ...  17.934919  19.957125
price_ltci_fair_avg  1581.0   0.099788  ...   0.106325   0.155646
price_rmr_fair_avg   1581.0   0.001429  ...   0.001976   0.003307

[3 rows x 8 columns]
                  count       mean       std  ...        50%        75%        max
price_ann_fair   1581.0  15.945764  2.867897  ...  16.013926  18.172969  22.441229
price_ltci_fair  1581.0   0.099788  0.076636  ...   0.078538   0.105408   1.325088
price_rmr_fair   1581.0   0.001429  0.004086  ...   0.000062   0.001371   0.050000

[3 rows x 8 columns]
                 count      mean       std  min  25%  50%  75%  max
buy_ann_joint   1581.0  0.319734  0.240153  0.0  0.0  0.5  0.5  0.5
buy_ltci_joint  1581.0  0.037951  0.132462  0.0  0.0  0.0  0.0  0.5
buy_rmr_joint   1581.0  0.825427  0.379722  0.0  1.0  1.0  1.0  1.0
                count      mean       std  min  25%  50%  75%  max
buy_ann_indp   1581.0  0.268501  0.249393  0.0  0.0  0.5  0.5  0.5
buy_ltci_indp  1581.0  0.002214  0.033207  0.0  0.0  0.0  0.0  0.5
buy_rmr_indp   1581.0  0.794434  0.404243  0.0  1.0  1.0  1.0  1.0
                      count       mean  ...        75%        max
price_ann_fair_avg   1581.0  15.945764  ...  17.934919  19.957125
price_ltci_fair_avg  1581.0   0.099788  ...   0.106325   0.155646
price_rmr_fair_avg   1581.0   0.001429  ...   0.001976   0.003307

[3 rows x 8 columns]
                  count       mean       std  ...        50%        75%        max
price_ann_fair   1581.0  15.945764  2.867897  ...  16.013926  18.172969  22.441229
price_ltci_fair  1581.0   0.099788  0.076636  ...   0.078538   0.105408   1.325088
price_rmr_fair   1581.0   0.001429  0.004086  ...   0.000062   0.001371   0.050000

[3 rows x 8 columns]
                 count      mean       std  min  25%  50%  75%  max
buy_ann_joint   1581.0  0.326376  0.238123  0.0  0.0  0.5  0.5  0.5
buy_ltci_joint  1581.0  0.039848  0.135454  0.0  0.0  0.0  0.0  0.5
buy_rmr_joint   1581.0  0.820999  0.383474  0.0  1.0  1.0  1.0  1.0
                count      mean       std  min  25%  50%  75%  max
buy_ann_indp   1581.0  0.271347  0.249166  0.0  0.0  0.5  0.5  0.5
buy_ltci_indp  1581.0  0.002530  0.035488  0.0  0.0  0.0  0.0  0.5
buy_rmr_indp   1581.0  0.790639  0.406981  0.0  1.0  1.0  1.0  1.0
                      count       mean  ...        75%        max
price_ann_fair_avg   1581.0  15.945764  ...  17.934919  19.957125
price_ltci_fair_avg  1581.0   0.099788  ...   0.106325   0.155646
price_rmr_fair_avg   1581.0   0.001429  ...   0.001976   0.003307

[3 rows x 8 columns]
                  count       mean       std  ...        50%        75%        max
price_ann_fair   1581.0  15.945764  2.867897  ...  16.013926  18.172969  22.441229
price_ltci_fair  1581.0   0.099788  0.076636  ...   0.078538   0.105408   1.325088
price_rmr_fair   1581.0   0.001429  0.004086  ...   0.000062   0.001371   0.050000

[3 rows x 8 columns]
                 count      mean       std  min  25%  50%  75%  max
buy_ann_joint   1581.0  0.329538  0.237085  0.0  0.0  0.5  0.5  0.5
buy_ltci_joint  1581.0  0.041746  0.138356  0.0  0.0  0.0  0.0  0.5
buy_rmr_joint   1581.0  0.815307  0.388171  0.0  1.0  1.0  1.0  1.0
                count      mean       std  min  25%  50%  75%  max
buy_ann_indp   1581.0  0.276724  0.248646  0.0  0.0  0.5  0.5  0.5
buy_ltci_indp  1581.0  0.002530  0.035488  0.0  0.0  0.0  0.0  0.5
buy_rmr_indp   1581.0  0.787476  0.409223  0.0  1.0  1.0  1.0  1.0
                      count       mean  ...        75%        max
price_ann_fair_avg   1581.0  15.945764  ...  17.934919  19.957125
price_ltci_fair_avg  1581.0   0.099788  ...   0.106325   0.155646
price_rmr_fair_avg   1581.0   0.001429  ...   0.001976   0.003307

[3 rows x 8 columns]
                  count       mean       std  ...        50%        75%        max
price_ann_fair   1581.0  15.945764  2.867897  ...  16.013926  18.172969  22.441229
price_ltci_fair  1581.0   0.099788  0.076636  ...   0.078538   0.105408   1.325088
price_rmr_fair   1581.0   0.001429  0.004086  ...   0.000062   0.001371   0.050000

[3 rows x 8 columns]
                 count      mean       std  min  25%  50%  75%  max
buy_ann_joint   1581.0  0.331120  0.236548  0.0  0.0  0.5  0.5  0.5
buy_ltci_joint  1581.0  0.043011  0.140242  0.0  0.0  0.0  0.0  0.5
buy_rmr_joint   1581.0  0.812144  0.390721  0.0  1.0  1.0  1.0  1.0
                count      mean       std  min  25%  50%  75%  max
buy_ann_indp   1581.0  0.283049  0.247884  0.0  0.0  0.5  0.5  0.5
buy_ltci_indp  1581.0  0.002846  0.037629  0.0  0.0  0.0  0.0  0.5
buy_rmr_indp   1581.0  0.783049  0.412300  0.0  1.0  1.0  1.0  1.0
