           count       mean        std  ...        50%        75%         max
value_0   1581.0  34.839428  22.309566  ...  30.654391  44.762225  256.924004
value_1   1581.0  34.597974  22.308538  ...  30.191329  44.425826  253.350048
value_2   1581.0  34.411767  22.459695  ...  29.900686  44.311227  260.589025
value_3   1581.0  34.615936  22.375774  ...  30.363554  44.590312  258.498808
value_4   1581.0  34.365214  22.521016  ...  29.828343  44.334556  247.842362
value_5   1581.0  34.766654  22.309626  ...  30.642610  44.639001  256.851377
value_6   1581.0  34.693025  22.288779  ...  30.444790  44.646355  256.348133
value_7   1581.0  34.767575  22.307754  ...  30.623917  44.654523  256.958312
value_8   1581.0  34.694480  22.291344  ...  30.523464  44.495502  256.137250
value_9   1581.0  34.873175  22.518381  ...  30.643089  44.918057  257.947329
value_10  1581.0  36.030239  23.401342  ...  31.747955  46.290057  260.225636
value_11  1581.0  34.907159  22.566379  ...  30.614060  44.802838  255.530786
value_12  1581.0  36.033025  23.437210  ...  31.477809  46.292652  262.749355

[13 rows x 8 columns]
           count       mean        std  ...        50%        75%         max
value_0   1581.0  41.398548  27.250993  ...  36.132785  53.443716  285.698927
value_1   1581.0  41.066652  27.176816  ...  35.706462  53.314476  281.689314
value_2   1581.0  40.593260  27.117248  ...  35.054621  53.052040  288.343137
value_3   1581.0  41.068316  27.222638  ...  35.738639  52.794703  286.427208
value_4   1581.0  40.549074  27.187606  ...  34.925452  52.880409  276.675606
value_5   1581.0  41.340916  27.249302  ...  36.028804  53.304105  285.642460
value_6   1581.0  41.256541  27.232946  ...  35.838607  53.525190  285.180273
value_7   1581.0  41.339844  27.245851  ...  36.101174  53.445041  285.740358
value_8   1581.0  41.262235  27.233870  ...  35.872745  53.434206  284.987174
value_9   1581.0  39.049446  25.289148  ...  34.214159  50.439749  274.888130
value_10  1581.0  38.987316  25.143516  ...  34.034042  49.704437  259.597789
value_11  1581.0  39.151642  25.453580  ...  34.262296  50.545876  268.825695
value_12  1581.0  38.949040  25.282056  ...  34.019238  49.914010  277.450098

[13 rows x 8 columns]
           count       mean        std  ...        50%        75%         max
value_0   1581.0  41.122051  26.899968  ...  35.405915  52.433432  273.025107
value_1   1581.0  40.907994  26.904742  ...  35.215708  52.472329  269.462676
value_2   1581.0  40.722964  26.979113  ...  35.158679  52.692465  281.224475
value_3   1581.0  40.922161  26.970570  ...  35.415246  52.387802  274.830783
value_4   1581.0  40.656277  27.051508  ...  35.264159  52.143055  267.956961
value_5   1581.0  41.084946  26.915624  ...  35.471481  52.493063  273.011723
value_6   1581.0  41.033441  26.909824  ...  35.421224  52.280268  272.554283
value_7   1581.0  41.085594  26.911690  ...  35.466969  52.467730  273.121837
value_8   1581.0  41.036207  26.915232  ...  35.430143  52.598925  272.337569
value_9   1581.0  39.441628  25.360280  ...  34.565151  51.068635  272.909893
value_10  1581.0  40.098310  25.836063  ...  35.034310  51.912127  278.145606
value_11  1581.0  39.514680  25.507111  ...  34.246304  50.806203  272.815978
value_12  1581.0  40.079953  25.854002  ...  35.138697  51.838218  278.198225

[13 rows x 8 columns]
           count       mean        std  ...        50%        75%         max
value_0   1581.0  37.555271  24.894244  ...  32.473964  47.906391  255.039602
value_1   1581.0  37.297083  24.860191  ...  32.216611  47.777018  251.416438
value_2   1581.0  37.040759  24.879581  ...  31.910287  47.782816  262.204764
value_3   1581.0  37.310377  24.918086  ...  32.145287  47.760296  256.389901
value_4   1581.0  36.984068  24.958963  ...  32.128612  47.488502  249.849522
value_5   1581.0  37.478674  24.897101  ...  32.342322  47.830403  254.992574
value_6   1581.0  37.389582  24.883469  ...  32.313089  47.682818  254.532248
value_7   1581.0  37.479221  24.893809  ...  32.490144  47.848275  255.095386
value_8   1581.0  37.391584  24.887412  ...  32.275059  47.811547  254.329535
value_9   1581.0  36.216520  23.629880  ...  31.753869  46.748249  255.623256
value_10  1581.0  36.934255  24.140118  ...  32.200693  47.372506  260.723567
value_11  1581.0  36.276216  23.752516  ...  31.653167  46.768461  255.551270
value_12  1581.0  36.923630  24.159057  ...  32.264307  47.466822  260.765694

[13 rows x 8 columns]
           count       mean        std  ...        50%        75%         max
value_0   1581.0  33.021725  21.463671  ...  27.986794  41.755896  222.013284
value_1   1581.0  32.586188  21.274574  ...  27.714657  41.454685  218.204300
value_2   1581.0  32.043683  21.046645  ...  27.203078  40.364699  226.149275
value_3   1581.0  32.593756  21.326118  ...  27.643949  41.209234  222.437671
value_4   1581.0  32.010889  21.184444  ...  27.310723  40.488433  215.709080
value_5   1581.0  32.870120  21.429574  ...  27.939378  41.683907  221.909540
value_6   1581.0  32.710365  21.387948  ...  27.679640  41.373653  221.449673
value_7   1581.0  32.872358  21.428515  ...  27.882306  41.639420  221.998352
value_8   1581.0  32.713916  21.392227  ...  27.665029  41.319756  221.274778
value_9   1581.0  31.931479  20.425472  ...  27.425724  40.266413  221.522495
value_10  1581.0  32.564522  20.872543  ...  27.872178  40.902380  226.193097
value_11  1581.0  31.978440  20.529294  ...  27.264231  40.057437  221.328571
value_12  1581.0  32.551144  20.885167  ...  27.823862  40.793378  226.290184

[13 rows x 8 columns]
           count       mean        std  ...        50%        75%         max
value_0   1581.0  32.494300  20.048503  ...  28.319380  40.841459  233.316822
value_1   1581.0  32.052967  19.889169  ...  27.742692  40.413414  229.543452
value_2   1581.0  31.552488  19.767768  ...  27.350247  39.831114  234.351041
value_3   1581.0  32.064083  19.941903  ...  27.865698  40.463528  234.106363
value_4   1581.0  31.523672  19.884021  ...  27.324906  39.731427  223.075484
value_5   1581.0  32.328344  20.014455  ...  28.245975  40.698970  233.190531
value_6   1581.0  32.162853  19.968415  ...  28.078207  40.558910  232.677789
value_7   1581.0  32.330840  20.013958  ...  28.230014  40.783813  233.286829
value_8   1581.0  32.165340  19.974323  ...  28.078490  40.604564  232.487900
value_9   1581.0  32.518037  20.217734  ...  28.319380  40.524294  235.068825
value_10  1581.0  33.631132  21.074573  ...  29.188740  42.244360  237.202690
value_11  1581.0  32.544012  20.253273  ...  28.370196  40.693635  233.126131
value_12  1581.0  33.638347  21.111637  ...  29.305053  41.974465  239.649402

[13 rows x 8 columns]
