                      count       mean  ...        75%        max
price_ann_fair_avg   1581.0  15.945764  ...  17.934919  19.957125
price_ltci_fair_avg  1581.0   0.099788  ...   0.106325   0.155646
price_rmr_fair_avg   1581.0   0.002102  ...   0.002531   0.004084

[3 rows x 8 columns]
                  count       mean       std  ...        50%        75%        max
price_ann_fair   1581.0  15.945764  2.867897  ...  16.013926  18.172969  22.441229
price_ltci_fair  1581.0   0.099788  0.076636  ...   0.078538   0.105408   1.325088
price_rmr_fair   1581.0   0.002102  0.005588  ...   0.000105   0.001675   0.050000

[3 rows x 8 columns]
                 count      mean       std  min  25%  50%  75%  max
buy_ann_joint   1581.0  0.206831  0.246323  0.0  0.0  0.0  0.5  0.5
buy_ltci_joint  1581.0  0.061670  0.164465  0.0  0.0  0.0  0.0  0.5
buy_rmr_joint   1581.0  0.181531  0.385579  0.0  0.0  0.0  0.0  1.0
                count      mean       std  min  25%  50%  75%  max
buy_ann_indp   1581.0  0.181214  0.240427  0.0  0.0  0.0  0.5  0.5
buy_ltci_indp  1581.0  0.061986  0.164827  0.0  0.0  0.0  0.0  0.5
buy_rmr_indp   1581.0  0.168248  0.374205  0.0  0.0  0.0  0.0  1.0
                      count       mean  ...        75%        max
price_ann_fair_avg   1581.0  15.945764  ...  17.934919  19.957125
price_ltci_fair_avg  1581.0   0.099788  ...   0.106325   0.155646
price_rmr_fair_avg   1581.0   0.002102  ...   0.002531   0.004084

[3 rows x 8 columns]
                  count       mean       std  ...        50%        75%        max
price_ann_fair   1581.0  15.945764  2.867897  ...  16.013926  18.172969  22.441229
price_ltci_fair  1581.0   0.099788  0.076636  ...   0.078538   0.105408   1.325088
price_rmr_fair   1581.0   0.002102  0.005588  ...   0.000105   0.001675   0.050000

[3 rows x 8 columns]
                 count      mean       std  min  25%  50%  75%  max
buy_ann_joint   1581.0  0.209045  0.246701  0.0  0.0  0.0  0.5  0.5
buy_ltci_joint  1581.0  0.037318  0.131443  0.0  0.0  0.0  0.0  0.5
buy_rmr_joint   1581.0  0.258065  0.437708  0.0  0.0  0.0  1.0  1.0
                count      mean       std  min  25%  50%  75%  max
buy_ann_indp   1581.0  0.174573  0.238426  0.0  0.0  0.0  0.5  0.5
buy_ltci_indp  1581.0  0.032574  0.123433  0.0  0.0  0.0  0.0  0.5
buy_rmr_indp   1581.0  0.234029  0.423524  0.0  0.0  0.0  0.0  1.0
                      count       mean  ...        75%        max
price_ann_fair_avg   1581.0  15.945764  ...  17.934919  19.957125
price_ltci_fair_avg  1581.0   0.099788  ...   0.106325   0.155646
price_rmr_fair_avg   1581.0   0.002102  ...   0.002531   0.004084

[3 rows x 8 columns]
                  count       mean       std  ...        50%        75%        max
price_ann_fair   1581.0  15.945764  2.867897  ...  16.013926  18.172969  22.441229
price_ltci_fair  1581.0   0.099788  0.076636  ...   0.078538   0.105408   1.325088
price_rmr_fair   1581.0   0.002102  0.005588  ...   0.000105   0.001675   0.050000

[3 rows x 8 columns]
                 count      mean       std  min  25%  50%  75%  max
buy_ann_joint   1581.0  0.233397  0.249527  0.0  0.0  0.0  0.5  0.5
buy_ltci_joint  1581.0  0.417141  0.185972  0.0  0.5  0.5  0.5  0.5
buy_rmr_joint   1581.0  0.129032  0.335342  0.0  0.0  0.0  0.0  1.0
                count      mean       std  min  25%  50%  75%  max
buy_ann_indp   1581.0  0.224541  0.248779  0.0  0.0  0.0  0.5  0.5
buy_ltci_indp  1581.0  0.415876  0.187102  0.0  0.5  0.5  0.5  0.5
buy_rmr_indp   1581.0  0.115750  0.320026  0.0  0.0  0.0  0.0  1.0
                      count       mean  ...        75%        max
price_ann_fair_avg   1581.0  15.945764  ...  17.934919  19.957125
price_ltci_fair_avg  1581.0   0.099788  ...   0.106325   0.155646
price_rmr_fair_avg   1581.0   0.002102  ...   0.002531   0.004084

[3 rows x 8 columns]
                  count       mean       std  ...        50%        75%        max
price_ann_fair   1581.0  15.945764  2.867897  ...  16.013926  18.172969  22.441229
price_ltci_fair  1581.0   0.099788  0.076636  ...   0.078538   0.105408   1.325088
price_rmr_fair   1581.0   0.002102  0.005588  ...   0.000105   0.001675   0.050000

[3 rows x 8 columns]
                 count      mean       std  min  25%  50%  75%  max
buy_ann_joint   1581.0  0.212524  0.247253  0.0  0.0  0.0  0.5  0.5
buy_ltci_joint  1581.0  0.045225  0.143457  0.0  0.0  0.0  0.0  0.5
buy_rmr_joint   1581.0  0.123972  0.329654  0.0  0.0  0.0  0.0  1.0
                count      mean       std  min  25%  50%  75%  max
buy_ann_indp   1581.0  0.193232  0.243547  0.0  0.0  0.0  0.5  0.5
buy_ltci_indp  1581.0  0.045225  0.143457  0.0  0.0  0.0  0.0  0.5
buy_rmr_indp   1581.0  0.104997  0.306646  0.0  0.0  0.0  0.0  1.0
                      count       mean  ...        75%        max
price_ann_fair_avg   1581.0  15.945764  ...  17.934919  19.957125
price_ltci_fair_avg  1581.0   0.099788  ...   0.106325   0.155646
price_rmr_fair_avg   1581.0   0.002102  ...   0.002531   0.004084

[3 rows x 8 columns]
                  count       mean       std  ...        50%        75%        max
price_ann_fair   1581.0  15.945764  2.867897  ...  16.013926  18.172969  22.441229
price_ltci_fair  1581.0   0.099788  0.076636  ...   0.078538   0.105408   1.325088
price_rmr_fair   1581.0   0.002102  0.005588  ...   0.000105   0.001675   0.050000

[3 rows x 8 columns]
                 count      mean       std  min  25%  50%  75%  max
buy_ann_joint   1581.0  0.196078  0.244193  0.0  0.0  0.0  0.5  0.5
buy_ltci_joint  1581.0  0.052815  0.153730  0.0  0.0  0.0  0.0  0.5
buy_rmr_joint   1581.0  0.134725  0.341537  0.0  0.0  0.0  0.0  1.0
                count      mean       std  min  25%  50%  75%  max
buy_ann_indp   1581.0  0.167299  0.236000  0.0  0.0  0.0  0.5  0.5
buy_ltci_indp  1581.0  0.052182  0.152915  0.0  0.0  0.0  0.0  0.5
buy_rmr_indp   1581.0  0.115750  0.320026  0.0  0.0  0.0  0.0  1.0
                      count       mean  ...        75%        max
price_ann_fair_avg   1581.0  15.945764  ...  17.934919  19.957125
price_ltci_fair_avg  1581.0   0.099788  ...   0.106325   0.155646
price_rmr_fair_avg   1581.0   0.002102  ...   0.002531   0.004084

[3 rows x 8 columns]
                  count       mean       std  ...        50%        75%        max
price_ann_fair   1581.0  15.945764  2.867897  ...  16.013926  18.172969  22.441229
price_ltci_fair  1581.0   0.099788  0.076636  ...   0.078538   0.105408   1.325088
price_rmr_fair   1581.0   0.002102  0.005588  ...   0.000105   0.001675   0.050000

[3 rows x 8 columns]
                 count      mean       std  min  25%  50%  75%  max
buy_ann_joint   1581.0  0.242568  0.249969  0.0  0.0  0.0  0.5  0.5
buy_ltci_joint  1581.0  0.085389  0.188217  0.0  0.0  0.0  0.0  0.5
buy_rmr_joint   1581.0  0.344719  0.475427  0.0  0.0  0.0  1.0  1.0
                count      mean       std  min  25%  50%  75%  max
buy_ann_indp   1581.0  0.180898  0.240336  0.0  0.0  0.0  0.5  0.5
buy_ltci_indp  1581.0  0.061986  0.164827  0.0  0.0  0.0  0.0  0.5
buy_rmr_indp   1581.0  0.306135  0.461032  0.0  0.0  0.0  1.0  1.0
                      count       mean  ...        75%        max
price_ann_fair_avg   1581.0  15.945764  ...  17.934919  19.957125
price_ltci_fair_avg  1581.0   0.099788  ...   0.106325   0.155646
price_rmr_fair_avg   1581.0   0.002102  ...   0.002531   0.004084

[3 rows x 8 columns]
                  count       mean       std  ...        50%        75%        max
price_ann_fair   1581.0  15.945764  2.867897  ...  16.013926  18.172969  22.441229
price_ltci_fair  1581.0   0.099788  0.076636  ...   0.078538   0.105408   1.325088
price_rmr_fair   1581.0   0.002102  0.005588  ...   0.000105   0.001675   0.050000

[3 rows x 8 columns]
                 count      mean       std  min  25%  50%  75%  max
buy_ann_joint   1581.0  0.112271  0.208706  0.0  0.0  0.0  0.0  0.5
buy_ltci_joint  1581.0  0.006958  0.058588  0.0  0.0  0.0  0.0  0.5
buy_rmr_joint   1581.0  0.222011  0.415730  0.0  0.0  0.0  0.0  1.0
                count      mean       std  min  25%  50%  75%  max
buy_ann_indp   1581.0  0.083175  0.186256  0.0  0.0  0.0  0.0  0.5
buy_ltci_indp  1581.0  0.004428  0.046857  0.0  0.0  0.0  0.0  0.5
buy_rmr_indp   1581.0  0.206831  0.405161  0.0  0.0  0.0  0.0  1.0
                      count       mean  ...        75%        max
price_ann_fair_avg   1581.0  15.945764  ...  17.934919  19.957125
price_ltci_fair_avg  1581.0   0.099788  ...   0.106325   0.155646
price_rmr_fair_avg   1581.0   0.002102  ...   0.002531   0.004084

[3 rows x 8 columns]
                  count       mean       std  ...        50%        75%        max
price_ann_fair   1581.0  15.945764  2.867897  ...  16.013926  18.172969  22.441229
price_ltci_fair  1581.0   0.099788  0.076636  ...   0.078538   0.105408   1.325088
price_rmr_fair   1581.0   0.002102  0.005588  ...   0.000105   0.001675   0.050000

[3 rows x 8 columns]
                 count      mean       std  min  25%  50%  75%  max
buy_ann_joint   1581.0  0.160974  0.233686  0.0  0.0  0.0  0.5  0.5
buy_ltci_joint  1581.0  0.083491  0.186539  0.0  0.0  0.0  0.0  0.5
buy_rmr_joint   1581.0  0.090449  0.286915  0.0  0.0  0.0  0.0  1.0
                count      mean       std  min  25%  50%  75%  max
buy_ann_indp   1581.0  0.150221  0.229298  0.0  0.0  0.0  0.5  0.5
buy_ltci_indp  1581.0  0.086654  0.189317  0.0  0.0  0.0  0.0  0.5
buy_rmr_indp   1581.0  0.087919  0.283267  0.0  0.0  0.0  0.0  1.0
                      count       mean  ...        75%        max
price_ann_fair_avg   1581.0  19.134917  ...  21.521902  23.948551
price_ltci_fair_avg  1581.0   0.119746  ...   0.127590   0.186776
price_rmr_fair_avg   1581.0   0.022102  ...   0.022531   0.024084

[3 rows x 8 columns]
                  count       mean       std  ...        50%        75%        max
price_ann_fair   1581.0  19.134917  3.441476  ...  19.216711  21.807563  26.929475
price_ltci_fair  1581.0   0.119746  0.091963  ...   0.094246   0.126489   1.590105
price_rmr_fair   1581.0   0.022102  0.005588  ...   0.020105   0.021675   0.070000

[3 rows x 8 columns]
                 count      mean       std  min  25%  50%  75%  max
buy_ann_joint   1581.0  0.111006  0.207865  0.0  0.0  0.0  0.0  0.5
buy_ltci_joint  1581.0  0.021822  0.102182  0.0  0.0  0.0  0.0  0.5
buy_rmr_joint   1581.0  0.145478  0.352693  0.0  0.0  0.0  0.0  1.0
                count      mean       std  min  25%  50%  75%  max
buy_ann_indp   1581.0  0.092663  0.194342  0.0  0.0  0.0  0.0  0.5
buy_ltci_indp  1581.0  0.020557  0.099307  0.0  0.0  0.0  0.0  0.5
buy_rmr_indp   1581.0  0.140417  0.347530  0.0  0.0  0.0  0.0  1.0
                      count       mean  ...        75%        max
price_ann_fair_avg   1581.0  15.945764  ...  17.934919  19.957125
price_ltci_fair_avg  1581.0   0.099788  ...   0.106325   0.155646
price_rmr_fair_avg   1581.0   0.002102  ...   0.002531   0.004084

[3 rows x 8 columns]
                  count       mean       std  ...        50%        75%        max
price_ann_fair   1581.0  15.945764  2.867897  ...  16.013926  18.172969  22.441229
price_ltci_fair  1581.0   0.099788  0.076636  ...   0.078538   0.105408   1.325088
price_rmr_fair   1581.0   0.002102  0.005588  ...   0.000105   0.001675   0.050000

[3 rows x 8 columns]
                 count      mean       std  min  25%  50%  75%  max
buy_ann_joint   1581.0  0.217268  0.247926  0.0  0.0  0.0  0.5  0.5
buy_ltci_joint  1581.0  0.106578  0.204833  0.0  0.0  0.0  0.0  0.5
buy_rmr_joint   1581.0  0.137887  0.344891  0.0  0.0  0.0  0.0  1.0
                count      mean       std  min  25%  50%  75%  max
buy_ann_indp   1581.0  0.204934  0.245982  0.0  0.0  0.0  0.5  0.5
buy_ltci_indp  1581.0  0.107527  0.205495  0.0  0.0  0.0  0.0  0.5
buy_rmr_indp   1581.0  0.120810  0.326009  0.0  0.0  0.0  0.0  1.0
                      count       mean  ...        75%        max
price_ann_fair_avg   1581.0  15.945764  ...  17.934919  19.957125
price_ltci_fair_avg  1581.0   0.099788  ...   0.106325   0.155646
price_rmr_fair_avg   1581.0   0.002102  ...   0.002531   0.004084

[3 rows x 8 columns]
                  count       mean       std  ...        50%        75%        max
price_ann_fair   1581.0  15.945764  2.867897  ...  16.013926  18.172969  22.441229
price_ltci_fair  1581.0   0.099788  0.076636  ...   0.078538   0.105408   1.325088
price_rmr_fair   1581.0   0.002102  0.005588  ...   0.000105   0.001675   0.050000

[3 rows x 8 columns]
                 count      mean       std  min  25%  50%  75%  max
buy_ann_joint   1581.0  0.329855  0.236978  0.0  0.0  0.5  0.5  0.5
buy_ltci_joint  1581.0  0.024984  0.108974  0.0  0.0  0.0  0.0  0.5
buy_rmr_joint   1581.0  0.218849  0.413597  0.0  0.0  0.0  0.0  1.0
                count      mean       std  min  25%  50%  75%  max
buy_ann_indp   1581.0  0.287793  0.247205  0.0  0.0  0.5  0.5  0.5
buy_ltci_indp  1581.0  0.020873  0.100035  0.0  0.0  0.0  0.0  0.5
buy_rmr_indp   1581.0  0.189121  0.391728  0.0  0.0  0.0  0.0  1.0
                      count       mean  ...        75%        max
price_ann_fair_avg   1581.0  15.945764  ...  17.934919  19.957125
price_ltci_fair_avg  1581.0   0.099788  ...   0.106325   0.155646
price_rmr_fair_avg   1581.0   0.002102  ...   0.002531   0.004084

[3 rows x 8 columns]
                  count       mean       std  ...        50%        75%        max
price_ann_fair   1581.0  15.945764  2.867897  ...  16.013926  18.172969  22.441229
price_ltci_fair  1581.0   0.099788  0.076636  ...   0.078538   0.105408   1.325088
price_rmr_fair   1581.0   0.002102  0.005588  ...   0.000105   0.001675   0.050000

[3 rows x 8 columns]
                 count      mean       std  min  25%  50%  75%  max
buy_ann_joint   1581.0  0.206199  0.246211  0.0  0.0  0.0  0.5  0.5
buy_ltci_joint  1581.0  0.000000  0.000000  0.0  0.0  0.0  0.0  0.0
buy_rmr_joint   1581.0  0.198608  0.399079  0.0  0.0  0.0  0.0  1.0
                count      mean       std  min  25%  50%  75%  max
buy_ann_indp   1581.0  0.179633  0.239969  0.0  0.0  0.0  0.5  0.5
buy_ltci_indp  1581.0  0.000000  0.000000  0.0  0.0  0.0  0.0  0.0
buy_rmr_indp   1581.0  0.185326  0.388685  0.0  0.0  0.0  0.0  1.0
                      count       mean  ...        75%        max
price_ann_fair_avg   1581.0  15.945764  ...  17.934919  19.957125
price_ltci_fair_avg  1581.0   0.099788  ...   0.106325   0.155646
price_rmr_fair_avg   1581.0   0.002102  ...   0.002531   0.004084

[3 rows x 8 columns]
                  count       mean       std  ...        50%        75%        max
price_ann_fair   1581.0  15.945764  2.867897  ...  16.013926  18.172969  22.441229
price_ltci_fair  1581.0   0.099788  0.076636  ...   0.078538   0.105408   1.325088
price_rmr_fair   1581.0   0.002102  0.005588  ...   0.000105   0.001675   0.050000

[3 rows x 8 columns]
                 count      mean       std  min  25%  50%  75%  max
buy_ann_joint   1581.0  0.486401  0.081356  0.0  0.5  0.5  0.5  0.5
buy_ltci_joint  1581.0  0.000000  0.000000  0.0  0.0  0.0  0.0  0.0
buy_rmr_joint   1581.0  0.000000  0.000000  0.0  0.0  0.0  0.0  0.0
                count      mean       std  min  25%  50%  75%  max
buy_ann_indp   1581.0  0.486401  0.081356  0.0  0.5  0.5  0.5  0.5
buy_ltci_indp  1581.0  0.000000  0.000000  0.0  0.0  0.0  0.0  0.0
buy_rmr_indp   1581.0  0.000000  0.000000  0.0  0.0  0.0  0.0  0.0
