                      count       mean  ...        75%        max
price_ann_fair_avg   1581.0  15.945764  ...  17.934919  19.957125
price_ltci_fair_avg  1581.0   0.099788  ...   0.106325   0.155646
price_rmr_fair_avg   1581.0   0.002102  ...   0.002531   0.004084

[3 rows x 8 columns]
                  count       mean       std  ...        50%        75%        max
price_ann_fair   1581.0  15.945764  2.867897  ...  16.013926  18.172969  22.441229
price_ltci_fair  1581.0   0.099788  0.076636  ...   0.078538   0.105408   1.325088
price_rmr_fair   1581.0   0.002102  0.005588  ...   0.000105   0.001675   0.050000

[3 rows x 8 columns]
                 count      mean       std  min  25%  50%  75%  max
buy_ann_joint   1581.0  0.334282  0.235439  0.0  0.0  0.5  0.5  0.5
buy_ltci_joint  1581.0  0.004744  0.048486  0.0  0.0  0.0  0.0  0.5
buy_rmr_joint   1581.0  0.135990  0.342886  0.0  0.0  0.0  0.0  1.0
                count      mean       std  min  25%  50%  75%  max
buy_ann_indp   1581.0  0.317521  0.240785  0.0  0.0  0.5  0.5  0.5
buy_ltci_indp  1581.0  0.004111  0.045167  0.0  0.0  0.0  0.0  0.5
buy_rmr_indp   1581.0  0.113219  0.316961  0.0  0.0  0.0  0.0  1.0
                      count       mean  ...        75%        max
price_ann_fair_avg   1581.0  15.945764  ...  17.934919  19.957125
price_ltci_fair_avg  1581.0   0.099788  ...   0.106325   0.155646
price_rmr_fair_avg   1581.0   0.002102  ...   0.002531   0.004084

[3 rows x 8 columns]
                  count       mean       std  ...        50%        75%        max
price_ann_fair   1581.0  15.945764  2.867897  ...  16.013926  18.172969  22.441229
price_ltci_fair  1581.0   0.099788  0.076636  ...   0.078538   0.105408   1.325088
price_rmr_fair   1581.0   0.002102  0.005588  ...   0.000105   0.001675   0.050000

[3 rows x 8 columns]
                 count      mean       std  min  25%  50%  75%  max
buy_ann_joint   1581.0  0.337761  0.234164  0.0  0.0  0.5  0.5  0.5
buy_ltci_joint  1581.0  0.000949  0.021767  0.0  0.0  0.0  0.0  0.5
buy_rmr_joint   1581.0  0.277040  0.447678  0.0  0.0  0.0  1.0  1.0
                count      mean       std  min  25%  50%  75%  max
buy_ann_indp   1581.0  0.304554  0.244052  0.0  0.0  0.5  0.5  0.5
buy_ltci_indp  1581.0  0.000316  0.012575  0.0  0.0  0.0  0.0  0.5
buy_rmr_indp   1581.0  0.240987  0.427818  0.0  0.0  0.0  0.0  1.0
                      count       mean  ...        75%        max
price_ann_fair_avg   1581.0  15.945764  ...  17.934919  19.957125
price_ltci_fair_avg  1581.0   0.099788  ...   0.106325   0.155646
price_rmr_fair_avg   1581.0   0.002102  ...   0.002531   0.004084

[3 rows x 8 columns]
                  count       mean       std  ...        50%        75%        max
price_ann_fair   1581.0  15.945764  2.867897  ...  16.013926  18.172969  22.441229
price_ltci_fair  1581.0   0.099788  0.076636  ...   0.078538   0.105408   1.325088
price_rmr_fair   1581.0   0.002102  0.005588  ...   0.000105   0.001675   0.050000

[3 rows x 8 columns]
                 count      mean       std  min  25%  50%  75%  max
buy_ann_joint   1581.0  0.312144  0.242230  0.0  0.0  0.5  0.5  0.5
buy_ltci_joint  1581.0  0.456989  0.140242  0.0  0.5  0.5  0.5  0.5
buy_rmr_joint   1581.0  0.058824  0.235369  0.0  0.0  0.0  0.0  1.0
                count      mean       std  min  25%  50%  75%  max
buy_ann_indp   1581.0  0.297596  0.245505  0.0  0.0  0.5  0.5  0.5
buy_ltci_indp  1581.0  0.457938  0.138831  0.0  0.5  0.5  0.5  0.5
buy_rmr_indp   1581.0  0.055028  0.228108  0.0  0.0  0.0  0.0  1.0
                      count       mean  ...        75%        max
price_ann_fair_avg   1581.0  15.945764  ...  17.934919  19.957125
price_ltci_fair_avg  1581.0   0.099788  ...   0.106325   0.155646
price_rmr_fair_avg   1581.0   0.002102  ...   0.002531   0.004084

[3 rows x 8 columns]
                  count       mean       std  ...        50%        75%        max
price_ann_fair   1581.0  15.945764  2.867897  ...  16.013926  18.172969  22.441229
price_ltci_fair  1581.0   0.099788  0.076636  ...   0.078538   0.105408   1.325088
price_rmr_fair   1581.0   0.002102  0.005588  ...   0.000105   0.001675   0.050000

[3 rows x 8 columns]
                 count      mean       std  min  25%  50%  75%  max
buy_ann_joint   1581.0  0.318153  0.240607  0.0  0.0  0.5  0.5  0.5
buy_ltci_joint  1581.0  0.001265  0.025126  0.0  0.0  0.0  0.0  0.5
buy_rmr_joint   1581.0  0.070209  0.255579  0.0  0.0  0.0  0.0  1.0
                count      mean       std  min  25%  50%  75%  max
buy_ann_indp   1581.0  0.308982  0.243020  0.0  0.0  0.5  0.5  0.5
buy_ltci_indp  1581.0  0.001265  0.025126  0.0  0.0  0.0  0.0  0.5
buy_rmr_indp   1581.0  0.056926  0.231774  0.0  0.0  0.0  0.0  1.0
                      count       mean  ...        75%        max
price_ann_fair_avg   1581.0  15.945764  ...  17.934919  19.957125
price_ltci_fair_avg  1581.0   0.099788  ...   0.106325   0.155646
price_rmr_fair_avg   1581.0   0.002102  ...   0.002531   0.004084

[3 rows x 8 columns]
                  count       mean       std  ...        50%        75%        max
price_ann_fair   1581.0  15.945764  2.867897  ...  16.013926  18.172969  22.441229
price_ltci_fair  1581.0   0.099788  0.076636  ...   0.078538   0.105408   1.325088
price_rmr_fair   1581.0   0.002102  0.005588  ...   0.000105   0.001675   0.050000

[3 rows x 8 columns]
                 count      mean       std  min  25%  50%  75%  max
buy_ann_joint   1581.0  0.342505  0.232330  0.0  0.0  0.5  0.5  0.5
buy_ltci_joint  1581.0  0.003163  0.039652  0.0  0.0  0.0  0.0  0.5
buy_rmr_joint   1581.0  0.116382  0.320784  0.0  0.0  0.0  0.0  1.0
                count      mean       std  min  25%  50%  75%  max
buy_ann_indp   1581.0  0.318153  0.240607  0.0  0.0  0.5  0.5  0.5
buy_ltci_indp  1581.0  0.001581  0.028083  0.0  0.0  0.0  0.0  0.5
buy_rmr_indp   1581.0  0.091714  0.288713  0.0  0.0  0.0  0.0  1.0
                      count       mean  ...        75%        max
price_ann_fair_avg   1581.0  15.945764  ...  17.934919  19.957125
price_ltci_fair_avg  1581.0   0.099788  ...   0.106325   0.155646
price_rmr_fair_avg   1581.0   0.002102  ...   0.002531   0.004084

[3 rows x 8 columns]
                  count       mean       std  ...        50%        75%        max
price_ann_fair   1581.0  15.945764  2.867897  ...  16.013926  18.172969  22.441229
price_ltci_fair  1581.0   0.099788  0.076636  ...   0.078538   0.105408   1.325088
price_rmr_fair   1581.0   0.002102  0.005588  ...   0.000105   0.001675   0.050000

[3 rows x 8 columns]
                 count      mean       std  min  25%  50%  75%  max
buy_ann_joint   1581.0  0.378242  0.214670  0.0  0.5  0.5  0.5  0.5
buy_ltci_joint  1581.0  0.012018  0.076604  0.0  0.0  0.0  0.0  0.5
buy_rmr_joint   1581.0  0.352941  0.478036  0.0  0.0  0.0  1.0  1.0
                count      mean       std  min  25%  50%  75%  max
buy_ann_indp   1581.0  0.305503  0.243838  0.0  0.0  0.5  0.5  0.5
buy_ltci_indp  1581.0  0.001898  0.030753  0.0  0.0  0.0  0.0  0.5
buy_rmr_indp   1581.0  0.292853  0.455215  0.0  0.0  0.0  1.0  1.0
                      count       mean  ...        75%        max
price_ann_fair_avg   1581.0  15.945764  ...  17.934919  19.957125
price_ltci_fair_avg  1581.0   0.099788  ...   0.106325   0.155646
price_rmr_fair_avg   1581.0   0.002102  ...   0.002531   0.004084

[3 rows x 8 columns]
                  count       mean       std  ...        50%        75%        max
price_ann_fair   1581.0  15.945764  2.867897  ...  16.013926  18.172969  22.441229
price_ltci_fair  1581.0   0.099788  0.076636  ...   0.078538   0.105408   1.325088
price_rmr_fair   1581.0   0.002102  0.005588  ...   0.000105   0.001675   0.050000

[3 rows x 8 columns]
                 count      mean       std  min  25%  50%  75%  max
buy_ann_joint   1581.0  0.292853  0.246378  0.0  0.0  0.5  0.5  0.5
buy_ltci_joint  1581.0  0.000000  0.000000  0.0  0.0  0.0  0.0  0.0
buy_rmr_joint   1581.0  0.135357  0.342213  0.0  0.0  0.0  0.0  1.0
                count      mean       std  min  25%  50%  75%  max
buy_ann_indp   1581.0  0.275775  0.248746  0.0  0.0  0.5  0.5  0.5
buy_ltci_indp  1581.0  0.000000  0.000000  0.0  0.0  0.0  0.0  0.0
buy_rmr_indp   1581.0  0.115117  0.319264  0.0  0.0  0.0  0.0  1.0
                      count       mean  ...        75%        max
price_ann_fair_avg   1581.0  15.945764  ...  17.934919  19.957125
price_ltci_fair_avg  1581.0   0.099788  ...   0.106325   0.155646
price_rmr_fair_avg   1581.0   0.002102  ...   0.002531   0.004084

[3 rows x 8 columns]
                  count       mean       std  ...        50%        75%        max
price_ann_fair   1581.0  15.945764  2.867897  ...  16.013926  18.172969  22.441229
price_ltci_fair  1581.0   0.099788  0.076636  ...   0.078538   0.105408   1.325088
price_rmr_fair   1581.0   0.002102  0.005588  ...   0.000105   0.001675   0.050000

[3 rows x 8 columns]
                 count      mean       std  min  25%  50%  75%  max
buy_ann_joint   1581.0  0.261860  0.249798  0.0  0.0  0.5  0.5  0.5
buy_ltci_joint  1581.0  0.012334  0.077580  0.0  0.0  0.0  0.0  0.5
buy_rmr_joint   1581.0  0.018975  0.136481  0.0  0.0  0.0  0.0  1.0
                count      mean       std  min  25%  50%  75%  max
buy_ann_indp   1581.0  0.258065  0.249949  0.0  0.0  0.5  0.5  0.5
buy_ltci_indp  1581.0  0.014231  0.083172  0.0  0.0  0.0  0.0  0.5
buy_rmr_indp   1581.0  0.017078  0.129602  0.0  0.0  0.0  0.0  1.0
                      count       mean  ...        75%        max
price_ann_fair_avg   1581.0  19.134917  ...  21.521902  23.948551
price_ltci_fair_avg  1581.0   0.119746  ...   0.127590   0.186776
price_rmr_fair_avg   1581.0   0.022102  ...   0.022531   0.024084

[3 rows x 8 columns]
                  count       mean       std  ...        50%        75%        max
price_ann_fair   1581.0  19.134917  3.441476  ...  19.216711  21.807563  26.929475
price_ltci_fair  1581.0   0.119746  0.091963  ...   0.094246   0.126489   1.590105
price_rmr_fair   1581.0   0.022102  0.005588  ...   0.020105   0.021675   0.070000

[3 rows x 8 columns]
                 count      mean       std  min  25%  50%  75%  max
buy_ann_joint   1581.0  0.220430  0.248324  0.0  0.0  0.0  0.5  0.5
buy_ltci_joint  1581.0  0.001581  0.028083  0.0  0.0  0.0  0.0  0.5
buy_rmr_joint   1581.0  0.111322  0.314630  0.0  0.0  0.0  0.0  1.0
                count      mean       std  min  25%  50%  75%  max
buy_ann_indp   1581.0  0.206515  0.246267  0.0  0.0  0.0  0.5  0.5
buy_ltci_indp  1581.0  0.002214  0.033207  0.0  0.0  0.0  0.0  0.5
buy_rmr_indp   1581.0  0.101202  0.301691  0.0  0.0  0.0  0.0  1.0
                      count       mean  ...        75%        max
price_ann_fair_avg   1581.0  15.945764  ...  17.934919  19.957125
price_ltci_fair_avg  1581.0   0.099788  ...   0.106325   0.155646
price_rmr_fair_avg   1581.0   0.002102  ...   0.002531   0.004084

[3 rows x 8 columns]
                  count       mean       std  ...        50%        75%        max
price_ann_fair   1581.0  15.945764  2.867897  ...  16.013926  18.172969  22.441229
price_ltci_fair  1581.0   0.099788  0.076636  ...   0.078538   0.105408   1.325088
price_rmr_fair   1581.0   0.002102  0.005588  ...   0.000105   0.001675   0.050000

[3 rows x 8 columns]
                 count      mean       std  min  25%  50%  75%  max
buy_ann_joint   1581.0  0.334282  0.235439  0.0  0.0  0.5  0.5  0.5
buy_ltci_joint  1581.0  0.026565  0.112183  0.0  0.0  0.0  0.0  0.5
buy_rmr_joint   1581.0  0.110057  0.313060  0.0  0.0  0.0  0.0  1.0
                count      mean       std  min  25%  50%  75%  max
buy_ann_indp   1581.0  0.326059  0.238224  0.0  0.0  0.5  0.5  0.5
buy_ltci_indp  1581.0  0.027830  0.114669  0.0  0.0  0.0  0.0  0.5
buy_rmr_indp   1581.0  0.095509  0.294010  0.0  0.0  0.0  0.0  1.0
                      count       mean  ...        75%        max
price_ann_fair_avg   1581.0  15.945764  ...  17.934919  19.957125
price_ltci_fair_avg  1581.0   0.099788  ...   0.106325   0.155646
price_rmr_fair_avg   1581.0   0.002102  ...   0.002531   0.004084

[3 rows x 8 columns]
                  count       mean       std  ...        50%        75%        max
price_ann_fair   1581.0  15.945764  2.867897  ...  16.013926  18.172969  22.441229
price_ltci_fair  1581.0   0.099788  0.076636  ...   0.078538   0.105408   1.325088
price_rmr_fair   1581.0   0.002102  0.005588  ...   0.000105   0.001675   0.050000

[3 rows x 8 columns]
                 count      mean       std  min  25%  50%  75%  max
buy_ann_joint   1581.0  0.376344  0.215793  0.0  0.5  0.5  0.5  0.5
buy_ltci_joint  1581.0  0.004744  0.048486  0.0  0.0  0.0  0.0  0.5
buy_rmr_joint   1581.0  0.123972  0.329654  0.0  0.0  0.0  0.0  1.0
                count      mean       std  min  25%  50%  75%  max
buy_ann_indp   1581.0  0.360215  0.224465  0.0  0.0  0.5  0.5  0.5
buy_ltci_indp  1581.0  0.005060  0.050060  0.0  0.0  0.0  0.0  0.5
buy_rmr_indp   1581.0  0.101202  0.301691  0.0  0.0  0.0  0.0  1.0
                      count       mean  ...        75%        max
price_ann_fair_avg   1581.0  15.945764  ...  17.934919  19.957125
price_ltci_fair_avg  1581.0   0.099788  ...   0.106325   0.155646
price_rmr_fair_avg   1581.0   0.002102  ...   0.002531   0.004084

[3 rows x 8 columns]
                  count       mean       std  ...        50%        75%        max
price_ann_fair   1581.0  15.945764  2.867897  ...  16.013926  18.172969  22.441229
price_ltci_fair  1581.0   0.099788  0.076636  ...   0.078538   0.105408   1.325088
price_rmr_fair   1581.0   0.002102  0.005588  ...   0.000105   0.001675   0.050000

[3 rows x 8 columns]
                 count      mean       std  min  25%  50%  75%  max
buy_ann_joint   1581.0  0.343137  0.232077  0.0  0.0  0.5  0.5  0.5
buy_ltci_joint  1581.0  0.000000  0.000000  0.0  0.0  0.0  0.0  0.0
buy_rmr_joint   1581.0  0.165085  0.371375  0.0  0.0  0.0  0.0  1.0
                count      mean       std  min  25%  50%  75%  max
buy_ann_indp   1581.0  0.321316  0.239688  0.0  0.0  0.5  0.5  0.5
buy_ltci_indp  1581.0  0.000000  0.000000  0.0  0.0  0.0  0.0  0.0
buy_rmr_indp   1581.0  0.136622  0.343557  0.0  0.0  0.0  0.0  1.0
                      count       mean  ...        75%        max
price_ann_fair_avg   1581.0  15.945764  ...  17.934919  19.957125
price_ltci_fair_avg  1581.0   0.099788  ...   0.106325   0.155646
price_rmr_fair_avg   1581.0   0.002102  ...   0.002531   0.004084

[3 rows x 8 columns]
                  count       mean       std  ...        50%        75%        max
price_ann_fair   1581.0  15.945764  2.867897  ...  16.013926  18.172969  22.441229
price_ltci_fair  1581.0   0.099788  0.076636  ...   0.078538   0.105408   1.325088
price_rmr_fair   1581.0   0.002102  0.005588  ...   0.000105   0.001675   0.050000

[3 rows x 8 columns]
                 count      mean       std  min  25%  50%  75%  max
buy_ann_joint   1581.0  0.493675  0.055897  0.0  0.5  0.5  0.5  0.5
buy_ltci_joint  1581.0  0.000000  0.000000  0.0  0.0  0.0  0.0  0.0
buy_rmr_joint   1581.0  0.000000  0.000000  0.0  0.0  0.0  0.0  0.0
                count      mean       std  min  25%  50%  75%  max
buy_ann_indp   1581.0  0.493675  0.055897  0.0  0.5  0.5  0.5  0.5
buy_ltci_indp  1581.0  0.000000  0.000000  0.0  0.0  0.0  0.0  0.0
buy_rmr_indp   1581.0  0.000000  0.000000  0.0  0.0  0.0  0.0  0.0
