respid    
87      1    -0.875932
        2    -0.559732
        3    -0.789512
        4     2.225175
        5     0.045387
        6     0.203162
        7    -0.479042
        8     0.230493
        9    -0.121256
        10    0.013286
        11    0.046094
        12    0.061876
94      1    -1.633342
        2     1.535551
        3     1.682350
        4    -1.584558
        5    -0.289889
        6     0.402660
        7    -0.016590
        8    -0.096181
        9     2.116682
        10   -0.719764
        11   -0.678139
        12   -0.718779
109     1     0.204020
        2    -0.237140
        3    -0.069244
        4     0.102364
        5     0.423180
        6     0.355652
        7    -0.340829
        8    -0.438003
        9     0.000000
        10    0.000000
        11    0.000000
        12    0.000000
127     1     0.030676
        2     0.025030
        3    -0.002304
        4    -0.053402
        5     1.515949
        6    -0.841874
        7    -0.874749
        8     0.200674
        9     0.061746
        10   -0.065777
        11    0.061657
        12   -0.057627
159     1    -0.012471
        2     0.009948
dtype: float64
0
1
2
3
4
5
6
7
                  0          1         2         3   ...   10   11   12   13
respid                                               ...                    
87     1   -0.035061  -0.003984  0.000015 -0.001724  ...  NaN  NaN  NaN  NaN
       2    0.060587   0.097392 -0.002739  0.003536  ...  NaN  NaN  NaN  NaN
       3   -0.017364   0.027102  0.000617 -0.000567  ...  NaN  NaN  NaN  NaN
       4   -0.008162  -0.120509  0.002107 -0.001246  ...  NaN  NaN  NaN  NaN
       5   -0.062190  -0.132292  0.007944 -0.009604  ...  NaN  NaN  NaN  NaN
       6    0.034254   0.076354 -0.001809  0.008012  ...  NaN  NaN  NaN  NaN
       7   -0.039702  -0.095281 -0.001743 -0.008329  ...  NaN  NaN  NaN  NaN
       8    0.067638   0.151219 -0.004392  0.009921  ...  NaN  NaN  NaN  NaN
       9   -0.035323  -0.034522  0.003119 -0.001693  ...  NaN  NaN  NaN  NaN
       10   0.003651   0.002952 -0.001677 -0.000080  ...  NaN  NaN  NaN  NaN
       11   0.009866   0.014008  0.001533  0.000459  ...  NaN  NaN  NaN  NaN
       12   0.021806   0.017563 -0.002975  0.001314  ...  NaN  NaN  NaN  NaN
94     1    0.001135   0.011037 -0.003007  0.002007  ...  NaN  NaN  NaN  NaN
       2   -0.016675  -0.013705  0.006684 -0.006109  ...  NaN  NaN  NaN  NaN
       3   -0.006271  -0.016308  0.000897  0.000776  ...  NaN  NaN  NaN  NaN
       4    0.021812   0.018976 -0.004574  0.003326  ...  NaN  NaN  NaN  NaN
       5   -1.045368  -0.083075  0.016071 -1.020248  ...  NaN  NaN  NaN  NaN
       6    3.125513   0.219239 -0.030865  3.035954  ...  NaN  NaN  NaN  NaN
       7   -1.006264   0.015441  0.004044 -1.011849  ...  NaN  NaN  NaN  NaN
       8   -1.073880  -0.151605  0.010749 -1.003857  ...  NaN  NaN  NaN  NaN
       9    0.003228   0.005610  0.004603  0.000534  ...  NaN  NaN  NaN  NaN
       10  -0.004470  -0.009713 -0.006418  0.000574  ...  NaN  NaN  NaN  NaN
       11   0.005286   0.013418  0.008208 -0.001623  ...  NaN  NaN  NaN  NaN
       12  -0.004044  -0.009315 -0.006393  0.000514  ...  NaN  NaN  NaN  NaN
109    1    0.005419   0.120228 -0.012557  0.000302  ...  NaN  NaN  NaN  NaN
       2    0.035995  -0.140325  0.013692  0.000296  ...  NaN  NaN  NaN  NaN
       3   -0.054511  -0.002451  0.005536 -0.002776  ...  NaN  NaN  NaN  NaN
       4    0.013096   0.022549 -0.006671  0.002178  ...  NaN  NaN  NaN  NaN
       5  -11.241728   0.504153  0.004308 -0.040282  ...  NaN  NaN  NaN  NaN
       6   34.530994  -0.224610 -0.035663  0.058562  ...  NaN  NaN  NaN  NaN
       7  -11.318412   0.171275  0.039803 -0.053853  ...  NaN  NaN  NaN  NaN
       8  -11.970854  -0.450817 -0.008448  0.035573  ...  NaN  NaN  NaN  NaN
       9    0.000000   0.000000  0.000000  0.000000  ...  NaN  NaN  NaN  NaN
       10   0.000000   0.000000  0.000000  0.000000  ...  NaN  NaN  NaN  NaN
       11   0.000000   0.000000  0.000000  0.000000  ...  NaN  NaN  NaN  NaN
       12   0.000000   0.000000  0.000000  0.000000  ...  NaN  NaN  NaN  NaN
127    1    9.001495   9.138236 -0.001978  0.001019  ...  NaN  NaN  NaN  NaN
       2  -26.999638 -27.361797  0.002300 -0.000616  ...  NaN  NaN  NaN  NaN
       3    9.000614   9.121820 -0.001126  0.000808  ...  NaN  NaN  NaN  NaN
       4    8.997529   9.101740  0.000805 -0.001211  ...  NaN  NaN  NaN  NaN
       5   -0.044549   0.054908  0.019009 -0.017970  ...  NaN  NaN  NaN  NaN
       6   -0.117231  -0.060823  0.042957 -0.015012  ...  NaN  NaN  NaN  NaN
       7   -0.059469  -0.067911  0.035553 -0.022190  ...  NaN  NaN  NaN  NaN
       8    0.221249   0.073826 -0.097519  0.055172  ...  NaN  NaN  NaN  NaN
       9   -0.035791   0.027850  0.145568  0.003682  ...  NaN  NaN  NaN  NaN
       10   0.035441  -0.029566 -0.145618 -0.003513  ...  NaN  NaN  NaN  NaN
       11  -0.035975   0.029216  0.144226  0.003376  ...  NaN  NaN  NaN  NaN
       12   0.036325  -0.027500 -0.144176 -0.003546  ...  NaN  NaN  NaN  NaN
159    1   -0.004319  -0.004002  0.000218 -0.000208  ...  NaN  NaN  NaN  NaN
       2    0.003424   0.003113 -0.000238  0.000196  ...  NaN  NaN  NaN  NaN

[50 rows x 14 columns]
                  0          1         2   ...         11         12         13
respid                                     ...                                 
87     1   -0.035061  -0.003984  0.000015  ...   2.841923   2.841923   2.841923
       2    0.060587   0.097392 -0.002739  ... -12.239604 -12.239604 -12.239604
       3   -0.017364   0.027102  0.000617  ...  -1.279991  -1.279991  -1.279991
       4   -0.008162  -0.120509  0.002107  ...  10.677672  10.677672  10.677672
       5   -0.062190  -0.132292  0.007944  ...   2.376595   2.376595   2.376595
       6    0.034254   0.076354 -0.001809  ...  -1.470963  -1.470963  -1.470963
       7   -0.039702  -0.095281 -0.001743  ...   1.749229   1.749229   1.749229
       8    0.067638   0.151219 -0.004392  ...  -2.654861  -2.654861  -2.654861
       9   -0.035323  -0.034522  0.003119  ...   0.000000   8.310690   8.310690
       10   0.003651   0.002952 -0.001677  ...   0.000000  -0.910584  -0.910584
       11   0.009866   0.014008  0.001533  ...   0.000000  -3.159245  -3.159245
       12   0.021806   0.017563 -0.002975  ...   0.000000  -4.240862  -4.240862
94     1    0.001135   0.011037 -0.003007  ...  -1.679839  -1.679839  -1.679839
       2   -0.016675  -0.013705  0.006684  ...   4.400233   4.400233   4.400233
       3   -0.006271  -0.016308  0.000897  ...   2.033138   2.033138   2.033138
       4    0.021812   0.018976 -0.004574  ...  -4.753532  -4.753532  -4.753532
       5   -1.045368  -0.083075  0.016071  ...   2.236237   2.236237   2.236237
       6    3.125513   0.219239 -0.030865  ...  -4.811480  -4.811480  -4.811480
       7   -1.006264   0.015441  0.004044  ...   0.539871   0.539871   0.539871
       8   -1.073880  -0.151605  0.010749  ...   2.035372   2.035372   2.035372
       9    0.003228   0.005610  0.004603  ...   0.000000  -0.974009  -0.974009
       10  -0.004470  -0.009713 -0.006418  ...   0.000000   1.298167   1.298167
       11   0.005286   0.013418  0.008208  ...   0.000000  -1.554783  -1.554783
       12  -0.004044  -0.009315 -0.006393  ...   0.000000   1.230625   1.230625
109    1    0.005419   0.120228 -0.012557  ... -12.854493 -12.854493 -12.854493
       2    0.035995  -0.140325  0.013692  ...  14.941257  14.941257  14.941257
       3   -0.054511  -0.002451  0.005536  ...   4.362804   4.362804   4.362804
       4    0.013096   0.022549 -0.006671  ...  -6.449568  -6.449568  -6.449568
       5  -11.241728   0.504153  0.004308  ...  -3.277538  -3.277538  -3.277538
       6   34.530994  -0.224610 -0.035663  ...  -2.754536  -2.754536  -2.754536
       7  -11.318412   0.171275  0.039803  ...   2.639731   2.639731   2.639731
       8  -11.970854  -0.450817 -0.008448  ...   3.392343   3.392343   3.392343
       9    0.000000   0.000000  0.000000  ...   0.000000   0.000000   0.000000
       10   0.000000   0.000000  0.000000  ...   0.000000   0.000000   0.000000
       11   0.000000   0.000000  0.000000  ...   0.000000   0.000000   0.000000
       12   0.000000   0.000000  0.000000  ...   0.000000   0.000000   0.000000
127    1    9.001495   9.138236 -0.001978  ...  -1.932751  -1.932751  -1.932751
       2  -26.999638 -27.361797  0.002300  ...  -1.577056  -1.577056  -1.577056
       3    9.000614   9.121820 -0.001126  ...   0.145181   0.145181   0.145181
       4    8.997529   9.101740  0.000805  ...   3.364627   3.364627   3.364627
       5   -0.044549   0.054908  0.019009  ...   0.418193   0.418193   0.418193
       6   -0.117231  -0.060823  0.042957  ...   2.467251   2.467251   2.467251
       7   -0.059469  -0.067911  0.035553  ...   2.721866   2.721866   2.721866
       8    0.221249   0.073826 -0.097519  ...  -5.607311  -5.607311  -5.607311
       9   -0.035791   0.027850  0.145568  ...   0.000000   0.000000  -3.097903
       10   0.035441  -0.029566 -0.145618  ...   0.000000   0.000000   3.300096
       11  -0.035975   0.029216  0.144226  ...   0.000000   0.000000  -3.093407
       12   0.036325  -0.027500 -0.144176  ...   0.000000   0.000000   2.891215
159    1   -0.004319  -0.004002  0.000218  ...   0.785757   0.785757   0.785757
       2    0.003424   0.003113 -0.000238  ...  -0.626763  -0.626763  -0.626763

[50 rows x 14 columns]
