respid    
87      1    -0.866699
        2    -0.499349
        3    -0.742880
        4     2.108928
        5    -0.050616
        6     0.289366
        7    -0.570575
        8     0.331825
        9    -0.188267
        10   -0.000885
        11    0.094233
        12    0.094919
94      1    -1.622964
        2     1.522380
        3     1.688547
        4    -1.587963
        5    -0.280442
        6     0.339631
        7    -0.038668
        8    -0.020522
        9     2.135336
        10   -0.736527
        11   -0.662791
        12   -0.736018
109     1     0.165215
        2    -0.188723
        3    -0.055767
        4     0.079276
        5     0.061920
        6     0.558480
        7    -0.549375
        8    -0.071024
        9     0.000000
        10    0.000000
        11    0.000000
        12    0.000000
127     1     0.038953
        2     0.021042
        3     0.004725
        4    -0.064720
        5     1.449411
        6    -0.806440
        7    -0.921147
        8     0.278175
        9     0.226948
        10   -0.227779
        11    0.215280
        12   -0.214449
159     1    -0.010448
        2     0.007669
dtype: float64
0
1
2
3
4
5
6
7
                 0         1         2         3   ...   10   11   12   13
respid                                             ...                    
87     1  -0.023367  0.009865  0.004312 -0.000736  ...  NaN  NaN  NaN  NaN
       2   0.050580  0.152094  0.001260  0.002057  ...  NaN  NaN  NaN  NaN
       3  -0.010103  0.073501  0.004900 -0.000050  ...  NaN  NaN  NaN  NaN
       4  -0.017110 -0.235460 -0.010472 -0.001272  ...  NaN  NaN  NaN  NaN
       5  -0.058628 -0.237276  0.001806 -0.003180  ...  NaN  NaN  NaN  NaN
       6   0.038329  0.162459 -0.004388  0.002347  ...  NaN  NaN  NaN  NaN
       7  -0.046872 -0.183172  0.003176 -0.002652  ...  NaN  NaN  NaN  NaN
       8   0.067170  0.257989 -0.000594  0.003485  ...  NaN  NaN  NaN  NaN
       9  -0.039235 -0.082667  0.000122 -0.000790  ...  NaN  NaN  NaN  NaN
       10  0.008997 -0.004281 -0.009897  0.000117  ...  NaN  NaN  NaN  NaN
       11  0.010441  0.045396  0.009992  0.000342  ...  NaN  NaN  NaN  NaN
       12  0.019797  0.041552 -0.000217  0.000331  ...  NaN  NaN  NaN  NaN
94     1  -0.001323  0.032379 -0.001901 -0.000043  ...  NaN  NaN  NaN  NaN
       2  -0.001761 -0.056505  0.004184 -0.000351  ...  NaN  NaN  NaN  NaN
       3  -0.006145 -0.003658  0.002160 -0.000337  ...  NaN  NaN  NaN  NaN
       4   0.009229  0.027784 -0.004443  0.000731  ...  NaN  NaN  NaN  NaN
       5  -0.016910 -0.153932  0.026628 -0.005231  ...  NaN  NaN  NaN  NaN
       6   0.048366  0.275603 -0.047359  0.010824  ...  NaN  NaN  NaN  NaN
       7   0.000084 -0.030134  0.007472 -0.002553  ...  NaN  NaN  NaN  NaN
       8  -0.031540 -0.091537  0.013259 -0.003040  ...  NaN  NaN  NaN  NaN
       9   0.006718  0.024381  0.005709 -0.000236  ...  NaN  NaN  NaN  NaN
       10 -0.009323 -0.025156 -0.010487  0.000391  ...  NaN  NaN  NaN  NaN
       11  0.011669  0.026055  0.015254 -0.000536  ...  NaN  NaN  NaN  NaN
       12 -0.009065 -0.025280 -0.010476  0.000382  ...  NaN  NaN  NaN  NaN
109    1   0.012970  0.031364 -0.007154  0.000362  ...  NaN  NaN  NaN  NaN
       2  -0.016115 -0.200265  0.010855 -0.000341  ...  NaN  NaN  NaN  NaN
       3  -0.018768 -0.072651  0.004247 -0.000911  ...  NaN  NaN  NaN  NaN
       4   0.021913  0.241552 -0.007949  0.000891  ...  NaN  NaN  NaN  NaN
       5   0.100514  0.027675  0.002250 -0.004107  ...  NaN  NaN  NaN  NaN
       6  -0.004406  0.114626 -0.063874  0.015325  ...  NaN  NaN  NaN  NaN
       7   0.003492 -0.115087  0.063793 -0.014789  ...  NaN  NaN  NaN  NaN
       8  -0.099600 -0.027213 -0.002168  0.003572  ...  NaN  NaN  NaN  NaN
       9   0.000000  0.000000  0.000000  0.000000  ...  NaN  NaN  NaN  NaN
       10  0.000000  0.000000  0.000000  0.000000  ...  NaN  NaN  NaN  NaN
       11  0.000000  0.000000  0.000000  0.000000  ...  NaN  NaN  NaN  NaN
       12  0.000000  0.000000  0.000000  0.000000  ...  NaN  NaN  NaN  NaN
127    1   0.000568  0.024776  0.002187  0.000352  ...  NaN  NaN  NaN  NaN
       2   0.004685  0.009210 -0.002959  0.000258  ...  NaN  NaN  NaN  NaN
       3  -0.001117 -0.001203 -0.002008  0.000326  ...  NaN  NaN  NaN  NaN
       4  -0.004135 -0.032783  0.002780 -0.000936  ...  NaN  NaN  NaN  NaN
       5  -0.001360 -0.083781  0.004474 -0.001171  ...  NaN  NaN  NaN  NaN
       6  -0.034770 -0.063145  0.002482 -0.005469  ...  NaN  NaN  NaN  NaN
       7  -0.018201 -0.135324 -0.002708 -0.007013  ...  NaN  NaN  NaN  NaN
       8   0.054331  0.282250 -0.004248  0.013653  ...  NaN  NaN  NaN  NaN
       9   0.020617  0.254407  0.166711 -0.007096  ...  NaN  NaN  NaN  NaN
       10 -0.020451 -0.259302 -0.158998  0.007603  ...  NaN  NaN  NaN  NaN
       11  0.022704  0.262136  0.146668 -0.007704  ...  NaN  NaN  NaN  NaN
       12 -0.022870 -0.257241 -0.154381  0.007197  ...  NaN  NaN  NaN  NaN
159    1  -0.001294 -0.000981 -0.000599 -0.000080  ...  NaN  NaN  NaN  NaN
       2   0.000996  0.001761  0.000492  0.000055  ...  NaN  NaN  NaN  NaN

[50 rows x 14 columns]
                 0         1         2   ...         11         12         13
respid                                   ...                                 
87     1  -0.023367  0.009865  0.004312  ...   1.916325   1.916325   1.916325
       2   0.050580  0.152094  0.001260  ... -12.064798 -12.064798 -12.064798
       3  -0.010103  0.073501  0.004900  ...  -2.796153  -2.796153  -2.796153
       4  -0.017110 -0.235460 -0.010472  ...  12.944627  12.944627  12.944627
       5  -0.058628 -0.237276  0.001806  ...   2.982741   2.982741   2.982741
       6   0.038329  0.162459 -0.004388  ...  -2.012953  -2.012953  -2.012953
       7  -0.046872 -0.183172  0.003176  ...   2.325370   2.325370   2.325370
       8   0.067170  0.257989 -0.000594  ...  -3.295158  -3.295158  -3.295158
       9  -0.039235 -0.082667  0.000122  ...   0.000000   9.063999   9.063999
       10  0.008997 -0.004281 -0.009897  ...   0.000000   0.042606   0.042606
       11  0.010441  0.045396  0.009992  ...   0.000000  -4.536777  -4.536777
       12  0.019797  0.041552 -0.000217  ...   0.000000  -4.569827  -4.569827
94     1  -0.001323  0.032379 -0.001901  ...  -2.083598  -2.083598  -2.083598
       2  -0.001761 -0.056505  0.004184  ...   4.669468   4.669468   4.669468
       3  -0.006145 -0.003658  0.002160  ...   1.466633   1.466633   1.466633
       4   0.009229  0.027784 -0.004443  ...  -4.052503  -4.052503  -4.052503
       5  -0.016910 -0.153932  0.026628  ...   2.185115   2.185115   2.185115
       6   0.048366  0.275603 -0.047359  ...  -4.435510  -4.435510  -4.435510
       7   0.000084 -0.030134  0.007472  ...   0.679242   0.679242   0.679242
       8  -0.031540 -0.091537  0.013259  ...   1.571152   1.571152   1.571152
       9   0.006718  0.024381  0.005709  ...   0.000000  -1.582283  -1.582283
       10 -0.009323 -0.025156 -0.010487  ...   0.000000   1.718926   1.718926
       11  0.011669  0.026055  0.015254  ...   0.000000  -1.831046  -1.831046
       12 -0.009065 -0.025280 -0.010476  ...   0.000000   1.694403   1.694403
109    1   0.012970  0.031364 -0.007154  ...  -9.293764  -9.293764  -9.293764
       2  -0.016115 -0.200265  0.010855  ...  10.616175  10.616175  10.616175
       3  -0.018768 -0.072651  0.004247  ...   3.137061   3.137061   3.137061
       4   0.021913  0.241552 -0.007949  ...  -4.459472  -4.459472  -4.459472
       5   0.100514  0.027675  0.002250  ...  -0.469632  -0.469632  -0.469632
       6  -0.004406  0.114626 -0.063874  ...  -4.235798  -4.235798  -4.235798
       7   0.003492 -0.115087  0.063793  ...   4.166744   4.166744   4.166744
       8  -0.099600 -0.027213 -0.002168  ...   0.538686   0.538686   0.538686
       9   0.000000  0.000000  0.000000  ...   0.000000   0.000000   0.000000
       10  0.000000  0.000000  0.000000  ...   0.000000   0.000000   0.000000
       11  0.000000  0.000000  0.000000  ...   0.000000   0.000000   0.000000
       12  0.000000  0.000000  0.000000  ...   0.000000   0.000000   0.000000
127    1   0.000568  0.024776  0.002187  ...  -2.191186  -2.191186  -2.191186
       2   0.004685  0.009210 -0.002959  ...  -1.183666  -1.183666  -1.183666
       3  -0.001117 -0.001203 -0.002008  ...  -0.265793  -0.265793  -0.265793
       4  -0.004135 -0.032783  0.002780  ...   3.640645   3.640645   3.640645
       5  -0.001360 -0.083781  0.004474  ...   0.914189   0.914189   0.914189
       6  -0.034770 -0.063145  0.002482  ...   2.147364   2.147364   2.147364
       7  -0.018201 -0.135324 -0.002708  ...   3.017361   3.017361   3.017361
       8   0.054331  0.282250 -0.004248  ...  -6.078915  -6.078915  -6.078915
       9   0.020617  0.254407  0.166711  ...   0.000000   0.000000  -7.774751
       10 -0.020451 -0.259302 -0.158998  ...   0.000000   0.000000   7.803214
       11  0.022704  0.262136  0.146668  ...   0.000000   0.000000  -7.375027
       12 -0.022870 -0.257241 -0.154381  ...   0.000000   0.000000   7.346563
159    1  -0.001294 -0.000981 -0.000599  ...   0.587752   0.587752   0.587752
       2   0.000996  0.001761  0.000492  ...  -0.431427  -0.431427  -0.431427

[50 rows x 14 columns]
