number of parameters =  8 , number of free parameters =  7
- function call summary
ssd =  7797.092322850985  sigmas =  [[0.01820019 0.02230234]
 [0.18459514 0.1801851 ]
 [0.01725008 0.02750158]]
pars =  [4.287e+00 1.276e+00 9.050e-01 1.305e+00 2.000e+02 1.398e+00 9.300e-02
 3.800e-01]
std.dev of utility differences - annuities d_value_1     5.712689
d_value_2    14.942494
d_value_3     5.844928
d_value_4    14.995724
dtype: float64
std.dev of utility differences - ltc d_value_5    1.487775
d_value_6    2.869845
d_value_7    1.497593
d_value_8    2.780175
dtype: float64
std.dev of utility differences - rmr d_value_9     20.408943
d_value_10    23.088887
d_value_11    20.020161
d_value_12    22.946299
dtype: float64
- function call summary
ssd =  7794.76123041498  sigmas =  [[0.01829011 0.0223913 ]
 [0.1853275  0.18088253]
 [0.01743963 0.02775465]]
pars =  [4.387e+00 1.276e+00 9.050e-01 1.305e+00 2.000e+02 1.398e+00 9.300e-02
 3.800e-01]
std.dev of utility differences - annuities d_value_1     5.682093
d_value_2    14.889666
d_value_3     5.822904
d_value_4    14.928995
dtype: float64
std.dev of utility differences - ltc d_value_5    1.466718
d_value_6    2.832732
d_value_7    1.476233
d_value_8    2.742880
dtype: float64
std.dev of utility differences - rmr d_value_9     20.213654
d_value_10    22.845355
d_value_11    19.833244
d_value_12    22.716991
dtype: float64
- function call summary
ssd =  7795.414328673461  sigmas =  [[0.01842575 0.02220422]
 [0.18304354 0.17316808]
 [0.0174465  0.02714904]]
pars =  [4.287e+00 1.376e+00 9.050e-01 1.305e+00 2.000e+02 1.398e+00 9.300e-02
 3.800e-01]
std.dev of utility differences - annuities d_value_1     5.969103
d_value_2    15.204249
d_value_3     6.149353
d_value_4    15.420234
dtype: float64
std.dev of utility differences - ltc d_value_5    1.660263
d_value_6    3.138200
d_value_7    1.665835
d_value_8    3.050856
dtype: float64
std.dev of utility differences - rmr d_value_9     20.945050
d_value_10    23.430609
d_value_11    20.486794
d_value_12    23.431236
dtype: float64
- function call summary
ssd =  7798.69439697562  sigmas =  [[0.01816216 0.02215957]
 [0.18499543 0.1808842 ]
 [0.01731856 0.02760862]]
pars =  [4.28700000e+00 1.27600000e+00 9.13256243e-01 1.30500000e+00
 2.00000000e+02 1.39800000e+00 9.30000000e-02 3.80000000e-01]
std.dev of utility differences - annuities d_value_1     5.704437
d_value_2    14.996757
d_value_3     5.842973
d_value_4    15.048434
dtype: float64
std.dev of utility differences - ltc d_value_5    1.482518
d_value_6    2.862171
d_value_7    1.494542
d_value_8    2.771185
dtype: float64
std.dev of utility differences - rmr d_value_9     20.443403
d_value_10    23.137991
d_value_11    20.049382
d_value_12    23.002183
dtype: float64
- function call summary
ssd =  7797.033982765608  sigmas =  [[0.01831921 0.02244191]
 [0.18565181 0.18130808]
 [0.01732023 0.02761419]]
pars =  [4.287e+00 1.276e+00 9.050e-01 1.405e+00 2.000e+02 1.398e+00 9.300e-02
 3.800e-01]
std.dev of utility differences - annuities d_value_1     5.684320
d_value_2    14.854807
d_value_3     5.814477
d_value_4    14.908253
dtype: float64
std.dev of utility differences - ltc d_value_5    1.481118
d_value_6    2.857161
d_value_7    1.490938
d_value_8    2.767551
dtype: float64
std.dev of utility differences - rmr d_value_9     20.302539
d_value_10    22.974253
d_value_11    19.914908
d_value_12    22.829650
dtype: float64
- function call summary
ssd =  7797.227873025604  sigmas =  [[0.01990525 0.02393631]
 [0.20422758 0.20182804]
 [0.01917383 0.03018182]]
pars =  [4.28700000e+00 1.27600000e+00 9.05000000e-01 1.30500000e+00
 2.00000000e+02 1.54502894e+00 9.30000000e-02 3.80000000e-01]
std.dev of utility differences - annuities d_value_1     5.237437
d_value_2    13.853015
d_value_3     5.391622
d_value_4    13.782843
dtype: float64
std.dev of utility differences - ltc d_value_5    1.327491
d_value_6    2.559062
d_value_7    1.332124
d_value_8    2.475517
dtype: float64
std.dev of utility differences - rmr d_value_9     18.811504
d_value_10    21.169941
d_value_11    18.447733
d_value_12    21.125893
dtype: float64
- function call summary
ssd =  7798.861755562113  sigmas =  [[0.01822493 0.02233567]
 [0.18479311 0.18056515]
 [0.01729717 0.02756724]]
pars =  [4.28700000e+00 1.27600000e+00 9.05000000e-01 1.30500000e+00
 2.00000000e+02 1.39800000e+00 1.02780895e-01 3.80000000e-01]
std.dev of utility differences - annuities d_value_1     5.704979
d_value_2    14.920935
d_value_3     5.836617
d_value_4    14.976510
dtype: float64
std.dev of utility differences - ltc d_value_5    1.494996
d_value_6    2.880678
d_value_7    1.504574
d_value_8    2.790527
dtype: float64
std.dev of utility differences - rmr d_value_9     20.366951
d_value_10    23.044503
d_value_11    19.978865
d_value_12    22.907916
dtype: float64
- function call summary
ssd =  7796.36134913336  sigmas =  [[0.01809904 0.02217156]
 [0.1833761  0.17896819]
 [0.01714374 0.02731652]]
pars =  [4.28700000e+00 1.27600000e+00 9.05000000e-01 1.30500000e+00
 2.00000000e+02 1.39800000e+00 9.30000000e-02 4.19964949e-01]
std.dev of utility differences - annuities d_value_1     5.753453
d_value_2    15.029921
d_value_3     5.884713
d_value_4    15.084366
dtype: float64
std.dev of utility differences - ltc d_value_5    1.498233
d_value_6    2.890328
d_value_7    1.507971
d_value_8    2.799924
dtype: float64
std.dev of utility differences - rmr d_value_9     20.498386
d_value_10    23.185931
d_value_11    20.108629
d_value_12    23.044042
dtype: float64
- function call summary
ssd =  7799.67691098927  sigmas =  [[0.01811625 0.02221949]
 [0.18379617 0.17932045]
 [0.01706095 0.02724784]]
pars =  [4.187e+00 1.276e+00 9.050e-01 1.305e+00 2.000e+02 1.398e+00 9.300e-02
 3.800e-01]
std.dev of utility differences - annuities d_value_1     5.741205
d_value_2    14.995294
d_value_3     5.866128
d_value_4    15.064578
dtype: float64
std.dev of utility differences - ltc d_value_5    1.510841
d_value_6    2.911624
d_value_7    1.522540
d_value_8    2.820196
dtype: float64
std.dev of utility differences - rmr d_value_9     20.604695
d_value_10    23.337496
d_value_11    20.207352
d_value_12    23.177854
dtype: float64
- function call summary
ssd =  7850.753382061957  sigmas =  [[0.01916857 0.02492668]
 [0.19260554 0.19611537]
 [0.01876811 0.03148656]]
pars =  [4.287e+00 1.176e+00 9.050e-01 1.305e+00 2.000e+02 1.398e+00 9.300e-02
 3.800e-01]
std.dev of utility differences - annuities d_value_1     4.847657
d_value_2    13.069625
d_value_3     4.991752
d_value_4    13.046227
dtype: float64
std.dev of utility differences - ltc d_value_5    1.245505
d_value_6    2.490464
d_value_7    1.267429
d_value_8    2.401623
dtype: float64
std.dev of utility differences - rmr d_value_9     17.915817
d_value_10    20.611604
d_value_11    17.670981
d_value_12    20.333937
dtype: float64
- function call summary
ssd =  7795.273358125637  sigmas =  [[0.01824047 0.02245313]
 [0.18417669 0.17961831]
 [0.01716935 0.02738696]]
pars =  [4.28700000e+00 1.27600000e+00 8.96047378e-01 1.30500000e+00
 2.00000000e+02 1.39800000e+00 9.30000000e-02 3.80000000e-01]
std.dev of utility differences - annuities d_value_1     5.721497
d_value_2    14.883896
d_value_3     5.848650
d_value_4    14.939350
dtype: float64
std.dev of utility differences - ltc d_value_5    1.492381
d_value_6    2.878196
d_value_7    1.501749
d_value_8    2.788685
dtype: float64
std.dev of utility differences - rmr d_value_9     20.371381
d_value_10    23.043114
d_value_11    19.990941
d_value_12    22.890467
dtype: float64
- function call summary
ssd =  7797.497034262854  sigmas =  [[0.01807606 0.02215203]
 [0.18337205 0.17921512]
 [0.0171836  0.02738184]]
pars =  [4.287e+00 1.276e+00 9.050e-01 1.205e+00 2.000e+02 1.398e+00 9.300e-02
 3.800e-01]
std.dev of utility differences - annuities d_value_1     5.742224
d_value_2    15.035458
d_value_3     5.878058
d_value_4    15.088875
dtype: float64
std.dev of utility differences - ltc d_value_5    1.493897
d_value_6    2.884196
d_value_7    1.505128
d_value_8    2.792857
dtype: float64
std.dev of utility differences - rmr d_value_9     20.523741
d_value_10    23.213002
d_value_11    20.133214
d_value_12    23.073616
dtype: float64
- function call summary
ssd =  7797.561231241436  sigmas =  [[0.01689198 0.02103365]
 [0.16946383 0.16349056]
 [0.01577723 0.02537192]]
pars =  [4.28700000e+00 1.27600000e+00 9.05000000e-01 1.30500000e+00
 2.00000000e+02 1.26496271e+00 9.30000000e-02 3.80000000e-01]
std.dev of utility differences - annuities d_value_1     6.129945
d_value_2    15.915462
d_value_3     6.249216
d_value_4    16.095343
dtype: float64
std.dev of utility differences - ltc d_value_5    1.649392
d_value_6    3.178016
d_value_7    1.669991
d_value_8    3.078431
dtype: float64
std.dev of utility differences - rmr d_value_9     21.827491
d_value_10    24.842760
d_value_11    21.441641
d_value_12    24.585596
dtype: float64
- function call summary
ssd =  7795.784788714243  sigmas =  [[0.0181777  0.02227385]
 [0.18435201 0.17994774]
 [0.01721523 0.02743926]]
pars =  [4.28700000e+00 1.27600000e+00 9.05000000e-01 1.30500000e+00
 2.00000000e+02 1.39800000e+00 8.41498799e-02 3.80000000e-01]
std.dev of utility differences - annuities d_value_1     5.718451
d_value_2    14.961630
d_value_3     5.852015
d_value_4    15.012701
dtype: float64
std.dev of utility differences - ltc d_value_5    1.481688
d_value_6    2.860399
d_value_7    1.491652
d_value_8    2.770392
dtype: float64
std.dev of utility differences - rmr d_value_9     20.447590
d_value_10    23.129632
d_value_11    20.056233
d_value_12    22.981279
dtype: float64
- function call summary
ssd =  7797.779710162466  sigmas =  [[0.01830211 0.02243176]
 [0.18582131 0.18143376]
 [0.01735711 0.02768849]]
pars =  [4.28700000e+00 1.27600000e+00 9.05000000e-01 1.30500000e+00
 2.00000000e+02 1.39800000e+00 9.30000000e-02 3.43838219e-01]
std.dev of utility differences - annuities d_value_1     5.672204
d_value_2    14.855728
d_value_3     5.806800
d_value_4    14.907222
dtype: float64
std.dev of utility differences - ltc d_value_5    1.477159
d_value_6    2.849655
d_value_7    1.487382
d_value_8    2.759942
dtype: float64
std.dev of utility differences - rmr d_value_9     20.321321
d_value_10    22.994217
d_value_11    19.932429
d_value_12    22.851444
dtype: float64
- function call summary
ssd =  7787.283388308898  sigmas =  [[0.01841897 0.0223302 ]
 [0.1848077  0.17807554]
 [0.01751926 0.02743661]]
pars =  [4.44506742e+00 1.32593558e+00 9.00980643e-01 1.31107684e+00
 2.00000000e+02 1.40406762e+00 8.93356883e-02 3.87249735e-01]
std.dev of utility differences - annuities d_value_1     5.847737
d_value_2    15.057165
d_value_3     6.009104
d_value_4    15.172282
dtype: float64
std.dev of utility differences - ltc d_value_5    1.542200
d_value_6    2.946566
d_value_7    1.548273
d_value_8    2.857117
dtype: float64
std.dev of utility differences - rmr d_value_9     20.482242
d_value_10    22.984026
d_value_11    20.069018
d_value_12    22.936378
dtype: float64
- function call summary
ssd =  7787.460770845631  sigmas =  [[0.01840004 0.02229546]
 [0.18451204 0.17753527]
 [0.01770115 0.02768231]]
pars =  [4.58605439e+00 1.32883984e+00 9.05698731e-01 1.29207711e+00
 2.00000000e+02 1.38478932e+00 1.00695268e-01 3.69063034e-01]
std.dev of utility differences - annuities d_value_1     5.848099
d_value_2    15.091560
d_value_3     6.025042
d_value_4    15.214487
dtype: float64
std.dev of utility differences - ltc d_value_5    1.539244
d_value_6    2.938485
d_value_7    1.545827
d_value_8    2.849634
dtype: float64
std.dev of utility differences - rmr d_value_9     20.368877
d_value_10    22.839399
d_value_11    19.957858
d_value_12    22.809418
dtype: float64
- function call summary
ssd =  7787.264713204181  sigmas =  [[0.01879684 0.02276839]
 [0.18550121 0.17343355]
 [0.01801421 0.02772482]]
pars =  [4.47474176e+00 1.42080169e+00 9.00170341e-01 1.31198019e+00
 2.00000000e+02 1.40495995e+00 8.88721112e-02 3.88455869e-01]
std.dev of utility differences - annuities d_value_1     5.964976
d_value_2    14.980321
d_value_3     6.179931
d_value_4    15.281610
dtype: float64
std.dev of utility differences - ltc d_value_5    1.656342
d_value_6    3.120538
d_value_7    1.660029
d_value_8    3.033626
dtype: float64
std.dev of utility differences - rmr d_value_9     20.562512
d_value_10    22.866124
d_value_11    20.107160
d_value_12    22.927834
dtype: float64
- function call summary
ssd =  7787.947862766627  sigmas =  [[0.01860013 0.02240805]
 [0.18534498 0.17564142]
 [0.01785115 0.02763387]]
pars =  [4.48798218e+00 1.37840176e+00 9.07499627e-01 1.30885653e+00
 2.00000000e+02 1.40193043e+00 9.11578925e-02 3.82353461e-01]
std.dev of utility differences - annuities d_value_1     5.923654
d_value_2    15.096542
d_value_3     6.123174
d_value_4    15.311115
dtype: float64
std.dev of utility differences - ltc d_value_5    1.606292
d_value_6    3.042017
d_value_7    1.611631
d_value_8    2.954395
dtype: float64
std.dev of utility differences - rmr d_value_9     20.597715
d_value_10    22.987339
d_value_11    20.150961
d_value_12    23.016352
dtype: float64
- function call summary
ssd =  7783.282202442925  sigmas =  [[0.0188096  0.02278188]
 [0.18610212 0.17441593]
 [0.0180492  0.02776086]]
pars =  [4.51062907e+00 1.41662435e+00 9.00214616e-01 1.31677789e+00
 2.00000000e+02 1.40986977e+00 8.10276840e-02 3.92735878e-01]
std.dev of utility differences - annuities d_value_1     5.957544
d_value_2    14.972931
d_value_3     6.173592
d_value_4    15.264561
dtype: float64
std.dev of utility differences - ltc d_value_5    1.630826
d_value_6    3.077387
d_value_7    1.634581
d_value_8    2.990708
dtype: float64
std.dev of utility differences - rmr d_value_9     20.523851
d_value_10    22.816490
d_value_11    20.071786
d_value_12    22.873830
dtype: float64
- function call summary
ssd =  7782.686709415195  sigmas =  [[0.01872153 0.02270663]
 [0.18484697 0.1733218 ]
 [0.01783749 0.02748942]]
pars =  [4.46615216e+00 1.41408536e+00 8.95921415e-01 1.30930146e+00
 2.00000000e+02 1.40221681e+00 7.52179111e-02 3.87301204e-01]
std.dev of utility differences - annuities d_value_1     5.987195
d_value_2    15.025959
d_value_3     6.195200
d_value_4    15.311313
dtype: float64
std.dev of utility differences - ltc d_value_5    1.639843
d_value_6    3.096885
d_value_7    1.644020
d_value_8    3.009958
dtype: float64
std.dev of utility differences - rmr d_value_9     20.653639
d_value_10    22.971443
d_value_11    20.201604
d_value_12    23.015276
dtype: float64
- function call summary
ssd =  7778.408598655918  sigmas =  [[0.01868332 0.02270563]
 [0.18464932 0.174177  ]
 [0.01781018 0.02746809]]
pars =  [4.55730675e+00 1.39500382e+00 8.92572799e-01 1.30465916e+00
 2.00000000e+02 1.39727096e+00 7.54481625e-02 3.85208246e-01]
std.dev of utility differences - annuities d_value_1     5.974595
d_value_2    15.024505
d_value_3     6.176460
d_value_4    15.272809
dtype: float64
std.dev of utility differences - ltc d_value_5    1.606401
d_value_6    3.043373
d_value_7    1.609994
d_value_8    2.955564
dtype: float64
std.dev of utility differences - rmr d_value_9     20.533547
d_value_10    22.853224
d_value_11    20.095366
d_value_12    22.882376
dtype: float64
- function call summary
ssd =  7776.331310355009  sigmas =  [[0.0188101  0.02298943]
 [0.18497485 0.17315569]
 [0.01802836 0.02767738]]
pars =  [4.63856115e+00 1.42170644e+00 8.89560791e-01 1.29441543e+00
 2.00000000e+02 1.38660228e+00 7.81860360e-02 3.78732418e-01]
std.dev of utility differences - annuities d_value_1     5.997563
d_value_2    14.935262
d_value_3     6.217456
d_value_4    15.252953
dtype: float64
std.dev of utility differences - ltc d_value_5    1.626757
d_value_6    3.071453
d_value_7    1.629034
d_value_8    2.985103
dtype: float64
std.dev of utility differences - rmr d_value_9     20.417507
d_value_10    22.658384
d_value_11    19.977774
d_value_12    22.715623
dtype: float64
- function call summary
ssd =  7772.900396841945  sigmas =  [[0.01909753 0.02343241]
 [0.18762987 0.1753967 ]
 [0.01840899 0.02812095]]
pars =  [4.70401037e+00 1.44126207e+00 8.86356747e-01 1.32176038e+00
 2.00000000e+02 1.41586514e+00 7.81163116e-02 4.00460419e-01]
std.dev of utility differences - annuities d_value_1     5.961082
d_value_2    14.727554
d_value_3     6.190637
d_value_4    15.084856
dtype: float64
std.dev of utility differences - ltc d_value_5    1.615066
d_value_6    3.043278
d_value_7    1.616445
d_value_8    2.958025
dtype: float64
std.dev of utility differences - rmr d_value_9     20.110446
d_value_10    22.251699
d_value_11    19.669075
d_value_12    22.341204
dtype: float64
- function call summary
ssd =  7766.7112966689165  sigmas =  [[0.01950536 0.02434481]
 [0.1907006  0.17696529]
 [0.0190261  0.02881261]]
pars =  [4.88515217e+00 1.48976400e+00 8.81320733e-01 1.33390721e+00
 2.00000000e+02 1.43108760e+00 7.57943551e-02 4.14907552e-01]
std.dev of utility differences - annuities d_value_1     5.951033
d_value_2    14.388757
d_value_3     6.209818
d_value_4    14.886058
dtype: float64
std.dev of utility differences - ltc d_value_5    1.607697
d_value_6    3.019265
d_value_7    1.608631
d_value_8    2.931877
dtype: float64
std.dev of utility differences - rmr d_value_9     19.657299
d_value_10    21.645868
d_value_11    19.220915
d_value_12    21.776689
dtype: float64
- function call summary
ssd =  7756.045896331056  sigmas =  [[0.01988146 0.02579116]
 [0.19428834 0.17831916]
 [0.02000641 0.02999198]]
pars =  [5.25660730e+00 1.55589317e+00 8.85277730e-01 1.29470694e+00
 2.00000000e+02 1.40476513e+00 6.75233628e-02 4.02372806e-01]
std.dev of utility differences - annuities d_value_1     5.942066
d_value_2    13.914460
d_value_3     6.249320
d_value_4    14.665117
dtype: float64
std.dev of utility differences - ltc d_value_5    1.575801
d_value_6    2.951455
d_value_7    1.578734
d_value_8    2.867395
dtype: float64
std.dev of utility differences - rmr d_value_9     19.100543
d_value_10    20.919602
d_value_11    18.669480
d_value_12    21.089402
dtype: float64
- function call summary
ssd =  7747.849418204038  sigmas =  [[0.02019244 0.02696404]
 [0.19724208 0.18012074]
 [0.02056059 0.03059315]]
pars =  [5.44267701e+00 1.60764982e+00 8.82711535e-01 1.35250340e+00
 2.00000000e+02 1.41788154e+00 4.80320831e-02 4.23566183e-01]
std.dev of utility differences - annuities d_value_1     5.933232
d_value_2    13.552319
d_value_3     6.260147
d_value_4    14.451267
dtype: float64
std.dev of utility differences - ltc d_value_5    1.545199
d_value_6    2.893010
d_value_7    1.548081
d_value_8    2.807906
dtype: float64
std.dev of utility differences - rmr d_value_9     18.719082
d_value_10    20.442581
d_value_11    18.293097
d_value_12    20.628940
dtype: float64
- function call summary
ssd =  7743.017663154942  sigmas =  [[0.02044029 0.0279991 ]
 [0.20076752 0.18345717]
 [0.02124054 0.03130437]]
pars =  [5.58566808e+00 1.65647389e+00 8.83335240e-01 1.27651309e+00
 2.00000000e+02 1.47675861e+00 3.42893890e-02 4.80892152e-01]
std.dev of utility differences - annuities d_value_1     5.919468
d_value_2    13.253572
d_value_3     6.260814
d_value_4    14.268241
dtype: float64
std.dev of utility differences - ltc d_value_5    1.514137
d_value_6    2.830426
d_value_7    1.516038
d_value_8    2.751780
dtype: float64
std.dev of utility differences - rmr d_value_9     18.340213
d_value_10    19.989958
d_value_11    17.911147
d_value_12    20.194393
dtype: float64
- function call summary
ssd =  7741.475510097137  sigmas =  [[0.02059048 0.0285897 ]
 [0.20191021 0.18361423]
 [0.02150002 0.03160084]]
pars =  [5.68132852e+00 1.68734488e+00 8.84764163e-01 1.43782915e+00
 2.00000000e+02 1.44037859e+00 2.42789777e-02 4.51864745e-01]
std.dev of utility differences - annuities d_value_1     5.896388
d_value_2    13.083757
d_value_3     6.250708
d_value_4    14.154746
dtype: float64
std.dev of utility differences - ltc d_value_5    1.501925
d_value_6    2.809538
d_value_7    1.506184
d_value_8    2.732127
dtype: float64
std.dev of utility differences - rmr d_value_9     18.196766
d_value_10    19.823797
d_value_11    17.768613
d_value_12    20.028820
dtype: float64
- function call summary
ssd =  7744.364176939004  sigmas =  [[0.02085754 0.02932326]
 [0.20510168 0.18611482]
 [0.02199659 0.03216123]]
pars =  [5.68869358e+00 1.73931650e+00 8.85393105e-01 1.50257060e+00
 2.00000000e+02 1.47049436e+00 2.46531114e-02 4.74323891e-01]
std.dev of utility differences - annuities d_value_1     5.850137
d_value_2    12.856232
d_value_3     6.215061
d_value_4    13.983532
dtype: float64
std.dev of utility differences - ltc d_value_5    1.509756
d_value_6    2.810527
d_value_7    1.513259
d_value_8    2.735786
dtype: float64
std.dev of utility differences - rmr d_value_9     17.936818
d_value_10    19.534225
d_value_11    17.500059
d_value_12    19.751009
dtype: float64
- function call summary
ssd =  7741.390499661722  sigmas =  [[0.02065549 0.02924523]
 [0.20286437 0.18433015]
 [0.02185738 0.03194963]]
pars =  [5.84160848e+00 1.72437311e+00 8.83448678e-01 1.42129243e+00
 2.00000000e+02 1.46173054e+00 2.49932140e-02 5.02883509e-01]
std.dev of utility differences - annuities d_value_1     5.926309
d_value_2    12.948739
d_value_3     6.296641
d_value_4    14.102834
dtype: float64
std.dev of utility differences - ltc d_value_5    1.505104
d_value_6    2.805823
d_value_7    1.508402
d_value_8    2.731451
dtype: float64
std.dev of utility differences - rmr d_value_9     17.936784
d_value_10    19.527671
d_value_11    17.510205
d_value_12    19.750209
dtype: float64
- function call summary
ssd =  7742.759797258134  sigmas =  [[0.02093012 0.02980979]
 [0.20742365 0.18845268]
 [0.02249748 0.03282521]]
pars =  [5.86540470e+00 1.74851490e+00 8.91773591e-01 1.40965628e+00
 2.00000000e+02 1.48788688e+00 2.51541069e-02 4.84480058e-01]
std.dev of utility differences - annuities d_value_1     5.823148
d_value_2    12.722035
d_value_3     6.203135
d_value_4    13.900178
dtype: float64
std.dev of utility differences - ltc d_value_5    1.481695
d_value_6    2.757542
d_value_7    1.484315
d_value_8    2.682914
dtype: float64
std.dev of utility differences - rmr d_value_9     17.693791
d_value_10    19.268160
d_value_11    17.262036
d_value_12    19.487875
dtype: float64
- function call summary
ssd =  7742.807465054221  sigmas =  [[0.02117103 0.03019794]
 [0.20937224 0.19014861]
 [0.02257182 0.0328654 ]]
pars =  [5.84870918e+00 1.75686526e+00 8.77772206e-01 1.39044422e+00
 2.00000000e+02 1.54580902e+00 2.48459991e-02 4.81636915e-01]
std.dev of utility differences - annuities d_value_1     5.798034
d_value_2    12.609377
d_value_3     6.171695
d_value_4    13.771590
dtype: float64
std.dev of utility differences - ltc d_value_5    1.476728
d_value_6    2.744249
d_value_7    1.477456
d_value_8    2.673418
dtype: float64
std.dev of utility differences - rmr d_value_9     17.472526
d_value_10    19.024187
d_value_11    17.050137
d_value_12    19.249278
dtype: float64
- function call summary
ssd =  7737.513889625652  sigmas =  [[0.02093913 0.02920295]
 [0.20709016 0.18992037]
 [0.02200985 0.03236511]]
pars =  [5.85781237e+00 1.65706467e+00 8.84104477e-01 1.45950309e+00
 2.00000000e+02 1.55307013e+00 2.50398869e-02 5.00191310e-01]
std.dev of utility differences - annuities d_value_1     5.816680
d_value_2    12.850209
d_value_3     6.165364
d_value_4    13.907492
dtype: float64
std.dev of utility differences - ltc d_value_5    1.439803
d_value_6    2.691166
d_value_7    1.440109
d_value_8    2.619000
dtype: float64
std.dev of utility differences - rmr d_value_9     17.728087
d_value_10    19.318753
d_value_11    17.325436
d_value_12    19.539685
dtype: float64
- function call summary
ssd =  7741.449117853581  sigmas =  [[0.02165834 0.03041   ]
 [0.21695673 0.19895124]
 [0.0231268  0.03382504]]
pars =  [5.82995244e+00 1.69177099e+00 8.87196972e-01 1.46565956e+00
 2.00000000e+02 1.68651025e+00 2.49747257e-02 5.08126102e-01]
std.dev of utility differences - annuities d_value_1     5.623125
d_value_2    12.385670
d_value_3     5.977520
d_value_4    13.453283
dtype: float64
std.dev of utility differences - ltc d_value_5    1.396256
d_value_6    2.599951
d_value_7    1.392302
d_value_8    2.534117
dtype: float64
std.dev of utility differences - rmr d_value_9     17.156789
d_value_10    18.701002
d_value_11    16.752794
d_value_12    18.929920
dtype: float64
- function call summary
ssd =  7735.068710195482  sigmas =  [[0.02078873 0.02874851]
 [0.20539924 0.18909091]
 [0.02171816 0.03205432]]
pars =  [5.89307639e+00 1.61796211e+00 8.83695521e-01 1.40208232e+00
 2.00000000e+02 1.55671565e+00 2.37922900e-02 5.18532311e-01]
std.dev of utility differences - annuities d_value_1     5.845950
d_value_2    12.988921
d_value_3     6.185786
d_value_4    13.999901
dtype: float64
std.dev of utility differences - ltc d_value_5    1.423522
d_value_6    2.669777
d_value_7    1.421292
d_value_8    2.593712
dtype: float64
std.dev of utility differences - rmr d_value_9     17.816018
d_value_10    19.421779
d_value_11    17.421151
d_value_12    19.638334
dtype: float64
- function call summary
ssd =  7736.1861096225475  sigmas =  [[0.0210365  0.02939609]
 [0.20898881 0.19234912]
 [0.02229508 0.03274725]]
pars =  [5.93058155e+00 1.64890207e+00 8.85540769e-01 1.32277976e+00
 2.00000000e+02 1.58991389e+00 2.33391651e-02 5.11155235e-01]
std.dev of utility differences - annuities d_value_1     5.784906
d_value_2    12.775295
d_value_3     6.137003
d_value_4    13.828979
dtype: float64
std.dev of utility differences - ltc d_value_5    1.411276
d_value_6    2.641295
d_value_7    1.411388
d_value_8    2.569860
dtype: float64
std.dev of utility differences - rmr d_value_9     17.562194
d_value_10    19.137076
d_value_11    17.166186
d_value_12    19.359389
dtype: float64
- function call summary
ssd =  7736.418063631286  sigmas =  [[0.02098198 0.02933639]
 [0.208305   0.19142234]
 [0.02219181 0.03261588]]
pars =  [5.94038058e+00 1.64671816e+00 8.88024900e-01 1.45476547e+00
 2.00000000e+02 1.58129197e+00 2.29288657e-02 5.32578407e-01]
std.dev of utility differences - annuities d_value_1     5.802975
d_value_2    12.803522
d_value_3     6.154182
d_value_4    13.864506
dtype: float64
std.dev of utility differences - ltc d_value_5    1.416564
d_value_6    2.649991
d_value_7    1.415703
d_value_8    2.577573
dtype: float64
std.dev of utility differences - rmr d_value_9     17.613366
d_value_10    19.195034
d_value_11    17.216319
d_value_12    19.421424
dtype: float64
- function call summary
ssd =  7735.333815441554  sigmas =  [[0.02074993 0.0287901 ]
 [0.20455863 0.18828346]
 [0.02158943 0.03181864]]
pars =  [5.86378574e+00 1.63241438e+00 8.79109515e-01 1.39565577e+00
 2.00000000e+02 1.56626032e+00 2.22136081e-02 5.43523591e-01]
std.dev of utility differences - annuities d_value_1     5.883409
d_value_2    13.012092
d_value_3     6.224119
d_value_4    14.042262
dtype: float64
std.dev of utility differences - ltc d_value_5    1.441423
d_value_6    2.699759
d_value_7    1.439065
d_value_8    2.622886
dtype: float64
std.dev of utility differences - rmr d_value_9     17.854085
d_value_10    19.462931
d_value_11    17.456418
d_value_12    19.683090
dtype: float64
- function call summary
ssd =  7734.746944161567  sigmas =  [[0.02073302 0.02907515]
 [0.20411163 0.18707825]
 [0.02169437 0.03192953]]
pars =  [5.96932465e+00 1.64942715e+00 8.78375792e-01 1.40262481e+00
 2.00000000e+02 1.53863278e+00 2.36630492e-02 5.29684978e-01]
std.dev of utility differences - annuities d_value_1     5.908201
d_value_2    12.964722
d_value_3     6.258775
d_value_4    14.043267
dtype: float64
std.dev of utility differences - ltc d_value_5    1.447467
d_value_6    2.709018
d_value_7    1.445406
d_value_8    2.632294
dtype: float64
std.dev of utility differences - rmr d_value_9     17.780967
d_value_10    19.373733
d_value_11    17.383818
d_value_12    19.598087
dtype: float64
- function call summary
ssd =  7733.867230211291  sigmas =  [[0.02046284 0.0287334 ]
 [0.20036901 0.18340006]
 [0.02136452 0.03147701]]
pars =  [6.01379029e+00 1.64346384e+00 8.77978167e-01 1.37658374e+00
 2.00000000e+02 1.48579086e+00 2.19156176e-02 5.22457093e-01]
std.dev of utility differences - annuities d_value_1     5.984674
d_value_2    13.125064
d_value_3     6.338975
d_value_4    14.215557
dtype: float64
std.dev of utility differences - ltc d_value_5    1.462107
d_value_6    2.741821
d_value_7    1.462877
d_value_8    2.662605
dtype: float64
std.dev of utility differences - rmr d_value_9     17.971168
d_value_10    19.578242
d_value_11    17.574326
d_value_12    19.797384
dtype: float64
- function call summary
ssd =  7733.07689966762  sigmas =  [[0.02036102 0.02852222]
 [0.19940359 0.18314881]
 [0.02122569 0.03127937]]
pars =  [6.04652414e+00 1.62570307e+00 8.79049595e-01 1.35637258e+00
 2.00000000e+02 1.50472190e+00 2.14442004e-02 5.69623504e-01]
std.dev of utility differences - annuities d_value_1     6.017127
d_value_2    13.206625
d_value_3     6.369641
d_value_4    14.285759
dtype: float64
std.dev of utility differences - ltc d_value_5    1.456927
d_value_6    2.733821
d_value_7    1.455813
d_value_8    2.653987
dtype: float64
std.dev of utility differences - rmr d_value_9     18.014182
d_value_10    19.632336
d_value_11    17.620271
d_value_12    19.854354
dtype: float64
- function call summary
ssd =  7732.533075463956  sigmas =  [[0.02067056 0.02904891]
 [0.20268574 0.18642658]
 [0.02142493 0.03157782]]
pars =  [6.08015542e+00 1.63003406e+00 8.69985592e-01 1.35558569e+00
 2.00000000e+02 1.56225522e+00 2.09454915e-02 5.65216411e-01]
std.dev of utility differences - annuities d_value_1     5.959060
d_value_2    13.020572
d_value_3     6.307357
d_value_4    14.087001
dtype: float64
std.dev of utility differences - ltc d_value_5    1.437551
d_value_6    2.695467
d_value_7    1.434554
d_value_8    2.615362
dtype: float64
std.dev of utility differences - rmr d_value_9     17.728394
d_value_10    19.328653
d_value_11    17.341688
d_value_12    19.558442
dtype: float64
- function call summary
ssd =  7733.16161945717  sigmas =  [[0.0207779  0.02937377]
 [0.20332195 0.18717613]
 [0.02136397 0.03146451]]
pars =  [6.10589824e+00 1.64466082e+00 8.59138823e-01 1.34234961e+00
 2.00000000e+02 1.58528313e+00 2.11593032e-02 5.61559865e-01]
std.dev of utility differences - annuities d_value_1     5.972154
d_value_2    12.953463
d_value_3     6.321161
d_value_4    14.031063
dtype: float64
std.dev of utility differences - ltc d_value_5    1.442855
d_value_6    2.702204
d_value_7    1.439911
d_value_8    2.623011
dtype: float64
std.dev of utility differences - rmr d_value_9     17.614165
d_value_10    19.216047
d_value_11    17.228924
d_value_12    19.452418
dtype: float64
- function call summary
ssd =  7732.412862304644  sigmas =  [[0.02065363 0.0293026 ]
 [0.20260889 0.18568962]
 [0.0215286  0.03166489]]
pars =  [6.13325702e+00 1.65444227e+00 8.70964851e-01 1.42105830e+00
 2.00000000e+02 1.54189972e+00 2.00185280e-02 5.64544153e-01]
std.dev of utility differences - annuities d_value_1     5.984945
d_value_2    12.982463
d_value_3     6.340856
d_value_4    14.100800
dtype: float64
std.dev of utility differences - ltc d_value_5    1.448670
d_value_6    2.712765
d_value_7    1.447169
d_value_8    2.633719
dtype: float64
std.dev of utility differences - rmr d_value_9     17.695763
d_value_10    19.286434
d_value_11    17.307146
d_value_12    19.521278
dtype: float64
- function call summary
ssd =  7731.2275612953035  sigmas =  [[0.02055651 0.02897456]
 [0.20145427 0.18556746]
 [0.02138457 0.03150512]]
pars =  [6.15666356e+00 1.62470669e+00 8.73586201e-01 1.40549882e+00
 2.00000000e+02 1.54594560e+00 1.84844692e-02 5.86137052e-01]
std.dev of utility differences - annuities d_value_1     5.991246
d_value_2    13.068462
d_value_3     6.344598
d_value_4    14.153161
dtype: float64
std.dev of utility differences - ltc d_value_5    1.434333
d_value_6    2.692669
d_value_7    1.432690
d_value_8    2.612277
dtype: float64
std.dev of utility differences - rmr d_value_9     17.764330
d_value_10    19.365572
d_value_11    17.378523
d_value_12    19.597432
dtype: float64
- function call summary
ssd =  7730.213038369526  sigmas =  [[0.02030702 0.02866844]
 [0.19797752 0.18268445]
 [0.02100565 0.03098521]]
pars =  [6.22852812e+00 1.61361537e+00 8.71031471e-01 1.38240335e+00
 2.00000000e+02 1.52565482e+00 1.85178000e-02 6.21729004e-01]
std.dev of utility differences - annuities d_value_1     6.084407
d_value_2    13.228941
d_value_3     6.438090
d_value_4    14.324904
dtype: float64
std.dev of utility differences - ltc d_value_5    1.445984
d_value_6    2.720833
d_value_7    1.445778
d_value_8    2.637732
dtype: float64
std.dev of utility differences - rmr d_value_9     17.907776
d_value_10    19.530417
d_value_11    17.523448
d_value_12    19.765808
dtype: float64
- function call summary
ssd =  7730.245060434615  sigmas =  [[0.02038662 0.02891124]
 [0.1987858  0.18336875]
 [0.02100446 0.03100072]]
pars =  [6.29623350e+00 1.61658074e+00 8.65608373e-01 1.37445536e+00
 2.00000000e+02 1.54954049e+00 1.76028307e-02 6.32311557e-01]
std.dev of utility differences - annuities d_value_1     6.088410
d_value_2    13.170314
d_value_3     6.441771
d_value_4    14.273311
dtype: float64
std.dev of utility differences - ltc d_value_5    1.439402
d_value_6    2.706480
d_value_7    1.437027
d_value_8    2.624310
dtype: float64
std.dev of utility differences - rmr d_value_9     17.783305
d_value_10    19.407552
d_value_11    17.403740
d_value_12    19.648848
dtype: float64
- function call summary
ssd =  7729.0595569163615  sigmas =  [[0.01993848 0.0278808 ]
 [0.19231495 0.17779576]
 [0.0201785  0.02988197]]
pars =  [6.19381105e+00 1.58264589e+00 8.63405507e-01 1.41040058e+00
 2.00000000e+02 1.49302627e+00 1.81453139e-02 6.48548000e-01]
std.dev of utility differences - annuities d_value_1     6.209903
d_value_2    13.543937
d_value_3     6.552861
d_value_4    14.594475
dtype: float64
std.dev of utility differences - ltc d_value_5    1.472697
d_value_6    2.777680
d_value_7    1.470839
d_value_8    2.692706
dtype: float64
std.dev of utility differences - rmr d_value_9     18.274275
d_value_10    19.955427
d_value_11    17.887981
d_value_12    20.186661
dtype: float64
- function call summary
ssd =  7730.239195767997  sigmas =  [[0.02003745 0.02815298]
 [0.19355925 0.17947382]
 [0.02020349 0.02989106]]
pars =  [6.20947372e+00 1.59285985e+00 8.58573566e-01 1.40977582e+00
 2.00000000e+02 1.54070166e+00 1.73018174e-02 6.94902759e-01]
std.dev of utility differences - annuities d_value_1     6.214736
d_value_2    13.474648
d_value_3     6.556963
d_value_4    14.538272
dtype: float64
std.dev of utility differences - ltc d_value_5    1.470934
d_value_6    2.771735
d_value_7    1.467567
d_value_8    2.685919
dtype: float64
std.dev of utility differences - rmr d_value_9     18.166108
d_value_10    19.852641
d_value_11    17.779780
d_value_12    20.099517
dtype: float64
- function call summary
ssd =  7730.086265847476  sigmas =  [[0.01953444 0.02753765]
 [0.18720722 0.17193667]
 [0.01979025 0.02925352]]
pars =  [6.18107186e+00 1.61167650e+00 8.62771953e-01 1.34100343e+00
 2.00000000e+02 1.41935723e+00 1.74513261e-02 6.53958552e-01]
std.dev of utility differences - annuities d_value_1     6.363336
d_value_2    13.784394
d_value_3     6.718696
d_value_4    14.910784
dtype: float64
std.dev of utility differences - ltc d_value_5    1.529246
d_value_6    2.881461
d_value_7    1.530379
d_value_8    2.792924
dtype: float64
std.dev of utility differences - rmr d_value_9     18.610223
d_value_10    20.310370
d_value_11    18.214079
d_value_12    20.541111
dtype: float64
- function call summary
ssd =  7728.745395292759  sigmas =  [[0.0195426  0.0274794 ]
 [0.18691733 0.17213018]
 [0.01974328 0.02926333]]
pars =  [6.25944834e+00 1.58890682e+00 8.63324333e-01 1.39237115e+00
 2.00000000e+02 1.42036139e+00 1.72079012e-02 6.51732500e-01]
std.dev of utility differences - annuities d_value_1     6.352801
d_value_2    13.787758
d_value_3     6.702161
d_value_4    14.884874
dtype: float64
std.dev of utility differences - ltc d_value_5    1.510423
d_value_6    2.850082
d_value_7    1.511154
d_value_8    2.762629
dtype: float64
std.dev of utility differences - rmr d_value_9     18.565435
d_value_10    20.271532
d_value_11    18.176094
d_value_12    20.497645
dtype: float64
- function call summary
ssd =  7727.5280391758915  sigmas =  [[0.01927944 0.02679099]
 [0.18274559 0.16916873]
 [0.01913327 0.02850764]]
pars =  [6.28648458e+00 1.54336664e+00 8.56208242e-01 1.33573511e+00
 2.00000000e+02 1.40979630e+00 1.75144650e-02 6.59352609e-01]
std.dev of utility differences - annuities d_value_1     6.424242
d_value_2    14.044730
d_value_3     6.759065
d_value_4    15.063949
dtype: float64
std.dev of utility differences - ltc d_value_5    1.509164
d_value_6    2.860470
d_value_7    1.509228
d_value_8    2.771427
dtype: float64
std.dev of utility differences - rmr d_value_9     18.792837
d_value_10    20.559589
d_value_11    18.405818
d_value_12    20.774776
dtype: float64
- function call summary
ssd =  7728.361864240113  sigmas =  [[0.01955432 0.02728721]
 [0.18622178 0.17317266]
 [0.01942702 0.02888887]]
pars =  [6.33409295e+00 1.54977422e+00 8.52882456e-01 1.29871239e+00
 2.00000000e+02 1.47652426e+00 1.71427476e-02 6.96517960e-01]
std.dev of utility differences - annuities d_value_1     6.365604
d_value_2    13.843466
d_value_3     6.703365
d_value_4    14.866608
dtype: float64
std.dev of utility differences - ltc d_value_5    1.483434
d_value_6    2.809692
d_value_7    1.482526
d_value_8    2.723460
dtype: float64
std.dev of utility differences - rmr d_value_9     18.506699
d_value_10    20.254802
d_value_11    18.122633
d_value_12    20.490528
dtype: float64
- function call summary
ssd =  7727.235026398128  sigmas =  [[0.01886783 0.02627598]
 [0.17729348 0.16377336]
 [0.01870949 0.02793335]]
pars =  [6.36583213e+00 1.53630865e+00 8.59155753e-01 1.32968616e+00
 2.00000000e+02 1.34293639e+00 1.77796054e-02 6.73457521e-01]
std.dev of utility differences - annuities d_value_1     6.558250
d_value_2    14.319911
d_value_3     6.897410
d_value_4    15.370504
dtype: float64
std.dev of utility differences - ltc d_value_5    1.541132
d_value_6    2.924442
d_value_7    1.541458
d_value_8    2.836452
dtype: float64
std.dev of utility differences - rmr d_value_9     19.102919
d_value_10    20.903079
d_value_11    18.709970
d_value_12    21.109599
dtype: float64
- function call summary
ssd =  7726.81494958343  sigmas =  [[0.01919581 0.02698787]
 [0.18154339 0.16716043]
 [0.01928933 0.02870652]]
pars =  [6.43943736e+00 1.55918024e+00 8.61355566e-01 1.30517657e+00
 2.00000000e+02 1.36225965e+00 1.76851858e-02 6.38202545e-01]
std.dev of utility differences - annuities d_value_1     6.463805
d_value_2    14.025673
d_value_3     6.816330
d_value_4    15.118052
dtype: float64
std.dev of utility differences - ltc d_value_5    1.514751
d_value_6    2.867823
d_value_7    1.515859
d_value_8    2.780895
dtype: float64
std.dev of utility differences - rmr d_value_9     18.744707
d_value_10    20.481141
d_value_11    18.360445
d_value_12    20.696129
dtype: float64
- function call summary
ssd =  7726.5246743044745  sigmas =  [[0.01892611 0.02650651]
 [0.17811133 0.16470308]
 [0.01892347 0.0282344 ]]
pars =  [6.48703777e+00 1.53653844e+00 8.62484323e-01 1.30076306e+00
 2.00000000e+02 1.35216995e+00 1.72107394e-02 6.90998378e-01]
std.dev of utility differences - annuities d_value_1     6.543301
d_value_2    14.236860
d_value_3     6.891863
d_value_4    15.312014
dtype: float64
std.dev of utility differences - ltc d_value_5    1.522357
d_value_6    2.890528
d_value_7    1.523226
d_value_8    2.802026
dtype: float64
std.dev of utility differences - rmr d_value_9     18.941560
d_value_10    20.717792
d_value_11    18.555458
d_value_12    20.930444
dtype: float64
- function call summary
ssd =  7726.840854219965  sigmas =  [[0.01922269 0.02702137]
 [0.18173414 0.16770112]
 [0.01912402 0.02847247]]
pars =  [6.43418027e+00 1.55761790e+00 8.54343490e-01 1.31785728e+00
 2.00000000e+02 1.39428581e+00 1.73592320e-02 6.69847884e-01]
std.dev of utility differences - annuities d_value_1     6.488648
d_value_2    14.035310
d_value_3     6.835668
d_value_4    15.114696
dtype: float64
std.dev of utility differences - ltc d_value_5    1.516936
d_value_6    2.872000
d_value_7    1.516817
d_value_8    2.783582
dtype: float64
std.dev of utility differences - rmr d_value_9     18.732593
d_value_10    20.493343
d_value_11    18.349045
d_value_12    20.719515
dtype: float64
- function call summary
ssd =  7727.031930332511  sigmas =  [[0.01847768 0.02595085]
 [0.17216905 0.15839596]
 [0.01833384 0.02738136]]
pars =  [6.50929252e+00 1.54049009e+00 8.59631159e-01 1.23969353e+00
 2.00000000e+02 1.29208602e+00 1.79038336e-02 7.18892425e-01]
std.dev of utility differences - annuities d_value_1     6.730478
d_value_2    14.572259
d_value_3     7.081471
d_value_4    15.690283
dtype: float64
std.dev of utility differences - ltc d_value_5    1.575921
d_value_6    2.990006
d_value_7    1.576282
d_value_8    2.902850
dtype: float64
std.dev of utility differences - rmr d_value_9     19.342139
d_value_10    21.170835
d_value_11    18.947337
d_value_12    21.379436
dtype: float64
- function call summary
ssd =  7727.695514038763  sigmas =  [[0.01849134 0.02578709]
 [0.17266253 0.15908798]
 [0.01849339 0.02765933]]
pars =  [6.49039057e+00 1.52272361e+00 8.68912966e-01 1.26783890e+00
 2.00000000e+02 1.28525446e+00 1.81206050e-02 7.05403066e-01]
std.dev of utility differences - annuities d_value_1     6.658341
d_value_2    14.562927
d_value_3     7.005782
d_value_4    15.643659
dtype: float64
std.dev of utility differences - ltc d_value_5    1.553157
d_value_6    2.957211
d_value_7    1.557016
d_value_8    2.867620
dtype: float64
std.dev of utility differences - rmr d_value_9     19.332394
d_value_10    21.147434
d_value_11    18.938710
d_value_12    21.339093
dtype: float64
- function call summary
ssd =  7726.6983367680805  sigmas =  [[0.01865575 0.02646736]
 [0.17501952 0.16038399]
 [0.01873767 0.02787209]]
pars =  [6.50159804e+00 1.57512080e+00 8.64643663e-01 1.32601445e+00
 2.00000000e+02 1.29028745e+00 1.62639636e-02 7.22030685e-01]
std.dev of utility differences - annuities d_value_1     6.688882
d_value_2    14.383474
d_value_3     7.054134
d_value_4    15.564813
dtype: float64
std.dev of utility differences - ltc d_value_5    1.575562
d_value_6    2.982481
d_value_7    1.578957
d_value_8    2.892572
dtype: float64
std.dev of utility differences - rmr d_value_9     19.170376
d_value_10    20.950130
d_value_11    18.779100
d_value_12    21.167399
dtype: float64
- function call summary
ssd =  7726.973525582171  sigmas =  [[0.01840851 0.0258605 ]
 [0.17110971 0.15731463]
 [0.01825819 0.02729047]]
pars =  [6.52654652e+00 1.53651770e+00 8.61171899e-01 1.27689163e+00
 2.00000000e+02 1.27602080e+00 1.63146117e-02 7.18549565e-01]
std.dev of utility differences - annuities d_value_1     6.748204
d_value_2    14.620919
d_value_3     7.098275
d_value_4    15.739940
dtype: float64
std.dev of utility differences - ltc d_value_5    1.576785
d_value_6    2.997859
d_value_7    1.579390
d_value_8    2.909290
dtype: float64
std.dev of utility differences - rmr d_value_9     19.400074
d_value_10    21.235239
d_value_11    19.003127
d_value_12    21.438140
dtype: float64
- function call summary
ssd =  7727.526324733588  sigmas =  [[0.01890167 0.02641533]
 [0.17716474 0.1645082 ]
 [0.0186913  0.02793112]]
pars =  [6.53814923e+00 1.52067787e+00 8.56674880e-01 1.34816116e+00
 2.00000000e+02 1.36982247e+00 1.77047071e-02 7.19229447e-01]
std.dev of utility differences - annuities d_value_1     6.566426
d_value_2    14.279428
d_value_3     6.906542
d_value_4    15.326206
dtype: float64
std.dev of utility differences - ltc d_value_5    1.517269
d_value_6    2.883189
d_value_7    1.515835
d_value_8    2.797144
dtype: float64
std.dev of utility differences - rmr d_value_9     18.942382
d_value_10    20.753459
d_value_11    18.557423
d_value_12    20.974302
dtype: float64
- function call summary
ssd =  7726.553768604374  sigmas =  [[0.01862323 0.02626618]
 [0.17417777 0.16045623]
 [0.01854019 0.02766188]]
pars =  [6.55360005e+00 1.54643716e+00 8.60686144e-01 1.30586627e+00
 2.00000000e+02 1.31553059e+00 1.72386346e-02 7.38725817e-01]
std.dev of utility differences - annuities d_value_1     6.694208
d_value_2    14.442542
d_value_3     7.047995
d_value_4    15.574451
dtype: float64
std.dev of utility differences - ltc d_value_5    1.559599
d_value_6    2.959579
d_value_7    1.560762
d_value_8    2.870628
dtype: float64
std.dev of utility differences - rmr d_value_9     19.173595
d_value_10    20.982581
d_value_11    18.782983
d_value_12    21.203380
dtype: float64
- function call summary
ssd =  7726.510967059099  sigmas =  [[0.01873665 0.02641894]
 [0.17515404 0.16084212]
 [0.01875737 0.0279905 ]]
pars =  [6.55128449e+00 1.54973543e+00 8.62492651e-01 1.29534462e+00
 2.00000000e+02 1.28771053e+00 1.75105296e-02 6.54259520e-01]
std.dev of utility differences - annuities d_value_1     6.626963
d_value_2    14.340215
d_value_3     6.984057
d_value_4    15.467202
dtype: float64
std.dev of utility differences - ltc d_value_5    1.548681
d_value_6    2.941024
d_value_7    1.551063
d_value_8    2.851613
dtype: float64
std.dev of utility differences - rmr d_value_9     19.077019
d_value_10    20.855118
d_value_11    18.689270
d_value_12    21.058377
dtype: float64
- function call summary
ssd =  7726.056607658359  sigmas =  [[0.01877218 0.0265396 ]
 [0.17618341 0.1617296 ]
 [0.01895143 0.02822918]]
pars =  [6.53816342e+00 1.55967703e+00 8.68796753e-01 1.33669310e+00
 2.00000000e+02 1.28621597e+00 1.63862248e-02 6.71482377e-01]
std.dev of utility differences - annuities d_value_1     6.606191
d_value_2    14.289546
d_value_3     6.968211
d_value_4    15.440290
dtype: float64
std.dev of utility differences - ltc d_value_5    1.546370
d_value_6    2.933862
d_value_7    1.550904
d_value_8    2.844561
dtype: float64
std.dev of utility differences - rmr d_value_9     19.050235
d_value_10    20.807217
d_value_11    18.663676
d_value_12    21.011777
dtype: float64
- function call summary
ssd =  7726.860280413047  sigmas =  [[0.01893549 0.02676625]
 [0.1788084  0.16416886]
 [0.01921189 0.02855765]]
pars =  [6.47756782e+00 1.57039309e+00 8.71694991e-01 1.36931384e+00
 2.00000000e+02 1.31244673e+00 1.54030806e-02 6.82280210e-01]
std.dev of utility differences - annuities d_value_1     6.545904
d_value_2    14.165084
d_value_3     6.908891
d_value_4    15.317487
dtype: float64
std.dev of utility differences - ltc d_value_5    1.536905
d_value_6    2.911031
d_value_7    1.540096
d_value_8    2.822867
dtype: float64
std.dev of utility differences - rmr d_value_9     18.942460
d_value_10    20.677636
d_value_11    18.556680
d_value_12    20.888821
dtype: float64
- function call summary
ssd =  7727.883378062489  sigmas =  [[0.01937783 0.02771865]
 [0.18528303 0.16954666]
 [0.01994021 0.02949076]]
pars =  [6.50268271e+00 1.61147156e+00 8.70329600e-01 1.37278490e+00
 2.00000000e+02 1.36739376e+00 1.68522635e-02 6.67194670e-01]
std.dev of utility differences - annuities d_value_1     6.428722
d_value_2    13.793027
d_value_3     6.799127
d_value_4    14.991340
dtype: float64
std.dev of utility differences - ltc d_value_5    1.514914
d_value_6    2.859806
d_value_7    1.517873
d_value_8    2.772270
dtype: float64
std.dev of utility differences - rmr d_value_9     18.482076
d_value_10    20.155215
d_value_11    18.098462
d_value_12    20.388467
dtype: float64
- function call summary
ssd =  7726.750579400563  sigmas =  [[0.01902857 0.02707445]
 [0.17992594 0.16461297]
 [0.01949195 0.0289207 ]]
pars =  [6.53136501e+00 1.58885293e+00 8.72641671e-01 1.32819564e+00
 2.00000000e+02 1.28736343e+00 1.73847660e-02 6.28559150e-01]
std.dev of utility differences - annuities d_value_1     6.516755
d_value_2    14.053161
d_value_3     6.888176
d_value_4    15.238267
dtype: float64
std.dev of utility differences - ltc d_value_5    1.535338
d_value_6    2.905380
d_value_7    1.541181
d_value_8    2.818454
dtype: float64
std.dev of utility differences - rmr d_value_9     18.805118
d_value_10    20.505148
d_value_11    18.423138
d_value_12    20.713394
dtype: float64
- function call summary
ssd =  7727.403830934778  sigmas =  [[0.01836361 0.02566923]
 [0.170344   0.15621064]
 [0.0182297  0.02729615]]
pars =  [6.48354889e+00 1.52946048e+00 8.67008670e-01 1.39107688e+00
 2.00000000e+02 1.23137685e+00 1.69048277e-02 6.67575775e-01]
std.dev of utility differences - annuities d_value_1     6.718146
d_value_2    14.655093
d_value_3     7.065047
d_value_4    15.756712
dtype: float64
std.dev of utility differences - ltc d_value_5    1.580915
d_value_6    3.007491
d_value_7    1.585412
d_value_8    2.918504
dtype: float64
std.dev of utility differences - rmr d_value_9     19.502408
d_value_10    21.340468
d_value_11    19.106166
d_value_12    21.517540
dtype: float64
- function call summary
ssd =  7726.914896247016  sigmas =  [[0.01845332 0.02598045]
 [0.17181429 0.15725617]
 [0.01834859 0.0273925 ]]
pars =  [6.48180676e+00 1.55235393e+00 8.62888483e-01 1.33508249e+00
 2.00000000e+02 1.25671485e+00 1.71455084e-02 6.98797003e-01]
std.dev of utility differences - annuities d_value_1     6.740099
d_value_2    14.574945
d_value_3     7.093935
d_value_4    15.716462
dtype: float64
std.dev of utility differences - ltc d_value_5    1.589380
d_value_6    3.014503
d_value_7    1.591470
d_value_8    2.924653
dtype: float64
std.dev of utility differences - rmr d_value_9     19.404938
d_value_10    21.225778
d_value_11    19.008667
d_value_12    21.425272
dtype: float64
- function call summary
ssd =  7726.109308400607  sigmas =  [[0.0187576  0.02656647]
 [0.1758757  0.16129   ]
 [0.01891871 0.02818512]]
pars =  [6.54930781e+00 1.56397205e+00 8.68618353e-01 1.38405286e+00
 2.00000000e+02 1.27798388e+00 1.62789392e-02 6.75018388e-01]
std.dev of utility differences - annuities d_value_1     6.623147
d_value_2    14.294163
d_value_3     6.984882
d_value_4    15.456686
dtype: float64
std.dev of utility differences - ltc d_value_5    1.552253
d_value_6    2.943705
d_value_7    1.556452
d_value_8    2.854164
dtype: float64
std.dev of utility differences - rmr d_value_9     19.062635
d_value_10    20.821905
d_value_11    18.676280
d_value_12    21.027656
dtype: float64
- function call summary
ssd =  7726.377872274604  sigmas =  [[0.01874024 0.02640218]
 [0.17564065 0.16138301]
 [0.01886332 0.0281375 ]]
pars =  [6.54023585e+00 1.54845686e+00 8.68524716e-01 1.33852538e+00
 2.00000000e+02 1.28860177e+00 1.63406540e-02 6.73105660e-01]
std.dev of utility differences - annuities d_value_1     6.607845
d_value_2    14.328765
d_value_3     6.966072
d_value_4    15.457980
dtype: float64
std.dev of utility differences - ltc d_value_5    1.542637
d_value_6    2.929548
d_value_7    1.545323
d_value_8    2.839741
dtype: float64
std.dev of utility differences - rmr d_value_9     19.082463
d_value_10    20.850773
d_value_11    18.694651
d_value_12    21.050890
dtype: float64
- function call summary
ssd =  7726.326929552652  sigmas =  [[0.01867789 0.02642578]
 [0.17495182 0.1603313 ]
 [0.01883854 0.02806584]]
pars =  [6.52540559e+00 1.56405332e+00 8.69190690e-01 1.34622814e+00
 2.00000000e+02 1.26608653e+00 1.65170059e-02 6.75056766e-01]
std.dev of utility differences - annuities d_value_1     6.644834
d_value_2    14.358321
d_value_3     7.007189
d_value_4    15.522065
dtype: float64
std.dev of utility differences - ltc d_value_5    1.561611
d_value_6    2.961181
d_value_7    1.565617
d_value_8    2.871574
dtype: float64
std.dev of utility differences - rmr d_value_9     19.151007
d_value_10    20.916323
d_value_11    18.761933
d_value_12    21.118881
dtype: float64
- function call summary
ssd =  7725.806418610373  sigmas =  [[0.0187744  0.02653451]
 [0.1763349  0.16188981]
 [0.0189701  0.02825835]]
pars =  [6.54021762e+00 1.55853089e+00 8.69570983e-01 1.33367415e+00
 2.00000000e+02 1.28819975e+00 1.64419256e-02 6.74854670e-01]
std.dev of utility differences - annuities d_value_1     6.602079
d_value_2    14.286976
d_value_3     6.964500
d_value_4    15.436830
dtype: float64
std.dev of utility differences - ltc d_value_5    1.544528
d_value_6    2.929597
d_value_7    1.549250
d_value_8    2.841469
dtype: float64
std.dev of utility differences - rmr d_value_9     19.044813
d_value_10    20.800443
d_value_11    18.658876
d_value_12    21.005113
dtype: float64
- function call summary
ssd =  7725.838656436632  sigmas =  [[0.01881901 0.02662731]
 [0.17704401 0.16252057]
 [0.01905457 0.02836345]]
pars =  [6.54526514e+00 1.56232825e+00 8.69901081e-01 1.33160028e+00
 2.00000000e+02 1.29490627e+00 1.64735086e-02 6.77615391e-01]
std.dev of utility differences - annuities d_value_1     6.590221
d_value_2    14.246875
d_value_3     6.953234
d_value_4    15.402760
dtype: float64
std.dev of utility differences - ltc d_value_5    1.541136
d_value_6    2.922283
d_value_7    1.545854
d_value_8    2.834397
dtype: float64
std.dev of utility differences - rmr d_value_9     18.994518
d_value_10    20.742395
d_value_11    18.609877
d_value_12    20.950234
dtype: float64
- function call summary
ssd =  7725.687589808011  sigmas =  [[0.0187304  0.02648142]
 [0.17576853 0.16127917]
 [0.0189168  0.02817662]]
pars =  [6.54313501e+00 1.55878902e+00 8.69405355e-01 1.32801156e+00
 2.00000000e+02 1.28114149e+00 1.63675949e-02 6.76578730e-01]
std.dev of utility differences - annuities d_value_1     6.619655
d_value_2    14.319486
d_value_3     6.982343
d_value_4    15.472490
dtype: float64
std.dev of utility differences - ltc d_value_5    1.548795
d_value_6    2.939067
d_value_7    1.553450
d_value_8    2.849557
dtype: float64
std.dev of utility differences - rmr d_value_9     19.083191
d_value_10    20.843273
d_value_11    18.696736
d_value_12    21.046449
dtype: float64
- function call summary
ssd =  7725.65401067293  sigmas =  [[0.01872202 0.02646207]
 [0.17572253 0.16121679]
 [0.01892573 0.02819381]]
pars =  [6.54277340e+00 1.55783530e+00 8.70260119e-01 1.32212242e+00
 2.00000000e+02 1.27904799e+00 1.63598139e-02 6.75163570e-01]
std.dev of utility differences - annuities d_value_1     6.617120
d_value_2    14.323608
d_value_3     6.979842
d_value_4    15.476064
dtype: float64
std.dev of utility differences - ltc d_value_5    1.547924
d_value_6    2.938525
d_value_7    1.552741
d_value_8    2.848769
dtype: float64
std.dev of utility differences - rmr d_value_9     19.089347
d_value_10    20.848177
d_value_11    18.703195
d_value_12    21.050094
dtype: float64
- function call summary
ssd =  7725.8421977257785  sigmas =  [[0.0187086  0.02641186]
 [0.17543888 0.16099378]
 [0.01889545 0.02816572]]
pars =  [6.54943514e+00 1.55344451e+00 8.70283546e-01 1.32326623e+00
 2.00000000e+02 1.27727927e+00 1.64150371e-02 6.72024315e-01]
std.dev of utility differences - annuities d_value_1     6.617358
d_value_2    14.338149
d_value_3     6.980061
d_value_4    15.483477
dtype: float64
std.dev of utility differences - ltc d_value_5    1.546591
d_value_6    2.937014
d_value_7    1.551060
d_value_8    2.846961
dtype: float64
std.dev of utility differences - rmr d_value_9     19.099305
d_value_10    20.861116
d_value_11    18.712377
d_value_12    21.060834
dtype: float64
- function call summary
ssd =  7726.018739519598  sigmas =  [[0.01868138 0.02639169]
 [0.17514762 0.16072705]
 [0.01886473 0.02810694]]
pars =  [6.54117415e+00 1.55673943e+00 8.70051732e-01 1.31784391e+00
 2.00000000e+02 1.27564372e+00 1.63855430e-02 6.80627299e-01]
std.dev of utility differences - annuities d_value_1     6.632257
d_value_2    14.356989
d_value_3     6.995019
d_value_4    15.510254
dtype: float64
std.dev of utility differences - ltc d_value_5    1.552285
d_value_6    2.945936
d_value_7    1.556787
d_value_8    2.856904
dtype: float64
std.dev of utility differences - rmr d_value_9     19.128998
d_value_10    20.893177
d_value_11    18.741389
d_value_12    21.094545
dtype: float64
- function call summary
ssd =  7725.890202051545  sigmas =  [[0.0186677  0.02634874]
 [0.17489101 0.16048686]
 [0.01883618 0.02808305]]
pars =  [6.54576559e+00 1.55308838e+00 8.70171369e-01 1.32019905e+00
 2.00000000e+02 1.27226360e+00 1.62621577e-02 6.75336621e-01]
std.dev of utility differences - annuities d_value_1     6.632339
d_value_2    14.370458
d_value_3     6.994948
d_value_4    15.516733
dtype: float64
std.dev of utility differences - ltc d_value_5    1.551198
d_value_6    2.945090
d_value_7    1.555319
d_value_8    2.855072
dtype: float64
std.dev of utility differences - rmr d_value_9     19.140366
d_value_10    20.907568
d_value_11    18.752722
d_value_12    21.106116
dtype: float64
- function call summary
ssd =  7726.102523572267  sigmas =  [[0.01876197 0.0265545 ]
 [0.1761958  0.16164526]
 [0.01900454 0.02829181]]
pars =  [6.54444708e+00 1.56356014e+00 8.70764464e-01 1.32577816e+00
 2.00000000e+02 1.28060389e+00 1.62742790e-02 6.74189598e-01]
std.dev of utility differences - annuities d_value_1     6.609114
d_value_2    14.287006
d_value_3     6.972062
d_value_4    15.448705
dtype: float64
std.dev of utility differences - ltc d_value_5    1.547820
d_value_6    2.934765
d_value_7    1.552427
d_value_8    2.846183
dtype: float64
std.dev of utility differences - rmr d_value_9     19.050711
d_value_10    20.800573
d_value_11    18.664302
d_value_12    21.004414
dtype: float64
- function call summary
ssd =  7725.6293806547  sigmas =  [[0.01872798 0.02645511]
 [0.17573508 0.16130969]
 [0.01891504 0.02818133]]
pars =  [6.54225979e+00 1.55672340e+00 8.69559437e-01 1.31680121e+00
 2.00000000e+02 1.28108162e+00 1.64358349e-02 6.73276752e-01]
std.dev of utility differences - annuities d_value_1     6.616085
d_value_2    14.323301
d_value_3     6.978391
d_value_4    15.472691
dtype: float64
std.dev of utility differences - ltc d_value_5    1.548124
d_value_6    2.937203
d_value_7    1.552282
d_value_8    2.848009
dtype: float64
std.dev of utility differences - rmr d_value_9     19.086275
d_value_10    20.846016
d_value_11    18.699565
d_value_12    21.047982
dtype: float64
- function call summary
ssd =  7725.771598708179  sigmas =  [[0.01875144 0.02647256]
 [0.17612019 0.16161965]
 [0.01895973 0.02823939]]
pars =  [6.53609340e+00 1.55560689e+00 8.70104610e-01 1.31306056e+00
 2.00000000e+02 1.28542129e+00 1.64178281e-02 6.71056141e-01]
std.dev of utility differences - annuities d_value_1     6.602351
d_value_2    14.306400
d_value_3     6.964255
d_value_4    15.450680
dtype: float64
std.dev of utility differences - ltc d_value_5    1.543966
d_value_6    2.930275
d_value_7    1.548629
d_value_8    2.840918
dtype: float64
std.dev of utility differences - rmr d_value_9     19.066219
d_value_10    20.822623
d_value_11    18.679933
d_value_12    21.024260
dtype: float64
- function call summary
ssd =  7725.96526239765  sigmas =  [[0.0187509  0.02651648]
 [0.17603026 0.16147183]
 [0.01896674 0.02824902]]
pars =  [6.54152592e+00 1.56100901e+00 8.69850206e-01 1.31864582e+00
 2.00000000e+02 1.27992650e+00 1.65275161e-02 6.69066445e-01]
std.dev of utility differences - annuities d_value_1     6.611119
d_value_2    14.299663
d_value_3     6.973186
d_value_4    15.455542
dtype: float64
std.dev of utility differences - ltc d_value_5    1.547871
d_value_6    2.936101
d_value_7    1.552437
d_value_8    2.847171
dtype: float64
std.dev of utility differences - rmr d_value_9     19.062627
d_value_10    20.816846
d_value_11    18.677227
d_value_12    21.019949
dtype: float64
- function call summary
ssd =  7725.881100637728  sigmas =  [[0.01876668 0.02653359]
 [0.17622787 0.16178636]
 [0.01897011 0.02825005]]
pars =  [6.54368502e+00 1.55928323e+00 8.69211429e-01 1.31460077e+00
 2.00000000e+02 1.28842735e+00 1.63354420e-02 6.75054242e-01]
std.dev of utility differences - annuities d_value_1     6.606712
d_value_2    14.291894
d_value_3     6.969566
d_value_4    15.443798
dtype: float64
std.dev of utility differences - ltc d_value_5    1.544932
d_value_6    2.931313
d_value_7    1.549436
d_value_8    2.842133
dtype: float64
std.dev of utility differences - rmr d_value_9     19.044566
d_value_10    20.799856
d_value_11    18.658896
d_value_12    21.005009
dtype: float64
- function call summary
ssd =  7725.584395737852  sigmas =  [[0.01873702 0.02645667]
 [0.17590279 0.16138905]
 [0.01893344 0.02820924]]
pars =  [6.54676699e+00 1.55482985e+00 8.69672221e-01 1.30861744e+00
 2.00000000e+02 1.28440618e+00 1.64182484e-02 6.72925144e-01]
std.dev of utility differences - annuities d_value_1     6.609934
d_value_2    14.317114
d_value_3     6.972517
d_value_4    15.462632
dtype: float64
std.dev of utility differences - ltc d_value_5    1.545228
d_value_6    2.931364
d_value_7    1.549099
d_value_8    2.842726
dtype: float64
std.dev of utility differences - rmr d_value_9     19.071398
d_value_10    20.830035
d_value_11    18.685493
d_value_12    21.031560
dtype: float64
- function call summary
ssd =  7725.773086717418  sigmas =  [[0.01871514 0.02640813]
 [0.17556779 0.16112257]
 [0.01891254 0.02818858]]
pars =  [6.54810776e+00 1.55238319e+00 8.70360188e-01 1.30372048e+00
 2.00000000e+02 1.27975568e+00 1.64252565e-02 6.70085097e-01]
std.dev of utility differences - annuities d_value_1     6.611844
d_value_2    14.334807
d_value_3     6.974972
d_value_4    15.477430
dtype: float64
std.dev of utility differences - ltc d_value_5    1.544704
d_value_6    2.932922
d_value_7    1.548889
d_value_8    2.843296
dtype: float64
std.dev of utility differences - rmr d_value_9     19.091104
d_value_10    20.851618
d_value_11    18.704860
d_value_12    21.050845
dtype: float64
- function call summary
ssd =  7725.652726512921  sigmas =  [[0.01876649 0.02651598]
 [0.17632166 0.16185178]
 [0.01899203 0.02828674]]
pars =  [6.54725420e+00 1.55656717e+00 8.70120100e-01 1.30468927e+00
 2.00000000e+02 1.28758950e+00 1.65359335e-02 6.70964699e-01]
std.dev of utility differences - annuities d_value_1     6.598390
d_value_2    14.290352
d_value_3     6.961628
d_value_4    15.438500
dtype: float64
std.dev of utility differences - ltc d_value_5    1.542127
d_value_6    2.926333
d_value_7    1.546977
d_value_8    2.837440
dtype: float64
std.dev of utility differences - rmr d_value_9     19.040313
d_value_10    20.793442
d_value_11    18.654976
d_value_12    20.996159
dtype: float64
- function call summary
ssd =  7725.7707102665945  sigmas =  [[0.018769   0.02648172]
 [0.17628893 0.1618328 ]
 [0.01896992 0.0282713 ]]
pars =  [6.55119122e+00 1.55194058e+00 8.69763992e-01 1.30473928e+00
 2.00000000e+02 1.29274109e+00 1.64723230e-02 6.74226173e-01]
std.dev of utility differences - annuities d_value_1     6.595515
d_value_2    14.296204
d_value_3     6.958160
d_value_4    15.434600
dtype: float64
std.dev of utility differences - ltc d_value_5    1.538733
d_value_6    2.921185
d_value_7    1.542367
d_value_8    2.831507
dtype: float64
std.dev of utility differences - rmr d_value_9     19.035579
d_value_10    20.793231
d_value_11    18.650717
d_value_12    20.995265
dtype: float64
- function call summary
ssd =  7725.68876062624  sigmas =  [[0.01878261 0.02653322]
 [0.17651903 0.16205893]
 [0.01899558 0.02829345]]
pars =  [6.54682012e+00 1.55617996e+00 8.69842354e-01 1.31423608e+00
 2.00000000e+02 1.29223500e+00 1.64883871e-02 6.74974895e-01]
std.dev of utility differences - annuities d_value_1     6.594964
d_value_2    14.281445
d_value_3     6.957980
d_value_4    15.427104
dtype: float64
std.dev of utility differences - ltc d_value_5    1.540623
d_value_6    2.923198
d_value_7    1.545335
d_value_8    2.834988
dtype: float64
std.dev of utility differences - rmr d_value_9     19.027371
d_value_10    20.780947
d_value_11    18.642499
d_value_12    20.985214
dtype: float64
- function call summary
ssd =  7725.6930250051655  sigmas =  [[0.01872723 0.02646594]
 [0.17568529 0.16127538]
 [0.01891704 0.02818123]]
pars =  [6.54900602e+00 1.55716532e+00 8.69027202e-01 1.30210126e+00
 2.00000000e+02 1.28121181e+00 1.64283122e-02 6.70995682e-01]
std.dev of utility differences - annuities d_value_1     6.618017
d_value_2    14.322522
d_value_3     6.980670
d_value_4    15.472775
dtype: float64
std.dev of utility differences - ltc d_value_5    1.547248
d_value_6    2.936945
d_value_7    1.551937
d_value_8    2.847408
dtype: float64
std.dev of utility differences - rmr d_value_9     19.078105
d_value_10    20.837686
d_value_11    18.692625
d_value_12    21.039771
dtype: float64
- function call summary
ssd =  7726.012770388583  sigmas =  [[0.01876507 0.02655173]
 [0.17626659 0.16176539]
 [0.0190058  0.02829225]]
pars =  [6.54783660e+00 1.56203985e+00 8.70325839e-01 1.31041130e+00
 2.00000000e+02 1.28365987e+00 1.63670737e-02 6.73204729e-01]
std.dev of utility differences - annuities d_value_1     6.606927
d_value_2    14.285772
d_value_3     6.970154
d_value_4    15.444384
dtype: float64
std.dev of utility differences - ltc d_value_5    1.545665
d_value_6    2.931491
d_value_7    1.550183
d_value_8    2.842908
dtype: float64
std.dev of utility differences - rmr d_value_9     19.041461
d_value_10    20.791769
d_value_11    18.655744
d_value_12    20.995884
dtype: float64
- function call summary
ssd =  7725.924845787606  sigmas =  [[0.01871044 0.02639126]
 [0.17546513 0.16101423]
 [0.01887893 0.0281467 ]]
pars =  [6.54360745e+00 1.55157889e+00 8.69665607e-01 1.31641210e+00
 2.00000000e+02 1.28164209e+00 1.63607826e-02 6.73816789e-01]
std.dev of utility differences - annuities d_value_1     6.616027
d_value_2    14.342191
d_value_3     6.977987
d_value_4    15.482585
dtype: float64
std.dev of utility differences - ltc d_value_5    1.546202
d_value_6    2.935455
d_value_7    1.549885
d_value_8    2.845650
dtype: float64
std.dev of utility differences - rmr d_value_9     19.100835
d_value_10    20.865920
d_value_11    18.713800
d_value_12    21.065057
dtype: float64
- function call summary
ssd =  7725.628668732623  sigmas =  [[0.01873919 0.02646738]
 [0.17593375 0.16146937]
 [0.01894013 0.02821013]]
pars =  [6.54393456e+00 1.55625463e+00 8.69586009e-01 1.30637174e+00
 2.00000000e+02 1.28472202e+00 1.64627302e-02 6.73864302e-01]
std.dev of utility differences - annuities d_value_1     6.611143
d_value_2    14.315096
d_value_3     6.973841
d_value_4    15.462642
dtype: float64
std.dev of utility differences - ltc d_value_5    1.545423
d_value_6    2.933133
d_value_7    1.550405
d_value_8    2.844009
dtype: float64
std.dev of utility differences - rmr d_value_9     19.070378
d_value_10    20.828830
d_value_11    18.684844
d_value_12    21.031503
dtype: float64
- function call summary
ssd =  7725.599303065084  sigmas =  [[0.01873313 0.0264499 ]
 [0.17583308 0.16131541]
 [0.01892757 0.02819918]]
pars =  [6.54695634e+00 1.55481858e+00 8.69712189e-01 1.30857635e+00
 2.00000000e+02 1.28375233e+00 1.64177384e-02 6.73644078e-01]
std.dev of utility differences - annuities d_value_1     6.611892
d_value_2    14.320901
d_value_3     6.974615
d_value_4    15.466219
dtype: float64
std.dev of utility differences - ltc d_value_5    1.545899
d_value_6    2.932485
d_value_7    1.549757
d_value_8    2.843914
dtype: float64
std.dev of utility differences - rmr d_value_9     19.075818
d_value_10    20.835261
d_value_11    18.689685
d_value_12    21.036921
dtype: float64
- function call summary
ssd =  7725.6292530931205  sigmas =  [[0.01873987 0.02647314]
 [0.17591467 0.16144065]
 [0.01893977 0.02821281]]
pars =  [6.54779928e+00 1.55619033e+00 8.69597325e-01 1.30959364e+00
 2.00000000e+02 1.28376897e+00 1.64376879e-02 6.72558144e-01]
std.dev of utility differences - annuities d_value_1     6.610900
d_value_2    14.313423
d_value_3     6.973730
d_value_4    15.461326
dtype: float64
std.dev of utility differences - ltc d_value_5    1.545541
d_value_6    2.932609
d_value_7    1.549891
d_value_8    2.843550
dtype: float64
std.dev of utility differences - rmr d_value_9     19.067434
d_value_10    20.825788
d_value_11    18.682110
d_value_12    21.027899
dtype: float64
- function call summary
ssd =  7725.618147149627  sigmas =  [[0.01873993 0.02645972]
 [0.17592548 0.16141232]
 [0.01893771 0.02821437]]
pars =  [6.54723744e+00 1.55474469e+00 8.69748157e-01 1.30912207e+00
 2.00000000e+02 1.28464316e+00 1.64170603e-02 6.72811708e-01]
std.dev of utility differences - annuities d_value_1     6.608862
d_value_2    14.315292
d_value_3     6.971484
d_value_4    15.460222
dtype: float64
std.dev of utility differences - ltc d_value_5    1.544749
d_value_6    2.930722
d_value_7    1.548736
d_value_8    2.842033
dtype: float64
std.dev of utility differences - rmr d_value_9     19.068942
d_value_10    20.827268
d_value_11    18.683086
d_value_12    21.028777
dtype: float64
- function call summary
ssd =  7725.594910748832  sigmas =  [[0.01873566 0.02645437]
 [0.17588257 0.16136238]
 [0.01893105 0.0282057 ]]
pars =  [6.54608571e+00 1.55488484e+00 8.69641337e-01 1.30808331e+00
 2.00000000e+02 1.28415543e+00 1.64137097e-02 6.72762076e-01]
std.dev of utility differences - annuities d_value_1     6.610436
d_value_2    14.318363
d_value_3     6.973060
d_value_4    15.463811
dtype: float64
std.dev of utility differences - ltc d_value_5    1.545186
d_value_6    2.931806
d_value_7    1.549290
d_value_8    2.843171
dtype: float64
std.dev of utility differences - rmr d_value_9     19.073312
d_value_10    20.832575
d_value_11    18.687335
d_value_12    21.034008
dtype: float64
- function call summary
ssd =  7725.594530249002  sigmas =  [[0.01873707 0.02645516]
 [0.17590136 0.16138459]
 [0.01893369 0.02820895]]
pars =  [6.54606339e+00 1.55475924e+00 8.69719872e-01 1.30892542e+00
 2.00000000e+02 1.28433127e+00 1.64256221e-02 6.72822445e-01]
std.dev of utility differences - annuities d_value_1     6.609594
d_value_2    14.317298
d_value_3     6.972350
d_value_4    15.462648
dtype: float64
std.dev of utility differences - ltc d_value_5    1.545224
d_value_6    2.931433
d_value_7    1.549152
d_value_8    2.842875
dtype: float64
std.dev of utility differences - rmr d_value_9     19.072151
d_value_10    20.830723
d_value_11    18.686089
d_value_12    21.032244
dtype: float64
- function call summary
ssd =  7725.657985021449  sigmas =  [[0.01873728 0.02645195]
 [0.17587239 0.16136965]
 [0.01892756 0.02820412]]
pars =  [6.54683429e+00 1.55427409e+00 8.69605199e-01 1.30845875e+00
 2.00000000e+02 1.28478078e+00 1.64253911e-02 6.73055804e-01]
std.dev of utility differences - annuities d_value_1     6.609773
d_value_2    14.318625
d_value_3     6.972434
d_value_4    15.462739
dtype: float64
std.dev of utility differences - ltc d_value_5    1.545112
d_value_6    2.931472
d_value_7    1.548907
d_value_8    2.842387
dtype: float64
std.dev of utility differences - rmr d_value_9     19.071967
d_value_10    20.831438
d_value_11    18.685961
d_value_12    21.033128
dtype: float64
- function call summary
ssd =  7725.591186452635  sigmas =  [[0.0187338  0.02644942]
 [0.17584438 0.16132909]
 [0.01892827 0.02820194]]
pars =  [6.54701037e+00 1.55454640e+00 8.69714299e-01 1.30818487e+00
 2.00000000e+02 1.28366353e+00 1.64214648e-02 6.72653894e-01]
std.dev of utility differences - annuities d_value_1     6.610924
d_value_2    14.320355
d_value_3     6.973537
d_value_4    15.465136
dtype: float64
std.dev of utility differences - ltc d_value_5    1.545456
d_value_6    2.932024
d_value_7    1.549393
d_value_8    2.843359
dtype: float64
std.dev of utility differences - rmr d_value_9     19.074906
d_value_10    20.833789
d_value_11    18.688838
d_value_12    21.035404
dtype: float64
- function call summary
ssd =  7725.732084010957  sigmas =  [[0.0187421  0.0264698 ]
 [0.17592942 0.16147641]
 [0.01894246 0.02821927]]
pars =  [6.54677914e+00 1.55571180e+00 8.69698717e-01 1.30825338e+00
 2.00000000e+02 1.28464006e+00 1.64184003e-02 6.72951968e-01]
std.dev of utility differences - annuities d_value_1     6.609333
d_value_2    14.312787
d_value_3     6.972106
d_value_4    15.459411
dtype: float64
std.dev of utility differences - ltc d_value_5    1.545043
d_value_6    2.931612
d_value_7    1.549094
d_value_8    2.842439
dtype: float64
std.dev of utility differences - rmr d_value_9     19.066978
d_value_10    20.824647
d_value_11    18.680931
d_value_12    21.026638
dtype: float64
- function call summary
ssd =  7725.65903388323  sigmas =  [[0.01873563 0.02645739]
 [0.17586704 0.16136963]
 [0.01893217 0.02820607]]
pars =  [6.54674027e+00 1.55524096e+00 8.69679381e-01 1.30911596e+00
 2.00000000e+02 1.28374353e+00 1.64091748e-02 6.72873624e-01]
std.dev of utility differences - annuities d_value_1     6.611038
d_value_2    14.317824
d_value_3     6.973698
d_value_4    15.464193
dtype: float64
std.dev of utility differences - ltc d_value_5    1.545334
d_value_6    2.932184
d_value_7    1.549494
d_value_8    2.843337
dtype: float64
std.dev of utility differences - rmr d_value_9     19.073302
d_value_10    20.832192
d_value_11    18.687339
d_value_12    21.033714
dtype: float64
- function call summary
ssd =  7725.667200120728  sigmas =  [[0.01873694 0.02645049]
 [0.17587683 0.16136414]
 [0.01893006 0.028206  ]]
pars =  [6.54671329e+00 1.55416331e+00 8.69700523e-01 1.30851133e+00
 2.00000000e+02 1.28466835e+00 1.64075592e-02 6.73003050e-01]
std.dev of utility differences - annuities d_value_1     6.609466
d_value_2    14.318633
d_value_3     6.971966
d_value_4    15.462509
dtype: float64
std.dev of utility differences - ltc d_value_5    1.544807
d_value_6    2.931096
d_value_7    1.548757
d_value_8    2.842090
dtype: float64
std.dev of utility differences - rmr d_value_9     19.072227
d_value_10    20.831226
d_value_11    18.686258
d_value_12    21.033129
dtype: float64
- function call summary
ssd =  7725.666186253868  sigmas =  [[0.01874138 0.0264635 ]
 [0.17594516 0.16145856]
 [0.01893932 0.02821738]]
pars =  [6.54674691e+00 1.55498218e+00 8.69683262e-01 1.30917764e+00
 2.00000000e+02 1.28520575e+00 1.64233291e-02 6.73202711e-01]
std.dev of utility differences - annuities d_value_1     6.608674
d_value_2    14.313905
d_value_3     6.971174
d_value_4    15.459102
dtype: float64
std.dev of utility differences - ltc d_value_5    1.544743
d_value_6    2.930680
d_value_7    1.548778
d_value_8    2.842009
dtype: float64
std.dev of utility differences - rmr d_value_9     19.067352
d_value_10    20.825360
d_value_11    18.681427
d_value_12    21.027076
dtype: float64
- function call summary
ssd =  7725.583289566916  sigmas =  [[0.01873431 0.02645346]
 [0.17584804 0.16132942]
 [0.01892807 0.02820079]]
pars =  [6.54691969e+00 1.55492148e+00 8.69599783e-01 1.30874273e+00
 2.00000000e+02 1.28368047e+00 1.64224185e-02 6.72655694e-01]
std.dev of utility differences - annuities d_value_1     6.611617
d_value_2    14.319570
d_value_3     6.974052
d_value_4    15.465195
dtype: float64
std.dev of utility differences - ltc d_value_5    1.545560
d_value_6    2.932393
d_value_7    1.549680
d_value_8    2.843678
dtype: float64
std.dev of utility differences - rmr d_value_9     19.074286
d_value_10    20.833800
d_value_11    18.688263
d_value_12    21.035277
dtype: float64
- function call summary
ssd =  7725.601802148226  sigmas =  [[0.01873498 0.02645777]
 [0.17585193 0.1613403 ]
 [0.01892919 0.02820268]]
pars =  [6.54733929e+00 1.55522467e+00 8.69552455e-01 1.30800382e+00
 2.00000000e+02 1.28365514e+00 1.64224283e-02 6.72583590e-01]
std.dev of utility differences - annuities d_value_1     6.611732
d_value_2    14.318784
d_value_3     6.974418
d_value_4    15.464924
dtype: float64
std.dev of utility differences - ltc d_value_5    1.545659
d_value_6    2.932621
d_value_7    1.549673
d_value_8    2.843636
dtype: float64
std.dev of utility differences - rmr d_value_9     19.073575
d_value_10    20.832689
d_value_11    18.687516
d_value_12    21.034354
dtype: float64
- function call summary
ssd =  7725.574200806089  sigmas =  [[0.0187367  0.02645809]
 [0.17589399 0.16136768]
 [0.01893356 0.02820887]]
pars =  [6.54751155e+00 1.55495829e+00 8.69648739e-01 1.30843999e+00
 2.00000000e+02 1.28415760e+00 1.64302315e-02 6.72707378e-01]
std.dev of utility differences - annuities d_value_1     6.610296
d_value_2    14.317184
d_value_3     6.972954
d_value_4    15.462825
dtype: float64
std.dev of utility differences - ltc d_value_5    1.545058
d_value_6    2.931637
d_value_7    1.549146
d_value_8    2.842967
dtype: float64
std.dev of utility differences - rmr d_value_9     19.071140
d_value_10    20.830138
d_value_11    18.685151
d_value_12    21.031639
dtype: float64
- function call summary
ssd =  7725.572813319431  sigmas =  [[0.01873519 0.02645386]
 [0.17587944 0.16135023]
 [0.01893123 0.02820531]]
pars =  [6.54697360e+00 1.55479639e+00 8.69667661e-01 1.30772929e+00
 2.00000000e+02 1.28415267e+00 1.64284574e-02 6.72958911e-01]
std.dev of utility differences - annuities d_value_1     6.610662
d_value_2    14.318626
d_value_3     6.973225
d_value_4    15.464243
dtype: float64
std.dev of utility differences - ltc d_value_5    1.545378
d_value_6    2.931799
d_value_7    1.549238
d_value_8    2.843086
dtype: float64
std.dev of utility differences - rmr d_value_9     19.072892
d_value_10    20.832121
d_value_11    18.686923
d_value_12    21.033603
dtype: float64
- function call summary
ssd =  7725.633061095904  sigmas =  [[0.01873359 0.02644811]
 [0.17583544 0.16132033]
 [0.01892696 0.02820044]]
pars =  [6.54616696e+00 1.55457844e+00 8.69670733e-01 1.30734857e+00
 2.00000000e+02 1.28398968e+00 1.64247101e-02 6.73158571e-01]
std.dev of utility differences - annuities d_value_1     6.611262
d_value_2    14.321047
d_value_3     6.973966
d_value_4    15.465714
dtype: float64
std.dev of utility differences - ltc d_value_5    1.545621
d_value_6    2.932209
d_value_7    1.549547
d_value_8    2.843625
dtype: float64
std.dev of utility differences - rmr d_value_9     19.075703
d_value_10    20.834733
d_value_11    18.689619
d_value_12    21.036511
dtype: float64
- function call summary
ssd =  7725.589063267485  sigmas =  [[0.01873733 0.02645746]
 [0.17590682 0.16138634]
 [0.01893439 0.02821097]]
pars =  [6.54728447e+00 1.55477524e+00 8.69673813e-01 1.30768516e+00
 2.00000000e+02 1.28449535e+00 1.64268497e-02 6.72784420e-01]
std.dev of utility differences - annuities d_value_1     6.609785
d_value_2    14.316786
d_value_3     6.972359
d_value_4    15.462220
dtype: float64
std.dev of utility differences - ltc d_value_5    1.544857
d_value_6    2.931204
d_value_7    1.548991
d_value_8    2.842466
dtype: float64
std.dev of utility differences - rmr d_value_9     19.070392
d_value_10    20.828932
d_value_11    18.684534
d_value_12    21.030446
dtype: float64
- function call summary
ssd =  7725.582227954348  sigmas =  [[0.0187353  0.02645377]
 [0.17587562 0.16135448]
 [0.01893144 0.02820601]]
pars =  [6.54697891e+00 1.55479887e+00 8.69672964e-01 1.30765721e+00
 2.00000000e+02 1.28411346e+00 1.64296307e-02 6.72927529e-01]
std.dev of utility differences - annuities d_value_1     6.610661
d_value_2    14.318649
d_value_3     6.973210
d_value_4    15.464099
dtype: float64
std.dev of utility differences - ltc d_value_5    1.545404
d_value_6    2.931821
d_value_7    1.549252
d_value_8    2.843114
dtype: float64
std.dev of utility differences - rmr d_value_9     19.073014
d_value_10    20.832214
d_value_11    18.687028
d_value_12    21.033695
dtype: float64
- function call summary
ssd =  7725.599047324363  sigmas =  [[0.01873489 0.02645363]
 [0.175866   0.16134411]
 [0.01893066 0.02820415]]
pars =  [6.54704398e+00 1.55485359e+00 8.69658746e-01 1.30788908e+00
 2.00000000e+02 1.28405321e+00 1.64277281e-02 6.73040185e-01]
std.dev of utility differences - annuities d_value_1     6.610908
d_value_2    14.318920
d_value_3     6.973539
d_value_4    15.464551
dtype: float64
std.dev of utility differences - ltc d_value_5    1.545234
d_value_6    2.932003
d_value_7    1.549350
d_value_8    2.843288
dtype: float64
std.dev of utility differences - rmr d_value_9     19.073531
d_value_10    20.832727
d_value_11    18.687476
d_value_12    21.034221
dtype: float64
- function call summary
ssd =  7725.573396585365  sigmas =  [[0.01873537 0.02645422]
 [0.17588216 0.1613601 ]
 [0.0189316  0.02820647]]
pars =  [6.54692594e+00 1.55480889e+00 8.69671194e-01 1.30778453e+00
 2.00000000e+02 1.28418190e+00 1.64293593e-02 6.72961648e-01]
std.dev of utility differences - annuities d_value_1     6.610475
d_value_2    14.318407
d_value_3     6.973121
d_value_4    15.464065
dtype: float64
std.dev of utility differences - ltc d_value_5    1.545388
d_value_6    2.931759
d_value_7    1.549226
d_value_8    2.843063
dtype: float64
std.dev of utility differences - rmr d_value_9     19.072889
d_value_10    20.831964
d_value_11    18.686840
d_value_12    21.033503
dtype: float64
- function call summary
ssd =  7725.604163680176  sigmas =  [[0.01873546 0.02645408]
 [0.17587806 0.16135423]
 [0.01893144 0.02820553]]
pars =  [6.54693598e+00 1.55476362e+00 8.69663215e-01 1.30774010e+00
 2.00000000e+02 1.28420750e+00 1.64280796e-02 6.72919079e-01]
std.dev of utility differences - annuities d_value_1     6.610507
d_value_2    14.318503
d_value_3     6.973087
d_value_4    15.463965
dtype: float64
std.dev of utility differences - ltc d_value_5    1.545324
d_value_6    2.931710
d_value_7    1.549202
d_value_8    2.843014
dtype: float64
std.dev of utility differences - rmr d_value_9     19.072669
d_value_10    20.831477
d_value_11    18.686706
d_value_12    21.032969
dtype: float64
- function call summary
ssd =  7725.5932696929085  sigmas =  [[0.01873602 0.02645354]
 [0.17587342 0.16135015]
 [0.01893109 0.0282051 ]]
pars =  [6.54699639e+00 1.55473549e+00 8.69674346e-01 1.30774356e+00
 2.00000000e+02 1.28416957e+00 1.64282098e-02 6.72986575e-01]
std.dev of utility differences - annuities d_value_1     6.610645
d_value_2    14.318770
d_value_3     6.973245
d_value_4    15.463728
dtype: float64
std.dev of utility differences - ltc d_value_5    1.545457
d_value_6    2.931762
d_value_7    1.549296
d_value_8    2.843099
dtype: float64
std.dev of utility differences - rmr d_value_9     19.072759
d_value_10    20.831667
d_value_11    18.686792
d_value_12    21.033173
dtype: float64
- function call summary
ssd =  7725.580178299255  sigmas =  [[0.0187356  0.0264554 ]
 [0.17588475 0.16136531]
 [0.01893233 0.02820705]]
pars =  [6.54697626e+00 1.55487847e+00 8.69670370e-01 1.30770700e+00
 2.00000000e+02 1.28419738e+00 1.64280824e-02 6.72973264e-01]
std.dev of utility differences - annuities d_value_1     6.610507
d_value_2    14.318123
d_value_3     6.973158
d_value_4    15.463742
dtype: float64
std.dev of utility differences - ltc d_value_5    1.545075
d_value_6    2.931747
d_value_7    1.549194
d_value_8    2.843041
dtype: float64
std.dev of utility differences - rmr d_value_9     19.072455
d_value_10    20.831636
d_value_11    18.686523
d_value_12    21.033080
dtype: float64
- function call summary
ssd =  7725.574053972424  sigmas =  [[0.01873519 0.02645387]
 [0.17587478 0.16134979]
 [0.01893112 0.02820522]]
pars =  [6.54697544e+00 1.55483066e+00 8.69660118e-01 1.30772989e+00
 2.00000000e+02 1.28409246e+00 1.64279290e-02 6.72935994e-01]
std.dev of utility differences - annuities d_value_1     6.610765
d_value_2    14.318722
d_value_3     6.973326
d_value_4    15.464223
dtype: float64
std.dev of utility differences - ltc d_value_5    1.545462
d_value_6    2.931906
d_value_7    1.549286
d_value_8    2.843176
dtype: float64
std.dev of utility differences - rmr d_value_9     19.073273
d_value_10    20.832392
d_value_11    18.687221
d_value_12    21.033909
dtype: float64
- function call summary
ssd =  7725.57895706087  sigmas =  [[0.01873525 0.02645391]
 [0.17587792 0.16135022]
 [0.01893117 0.02820535]]
pars =  [6.54699511e+00 1.55479685e+00 8.69661368e-01 1.30770571e+00
 2.00000000e+02 1.28416909e+00 1.64294549e-02 6.72989371e-01]
std.dev of utility differences - annuities d_value_1     6.610599
d_value_2    14.318672
d_value_3     6.973273
d_value_4    15.464281
dtype: float64
std.dev of utility differences - ltc d_value_5    1.545391
d_value_6    2.931821
d_value_7    1.549245
d_value_8    2.843102
dtype: float64
std.dev of utility differences - rmr d_value_9     19.073010
d_value_10    20.831737
d_value_11    18.686985
d_value_12    21.033272
dtype: float64
- function call summary
ssd =  7725.595613481024  sigmas =  [[0.01873611 0.02645388]
 [0.17587499 0.16135161]
 [0.01893106 0.02820495]]
pars =  [6.54696321e+00 1.55475411e+00 8.69662295e-01 1.30779455e+00
 2.00000000e+02 1.28419027e+00 1.64281668e-02 6.72972928e-01]
std.dev of utility differences - annuities d_value_1     6.610592
d_value_2    14.318687
d_value_3     6.973216
d_value_4    15.463629
dtype: float64
std.dev of utility differences - ltc d_value_5    1.545377
d_value_6    2.931775
d_value_7    1.549235
d_value_8    2.843098
dtype: float64
std.dev of utility differences - rmr d_value_9     19.072888
d_value_10    20.831735
d_value_11    18.686911
d_value_12    21.033216
dtype: float64
- function call summary
ssd =  7725.594060269406  sigmas =  [[0.01873495 0.02645352]
 [0.17586876 0.16134866]
 [0.01893107 0.02820528]]
pars =  [6.54697824e+00 1.55483035e+00 8.69671382e-01 1.30775700e+00
 2.00000000e+02 1.28404680e+00 1.64285914e-02 6.72966125e-01]
std.dev of utility differences - annuities d_value_1     6.610845
d_value_2    14.318853
d_value_3     6.973394
d_value_4    15.464407
dtype: float64
std.dev of utility differences - ltc d_value_5    1.545470
d_value_6    2.931949
d_value_7    1.549319
d_value_8    2.843226
dtype: float64
std.dev of utility differences - rmr d_value_9     19.073462
d_value_10    20.832575
d_value_11    18.687399
d_value_12    21.034105
dtype: float64
- function call summary
ssd =  7725.568789164942  sigmas =  [[0.01873547 0.02645443]
 [0.17588209 0.16135785]
 [0.0189316  0.02820648]]
pars =  [6.54704117e+00 1.55481160e+00 8.69667022e-01 1.30778396e+00
 2.00000000e+02 1.28416717e+00 1.64287716e-02 6.72931250e-01]
std.dev of utility differences - annuities d_value_1     6.610448
d_value_2    14.318363
d_value_3     6.973152
d_value_4    15.464007
dtype: float64
std.dev of utility differences - ltc d_value_5    1.545382
d_value_6    2.931766
d_value_7    1.549223
d_value_8    2.843070
dtype: float64
std.dev of utility differences - rmr d_value_9     19.072766
d_value_10    20.831831
d_value_11    18.686746
d_value_12    21.033382
dtype: float64
- function call summary
ssd =  7725.599783686996  sigmas =  [[0.01873545 0.02645469]
 [0.17587949 0.16135818]
 [0.01893189 0.0282067 ]]
pars =  [6.54709610e+00 1.55482482e+00 8.69668808e-01 1.30778838e+00
 2.00000000e+02 1.28416564e+00 1.64276140e-02 6.72904557e-01]
std.dev of utility differences - annuities d_value_1     6.610413
d_value_2    14.318228
d_value_3     6.973104
d_value_4    15.463860
dtype: float64
std.dev of utility differences - ltc d_value_5    1.545092
d_value_6    2.931749
d_value_7    1.549213
d_value_8    2.843036
dtype: float64
std.dev of utility differences - rmr d_value_9     19.072563
d_value_10    20.831656
d_value_11    18.686562
d_value_12    21.033179
dtype: float64
