number of parameters =  8 , number of free parameters =  8
- function call summary
ssd =  29952.409090032474  sigmas =  [[0.01148403 0.01621212]
 [0.10997551 0.08261446]
 [0.00316277 0.00365795]]
pars =  [6.91450123e+00 1.74355321e+00 8.31706405e-01 1.83571466e-01
 2.38955254e+02 3.02214586e-01 2.76155581e-02 2.53919396e-01]
std.dev of utility differences - annuities d_value_1     6.780941
d_value_2    14.817407
d_value_3     7.248779
d_value_4    16.081378
dtype: float64
std.dev of utility differences - ltc d_value_5    1.665223
d_value_6    3.141031
d_value_7    1.695782
d_value_8    3.053342
dtype: float64
std.dev of utility differences - rmr d_value_9     18.684525
d_value_10    20.325716
d_value_11    18.357290
d_value_12    20.101174
dtype: float64
- function call summary
ssd =  29940.271349203154  sigmas =  [[0.01121452 0.01598124]
 [0.11672212 0.09318517]
 [0.00363821 0.00421446]]
pars =  [7.94547123e+00 1.74355321e+00 8.31706405e-01 1.83571466e-01
 2.38955254e+02 3.02214586e-01 2.76155581e-02 2.53919396e-01]
std.dev of utility differences - annuities d_value_1     6.795909
d_value_2    14.600380
d_value_3     7.284706
d_value_4    15.931655
dtype: float64
std.dev of utility differences - ltc d_value_5    1.560385
d_value_6    2.949623
d_value_7    1.589727
d_value_8    2.873042
dtype: float64
std.dev of utility differences - rmr d_value_9     17.505453
d_value_10    18.976345
d_value_11    17.198583
d_value_12    18.834476
dtype: float64
- function call summary
ssd =  30003.92228984583  sigmas =  [[0.01018978 0.01673238]
 [0.11563115 0.08865789]
 [0.00326024 0.00387   ]]
pars =  [6.91450123e+00 2.00352150e+00 8.31706405e-01 1.83571466e-01
 2.38955254e+02 3.02214586e-01 2.76155581e-02 2.53919396e-01]
std.dev of utility differences - annuities d_value_1     6.366753
d_value_2    13.776162
d_value_3     6.856098
d_value_4    15.058028
dtype: float64
std.dev of utility differences - ltc d_value_5    1.592459
d_value_6    2.962921
d_value_7    1.612730
d_value_8    2.881374
dtype: float64
std.dev of utility differences - rmr d_value_9     17.035704
d_value_10    18.540953
d_value_11    16.617881
d_value_12    18.397549
dtype: float64
- function call summary
ssd =  29953.82487403081  sigmas =  [[0.01152938 0.01623062]
 [0.11007608 0.08216113]
 [0.00312123 0.00348941]]
pars =  [6.91450123e+00 1.74355321e+00 8.50273877e-01 1.83571466e-01
 2.38955254e+02 3.02214586e-01 2.76155581e-02 2.53919396e-01]
std.dev of utility differences - annuities d_value_1     6.771262
d_value_2    14.854737
d_value_3     7.250911
d_value_4    16.161733
dtype: float64
std.dev of utility differences - ltc d_value_5    1.663571
d_value_6    3.133500
d_value_7    1.693578
d_value_8    3.044209
dtype: float64
std.dev of utility differences - rmr d_value_9     18.931808
d_value_10    20.605085
d_value_11    18.584724
d_value_12    20.392316
dtype: float64
- function call summary
ssd =  29951.371924959833  sigmas =  [[0.01152003 0.01625213]
 [0.11009476 0.08303988]
 [0.00317771 0.00368296]]
pars =  [6.91450123e+00 1.74355321e+00 8.31706405e-01 2.10942446e-01
 2.38955254e+02 3.02214586e-01 2.76155581e-02 2.53919396e-01]
std.dev of utility differences - annuities d_value_1     6.767320
d_value_2    14.779823
d_value_3     7.231954
d_value_4    16.038174
dtype: float64
std.dev of utility differences - ltc d_value_5    1.665897
d_value_6    3.140109
d_value_7    1.696306
d_value_8    3.052070
dtype: float64
std.dev of utility differences - rmr d_value_9     18.668370
d_value_10    20.308988
d_value_11    18.343364
d_value_12    20.089004
dtype: float64
- function call summary
ssd =  29954.480865774134  sigmas =  [[0.01144548 0.01621613]
 [0.11028545 0.08249956]
 [0.00309341 0.00349959]]
pars =  [6.91450123e+00 1.74355321e+00 8.31706405e-01 1.83571466e-01
 2.74584100e+02 3.02214586e-01 2.76155581e-02 2.53919396e-01]
std.dev of utility differences - annuities d_value_1     6.785208
d_value_2    14.885721
d_value_3     7.250636
d_value_4    16.136990
dtype: float64
std.dev of utility differences - ltc d_value_5    1.655064
d_value_6    3.122621
d_value_7    1.682421
d_value_8    3.037146
dtype: float64
std.dev of utility differences - rmr d_value_9     18.649606
d_value_10    20.295277
d_value_11    18.304078
d_value_12    20.044177
dtype: float64
- function call summary
ssd =  29950.251019471256  sigmas =  [[0.01154731 0.01630621]
 [0.11061465 0.08445432]
 [0.00319479 0.00368155]]
pars =  [6.91450123e+00 1.74355321e+00 8.31706405e-01 1.83571466e-01
 2.38955254e+02 3.47275562e-01 2.76155581e-02 2.53919396e-01]
std.dev of utility differences - annuities d_value_1     6.755796
d_value_2    14.753147
d_value_3     7.221269
d_value_4    16.014903
dtype: float64
std.dev of utility differences - ltc d_value_5    1.654776
d_value_6    3.123896
d_value_7    1.685225
d_value_8    3.033733
dtype: float64
std.dev of utility differences - rmr d_value_9     18.628236
d_value_10    20.261430
d_value_11    18.290586
d_value_12    20.052366
dtype: float64
- function call summary
ssd =  29953.00752574271  sigmas =  [[0.01149201 0.01622082]
 [0.10970225 0.08221706]
 [0.00316821 0.00366447]]
pars =  [6.91450123e+00 1.74355321e+00 8.31706405e-01 1.83571466e-01
 2.38955254e+02 3.02214586e-01 3.17331091e-02 2.53919396e-01]
std.dev of utility differences - annuities d_value_1     6.778948
d_value_2    14.808928
d_value_3     7.246616
d_value_4    16.074098
dtype: float64
std.dev of utility differences - ltc d_value_5    1.671200
d_value_6    3.150830
d_value_7    1.702125
d_value_8    3.061772
dtype: float64
std.dev of utility differences - rmr d_value_9     18.676818
d_value_10    20.317718
d_value_11    18.347593
d_value_12    20.096726
dtype: float64
- function call summary
ssd =  29950.89952630266  sigmas =  [[0.01113204 0.01578666]
 [0.10768351 0.08130075]
 [0.00316397 0.00370166]]
pars =  [6.91450123e+00 1.74355321e+00 8.31706405e-01 1.83571466e-01
 2.38955254e+02 3.02214586e-01 2.76155581e-02 2.91779434e-01]
std.dev of utility differences - annuities d_value_1     6.946427
d_value_2    15.124640
d_value_3     7.417396
d_value_4    16.419062
dtype: float64
std.dev of utility differences - ltc d_value_5    1.706639
d_value_6    3.217463
d_value_7    1.736916
d_value_8    3.127721
dtype: float64
std.dev of utility differences - rmr d_value_9     18.910560
d_value_10    20.576850
d_value_11    18.582713
d_value_12    20.354503
dtype: float64
- function call summary
ssd =  29970.467208099682  sigmas =  [[0.01148292 0.01594281]
 [0.10256492 0.07348508]
 [0.00277764 0.00321821]]
pars =  [6.01730544e+00 1.74355321e+00 8.31706405e-01 1.83571466e-01
 2.38955254e+02 3.02214586e-01 2.76155581e-02 2.53919396e-01]
std.dev of utility differences - annuities d_value_1     6.798675
d_value_2    15.282687
d_value_3     7.243989
d_value_4    16.418966
dtype: float64
std.dev of utility differences - ltc d_value_5    1.788082
d_value_6    3.364110
d_value_7    1.816388
d_value_8    3.263321
dtype: float64
std.dev of utility differences - rmr d_value_9     19.915014
d_value_10    21.776481
d_value_11    19.569010
d_value_12    21.478942
dtype: float64
- function call summary
ssd =  29900.277580929287  sigmas =  [[0.01222252 0.01500089]
 [0.10030374 0.07607951]
 [0.00313159 0.00340819]]
pars =  [6.91450123e+00 1.51731728e+00 8.31706405e-01 1.83571466e-01
 2.38955254e+02 3.02214586e-01 2.76155581e-02 2.53919396e-01]
std.dev of utility differences - annuities d_value_1     7.244529
d_value_2    16.613102
d_value_3     7.712088
d_value_4    17.646161
dtype: float64
std.dev of utility differences - ltc d_value_5    1.796468
d_value_6    3.449801
d_value_7    1.828860
d_value_8    3.365802
dtype: float64
std.dev of utility differences - rmr d_value_9     20.859859
d_value_10    22.904420
d_value_11    20.739159
d_value_12    22.512860
dtype: float64
- function call summary
ssd =  29951.153847975256  sigmas =  [[0.01143534 0.01619295]
 [0.10961614 0.08312772]
 [0.00322284 0.00386883]]
pars =  [6.91450123e+00 1.74355321e+00 8.11347260e-01 1.83571466e-01
 2.38955254e+02 3.02214586e-01 2.76155581e-02 2.53919396e-01]
std.dev of utility differences - annuities d_value_1     6.796633
d_value_2    14.790818
d_value_3     7.251094
d_value_4    15.999033
dtype: float64
std.dev of utility differences - ltc d_value_5    1.671983
d_value_6    3.152839
d_value_7    1.701558
d_value_8    3.067123
dtype: float64
std.dev of utility differences - rmr d_value_9     18.415200
d_value_10    20.033802
d_value_11    18.108720
d_value_12    19.794985
dtype: float64
- function call summary
ssd =  29952.17192532181  sigmas =  [[0.01145773 0.0161954 ]
 [0.10986857 0.08260576]
 [0.00315326 0.00362907]]
pars =  [6.91450123e+00 1.74355321e+00 8.31706405e-01 1.59752026e-01
 2.38955254e+02 3.02214586e-01 2.76155581e-02 2.53919396e-01]
std.dev of utility differences - annuities d_value_1     6.794918
d_value_2    14.854764
d_value_3     7.265165
d_value_4    16.123363
dtype: float64
std.dev of utility differences - ltc d_value_5    1.666556
d_value_6    3.142797
d_value_7    1.695797
d_value_8    3.054789
dtype: float64
std.dev of utility differences - rmr d_value_9     18.698547
d_value_10    20.341935
d_value_11    18.369956
d_value_12    20.110923
dtype: float64
- function call summary
ssd =  29948.129335347694  sigmas =  [[0.0115372  0.01620368]
 [0.1093896  0.08314671]
 [0.00324305 0.00383478]]
pars =  [6.91450123e+00 1.74355321e+00 8.31706405e-01 1.83571466e-01
 2.07949453e+02 3.02214586e-01 2.76155581e-02 2.53919396e-01]
std.dev of utility differences - annuities d_value_1     6.787658
d_value_2    14.759142
d_value_3     7.253808
d_value_4    16.030145
dtype: float64
std.dev of utility differences - ltc d_value_5    1.685010
d_value_6    3.171554
d_value_7    1.714200
d_value_8    3.080562
dtype: float64
std.dev of utility differences - rmr d_value_9     18.719512
d_value_10    20.366515
d_value_11    18.410094
d_value_12    20.164303
dtype: float64
- function call summary
ssd =  29954.303309937928  sigmas =  [[0.01143202 0.01613414]
 [0.10940535 0.08090412]
 [0.00313592 0.00363776]]
pars =  [6.91450123e+00 1.74355321e+00 8.31706405e-01 1.83571466e-01
 2.38955254e+02 2.63000528e-01 2.76155581e-02 2.53919396e-01]
std.dev of utility differences - annuities d_value_1     6.802246
d_value_2    14.872402
d_value_3     7.272180
d_value_4    16.136830
dtype: float64
std.dev of utility differences - ltc d_value_5    1.675800
d_value_6    3.158390
d_value_7    1.706386
d_value_8    3.071509
dtype: float64
std.dev of utility differences - rmr d_value_9     18.731485
d_value_10    20.380369
d_value_11    18.413927
d_value_12    20.142377
dtype: float64
- function call summary
ssd =  29951.415807101108  sigmas =  [[0.01147881 0.01620564]
 [0.11025549 0.08289779]
 [0.00315814 0.00365101]]
pars =  [6.91450123e+00 1.74355321e+00 8.31706405e-01 1.83571466e-01
 2.38955254e+02 3.02214586e-01 2.40322826e-02 2.53919396e-01]
std.dev of utility differences - annuities d_value_1     6.782495
d_value_2    14.823682
d_value_3     7.250934
d_value_4    16.085543
dtype: float64
std.dev of utility differences - ltc d_value_5    1.660430
d_value_6    3.133590
d_value_7    1.690924
d_value_8    3.046213
dtype: float64
std.dev of utility differences - rmr d_value_9     18.690171
d_value_10    20.331697
d_value_11    18.365823
d_value_12    20.104570
dtype: float64
- function call summary
ssd =  29952.10927514938  sigmas =  [[0.01184984 0.01665031]
 [0.11237587 0.08412467]
 [0.00316841 0.00361389]]
pars =  [6.91450123e+00 1.74355321e+00 8.31706405e-01 1.83571466e-01
 2.38955254e+02 3.02214586e-01 2.76155581e-02 2.20971913e-01]
std.dev of utility differences - annuities d_value_1     6.623685
d_value_2    14.524836
d_value_3     7.086472
d_value_4    15.758290
dtype: float64
std.dev of utility differences - ltc d_value_5    1.627385
d_value_6    3.068668
d_value_7    1.656450
d_value_8    2.982869
dtype: float64
std.dev of utility differences - rmr d_value_9     18.467543
d_value_10    20.088592
d_value_11    18.140925
d_value_12    19.860141
dtype: float64
- function call summary
ssd =  29892.683746563696  sigmas =  [[0.01160962 0.013277  ]
 [0.08771485 0.07207106]
 [0.00334896 0.00328168]]
pars =  [7.18476068e+00 1.32812758e+00 8.31231152e-01 1.83758034e-01
 2.37035855e+02 3.03773615e-01 2.75598008e-02 2.54309738e-01]
std.dev of utility differences - annuities d_value_1     7.500637
d_value_2    19.022370
d_value_3     7.893421
d_value_4    19.472752
dtype: float64
std.dev of utility differences - ltc d_value_5    1.946680
d_value_6    3.830681
d_value_7    1.953764
d_value_8    3.771857
dtype: float64
std.dev of utility differences - rmr d_value_9     22.601280
d_value_10    25.281232
d_value_11    22.752635
d_value_12    24.634112
dtype: float64
- function call summary
ssd =  29953.830895136107  sigmas =  [[0.00981003 0.01213931]
 [0.07447499 0.05424187]
 [0.00290727 0.00270963]]
pars =  [6.37975556e+00 1.24597286e+00 8.32719272e-01 1.83166592e-01
 2.43234248e+02 2.98888995e-01 2.77359374e-02 2.53067901e-01]
std.dev of utility differences - annuities d_value_1     7.839110
d_value_2    20.728085
d_value_3     8.161670
d_value_4    21.190311
dtype: float64
std.dev of utility differences - ltc d_value_5    2.226314
d_value_6    4.426128
d_value_7    2.232419
d_value_8    4.380506
dtype: float64
std.dev of utility differences - rmr d_value_9     25.538064
d_value_10    29.403458
d_value_11    26.140655
d_value_12    28.297364
dtype: float64
- function call summary
ssd =  29907.656902364375  sigmas =  [[0.01181876 0.01373261]
 [0.08618078 0.06509243]
 [0.00405586 0.00379029]]
pars =  [8.20618607e+00 1.27841342e+00 8.30612514e-01 1.84002583e-01
 2.34519781e+02 3.05817599e-01 2.74873571e-02 2.54823449e-01]
std.dev of utility differences - annuities d_value_1     7.195000
d_value_2    18.709600
d_value_3     7.557055
d_value_4    19.079468
dtype: float64
std.dev of utility differences - ltc d_value_5    1.930666
d_value_6    3.806888
d_value_7    1.927049
d_value_8    3.767855
dtype: float64
std.dev of utility differences - rmr d_value_9     21.024170
d_value_10    23.388672
d_value_11    21.119070
d_value_12    22.888330
dtype: float64
- function call summary
ssd =  29866.401218851144  sigmas =  [[0.01229894 0.01431792]
 [0.09463843 0.07923437]
 [0.00349159 0.00359496]]
pars =  [7.39901405e+00 1.38887119e+00 8.27256796e-01 1.85437472e-01
 2.18958975e+02 3.17465116e-01 2.70894149e-02 2.57948373e-01]
std.dev of utility differences - annuities d_value_1     7.407685
d_value_2    17.782679
d_value_3     7.846586
d_value_4    18.544515
dtype: float64
std.dev of utility differences - ltc d_value_5    1.845742
d_value_6    3.615228
d_value_7    1.862030
d_value_8    3.546746
dtype: float64
std.dev of utility differences - rmr d_value_9     21.491702
d_value_10    23.797421
d_value_11    21.496578
d_value_12    23.305915
dtype: float64
- function call summary
ssd =  29903.115729655412  sigmas =  [[0.0111898  0.01325778]
 [0.08252117 0.06107367]
 [0.00363357 0.0034756 ]]
pars =  [7.31631359e+00 1.26602228e+00 8.17983842e-01 1.89511707e-01
 1.87355774e+02 3.50116100e-01 2.60266714e-02 2.66947504e-01]
std.dev of utility differences - annuities d_value_1     7.456536
d_value_2    19.276597
d_value_3     7.797423
d_value_4    19.592874
dtype: float64
std.dev of utility differences - ltc d_value_5    2.051402
d_value_6    4.058781
d_value_7    2.052985
d_value_8    4.031311
dtype: float64
std.dev of utility differences - rmr d_value_9     22.855455
d_value_10    25.822904
d_value_11    23.031019
d_value_12    25.129456
dtype: float64
- function call summary
ssd =  29875.334637352295  sigmas =  [[0.01216051 0.01394086]
 [0.09280143 0.07812052]
 [0.00344083 0.00343095]]
pars =  [7.40669323e+00 1.37018657e+00 8.46058039e-01 1.85423673e-01
 2.16136629e+02 3.17726807e-01 2.70840572e-02 2.57896906e-01]
std.dev of utility differences - annuities d_value_1     7.442664
d_value_2    18.178573
d_value_3     7.883650
d_value_4    18.914264
dtype: float64
std.dev of utility differences - ltc d_value_5    1.859570
d_value_6    3.653844
d_value_7    1.878337
d_value_8    3.578277
dtype: float64
std.dev of utility differences - rmr d_value_9     21.880360
d_value_10    24.280034
d_value_11    21.908384
d_value_12    23.772057
dtype: float64
- function call summary
ssd =  29867.06286182181  sigmas =  [[0.01215882 0.01406077]
 [0.09301008 0.07787166]
 [0.00350521 0.00355851]]
pars =  [7.40210532e+00 1.36763321e+00 8.27354473e-01 1.85424567e-01
 2.16700850e+02 3.17256098e-01 3.10896143e-02 2.57903849e-01]
std.dev of utility differences - annuities d_value_1     7.424309
d_value_2    18.098953
d_value_3     7.854438
d_value_4    18.772742
dtype: float64
std.dev of utility differences - ltc d_value_5    1.873122
d_value_6    3.674381
d_value_7    1.884690
d_value_8    3.609040
dtype: float64
std.dev of utility differences - rmr d_value_9     21.718541
d_value_10    24.126449
d_value_11    21.754571
d_value_12    23.598893
dtype: float64
- function call summary
ssd =  29864.603444834356  sigmas =  [[0.01227632 0.01422907]
 [0.09335656 0.07875223]
 [0.00361271 0.00367296]]
pars =  [7.54671684e+00 1.36113608e+00 8.25289565e-01 1.82699587e-01
 2.08751891e+02 3.19690539e-01 2.89473271e-02 2.51430157e-01]
std.dev of utility differences - annuities d_value_1     7.369866
d_value_2    17.969832
d_value_3     7.799983
d_value_4    18.638064
dtype: float64
std.dev of utility differences - ltc d_value_5    1.859841
d_value_6    3.649829
d_value_7    1.869035
d_value_8    3.587936
dtype: float64
std.dev of utility differences - rmr d_value_9     21.469366
d_value_10    23.844305
d_value_11    21.493543
d_value_12    23.325238
dtype: float64
- function call summary
ssd =  29936.855388429714  sigmas =  [[0.01117932 0.01355961]
 [0.07980739 0.05400835]
 [0.00396845 0.00358892]]
pars =  [7.81869865e+00 1.23911586e+00 8.22711310e-01 1.82522805e-01
 1.98220070e+02 3.27672821e-01 3.11998718e-02 2.50298674e-01]
std.dev of utility differences - annuities d_value_1     7.229530
d_value_2    18.962920
d_value_3     7.522646
d_value_4    19.297665
dtype: float64
std.dev of utility differences - ltc d_value_5    2.061623
d_value_6    4.073824
d_value_7    2.057814
d_value_8    4.065333
dtype: float64
std.dev of utility differences - rmr d_value_9     21.937009
d_value_10    24.707475
d_value_11    22.104781
d_value_12    24.109913
dtype: float64
- function call summary
ssd =  29881.0649419305  sigmas =  [[0.01270545 0.01547301]
 [0.10255012 0.08351517]
 [0.0034599  0.00375534]]
pars =  [7.42179209e+00 1.49087399e+00 8.27296662e-01 1.85459008e-01
 2.21419604e+02 3.20996624e-01 3.10119760e-02 2.40183586e-01]
std.dev of utility differences - annuities d_value_1     7.176884
d_value_2    16.286831
d_value_3     7.649522
d_value_4    17.338627
dtype: float64
std.dev of utility differences - ltc d_value_5    1.730600
d_value_6    3.350020
d_value_7    1.763280
d_value_8    3.274746
dtype: float64
std.dev of utility differences - rmr d_value_9     20.184356
d_value_10    22.111669
d_value_11    20.068491
d_value_12    21.764910
dtype: float64
- function call summary
ssd =  29865.9890581865  sigmas =  [[0.01224221 0.01425346]
 [0.09369778 0.07864934]
 [0.00357057 0.00363475]]
pars =  [7.51552316e+00 1.37352680e+00 8.25950129e-01 1.60512743e-01
 2.14726791e+02 3.30691113e-01 2.89699718e-02 2.57066447e-01]
std.dev of utility differences - annuities d_value_1     7.408491
d_value_2    17.930929
d_value_3     7.847784
d_value_4    18.652549
dtype: float64
std.dev of utility differences - ltc d_value_5    1.856466
d_value_6    3.639551
d_value_7    1.866859
d_value_8    3.573645
dtype: float64
std.dev of utility differences - rmr d_value_9     21.460458
d_value_10    23.784070
d_value_11    21.472975
d_value_12    23.291800
dtype: float64
- function call summary
ssd =  29860.370172696857  sigmas =  [[0.01205212 0.01395988]
 [0.09170026 0.07706441]
 [0.00360318 0.0036908 ]]
pars =  [7.54198828e+00 1.35499289e+00 8.24989818e-01 1.80791459e-01
 2.02772704e+02 2.90029442e-01 2.92055928e-02 2.76122549e-01]
std.dev of utility differences - annuities d_value_1     7.492330
d_value_2    18.284103
d_value_3     7.927997
d_value_4    18.952710
dtype: float64
std.dev of utility differences - ltc d_value_5    1.898952
d_value_6    3.732738
d_value_7    1.908341
d_value_8    3.667462
dtype: float64
std.dev of utility differences - rmr d_value_9     21.782708
d_value_10    24.232422
d_value_11    21.826076
d_value_12    23.686659
dtype: float64
- function call summary
ssd =  29942.041658687318  sigmas =  [[0.01085614 0.0132861 ]
 [0.07678036 0.04963557]
 [0.00393332 0.00353771]]
pars =  [7.77769905e+00 1.23121493e+00 8.22514991e-01 1.79958534e-01
 1.90913638e+02 2.72947215e-01 2.98719728e-02 2.85235885e-01]
std.dev of utility differences - annuities d_value_1     7.390550
d_value_2    19.354033
d_value_3     7.674456
d_value_4    19.670976
dtype: float64
std.dev of utility differences - ltc d_value_5    2.135766
d_value_6    4.231514
d_value_7    2.136562
d_value_8    4.234756
dtype: float64
std.dev of utility differences - rmr d_value_9     22.442991
d_value_10    25.336003
d_value_11    22.674951
d_value_12    24.699476
dtype: float64
- function call summary
ssd =  29870.049050274043  sigmas =  [[0.0122684  0.01476573]
 [0.09778739 0.08041886]
 [0.00350092 0.00380878]]
pars =  [7.47404569e+00 1.45852337e+00 8.26459505e-01 1.89655081e-01
 2.14246388e+02 3.01569063e-01 3.05208739e-02 2.96197243e-01]
std.dev of utility differences - annuities d_value_1     7.483443
d_value_2    17.031266
d_value_3     7.953588
d_value_4    18.077174
dtype: float64
std.dev of utility differences - ltc d_value_5    1.813989
d_value_6    3.524368
d_value_7    1.841190
d_value_8    3.455784
dtype: float64
std.dev of utility differences - rmr d_value_9     20.867410
d_value_10    22.935471
d_value_11    20.779867
d_value_12    22.553970
dtype: float64
- function call summary
ssd =  29867.79439369989  sigmas =  [[0.01227474 0.0146636 ]
 [0.09655323 0.07798485]
 [0.00348455 0.00382057]]
pars =  [7.29903819e+00 1.44430867e+00 8.08289573e-01 1.79698501e-01
 2.10697313e+02 2.86564008e-01 2.93390648e-02 2.74293854e-01]
std.dev of utility differences - annuities d_value_1     7.460436
d_value_2    17.180650
d_value_3     7.916236
d_value_4    18.097423
dtype: float64
std.dev of utility differences - ltc d_value_5    1.844370
d_value_6    3.586748
d_value_7    1.867277
d_value_8    3.521336
dtype: float64
std.dev of utility differences - rmr d_value_9     21.037172
d_value_10    23.218380
d_value_11    21.002389
d_value_12    22.771490
dtype: float64
- function call summary
ssd =  29869.392635571596  sigmas =  [[0.01246951 0.01477849]
 [0.09778097 0.08090596]
 [0.00346524 0.00367434]]
pars =  [7.45530456e+00 1.43555148e+00 8.32830821e-01 1.69595198e-01
 2.10695727e+02 2.80848857e-01 2.94519822e-02 2.55332289e-01]
std.dev of utility differences - annuities d_value_1     7.381263
d_value_2    17.142811
d_value_3     7.850302
d_value_4    18.101381
dtype: float64
std.dev of utility differences - ltc d_value_5    1.798084
d_value_6    3.507389
d_value_7    1.826098
d_value_8    3.438311
dtype: float64
std.dev of utility differences - rmr d_value_9     21.013394
d_value_10    23.138278
d_value_11    20.972196
d_value_12    22.717228
dtype: float64
- function call summary
ssd =  29863.720348158662  sigmas =  [[0.0126811  0.01559536]
 [0.10500045 0.09208892]
 [0.00394822 0.00440414]]
pars =  [8.29694655e+00 1.49500211e+00 8.24761088e-01 1.80918455e-01
 2.06344134e+02 2.91624066e-01 2.88285145e-02 2.74415435e-01]
std.dev of utility differences - annuities d_value_1     7.294326
d_value_2    15.990263
d_value_3     7.783202
d_value_4    17.199180
dtype: float64
std.dev of utility differences - ltc d_value_5    1.676002
d_value_6    3.250765
d_value_7    1.702862
d_value_8    3.194027
dtype: float64
std.dev of utility differences - rmr d_value_9     19.196088
d_value_10    20.917089
d_value_11    19.046380
d_value_12    20.673959
dtype: float64
- function call summary
ssd =  29859.568250392516  sigmas =  [[0.01237355 0.01454042]
 [0.09591198 0.08117781]
 [0.00356134 0.0037437 ]]
pars =  [7.53171757e+00 1.40693548e+00 8.30223517e-01 1.80963812e-01
 2.03218934e+02 3.07641060e-01 2.82762571e-02 2.72102423e-01]
std.dev of utility differences - annuities d_value_1     7.450345
d_value_2    17.478079
d_value_3     7.907830
d_value_4    18.377178
dtype: float64
std.dev of utility differences - ltc d_value_5    1.830300
d_value_6    3.583443
d_value_7    1.851606
d_value_8    3.513101
dtype: float64
std.dev of utility differences - rmr d_value_9     21.240004
d_value_10    23.464225
d_value_11    21.212427
d_value_12    23.024570
dtype: float64
- function call summary
ssd =  29894.597257230267  sigmas =  [[0.01097573 0.01264752]
 [0.0836325  0.06521823]
 [0.00314636 0.00310241]]
pars =  [6.77340368e+00 1.30149770e+00 8.31809678e-01 1.80884859e-01
 2.10138402e+02 3.01842224e-01 2.79598155e-02 2.67844845e-01]
std.dev of utility differences - annuities d_value_1     7.702835
d_value_2    19.841955
d_value_3     8.088470
d_value_4    20.213426
dtype: float64
std.dev of utility differences - ltc d_value_5    2.059530
d_value_6    4.078900
d_value_7    2.072285
d_value_8    4.010939
dtype: float64
std.dev of utility differences - rmr d_value_9     23.979609
d_value_10    27.142959
d_value_11    24.257535
d_value_12    26.321172
dtype: float64
- function call summary
ssd =  29868.37005606974  sigmas =  [[0.01269327 0.01539137]
 [0.10178018 0.08529419]
 [0.00360621 0.00392849]]
pars =  [7.69370026e+00 1.47004696e+00 8.29649806e-01 1.99175860e-01
 2.14230779e+02 2.96168623e-01 2.88837448e-02 2.57494085e-01]
std.dev of utility differences - annuities d_value_1     7.275782
d_value_2    16.446327
d_value_3     7.750459
d_value_4    17.525850
dtype: float64
std.dev of utility differences - ltc d_value_5    1.734764
d_value_6    3.366938
d_value_7    1.764749
d_value_8    3.303561
dtype: float64
std.dev of utility differences - rmr d_value_9     20.169427
d_value_10    22.091525
d_value_11    20.062573
d_value_12    21.747027
dtype: float64
- function call summary
ssd =  29861.93705876036  sigmas =  [[0.01253579 0.01496279]
 [0.09826498 0.08362262]
 [0.00364276 0.00388619]]
pars =  [7.72177546e+00 1.43143824e+00 8.28169994e-01 1.74499012e-01
 2.12149140e+02 3.11652854e-01 2.87998406e-02 2.73387802e-01]
std.dev of utility differences - annuities d_value_1     7.396515
d_value_2    17.022065
d_value_3     7.865977
d_value_4    18.014857
dtype: float64
std.dev of utility differences - ltc d_value_5    1.783773
d_value_6    3.478940
d_value_7    1.808816
d_value_8    3.416583
dtype: float64
std.dev of utility differences - rmr d_value_9     20.634695
d_value_10    22.678602
d_value_11    20.557938
d_value_12    22.301681
dtype: float64
- function call summary
ssd =  29863.36745691845  sigmas =  [[0.01238455 0.01467306]
 [0.09692313 0.08156249]
 [0.00352547 0.00374521]]
pars =  [7.46940377e+00 1.42705924e+00 8.30310615e-01 1.80719327e-01
 2.02442895e+02 3.08675697e-01 2.82707832e-02 2.71636726e-01]
std.dev of utility differences - annuities d_value_1     7.438533
d_value_2    17.254776
d_value_3     7.904800
d_value_4    18.209346
dtype: float64
std.dev of utility differences - ltc d_value_5    1.819950
d_value_6    3.549946
d_value_7    1.845295
d_value_8    3.477890
dtype: float64
std.dev of utility differences - rmr d_value_9     21.124984
d_value_10    23.303011
d_value_11    21.076236
d_value_12    22.880546
dtype: float64
- function call summary
ssd =  29852.237749474018  sigmas =  [[0.0124648  0.01464672]
 [0.09627765 0.08193973]
 [0.0036742  0.00384123]]
pars =  [7.71822481e+00 1.39259842e+00 8.28943021e-01 1.81181875e-01
 2.04385077e+02 3.05120979e-01 2.79847597e-02 2.68162743e-01]
std.dev of utility differences - annuities d_value_1     7.410734
d_value_2    17.487475
d_value_3     7.865470
d_value_4    18.349863
dtype: float64
std.dev of utility differences - ltc d_value_5    1.821229
d_value_6    3.567002
d_value_7    1.837246
d_value_8    3.502557
dtype: float64
std.dev of utility differences - rmr d_value_9     21.033314
d_value_10    23.224765
d_value_11    20.997361
d_value_12    22.790050
dtype: float64
- function call summary
ssd =  29850.991155247164  sigmas =  [[0.01262908 0.01490589]
 [0.09702948 0.08378609]
 [0.00380785 0.00397201]]
pars =  [7.92523511e+00 1.38778296e+00 8.27027913e-01 1.78071867e-01
 2.01239225e+02 3.02166985e-01 2.68077703e-02 2.58128803e-01]
std.dev of utility differences - annuities d_value_1     7.335188
d_value_2    17.288143
d_value_3     7.794460
d_value_4    18.156649
dtype: float64
std.dev of utility differences - ltc d_value_5    1.795088
d_value_6    3.519236
d_value_7    1.808535
d_value_8    3.461611
dtype: float64
std.dev of utility differences - rmr d_value_9     20.666027
d_value_10    22.790487
d_value_11    20.619628
d_value_12    22.379945
dtype: float64
- function call summary
ssd =  29849.870226152296  sigmas =  [[0.0125904  0.01482513]
 [0.09644191 0.082695  ]
 [0.00382351 0.00396795]]
pars =  [7.92575741e+00 1.37847607e+00 8.26223891e-01 1.78820004e-01
 1.99901496e+02 3.06034195e-01 2.67953456e-02 2.58393879e-01]
std.dev of utility differences - annuities d_value_1     7.334178
d_value_2    17.407170
d_value_3     7.789110
d_value_4    18.237570
dtype: float64
std.dev of utility differences - ltc d_value_5    1.805869
d_value_6    3.544608
d_value_7    1.817390
d_value_8    3.486867
dtype: float64
std.dev of utility differences - rmr d_value_9     20.747833
d_value_10    22.911225
d_value_11    20.711104
d_value_12    22.485451
dtype: float64
- function call summary
ssd =  29849.931285961684  sigmas =  [[0.01255142 0.01474693]
 [0.09564438 0.08175776]
 [0.00386635 0.00397726]]
pars =  [7.96684040e+00 1.36755886e+00 8.25337079e-01 1.83200477e-01
 2.00737630e+02 3.10938151e-01 2.67202669e-02 2.62215670e-01]
std.dev of utility differences - annuities d_value_1     7.331952
d_value_2    17.536488
d_value_3     7.777540
d_value_4    18.324673
dtype: float64
std.dev of utility differences - ltc d_value_5    1.817476
d_value_6    3.570301
d_value_7    1.826033
d_value_8    3.512079
dtype: float64
std.dev of utility differences - rmr d_value_9     20.790070
d_value_10    22.982340
d_value_11    20.756548
d_value_12    22.546497
dtype: float64
- function call summary
ssd =  29850.82881130834  sigmas =  [[0.012541   0.014721  ]
 [0.09545791 0.08168201]
 [0.00384878 0.00395948]]
pars =  [7.94298757e+00 1.36774234e+00 8.25808855e-01 1.78616196e-01
 1.98817850e+02 3.03602627e-01 2.67700782e-02 2.59652811e-01]
std.dev of utility differences - annuities d_value_1     7.337681
d_value_2    17.556821
d_value_3     7.784352
d_value_4    18.342891
dtype: float64
std.dev of utility differences - ltc d_value_5    1.820297
d_value_6    3.575017
d_value_7    1.831180
d_value_8    3.516026
dtype: float64
std.dev of utility differences - rmr d_value_9     20.836717
d_value_10    23.039539
d_value_11    20.808975
d_value_12    22.598852
dtype: float64
- function call summary
ssd =  29852.29470071978  sigmas =  [[0.01257809 0.01477518]
 [0.09605786 0.08204459]
 [0.00382061 0.00395103]]
pars =  [7.91194705e+00 1.37478752e+00 8.26096574e-01 1.78784237e-01
 2.00556591e+02 3.08685155e-01 2.70047658e-02 2.56839452e-01]
std.dev of utility differences - annuities d_value_1     7.328050
d_value_2    17.461328
d_value_3     7.780940
d_value_4    18.270020
dtype: float64
std.dev of utility differences - ltc d_value_5    1.809571
d_value_6    3.552440
d_value_7    1.820792
d_value_8    3.494558
dtype: float64
std.dev of utility differences - rmr d_value_9     20.788277
d_value_10    22.969930
d_value_11    20.757292
d_value_12    22.536262
dtype: float64
- function call summary
ssd =  29851.148218778635  sigmas =  [[0.01258719 0.01481259]
 [0.09646325 0.08262242]
 [0.00380153 0.00396182]]
pars =  [7.88420091e+00 1.38209401e+00 8.24509553e-01 1.78946140e-01
 2.00393634e+02 3.05056563e-01 2.68116095e-02 2.58443337e-01]
std.dev of utility differences - annuities d_value_1     7.341477
d_value_2    17.387220
d_value_3     7.793415
d_value_4    18.218042
dtype: float64
std.dev of utility differences - ltc d_value_5    1.805216
d_value_6    3.543308
d_value_7    1.819853
d_value_8    3.487479
dtype: float64
std.dev of utility differences - rmr d_value_9     20.767378
d_value_10    22.933100
d_value_11    20.728517
d_value_12    22.503910
dtype: float64
- function call summary
ssd =  29850.562875043586  sigmas =  [[0.01258301 0.01481526]
 [0.0965265  0.08271338]
 [0.00380972 0.00396044]]
pars =  [7.90659726e+00 1.38169796e+00 8.26710925e-01 1.78101372e-01
 1.99064926e+02 3.07540223e-01 2.65800599e-02 2.60177893e-01]
std.dev of utility differences - annuities d_value_1     7.346832
d_value_2    17.390623
d_value_3     7.801254
d_value_4    18.233317
dtype: float64
std.dev of utility differences - ltc d_value_5    1.804338
d_value_6    3.540952
d_value_7    1.817821
d_value_8    3.485225
dtype: float64
std.dev of utility differences - rmr d_value_9     20.767915
d_value_10    22.929576
d_value_11    20.724964
d_value_12    22.505710
dtype: float64
- function call summary
ssd =  29851.924963835103  sigmas =  [[0.01256742 0.01477476]
 [0.09578105 0.08180278]
 [0.00385423 0.00396886]]
pars =  [7.96803986e+00 1.36929242e+00 8.26101037e-01 1.78606875e-01
 2.01964445e+02 3.06002612e-01 2.67130751e-02 2.57936698e-01]
std.dev of utility differences - annuities d_value_1     7.323481
d_value_2    17.508068
d_value_3     7.767981
d_value_4    18.300957
dtype: float64
std.dev of utility differences - ltc d_value_5    1.812363
d_value_6    3.558945
d_value_7    1.821563
d_value_8    3.500096
dtype: float64
std.dev of utility differences - rmr d_value_9     20.758025
d_value_10    22.933634
d_value_11    20.728286
d_value_12    22.500340
dtype: float64
- function call summary
ssd =  29850.298393986333  sigmas =  [[0.01263689 0.01490342]
 [0.09690114 0.08335662]
 [0.00383408 0.00398985]]
pars =  [7.94930480e+00 1.38279678e+00 8.26527856e-01 1.80429766e-01
 1.98618878e+02 3.05358282e-01 2.66485171e-02 2.57455166e-01]
std.dev of utility differences - annuities d_value_1     7.327494
d_value_2    17.309496
d_value_3     7.782461
d_value_4    18.161758
dtype: float64
std.dev of utility differences - ltc d_value_5    1.794222
d_value_6    3.524764
d_value_7    1.808433
d_value_8    3.468578
dtype: float64
std.dev of utility differences - rmr d_value_9     20.665985
d_value_10    22.805941
d_value_11    20.619278
d_value_12    22.390238
dtype: float64
- function call summary
ssd =  29850.99679883274  sigmas =  [[0.01257926 0.01478485]
 [0.09635798 0.08246898]
 [0.00380809 0.00394147]]
pars =  [7.91430956e+00 1.37778141e+00 8.28023937e-01 1.79127213e-01
 2.00742127e+02 3.07069636e-01 2.68011128e-02 2.58246062e-01]
std.dev of utility differences - annuities d_value_1     7.336482
d_value_2    17.437057
d_value_3     7.791018
d_value_4    18.265093
dtype: float64
std.dev of utility differences - ltc d_value_5    1.805501
d_value_6    3.545348
d_value_7    1.818730
d_value_8    3.488886
dtype: float64
std.dev of utility differences - rmr d_value_9     20.784111
d_value_10    22.951944
d_value_11    20.747669
d_value_12    22.525274
dtype: float64
- function call summary
ssd =  29848.700404822943  sigmas =  [[0.01267711 0.01499951]
 [0.09738863 0.08386665]
 [0.00386253 0.00403518]]
pars =  [8.00298853e+00 1.38670830e+00 8.26049247e-01 1.78598163e-01
 1.99281035e+02 3.06357954e-01 2.69188864e-02 2.59782114e-01]
std.dev of utility differences - annuities d_value_1     7.326979
d_value_2    17.225404
d_value_3     7.782779
d_value_4    18.101404
dtype: float64
std.dev of utility differences - ltc d_value_5    1.787394
d_value_6    3.507392
d_value_7    1.800457
d_value_8    3.451516
dtype: float64
std.dev of utility differences - rmr d_value_9     20.557569
d_value_10    22.661089
d_value_11    20.499057
d_value_12    22.261221
dtype: float64
- function call summary
ssd =  29847.889204792235  sigmas =  [[0.01270721 0.01507082]
 [0.09779895 0.08469717]
 [0.00387444 0.00406139]]
pars =  [8.01899375e+00 1.39257759e+00 8.25997939e-01 1.77388666e-01
 1.97562733e+02 3.05388838e-01 2.70883756e-02 2.59983053e-01]
std.dev of utility differences - annuities d_value_1     7.327918
d_value_2    17.132843
d_value_3     7.788909
d_value_4    18.036063
dtype: float64
std.dev of utility differences - ltc d_value_5    1.782519
d_value_6    3.492860
d_value_7    1.797561
d_value_8    3.437980
dtype: float64
std.dev of utility differences - rmr d_value_9     20.482499
d_value_10    22.565486
d_value_11    20.417199
d_value_12    22.176123
dtype: float64
- function call summary
ssd =  29849.3017617322  sigmas =  [[0.01272119 0.01511649]
 [0.09797241 0.08520247]
 [0.00387817 0.00407841]]
pars =  [8.03159145e+00 1.39649715e+00 8.26135064e-01 1.75665988e-01
 1.96384830e+02 3.04086990e-01 2.72375738e-02 2.59574901e-01]
std.dev of utility differences - annuities d_value_1     7.327807
d_value_2    17.071010
d_value_3     7.790613
d_value_4    17.992702
dtype: float64
std.dev of utility differences - ltc d_value_5    1.776504
d_value_6    3.482971
d_value_7    1.791286
d_value_8    3.426995
dtype: float64
std.dev of utility differences - rmr d_value_9     20.430458
d_value_10    22.499060
d_value_11    20.361413
d_value_12    22.117361
dtype: float64
- function call summary
ssd =  29845.182256613218  sigmas =  [[0.0127431  0.01517206]
 [0.09881909 0.08597205]
 [0.0038688  0.00409571]]
pars =  [8.04612779e+00 1.40229436e+00 8.25874922e-01 1.77870126e-01
 1.98673435e+02 3.03619469e-01 2.72539172e-02 2.61233043e-01]
std.dev of utility differences - annuities d_value_1     7.328767
d_value_2    16.995161
d_value_3     7.792841
d_value_4    17.936954
dtype: float64
std.dev of utility differences - ltc d_value_5    1.769639
d_value_6    3.468751
d_value_7    1.785078
d_value_8    3.410278
dtype: float64
std.dev of utility differences - rmr d_value_9     20.351493
d_value_10    22.395542
d_value_11    20.276984
d_value_12    22.021680
dtype: float64
- function call summary
ssd =  29847.291859083387  sigmas =  [[0.01276273 0.0152257 ]
 [0.0993657  0.08608016]
 [0.00386935 0.00412502]]
pars =  [8.05697861e+00 1.41121411e+00 8.25665515e-01 1.79000897e-01
 1.97753365e+02 3.03484741e-01 2.74296378e-02 2.63007176e-01]
std.dev of utility differences - annuities d_value_1     7.332359
d_value_2    16.878185
d_value_3     7.800853
d_value_4    17.853782
dtype: float64
std.dev of utility differences - ltc d_value_5    1.761550
d_value_6    3.447248
d_value_7    1.779681
d_value_8    3.388042
dtype: float64
std.dev of utility differences - rmr d_value_9     20.261510
d_value_10    22.279034
d_value_11    20.178710
d_value_12    21.915680
dtype: float64
- function call summary
ssd =  29849.461806595198  sigmas =  [[0.01274211 0.01517128]
 [0.09875256 0.08594965]
 [0.00385184 0.00408748]]
pars =  [8.02846430e+00 1.40735566e+00 8.25735637e-01 1.76856475e-01
 2.00000901e+02 3.05819109e-01 2.73772175e-02 2.62540269e-01]
std.dev of utility differences - annuities d_value_1     7.333358
d_value_2    16.955425
d_value_3     7.798994
d_value_4    17.912506
dtype: float64
std.dev of utility differences - ltc d_value_5    1.767601
d_value_6    3.459020
d_value_7    1.784834
d_value_8    3.402157
dtype: float64
std.dev of utility differences - rmr d_value_9     20.333204
d_value_10    22.364707
d_value_11    20.254729
d_value_12    21.992506
dtype: float64
- function call summary
ssd =  29845.353049910467  sigmas =  [[0.01281363 0.01528324]
 [0.09939897 0.08633365]
 [0.00391315 0.0041521 ]]
pars =  [8.12589593e+00 1.40611948e+00 8.25404464e-01 1.77352406e-01
 1.98791183e+02 3.01251335e-01 2.72869246e-02 2.60587947e-01]
std.dev of utility differences - annuities d_value_1     7.314318
d_value_2    16.879001
d_value_3     7.780786
d_value_4    17.842249
dtype: float64
std.dev of utility differences - ltc d_value_5    1.757434
d_value_6    3.442470
d_value_7    1.774737
d_value_8    3.385106
dtype: float64
std.dev of utility differences - rmr d_value_9     20.188291
d_value_10    22.190512
d_value_11    20.105800
d_value_12    21.830454
dtype: float64
- function call summary
ssd =  29847.629890345495  sigmas =  [[0.01268549 0.01504969]
 [0.09793036 0.08508136]
 [0.00384239 0.00403718]]
pars =  [7.98337604e+00 1.39743007e+00 8.26625841e-01 1.78542524e-01
 1.99663519e+02 3.03200318e-01 2.74057117e-02 2.62424734e-01]
std.dev of utility differences - annuities d_value_1     7.342222
d_value_2    17.126368
d_value_3     7.804413
d_value_4    18.044108
dtype: float64
std.dev of utility differences - ltc d_value_5    1.784062
d_value_6    3.493571
d_value_7    1.799224
d_value_8    3.434817
dtype: float64
std.dev of utility differences - rmr d_value_9     20.509323
d_value_10    22.588468
d_value_11    20.445102
d_value_12    22.199547
dtype: float64
- function call summary
ssd =  29851.00320741405  sigmas =  [[0.01275552 0.01521784]
 [0.09946604 0.08599169]
 [0.0038417  0.00410017]]
pars =  [8.01824584e+00 1.41677206e+00 8.26360607e-01 1.77298687e-01
 1.97640733e+02 3.02082038e-01 2.72283128e-02 2.61253271e-01]
std.dev of utility differences - annuities d_value_1     7.331254
d_value_2    16.834938
d_value_3     7.801363
d_value_4    17.823983
dtype: float64
std.dev of utility differences - ltc d_value_5    1.758591
d_value_6    3.439311
d_value_7    1.777678
d_value_8    3.378569
dtype: float64
std.dev of utility differences - rmr d_value_9     20.265411
d_value_10    22.276234
d_value_11    20.183131
d_value_12    21.915441
dtype: float64
- function call summary
ssd =  29846.828880616347  sigmas =  [[0.01271081 0.01510656]
 [0.09805838 0.08516909]
 [0.00388863 0.0040896 ]]
pars =  [8.04047309e+00 1.39558866e+00 8.25205506e-01 1.79013046e-01
 1.97850422e+02 3.05980209e-01 2.72520643e-02 2.62663796e-01]
std.dev of utility differences - annuities d_value_1     7.333715
d_value_2    17.086659
d_value_3     7.793914
d_value_4    18.002869
dtype: float64
std.dev of utility differences - ltc d_value_5    1.779414
d_value_6    3.487045
d_value_7    1.792390
d_value_8    3.431923
dtype: float64
std.dev of utility differences - rmr d_value_9     20.429297
d_value_10    22.497225
d_value_11    20.357305
d_value_12    22.116589
dtype: float64
- function call summary
ssd =  29847.46245814767  sigmas =  [[0.01275292 0.01517508]
 [0.0984467  0.08565166]
 [0.00389033 0.00410673]]
pars =  [8.08151134e+00 1.39771629e+00 8.25795845e-01 1.77986458e-01
 1.98752042e+02 3.02831736e-01 2.75786895e-02 2.60215029e-01]
std.dev of utility differences - annuities d_value_1     7.318313
d_value_2    17.019242
d_value_3     7.781701
d_value_4    17.949995
dtype: float64
std.dev of utility differences - ltc d_value_5    1.769750
d_value_6    3.468825
d_value_7    1.784277
d_value_8    3.413415
dtype: float64
std.dev of utility differences - rmr d_value_9     20.332640
d_value_10    22.376261
d_value_11    20.258903
d_value_12    22.002633
dtype: float64
- function call summary
ssd =  29845.996283347482  sigmas =  [[0.01275419 0.0151898 ]
 [0.09873912 0.08593094]
 [0.00388088 0.00410625]]
pars =  [8.06294803e+00 1.40099200e+00 8.25121911e-01 1.77983984e-01
 1.99118970e+02 3.03448391e-01 2.69354207e-02 2.60168285e-01]
std.dev of utility differences - annuities d_value_1     7.320633
d_value_2    16.989621
d_value_3     7.783303
d_value_4    17.925270
dtype: float64
std.dev of utility differences - ltc d_value_5    1.768526
d_value_6    3.467271
d_value_7    1.783105
d_value_8    3.409418
dtype: float64
std.dev of utility differences - rmr d_value_9     20.324088
d_value_10    22.363242
d_value_11    20.249132
d_value_12    21.989438
dtype: float64
- function call summary
ssd =  29847.122124199577  sigmas =  [[0.01271781 0.01514337]
 [0.0982032  0.0854639 ]
 [0.00388813 0.00410683]]
pars =  [8.07606466e+00 1.39761644e+00 8.25499970e-01 1.77339506e-01
 1.98640669e+02 3.02269795e-01 2.71763677e-02 2.64164100e-01]
std.dev of utility differences - annuities d_value_1     7.336745
d_value_2    17.055396
d_value_3     7.800037
d_value_4    17.986971
dtype: float64
std.dev of utility differences - ltc d_value_5    1.774704
d_value_6    3.479254
d_value_7    1.788773
d_value_8    3.423538
dtype: float64
std.dev of utility differences - rmr d_value_9     20.369878
d_value_10    22.419877
d_value_11    20.296348
d_value_12    22.045548
dtype: float64
- function call summary
ssd =  29845.576057829974  sigmas =  [[0.01274775 0.01515117]
 [0.09868647 0.08597082]
 [0.00387197 0.00407912]]
pars =  [8.02572960e+00 1.40122689e+00 8.26356200e-01 1.79542250e-01
 1.97779761e+02 3.03408607e-01 2.70936053e-02 2.59765310e-01]
std.dev of utility differences - annuities d_value_1     7.325832
d_value_2    17.010120
d_value_3     7.788292
d_value_4    17.947316
dtype: float64
std.dev of utility differences - ltc d_value_5    1.770927
d_value_6    3.472460
d_value_7    1.786312
d_value_8    3.413352
dtype: float64
std.dev of utility differences - rmr d_value_9     20.388547
d_value_10    22.442123
d_value_11    20.317261
d_value_12    22.063408
dtype: float64
- function call summary
ssd =  29845.984037544233  sigmas =  [[0.01276198 0.01520357]
 [0.09887532 0.0860403 ]
 [0.00388335 0.00411317]]
pars =  [8.06907381e+00 1.40249824e+00 8.24972374e-01 1.79798807e-01
 1.99583126e+02 3.02974472e-01 2.72082273e-02 2.60938027e-01]
std.dev of utility differences - annuities d_value_1     7.321116
d_value_2    16.965865
d_value_3     7.783792
d_value_4    17.908242
dtype: float64
std.dev of utility differences - ltc d_value_5    1.766498
d_value_6    3.461449
d_value_7    1.783009
d_value_8    3.404939
dtype: float64
std.dev of utility differences - rmr d_value_9     20.300456
d_value_10    22.333897
d_value_11    20.224384
d_value_12    21.962695
dtype: float64
- function call summary
ssd =  29847.36763848311  sigmas =  [[0.0127051  0.01507902]
 [0.09808866 0.08515923]
 [0.0038426  0.00405349]]
pars =  [7.97125055e+00 1.39947084e+00 8.24503518e-01 1.77806146e-01
 1.98477257e+02 3.02935713e-01 2.72695272e-02 2.60662472e-01]
std.dev of utility differences - annuities d_value_1     7.336269
d_value_2    17.084833
d_value_3     7.798715
d_value_4    18.002655
dtype: float64
std.dev of utility differences - ltc d_value_5    1.782771
d_value_6    3.489334
d_value_7    1.798218
d_value_8    3.432355
dtype: float64
std.dev of utility differences - rmr d_value_9     20.483367
d_value_10    22.562793
d_value_11    20.417951
d_value_12    22.172835
dtype: float64
- function call summary
ssd =  29845.59319025968  sigmas =  [[0.0128232  0.01530317]
 [0.09955748 0.08657134]
 [0.00391688 0.00416859]]
pars =  [8.12907872e+00 1.40903737e+00 8.25067983e-01 1.77521083e-01
 1.97613391e+02 3.03493172e-01 2.72285435e-02 2.61294337e-01]
std.dev of utility differences - annuities d_value_1     7.316172
d_value_2    16.836543
d_value_3     7.783057
d_value_4    17.809600
dtype: float64
std.dev of utility differences - ltc d_value_5    1.756037
d_value_6    3.436961
d_value_7    1.773041
d_value_8    3.379705
dtype: float64
std.dev of utility differences - rmr d_value_9     20.159424
d_value_10    22.156785
d_value_11    20.072565
d_value_12    21.801414
dtype: float64
- function call summary
ssd =  29846.37432039171  sigmas =  [[0.01272923 0.0151344 ]
 [0.09838613 0.08562906]
 [0.00388387 0.00408809]]
pars =  [8.04357278e+00 1.39835544e+00 8.25788342e-01 1.78833267e-01
 1.98562897e+02 3.03393433e-01 2.71685653e-02 2.61290553e-01]
std.dev of utility differences - annuities d_value_1     7.328279
d_value_2    17.047583
d_value_3     7.791922
d_value_4    17.975876
dtype: float64
std.dev of utility differences - ltc d_value_5    1.773462
d_value_6    3.477387
d_value_7    1.788682
d_value_8    3.420997
dtype: float64
std.dev of utility differences - rmr d_value_9     20.392137
d_value_10    22.449051
d_value_11    20.322071
d_value_12    22.069258
dtype: float64
- function call summary
ssd =  29845.37337576156  sigmas =  [[0.01274318 0.01516648]
 [0.09871225 0.08601998]
 [0.00386914 0.00409438]]
pars =  [8.04611132e+00 1.40153164e+00 8.25900446e-01 1.77702913e-01
 1.98438030e+02 3.03449480e-01 2.72616629e-02 2.61212803e-01]
std.dev of utility differences - annuities d_value_1     7.329166
d_value_2    17.003841
d_value_3     7.792245
d_value_4    17.945163
dtype: float64
std.dev of utility differences - ltc d_value_5    1.771014
d_value_6    3.470981
d_value_7    1.785653
d_value_8    3.412650
dtype: float64
std.dev of utility differences - rmr d_value_9     20.361168
d_value_10    22.407507
d_value_11    20.286595
d_value_12    22.031889
dtype: float64
- function call summary
ssd =  29845.281105973343  sigmas =  [[0.0127592  0.01519462]
 [0.09896345 0.08624646]
 [0.00386823 0.00409951]]
pars =  [8.04725009e+00 1.40406072e+00 8.25720903e-01 1.77961641e-01
 1.98831532e+02 3.03797206e-01 2.72620054e-02 2.60495479e-01]
std.dev of utility differences - annuities d_value_1     7.324592
d_value_2    16.965781
d_value_3     7.789585
d_value_4    17.910522
dtype: float64
std.dev of utility differences - ltc d_value_5    1.766805
d_value_6    3.462003
d_value_7    1.785021
d_value_8    3.404682
dtype: float64
std.dev of utility differences - rmr d_value_9     20.323811
d_value_10    22.362204
d_value_11    20.248629
d_value_12    21.989758
dtype: float64
- function call summary
ssd =  29845.912245271702  sigmas =  [[0.0127403  0.01515403]
 [0.09868839 0.08587433]
 [0.00386288 0.00408865]]
pars =  [8.03890599e+00 1.40177115e+00 8.25960477e-01 1.77903649e-01
 1.98768825e+02 3.03522006e-01 2.72678559e-02 2.61223041e-01]
std.dev of utility differences - annuities d_value_1     7.330178
d_value_2    17.009561
d_value_3     7.792524
d_value_4    17.947958
dtype: float64
std.dev of utility differences - ltc d_value_5    1.770606
d_value_6    3.471185
d_value_7    1.786417
d_value_8    3.412971
dtype: float64
std.dev of utility differences - rmr d_value_9     20.368820
d_value_10    22.416308
d_value_11    20.294713
d_value_12    22.040397
dtype: float64
- function call summary
ssd =  29845.247222570793  sigmas =  [[0.01274942 0.0151848 ]
 [0.09888222 0.08608934]
 [0.00387241 0.00410204]]
pars =  [8.05338375e+00 1.40292763e+00 8.25788052e-01 1.77843581e-01
 1.98637093e+02 3.03771447e-01 2.72431963e-02 2.61311203e-01]
std.dev of utility differences - annuities d_value_1     7.327817
d_value_2    16.980919
d_value_3     7.792369
d_value_4    17.925233
dtype: float64
std.dev of utility differences - ltc d_value_5    1.768068
d_value_6    3.465023
d_value_7    1.784252
d_value_8    3.407648
dtype: float64
std.dev of utility differences - rmr d_value_9     20.333925
d_value_10    22.373585
d_value_11    20.258434
d_value_12    22.001066
dtype: float64
- function call summary
ssd =  29845.420100391508  sigmas =  [[0.01274633 0.01517881]
 [0.09882879 0.08600636]
 [0.00387118 0.00409996]]
pars =  [8.05178868e+00 1.40244113e+00 8.25871336e-01 1.77831159e-01
 1.98774478e+02 3.03304255e-01 2.72531447e-02 2.61181407e-01]
std.dev of utility differences - annuities d_value_1     7.327782
d_value_2    16.989066
d_value_3     7.792033
d_value_4    17.931631
dtype: float64
std.dev of utility differences - ltc d_value_5    1.768690
d_value_6    3.467314
d_value_7    1.784349
d_value_8    3.408860
dtype: float64
std.dev of utility differences - rmr d_value_9     20.340784
d_value_10    22.382296
d_value_11    20.266273
d_value_12    22.009039
dtype: float64
- function call summary
ssd =  29845.646972660837  sigmas =  [[0.01274366 0.0151722 ]
 [0.0988017  0.08612328]
 [0.00386427 0.00409568]]
pars =  [8.04113115e+00 1.40302872e+00 8.25811017e-01 1.77912936e-01
 1.98581446e+02 3.03623466e-01 2.72297924e-02 2.61267461e-01]
std.dev of utility differences - annuities d_value_1     7.329474
d_value_2    16.989073
d_value_3     7.793935
d_value_4    17.931740
dtype: float64
std.dev of utility differences - ltc d_value_5    1.769463
d_value_6    3.467612
d_value_7    1.785486
d_value_8    3.409533
dtype: float64
std.dev of utility differences - rmr d_value_9     20.352291
d_value_10    22.396165
d_value_11    20.277374
d_value_12    22.021537
dtype: float64
- function call summary
ssd =  29845.80450853987  sigmas =  [[0.01274304 0.01516551]
 [0.09868912 0.08592838]
 [0.00386817 0.00409255]]
pars =  [8.04540012e+00 1.40153826e+00 8.25949106e-01 1.77784854e-01
 1.98693970e+02 3.03779551e-01 2.72322045e-02 2.61112608e-01]
std.dev of utility differences - annuities d_value_1     7.328654
d_value_2    17.005160
d_value_3     7.791339
d_value_4    17.944922
dtype: float64
std.dev of utility differences - ltc d_value_5    1.770916
d_value_6    3.470650
d_value_7    1.785925
d_value_8    3.412229
dtype: float64
std.dev of utility differences - rmr d_value_9     20.360167
d_value_10    22.406087
d_value_11    20.285355
d_value_12    22.030415
dtype: float64
- function call summary
ssd =  29845.84737561554  sigmas =  [[0.01274629 0.01517293]
 [0.09870472 0.08601247]
 [0.00387173 0.00409755]]
pars =  [8.05031620e+00 1.40179370e+00 8.25837722e-01 1.77993131e-01
 1.98617300e+02 3.03739717e-01 2.72771413e-02 2.61275366e-01]
std.dev of utility differences - annuities d_value_1     7.328280
d_value_2    16.997395
d_value_3     7.791072
d_value_4    17.938742
dtype: float64
std.dev of utility differences - ltc d_value_5    1.770470
d_value_6    3.469425
d_value_7    1.784998
d_value_8    3.411202
dtype: float64
std.dev of utility differences - rmr d_value_9     20.350938
d_value_10    22.394467
d_value_11    20.274973
d_value_12    22.020049
dtype: float64
- function call summary
ssd =  29845.03220262342  sigmas =  [[0.01274915 0.01518497]
 [0.09890386 0.08620851]
 [0.00386801 0.00409859]]
pars =  [8.04856199e+00 1.40347671e+00 8.25987989e-01 1.77947146e-01
 1.98592156e+02 3.03615010e-01 2.72611804e-02 2.61309300e-01]
std.dev of utility differences - annuities d_value_1     7.328553
d_value_2    16.978414
d_value_3     7.793676
d_value_4    17.923999
dtype: float64
std.dev of utility differences - ltc d_value_5    1.768504
d_value_6    3.465472
d_value_7    1.785403
d_value_8    3.407093
dtype: float64
std.dev of utility differences - rmr d_value_9     20.337693
d_value_10    22.377617
d_value_11    20.262250
d_value_12    22.005279
dtype: float64
- function call summary
ssd =  29845.554166986538  sigmas =  [[0.01275184 0.01518648]
 [0.09891529 0.08617907]
 [0.00386734 0.00409705]]
pars =  [8.04748119e+00 1.40427977e+00 8.26005141e-01 1.77772057e-01
 1.98616605e+02 3.03660882e-01 2.72789478e-02 2.61407271e-01]
std.dev of utility differences - annuities d_value_1     7.329092
d_value_2    16.970754
d_value_3     7.795080
d_value_4    17.918572
dtype: float64
std.dev of utility differences - ltc d_value_5    1.767414
d_value_6    3.463042
d_value_7    1.785524
d_value_8    3.405690
dtype: float64
std.dev of utility differences - rmr d_value_9     20.331436
d_value_10    22.370081
d_value_11    20.255774
d_value_12    21.994923
dtype: float64
- function call summary
ssd =  29845.32427135417  sigmas =  [[0.01275332 0.01519379]
 [0.0989312  0.08620951]
 [0.00387221 0.00410291]]
pars =  [8.05639016e+00 1.40371977e+00 8.26119886e-01 1.77956577e-01
 1.98614247e+02 3.03677457e-01 2.72600700e-02 2.61370470e-01]
std.dev of utility differences - annuities d_value_1     7.327547
d_value_2    16.969877
d_value_3     7.793125
d_value_4    17.917947
dtype: float64
std.dev of utility differences - ltc d_value_5    1.767524
d_value_6    3.462512
d_value_7    1.784510
d_value_8    3.405111
dtype: float64
std.dev of utility differences - rmr d_value_9     20.324424
d_value_10    22.360679
d_value_11    20.247850
d_value_12    21.986498
dtype: float64
- function call summary
ssd =  29845.272104680957  sigmas =  [[0.01275273 0.01519035]
 [0.09892799 0.086284  ]
 [0.00386873 0.00409929]]
pars =  [8.04952754e+00 1.40403862e+00 8.26076075e-01 1.78086468e-01
 1.98508747e+02 3.03469980e-01 2.72461895e-02 2.61244558e-01]
std.dev of utility differences - annuities d_value_1     7.328082
d_value_2    16.970249
d_value_3     7.793999
d_value_4    17.918090
dtype: float64
std.dev of utility differences - ltc d_value_5    1.767313
d_value_6    3.463039
d_value_7    1.785060
d_value_8    3.405534
dtype: float64
std.dev of utility differences - rmr d_value_9     20.330009
d_value_10    22.368866
d_value_11    20.254539
d_value_12    21.997124
dtype: float64
- function call summary
ssd =  29845.185721198875  sigmas =  [[0.012745   0.01517771]
 [0.09884679 0.08609826]
 [0.00386898 0.00410011]]
pars =  [8.04918908e+00 1.40290012e+00 8.25972263e-01 1.77925010e-01
 1.98601868e+02 3.03509184e-01 2.72535924e-02 2.61632488e-01]
std.dev of utility differences - annuities d_value_1     7.329955
d_value_2    16.987783
d_value_3     7.794596
d_value_4    17.932203
dtype: float64
std.dev of utility differences - ltc d_value_5    1.768851
d_value_6    3.467095
d_value_7    1.784838
d_value_8    3.408926
dtype: float64
std.dev of utility differences - rmr d_value_9     20.344960
d_value_10    22.386392
d_value_11    20.269519
d_value_12    22.013310
dtype: float64
- function call summary
ssd =  29845.243558225655  sigmas =  [[0.01274927 0.01518398]
 [0.09886876 0.08619199]
 [0.00386986 0.0040993 ]]
pars =  [8.05123004e+00 1.40312742e+00 8.25964369e-01 1.78066755e-01
 1.98744504e+02 3.03785595e-01 2.72450868e-02 2.61353807e-01]
std.dev of utility differences - annuities d_value_1     7.328071
d_value_2    16.981105
d_value_3     7.793040
d_value_4    17.925476
dtype: float64
std.dev of utility differences - ltc d_value_5    1.768479
d_value_6    3.465628
d_value_7    1.785674
d_value_8    3.407331
dtype: float64
std.dev of utility differences - rmr d_value_9     20.336068
d_value_10    22.375940
d_value_11    20.260648
d_value_12    22.003640
dtype: float64
- function call summary
ssd =  29845.4887438321  sigmas =  [[0.01275654 0.01518726]
 [0.09896419 0.08610809]
 [0.00386595 0.00409652]]
pars =  [8.04580276e+00 1.40470012e+00 8.26030461e-01 1.77854782e-01
 1.98492356e+02 3.03437202e-01 2.72529176e-02 2.61282924e-01]
std.dev of utility differences - annuities d_value_1     7.328574
d_value_2    16.965499
d_value_3     7.794425
d_value_4    17.914190
dtype: float64
std.dev of utility differences - ltc d_value_5    1.767076
d_value_6    3.462356
d_value_7    1.785045
d_value_8    3.404692
dtype: float64
std.dev of utility differences - rmr d_value_9     20.330094
d_value_10    22.367854
d_value_11    20.253931
d_value_12    21.992901
dtype: float64
- function call summary
ssd =  29844.89490948878  sigmas =  [[0.01274581 0.01518052]
 [0.0988715  0.08610969]
 [0.00387013 0.00409959]]
pars =  [8.04954079e+00 1.40268629e+00 8.26043653e-01 1.77989530e-01
 1.98362090e+02 3.03558177e-01 2.72580483e-02 2.61301850e-01]
std.dev of utility differences - annuities d_value_1     7.328750
d_value_2    16.987310
d_value_3     7.793222
d_value_4    17.931548
dtype: float64
std.dev of utility differences - ltc d_value_5    1.769079
d_value_6    3.467355
d_value_7    1.784771
d_value_8    3.408663
dtype: float64
std.dev of utility differences - rmr d_value_9     20.345091
d_value_10    22.387493
d_value_11    20.269700
d_value_12    22.014688
dtype: float64
- function call summary
ssd =  29845.27952222598  sigmas =  [[0.01274354 0.0151681 ]
 [0.09873947 0.08607371]
 [0.00387136 0.00409668]]
pars =  [8.05028412e+00 1.40169316e+00 8.26002483e-01 1.78088819e-01
 1.98411335e+02 3.03530800e-01 2.72459198e-02 2.61529822e-01]
std.dev of utility differences - annuities d_value_1     7.329620
d_value_2    16.999685
d_value_3     7.792910
d_value_4    17.943147
dtype: float64
std.dev of utility differences - ltc d_value_5    1.770558
d_value_6    3.470104
d_value_7    1.785166
d_value_8    3.411846
dtype: float64
std.dev of utility differences - rmr d_value_9     20.356003
d_value_10    22.400556
d_value_11    20.280246
d_value_12    22.025927
dtype: float64
- function call summary
ssd =  29844.881333680936  sigmas =  [[0.01274635 0.01517482]
 [0.09882089 0.08609956]
 [0.00387122 0.00409712]]
pars =  [8.05022858e+00 1.40228118e+00 8.26139576e-01 1.77997564e-01
 1.98222234e+02 3.03487019e-01 2.72569484e-02 2.61541297e-01]
std.dev of utility differences - annuities d_value_1     7.330208
d_value_2    16.993692
d_value_3     7.793596
d_value_4    17.937750
dtype: float64
std.dev of utility differences - ltc d_value_5    1.769747
d_value_6    3.468876
d_value_7    1.784810
d_value_8    3.410231
dtype: float64
std.dev of utility differences - rmr d_value_9     20.351906
d_value_10    22.395177
d_value_11    20.276324
d_value_12    22.021958
dtype: float64
- function call summary
ssd =  29844.679891329826  sigmas =  [[0.01274615 0.01517902]
 [0.09888882 0.08616976]
 [0.00386956 0.00409965]]
pars =  [8.04903457e+00 1.40290751e+00 8.26232671e-01 1.77923421e-01
 1.98086624e+02 3.03451349e-01 2.72769157e-02 2.61459472e-01]
std.dev of utility differences - annuities d_value_1     7.329949
d_value_2    16.986288
d_value_3     7.794997
d_value_4    17.932091
dtype: float64
std.dev of utility differences - ltc d_value_5    1.769674
d_value_6    3.467290
d_value_7    1.784751
d_value_8    3.408665
dtype: float64
std.dev of utility differences - rmr d_value_9     20.347384
d_value_10    22.390009
d_value_11    20.271856
d_value_12    22.017579
dtype: float64
- function call summary
ssd =  29844.968090427374  sigmas =  [[0.01274771 0.01517904]
 [0.09884187 0.08624767]
 [0.00386957 0.00409923]]
pars =  [8.04997079e+00 1.40286422e+00 8.26341774e-01 1.77864469e-01
 1.97872327e+02 3.03419779e-01 2.72816107e-02 2.61493997e-01]
std.dev of utility differences - annuities d_value_1     7.330319
d_value_2    16.985477
d_value_3     7.795552
d_value_4    17.932844
dtype: float64
std.dev of utility differences - ltc d_value_5    1.769788
d_value_6    3.467453
d_value_7    1.784851
d_value_8    3.408783
dtype: float64
std.dev of utility differences - rmr d_value_9     20.348591
d_value_10    22.391204
d_value_11    20.272811
d_value_12    22.018933
dtype: float64
- function call summary
ssd =  29845.552407435203  sigmas =  [[0.01274837 0.01518264]
 [0.09880752 0.08610059]
 [0.00387271 0.00410079]]
pars =  [8.05525160e+00 1.40258827e+00 8.26233642e-01 1.78002529e-01
 1.98096600e+02 3.03206641e-01 2.72944882e-02 2.61494439e-01]
std.dev of utility differences - annuities d_value_1     7.329351
d_value_2    16.985523
d_value_3     7.794536
d_value_4    17.931615
dtype: float64
std.dev of utility differences - ltc d_value_5    1.768925
d_value_6    3.466346
d_value_7    1.784224
d_value_8    3.408533
dtype: float64
std.dev of utility differences - rmr d_value_9     20.341280
d_value_10    22.382901
d_value_11    20.265828
d_value_12    22.010768
dtype: float64
- function call summary
ssd =  29845.01963436155  sigmas =  [[0.01274345 0.01517194]
 [0.09885385 0.08612766]
 [0.00386541 0.0040965 ]]
pars =  [8.04320819e+00 1.40313703e+00 8.26298550e-01 1.78056219e-01
 1.98066919e+02 3.03506133e-01 2.72898003e-02 2.61613684e-01]
std.dev of utility differences - annuities d_value_1     7.331276
d_value_2    16.989263
d_value_3     7.796602
d_value_4    17.934740
dtype: float64
std.dev of utility differences - ltc d_value_5    1.770055
d_value_6    3.468202
d_value_7    1.785377
d_value_8    3.409105
dtype: float64
std.dev of utility differences - rmr d_value_9     20.355623
d_value_10    22.399862
d_value_11    20.280331
d_value_12    22.026831
dtype: float64
- function call summary
ssd =  29845.250683218663  sigmas =  [[0.01274695 0.01517631]
 [0.09886235 0.08617916]
 [0.0038663  0.00409668]]
pars =  [8.04605319e+00 1.40328217e+00 8.26353496e-01 1.77856113e-01
 1.98162688e+02 3.03325807e-01 2.72570232e-02 2.61422144e-01]
std.dev of utility differences - annuities d_value_1     7.330439
d_value_2    16.984792
d_value_3     7.795997
d_value_4    17.930922
dtype: float64
std.dev of utility differences - ltc d_value_5    1.769257
d_value_6    3.466745
d_value_7    1.784592
d_value_8    3.407937
dtype: float64
std.dev of utility differences - rmr d_value_9     20.349091
d_value_10    22.391385
d_value_11    20.273727
d_value_12    22.018274
dtype: float64
- function call summary
ssd =  29845.144700975878  sigmas =  [[0.01274372 0.01517488]
 [0.09882571 0.08606709]
 [0.00386932 0.00409829]]
pars =  [8.04884497e+00 1.40267268e+00 8.26171484e-01 1.77794515e-01
 1.98158667e+02 3.03606398e-01 2.72778693e-02 2.61693690e-01]
std.dev of utility differences - annuities d_value_1     7.331001
d_value_2    16.991253
d_value_3     7.795789
d_value_4    17.936427
dtype: float64
std.dev of utility differences - ltc d_value_5    1.769557
d_value_6    3.468357
d_value_7    1.784877
d_value_8    3.409632
dtype: float64
std.dev of utility differences - rmr d_value_9     20.351250
d_value_10    22.394774
d_value_11    20.275726
d_value_12    22.021846
dtype: float64
- function call summary
ssd =  29845.35756315077  sigmas =  [[0.01274084 0.01516066]
 [0.09870776 0.0860573 ]
 [0.00386724 0.00409159]]
pars =  [8.04506740e+00 1.40151501e+00 8.26278123e-01 1.77926673e-01
 1.98219254e+02 3.03501975e-01 2.72854314e-02 2.61415346e-01]
std.dev of utility differences - annuities d_value_1     7.330561
d_value_2    17.006492
d_value_3     7.793971
d_value_4    17.949241
dtype: float64
std.dev of utility differences - ltc d_value_5    1.770912
d_value_6    3.471244
d_value_7    1.786075
d_value_8    3.412838
dtype: float64
std.dev of utility differences - rmr d_value_9     20.367832
d_value_10    22.414566
d_value_11    20.292884
d_value_12    22.039396
dtype: float64
- function call summary
ssd =  29844.734343991884  sigmas =  [[0.01275221 0.01519004]
 [0.0989687  0.08629383]
 [0.00386784 0.00409973]]
pars =  [8.04762009e+00 1.40406351e+00 8.26250843e-01 1.77962692e-01
 1.98053240e+02 3.03388771e-01 2.72847506e-02 2.61197606e-01]
std.dev of utility differences - annuities d_value_1     7.328978
d_value_2    16.971014
d_value_3     7.795001
d_value_4    17.919366
dtype: float64
std.dev of utility differences - ltc d_value_5    1.767910
d_value_6    3.463608
d_value_7    1.785087
d_value_8    3.405711
dtype: float64
std.dev of utility differences - rmr d_value_9     20.335584
d_value_10    22.376252
d_value_11    20.260148
d_value_12    22.004336
dtype: float64
- function call summary
ssd =  29844.92234591367  sigmas =  [[0.01274394 0.01516736]
 [0.09879225 0.08605181]
 [0.00386907 0.00409557]]
pars =  [8.04667984e+00 1.40200451e+00 8.26143226e-01 1.77788974e-01
 1.98073430e+02 3.03255795e-01 2.72771565e-02 2.61399896e-01]
std.dev of utility differences - annuities d_value_1     7.330534
d_value_2    16.998484
d_value_3     7.794134
d_value_4    17.942807
dtype: float64
std.dev of utility differences - ltc d_value_5    1.769841
d_value_6    3.470168
d_value_7    1.785412
d_value_8    3.411532
dtype: float64
std.dev of utility differences - rmr d_value_9     20.360447
d_value_10    22.405284
d_value_11    20.284962
d_value_12    22.031140
dtype: float64
- function call summary
ssd =  29845.23283655735  sigmas =  [[0.01274749 0.01517727]
 [0.09886183 0.0861662 ]
 [0.00386622 0.00409812]]
pars =  [8.04442304e+00 1.40335981e+00 8.26089819e-01 1.77928725e-01
 1.98185174e+02 3.03359666e-01 2.72783819e-02 2.61400372e-01]
std.dev of utility differences - annuities d_value_1     7.330266
d_value_2    16.983541
d_value_3     7.795583
d_value_4    17.929074
dtype: float64
std.dev of utility differences - ltc d_value_5    1.769379
d_value_6    3.467134
d_value_7    1.784579
d_value_8    3.408092
dtype: float64
std.dev of utility differences - rmr d_value_9     20.348349
d_value_10    22.391049
d_value_11    20.273039
d_value_12    22.017760
dtype: float64
- function call summary
ssd =  29845.04186401061  sigmas =  [[0.01274947 0.01517498]
 [0.09881715 0.0860406 ]
 [0.00387049 0.00409688]]
pars =  [8.04976783e+00 1.40237347e+00 8.26287157e-01 1.78071943e-01
 1.97972179e+02 3.03337217e-01 2.72586856e-02 2.61426856e-01]
std.dev of utility differences - annuities d_value_1     7.330279
d_value_2    16.990783
d_value_3     7.793876
d_value_4    17.936870
dtype: float64
std.dev of utility differences - ltc d_value_5    1.769624
d_value_6    3.468648
d_value_7    1.784933
d_value_8    3.410051
dtype: float64
std.dev of utility differences - rmr d_value_9     20.353038
d_value_10    22.396389
d_value_11    20.277314
d_value_12    22.023510
dtype: float64
- function call summary
ssd =  29844.71742315486  sigmas =  [[0.01275301 0.01518658]
 [0.09897029 0.08626129]
 [0.00386936 0.00410079]]
pars =  [8.05157123e+00 1.40373302e+00 8.26351558e-01 1.78032668e-01
 1.98080194e+02 3.03560676e-01 2.72804505e-02 2.61322201e-01]
std.dev of utility differences - annuities d_value_1     7.328712
d_value_2    16.972677
d_value_3     7.794709
d_value_4    17.921347
dtype: float64
std.dev of utility differences - ltc d_value_5    1.768348
d_value_6    3.463460
d_value_7    1.784543
d_value_8    3.405721
dtype: float64
std.dev of utility differences - rmr d_value_9     20.334383
d_value_10    22.374212
d_value_11    20.258717
d_value_12    22.002353
dtype: float64
- function call summary
ssd =  29845.018844660935  sigmas =  [[0.01275059 0.01518442]
 [0.09891518 0.08620062]
 [0.00387077 0.00410185]]
pars =  [8.05386683e+00 1.40327848e+00 8.26229047e-01 1.77905705e-01
 1.98316996e+02 3.03542326e-01 2.72822534e-02 2.61487885e-01]
std.dev of utility differences - annuities d_value_1     7.329035
d_value_2    16.978591
d_value_3     7.794480
d_value_4    17.925391
dtype: float64
std.dev of utility differences - ltc d_value_5    1.768662
d_value_6    3.464511
d_value_7    1.783948
d_value_8    3.406593
dtype: float64
std.dev of utility differences - rmr d_value_9     20.335181
d_value_10    22.374972
d_value_11    20.259770
d_value_12    22.003263
dtype: float64
- function call summary
ssd =  29844.61177731613  sigmas =  [[0.01274892 0.01518408]
 [0.09892075 0.08620794]
 [0.003871   0.0041008 ]]
pars =  [8.05152003e+00 1.40290756e+00 8.26192682e-01 1.77784351e-01
 1.98153554e+02 3.03435406e-01 2.72718044e-02 2.61198761e-01]
std.dev of utility differences - annuities d_value_1     7.328473
d_value_2    16.982721
d_value_3     7.793453
d_value_4    17.928456
dtype: float64
std.dev of utility differences - ltc d_value_5    1.769064
d_value_6    3.465423
d_value_7    1.784325
d_value_8    3.407664
dtype: float64
std.dev of utility differences - rmr d_value_9     20.341350
d_value_10    22.382681
d_value_11    20.265799
d_value_12    22.010571
dtype: float64
- function call summary
ssd =  29844.833731528397  sigmas =  [[0.01274951 0.0151809 ]
 [0.09890538 0.08617202]
 [0.00386974 0.00410009]]
pars =  [8.05053520e+00 1.40304224e+00 8.26165819e-01 1.77845050e-01
 1.98248739e+02 3.03466233e-01 2.72654389e-02 2.61259333e-01]
std.dev of utility differences - annuities d_value_1     7.328585
d_value_2    16.982128
d_value_3     7.793704
d_value_4    17.927832
dtype: float64
std.dev of utility differences - ltc d_value_5    1.768948
d_value_6    3.466311
d_value_7    1.784445
d_value_8    3.407625
dtype: float64
std.dev of utility differences - rmr d_value_9     20.341431
d_value_10    22.382492
d_value_11    20.265983
d_value_12    22.009788
dtype: float64
- function call summary
ssd =  29844.77363762466  sigmas =  [[0.01274937 0.01518349]
 [0.09890668 0.08619061]
 [0.00387067 0.00410055]]
pars =  [8.05156424e+00 1.40287904e+00 8.26226860e-01 1.77731113e-01
 1.98061852e+02 3.03418611e-01 2.72805044e-02 2.61164676e-01]
std.dev of utility differences - annuities d_value_1     7.328491
d_value_2    16.982861
d_value_3     7.793535
d_value_4    17.928647
dtype: float64
std.dev of utility differences - ltc d_value_5    1.768994
d_value_6    3.465484
d_value_7    1.784264
d_value_8    3.407685
dtype: float64
std.dev of utility differences - rmr d_value_9     20.342042
d_value_10    22.383657
d_value_11    20.266373
d_value_12    22.011518
dtype: float64
- function call summary
ssd =  29844.735863004335  sigmas =  [[0.01275094 0.01518491]
 [0.09891925 0.08619844]
 [0.00387081 0.00410111]]
pars =  [8.05209476e+00 1.40302654e+00 8.26182799e-01 1.77777401e-01
 1.98147845e+02 3.03412916e-01 2.72698214e-02 2.61197647e-01]
std.dev of utility differences - annuities d_value_1     7.328297
d_value_2    16.980623
d_value_3     7.793390
d_value_4    17.926655
dtype: float64
std.dev of utility differences - ltc d_value_5    1.769018
d_value_6    3.465107
d_value_7    1.784236
d_value_8    3.407354
dtype: float64
std.dev of utility differences - rmr d_value_9     20.339191
d_value_10    22.380039
d_value_11    20.263561
d_value_12    22.007798
dtype: float64
- function call summary
ssd =  29845.250956706375  sigmas =  [[0.01274816 0.0151796 ]
 [0.09883649 0.08610642]
 [0.00387131 0.00409897]]
pars =  [8.05189721e+00 1.40254616e+00 8.26181264e-01 1.77805168e-01
 1.98140887e+02 3.03460065e-01 2.72730530e-02 2.61162447e-01]
std.dev of utility differences - annuities d_value_1     7.328482
d_value_2    16.986607
d_value_3     7.793360
d_value_4    17.931472
dtype: float64
std.dev of utility differences - ltc d_value_5    1.769014
d_value_6    3.467205
d_value_7    1.784563
d_value_8    3.408559
dtype: float64
std.dev of utility differences - rmr d_value_9     20.344174
d_value_10    22.386451
d_value_11    20.268878
d_value_12    22.013801
dtype: float64
- function call summary
ssd =  29844.692111538912  sigmas =  [[0.01274913 0.01518341]
 [0.09890604 0.08620011]
 [0.0038707  0.00410049]]
pars =  [8.05117292e+00 1.40289309e+00 8.26196607e-01 1.77781478e-01
 1.98155320e+02 3.03428432e-01 2.72704530e-02 2.61175603e-01]
std.dev of utility differences - annuities d_value_1     7.328470
d_value_2    16.983071
d_value_3     7.793442
d_value_4    17.928697
dtype: float64
std.dev of utility differences - ltc d_value_5    1.769096
d_value_6    3.466414
d_value_7    1.784349
d_value_8    3.407745
dtype: float64
std.dev of utility differences - rmr d_value_9     20.341905
d_value_10    22.383346
d_value_11    20.266391
d_value_12    22.011121
dtype: float64
- function call summary
ssd =  29844.731448602517  sigmas =  [[0.01274932 0.01518355]
 [0.09891304 0.08618897]
 [0.00387039 0.00410053]]
pars =  [8.05133048e+00 1.40294849e+00 8.26198890e-01 1.77774742e-01
 1.98164676e+02 3.03435197e-01 2.72730016e-02 2.61212143e-01]
std.dev of utility differences - annuities d_value_1     7.328600
d_value_2    16.982481
d_value_3     7.793617
d_value_4    17.928264
dtype: float64
std.dev of utility differences - ltc d_value_5    1.769113
d_value_6    3.465426
d_value_7    1.784358
d_value_8    3.407607
dtype: float64
std.dev of utility differences - rmr d_value_9     20.341183
d_value_10    22.382459
d_value_11    20.265804
d_value_12    22.010054
dtype: float64
- function call summary
ssd =  29844.650730834106  sigmas =  [[0.01274919 0.01518429]
 [0.09891942 0.08619902]
 [0.00387081 0.00410096]]
pars =  [8.05187601e+00 1.40288805e+00 8.26198143e-01 1.77793263e-01
 1.98157825e+02 3.03411165e-01 2.72726321e-02 2.61197540e-01]
std.dev of utility differences - annuities d_value_1     7.328419
d_value_2    16.982730
d_value_3     7.793413
d_value_4    17.928442
dtype: float64
std.dev of utility differences - ltc d_value_5    1.769024
d_value_6    3.465371
d_value_7    1.784162
d_value_8    3.407633
dtype: float64
std.dev of utility differences - rmr d_value_9     20.341045
d_value_10    22.382268
d_value_11    20.265423
d_value_12    22.010202
dtype: float64
- function call summary
ssd =  29844.66527688835  sigmas =  [[0.01274962 0.01518393]
 [0.09891996 0.08619061]
 [0.00387071 0.00410089]]
pars =  [8.05142599e+00 1.40295604e+00 8.26200799e-01 1.77793913e-01
 1.98142348e+02 3.03444610e-01 2.72708506e-02 2.61207574e-01]
std.dev of utility differences - annuities d_value_1     7.328539
d_value_2    16.982288
d_value_3     7.793546
d_value_4    17.928102
dtype: float64
std.dev of utility differences - ltc d_value_5    1.769082
d_value_6    3.465356
d_value_7    1.784303
d_value_8    3.407556
dtype: float64
std.dev of utility differences - rmr d_value_9     20.340992
d_value_10    22.382334
d_value_11    20.265554
d_value_12    22.010310
dtype: float64
- function call summary
ssd =  29844.635987852325  sigmas =  [[0.01274849 0.01518327]
 [0.09891091 0.08619153]
 [0.00387109 0.00410102]]
pars =  [8.05166018e+00 1.40284598e+00 8.26191449e-01 1.77777689e-01
 1.98153276e+02 3.03446153e-01 2.72711966e-02 2.61222755e-01]
std.dev of utility differences - annuities d_value_1     7.328589
d_value_2    16.983618
d_value_3     7.793526
d_value_4    17.929166
dtype: float64
std.dev of utility differences - ltc d_value_5    1.768684
d_value_6    3.466556
d_value_7    1.784286
d_value_8    3.407892
dtype: float64
std.dev of utility differences - rmr d_value_9     20.341947
d_value_10    22.383405
d_value_11    20.266351
d_value_12    22.011189
dtype: float64
- function call summary
ssd =  29844.657497631597  sigmas =  [[0.01274871 0.01518296]
 [0.09890897 0.08619742]
 [0.00387059 0.00410054]]
pars =  [8.05093434e+00 1.40289661e+00 8.26183982e-01 1.77788424e-01
 1.98146157e+02 3.03424910e-01 2.72727318e-02 2.61205177e-01]
std.dev of utility differences - annuities d_value_1     7.328627
d_value_2    16.983350
d_value_3     7.793603
d_value_4    17.928956
dtype: float64
std.dev of utility differences - ltc d_value_5    1.769142
d_value_6    3.466502
d_value_7    1.784271
d_value_8    3.407864
dtype: float64
std.dev of utility differences - rmr d_value_9     20.342379
d_value_10    22.383946
d_value_11    20.266854
d_value_12    22.011663
dtype: float64
- function call summary
ssd =  29844.697881854896  sigmas =  [[0.01274908 0.01518433]
 [0.09891509 0.08619248]
 [0.00387091 0.00410113]]
pars =  [8.05188327e+00 1.40287978e+00 8.26182043e-01 1.77777700e-01
 1.98152574e+02 3.03440256e-01 2.72726913e-02 2.61183884e-01]
std.dev of utility differences - annuities d_value_1     7.328345
d_value_2    16.982685
d_value_3     7.793319
d_value_4    17.928286
dtype: float64
std.dev of utility differences - ltc d_value_5    1.769027
d_value_6    3.465399
d_value_7    1.784167
d_value_8    3.407686
dtype: float64
std.dev of utility differences - rmr d_value_9     20.340899
d_value_10    22.382137
d_value_11    20.265258
d_value_12    22.010058
dtype: float64
- function call summary
ssd =  29844.611921171578  sigmas =  [[0.01274906 0.01518422]
 [0.09892189 0.08620908]
 [0.0038707  0.00410086]]
pars =  [8.05163235e+00 1.40291239e+00 8.26194845e-01 1.77798382e-01
 1.98156255e+02 3.03452290e-01 2.72734392e-02 2.61203726e-01]
std.dev of utility differences - annuities d_value_1     7.328451
d_value_2    16.982578
d_value_3     7.793439
d_value_4    17.928341
dtype: float64
std.dev of utility differences - ltc d_value_5    1.769055
d_value_6    3.465383
d_value_7    1.784306
d_value_8    3.407636
dtype: float64
std.dev of utility differences - rmr d_value_9     20.340954
d_value_10    22.382378
d_value_11    20.265532
d_value_12    22.010299
dtype: float64
- function call summary
ssd =  29844.667893619124  sigmas =  [[0.01274917 0.01518463]
 [0.09891968 0.08619673]
 [0.00387096 0.00410078]]
pars =  [8.05207301e+00 1.40289070e+00 8.26200721e-01 1.77774969e-01
 1.98148588e+02 3.03442994e-01 2.72716030e-02 2.61187647e-01]
std.dev of utility differences - annuities d_value_1     7.328363
d_value_2    16.982479
d_value_3     7.793349
d_value_4    17.928188
dtype: float64
std.dev of utility differences - ltc d_value_5    1.769010
d_value_6    3.465325
d_value_7    1.784129
d_value_8    3.407587
dtype: float64
std.dev of utility differences - rmr d_value_9     20.340689
d_value_10    22.381831
d_value_11    20.265019
d_value_12    22.009810
dtype: float64
- function call summary
ssd =  29844.580028172168  sigmas =  [[0.01274824 0.01518305]
 [0.09891497 0.08618882]
 [0.00387103 0.0041007 ]]
pars =  [8.05155684e+00 1.40282154e+00 8.26191930e-01 1.77794851e-01
 1.98160870e+02 3.03431851e-01 2.72708832e-02 2.61215198e-01]
std.dev of utility differences - annuities d_value_1     7.328566
d_value_2    16.983953
d_value_3     7.793577
d_value_4    17.929455
dtype: float64
std.dev of utility differences - ltc d_value_5    1.768710
d_value_6    3.466647
d_value_7    1.784353
d_value_8    3.407944
dtype: float64
std.dev of utility differences - rmr d_value_9     20.342279
d_value_10    22.383801
d_value_11    20.266775
d_value_12    22.011548
dtype: float64
- function call summary
ssd =  29844.89218629008  sigmas =  [[0.01274757 0.01518067]
 [0.09888876 0.08614144]
 [0.00387091 0.00410001]]
pars =  [8.05138863e+00 1.40277044e+00 8.26194434e-01 1.77803441e-01
 1.98155140e+02 3.03420102e-01 2.72717866e-02 2.61235540e-01]
std.dev of utility differences - annuities d_value_1     7.328650
d_value_2    16.984828
d_value_3     7.793638
d_value_4    17.930291
dtype: float64
std.dev of utility differences - ltc d_value_5    1.768730
d_value_6    3.466714
d_value_7    1.784219
d_value_8    3.408113
dtype: float64
std.dev of utility differences - rmr d_value_9     20.343228
d_value_10    22.385060
d_value_11    20.267789
d_value_12    22.012753
dtype: float64
- function call summary
ssd =  29844.66600283511  sigmas =  [[0.01274923 0.01518432]
 [0.098916   0.08620667]
 [0.00387126 0.00410102]]
pars =  [8.05196847e+00 1.40288565e+00 8.26193887e-01 1.77793320e-01
 1.98169650e+02 3.03444915e-01 2.72700113e-02 2.61198478e-01]
std.dev of utility differences - annuities d_value_1     7.328386
d_value_2    16.982666
d_value_3     7.793332
d_value_4    17.928358
dtype: float64
std.dev of utility differences - ltc d_value_5    1.769011
d_value_6    3.465364
d_value_7    1.784258
d_value_8    3.407623
dtype: float64
std.dev of utility differences - rmr d_value_9     20.340785
d_value_10    22.381974
d_value_11    20.265190
d_value_12    22.009940
dtype: float64
- function call summary
ssd =  29844.88008014245  sigmas =  [[0.01274832 0.01518054]
 [0.0988844  0.08614969]
 [0.00387102 0.0040997 ]]
pars =  [8.05133131e+00 1.40273223e+00 8.26184188e-01 1.77787173e-01
 1.98167883e+02 3.03426935e-01 2.72694738e-02 2.61212557e-01]
std.dev of utility differences - annuities d_value_1     7.328595
d_value_2    16.985181
d_value_3     7.793552
d_value_4    17.930489
dtype: float64
std.dev of utility differences - ltc d_value_5    1.768840
d_value_6    3.466843
d_value_7    1.784213
d_value_8    3.408176
dtype: float64
std.dev of utility differences - rmr d_value_9     20.343591
d_value_10    22.385451
d_value_11    20.268107
d_value_12    22.013038
dtype: float64
- function call summary
ssd =  29844.653097329894  sigmas =  [[0.01274847 0.01518349]
 [0.09890849 0.08619652]
 [0.00387087 0.00410065]]
pars =  [8.05131464e+00 1.40288226e+00 8.26186277e-01 1.77802965e-01
 1.98175163e+02 3.03437256e-01 2.72701405e-02 2.61224346e-01]
std.dev of utility differences - annuities d_value_1     7.328573
d_value_2    16.983395
d_value_3     7.793527
d_value_4    17.929019
dtype: float64
std.dev of utility differences - ltc d_value_5    1.769113
d_value_6    3.466462
d_value_7    1.784370
d_value_8    3.407811
dtype: float64
std.dev of utility differences - rmr d_value_9     20.341917
d_value_10    22.383387
d_value_11    20.266425
d_value_12    22.011203
dtype: float64
- function call summary
ssd =  29844.66270079259  sigmas =  [[0.01274845 0.01518335]
 [0.09891547 0.08617846]
 [0.00387125 0.00410073]]
pars =  [8.05206004e+00 1.40280636e+00 8.26199973e-01 1.77802948e-01
 1.98161955e+02 3.03451627e-01 2.72704361e-02 2.61218040e-01]
std.dev of utility differences - annuities d_value_1     7.328471
d_value_2    16.983739
d_value_3     7.793478
d_value_4    17.929295
dtype: float64
std.dev of utility differences - ltc d_value_5    1.768670
d_value_6    3.465581
d_value_7    1.784307
d_value_8    3.407885
dtype: float64
std.dev of utility differences - rmr d_value_9     20.341705
d_value_10    22.383106
d_value_11    20.266138
d_value_12    22.011001
dtype: float64
- function call summary
ssd =  29844.867750857782  sigmas =  [[0.01274881 0.01518077]
 [0.09888787 0.08613903]
 [0.00387122 0.00409982]]
pars =  [8.05158418e+00 1.40273051e+00 8.26187591e-01 1.77800745e-01
 1.98152143e+02 3.03442287e-01 2.72714958e-02 2.61198601e-01]
std.dev of utility differences - annuities d_value_1     7.328453
d_value_2    16.984773
d_value_3     7.793460
d_value_4    17.930142
dtype: float64
std.dev of utility differences - ltc d_value_5    1.768854
d_value_6    3.466777
d_value_7    1.784223
d_value_8    3.408114
dtype: float64
std.dev of utility differences - rmr d_value_9     20.343178
d_value_10    22.384933
d_value_11    20.267592
d_value_12    22.012632
dtype: float64
- function call summary
ssd =  29844.606062363942  sigmas =  [[0.01274881 0.01518374]
 [0.09892449 0.08618637]
 [0.00387124 0.00410123]]
pars =  [8.05201183e+00 1.40286412e+00 8.26195421e-01 1.77787689e-01
 1.98154093e+02 3.03416177e-01 2.72692868e-02 2.61210643e-01]
std.dev of utility differences - annuities d_value_1     7.328431
d_value_2    16.983052
d_value_3     7.793446
d_value_4    17.928711
dtype: float64
std.dev of utility differences - ltc d_value_5    1.768684
d_value_6    3.465463
d_value_7    1.784201
d_value_8    3.407752
dtype: float64
std.dev of utility differences - rmr d_value_9     20.341147
d_value_10    22.382359
d_value_11    20.265515
d_value_12    22.010326
dtype: float64
- function call summary
ssd =  29844.729075703886  sigmas =  [[0.01274848 0.01518358]
 [0.09890113 0.08619935]
 [0.00387092 0.0041007 ]]
pars =  [8.05149173e+00 1.40286868e+00 8.26196004e-01 1.77794423e-01
 1.98164457e+02 3.03435907e-01 2.72716669e-02 2.61212140e-01]
std.dev of utility differences - annuities d_value_1     7.328507
d_value_2    16.983381
d_value_3     7.793480
d_value_4    17.928982
dtype: float64
std.dev of utility differences - ltc d_value_5    1.769117
d_value_6    3.466452
d_value_7    1.784348
d_value_8    3.407785
dtype: float64
std.dev of utility differences - rmr d_value_9     20.341858
d_value_10    22.383303
d_value_11    20.266337
d_value_12    22.011135
dtype: float64
- function call summary
ssd =  29844.58737947769  sigmas =  [[0.01274827 0.01518314]
 [0.09891473 0.08618894]
 [0.00387107 0.00410074]]
pars =  [8.05162999e+00 1.40282177e+00 8.26191033e-01 1.77793895e-01
 1.98161759e+02 3.03431569e-01 2.72710512e-02 2.61214472e-01]
std.dev of utility differences - annuities d_value_1     7.328552
d_value_2    16.983889
d_value_3     7.793565
d_value_4    17.929396
dtype: float64
std.dev of utility differences - ltc d_value_5    1.768695
d_value_6    3.466632
d_value_7    1.784325
d_value_8    3.407931
dtype: float64
std.dev of utility differences - rmr d_value_9     20.342154
d_value_10    22.383648
d_value_11    20.266644
d_value_12    22.011408
dtype: float64
- function call summary
ssd =  29844.59897168939  sigmas =  [[0.01274831 0.01518325]
 [0.09891478 0.08619042]
 [0.00387108 0.00410078]]
pars =  [8.05161717e+00 1.40283630e+00 8.26189731e-01 1.77796890e-01
 1.98158407e+02 3.03432478e-01 2.72705269e-02 2.61215856e-01]
std.dev of utility differences - annuities d_value_1     7.328556
d_value_2    16.983699
d_value_3     7.793541
d_value_4    17.929211
dtype: float64
std.dev of utility differences - ltc d_value_5    1.768683
d_value_6    3.466610
d_value_7    1.784293
d_value_8    3.407885
dtype: float64
std.dev of utility differences - rmr d_value_9     20.342015
d_value_10    22.383496
d_value_11    20.266491
d_value_12    22.011249
dtype: float64
- function call summary
ssd =  29844.578607032166  sigmas =  [[0.01274825 0.01518309]
 [0.09891499 0.08618917]
 [0.00387102 0.00410069]]
pars =  [8.05153512e+00 1.40282141e+00 8.26191877e-01 1.77794229e-01
 1.98160748e+02 3.03432474e-01 2.72708184e-02 2.61213011e-01]
std.dev of utility differences - annuities d_value_1     7.328560
d_value_2    16.983957
d_value_3     7.793581
d_value_4    17.929452
dtype: float64
std.dev of utility differences - ltc d_value_5    1.768711
d_value_6    3.466648
d_value_7    1.784354
d_value_8    3.407944
dtype: float64
std.dev of utility differences - rmr d_value_9     20.342298
d_value_10    22.383827
d_value_11    20.266797
d_value_12    22.011569
dtype: float64
- function call summary
ssd =  29844.568257522744  sigmas =  [[0.01274829 0.0151831 ]
 [0.09891571 0.08618829]
 [0.00387103 0.00410059]]
pars =  [8.05156454e+00 1.40281475e+00 8.26192741e-01 1.77794068e-01
 1.98160176e+02 3.03432457e-01 2.72707027e-02 2.61213243e-01]
std.dev of utility differences - annuities d_value_1     7.328554
d_value_2    16.984034
d_value_3     7.793559
d_value_4    17.929510
dtype: float64
std.dev of utility differences - ltc d_value_5    1.768706
d_value_6    3.466647
d_value_7    1.784379
d_value_8    3.407952
dtype: float64
std.dev of utility differences - rmr d_value_9     20.342308
d_value_10    22.383864
d_value_11    20.266819
d_value_12    22.011602
dtype: float64
- function call summary
ssd =  29844.578137455428  sigmas =  [[0.01274833 0.01518306]
 [0.09891422 0.08618776]
 [0.00387101 0.00410056]]
pars =  [8.05156901e+00 1.40280865e+00 8.26193623e-01 1.77794025e-01
 1.98160099e+02 3.03432230e-01 2.72705253e-02 2.61213277e-01]
std.dev of utility differences - annuities d_value_1     7.328549
d_value_2    16.984119
d_value_3     7.793554
d_value_4    17.929580
dtype: float64
std.dev of utility differences - ltc d_value_5    1.768712
d_value_6    3.466663
d_value_7    1.784385
d_value_8    3.407962
dtype: float64
std.dev of utility differences - rmr d_value_9     20.342376
d_value_10    22.383965
d_value_11    20.266898
d_value_12    22.011714
dtype: float64
- function call summary
ssd =  29844.594205487014  sigmas =  [[0.01274833 0.01518314]
 [0.09891413 0.08618923]
 [0.00387103 0.0041006 ]]
pars =  [8.05155921e+00 1.40282373e+00 8.26193398e-01 1.77794318e-01
 1.98159093e+02 3.03432575e-01 2.72707363e-02 2.61212716e-01]
std.dev of utility differences - annuities d_value_1     7.328553
d_value_2    16.983907
d_value_3     7.793590
d_value_4    17.929419
dtype: float64
std.dev of utility differences - ltc d_value_5    1.768702
d_value_6    3.466637
d_value_7    1.784314
d_value_8    3.407915
dtype: float64
std.dev of utility differences - rmr d_value_9     20.342230
d_value_10    22.383763
d_value_11    20.266731
d_value_12    22.011500
dtype: float64
- function call summary
ssd =  29844.61943645476  sigmas =  [[0.0127482  0.01518311]
 [0.09891013 0.08619015]
 [0.00387101 0.00410057]]
pars =  [8.05156905e+00 1.40280858e+00 8.26192395e-01 1.77793626e-01
 1.98159909e+02 3.03434725e-01 2.72707412e-02 2.61214012e-01]
std.dev of utility differences - annuities d_value_1     7.328550
d_value_2    16.984086
d_value_3     7.793555
d_value_4    17.929576
dtype: float64
std.dev of utility differences - ltc d_value_5    1.768713
d_value_6    3.466614
d_value_7    1.784387
d_value_8    3.407967
dtype: float64
std.dev of utility differences - rmr d_value_9     20.342369
d_value_10    22.383962
d_value_11    20.266889
d_value_12    22.011711
dtype: float64
- function call summary
ssd =  29844.577726467985  sigmas =  [[0.01274827 0.01518309]
 [0.09891454 0.086188  ]
 [0.003871   0.00410057]]
pars =  [8.05156491e+00 1.40281099e+00 8.26192890e-01 1.77794771e-01
 1.98159822e+02 3.03430857e-01 2.72708463e-02 2.61212153e-01]
std.dev of utility differences - annuities d_value_1     7.328546
d_value_2    16.984077
d_value_3     7.793556
d_value_4    17.929537
dtype: float64
std.dev of utility differences - ltc d_value_5    1.768710
d_value_6    3.466658
d_value_7    1.784383
d_value_8    3.407960
dtype: float64
std.dev of utility differences - rmr d_value_9     20.342335
d_value_10    22.383918
d_value_11    20.266862
d_value_12    22.011674
dtype: float64
- function call summary
ssd =  29844.57299160068  sigmas =  [[0.01274828 0.01518317]
 [0.09891552 0.08619002]
 [0.00387104 0.00410062]]
pars =  [8.05159475e+00 1.40281869e+00 8.26192578e-01 1.77793665e-01
 1.98161088e+02 3.03430549e-01 2.72706129e-02 2.61213211e-01]
std.dev of utility differences - annuities d_value_1     7.328550
d_value_2    16.983964
d_value_3     7.793556
d_value_4    17.929455
dtype: float64
std.dev of utility differences - ltc d_value_5    1.768700
d_value_6    3.466632
d_value_7    1.784370
d_value_8    3.407939
dtype: float64
std.dev of utility differences - rmr d_value_9     20.342248
d_value_10    22.383754
d_value_11    20.266732
d_value_12    22.011503
dtype: float64
- function call summary
ssd =  29844.56821653941  sigmas =  [[0.01274828 0.01518308]
 [0.09891558 0.08618917]
 [0.00387101 0.0041006 ]]
pars =  [8.05154618e+00 1.40281626e+00 8.26192621e-01 1.77792647e-01
 1.98159407e+02 3.03431973e-01 2.72707260e-02 2.61214097e-01]
std.dev of utility differences - annuities d_value_1     7.328562
d_value_2    16.984037
d_value_3     7.793567
d_value_4    17.929517
dtype: float64
std.dev of utility differences - ltc d_value_5    1.768708
d_value_6    3.466650
d_value_7    1.784382
d_value_8    3.407955
dtype: float64
std.dev of utility differences - rmr d_value_9     20.342331
d_value_10    22.383895
d_value_11    20.266842
d_value_12    22.011629
dtype: float64
- function call summary
ssd =  29844.56848469839  sigmas =  [[0.01274826 0.01518307]
 [0.09891549 0.0861892 ]
 [0.003871   0.00410059]]
pars =  [8.05152458e+00 1.40281713e+00 8.26192257e-01 1.77791695e-01
 1.98158796e+02 3.03430377e-01 2.72706051e-02 2.61214292e-01]
std.dev of utility differences - annuities d_value_1     7.328570
d_value_2    16.984046
d_value_3     7.793574
d_value_4    17.929522
dtype: float64
std.dev of utility differences - ltc d_value_5    1.768710
d_value_6    3.466654
d_value_7    1.784383
d_value_8    3.407961
dtype: float64
std.dev of utility differences - rmr d_value_9     20.342358
d_value_10    22.383929
d_value_11    20.266871
d_value_12    22.011660
dtype: float64
- function call summary
ssd =  29844.575832758437  sigmas =  [[0.0127483  0.01518301]
 [0.09891407 0.08618707]
 [0.00387098 0.00410055]]
pars =  [8.05150826e+00 1.40280983e+00 8.26192634e-01 1.77792523e-01
 1.98158678e+02 3.03431150e-01 2.72708129e-02 2.61215409e-01]
std.dev of utility differences - annuities d_value_1     7.328565
d_value_2    16.984168
d_value_3     7.793580
d_value_4    17.929619
dtype: float64
std.dev of utility differences - ltc d_value_5    1.768721
d_value_6    3.466681
d_value_7    1.784388
d_value_8    3.407982
dtype: float64
std.dev of utility differences - rmr d_value_9     20.342460
d_value_10    22.384076
d_value_11    20.266994
d_value_12    22.011820
dtype: float64
- function call summary
ssd =  29844.57285831283  sigmas =  [[0.01274824 0.0151831 ]
 [0.09891522 0.08618967]
 [0.003871   0.00410059]]
pars =  [8.05154061e+00 1.40281813e+00 8.26193277e-01 1.77791482e-01
 1.98160269e+02 3.03431660e-01 2.72708226e-02 2.61214406e-01]
std.dev of utility differences - annuities d_value_1     7.328567
d_value_2    16.984028
d_value_3     7.793571
d_value_4    17.929514
dtype: float64
std.dev of utility differences - ltc d_value_5    1.768707
d_value_6    3.466648
d_value_7    1.784377
d_value_8    3.407952
dtype: float64
std.dev of utility differences - rmr d_value_9     20.342354
d_value_10    22.383883
d_value_11    20.266842
d_value_12    22.011623
dtype: float64
- function call summary
ssd =  29844.584704105113  sigmas =  [[0.01274819 0.01518301]
 [0.09891347 0.08618746]
 [0.00387099 0.00410054]]
pars =  [8.05152812e+00 1.40280773e+00 8.26191955e-01 1.77792297e-01
 1.98160371e+02 3.03431585e-01 2.72706567e-02 2.61213841e-01]
std.dev of utility differences - annuities d_value_1     7.328557
d_value_2    16.984135
d_value_3     7.793560
d_value_4    17.929616
dtype: float64
std.dev of utility differences - ltc d_value_5    1.768717
d_value_6    3.466678
d_value_7    1.784387
d_value_8    3.407976
dtype: float64
std.dev of utility differences - rmr d_value_9     20.342439
d_value_10    22.384049
d_value_11    20.266966
d_value_12    22.011786
dtype: float64
- function call summary
ssd =  29844.574663552903  sigmas =  [[0.01274827 0.01518321]
 [0.09891566 0.0861897 ]
 [0.00387105 0.00410064]]
pars =  [8.05160649e+00 1.40282083e+00 8.26192494e-01 1.77792196e-01
 1.98158575e+02 3.03431395e-01 2.72707223e-02 2.61214669e-01]
std.dev of utility differences - annuities d_value_1     7.328556
d_value_2    16.983932
d_value_3     7.793564
d_value_4    17.929428
dtype: float64
std.dev of utility differences - ltc d_value_5    1.768697
d_value_6    3.466630
d_value_7    1.784348
d_value_8    3.407937
dtype: float64
std.dev of utility differences - rmr d_value_9     20.342203
d_value_10    22.383735
d_value_11    20.266706
d_value_12    22.011485
dtype: float64
- function call summary
ssd =  29844.610373176005  sigmas =  [[0.01274819 0.01518309]
 [0.09891094 0.08618973]
 [0.00387101 0.0041006 ]]
pars =  [8.05156267e+00 1.40280746e+00 8.26192127e-01 1.77792541e-01
 1.98158521e+02 3.03431672e-01 2.72705953e-02 2.61214258e-01]
std.dev of utility differences - annuities d_value_1     7.328558
d_value_2    16.984110
d_value_3     7.793556
d_value_4    17.929600
dtype: float64
std.dev of utility differences - ltc d_value_5    1.768716
d_value_6    3.466623
d_value_7    1.784379
d_value_8    3.407976
dtype: float64
std.dev of utility differences - rmr d_value_9     20.342401
d_value_10    22.384003
d_value_11    20.266926
d_value_12    22.011758
dtype: float64
- function call summary
ssd =  29844.60008112189  sigmas =  [[0.01274814 0.01518294]
 [0.09891263 0.08618936]
 [0.00387096 0.00410056]]
pars =  [8.05147836e+00 1.40281882e+00 8.26192807e-01 1.77792937e-01
 1.98159477e+02 3.03431682e-01 2.72706074e-02 2.61214410e-01]
std.dev of utility differences - annuities d_value_1     7.328584
d_value_2    16.984053
d_value_3     7.793585
d_value_4    17.929565
dtype: float64
std.dev of utility differences - ltc d_value_5    1.768713
d_value_6    3.466665
d_value_7    1.784367
d_value_8    3.407959
dtype: float64
std.dev of utility differences - rmr d_value_9     20.342431
d_value_10    22.383993
d_value_11    20.266930
d_value_12    22.011720
dtype: float64
- function call summary
ssd =  29844.565400093445  sigmas =  [[0.01274831 0.01518314]
 [0.09891609 0.08618912]
 [0.00387104 0.00410062]]
pars =  [8.05159467e+00 1.40281642e+00 8.26192041e-01 1.77792550e-01
 1.98160030e+02 3.03431979e-01 2.72708846e-02 2.61213617e-01]
std.dev of utility differences - annuities d_value_1     7.328552
d_value_2    16.983992
d_value_3     7.793558
d_value_4    17.929476
dtype: float64
std.dev of utility differences - ltc d_value_5    1.768702
d_value_6    3.466637
d_value_7    1.784376
d_value_8    3.407945
dtype: float64
std.dev of utility differences - rmr d_value_9     20.342247
d_value_10    22.383793
d_value_11    20.266754
d_value_12    22.011533
dtype: float64
- function call summary
ssd =  29844.56850416257  sigmas =  [[0.01274829 0.01518313]
 [0.09891577 0.08618949]
 [0.00387103 0.00410061]]
pars =  [8.05155148e+00 1.40281884e+00 8.26191794e-01 1.77791664e-01
 1.98159167e+02 3.03431495e-01 2.72709685e-02 2.61212814e-01]
std.dev of utility differences - annuities d_value_1     7.328557
d_value_2    16.983989
d_value_3     7.793561
d_value_4    17.929471
dtype: float64
std.dev of utility differences - ltc d_value_5    1.768704
d_value_6    3.466641
d_value_7    1.784376
d_value_8    3.407949
dtype: float64
std.dev of utility differences - rmr d_value_9     20.342309
d_value_10    22.383838
d_value_11    20.266794
d_value_12    22.011576
dtype: float64
estimates =  [8.05159467e+00 1.40281642e+00 8.26192041e-01 1.77792550e-01
 1.98160030e+02 3.03431979e-01 2.72708846e-02 2.61213617e-01]
final distance =  29844.565400093445
