number of parameters =  8 , number of free parameters =  8
- function call summary
ssd =  7807.045384462977  sigmas =  [[0.01532504 0.01993767]
 [0.15396925 0.12267221]
 [0.01400414 0.01911893]]
pars =  [2.8470e+00 1.9740e+00 8.8300e-01 8.8000e-02 1.0623e+02 1.1060e+00
 4.9489e+01 2.4600e-01]
std.dev of utility differences - annuities d_value_1     7.536531
d_value_2    17.681105
d_value_3     7.983523
d_value_4    19.729489
dtype: float64
std.dev of utility differences - ltc d_value_5    2.066858
d_value_6    3.908750
d_value_7    2.069236
d_value_8    3.817387
dtype: float64
std.dev of utility differences - rmr d_value_9     31.703716
d_value_10    34.995662
d_value_11    30.531645
d_value_12    34.789566
dtype: float64
- function call summary
ssd =  7806.930056588269  sigmas =  [[0.01548187 0.02035924]
 [0.15539367 0.12646009]
 [0.01412376 0.01931434]]
pars =  [2.91961945e+00 1.97400000e+00 8.83000000e-01 8.80000000e-02
 1.06230000e+02 1.10600000e+00 4.94890000e+01 2.46000000e-01]
std.dev of utility differences - annuities d_value_1     7.475961
d_value_2    17.443224
d_value_3     7.921725
d_value_4    19.513202
dtype: float64
std.dev of utility differences - ltc d_value_5    2.031302
d_value_6    3.843657
d_value_7    2.032836
d_value_8    3.758414
dtype: float64
std.dev of utility differences - rmr d_value_9     31.393482
d_value_10    34.638796
d_value_11    30.241276
d_value_12    34.464676
dtype: float64
- function call summary
ssd =  7808.650815738735  sigmas =  [[0.01566046 0.02042968]
 [0.15712532 0.12518983]
 [0.01439077 0.01968652]]
pars =  [2.84700000e+00 2.02435153e+00 8.83000000e-01 8.80000000e-02
 1.06230000e+02 1.10600000e+00 4.94890000e+01 2.46000000e-01]
std.dev of utility differences - annuities d_value_1     7.393926
d_value_2    17.273563
d_value_3     7.831369
d_value_4    19.306350
dtype: float64
std.dev of utility differences - ltc d_value_5    2.026688
d_value_6    3.815161
d_value_7    2.023637
d_value_8    3.729924
dtype: float64
std.dev of utility differences - rmr d_value_9     30.898155
d_value_10    34.136513
d_value_11    29.755335
d_value_12    33.927818
dtype: float64
- function call summary
ssd =  7807.810388501879  sigmas =  [[0.01532124 0.01991184]
 [0.15374274 0.12315271]
 [0.01399084 0.01912151]]
pars =  [2.84700000e+00 1.97400000e+00 8.85577146e-01 8.80000000e-02
 1.06230000e+02 1.10600000e+00 4.94890000e+01 2.46000000e-01]
std.dev of utility differences - annuities d_value_1     7.536089
d_value_2    17.695469
d_value_3     7.984019
d_value_4    19.742701
dtype: float64
std.dev of utility differences - ltc d_value_5    2.067795
d_value_6    3.912742
d_value_7    2.074297
d_value_8    3.820375
dtype: float64
std.dev of utility differences - rmr d_value_9     31.776054
d_value_10    35.080873
d_value_11    30.597803
d_value_12    34.880733
dtype: float64
- function call summary
ssd =  7809.233159508831  sigmas =  [[0.01534033 0.01995998]
 [0.15375675 0.12270316]
 [0.01400224 0.01910193]]
pars =  [2.84700000e+00 1.97400000e+00 8.83000000e-01 9.02446477e-02
 1.06230000e+02 1.10600000e+00 4.94890000e+01 2.46000000e-01]
std.dev of utility differences - annuities d_value_1     7.532228
d_value_2    17.667704
d_value_3     7.983284
d_value_4    19.717561
dtype: float64
std.dev of utility differences - ltc d_value_5    2.068291
d_value_6    3.912429
d_value_7    2.072741
d_value_8    3.823868
dtype: float64
std.dev of utility differences - rmr d_value_9     31.694601
d_value_10    34.986157
d_value_11    30.526086
d_value_12    34.783732
dtype: float64
- function call summary
ssd =  7807.231964388997  sigmas =  [[0.01532621 0.01993535]
 [0.15395185 0.12403575]
 [0.01402161 0.01915137]]
pars =  [2.84700000e+00 1.97400000e+00 8.83000000e-01 8.80000000e-02
 1.08939647e+02 1.10600000e+00 4.94890000e+01 2.46000000e-01]
std.dev of utility differences - annuities d_value_1     7.537039
d_value_2    17.684697
d_value_3     7.983792
d_value_4    19.732226
dtype: float64
std.dev of utility differences - ltc d_value_5    2.058640
d_value_6    3.897129
d_value_7    2.066064
d_value_8    3.805356
dtype: float64
std.dev of utility differences - rmr d_value_9     31.688413
d_value_10    34.980999
d_value_11    30.515631
d_value_12    34.773156
dtype: float64
- function call summary
ssd =  7808.570688400877  sigmas =  [[0.01526689 0.01986308]
 [0.15292478 0.12179457]
 [0.01396177 0.01907008]]
pars =  [2.84700000e+00 1.97400000e+00 8.83000000e-01 8.80000000e-02
 1.06230000e+02 1.13421114e+00 4.94890000e+01 2.46000000e-01]
std.dev of utility differences - annuities d_value_1     7.569119
d_value_2    17.750650
d_value_3     8.017235
d_value_4    19.807845
dtype: float64
std.dev of utility differences - ltc d_value_5    2.074099
d_value_6    3.930969
d_value_7    2.084000
d_value_8    3.841287
dtype: float64
std.dev of utility differences - rmr d_value_9     31.824591
d_value_10    35.124740
d_value_11    30.646348
d_value_12    34.914637
dtype: float64
- function call summary
ssd =  7806.634708945454  sigmas =  [[0.01531917 0.01992535]
 [0.15395473 0.12269413]
 [0.0139965  0.01909979]]
pars =  [2.84700000e+00 1.97400000e+00 8.83000000e-01 8.80000000e-02
 1.06230000e+02 1.10600000e+00 5.07513338e+01 2.46000000e-01]
std.dev of utility differences - annuities d_value_1     7.539469
d_value_2    17.689990
d_value_3     7.986928
d_value_4    19.739436
dtype: float64
std.dev of utility differences - ltc d_value_5    2.067590
d_value_6    3.905546
d_value_7    2.067163
d_value_8    3.815431
dtype: float64
std.dev of utility differences - rmr d_value_9     31.724941
d_value_10    35.019703
d_value_11    30.553973
d_value_12    34.812723
dtype: float64
- function call summary
ssd =  7808.207293393841  sigmas =  [[0.01528938 0.01989377]
 [0.15327734 0.12218897]
 [0.01398587 0.01907031]]
pars =  [2.84700000e+00 1.97400000e+00 8.83000000e-01 8.80000000e-02
 1.06230000e+02 1.10600000e+00 4.94890000e+01 2.52274811e-01]
std.dev of utility differences - annuities d_value_1     7.558121
d_value_2    17.723776
d_value_3     8.004891
d_value_4    19.779873
dtype: float64
std.dev of utility differences - ltc d_value_5    2.073896
d_value_6    3.921157
d_value_7    2.077786
d_value_8    3.828703
dtype: float64
std.dev of utility differences - rmr d_value_9     31.746547
d_value_10    35.040192
d_value_11    30.575036
d_value_12    34.834899
dtype: float64
- function call summary
ssd =  7811.662189208029  sigmas =  [[0.015156   0.01954494]
 [0.15112391 0.12020352]
 [0.01388912 0.01897258]]
pars =  [2.7761868e+00 1.9740000e+00 8.8300000e-01 8.8000000e-02 1.0623000e+02
 1.1060000e+00 4.9489000e+01 2.4600000e-01]
std.dev of utility differences - annuities d_value_1     7.611292
d_value_2    17.916892
d_value_3     8.041074
d_value_4    19.945651
dtype: float64
std.dev of utility differences - ltc d_value_5    2.109485
d_value_6    3.987523
d_value_7    2.116364
d_value_8    3.900428
dtype: float64
std.dev of utility differences - rmr d_value_9     32.012915
d_value_10    35.344741
d_value_11    30.816597
d_value_12    35.119675
dtype: float64
- function call summary
ssd =  7810.11842538495  sigmas =  [[0.01496642 0.01947242]
 [0.14961932 0.12005634]
 [0.01357689 0.0185517 ]]
pars =  [2.84700000e+00 1.92490086e+00 8.83000000e-01 8.80000000e-02
 1.06230000e+02 1.10600000e+00 4.94890000e+01 2.46000000e-01]
std.dev of utility differences - annuities d_value_1     7.713277
d_value_2    18.107974
d_value_3     8.153315
d_value_4    20.184792
dtype: float64
std.dev of utility differences - ltc d_value_5    2.119120
d_value_6    4.023816
d_value_7    2.125969
d_value_8    3.936752
dtype: float64
std.dev of utility differences - rmr d_value_9     32.565971
d_value_10    35.928180
d_value_11    31.364185
d_value_12    35.724754
dtype: float64
- function call summary
ssd =  7808.503533314844  sigmas =  [[0.01534003 0.0199706 ]
 [0.15374371 0.12260083]
 [0.01401887 0.01912947]]
pars =  [2.8470000e+00 1.9740000e+00 8.8037265e-01 8.8000000e-02 1.0623000e+02
 1.1060000e+00 4.9489000e+01 2.4600000e-01]
std.dev of utility differences - annuities d_value_1     7.534643
d_value_2    17.663632
d_value_3     7.983502
d_value_4    19.714121
dtype: float64
std.dev of utility differences - ltc d_value_5    2.065017
d_value_6    3.907533
d_value_7    2.069583
d_value_8    3.816131
dtype: float64
std.dev of utility differences - rmr d_value_9     31.626706
d_value_10    34.899181
d_value_11    30.462859
d_value_12    34.693869
dtype: float64
- function call summary
ssd =  7807.352488446154  sigmas =  [[0.0153233  0.01992855]
 [0.15384694 0.12355496]
 [0.01401925 0.0191313 ]]
pars =  [2.84700000e+00 1.97400000e+00 8.83000000e-01 8.58111832e-02
 1.06230000e+02 1.10600000e+00 4.94890000e+01 2.46000000e-01]
std.dev of utility differences - annuities d_value_1     7.540610
d_value_2    17.693944
d_value_3     7.989943
d_value_4    19.740439
dtype: float64
std.dev of utility differences - ltc d_value_5    2.063398
d_value_6    3.904301
d_value_7    2.069674
d_value_8    3.813579
dtype: float64
std.dev of utility differences - rmr d_value_9     31.707625
d_value_10    35.001481
d_value_11    30.534088
d_value_12    34.794827
dtype: float64
- function call summary
ssd =  7809.10315605754  sigmas =  [[0.01533711 0.01994839]
 [0.15343698 0.12283083]
 [0.01399573 0.01910228]]
pars =  [2.8470000e+00 1.9740000e+00 8.8300000e-01 8.8000000e-02 1.0358775e+02
 1.1060000e+00 4.9489000e+01 2.4600000e-01]
std.dev of utility differences - annuities d_value_1     7.535428
d_value_2    17.671960
d_value_3     7.984323
d_value_4    19.726267
dtype: float64
std.dev of utility differences - ltc d_value_5    2.071548
d_value_6    3.919832
d_value_7    2.077589
d_value_8    3.831243
dtype: float64
std.dev of utility differences - rmr d_value_9     31.713996
d_value_10    35.004550
d_value_11    30.546678
d_value_12    34.805392
dtype: float64
- function call summary
ssd =  7807.4462241402425  sigmas =  [[0.01538993 0.02002767]
 [0.15443694 0.12392127]
 [0.01405306 0.01920717]]
pars =  [2.84700000e+00 1.97400000e+00 8.83000000e-01 8.80000000e-02
 1.06230000e+02 1.07849055e+00 4.94890000e+01 2.46000000e-01]
std.dev of utility differences - annuities d_value_1     7.502776
d_value_2    17.606029
d_value_3     7.950706
d_value_4    19.650365
dtype: float64
std.dev of utility differences - ltc d_value_5    2.054795
d_value_6    3.889480
d_value_7    2.058546
d_value_8    3.796303
dtype: float64
std.dev of utility differences - rmr d_value_9     31.584396
d_value_10    34.863274
d_value_11    30.418423
d_value_12    34.665409
dtype: float64
- function call summary
ssd =  7807.998046442238  sigmas =  [[0.01533224 0.01995247]
 [0.15382732 0.12246939]
 [0.01401386 0.01913882]]
pars =  [2.84700000e+00 1.97400000e+00 8.83000000e-01 8.80000000e-02
 1.06230000e+02 1.10600000e+00 4.82580642e+01 2.46000000e-01]
std.dev of utility differences - annuities d_value_1     7.533576
d_value_2    17.671061
d_value_3     7.979448
d_value_4    19.717870
dtype: float64
std.dev of utility differences - ltc d_value_5    2.069255
d_value_6    3.913145
d_value_7    2.070136
d_value_8    3.822166
dtype: float64
std.dev of utility differences - rmr d_value_9     31.678917
d_value_10    34.966607
d_value_11    30.506633
d_value_12    34.764534
dtype: float64
- function call summary
ssd =  7807.471575890186  sigmas =  [[0.01537125 0.01998547]
 [0.15431481 0.12295903]
 [0.01403174 0.01915861]]
pars =  [2.84700000e+00 1.97400000e+00 8.83000000e-01 8.80000000e-02
 1.06230000e+02 1.10600000e+00 4.94890000e+01 2.39881262e-01]
std.dev of utility differences - annuities d_value_1     7.514445
d_value_2    17.636553
d_value_3     7.963354
d_value_4    19.677618
dtype: float64
std.dev of utility differences - ltc d_value_5    2.060204
d_value_6    3.898315
d_value_7    2.064335
d_value_8    3.807187
dtype: float64
std.dev of utility differences - rmr d_value_9     31.658906
d_value_10    34.947670
d_value_11    30.488452
d_value_12    34.744987
dtype: float64
- function call summary
ssd =  7805.488912528941  sigmas =  [[0.01547985 0.02024322]
 [0.15594501 0.12520471]
 [0.01416683 0.01935045]]
pars =  [2.88459801e+00 1.98249500e+00 8.83411915e-01 8.71893821e-02
 1.07367239e+02 1.09753899e+00 5.09484214e+01 2.44513893e-01]
std.dev of utility differences - annuities d_value_1     7.469859
d_value_2    17.478615
d_value_3     7.920175
d_value_4    19.531067
dtype: float64
std.dev of utility differences - ltc d_value_5    2.030052
d_value_6    3.838077
d_value_7    2.028095
d_value_8    3.751990
dtype: float64
std.dev of utility differences - rmr d_value_9     31.383509
d_value_10    34.642162
d_value_11    30.231972
d_value_12    34.450930
dtype: float64
- function call summary
ssd =  7805.227911520271  sigmas =  [[0.01545054 0.02019906]
 [0.1556994  0.12479349]
 [0.01414354 0.01929509]]
pars =  [2.88039307e+00 1.98152646e+00 8.83365087e-01 8.72803311e-02
 1.07239050e+02 1.09849277e+00 5.22414153e+01 2.44682095e-01]
std.dev of utility differences - annuities d_value_1     7.480457
d_value_2    17.510882
d_value_3     7.929164
d_value_4    19.565960
dtype: float64
std.dev of utility differences - ltc d_value_5    2.031271
d_value_6    3.842290
d_value_7    2.033273
d_value_8    3.754019
dtype: float64
std.dev of utility differences - rmr d_value_9     31.442065
d_value_10    34.709605
d_value_11    30.288288
d_value_12    34.512819
dtype: float64
- function call summary
ssd =  7805.027202690261  sigmas =  [[0.0154472  0.02019395]
 [0.15568268 0.12439312]
 [0.01413114 0.01927537]]
pars =  [2.88275158e+00 1.98117983e+00 8.83344917e-01 8.72769730e-02
 1.07198970e+02 1.09933589e+00 5.35713124e+01 2.44928685e-01]
std.dev of utility differences - annuities d_value_1     7.485631
d_value_2    17.517417
d_value_3     7.933898
d_value_4    19.576836
dtype: float64
std.dev of utility differences - ltc d_value_5    2.030945
d_value_6    3.840276
d_value_7    2.032244
d_value_8    3.751077
dtype: float64
std.dev of utility differences - rmr d_value_9     31.464493
d_value_10    34.734711
d_value_11    30.311766
d_value_12    34.537608
dtype: float64
- function call summary
ssd =  7804.790024331908  sigmas =  [[0.01542413 0.0201571 ]
 [0.15546574 0.12443969]
 [0.0141054  0.01922677]]
pars =  [2.88117225e+00 1.98083629e+00 8.83303140e-01 8.73313522e-02
 1.07089570e+02 1.10039542e+00 5.63372033e+01 2.45106132e-01]
std.dev of utility differences - annuities d_value_1     7.497181
d_value_2    17.545635
d_value_3     7.945967
d_value_4    19.606900
dtype: float64
std.dev of utility differences - ltc d_value_5    2.028575
d_value_6    3.838563
d_value_7    2.032947
d_value_8    3.751079
dtype: float64
std.dev of utility differences - rmr d_value_9     31.521220
d_value_10    34.800271
d_value_11    30.368991
d_value_12    34.596220
dtype: float64
- function call summary
ssd =  7805.171181870854  sigmas =  [[0.01541176 0.02013368]
 [0.15531267 0.12417093]
 [0.01408726 0.01920322]]
pars =  [2.87976348e+00 1.98055923e+00 8.83275189e-01 8.73835669e-02
 1.07011591e+02 1.10095510e+00 5.76499121e+01 2.45237283e-01]
std.dev of utility differences - annuities d_value_1     7.504290
d_value_2    17.561075
d_value_3     7.951251
d_value_4    19.625028
dtype: float64
std.dev of utility differences - ltc d_value_5    2.028586
d_value_6    3.839527
d_value_7    2.035774
d_value_8    3.750418
dtype: float64
std.dev of utility differences - rmr d_value_9     31.552956
d_value_10    34.838220
d_value_11    30.401805
d_value_12    34.630907
dtype: float64
- function call summary
ssd =  7803.319834512446  sigmas =  [[0.01565213 0.02061418]
 [0.15804997 0.12839251]
 [0.01431647 0.01957195]]
pars =  [2.93505455e+00 1.99227380e+00 8.83653154e-01 8.75254439e-02
 1.07651011e+02 1.08519790e+00 5.65112713e+01 2.45927231e-01]
std.dev of utility differences - annuities d_value_1     7.402966
d_value_2    17.254896
d_value_3     7.852243
d_value_4    19.320926
dtype: float64
std.dev of utility differences - ltc d_value_5    1.988279
d_value_6    3.761610
d_value_7    1.984906
d_value_8    3.668536
dtype: float64
std.dev of utility differences - rmr d_value_9     31.066712
d_value_10    34.291282
d_value_11    29.928203
d_value_12    34.111235
dtype: float64
- function call summary
ssd =  7803.219035979758  sigmas =  [[0.01564551 0.02053459]
 [0.15805697 0.12782193]
 [0.01430701 0.01952362]]
pars =  [2.91191975e+00 1.99487432e+00 8.83873804e-01 8.83536066e-02
 1.07652956e+02 1.06828405e+00 5.71142826e+01 2.48605903e-01]
std.dev of utility differences - annuities d_value_1     7.408449
d_value_2    17.276186
d_value_3     7.847549
d_value_4    19.332472
dtype: float64
std.dev of utility differences - ltc d_value_5    1.996425
d_value_6    3.770543
d_value_7    1.991482
d_value_8    3.680489
dtype: float64
std.dev of utility differences - rmr d_value_9     31.078151
d_value_10    34.320920
d_value_11    29.942800
d_value_12    34.132418
dtype: float64
- function call summary
ssd =  7805.923438772434  sigmas =  [[0.01572243 0.02069244]
 [0.15869384 0.12932719]
 [0.01435804 0.01960898]]
pars =  [2.92457524e+00 1.99252725e+00 8.83761437e-01 8.81980933e-02
 1.07520895e+02 1.04240812e+00 5.70677329e+01 2.47972563e-01]
std.dev of utility differences - annuities d_value_1     7.370573
d_value_2    17.170264
d_value_3     7.806531
d_value_4    19.229923
dtype: float64
std.dev of utility differences - ltc d_value_5    1.982418
d_value_6    3.742307
d_value_7    1.976567
d_value_8    3.655724
dtype: float64
std.dev of utility differences - rmr d_value_9     30.955519
d_value_10    34.175051
d_value_11    29.821612
d_value_12    34.003149
dtype: float64
- function call summary
ssd =  7802.447374654599  sigmas =  [[0.01567622 0.02066217]
 [0.15859229 0.12857774]
 [0.01437637 0.01960314]]
pars =  [2.93303419e+00 2.00249983e+00 8.84287251e-01 8.84869820e-02
 1.08443840e+02 1.08384764e+00 5.80560601e+01 2.49687441e-01]
std.dev of utility differences - annuities d_value_1     7.387521
d_value_2    17.213502
d_value_3     7.834816
d_value_4    19.273998
dtype: float64
std.dev of utility differences - ltc d_value_5    1.985695
d_value_6    3.749446
d_value_7    1.981142
d_value_8    3.662243
dtype: float64
std.dev of utility differences - rmr d_value_9     30.962556
d_value_10    34.194155
d_value_11    29.831035
d_value_12    34.009019
dtype: float64
- function call summary
ssd =  7802.39070907265  sigmas =  [[0.01579727 0.02086769]
 [0.15962924 0.12929719]
 [0.01445219 0.01975887]]
pars =  [2.95019397e+00 2.01126931e+00 8.83819356e-01 8.86708172e-02
 1.06779486e+02 1.08245337e+00 5.90305799e+01 2.48149741e-01]
std.dev of utility differences - annuities d_value_1     7.340379
d_value_2    17.077755
d_value_3     7.793407
d_value_4    19.141711
dtype: float64
std.dev of utility differences - ltc d_value_5    1.975145
d_value_6    3.727262
d_value_7    1.963845
d_value_8    3.635553
dtype: float64
std.dev of utility differences - rmr d_value_9     30.749515
d_value_10    33.957015
d_value_11    29.630499
d_value_12    33.776123
dtype: float64
- function call summary
ssd =  7804.157588998573  sigmas =  [[0.0157836  0.02085252]
 [0.15940568 0.12977892]
 [0.01441823 0.01971293]]
pars =  [2.95496390e+00 2.00061684e+00 8.83772074e-01 8.85151720e-02
 1.07334023e+02 1.07607395e+00 5.92779274e+01 2.42549530e-01]
std.dev of utility differences - annuities d_value_1     7.341459
d_value_2    17.084651
d_value_3     7.791208
d_value_4    19.153695
dtype: float64
std.dev of utility differences - ltc d_value_5    1.968929
d_value_6    3.718587
d_value_7    1.962387
d_value_8    3.626374
dtype: float64
std.dev of utility differences - rmr d_value_9     30.833446
d_value_10    34.042718
d_value_11    29.709180
d_value_12    33.865371
dtype: float64
- function call summary
ssd =  7803.364887176106  sigmas =  [[0.01570231 0.02074055]
 [0.15870952 0.1291141 ]
 [0.01436759 0.01962774]]
pars =  [2.95237920e+00 2.00031867e+00 8.83365153e-01 8.71876359e-02
 1.06997141e+02 1.07961951e+00 5.96651079e+01 2.51451243e-01]
std.dev of utility differences - annuities d_value_1     7.379473
d_value_2    17.170231
d_value_3     7.830525
d_value_4    19.245979
dtype: float64
std.dev of utility differences - ltc d_value_5    1.979384
d_value_6    3.736357
d_value_7    1.972588
d_value_8    3.642733
dtype: float64
std.dev of utility differences - rmr d_value_9     30.923014
d_value_10    34.136008
d_value_11    29.798604
d_value_12    33.957867
dtype: float64
- function call summary
ssd =  7805.005702664447  sigmas =  [[0.01564384 0.02068644]
 [0.15771812 0.12854971]
 [0.01424283 0.01947368]]
pars =  [2.95624096e+00 1.98600759e+00 8.81616889e-01 8.88924070e-02
 1.06863960e+02 1.08080109e+00 5.90721411e+01 2.48859201e-01]
std.dev of utility differences - annuities d_value_1     7.408578
d_value_2    17.238806
d_value_3     7.858844
d_value_4    19.317186
dtype: float64
std.dev of utility differences - ltc d_value_5    1.987363
d_value_6    3.761159
d_value_7    1.986609
d_value_8    3.671013
dtype: float64
std.dev of utility differences - rmr d_value_9     31.064895
d_value_10    34.289430
d_value_11    29.943281
d_value_12    34.106959
dtype: float64
- function call summary
ssd =  7803.852916014037  sigmas =  [[0.01566983 0.02065978]
 [0.15825649 0.12820937]
 [0.01431081 0.01956843]]
pars =  [2.94327266e+00 1.99806972e+00 8.86068950e-01 8.88392128e-02
 1.06216921e+02 1.08470460e+00 5.94091102e+01 2.49280660e-01]
std.dev of utility differences - annuities d_value_1     7.394772
d_value_2    17.220866
d_value_3     7.843667
d_value_4    19.295159
dtype: float64
std.dev of utility differences - ltc d_value_5    1.987661
d_value_6    3.753369
d_value_7    1.984661
d_value_8    3.664343
dtype: float64
std.dev of utility differences - rmr d_value_9     31.070255
d_value_10    34.311132
d_value_11    29.939022
d_value_12    34.135339
dtype: float64
- function call summary
ssd =  7802.926074007912  sigmas =  [[0.01583755 0.02086429]
 [0.16014799 0.12942172]
 [0.01450832 0.01982019]]
pars =  [2.92489463e+00 2.02490497e+00 8.83623888e-01 8.90231124e-02
 1.05724116e+02 1.07558386e+00 6.01546892e+01 2.48262079e-01]
std.dev of utility differences - annuities d_value_1     7.324269
d_value_2    17.030219
d_value_3     7.763397
d_value_4    19.081679
dtype: float64
std.dev of utility differences - ltc d_value_5    1.975532
d_value_6    3.719162
d_value_7    1.972832
d_value_8    3.635701
dtype: float64
std.dev of utility differences - rmr d_value_9     30.639823
d_value_10    33.844455
d_value_11    29.519184
d_value_12    33.655178
dtype: float64
- function call summary
ssd =  7801.8480035899465  sigmas =  [[0.01586183 0.02095132]
 [0.16063286 0.12868769]
 [0.0145815  0.01992954]]
pars =  [2.93255739e+00 2.03366072e+00 8.83817735e-01 8.80662628e-02
 1.07790974e+02 1.09152469e+00 6.00094288e+01 2.48213758e-01]
std.dev of utility differences - annuities d_value_1     7.309980
d_value_2    16.995531
d_value_3     7.753363
d_value_4    19.052357
dtype: float64
std.dev of utility differences - ltc d_value_5    1.967228
d_value_6    3.702536
d_value_7    1.964025
d_value_8    3.619199
dtype: float64
std.dev of utility differences - rmr d_value_9     30.536647
d_value_10    33.744080
d_value_11    29.424844
d_value_12    33.546512
dtype: float64
- function call summary
ssd =  7802.869223413362  sigmas =  [[0.0158229  0.02086487]
 [0.1600119  0.12939567]
 [0.01453652 0.01985713]]
pars =  [2.92987173e+00 2.02714462e+00 8.83973513e-01 8.81780989e-02
 1.07316846e+02 1.08886631e+00 5.85699436e+01 2.48738268e-01]
std.dev of utility differences - annuities d_value_1     7.326967
d_value_2    17.041495
d_value_3     7.772202
d_value_4    19.092620
dtype: float64
std.dev of utility differences - ltc d_value_5    1.968874
d_value_6    3.714656
d_value_7    1.966003
d_value_8    3.627902
dtype: float64
std.dev of utility differences - rmr d_value_9     30.626925
d_value_10    33.841833
d_value_11    29.509884
d_value_12    33.646559
dtype: float64
- function call summary
ssd =  7803.086605904702  sigmas =  [[0.01580525 0.02082766]
 [0.15989427 0.12753197]
 [0.01454563 0.01987205]]
pars =  [2.91865353e+00 2.03248167e+00 8.84726905e-01 8.68080384e-02
 1.07579531e+02 1.08939625e+00 6.09386857e+01 2.50467211e-01]
std.dev of utility differences - annuities d_value_1     7.337196
d_value_2    17.068701
d_value_3     7.778866
d_value_4    19.129712
dtype: float64
std.dev of utility differences - ltc d_value_5    1.974969
d_value_6    3.715916
d_value_7    1.974662
d_value_8    3.633792
dtype: float64
std.dev of utility differences - rmr d_value_9     30.654850
d_value_10    33.872382
d_value_11    29.536762
d_value_12    33.678498
dtype: float64
- function call summary
ssd =  7800.893196879882  sigmas =  [[0.01589697 0.02102127]
 [0.16115339 0.13015315]
 [0.01460985 0.01994002]]
pars =  [2.94752382e+00 2.03524766e+00 8.83792999e-01 8.89553114e-02
 1.08265017e+02 1.09254188e+00 6.13480720e+01 2.48144874e-01]
std.dev of utility differences - annuities d_value_1     7.294388
d_value_2    16.949215
d_value_3     7.734892
d_value_4    19.000195
dtype: float64
std.dev of utility differences - ltc d_value_5    1.952294
d_value_6    3.685176
d_value_7    1.952359
d_value_8    3.599498
dtype: float64
std.dev of utility differences - rmr d_value_9     30.468912
d_value_10    33.666459
d_value_11    29.361465
d_value_12    33.478632
dtype: float64
- function call summary
ssd =  7802.376684318561  sigmas =  [[0.01603338 0.02126307]
 [0.16248981 0.12965686]
 [0.01476385 0.02019422]]
pars =  [2.95757688e+00 2.05334685e+00 8.83599738e-01 8.84753539e-02
 1.07530531e+02 1.09394219e+00 6.26268329e+01 2.46619003e-01]
std.dev of utility differences - annuities d_value_1     7.240496
d_value_2    16.790660
d_value_3     7.676648
d_value_4    18.841640
dtype: float64
std.dev of utility differences - ltc d_value_5    1.943262
d_value_6    3.648417
d_value_7    1.938280
d_value_8    3.566972
dtype: float64
std.dev of utility differences - rmr d_value_9     30.179377
d_value_10    33.350494
d_value_11    29.085434
d_value_12    33.162427
dtype: float64
- function call summary
ssd =  7803.7693414092  sigmas =  [[0.01567718 0.02058491]
 [0.15828545 0.12669123]
 [0.01437733 0.01959046]]
pars =  [2.91091025e+00 2.01450849e+00 8.83399171e-01 8.91886882e-02
 1.07783184e+02 1.10705337e+00 6.19996109e+01 2.46465166e-01]
std.dev of utility differences - annuities d_value_1     7.401074
d_value_2    17.237068
d_value_3     7.837760
d_value_4    19.296185
dtype: float64
std.dev of utility differences - ltc d_value_5    1.989879
d_value_6    3.755236
d_value_7    1.990400
d_value_8    3.668991
dtype: float64
std.dev of utility differences - rmr d_value_9     30.968899
d_value_10    34.213042
d_value_11    29.842572
d_value_12    34.012078
dtype: float64
- function call summary
ssd =  7801.288924016862  sigmas =  [[0.01590217 0.02100676]
 [0.16112724 0.12943866]
 [0.01464101 0.01998679]]
pars =  [2.93363372e+00 2.03985191e+00 8.83968416e-01 8.95244442e-02
 1.09860965e+02 1.08419957e+00 6.21848975e+01 2.50724341e-01]
std.dev of utility differences - annuities d_value_1     7.298809
d_value_2    16.955003
d_value_3     7.737185
d_value_4    19.012533
dtype: float64
std.dev of utility differences - ltc d_value_5    1.959837
d_value_6    3.685493
d_value_7    1.955825
d_value_8    3.603978
dtype: float64
std.dev of utility differences - rmr d_value_9     30.447004
d_value_10    33.646999
d_value_11    29.336916
d_value_12    33.451538
dtype: float64
- function call summary
ssd =  7804.283669790244  sigmas =  [[0.0160329  0.02126458]
 [0.16208179 0.12956496]
 [0.01477184 0.02021952]]
pars =  [2.95740307e+00 2.06144042e+00 8.84173847e-01 8.90328347e-02
 1.08993922e+02 1.11249153e+00 6.18726817e+01 2.48039627e-01]
std.dev of utility differences - annuities d_value_1     7.242221
d_value_2    16.788769
d_value_3     7.683427
d_value_4    18.848141
dtype: float64
std.dev of utility differences - ltc d_value_5    1.947299
d_value_6    3.650203
d_value_7    1.935714
d_value_8    3.566121
dtype: float64
std.dev of utility differences - rmr d_value_9     30.141036
d_value_10    33.321785
d_value_11    29.052171
d_value_12    33.137272
dtype: float64
- function call summary
ssd =  7801.224822307283  sigmas =  [[0.01590534 0.02104919]
 [0.16120542 0.13028426]
 [0.01456897 0.01991251]]
pars =  [2.96112261e+00 2.02944721e+00 8.84465780e-01 8.97239054e-02
 1.07613641e+02 1.08440176e+00 6.23939491e+01 2.50759022e-01]
std.dev of utility differences - annuities d_value_1     7.301759
d_value_2    16.949816
d_value_3     7.748697
d_value_4    19.011800
dtype: float64
std.dev of utility differences - ltc d_value_5    1.954359
d_value_6    3.685017
d_value_7    1.950240
d_value_8    3.596912
dtype: float64
std.dev of utility differences - rmr d_value_9     30.514693
d_value_10    33.714026
d_value_11    29.409494
d_value_12    33.534726
dtype: float64
- function call summary
ssd =  7803.697459062678  sigmas =  [[0.01563593 0.02055474]
 [0.15779634 0.12731372]
 [0.01433075 0.01955583]]
pars =  [2.91949147e+00 2.00542464e+00 8.83634923e-01 8.84395631e-02
 1.08095133e+02 1.10456326e+00 6.06147542e+01 2.46978942e-01]
std.dev of utility differences - annuities d_value_1     7.409436
d_value_2    17.275048
d_value_3     7.856759
d_value_4    19.343750
dtype: float64
std.dev of utility differences - ltc d_value_5    1.988842
d_value_6    3.764336
d_value_7    1.991591
d_value_8    3.672920
dtype: float64
std.dev of utility differences - rmr d_value_9     31.060337
d_value_10    34.305563
d_value_11    29.926244
d_value_12    34.107049
dtype: float64
- function call summary
ssd =  7801.227791053641  sigmas =  [[0.01590617 0.02101143]
 [0.16116715 0.13117112]
 [0.01461072 0.01995915]]
pars =  [2.94020648e+00 2.03293522e+00 8.83419300e-01 9.00695963e-02
 1.08984467e+02 1.08097200e+00 6.11256848e+01 2.47325497e-01]
std.dev of utility differences - annuities d_value_1     7.295178
d_value_2    16.944590
d_value_3     7.731780
d_value_4    18.990002
dtype: float64
std.dev of utility differences - ltc d_value_5    1.956025
d_value_6    3.683000
d_value_7    1.952969
d_value_8    3.601576
dtype: float64
std.dev of utility differences - rmr d_value_9     30.462799
d_value_10    33.663834
d_value_11    29.354383
d_value_12    33.470597
dtype: float64
- function call summary
ssd =  7802.535588429557  sigmas =  [[0.01574304 0.02072272]
 [0.15920032 0.1284089 ]
 [0.01447584 0.01975205]]
pars =  [2.92079088e+00 2.02002381e+00 8.84382439e-01 8.89006198e-02
 1.09720667e+02 1.08721849e+00 6.05350069e+01 2.50392760e-01]
std.dev of utility differences - annuities d_value_1     7.362459
d_value_2    17.141930
d_value_3     7.805908
d_value_4    19.198840
dtype: float64
std.dev of utility differences - ltc d_value_5    1.975263
d_value_6    3.725426
d_value_7    1.974092
d_value_8    3.642682
dtype: float64
std.dev of utility differences - rmr d_value_9     30.794208
d_value_10    34.026755
d_value_11    29.669244
d_value_12    33.828386
dtype: float64
- function call summary
ssd =  7802.262302110504  sigmas =  [[0.01592456 0.02106369]
 [0.16112307 0.12969652]
 [0.01463863 0.02000157]]
pars =  [2.94519171e+00 2.03961253e+00 8.82299556e-01 8.90934170e-02
 1.08936966e+02 1.08745888e+00 6.24048109e+01 2.50168384e-01]
std.dev of utility differences - annuities d_value_1     7.284499
d_value_2    16.924735
d_value_3     7.732764
d_value_4    18.974985
dtype: float64
std.dev of utility differences - ltc d_value_5    1.954757
d_value_6    3.679293
d_value_7    1.951579
d_value_8    3.595478
dtype: float64
std.dev of utility differences - rmr d_value_9     30.376104
d_value_10    33.563411
d_value_11    29.275833
d_value_12    33.370609
dtype: float64
- function call summary
ssd =  7801.181417689542  sigmas =  [[0.01583405 0.02096733]
 [0.16014252 0.13031009]
 [0.01450218 0.01981694]]
pars =  [2.96174953e+00 2.01869331e+00 8.82355353e-01 8.99461729e-02
 1.07773074e+02 1.09499419e+00 6.05349051e+01 2.49366960e-01]
std.dev of utility differences - annuities d_value_1     7.329247
d_value_2    17.025877
d_value_3     7.781133
d_value_4    19.089923
dtype: float64
std.dev of utility differences - ltc d_value_5    1.966218
d_value_6    3.713238
d_value_7    1.960462
d_value_8    3.618060
dtype: float64
std.dev of utility differences - rmr d_value_9     30.623024
d_value_10    33.817341
d_value_11    29.516343
d_value_12    33.632070
dtype: float64
- function call summary
ssd =  7800.827244696757  sigmas =  [[0.01590771 0.02102938]
 [0.16134602 0.12943355]
 [0.01462816 0.01997599]]
pars =  [2.93840195e+00 2.03926633e+00 8.85201521e-01 8.93941844e-02
 1.08481178e+02 1.08678854e+00 6.25424058e+01 2.48573854e-01]
std.dev of utility differences - annuities d_value_1     7.290811
d_value_2    16.941599
d_value_3     7.732271
d_value_4    18.997273
dtype: float64
std.dev of utility differences - ltc d_value_5    1.960299
d_value_6    3.684385
d_value_7    1.956096
d_value_8    3.603906
dtype: float64
std.dev of utility differences - rmr d_value_9     30.476393
d_value_10    33.685678
d_value_11    29.366332
d_value_12    33.492776
dtype: float64
- function call summary
ssd =  7802.195016899599  sigmas =  [[0.01590131 0.02103754]
 [0.16104888 0.13058712]
 [0.01459331 0.01992615]]
pars =  [2.95444235e+00 2.03119736e+00 8.84078538e-01 8.97413366e-02
 1.08059076e+02 1.08821317e+00 6.12523118e+01 2.48886986e-01]
std.dev of utility differences - annuities d_value_1     7.300669
d_value_2    16.951234
d_value_3     7.748168
d_value_4    19.003590
dtype: float64
std.dev of utility differences - ltc d_value_5    1.955841
d_value_6    3.684849
d_value_7    1.951466
d_value_8    3.599908
dtype: float64
std.dev of utility differences - rmr d_value_9     30.495480
d_value_10    33.688583
d_value_11    29.383619
d_value_12    33.503751
dtype: float64
- function call summary
ssd =  7804.066304124723  sigmas =  [[0.01611676 0.02125296]
 [0.16286981 0.12946152]
 [0.01481034 0.02027785]]
pars =  [2.91320055e+00 2.07359114e+00 8.85015758e-01 9.05135815e-02
 1.07829966e+02 1.07733478e+00 6.24557762e+01 2.47833676e-01]
std.dev of utility differences - annuities d_value_1     7.221040
d_value_2    16.728833
d_value_3     7.651100
d_value_4    18.772425
dtype: float64
std.dev of utility differences - ltc d_value_5    1.947379
d_value_6    3.647834
d_value_7    1.936636
d_value_8    3.568028
dtype: float64
std.dev of utility differences - rmr d_value_9     30.040131
d_value_10    33.220622
d_value_11    28.950912
d_value_12    33.026995
dtype: float64
- function call summary
ssd =  7801.46236611669  sigmas =  [[0.01586406 0.02094234]
 [0.16077334 0.12912194]
 [0.01456645 0.01990414]]
pars =  [2.93382696e+00 2.03513322e+00 8.86161287e-01 8.89634609e-02
 1.07982910e+02 1.08126376e+00 6.37609367e+01 2.51010816e-01]
std.dev of utility differences - annuities d_value_1     7.311256
d_value_2    16.997406
d_value_3     7.748960
d_value_4    19.052264
dtype: float64
std.dev of utility differences - ltc d_value_5    1.965133
d_value_6    3.693271
d_value_7    1.960643
d_value_8    3.613478
dtype: float64
std.dev of utility differences - rmr d_value_9     30.591805
d_value_10    33.812067
d_value_11    29.481133
d_value_12    33.619952
dtype: float64
- function call summary
ssd =  7803.978534669066  sigmas =  [[0.01598005 0.02113189]
 [0.16168601 0.12957609]
 [0.01470633 0.02010856]]
pars =  [2.94358463e+00 2.04879175e+00 8.85685792e-01 9.03603100e-02
 1.09315717e+02 1.08976244e+00 6.37433558e+01 2.46943933e-01]
std.dev of utility differences - annuities d_value_1     7.263304
d_value_2    16.859859
d_value_3     7.700051
d_value_4    18.914398
dtype: float64
std.dev of utility differences - ltc d_value_5    1.950733
d_value_6    3.657865
d_value_7    1.943456
d_value_8    3.579965
dtype: float64
std.dev of utility differences - rmr d_value_9     30.336985
d_value_10    33.537456
d_value_11    29.232392
d_value_12    33.348584
dtype: float64
- function call summary
ssd =  7802.415708530008  sigmas =  [[0.01588689 0.02093686]
 [0.161037   0.12845467]
 [0.01461466 0.01995929]]
pars =  [2.92041266e+00 2.03545577e+00 8.84254926e-01 8.84331279e-02
 1.09188147e+02 1.07593189e+00 6.17290122e+01 2.46418386e-01]
std.dev of utility differences - annuities d_value_1     7.296122
d_value_2    16.976830
d_value_3     7.734715
d_value_4    19.030076
dtype: float64
std.dev of utility differences - ltc d_value_5    1.962573
d_value_6    3.691316
d_value_7    1.961285
d_value_8    3.608240
dtype: float64
std.dev of utility differences - rmr d_value_9     30.511246
d_value_10    33.714521
d_value_11    29.393352
d_value_12    33.517934
dtype: float64
- function call summary
ssd =  7801.922567361311  sigmas =  [[0.01584221 0.02085337]
 [0.16016645 0.12861807]
 [0.01455629 0.01987207]]
pars =  [2.90770817e+00 2.03437336e+00 8.84726808e-01 8.94249389e-02
 1.06636470e+02 1.07850526e+00 6.18012290e+01 2.48897133e-01]
std.dev of utility differences - annuities d_value_1     7.321430
d_value_2    17.034702
d_value_3     7.759440
d_value_4    19.086147
dtype: float64
std.dev of utility differences - ltc d_value_5    1.976770
d_value_6    3.719948
d_value_7    1.973604
d_value_8    3.634960
dtype: float64
std.dev of utility differences - rmr d_value_9     30.629514
d_value_10    33.850824
d_value_11    29.513911
d_value_12    33.652520
dtype: float64
- function call summary
ssd =  7802.993363824422  sigmas =  [[0.01589533 0.0210249 ]
 [0.16074666 0.12982291]
 [0.01460163 0.01992636]]
pars =  [2.95367636e+00 2.03791430e+00 8.86186017e-01 8.86367394e-02
 1.07111673e+02 1.09266580e+00 6.31973985e+01 2.51543921e-01]
std.dev of utility differences - annuities d_value_1     7.298902
d_value_2    16.951799
d_value_3     7.741191
d_value_4    19.011048
dtype: float64
std.dev of utility differences - ltc d_value_5    1.953963
d_value_6    3.684519
d_value_7    1.950887
d_value_8    3.601105
dtype: float64
std.dev of utility differences - rmr d_value_9     30.517006
d_value_10    33.730107
d_value_11    29.410635
d_value_12    33.546619
dtype: float64
- function call summary
ssd =  7801.841571463092  sigmas =  [[0.01584293 0.02090544]
 [0.1605248  0.12981776]
 [0.01453818 0.01985317]]
pars =  [2.93661486e+00 2.02749693e+00 8.84496126e-01 8.96053012e-02
 1.08176962e+02 1.07965500e+00 6.24597008e+01 2.49637479e-01]
std.dev of utility differences - annuities d_value_1     7.323227
d_value_2    17.017317
d_value_3     7.759760
d_value_4    19.069575
dtype: float64
std.dev of utility differences - ltc d_value_5    1.963936
d_value_6    3.699911
d_value_7    1.959608
d_value_8    3.615693
dtype: float64
std.dev of utility differences - rmr d_value_9     30.613918
d_value_10    33.826016
d_value_11    29.500368
d_value_12    33.635491
dtype: float64
- function call summary
ssd =  7800.430081852954  sigmas =  [[0.01588225 0.02098041]
 [0.16114671 0.12865878]
 [0.01459906 0.01993915]]
pars =  [2.93404567e+00 2.03699004e+00 8.85365394e-01 8.93988640e-02
 1.08497390e+02 1.08764029e+00 6.24453295e+01 2.48797473e-01]
std.dev of utility differences - annuities d_value_1     7.303831
d_value_2    16.974354
d_value_3     7.743511
d_value_4    19.029726
dtype: float64
std.dev of utility differences - ltc d_value_5    1.964377
d_value_6    3.692730
d_value_7    1.961464
d_value_8    3.614101
dtype: float64
std.dev of utility differences - rmr d_value_9     30.535951
d_value_10    33.752924
d_value_11    29.423861
d_value_12    33.557219
dtype: float64
- function call summary
ssd =  7802.0747065520745  sigmas =  [[0.01587155 0.0209305 ]
 [0.16075637 0.12833457]
 [0.0145922  0.01992337]]
pars =  [2.92513681e+00 2.03817699e+00 8.85716945e-01 8.94227134e-02
 1.08822907e+02 1.08776727e+00 6.22982948e+01 2.49257817e-01]
std.dev of utility differences - annuities d_value_1     7.312006
d_value_2    16.998092
d_value_3     7.749173
d_value_4    19.050915
dtype: float64
std.dev of utility differences - ltc d_value_5    1.966846
d_value_6    3.695751
d_value_7    1.965083
d_value_8    3.614466
dtype: float64
std.dev of utility differences - rmr d_value_9     30.558380
d_value_10    33.775592
d_value_11    29.446538
d_value_12    33.583149
dtype: float64
- function call summary
ssd =  7801.884612988612  sigmas =  [[0.01586786 0.02094819]
 [0.16079457 0.12843253]
 [0.01458662 0.0199318 ]]
pars =  [2.92946590e+00 2.03674035e+00 8.85233402e-01 8.94091921e-02
 1.08511586e+02 1.08910354e+00 6.24792333e+01 2.48733264e-01]
std.dev of utility differences - annuities d_value_1     7.311219
d_value_2    16.993234
d_value_3     7.750229
d_value_4    19.047179
dtype: float64
std.dev of utility differences - ltc d_value_5    1.966043
d_value_6    3.696620
d_value_7    1.965979
d_value_8    3.615970
dtype: float64
std.dev of utility differences - rmr d_value_9     30.563266
d_value_10    33.779260
d_value_11    29.447781
d_value_12    33.583277
dtype: float64
- function call summary
ssd =  7801.972260240729  sigmas =  [[0.01587391 0.02096166]
 [0.16084111 0.12917718]
 [0.01457532 0.01991932]]
pars =  [2.93777545e+00 2.03390019e+00 8.85471446e-01 8.94425832e-02
 1.08446431e+02 1.08714774e+00 6.24259647e+01 2.48609385e-01]
std.dev of utility differences - annuities d_value_1     7.306293
d_value_2    16.985661
d_value_3     7.744514
d_value_4    19.038627
dtype: float64
std.dev of utility differences - ltc d_value_5    1.961460
d_value_6    3.691869
d_value_7    1.957771
d_value_8    3.610158
dtype: float64
std.dev of utility differences - rmr d_value_9     30.564654
d_value_10    33.780325
d_value_11    29.452436
d_value_12    33.588425
dtype: float64
- function call summary
ssd =  7801.252055381923  sigmas =  [[0.01589302 0.02100524]
 [0.16121193 0.12859123]
 [0.01461409 0.01996148]]
pars =  [2.93722836e+00 2.03862013e+00 8.85357470e-01 8.94059974e-02
 1.08588123e+02 1.08959234e+00 6.23975573e+01 2.48765523e-01]
std.dev of utility differences - annuities d_value_1     7.298861
d_value_2    16.959224
d_value_3     7.740145
d_value_4    19.014457
dtype: float64
std.dev of utility differences - ltc d_value_5    1.961482
d_value_6    3.688247
d_value_7    1.959195
d_value_8    3.609456
dtype: float64
std.dev of utility differences - rmr d_value_9     30.505352
d_value_10    33.719302
d_value_11    29.393561
d_value_12    33.524403
dtype: float64
- function call summary
ssd =  7801.5870034069585  sigmas =  [[0.01589684 0.02100071]
 [0.16115519 0.1285981 ]
 [0.01461738 0.01997142]]
pars =  [2.93430306e+00 2.03920455e+00 8.85361435e-01 8.93179096e-02
 1.08374352e+02 1.08697931e+00 6.24099243e+01 2.49179559e-01]
std.dev of utility differences - annuities d_value_1     7.297718
d_value_2    16.961137
d_value_3     7.737701
d_value_4    19.014473
dtype: float64
std.dev of utility differences - ltc d_value_5    1.962745
d_value_6    3.688951
d_value_7    1.960458
d_value_8    3.609279
dtype: float64
std.dev of utility differences - rmr d_value_9     30.503289
d_value_10    33.715137
d_value_11    29.390121
d_value_12    33.519957
dtype: float64
- function call summary
ssd =  7800.516729245909  sigmas =  [[0.015872   0.02096875]
 [0.16106322 0.12907528]
 [0.01458819 0.01993   ]]
pars =  [2.93523141e+00 2.03565416e+00 8.85315826e-01 8.92051515e-02
 1.08457769e+02 1.08844925e+00 6.24505046e+01 2.48713625e-01]
std.dev of utility differences - annuities d_value_1     7.305349
d_value_2    16.984016
d_value_3     7.744182
d_value_4    19.036115
dtype: float64
std.dev of utility differences - ltc d_value_5    1.964831
d_value_6    3.694599
d_value_7    1.959456
d_value_8    3.611476
dtype: float64
std.dev of utility differences - rmr d_value_9     30.551248
d_value_10    33.767395
d_value_11    29.440320
d_value_12    33.572065
dtype: float64
- function call summary
ssd =  7800.197438914359  sigmas =  [[0.01587871 0.02097412]
 [0.16116276 0.12884634]
 [0.01459707 0.01993495]]
pars =  [2.93399915e+00 2.03639848e+00 8.85416559e-01 8.93829786e-02
 1.08721370e+02 1.08686038e+00 6.25098636e+01 2.48890340e-01]
std.dev of utility differences - annuities d_value_1     7.302878
d_value_2    16.978639
d_value_3     7.740554
d_value_4    19.030828
dtype: float64
std.dev of utility differences - ltc d_value_5    1.964733
d_value_6    3.691462
d_value_7    1.961402
d_value_8    3.613196
dtype: float64
std.dev of utility differences - rmr d_value_9     30.545524
d_value_10    33.763572
d_value_11    29.432525
d_value_12    33.567509
dtype: float64
- function call summary
ssd =  7801.87562019916  sigmas =  [[0.01589945 0.02099366]
 [0.16112451 0.12881001]
 [0.01461953 0.01997952]]
pars =  [2.93129207e+00 2.03980848e+00 8.85420750e-01 8.94611378e-02
 1.08698006e+02 1.08578487e+00 6.24918741e+01 2.48665369e-01]
std.dev of utility differences - annuities d_value_1     7.296194
d_value_2    16.959447
d_value_3     7.733067
d_value_4    19.010946
dtype: float64
std.dev of utility differences - ltc d_value_5    1.961882
d_value_6    3.687273
d_value_7    1.959420
d_value_8    3.607790
dtype: float64
std.dev of utility differences - rmr d_value_9     30.498881
d_value_10    33.707869
d_value_11    29.383212
d_value_12    33.514599
dtype: float64
- function call summary
ssd =  7800.727221085068  sigmas =  [[0.01586169 0.02094476]
 [0.16089241 0.12890044]
 [0.014569   0.01990715]]
pars =  [2.93416412e+00 2.03434234e+00 8.85469891e-01 8.94808324e-02
 1.08753314e+02 1.08744931e+00 6.25612918e+01 2.49306467e-01]
std.dev of utility differences - annuities d_value_1     7.310275
d_value_2    16.997587
d_value_3     7.749354
d_value_4    19.050906
dtype: float64
std.dev of utility differences - ltc d_value_5    1.966540
d_value_6    3.696260
d_value_7    1.960167
d_value_8    3.612486
dtype: float64
std.dev of utility differences - rmr d_value_9     30.579788
d_value_10    33.796890
d_value_11    29.466058
d_value_12    33.603333
dtype: float64
- function call summary
ssd =  7801.154895400397  sigmas =  [[0.01588523 0.02098666]
 [0.16107329 0.12867023]
 [0.01460594 0.01995425]]
pars =  [2.93452349e+00 2.03756984e+00 8.85489607e-01 8.94511926e-02
 1.08739962e+02 1.08771399e+00 6.26245797e+01 2.48657827e-01]
std.dev of utility differences - annuities d_value_1     7.302549
d_value_2    16.970624
d_value_3     7.743540
d_value_4    19.024964
dtype: float64
std.dev of utility differences - ltc d_value_5    1.962102
d_value_6    3.688775
d_value_7    1.960876
d_value_8    3.611071
dtype: float64
std.dev of utility differences - rmr d_value_9     30.528828
d_value_10    33.744247
d_value_11    29.415569
d_value_12    33.548829
dtype: float64
- function call summary
ssd =  7801.047649800106  sigmas =  [[0.01586574 0.02095241]
 [0.16095127 0.12897432]
 [0.01457335 0.01991226]]
pars =  [2.93429164e+00 2.03421651e+00 8.85306602e-01 8.93619601e-02
 1.08812590e+02 1.08647883e+00 6.23998922e+01 2.48932536e-01]
std.dev of utility differences - annuities d_value_1     7.306115
d_value_2    16.991896
d_value_3     7.747308
d_value_4    19.043966
dtype: float64
std.dev of utility differences - ltc d_value_5    1.964965
d_value_6    3.695105
d_value_7    1.959866
d_value_8    3.611257
dtype: float64
std.dev of utility differences - rmr d_value_9     30.567527
d_value_10    33.783181
d_value_11    29.454298
d_value_12    33.589659
dtype: float64
- function call summary
ssd =  7800.072101549989  sigmas =  [[0.01587377 0.02096918]
 [0.1611477  0.12877876]
 [0.01459377 0.01993137]]
pars =  [2.93338715e+00 2.03613061e+00 8.85489676e-01 8.93135632e-02
 1.08622939e+02 1.08597699e+00 6.26220767e+01 2.49059516e-01]
std.dev of utility differences - annuities d_value_1     7.303548
d_value_2    16.981436
d_value_3     7.741353
d_value_4    19.034691
dtype: float64
std.dev of utility differences - ltc d_value_5    1.965613
d_value_6    3.692251
d_value_7    1.961184
d_value_8    3.614419
dtype: float64
std.dev of utility differences - rmr d_value_9     30.553510
d_value_10    33.772327
d_value_11    29.440076
d_value_12    33.576550
dtype: float64
- function call summary
ssd =  7800.52738824331  sigmas =  [[0.01586938 0.02095785]
 [0.16100819 0.12873008]
 [0.01458776 0.01993151]]
pars =  [2.93263416e+00 2.03588182e+00 8.85629428e-01 8.91611629e-02
 1.08672352e+02 1.08704506e+00 6.26285839e+01 2.48932301e-01]
std.dev of utility differences - annuities d_value_1     7.309313
d_value_2    16.989316
d_value_3     7.749840
d_value_4    19.045378
dtype: float64
std.dev of utility differences - ltc d_value_5    1.965314
d_value_6    3.693015
d_value_7    1.963764
d_value_8    3.615968
dtype: float64
std.dev of utility differences - rmr d_value_9     30.565376
d_value_10    33.784069
d_value_11    29.450415
d_value_12    33.587918
dtype: float64
- function call summary
ssd =  7800.5411213098805  sigmas =  [[0.01587704 0.02097478]
 [0.16111429 0.12863696]
 [0.01459327 0.01993334]]
pars =  [2.93353695e+00 2.03661218e+00 8.85649750e-01 8.93032734e-02
 1.08452715e+02 1.08651750e+00 6.26721146e+01 2.48895911e-01]
std.dev of utility differences - annuities d_value_1     7.302186
d_value_2    16.979210
d_value_3     7.740531
d_value_4    19.031883
dtype: float64
std.dev of utility differences - ltc d_value_5    1.965117
d_value_6    3.691653
d_value_7    1.962657
d_value_8    3.614955
dtype: float64
std.dev of utility differences - rmr d_value_9     30.551952
d_value_10    33.771637
d_value_11    29.438575
d_value_12    33.576030
dtype: float64
- function call summary
ssd =  7800.377890921569  sigmas =  [[0.01587955 0.02097883]
 [0.16108358 0.12939604]
 [0.01459431 0.01993268]]
pars =  [2.93660108e+00 2.03585010e+00 8.85275064e-01 8.92961691e-02
 1.08619834e+02 1.08616413e+00 6.26242378e+01 2.49249906e-01]
std.dev of utility differences - annuities d_value_1     7.302123
d_value_2    16.976604
d_value_3     7.741871
d_value_4    19.028591
dtype: float64
std.dev of utility differences - ltc d_value_5    1.963530
d_value_6    3.689831
d_value_7    1.957601
d_value_8    3.608867
dtype: float64
std.dev of utility differences - rmr d_value_9     30.536825
d_value_10    33.749506
d_value_11    29.426928
d_value_12    33.557657
dtype: float64
- function call summary
ssd =  7800.56612090075  sigmas =  [[0.01586784 0.02094266]
 [0.16086383 0.12915065]
 [0.01457432 0.01991041]]
pars =  [2.93237840e+00 2.03411363e+00 8.85371427e-01 8.93867447e-02
 1.08532501e+02 1.08429593e+00 6.26127281e+01 2.49137476e-01]
std.dev of utility differences - annuities d_value_1     7.308556
d_value_2    16.994844
d_value_3     7.747202
d_value_4    19.045788
dtype: float64
std.dev of utility differences - ltc d_value_5    1.965717
d_value_6    3.697103
d_value_7    1.962305
d_value_8    3.614233
dtype: float64
std.dev of utility differences - rmr d_value_9     30.575118
d_value_10    33.790383
d_value_11    29.461306
d_value_12    33.597336
dtype: float64
- function call summary
ssd =  7800.244941060801  sigmas =  [[0.01585642 0.02093084]
 [0.16092115 0.12856259]
 [0.01457104 0.01991431]]
pars =  [2.92899602e+00 2.03473726e+00 8.85636369e-01 8.93708214e-02
 1.08631250e+02 1.08569684e+00 6.25645574e+01 2.49173235e-01]
std.dev of utility differences - annuities d_value_1     7.312965
d_value_2    17.004125
d_value_3     7.749930
d_value_4    19.056992
dtype: float64
std.dev of utility differences - ltc d_value_5    1.968300
d_value_6    3.699211
d_value_7    1.966898
d_value_8    3.620048
dtype: float64
std.dev of utility differences - rmr d_value_9     30.593221
d_value_10    33.816380
d_value_11    29.478300
d_value_12    33.619771
dtype: float64
- function call summary
ssd =  7800.802657106334  sigmas =  [[0.0158829  0.0209829 ]
 [0.16112255 0.12932962]
 [0.01459736 0.01993768]]
pars =  [2.93661120e+00 2.03612610e+00 8.85416527e-01 8.92689403e-02
 1.08554619e+02 1.08534501e+00 6.27406237e+01 2.49000614e-01]
std.dev of utility differences - annuities d_value_1     7.299839
d_value_2    16.972795
d_value_3     7.739410
d_value_4    19.023916
dtype: float64
std.dev of utility differences - ltc d_value_5    1.962456
d_value_6    3.689763
d_value_7    1.958167
d_value_8    3.607970
dtype: float64
std.dev of utility differences - rmr d_value_9     30.532533
d_value_10    33.745979
d_value_11    29.423645
d_value_12    33.554120
dtype: float64
- function call summary
ssd =  7800.449762733575  sigmas =  [[0.01588083 0.02097864]
 [0.1611536  0.12884662]
 [0.01459934 0.01994027]]
pars =  [2.93447945e+00 2.03671165e+00 8.85445107e-01 8.93247689e-02
 1.08694570e+02 1.08650982e+00 6.25559239e+01 2.49073879e-01]
std.dev of utility differences - annuities d_value_1     7.304921
d_value_2    16.975672
d_value_3     7.743546
d_value_4    19.031886
dtype: float64
std.dev of utility differences - ltc d_value_5    1.963472
d_value_6    3.690838
d_value_7    1.960595
d_value_8    3.612795
dtype: float64
std.dev of utility differences - rmr d_value_9     30.537708
d_value_10    33.755012
d_value_11    29.425612
d_value_12    33.559602
dtype: float64
- function call summary
ssd =  7801.206908497718  sigmas =  [[0.0158736  0.02094976]
 [0.16085909 0.12843504]
 [0.01459061 0.01993551]]
pars =  [2.92879081e+00 2.03747081e+00 8.85393033e-01 8.93414106e-02
 1.08587585e+02 1.08759670e+00 6.26277089e+01 2.49142846e-01]
std.dev of utility differences - annuities d_value_1     7.309625
d_value_2    16.990800
d_value_3     7.747348
d_value_4    19.044950
dtype: float64
std.dev of utility differences - ltc d_value_5    1.966309
d_value_6    3.695287
d_value_7    1.964492
d_value_8    3.613469
dtype: float64
std.dev of utility differences - rmr d_value_9     30.556329
d_value_10    33.771358
d_value_11    29.438748
d_value_12    33.575332
dtype: float64
- function call summary
ssd =  7800.4464947115075  sigmas =  [[0.01585409 0.02092909]
 [0.16086883 0.12841911]
 [0.01456747 0.01990378]]
pars =  [2.92927179e+00 2.03406135e+00 8.85515886e-01 8.92458456e-02
 1.08622946e+02 1.08604039e+00 6.26645243e+01 2.48687490e-01]
std.dev of utility differences - annuities d_value_1     7.313505
d_value_2    17.005820
d_value_3     7.750001
d_value_4    19.059146
dtype: float64
std.dev of utility differences - ltc d_value_5    1.969455
d_value_6    3.700594
d_value_7    1.966066
d_value_8    3.620545
dtype: float64
std.dev of utility differences - rmr d_value_9     30.599388
d_value_10    33.823290
d_value_11    29.485020
d_value_12    33.626144
dtype: float64
- function call summary
ssd =  7800.110086514601  sigmas =  [[0.01586753 0.02095926]
 [0.16105421 0.12906419]
 [0.01458676 0.01991896]]
pars =  [2.93243286e+00 2.03546153e+00 8.85423409e-01 8.93163977e-02
 1.08552279e+02 1.08639700e+00 6.25910878e+01 2.48971027e-01]
std.dev of utility differences - annuities d_value_1     7.306403
d_value_2    16.989253
d_value_3     7.743274
d_value_4    19.043685
dtype: float64
std.dev of utility differences - ltc d_value_5    1.967592
d_value_6    3.695462
d_value_7    1.961718
d_value_8    3.613774
dtype: float64
std.dev of utility differences - rmr d_value_9     30.566280
d_value_10    33.786421
d_value_11    29.453397
d_value_12    33.590655
dtype: float64
- function call summary
ssd =  7799.902103594921  sigmas =  [[0.01587248 0.02096697]
 [0.16112941 0.12912753]
 [0.01459106 0.01993319]]
pars =  [2.93390247e+00 2.03575431e+00 8.85501169e-01 8.93248526e-02
 1.08616877e+02 1.08600344e+00 6.26204798e+01 2.49051934e-01]
std.dev of utility differences - annuities d_value_1     7.304026
d_value_2    16.983501
d_value_3     7.741615
d_value_4    19.036429
dtype: float64
std.dev of utility differences - ltc d_value_5    1.966618
d_value_6    3.693122
d_value_7    1.960180
d_value_8    3.611851
dtype: float64
std.dev of utility differences - rmr d_value_9     30.556928
d_value_10    33.770302
d_value_11    29.444269
d_value_12    33.577089
dtype: float64
- function call summary
ssd =  7800.42574237437  sigmas =  [[0.01586728 0.02095469]
 [0.16100392 0.1291405 ]
 [0.01457847 0.01991262]]
pars =  [2.93401873e+00 2.03480308e+00 8.85512771e-01 8.93538799e-02
 1.08621904e+02 1.08610361e+00 6.26340358e+01 2.49056490e-01]
std.dev of utility differences - annuities d_value_1     7.305099
d_value_2    16.990559
d_value_3     7.744388
d_value_4    19.042479
dtype: float64
std.dev of utility differences - ltc d_value_5    1.966182
d_value_6    3.695073
d_value_7    1.959011
d_value_8    3.611627
dtype: float64
std.dev of utility differences - rmr d_value_9     30.568905
d_value_10    33.785520
d_value_11    29.458190
d_value_12    33.592579
dtype: float64
- function call summary
ssd =  7800.185538164102  sigmas =  [[0.01587312 0.02096862]
 [0.16114007 0.12909994]
 [0.0145926  0.01993515]]
pars =  [2.93403634e+00 2.03599731e+00 8.85505726e-01 8.93272472e-02
 1.08604710e+02 1.08603351e+00 6.26166287e+01 2.49093067e-01]
std.dev of utility differences - annuities d_value_1     7.303526
d_value_2    16.981618
d_value_3     7.741026
d_value_4    19.034946
dtype: float64
std.dev of utility differences - ltc d_value_5    1.966295
d_value_6    3.692614
d_value_7    1.959867
d_value_8    3.611917
dtype: float64
std.dev of utility differences - rmr d_value_9     30.553696
d_value_10    33.766593
d_value_11    29.440907
d_value_12    33.573356
dtype: float64
- function call summary
ssd =  7799.942691915473  sigmas =  [[0.01587327 0.02096887]
 [0.16112696 0.1292274 ]
 [0.01459143 0.01993441]]
pars =  [2.93413131e+00 2.03575720e+00 8.85501927e-01 8.93235014e-02
 1.08621265e+02 1.08589124e+00 6.26138871e+01 2.49006232e-01]
std.dev of utility differences - annuities d_value_1     7.303771
d_value_2    16.982102
d_value_3     7.741083
d_value_4    19.035309
dtype: float64
std.dev of utility differences - ltc d_value_5    1.966915
d_value_6    3.693177
d_value_7    1.959795
d_value_8    3.611579
dtype: float64
std.dev of utility differences - rmr d_value_9     30.555060
d_value_10    33.768151
d_value_11    29.442726
d_value_12    33.575584
dtype: float64
- function call summary
ssd =  7800.10871916832  sigmas =  [[0.01587378 0.02096936]
 [0.16115455 0.12906457]
 [0.01459296 0.01992887]]
pars =  [2.93393968e+00 2.03601224e+00 8.85500675e-01 8.93373932e-02
 1.08618287e+02 1.08611373e+00 6.26245224e+01 2.49023705e-01]
std.dev of utility differences - annuities d_value_1     7.303751
d_value_2    16.981548
d_value_3     7.741112
d_value_4    19.034652
dtype: float64
std.dev of utility differences - ltc d_value_5    1.966384
d_value_6    3.692863
d_value_7    1.959707
d_value_8    3.611950
dtype: float64
std.dev of utility differences - rmr d_value_9     30.553612
d_value_10    33.772145
d_value_11    29.440899
d_value_12    33.577714
dtype: float64
- function call summary
ssd =  7799.941660849476  sigmas =  [[0.01587064 0.02096023]
 [0.16108581 0.12921857]
 [0.01458687 0.01993062]]
pars =  [2.93388565e+00 2.03543948e+00 8.85497351e-01 8.93118103e-02
 1.08623561e+02 1.08612360e+00 6.26192820e+01 2.49047260e-01]
std.dev of utility differences - annuities d_value_1     7.304640
d_value_2    16.986538
d_value_3     7.742116
d_value_4    19.040277
dtype: float64
std.dev of utility differences - ltc d_value_5    1.967018
d_value_6    3.693710
d_value_7    1.960315
d_value_8    3.612315
dtype: float64
std.dev of utility differences - rmr d_value_9     30.561422
d_value_10    33.775220
d_value_11    29.447830
d_value_12    33.582691
dtype: float64
- function call summary
ssd =  7800.162007038622  sigmas =  [[0.01587252 0.02096478]
 [0.16106928 0.12929458]
 [0.01459193 0.01993   ]]
pars =  [2.93435372e+00 2.03556814e+00 8.85512936e-01 8.93250478e-02
 1.08623008e+02 1.08587154e+00 6.26207063e+01 2.49051928e-01]
std.dev of utility differences - annuities d_value_1     7.303353
d_value_2    16.983469
d_value_3     7.741409
d_value_4    19.037368
dtype: float64
std.dev of utility differences - ltc d_value_5    1.967045
d_value_6    3.693199
d_value_7    1.959792
d_value_8    3.611373
dtype: float64
std.dev of utility differences - rmr d_value_9     30.556196
d_value_10    33.770231
d_value_11    29.444232
d_value_12    33.577384
dtype: float64
- function call summary
ssd =  7799.876718101009  sigmas =  [[0.01587094 0.02096505]
 [0.16110574 0.12911947]
 [0.01458957 0.01993057]]
pars =  [2.93346239e+00 2.03555831e+00 8.85497188e-01 8.93275021e-02
 1.08601552e+02 1.08591416e+00 6.26214495e+01 2.49039888e-01]
std.dev of utility differences - annuities d_value_1     7.303733
d_value_2    16.985233
d_value_3     7.741423
d_value_4    19.038386
dtype: float64
std.dev of utility differences - ltc d_value_5    1.967241
d_value_6    3.694195
d_value_7    1.960342
d_value_8    3.612727
dtype: float64
std.dev of utility differences - rmr d_value_9     30.560746
d_value_10    33.774099
d_value_11    29.448196
d_value_12    33.581519
dtype: float64
- function call summary
ssd =  7800.023906227466  sigmas =  [[0.01587144 0.02096455]
 [0.16108217 0.12917875]
 [0.01458759 0.01993204]]
pars =  [2.93379748e+00 2.03554543e+00 8.85475753e-01 8.93281970e-02
 1.08601358e+02 1.08589161e+00 6.26232883e+01 2.49056233e-01]
std.dev of utility differences - annuities d_value_1     7.304097
d_value_2    16.984224
d_value_3     7.741404
d_value_4    19.037733
dtype: float64
std.dev of utility differences - ltc d_value_5    1.966842
d_value_6    3.693387
d_value_7    1.960217
d_value_8    3.612091
dtype: float64
std.dev of utility differences - rmr d_value_9     30.558927
d_value_10    33.772545
d_value_11    29.445641
d_value_12    33.579381
dtype: float64
- function call summary
ssd =  7800.208502311527  sigmas =  [[0.01586997 0.02096252]
 [0.16107064 0.12905746]
 [0.01458935 0.01992881]]
pars =  [2.93314729e+00 2.03548473e+00 8.85497328e-01 8.93344882e-02
 1.08617320e+02 1.08596209e+00 6.26123029e+01 2.49042560e-01]
std.dev of utility differences - annuities d_value_1     7.305216
d_value_2    16.987548
d_value_3     7.742931
d_value_4    19.040281
dtype: float64
std.dev of utility differences - ltc d_value_5    1.967349
d_value_6    3.694875
d_value_7    1.961056
d_value_8    3.613256
dtype: float64
std.dev of utility differences - rmr d_value_9     30.563368
d_value_10    33.777157
d_value_11    29.450675
d_value_12    33.583892
dtype: float64
- function call summary
ssd =  7799.973723924464  sigmas =  [[0.01587101 0.02096377]
 [0.1610762  0.12912358]
 [0.01458772 0.01993028]]
pars =  [2.93343833e+00 2.03547701e+00 8.85504074e-01 8.93227995e-02
 1.08592787e+02 1.08580321e+00 6.26322045e+01 2.49062091e-01]
std.dev of utility differences - annuities d_value_1     7.304167
d_value_2    16.985668
d_value_3     7.741675
d_value_4    19.039110
dtype: float64
std.dev of utility differences - ltc d_value_5    1.967116
d_value_6    3.693848
d_value_7    1.960497
d_value_8    3.612728
dtype: float64
std.dev of utility differences - rmr d_value_9     30.561887
d_value_10    33.775904
d_value_11    29.449345
d_value_12    33.582931
dtype: float64
- function call summary
ssd =  7800.300146649166  sigmas =  [[0.01587116 0.02096524]
 [0.16108771 0.12910209]
 [0.01459051 0.01993107]]
pars =  [2.93350754e+00 2.03564092e+00 8.85502943e-01 8.93138472e-02
 1.08593371e+02 1.08599709e+00 6.26248061e+01 2.49004160e-01]
std.dev of utility differences - annuities d_value_1     7.304644
d_value_2    16.984853
d_value_3     7.741923
d_value_4    19.038171
dtype: float64
std.dev of utility differences - ltc d_value_5    1.966854
d_value_6    3.693759
d_value_7    1.960466
d_value_8    3.612246
dtype: float64
std.dev of utility differences - rmr d_value_9     30.560104
d_value_10    33.773426
d_value_11    29.447039
d_value_12    33.580237
dtype: float64
- function call summary
ssd =  7800.261925927805  sigmas =  [[0.01586986 0.02096159]
 [0.16104707 0.12909667]
 [0.01458878 0.01992819]]
pars =  [2.93304560e+00 2.03540376e+00 8.85497521e-01 8.93229581e-02
 1.08609998e+02 1.08588398e+00 6.26280032e+01 2.49007310e-01]
std.dev of utility differences - annuities d_value_1     7.304726
d_value_2    16.987604
d_value_3     7.742361
d_value_4    19.040475
dtype: float64
std.dev of utility differences - ltc d_value_5    1.967473
d_value_6    3.694992
d_value_7    1.961151
d_value_8    3.613364
dtype: float64
std.dev of utility differences - rmr d_value_9     30.564772
d_value_10    33.778145
d_value_11    29.452028
d_value_12    33.585455
dtype: float64
- function call summary
ssd =  7799.906315620151  sigmas =  [[0.0158708  0.02096423]
 [0.1611004  0.12911878]
 [0.01458927 0.01993069]]
pars =  [2.93329513e+00 2.03553863e+00 8.85501684e-01 8.93385061e-02
 1.08585277e+02 1.08579307e+00 6.26167708e+01 2.49052283e-01]
std.dev of utility differences - annuities d_value_1     7.303845
d_value_2    16.985346
d_value_3     7.741520
d_value_4    19.038543
dtype: float64
std.dev of utility differences - ltc d_value_5    1.967273
d_value_6    3.694327
d_value_7    1.960519
d_value_8    3.612875
dtype: float64
std.dev of utility differences - rmr d_value_9     30.561615
d_value_10    33.775084
d_value_11    29.448793
d_value_12    33.582145
dtype: float64
- function call summary
ssd =  7799.938164961202  sigmas =  [[0.01586999 0.02095977]
 [0.16108284 0.12911127]
 [0.01458532 0.01992921]]
pars =  [2.93329081e+00 2.03536100e+00 8.85485717e-01 8.93302173e-02
 1.08597242e+02 1.08572198e+00 6.26190468e+01 2.49052405e-01]
std.dev of utility differences - annuities d_value_1     7.304426
d_value_2    16.987404
d_value_3     7.742100
d_value_4    19.041029
dtype: float64
std.dev of utility differences - ltc d_value_5    1.967054
d_value_6    3.694086
d_value_7    1.960670
d_value_8    3.612568
dtype: float64
std.dev of utility differences - rmr d_value_9     30.562987
d_value_10    33.777212
d_value_11    29.450535
d_value_12    33.583629
dtype: float64
- function call summary
ssd =  7800.218278530862  sigmas =  [[0.01586995 0.02096182]
 [0.16105969 0.12909559]
 [0.01458817 0.01992782]]
pars =  [2.93320519e+00 2.03544500e+00 8.85508886e-01 8.93235989e-02
 1.08603187e+02 1.08604148e+00 6.26222807e+01 2.49077892e-01]
std.dev of utility differences - annuities d_value_1     7.304823
d_value_2    16.987719
d_value_3     7.742473
d_value_4    19.040760
dtype: float64
std.dev of utility differences - ltc d_value_5    1.967462
d_value_6    3.695022
d_value_7    1.961099
d_value_8    3.613378
dtype: float64
std.dev of utility differences - rmr d_value_9     30.564718
d_value_10    33.778249
d_value_11    29.452009
d_value_12    33.585678
dtype: float64
- function call summary
ssd =  7800.38892893446  sigmas =  [[0.01586921 0.02095809]
 [0.16102849 0.12906793]
 [0.01458395 0.01992389]]
pars =  [2.93375811e+00 2.03523161e+00 8.85502127e-01 8.93390818e-02
 1.08605811e+02 1.08597430e+00 6.26252391e+01 2.49037724e-01]
std.dev of utility differences - annuities d_value_1     7.304324
d_value_2    16.987560
d_value_3     7.742650
d_value_4    19.040892
dtype: float64
std.dev of utility differences - ltc d_value_5    1.966227
d_value_6    3.695067
d_value_7    1.960442
d_value_8    3.612092
dtype: float64
std.dev of utility differences - rmr d_value_9     30.563208
d_value_10    33.778091
d_value_11    29.450962
d_value_12    33.585175
dtype: float64
- function call summary
ssd =  7799.962907980597  sigmas =  [[0.01587278 0.02096681]
 [0.16115701 0.12909445]
 [0.01459191 0.01993341]]
pars =  [2.93343171e+00 2.03581441e+00 8.85492208e-01 8.93264440e-02
 1.08595647e+02 1.08571396e+00 6.26159911e+01 2.49034895e-01]
std.dev of utility differences - annuities d_value_1     7.303977
d_value_2    16.983371
d_value_3     7.741656
d_value_4    19.036426
dtype: float64
std.dev of utility differences - ltc d_value_5    1.966818
d_value_6    3.693410
d_value_7    1.960455
d_value_8    3.612660
dtype: float64
std.dev of utility differences - rmr d_value_9     30.556680
d_value_10    33.769911
d_value_11    29.444130
d_value_12    33.576240
dtype: float64
- function call summary
ssd =  7799.900342082573  sigmas =  [[0.01587126 0.02096487]
 [0.16110642 0.12911374]
 [0.01458977 0.01993081]]
pars =  [2.93349940e+00 2.03558184e+00 8.85491435e-01 8.93243989e-02
 1.08598342e+02 1.08594612e+00 6.26154089e+01 2.49037456e-01]
std.dev of utility differences - annuities d_value_1     7.304630
d_value_2    16.985404
d_value_3     7.742023
d_value_4    19.038489
dtype: float64
std.dev of utility differences - ltc d_value_5    1.967233
d_value_6    3.694172
d_value_7    1.960516
d_value_8    3.612619
dtype: float64
std.dev of utility differences - rmr d_value_9     30.560207
d_value_10    33.773528
d_value_11    29.447624
d_value_12    33.580929
dtype: float64
- function call summary
ssd =  7800.190709591421  sigmas =  [[0.01587066 0.02096434]
 [0.16109583 0.12910003]
 [0.01459041 0.01993055]]
pars =  [2.93338782e+00 2.03561430e+00 8.85495111e-01 8.93261413e-02
 1.08603171e+02 1.08591947e+00 6.26220718e+01 2.49042612e-01]
std.dev of utility differences - annuities d_value_1     7.304751
d_value_2    16.985608
d_value_3     7.742387
d_value_4    19.038408
dtype: float64
std.dev of utility differences - ltc d_value_5    1.967219
d_value_6    3.694199
d_value_7    1.960738
d_value_8    3.612823
dtype: float64
std.dev of utility differences - rmr d_value_9     30.560897
d_value_10    33.773790
d_value_11    29.448060
d_value_12    33.581220
dtype: float64
- function call summary
ssd =  7799.926538288724  sigmas =  [[0.01587126 0.02096486]
 [0.16109488 0.12912372]
 [0.01458923 0.01993107]]
pars =  [2.93355041e+00 2.03552382e+00 8.85499618e-01 8.93272385e-02
 1.08601286e+02 1.08589530e+00 6.26204119e+01 2.49036680e-01]
std.dev of utility differences - annuities d_value_1     7.303609
d_value_2    16.984902
d_value_3     7.741407
d_value_4    19.038421
dtype: float64
std.dev of utility differences - ltc d_value_5    1.967117
d_value_6    3.694003
d_value_7    1.960380
d_value_8    3.612684
dtype: float64
std.dev of utility differences - rmr d_value_9     30.560726
d_value_10    33.774511
d_value_11    29.448158
d_value_12    33.581557
dtype: float64
- function call summary
ssd =  7799.923087200563  sigmas =  [[0.01587062 0.02096469]
 [0.16109267 0.12911357]
 [0.01458888 0.01993044]]
pars =  [2.93348634e+00 2.03550235e+00 8.85495883e-01 8.93248816e-02
 1.08603850e+02 1.08592942e+00 6.26216983e+01 2.49039157e-01]
std.dev of utility differences - annuities d_value_1     7.303954
d_value_2    16.985459
d_value_3     7.741681
d_value_4    19.038839
dtype: float64
std.dev of utility differences - ltc d_value_5    1.967181
d_value_6    3.694138
d_value_7    1.960501
d_value_8    3.612816
dtype: float64
std.dev of utility differences - rmr d_value_9     30.561386
d_value_10    33.775207
d_value_11    29.448757
d_value_12    33.582171
dtype: float64
- function call summary
ssd =  7799.951429543078  sigmas =  [[0.01587102 0.02096512]
 [0.1610937  0.12911467]
 [0.01458942 0.01993054]]
pars =  [2.93348951e+00 2.03554956e+00 8.85495917e-01 8.93296915e-02
 1.08599513e+02 1.08593800e+00 6.26220435e+01 2.49033148e-01]
std.dev of utility differences - annuities d_value_1     7.303689
d_value_2    16.985235
d_value_3     7.741462
d_value_4    19.038416
dtype: float64
std.dev of utility differences - ltc d_value_5    1.967268
d_value_6    3.694115
d_value_7    1.960400
d_value_8    3.612732
dtype: float64
std.dev of utility differences - rmr d_value_9     30.560731
d_value_10    33.774488
d_value_11    29.448172
d_value_12    33.581489
dtype: float64
- function call summary
ssd =  7799.919838965882  sigmas =  [[0.01587077 0.02096448]
 [0.1610956  0.12911391]
 [0.01458904 0.01993039]]
pars =  [2.93341305e+00 2.03550324e+00 8.85494652e-01 8.93280728e-02
 1.08601203e+02 1.08588363e+00 6.26211004e+01 2.49040437e-01]
std.dev of utility differences - annuities d_value_1     7.303925
d_value_2    16.985604
d_value_3     7.741563
d_value_4    19.038871
dtype: float64
std.dev of utility differences - ltc d_value_5    1.967228
d_value_6    3.694171
d_value_7    1.960457
d_value_8    3.612794
dtype: float64
std.dev of utility differences - rmr d_value_9     30.561537
d_value_10    33.775275
d_value_11    29.448883
d_value_12    33.582268
dtype: float64
- function call summary
ssd =  7799.942164487472  sigmas =  [[0.015871   0.02096511]
 [0.1610939  0.12910002]
 [0.01458909 0.01993079]]
pars =  [2.93351045e+00 2.03553467e+00 8.85498191e-01 8.93287244e-02
 1.08600104e+02 1.08593058e+00 6.26209818e+01 2.49049100e-01]
std.dev of utility differences - annuities d_value_1     7.303862
d_value_2    16.985236
d_value_3     7.741485
d_value_4    19.038557
dtype: float64
std.dev of utility differences - ltc d_value_5    1.967172
d_value_6    3.694104
d_value_7    1.960412
d_value_8    3.612804
dtype: float64
std.dev of utility differences - rmr d_value_9     30.560906
d_value_10    33.774699
d_value_11    29.448316
d_value_12    33.581670
dtype: float64
- function call summary
ssd =  7799.906603733551  sigmas =  [[0.01587066 0.02096391]
 [0.16110056 0.12913025]
 [0.01458935 0.01993024]]
pars =  [2.93342067e+00 2.03554837e+00 8.85497565e-01 8.93295525e-02
 1.08605065e+02 1.08592528e+00 6.26199183e+01 2.49039477e-01]
std.dev of utility differences - annuities d_value_1     7.303831
d_value_2    16.985467
d_value_3     7.741454
d_value_4    19.038551
dtype: float64
std.dev of utility differences - ltc d_value_5    1.967254
d_value_6    3.694294
d_value_7    1.960600
d_value_8    3.612798
dtype: float64
std.dev of utility differences - rmr d_value_9     30.561140
d_value_10    33.774473
d_value_11    29.448538
d_value_12    33.581937
dtype: float64
- function call summary
ssd =  7800.224443145571  sigmas =  [[0.01587092 0.02096416]
 [0.16108002 0.12911134]
 [0.01459005 0.01993066]]
pars =  [2.93340549e+00 2.03556424e+00 8.85501313e-01 8.93277561e-02
 1.08601278e+02 1.08589864e+00 6.26219265e+01 2.49036346e-01]
std.dev of utility differences - annuities d_value_1     7.304736
d_value_2    16.985728
d_value_3     7.742142
d_value_4    19.038594
dtype: float64
std.dev of utility differences - ltc d_value_5    1.967249
d_value_6    3.694320
d_value_7    1.960720
d_value_8    3.612803
dtype: float64
std.dev of utility differences - rmr d_value_9     30.561173
d_value_10    33.774172
d_value_11    29.448231
d_value_12    33.581716
dtype: float64
- function call summary
ssd =  7799.921992558015  sigmas =  [[0.01587148 0.02096588]
 [0.16109867 0.1291304 ]
 [0.01458972 0.01993129]]
pars =  [2.93354627e+00 2.03557254e+00 8.85493839e-01 8.93284176e-02
 1.08602655e+02 1.08590096e+00 6.26220611e+01 2.49042496e-01]
std.dev of utility differences - annuities d_value_1     7.303682
d_value_2    16.984765
d_value_3     7.741344
d_value_4    19.038071
dtype: float64
std.dev of utility differences - ltc d_value_5    1.967236
d_value_6    3.693953
d_value_7    1.960309
d_value_8    3.612609
dtype: float64
std.dev of utility differences - rmr d_value_9     30.559951
d_value_10    33.773682
d_value_11    29.447495
d_value_12    33.580644
dtype: float64
- function call summary
ssd =  7799.864210398446  sigmas =  [[0.01587152 0.02096599]
 [0.16111284 0.12912192]
 [0.01459032 0.01993155]]
pars =  [2.93351406e+00 2.03561373e+00 8.85496443e-01 8.93271369e-02
 1.08599726e+02 1.08589295e+00 6.26197618e+01 2.49039291e-01]
std.dev of utility differences - annuities d_value_1     7.304465
d_value_2    16.985007
d_value_3     7.741912
d_value_4    19.037984
dtype: float64
std.dev of utility differences - ltc d_value_5    1.967210
d_value_6    3.694150
d_value_7    1.960495
d_value_8    3.612583
dtype: float64
std.dev of utility differences - rmr d_value_9     30.559716
d_value_10    33.772785
d_value_11    29.446975
d_value_12    33.580187
dtype: float64
- function call summary
ssd =  7800.167620425207  sigmas =  [[0.01587136 0.02096527]
 [0.16110236 0.12912105]
 [0.01459096 0.01993163]]
pars =  [2.93346426e+00 2.03568225e+00 8.85495521e-01 8.93250223e-02
 1.08598831e+02 1.08587625e+00 6.26189990e+01 2.49039624e-01]
std.dev of utility differences - annuities d_value_1     7.304564
d_value_2    16.984632
d_value_3     7.742102
d_value_4    19.037727
dtype: float64
std.dev of utility differences - ltc d_value_5    1.966775
d_value_6    3.693682
d_value_7    1.960428
d_value_8    3.612188
dtype: float64
std.dev of utility differences - rmr d_value_9     30.559314
d_value_10    33.771969
d_value_11    29.446447
d_value_12    33.579157
dtype: float64
- function call summary
ssd =  7799.939200652826  sigmas =  [[0.01587174 0.0209661 ]
 [0.16109842 0.12912922]
 [0.01459002 0.01993135]]
pars =  [2.93355560e+00 2.03559756e+00 8.85496148e-01 8.93299007e-02
 1.08600631e+02 1.08590203e+00 6.26176811e+01 2.49040981e-01]
std.dev of utility differences - annuities d_value_1     7.303410
d_value_2    16.984539
d_value_3     7.741260
d_value_4    19.037815
dtype: float64
std.dev of utility differences - ltc d_value_5    1.967233
d_value_6    3.693989
d_value_7    1.960230
d_value_8    3.612542
dtype: float64
std.dev of utility differences - rmr d_value_9     30.559721
d_value_10    33.773315
d_value_11    29.447203
d_value_12    33.580375
dtype: float64
- function call summary
ssd =  7799.892589671614  sigmas =  [[0.01587143 0.02096528]
 [0.16110614 0.12912139]
 [0.01459029 0.01993161]]
pars =  [2.93351551e+00 2.03561798e+00 8.85497610e-01 8.93244201e-02
 1.08598520e+02 1.08591415e+00 6.26207466e+01 2.49032681e-01]
std.dev of utility differences - annuities d_value_1     7.304562
d_value_2    16.984966
d_value_3     7.741858
d_value_4    19.037984
dtype: float64
std.dev of utility differences - ltc d_value_5    1.967221
d_value_6    3.694164
d_value_7    1.960567
d_value_8    3.612629
dtype: float64
std.dev of utility differences - rmr d_value_9     30.559806
d_value_10    33.772744
d_value_11    29.447030
d_value_12    33.580254
dtype: float64
- function call summary
ssd =  7799.941039771932  sigmas =  [[0.01587177 0.0209661 ]
 [0.16109725 0.12912319]
 [0.01458969 0.01993152]]
pars =  [2.93356067e+00 2.03558576e+00 8.85496435e-01 8.93268928e-02
 1.08595786e+02 1.08587533e+00 6.26208831e+01 2.49042537e-01]
std.dev of utility differences - annuities d_value_1     7.303530
d_value_2    16.984524
d_value_3     7.741271
d_value_4    19.037843
dtype: float64
std.dev of utility differences - ltc d_value_5    1.967254
d_value_6    3.693945
d_value_7    1.960298
d_value_8    3.612624
dtype: float64
std.dev of utility differences - rmr d_value_9     30.559751
d_value_10    33.773538
d_value_11    29.447356
d_value_12    33.580578
dtype: float64
- function call summary
ssd =  7799.871241995623  sigmas =  [[0.01587176 0.0209667 ]
 [0.16111864 0.12911739]
 [0.01459037 0.01993218]]
pars =  [2.93359014e+00 2.03565015e+00 8.85497759e-01 8.93264567e-02
 1.08602662e+02 1.08591451e+00 6.26199802e+01 2.49042460e-01]
std.dev of utility differences - annuities d_value_1     7.304382
d_value_2    16.984566
d_value_3     7.741887
d_value_4    19.037648
dtype: float64
std.dev of utility differences - ltc d_value_5    1.967109
d_value_6    3.693845
d_value_7    1.960429
d_value_8    3.612420
dtype: float64
std.dev of utility differences - rmr d_value_9     30.559070
d_value_10    33.771979
d_value_11    29.446351
d_value_12    33.579497
dtype: float64
- function call summary
ssd =  7799.90781736524  sigmas =  [[0.01587133 0.02096602]
 [0.16110531 0.12910995]
 [0.01458998 0.01993115]]
pars =  [2.93354602e+00 2.03559058e+00 8.85496094e-01 8.93258741e-02
 1.08602399e+02 1.08591848e+00 6.26195986e+01 2.49031845e-01]
std.dev of utility differences - annuities d_value_1     7.304441
d_value_2    16.985154
d_value_3     7.741971
d_value_4    19.038251
dtype: float64
std.dev of utility differences - ltc d_value_5    1.967208
d_value_6    3.694046
d_value_7    1.960226
d_value_8    3.612564
dtype: float64
std.dev of utility differences - rmr d_value_9     30.559875
d_value_10    33.773111
d_value_11    29.447300
d_value_12    33.580565
dtype: float64
- function call summary
ssd =  7799.876360043894  sigmas =  [[0.01587124 0.02096568]
 [0.16111184 0.1291225 ]
 [0.01458982 0.01993089]]
pars =  [2.93350588e+00 2.03558957e+00 8.85494273e-01 8.93254818e-02
 1.08598759e+02 1.08592145e+00 6.26180216e+01 2.49040614e-01]
std.dev of utility differences - annuities d_value_1     7.304453
d_value_2    16.985354
d_value_3     7.741986
d_value_4    19.038303
dtype: float64
std.dev of utility differences - ltc d_value_5    1.967192
d_value_6    3.694113
d_value_7    1.960459
d_value_8    3.612616
dtype: float64
std.dev of utility differences - rmr d_value_9     30.560080
d_value_10    33.773246
d_value_11    29.447409
d_value_12    33.580755
dtype: float64
- function call summary
ssd =  7799.935525559934  sigmas =  [[0.01587173 0.02096624]
 [0.161101   0.12913092]
 [0.01458997 0.01993137]]
pars =  [2.93358260e+00 2.03560172e+00 8.85497849e-01 8.93284731e-02
 1.08602161e+02 1.08589640e+00 6.26216965e+01 2.49041130e-01]
std.dev of utility differences - annuities d_value_1     7.303397
d_value_2    16.984456
d_value_3     7.741223
d_value_4    19.037772
dtype: float64
std.dev of utility differences - ltc d_value_5    1.967210
d_value_6    3.693927
d_value_7    1.960220
d_value_8    3.612491
dtype: float64
std.dev of utility differences - rmr d_value_9     30.559795
d_value_10    33.773280
d_value_11    29.447236
d_value_12    33.580420
dtype: float64
- function call summary
ssd =  7799.907182546429  sigmas =  [[0.01587127 0.02096579]
 [0.16110461 0.12910882]
 [0.01458985 0.01993095]]
pars =  [2.93352047e+00 2.03559026e+00 8.85497089e-01 8.93265258e-02
 1.08599413e+02 1.08591262e+00 6.26193952e+01 2.49040736e-01]
std.dev of utility differences - annuities d_value_1     7.304440
d_value_2    16.985292
d_value_3     7.741962
d_value_4    19.038274
dtype: float64
std.dev of utility differences - ltc d_value_5    1.967237
d_value_6    3.694096
d_value_7    1.960232
d_value_8    3.612622
dtype: float64
std.dev of utility differences - rmr d_value_9     30.560066
d_value_10    33.773229
d_value_11    29.447381
d_value_12    33.580736
dtype: float64
- function call summary
ssd =  7799.872160721742  sigmas =  [[0.01587142 0.02096518]
 [0.16111274 0.12912079]
 [0.0145901  0.01993155]]
pars =  [2.93349996e+00 2.03561365e+00 8.85496542e-01 8.93275085e-02
 1.08600413e+02 1.08589675e+00 6.26196047e+01 2.49039191e-01]
std.dev of utility differences - annuities d_value_1     7.304578
d_value_2    16.985035
d_value_3     7.741983
d_value_4    19.038037
dtype: float64
std.dev of utility differences - ltc d_value_5    1.967207
d_value_6    3.694153
d_value_7    1.960491
d_value_8    3.612587
dtype: float64
std.dev of utility differences - rmr d_value_9     30.559810
d_value_10    33.772792
d_value_11    29.447055
d_value_12    33.580299
dtype: float64
- function call summary
ssd =  7799.866408133912  sigmas =  [[0.01587149 0.02096608]
 [0.16111247 0.12911394]
 [0.01459042 0.01993127]]
pars =  [2.93352578e+00 2.03560829e+00 8.85495763e-01 8.93272561e-02
 1.08599699e+02 1.08589245e+00 6.26198372e+01 2.49037962e-01]
std.dev of utility differences - annuities d_value_1     7.304401
d_value_2    16.984964
d_value_3     7.741976
d_value_4    19.037975
dtype: float64
std.dev of utility differences - ltc d_value_5    1.967160
d_value_6    3.694035
d_value_7    1.960220
d_value_8    3.612556
dtype: float64
std.dev of utility differences - rmr d_value_9     30.559662
d_value_10    33.772705
d_value_11    29.446965
d_value_12    33.580125
dtype: float64
- function call summary
ssd =  7799.871939648413  sigmas =  [[0.01587152 0.02096532]
 [0.16111275 0.12912202]
 [0.01459025 0.01993161]]
pars =  [2.93351184e+00 2.03561885e+00 8.85496491e-01 8.93276527e-02
 1.08599179e+02 1.08589838e+00 6.26199267e+01 2.49038920e-01]
std.dev of utility differences - annuities d_value_1     7.304554
d_value_2    16.984957
d_value_3     7.741958
d_value_4    19.037978
dtype: float64
std.dev of utility differences - ltc d_value_5    1.967229
d_value_6    3.694155
d_value_7    1.960494
d_value_8    3.612573
dtype: float64
std.dev of utility differences - rmr d_value_9     30.559663
d_value_10    33.772738
d_value_11    29.446944
d_value_12    33.580153
dtype: float64
- function call summary
ssd =  7799.84772474686  sigmas =  [[0.01587154 0.0209661 ]
 [0.16111427 0.12911402]
 [0.01459041 0.01993159]]
pars =  [2.93352825e+00 2.03560893e+00 8.85496779e-01 8.93271543e-02
 1.08599964e+02 1.08588553e+00 6.26196254e+01 2.49039777e-01]
std.dev of utility differences - annuities d_value_1     7.304398
d_value_2    16.984944
d_value_3     7.741973
d_value_4    19.037953
dtype: float64
std.dev of utility differences - ltc d_value_5    1.967144
d_value_6    3.694040
d_value_7    1.960214
d_value_8    3.612554
dtype: float64
std.dev of utility differences - rmr d_value_9     30.559677
d_value_10    33.772691
d_value_11    29.446957
d_value_12    33.580114
dtype: float64
- function call summary
ssd =  7799.90607886959  sigmas =  [[0.01587164 0.02096628]
 [0.16110789 0.12911046]
 [0.01459    0.01993135]]
pars =  [2.93354679e+00 2.03560516e+00 8.85497675e-01 8.93269445e-02
 1.08600551e+02 1.08587006e+00 6.26193598e+01 2.49040962e-01]
std.dev of utility differences - annuities d_value_1     7.304378
d_value_2    16.984855
d_value_3     7.741972
d_value_4    19.037931
dtype: float64
std.dev of utility differences - ltc d_value_5    1.967154
d_value_6    3.694001
d_value_7    1.960196
d_value_8    3.612491
dtype: float64
std.dev of utility differences - rmr d_value_9     30.559619
d_value_10    33.772664
d_value_11    29.446960
d_value_12    33.580085
dtype: float64
- function call summary
ssd =  7799.904881947917  sigmas =  [[0.01587141 0.02096588]
 [0.16110595 0.12911752]
 [0.01458989 0.01993108]]
pars =  [2.93351211e+00 2.03559728e+00 8.85496498e-01 8.93273777e-02
 1.08599931e+02 1.08588243e+00 6.26197660e+01 2.49040556e-01]
std.dev of utility differences - annuities d_value_1     7.304422
d_value_2    16.985065
d_value_3     7.742064
d_value_4    19.038079
dtype: float64
std.dev of utility differences - ltc d_value_5    1.967157
d_value_6    3.694046
d_value_7    1.960237
d_value_8    3.612569
dtype: float64
std.dev of utility differences - rmr d_value_9     30.559834
d_value_10    33.772946
d_value_11    29.447174
d_value_12    33.580363
dtype: float64
- function call summary
ssd =  7799.852033148976  sigmas =  [[0.0158716  0.0209662 ]
 [0.16111398 0.12911465]
 [0.01459036 0.0199317 ]]
pars =  [2.93353741e+00 2.03561413e+00 8.85497230e-01 8.93271458e-02
 1.08599654e+02 1.08588694e+00 6.26194097e+01 2.49038158e-01]
std.dev of utility differences - annuities d_value_1     7.304373
d_value_2    16.984875
d_value_3     7.741947
d_value_4    19.037882
dtype: float64
std.dev of utility differences - ltc d_value_5    1.967153
d_value_6    3.694029
d_value_7    1.960212
d_value_8    3.612538
dtype: float64
std.dev of utility differences - rmr d_value_9     30.559565
d_value_10    33.772567
d_value_11    29.446832
d_value_12    33.579997
dtype: float64
- function call summary
ssd =  7799.909661669675  sigmas =  [[0.01587149 0.02096606]
 [0.1611059  0.12910856]
 [0.01458991 0.01993117]]
pars =  [2.93353072e+00 2.03559542e+00 8.85497283e-01 8.93270705e-02
 1.08600201e+02 1.08588786e+00 6.26198521e+01 2.49039111e-01]
std.dev of utility differences - annuities d_value_1     7.304420
d_value_2    16.985069
d_value_3     7.742020
d_value_4    19.038085
dtype: float64
std.dev of utility differences - ltc d_value_5    1.967198
d_value_6    3.694050
d_value_7    1.960243
d_value_8    3.612589
dtype: float64
std.dev of utility differences - rmr d_value_9     30.559815
d_value_10    33.772948
d_value_11    29.447135
d_value_12    33.580400
dtype: float64
- function call summary
ssd =  7799.8785251326335  sigmas =  [[0.01587161 0.02096622]
 [0.16110884 0.12911579]
 [0.01459042 0.01993182]]
pars =  [2.93354204e+00 2.03562143e+00 8.85496384e-01 8.93273199e-02
 1.08600017e+02 1.08588592e+00 6.26195187e+01 2.49040843e-01]
std.dev of utility differences - annuities d_value_1     7.304360
d_value_2    16.984828
d_value_3     7.741904
d_value_4    19.037854
dtype: float64
std.dev of utility differences - ltc d_value_5    1.967149
d_value_6    3.694054
d_value_7    1.960202
d_value_8    3.612516
dtype: float64
std.dev of utility differences - rmr d_value_9     30.559435
d_value_10    33.772425
d_value_11    29.446720
d_value_12    33.579853
dtype: float64
- function call summary
ssd =  7799.850747614067  sigmas =  [[0.0158715  0.02096609]
 [0.16111408 0.12911403]
 [0.01459035 0.01993128]]
pars =  [2.93352963e+00 2.03560784e+00 8.85496668e-01 8.93269083e-02
 1.08600527e+02 1.08589122e+00 6.26196426e+01 2.49038278e-01]
std.dev of utility differences - annuities d_value_1     7.304401
d_value_2    16.984958
d_value_3     7.741975
d_value_4    19.037963
dtype: float64
std.dev of utility differences - ltc d_value_5    1.967145
d_value_6    3.694044
d_value_7    1.960213
d_value_8    3.612554
dtype: float64
std.dev of utility differences - rmr d_value_9     30.559688
d_value_10    33.772724
d_value_11    29.446963
d_value_12    33.580146
dtype: float64
- function call summary
ssd =  7799.87224589818  sigmas =  [[0.01587151 0.02096606]
 [0.16111342 0.12911491]
 [0.01459034 0.01993165]]
pars =  [2.93351798e+00 2.03561406e+00 8.85496681e-01 8.93271138e-02
 1.08599639e+02 1.08587942e+00 6.26193089e+01 2.49038840e-01]
std.dev of utility differences - annuities d_value_1     7.304387
d_value_2    16.984898
d_value_3     7.741950
d_value_4    19.037967
dtype: float64
std.dev of utility differences - ltc d_value_5    1.967139
d_value_6    3.694061
d_value_7    1.960361
d_value_8    3.612502
dtype: float64
std.dev of utility differences - rmr d_value_9     30.559663
d_value_10    33.772667
d_value_11    29.446933
d_value_12    33.580078
dtype: float64
- function call summary
ssd =  7799.879614935209  sigmas =  [[0.01587161 0.02096613]
 [0.16110831 0.12911524]
 [0.01459033 0.0199317 ]]
pars =  [2.93353751e+00 2.03561743e+00 8.85497190e-01 8.93269812e-02
 1.08600393e+02 1.08589143e+00 6.26197290e+01 2.49040305e-01]
std.dev of utility differences - annuities d_value_1     7.304460
d_value_2    16.984888
d_value_3     7.741888
d_value_4    19.037890
dtype: float64
std.dev of utility differences - ltc d_value_5    1.967203
d_value_6    3.694116
d_value_7    1.960243
d_value_8    3.612553
dtype: float64
std.dev of utility differences - rmr d_value_9     30.559545
d_value_10    33.772593
d_value_11    29.446825
d_value_12    33.580013
dtype: float64
- function call summary
ssd =  7799.909532624635  sigmas =  [[0.0158715  0.02096614]
 [0.16110629 0.12910971]
 [0.01458995 0.01993124]]
pars =  [2.93353424e+00 2.03560261e+00 8.85496543e-01 8.93268720e-02
 1.08599588e+02 1.08588839e+00 6.26191743e+01 2.49039781e-01]
std.dev of utility differences - annuities d_value_1     7.304387
d_value_2    16.984978
d_value_3     7.741981
d_value_4    19.037999
dtype: float64
std.dev of utility differences - ltc d_value_5    1.967163
d_value_6    3.694036
d_value_7    1.960217
d_value_8    3.612526
dtype: float64
std.dev of utility differences - rmr d_value_9     30.559678
d_value_10    33.772788
d_value_11    29.447019
d_value_12    33.580212
dtype: float64
- function call summary
ssd =  7799.900359285873  sigmas =  [[0.0158716  0.02096618]
 [0.16110645 0.12911863]
 [0.01458995 0.01993129]]
pars =  [2.93353561e+00 2.03560649e+00 8.85496721e-01 8.93269338e-02
 1.08599149e+02 1.08588322e+00 6.26199189e+01 2.49040212e-01]
std.dev of utility differences - annuities d_value_1     7.304371
d_value_2    16.984937
d_value_3     7.741976
d_value_4    19.037961
dtype: float64
std.dev of utility differences - ltc d_value_5    1.967166
d_value_6    3.694032
d_value_7    1.960228
d_value_8    3.612537
dtype: float64
std.dev of utility differences - rmr d_value_9     30.559585
d_value_10    33.772697
d_value_11    29.446941
d_value_12    33.580120
dtype: float64
- function call summary
ssd =  7799.8603549119325  sigmas =  [[0.01587164 0.02096615]
 [0.1611135  0.12911477]
 [0.01459036 0.0199317 ]]
pars =  [2.93353227e+00 2.03561411e+00 8.85496848e-01 8.93277352e-02
 1.08600338e+02 1.08588138e+00 6.26198623e+01 2.49039069e-01]
std.dev of utility differences - annuities d_value_1     7.304376
d_value_2    16.984880
d_value_3     7.741916
d_value_4    19.037899
dtype: float64
std.dev of utility differences - ltc d_value_5    1.967156
d_value_6    3.694015
d_value_7    1.960204
d_value_8    3.612537
dtype: float64
std.dev of utility differences - rmr d_value_9     30.559561
d_value_10    33.772563
d_value_11    29.446841
d_value_12    33.579993
dtype: float64
- function call summary
ssd =  7799.899808540295  sigmas =  [[0.01587143 0.02096596]
 [0.1611065  0.12911808]
 [0.01458993 0.01993118]]
pars =  [2.93352696e+00 2.03560176e+00 8.85496905e-01 8.93270684e-02
 1.08599703e+02 1.08589462e+00 6.26195113e+01 2.49040374e-01]
std.dev of utility differences - annuities d_value_1     7.304414
d_value_2    16.985028
d_value_3     7.741999
d_value_4    19.038049
dtype: float64
std.dev of utility differences - ltc d_value_5    1.967159
d_value_6    3.694042
d_value_7    1.960223
d_value_8    3.612560
dtype: float64
std.dev of utility differences - rmr d_value_9     30.559765
d_value_10    33.772885
d_value_11    29.447104
d_value_12    33.580304
dtype: float64
- function call summary
ssd =  7799.8785370839705  sigmas =  [[0.01587148 0.02096609]
 [0.16110827 0.12911512]
 [0.01459032 0.0199317 ]]
pars =  [2.93352689e+00 2.03561279e+00 8.85496547e-01 8.93268700e-02
 1.08600781e+02 1.08588054e+00 6.26195833e+01 2.49040179e-01]
std.dev of utility differences - annuities d_value_1     7.304388
d_value_2    16.984923
d_value_3     7.741928
d_value_4    19.037943
dtype: float64
std.dev of utility differences - ltc d_value_5    1.967156
d_value_6    3.694079
d_value_7    1.960208
d_value_8    3.612547
dtype: float64
std.dev of utility differences - rmr d_value_9     30.559601
d_value_10    33.772606
d_value_11    29.446876
d_value_12    33.580027
dtype: float64
estimates =  [2.93352825e+00 2.03560893e+00 8.85496779e-01 8.93271543e-02
 1.08599964e+02 1.08588553e+00 6.26196254e+01 2.49039777e-01]
final distance =  7799.84772474686
