number of parameters =  8 , number of free parameters =  6
theta =  [ 1.75526836  0.82241952  3.23142829 -2.67364877 -2.04022083 -1.1457039 ]
dx =  [0.25 0.25 0.01 0.25 0.25 0.25]
pars =  [5.785 2.276 0.962 0.069 0.    1.    0.13  0.318]
- function call summary
ssd =  7845.417261512809  sigmas =  [[0.03478939 0.03478939]
 [0.2241167  0.2241167 ]
 [0.04747769 0.04747769]]
pars =  [5.785 2.276 0.962 0.069 0.    1.    0.13  0.318]
std.dev of utility differences - annuities d_value_1    4.303229
d_value_2    8.696507
d_value_3    4.783300
d_value_4    8.809801
dtype: float64
std.dev of utility differences - ltc d_value_5    1.304494
d_value_6    2.116188
d_value_7    1.259378
d_value_8    2.071738
dtype: float64
std.dev of utility differences - rmr d_value_9     2.817208
d_value_10    5.283756
d_value_11    3.064162
d_value_12    4.942446
dtype: float64
pars =  [5.84314022 2.276      0.962      0.069      0.         1.
 0.13       0.318     ]
- function call summary
ssd =  7921.592592613262  sigmas =  [[0.03451964 0.03451964]
 [0.19405869 0.19405869]
 [0.04759145 0.04759145]]
pars =  [5.84314022 2.276      0.962      0.069      0.         1.
 0.13       0.318     ]
std.dev of utility differences - annuities d_value_1    4.365838
d_value_2    8.687746
d_value_3    4.830147
d_value_4    8.816795
dtype: float64
std.dev of utility differences - ltc d_value_5    1.248612
d_value_6    2.223204
d_value_7    1.271198
d_value_8    2.287036
dtype: float64
std.dev of utility differences - rmr d_value_9     2.851740
d_value_10    5.295977
d_value_11    3.118542
d_value_12    4.996742
dtype: float64
pars =  [5.785      2.29887418 0.962      0.069      0.         1.
 0.13       0.318     ]
- function call summary
ssd =  7891.348363331381  sigmas =  [[0.03408374 0.03408374]
 [0.2092321  0.2092321 ]
 [0.04774467 0.04774467]]
pars =  [5.785      2.29887418 0.962      0.069      0.         1.
 0.13       0.318     ]
std.dev of utility differences - annuities d_value_1    4.307299
d_value_2    8.626800
d_value_3    4.761228
d_value_4    9.068117
dtype: float64
std.dev of utility differences - ltc d_value_5    1.390287
d_value_6    2.214064
d_value_7    1.320736
d_value_8    2.088509
dtype: float64
std.dev of utility differences - rmr d_value_9     2.856798
d_value_10    5.246624
d_value_11    3.089772
d_value_12    4.967703
dtype: float64
pars =  [5.785      2.276      0.96236388 0.069      0.         1.
 0.13       0.318     ]
- function call summary
ssd =  7844.1002130486695  sigmas =  [[0.03481546 0.03481546]
 [0.22507264 0.22507264]
 [0.04701817 0.04701817]]
pars =  [5.785      2.276      0.96236388 0.069      0.         1.
 0.13       0.318     ]
std.dev of utility differences - annuities d_value_1    4.302831
d_value_2    8.665273
d_value_3    4.778133
d_value_4    8.808853
dtype: float64
std.dev of utility differences - ltc d_value_5    1.213445
d_value_6    2.107715
d_value_7    1.279262
d_value_8    2.063503
dtype: float64
std.dev of utility differences - rmr d_value_9     2.827351
d_value_10    5.284172
d_value_11    3.083605
d_value_12    4.949080
dtype: float64
pars =  [5.785      2.276      0.962      0.06969346 0.         1.
 0.13       0.318     ]
- function call summary
ssd =  7901.385403681632  sigmas =  [[0.03471056 0.03471056]
 [0.20110734 0.20110734]
 [0.04726596 0.04726596]]
pars =  [5.785      2.276      0.962      0.06969346 0.         1.
 0.13       0.318     ]
std.dev of utility differences - annuities d_value_1    4.366710
d_value_2    8.715315
d_value_3    4.812555
d_value_4    8.817928
dtype: float64
std.dev of utility differences - ltc d_value_5    1.561649
d_value_6    2.251540
d_value_7    1.476841
d_value_8    2.196925
dtype: float64
std.dev of utility differences - rmr d_value_9     2.853204
d_value_10    5.290201
d_value_11    3.065945
d_value_12    5.025125
dtype: float64
pars =  [5.785      2.276      0.962      0.069      0.         1.
 0.13130652 0.318     ]
- function call summary
ssd =  7866.053292304849  sigmas =  [[0.03490151 0.03490151]
 [0.21815089 0.21815089]
 [0.04715315 0.04715315]]
pars =  [5.785      2.276      0.962      0.069      0.         1.
 0.13130652 0.318     ]
std.dev of utility differences - annuities d_value_1    4.351173
d_value_2    8.688995
d_value_3    4.699807
d_value_4    8.827579
dtype: float64
std.dev of utility differences - ltc d_value_5    1.246286
d_value_6    2.166028
d_value_7    1.311749
d_value_8    2.057674
dtype: float64
std.dev of utility differences - rmr d_value_9     2.887707
d_value_10    5.332022
d_value_11    3.094691
d_value_12    4.987841
dtype: float64
pars =  [5.785      2.276      0.962      0.069      0.         1.
 0.13       0.32119595]
- function call summary
ssd =  7845.428560692602  sigmas =  [[0.03477183 0.03477183]
 [0.22410581 0.22410581]
 [0.04742292 0.04742292]]
pars =  [5.785      2.276      0.962      0.069      0.         1.
 0.13       0.32119595]
std.dev of utility differences - annuities d_value_1    4.304971
d_value_2    8.700117
d_value_3    4.785839
d_value_4    8.812025
dtype: float64
std.dev of utility differences - ltc d_value_5    1.305391
d_value_6    2.115626
d_value_7    1.259893
d_value_8    2.071912
dtype: float64
std.dev of utility differences - rmr d_value_9     2.819601
d_value_10    5.288200
d_value_11    3.065981
d_value_12    4.946817
dtype: float64
pars =  [5.72743829 2.276      0.962      0.069      0.         1.
 0.13       0.318     ]
- function call summary
ssd =  7863.9686450239815  sigmas =  [[0.03492571 0.03492571]
 [0.21762061 0.21762061]
 [0.04683413 0.04683413]]
pars =  [5.72743829 2.276      0.962      0.069      0.         1.
 0.13       0.318     ]
std.dev of utility differences - annuities d_value_1    4.305741
d_value_2    8.681787
d_value_3    4.777590
d_value_4    8.809196
dtype: float64
std.dev of utility differences - ltc d_value_5    1.271449
d_value_6    2.140403
d_value_7    1.272236
d_value_8    2.080257
dtype: float64
std.dev of utility differences - rmr d_value_9     2.826010
d_value_10    5.279766
d_value_11    3.089422
d_value_12    4.991043
dtype: float64
pars =  [5.785      2.25335342 0.962      0.069      0.         1.
 0.13       0.318     ]
