number of parameters =  14 , number of free parameters =  13
- function call summary
ssd =  8219.416097915582  sigmas =  [[0.02071773 0.0178161 ]
 [0.09514013 0.11725143]
 [0.01654122 0.02296925]]
pars =  [0.314 0.016 0.4   0.108 0.78  0.2   0.05  0.    0.669 0.1   0.1   0.05
 0.1   0.1  ]
- function call summary
ssd =  8219.92538151202  sigmas =  [[0.02077514 0.01789416]
 [0.09495043 0.11683109]
 [0.01650486 0.02289392]]
pars =  [0.32194895 0.016      0.4        0.108      0.78       0.2
 0.05       0.         0.669      0.1        0.1        0.05
 0.1        0.1       ]
- function call summary
ssd =  8219.370529995287  sigmas =  [[0.02071626 0.01781587]
 [0.09515702 0.11725786]
 [0.01654191 0.02297068]]
pars =  [0.314      0.01640504 0.4        0.108      0.78       0.2
 0.05       0.         0.669      0.1        0.1        0.05
 0.1        0.1       ]
- function call summary
ssd =  8215.963577517365  sigmas =  [[0.02096587 0.0179414 ]
 [0.09865616 0.12111431]
 [0.01698089 0.02361141]]
pars =  [0.314      0.016      0.41012605 0.108      0.78       0.2
 0.05       0.         0.669      0.1        0.1        0.05
 0.1        0.1       ]
- function call summary
ssd =  8219.21416069094  sigmas =  [[0.02072158 0.01781827]
 [0.0954196  0.11748498]
 [0.01655724 0.0229812 ]]
pars =  [0.314      0.016      0.4        0.11073403 0.78       0.2
 0.05       0.         0.669      0.1        0.1        0.05
 0.1        0.1       ]
- function call summary
ssd =  8218.44450782262  sigmas =  [[0.02054655 0.01762473]
 [0.0950331  0.11710453]
 [0.01646606 0.02286727]]
pars =  [0.314      0.016      0.4        0.108      0.78425996 0.2
 0.05       0.         0.669      0.1        0.1        0.05
 0.1        0.1       ]
- function call summary
ssd =  8222.503757971434  sigmas =  [[0.0205122  0.01772336]
 [0.09200965 0.11372129]
 [0.01618961 0.02245403]]
pars =  [0.314      0.016      0.4        0.108      0.78       0.20506302
 0.05       0.         0.669      0.1        0.1        0.05
 0.1        0.1       ]
- function call summary
ssd =  8219.756703107589  sigmas =  [[0.0207037  0.01781297]
 [0.09489505 0.11713379]
 [0.01650236 0.02292293]]
pars =  [0.314      0.016      0.4        0.108      0.78       0.2
 0.05126576 0.         0.669      0.1        0.1        0.05
 0.1        0.1       ]
- function call summary
ssd =  8219.656187824925  sigmas =  [[0.02067638 0.01777837]
 [0.09491128 0.11692012]
 [0.01652069 0.02293749]]
pars =  [0.314      0.016      0.4        0.108      0.78       0.2
 0.05       0.         0.68593582 0.1        0.1        0.05
 0.1        0.1       ]
- function call summary
ssd =  8219.500812888484  sigmas =  [[0.02071327 0.01781166]
 [0.09509867 0.11715279]
 [0.01653839 0.02296306]]
pars =  [0.314      0.016      0.4        0.108      0.78       0.2
 0.05       0.         0.669      0.10253151 0.1        0.05
 0.1        0.1       ]
- function call summary
ssd =  8218.160538994649  sigmas =  [[0.02053196 0.01767778]
 [0.09483671 0.11652899]
 [0.01644779 0.02284564]]
pars =  [0.314      0.016      0.4        0.108      0.78       0.2
 0.05       0.         0.669      0.1        0.10253151 0.05
 0.1        0.1       ]
- function call summary
ssd =  8219.381819257187  sigmas =  [[0.02065399 0.01774557]
 [0.09502416 0.11705286]
 [0.01650853 0.02292074]]
pars =  [0.314      0.016      0.4        0.108      0.78       0.2
 0.05       0.         0.669      0.1        0.1        0.05126576
 0.1        0.1       ]
- function call summary
ssd =  8219.451348163786  sigmas =  [[0.0207165  0.01781483]
 [0.09516603 0.11724614]
 [0.01654141 0.02296853]]
pars =  [0.314 0.016 0.4   0.108 0.78  0.2   0.05  0.    0.669 0.1   0.1   0.05
 0.125 0.1  ]
- function call summary
ssd =  8219.365429291678  sigmas =  [[0.02071768 0.01781615]
 [0.09515069 0.11724802]
 [0.0165418  0.02296934]]
pars =  [0.314 0.016 0.4   0.108 0.78  0.2   0.05  0.    0.669 0.1   0.1   0.05
 0.1   0.125]
- function call summary
ssd =  8218.753204905774  sigmas =  [[0.02066504 0.01774197]
 [0.09534582 0.11786672]
 [0.01658203 0.02304427]]
pars =  [0.30624731 0.016      0.4        0.108      0.78       0.2
 0.05       0.         0.669      0.1        0.1        0.05
 0.1        0.1       ]
- function call summary
ssd =  8219.45055641956  sigmas =  [[0.02071894 0.01781635]
 [0.09513033 0.11722986]
 [0.01654018 0.02296786]]
pars =  [0.314      0.01560496 0.4        0.108      0.78       0.2
 0.05       0.         0.669      0.1        0.1        0.05
 0.1        0.1       ]
- function call summary
ssd =  8222.25282706178  sigmas =  [[0.02048121 0.01769448]
 [0.09201715 0.11376105]
 [0.0161406  0.02237192]]
pars =  [0.314      0.016      0.39012396 0.108      0.78       0.2
 0.05       0.         0.669      0.1        0.1        0.05
 0.1        0.1       ]
- function call summary
ssd =  8219.617865525037  sigmas =  [[0.02071351 0.01781407]
 [0.09487133 0.11700492]
 [0.01652501 0.02295653]]
pars =  [0.314      0.016      0.4        0.10533347 0.78       0.2
 0.05       0.         0.669      0.1        0.1        0.05
 0.1        0.1       ]
- function call summary
ssd =  8220.229996178234  sigmas =  [[0.02088727 0.01800348]
 [0.09527542 0.11752878]
 [0.01661443 0.02306973]]
pars =  [0.314      0.016      0.4        0.108      0.77567998 0.2
 0.05       0.         0.669      0.1        0.1        0.05
 0.1        0.1       ]
- function call summary
ssd =  8215.89398793961  sigmas =  [[0.02092004 0.01790709]
 [0.09842655 0.12109589]
 [0.01690644 0.02349058]]
pars =  [0.314      0.016      0.4        0.108      0.78       0.19506198
 0.05       0.         0.669      0.1        0.1        0.05
 0.1        0.1       ]
- function call summary
ssd =  8219.075167390736  sigmas =  [[0.02073172 0.01781958]
 [0.09538055 0.117435  ]
 [0.01657853 0.0230147 ]]
pars =  [0.314     0.016     0.4       0.108     0.78      0.2       0.0487655
 0.        0.669     0.1       0.1       0.05      0.1       0.1      ]
- function call summary
ssd =  8219.132680572267  sigmas =  [[0.02075807 0.01785412]
 [0.09537262 0.11765378]
 [0.01656192 0.02300115]]
pars =  [0.314      0.016      0.4        0.108      0.78       0.2
 0.05       0.         0.65248233 0.1        0.1        0.05
 0.1        0.1       ]
- function call summary
ssd =  8219.321560551496  sigmas =  [[0.02072194 0.01782105]
 [0.09519016 0.11732639]
 [0.01654417 0.02297506]]
pars =  [0.314      0.016      0.4        0.108      0.78       0.2
 0.05       0.         0.669      0.09753099 0.1        0.05
 0.1        0.1       ]
- function call summary
ssd =  8220.52267923262  sigmas =  [[0.02090272 0.01795123]
 [0.09546788 0.11803697]
 [0.01663303 0.02309226]]
pars =  [0.314      0.016      0.4        0.108      0.78       0.2
 0.05       0.         0.669      0.1        0.09753099 0.05
 0.1        0.1       ]
- function call summary
ssd =  8219.423230388695  sigmas =  [[0.02078054 0.01788482]
 [0.09526757 0.11744097]
 [0.01657176 0.0230169 ]]
pars =  [0.314     0.016     0.4       0.108     0.78      0.2       0.05
 0.        0.669     0.1       0.1       0.0487655 0.1       0.1      ]
- function call summary
ssd =  8219.353597060377  sigmas =  [[0.02071897 0.01781739]
 [0.09512925 0.1172474 ]
 [0.01654085 0.02296968]]
pars =  [0.314 0.016 0.4   0.108 0.78  0.2   0.05  0.    0.669 0.1   0.1   0.05
 0.075 0.1  ]
- function call summary
ssd =  8219.44030973562  sigmas =  [[0.02071763 0.0178161 ]
 [0.09514493 0.11724766]
 [0.01654047 0.02296887]]
pars =  [0.314 0.016 0.4   0.108 0.78  0.2   0.05  0.    0.669 0.1   0.1   0.05
 0.1   0.075]
- function call summary
ssd =  8210.116581170441  sigmas =  [[0.02113302 0.01797668]
 [0.10326348 0.12621945]
 [0.01741939 0.02425047]]
pars =  [0.31310998 0.0160031  0.40613853 0.10810563 0.78074104 0.1915612
 0.04991755 0.         0.66815244 0.0999566  0.10057364 0.05000501
 0.09976329 0.10018133]
- function call summary
ssd =  8196.243520950984  sigmas =  [[0.02155193 0.01811667]
 [0.11427331 0.13751144]
 [0.01855575 0.02593474]]
pars =  [0.31135203 0.01600911 0.41938216 0.1083103  0.78220568 0.18499683
 0.04975843 0.         0.66650396 0.09987255 0.10171871 0.05001476
 0.09930322 0.10053371]
- function call summary
ssd =  8161.891382984086  sigmas =  [[0.02233217 0.01837066]
 [0.14035871 0.16389706]
 [0.02132418 0.03016182]]
pars =  [0.30812249 0.01601985 0.44792094 0.10867529 0.78490045 0.1726134
 0.04947667 0.         0.66354788 0.09972283 0.10386781 0.05003223
 0.09847884 0.10116499]
- function call summary
ssd =  8079.767842351098  sigmas =  [[0.02371213 0.01890173]
 [0.2025536  0.23030361]
 [0.02805642 0.041245  ]]
pars =  [0.30432455 0.01603212 0.50204248 0.10909308 0.78810638 0.14702761
 0.04915685 0.         0.66015848 0.09955208 0.10653525 0.05005227
 0.09753361 0.10188868]
- function call summary
ssd =  8011.023138111743  sigmas =  [[0.02055298 0.01642717]
 [0.23279868 0.25582545]
 [0.02822276 0.04587618]]
pars =  [0.27369273 0.01614853 0.65251336 0.1131321  0.81319094 0.13503172
 0.04624139 0.         0.62958603 0.09795267 0.13020884 0.05024053
 0.08867219 0.10867625]
- function call summary
ssd =  8647.232273062764  sigmas =  [[3.19237946e-29 2.42640382e-29]
 [2.85778472e-29 3.76062466e-29]
 [1.55536885e-29 3.18523131e-29]]
pars =  [0.29850711 0.01604483 0.9242898  0.10955332 0.79582212 0.1298039
 0.04877255 0.         0.65637996 0.09937388 0.11697285 0.05007284
 0.09656097 0.10263259]
- function call summary
ssd =  8013.0176769423415  sigmas =  [[0.0215414  0.01713226]
 [0.24252498 0.26858161]
 [0.02971676 0.04820432]]
pars =  [0.27754302 0.01613416 0.66055812 0.11261996 0.80937722 0.14259894
 0.04660306 0.         0.63329438 0.09814847 0.12516513 0.05021749
 0.08975582 0.10784619]
- function call summary
ssd =  8010.977632462833  sigmas =  [[0.02190588 0.01704966]
 [0.25233962 0.28266753]
 [0.02977755 0.04877271]]
pars =  [0.25484513 0.01624597 0.65040356 0.11643382 0.81595978 0.12273593
 0.04420625 0.         0.60555308 0.0966517  0.11273541 0.05040155
 0.08113107 0.11445053]
- function call summary
ssd =  8011.947336882176  sigmas =  [[0.02145604 0.01663974]
 [0.24702839 0.27686116]
 [0.02915933 0.04781008]]
pars =  [0.25812903 0.01623017 0.64940771 0.11587758 0.82275767 0.1231293
 0.04455269 0.         0.60937384 0.09686179 0.11171918 0.0503759
 0.08233158 0.11353094]
- function call summary
ssd =  8010.199468982772  sigmas =  [[0.02240425 0.01743409]
 [0.25797716 0.2881049 ]
 [0.03039561 0.04984438]]
pars =  [0.2641008  0.01618848 0.64408785 0.11449301 0.81319148 0.11306183
 0.0453605  0.         0.61900974 0.09741476 0.11227201 0.05030731
 0.08553808 0.11107336]
- function call summary
ssd =  8010.036507556073  sigmas =  [[0.0223897  0.01742789]
 [0.25775577 0.28749076]
 [0.0303839  0.04981275]]
pars =  [0.26518114 0.0161707  0.64308592 0.1139146  0.81342756 0.11294854
 0.04433447 0.         0.62307711 0.09765144 0.1123019  0.050278
 0.08690865 0.11002255]
- function call summary
ssd =  8010.265025991684  sigmas =  [[0.02284292 0.01779387]
 [0.26320797 0.2925301 ]
 [0.03097606 0.05086011]]
pars =  [0.27513671 0.01623634 0.64855904 0.1155499  0.81131214 0.1112433
 0.04415457 0.         0.61314952 0.09681467 0.11291871 0.05039007
 0.08172722 0.11401102]
- function call summary
ssd =  8010.236746939179  sigmas =  [[0.0223459  0.01739729]
 [0.25719963 0.28690756]
 [0.03034091 0.04973002]]
pars =  [0.26512743 0.01613904 0.64261496 0.11656418 0.81364021 0.11283654
 0.04434277 0.         0.62790471 0.09807308 0.11234506 0.05022554
 0.08936034 0.1081419 ]
- function call summary
ssd =  8010.200889268089  sigmas =  [[0.02252847 0.01755725]
 [0.25973433 0.28935748]
 [0.03058089 0.05014438]]
pars =  [0.26513971 0.01612583 0.64801279 0.11323526 0.81146733 0.11188033
 0.0445626  0.         0.63133038 0.09823925 0.11265926 0.05020258
 0.09041604 0.10732643]
- function call summary
ssd =  8010.35191686347  sigmas =  [[0.0223761  0.01741921]
 [0.25771367 0.28736463]
 [0.03036123 0.04977787]]
pars =  [0.26499916 0.01613622 0.64405353 0.11390621 0.81359044 0.11285221
 0.04431466 0.         0.62121721 0.09778468 0.11239878 0.05022294
 0.11138169 0.10803375]
- function call summary
ssd =  8009.859070927485  sigmas =  [[0.02223893 0.01731455]
 [0.25536707 0.28529338]
 [0.03015675 0.04941207]]
pars =  [0.26340414 0.01621532 0.63255314 0.11395027 0.81341647 0.1111785
 0.04431019 0.         0.62256382 0.09711654 0.1126152  0.05035911
 0.08760719 0.11283136]
- function call summary
ssd =  8009.299560152256  sigmas =  [[0.02216087 0.01725921]
 [0.25501359 0.2847416 ]
 [0.03002925 0.04923449]]
pars =  [0.2625736  0.01615757 0.63529503 0.11402618 0.81380386 0.11085478
 0.04424775 0.         0.62150562 0.09663233 0.1130356  0.0503604
 0.08592504 0.08999423]
- function call summary
ssd =  8009.397480645872  sigmas =  [[0.02221928 0.01729716]
 [0.25552167 0.28525363]
 [0.03009258 0.04934902]]
pars =  [0.26260244 0.01603084 0.63322234 0.11392894 0.81388077 0.11027626
 0.04424338 0.         0.61455862 0.09844654 0.11277648 0.05008891
 0.08243103 0.08777708]
- function call summary
ssd =  8009.132595675114  sigmas =  [[0.02216882 0.01726605]
 [0.25524097 0.28513109]
 [0.03004389 0.04926462]]
pars =  [0.26254548 0.01580382 0.63596976 0.11404549 0.81390311 0.11068071
 0.04423875 0.         0.62205352 0.0957059  0.11309191 0.05018386
 0.08503886 0.09488471]
- function call summary
ssd =  8010.192463588684  sigmas =  [[0.0224446  0.01741701]
 [0.25864716 0.28897938]
 [0.03041881 0.04992758]]
pars =  [0.26361635 0.01581616 0.63928079 0.11393466 0.81452129 0.10976837
 0.0443404  0.         0.62354181 0.09547852 0.11065998 0.05022056
 0.08532701 0.09267551]
- function call summary
ssd =  8008.618473362774  sigmas =  [[0.02221954 0.01731507]
 [0.25621735 0.28589727]
 [0.03012864 0.04940882]]
pars =  [0.26201033 0.01589108 0.63840729 0.1141214  0.81422148 0.11031965
 0.04418966 0.         0.6218446  0.09530344 0.11329536 0.04903505
 0.08438101 0.09601549]
- function call summary
ssd =  8008.691068018933  sigmas =  [[0.02199281 0.01715772]
 [0.25396367 0.28258579]
 [0.02978708 0.04891121]]
pars =  [0.26475964 0.01589153 0.64099093 0.11368123 0.81603412 0.10895508
 0.04446022 0.         0.62470237 0.09562614 0.11447273 0.04912596
 0.08319334 0.09795458]
- function call summary
ssd =  8008.500502668078  sigmas =  [[0.022275   0.01736658]
 [0.25547529 0.28487156]
 [0.0302617  0.04952829]]
pars =  [0.26478777 0.01588804 0.62922243 0.11375674 0.81413256 0.1115109
 0.0444489  0.         0.62498593 0.09530614 0.11317011 0.04853159
 0.08492067 0.0928235 ]
- function call summary
ssd =  8008.419549025833  sigmas =  [[0.02245555 0.01753829]
 [0.25779545 0.28746286]
 [0.03050402 0.04998321]]
pars =  [0.26737969 0.01586389 0.63417002 0.11358766 0.81220778 0.11098975
 0.04510048 0.         0.62426105 0.09529651 0.11403461 0.04843926
 0.08462564 0.09017278]
- function call summary
ssd =  8009.116618615661  sigmas =  [[0.02244182 0.01752556]
 [0.25609219 0.2856202 ]
 [0.03053262 0.04994687]]
pars =  [0.26953121 0.01584307 0.62703795 0.11318152 0.81260912 0.11211262
 0.04531806 0.         0.62672325 0.09564821 0.11382979 0.04834603
 0.06878791 0.09000644]
- function call summary
ssd =  8008.736500127933  sigmas =  [[0.02254692 0.01761817]
 [0.25865519 0.28821226]
 [0.03062342 0.05017657]]
pars =  [0.27077216 0.01592212 0.63547464 0.11339276 0.81140023 0.10998464
 0.04573454 0.         0.62542536 0.09595271 0.11441489 0.04878232
 0.08883491 0.09343776]
- function call summary
ssd =  8008.835863865278  sigmas =  [[0.02247343 0.01755261]
 [0.25698872 0.28714939]
 [0.03058042 0.05002455]]
pars =  [0.26820327 0.01588346 0.63055662 0.11313137 0.8120506  0.11242551
 0.04545046 0.         0.62840255 0.09376337 0.11379345 0.04844817
 0.08829539 0.09396676]
- function call summary
ssd =  8007.924567848199  sigmas =  [[0.02236846 0.01749892]
 [0.25695471 0.28599311]
 [0.03039813 0.04979655]]
pars =  [0.26601316 0.01573702 0.63600098 0.11340523 0.81203655 0.1120022
 0.04464582 0.         0.62390764 0.09462525 0.11507646 0.04795921
 0.08209028 0.08025479]
- function call summary
ssd =  8007.355990922256  sigmas =  [[0.02229718 0.01744759]
 [0.25606578 0.28514448]
 [0.030323   0.04961977]]
pars =  [0.26258713 0.01569417 0.63356143 0.11406428 0.81240921 0.11329363
 0.04440119 0.         0.62117527 0.09398068 0.11500319 0.0473452
 0.08102432 0.08045094]
- function call summary
ssd =  8007.341287686834  sigmas =  [[0.02211564 0.01731039]
 [0.25369605 0.28248907]
 [0.03010365 0.04922784]]
pars =  [0.26213679 0.01565676 0.6314424  0.11346328 0.81394689 0.11461155
 0.04373674 0.         0.62301431 0.09338218 0.11519236 0.04715968
 0.0834341  0.07411107]
- function call summary
ssd =  8006.961201611076  sigmas =  [[0.02197505 0.01719004]
 [0.25124302 0.28089476]
 [0.02989733 0.04887104]]
pars =  [0.26270251 0.01573909 0.62122014 0.11359252 0.81538862 0.11426555
 0.0436772  0.         0.61450864 0.09292887 0.11518997 0.04706481
 0.0859376  0.07397687]
- function call summary
ssd =  8007.007058691926  sigmas =  [[0.02185746 0.0170855 ]
 [0.25061958 0.27873988]
 [0.02972599 0.0485932 ]]
pars =  [0.25916208 0.01562268 0.6234491  0.11432521 0.81680376 0.11398164
 0.04346535 0.         0.61358769 0.09246073 0.11490285 0.0465274
 0.08128169 0.06894437]
- function call summary
ssd =  8007.866251933987  sigmas =  [[0.02209355 0.01728063]
 [0.25081272 0.28063562]
 [0.03009848 0.04908801]]
pars =  [0.2631564  0.01570778 0.61150023 0.11374963 0.81370765 0.11526121
 0.04368567 0.         0.61688158 0.09368066 0.11473878 0.04716731
 0.0936735  0.07105237]
- function call summary
ssd =  8006.745462994633  sigmas =  [[0.02202753 0.01725712]
 [0.25180749 0.28119665]
 [0.0299966  0.04900393]]
pars =  [0.2614213  0.01574605 0.62305115 0.11352614 0.81394316 0.11624088
 0.04346493 0.         0.60992234 0.09279569 0.11594912 0.04674822
 0.08796904 0.07961104]
- function call summary
ssd =  8006.796707687772  sigmas =  [[0.02155633 0.01693242]
 [0.24636756 0.27504828]
 [0.02933698 0.04790594]]
pars =  [0.2588044  0.0157597  0.62118806 0.11384869 0.81530745 0.11660846
 0.04362968 0.         0.61069782 0.09323944 0.11809382 0.0469695
 0.08849563 0.08376421]
- function call summary
ssd =  8007.094880490282  sigmas =  [[0.02192477 0.01720337]
 [0.24992134 0.27861636]
 [0.02989759 0.04877913]]
pars =  [0.26072879 0.01575583 0.62086699 0.11423878 0.81351029 0.11775723
 0.04368921 0.         0.6167634  0.09190915 0.11666505 0.0466699
 0.08465875 0.06985158]
- function call summary
ssd =  8007.36030109544  sigmas =  [[0.02197968 0.01725317]
 [0.25076902 0.2794641 ]
 [0.02995362 0.04889435]]
pars =  [0.26500562 0.01573263 0.62627011 0.11340999 0.81370785 0.11786001
 0.0436904  0.         0.61066044 0.09333523 0.11732367 0.04689429
 0.0888206  0.08211625]
- function call summary
ssd =  8006.55203736063  sigmas =  [[0.02197618 0.0172353 ]
 [0.25089763 0.28021565]
 [0.02994203 0.04887729]]
pars =  [0.25968035 0.01557446 0.62027849 0.11170368 0.81359339 0.11609465
 0.04363735 0.         0.61240563 0.09291237 0.11637466 0.04626624
 0.09038797 0.08294777]
- function call summary
ssd =  8007.462768067288  sigmas =  [[0.02186208 0.01711192]
 [0.24947779 0.27794506]
 [0.02979517 0.04861373]]
pars =  [0.2594881  0.01559954 0.62133939 0.11195813 0.8162225  0.11749902
 0.04401561 0.         0.61153627 0.09304389 0.11534577 0.04624061
 0.09132524 0.08555261]
- function call summary
ssd =  8005.818419013622  sigmas =  [[0.02195175 0.01726021]
 [0.25117331 0.27988388]
 [0.02989979 0.04883722]]
pars =  [0.25909441 0.01548856 0.62279093 0.11281937 0.81207696 0.11530776
 0.04320089 0.         0.61347202 0.09341242 0.11791783 0.04605056
 0.09097058 0.08296035]
- function call summary
ssd =  8005.640784474279  sigmas =  [[0.02195516 0.01730702]
 [0.25178173 0.27942322]
 [0.02988301 0.04884198]]
pars =  [0.2564334  0.0154799  0.62595137 0.1131432  0.80969564 0.1150818
 0.04324705 0.         0.61076758 0.09381199 0.11918764 0.04629563
 0.08400607 0.0799604 ]
- function call summary
ssd =  8005.0558693146  sigmas =  [[0.02205894 0.0174188 ]
 [0.2533751  0.28101731]
 [0.03003258 0.04908572]]
pars =  [0.25585574 0.01553899 0.62823348 0.1141937  0.80754619 0.11433911
 0.04358795 0.         0.6148009  0.09356623 0.11991541 0.04611418
 0.08180564 0.0900962 ]
- function call summary
ssd =  8004.984582763904  sigmas =  [[0.02227876 0.01760588]
 [0.25606718 0.28392637]
 [0.03032947 0.04957826]]
pars =  [0.25464917 0.01552055 0.63034527 0.1152109  0.80486889 0.11375115
 0.04414163 0.         0.61524108 0.09356793 0.11988312 0.04603337
 0.07753403 0.09323728]
- function call summary
ssd =  8005.085717286336  sigmas =  [[0.02244488 0.01770655]
 [0.25725012 0.28558305]
 [0.03057674 0.04994466]]
pars =  [0.25609873 0.01537698 0.6241265  0.1142627  0.80428342 0.11246669
 0.04411879 0.         0.6197911  0.09322138 0.11885887 0.04581739
 0.07629583 0.09884013]
- function call summary
ssd =  8004.507297009072  sigmas =  [[0.02221591 0.01758647]
 [0.255894   0.28341792]
 [0.03022221 0.04945135]]
pars =  [0.25550472 0.01568186 0.63337972 0.11457999 0.80440371 0.11227542
 0.04393862 0.         0.61862275 0.09347014 0.1211354  0.04598285
 0.06940783 0.1000739 ]
- function call summary
ssd =  8004.53669158466  sigmas =  [[0.02205924 0.01749516]
 [0.25452518 0.28099483]
 [0.02998352 0.04908136]]
pars =  [0.25672592 0.01563361 0.63549724 0.11406363 0.80456235 0.11104054
 0.04364974 0.         0.62102806 0.09267208 0.12277074 0.04606944
 0.07308266 0.11051104]
- function call summary
ssd =  8005.182498921274  sigmas =  [[0.02237817 0.01767976]
 [0.25806114 0.28600672]
 [0.03041772 0.04981874]]
pars =  [0.25770953 0.01571879 0.63760546 0.11534789 0.80433436 0.11207342
 0.0436716  0.         0.61517168 0.09325188 0.12032283 0.04645805
 0.05911824 0.11114506]
- function call summary
ssd =  8004.185745269263  sigmas =  [[0.02225307 0.01763098]
 [0.25605591 0.28370808]
 [0.03030426 0.04955317]]
pars =  [0.25534857 0.01589405 0.63184141 0.11412553 0.80393914 0.11229272
 0.04372876 0.         0.62235476 0.09440203 0.12133431 0.04527308
 0.06610977 0.10076457]
- function call summary
ssd =  8003.872835133741  sigmas =  [[0.02210555 0.01754122]
 [0.25486915 0.28195714]
 [0.03006059 0.04917927]]
pars =  [0.25396099 0.01599654 0.63298102 0.11376432 0.80386271 0.11106768
 0.04361837 0.         0.62372253 0.09406076 0.12234793 0.04544683
 0.05412731 0.08778953]
- function call summary
ssd =  8004.036915268442  sigmas =  [[0.02205408 0.01751695]
 [0.25483466 0.28208627]
 [0.02993893 0.04902785]]
pars =  [0.2534082  0.01609671 0.63698127 0.11253754 0.80308727 0.10983325
 0.04370423 0.         0.6208422  0.09376742 0.12328067 0.04596892
 0.04761597 0.08472087]
- function call summary
ssd =  8003.093751474675  sigmas =  [[0.02205798 0.01753882]
 [0.25448629 0.28167894]
 [0.02999041 0.04906277]]
pars =  [0.25184043 0.01583565 0.63288828 0.11247863 0.80283573 0.11103778
 0.04355711 0.         0.6195379  0.09352511 0.12351449 0.04499916
 0.05135858 0.08547711]
- function call summary
ssd =  8002.731700145352  sigmas =  [[0.02195857 0.01748276]
 [0.25341131 0.2800838 ]
 [0.02985995 0.04884275]]
pars =  [0.25135559 0.015696   0.63262576 0.11289525 0.80324613 0.11069325
 0.04361201 0.         0.62093679 0.0927746  0.12439504 0.04441431
 0.03657191 0.0863418 ]
- function call summary
ssd =  8002.246371658443  sigmas =  [[0.02207486 0.01758947]
 [0.25489226 0.2817001 ]
 [0.03002089 0.04910061]]
pars =  [0.25044941 0.01569365 0.63149208 0.11293732 0.80187356 0.10957673
 0.04334469 0.         0.62096865 0.09157751 0.12450967 0.04387904
 0.04204964 0.07952765]
- function call summary
ssd =  8001.681819259612  sigmas =  [[0.02193802 0.01753691]
 [0.25326087 0.27905209]
 [0.02985166 0.04879422]]
pars =  [0.24903227 0.01556126 0.62957203 0.11263434 0.80062041 0.10940536
 0.04313605 0.         0.62552229 0.09123169 0.12639523 0.04345001
 0.04076752 0.07451836]
- function call summary
ssd =  8000.6624732856635  sigmas =  [[0.02179628 0.0174734 ]
 [0.25190776 0.27696754]
 [0.02966495 0.04845955]]
pars =  [0.24697237 0.01550024 0.62874001 0.11229298 0.80005749 0.10882008
 0.04305358 0.         0.62577752 0.09047322 0.1280859  0.04279072
 0.03904124 0.07325835]
- function call summary
ssd =  7999.995678861116  sigmas =  [[0.02130615 0.01715151]
 [0.24679238 0.27034939]
 [0.02896884 0.04735349]]
pars =  [0.24040821 0.01555943 0.62799563 0.11128182 0.80133746 0.10745726
 0.04313352 0.         0.62867313 0.0891273  0.13084207 0.04174845
 0.05050037 0.07663393]
- function call summary
ssd =  7998.560459502718  sigmas =  [[0.02129671 0.01722239]
 [0.24675952 0.2699575 ]
 [0.02893496 0.04729277]]
pars =  [0.24621923 0.01547388 0.623988   0.11099685 0.79987479 0.10592188
 0.04282645 0.         0.61518648 0.08865969 0.13416985 0.04104392
 0.05605628 0.06887409]
- function call summary
ssd =  7998.096879333898  sigmas =  [[0.02138899 0.01735036]
 [0.24807295 0.27063934]
 [0.02904361 0.04747183]]
pars =  [0.24301386 0.01512    0.62348573 0.11107293 0.79586279 0.10544705
 0.04256474 0.         0.60999294 0.08636129 0.13590795 0.04092927
 0.04515016 0.07668832]
- function call summary
ssd =  7997.066096349241  sigmas =  [[0.02157283 0.01754029]
 [0.24998159 0.2724577 ]
 [0.02934845 0.04792026]]
pars =  [0.24282654 0.0151958  0.62150412 0.11090201 0.79366209 0.10505105
 0.04276435 0.         0.61689267 0.08619649 0.13643923 0.03931767
 0.03259804 0.05860159]
- function call summary
ssd =  7996.207608287215  sigmas =  [[0.02101311 0.01715862]
 [0.24395803 0.26540218]
 [0.02855495 0.04663315]]
pars =  [0.24075958 0.01513218 0.62245482 0.11166782 0.79629232 0.10412239
 0.04147454 0.         0.62043921 0.08714836 0.1396449  0.03894576
 0.01623969 0.05296655]
- function call summary
ssd =  7995.92007588267  sigmas =  [[0.02040599 0.01674833]
 [0.23601009 0.25703616]
 [0.02779031 0.04532047]]
pars =  [0.23969942 0.01503691 0.61777492 0.11088193 0.79781222 0.1070312
 0.04169822 0.         0.62693164 0.08588951 0.1436339  0.03899053
 0.01336535 0.03467786]
- function call summary
ssd =  7995.717385718479  sigmas =  [[0.02054795 0.01686707]
 [0.23738151 0.25832437]
 [0.02804092 0.04566763]]
pars =  [0.24020441 0.0150871  0.61755061 0.1109328  0.7963361  0.10863956
 0.04120911 0.         0.63118171 0.08597944 0.14339868 0.03874095
 0.0153595  0.04301505]
- function call summary
ssd =  7995.796806720841  sigmas =  [[0.02032158 0.01672696]
 [0.23474408 0.25531747]
 [0.02773185 0.04515557]]
pars =  [0.23769169 0.01496119 0.61665511 0.11086398 0.79575726 0.10811792
 0.04131916 0.         0.63586326 0.08661076 0.14541462 0.03865328
 0.02462454 0.04518518]
- function call summary
ssd =  7995.839301548257  sigmas =  [[0.02056182 0.01688944]
 [0.237114   0.25856846]
 [0.02803703 0.04566857]]
pars =  [0.23779408 0.01515918 0.61305802 0.11045326 0.79522121 0.10911762
 0.04103342 0.         0.62239095 0.08685123 0.14353148 0.03878652
 0.01343357 0.03673327]
- function call summary
ssd =  7995.6670022197095  sigmas =  [[0.02041388 0.01678075]
 [0.23591664 0.25670514]
 [0.02783524 0.04535693]]
pars =  [0.23886364 0.01526306 0.61648773 0.10939908 0.79650783 0.10762494
 0.04098896 0.         0.6317734  0.08514162 0.14428865 0.03869516
 0.01685471 0.04059165]
- function call summary
ssd =  7996.419837229938  sigmas =  [[0.02041332 0.01675975]
 [0.2362032  0.25666739]
 [0.02781216 0.04533853]]
pars =  [0.2364175  0.01532464 0.61859438 0.110904   0.7970108  0.10745933
 0.04068809 0.         0.63109372 0.0847282  0.14359064 0.03857576
 0.02775937 0.03275537]
- function call summary
ssd =  7995.210123523614  sigmas =  [[0.02032948 0.01670945]
 [0.23482459 0.25580042]
 [0.02771851 0.04516703]]
pars =  [0.23816303 0.0151193  0.6142712  0.10871116 0.79782234 0.10783811
 0.04103142 0.         0.62764823 0.08501553 0.14436862 0.03811206
 0.00895232 0.04862572]
- function call summary
ssd =  7994.956631035038  sigmas =  [[0.02023521 0.01668339]
 [0.23403609 0.2543695 ]
 [0.02757802 0.04492766]]
pars =  [ 0.23759022  0.01517307  0.61667396  0.10928138  0.79651136  0.10763564
  0.04121088  0.          0.62472382  0.08489515  0.14659431  0.03793773
 -0.00373589  0.0546074 ]
- function call summary
ssd =  7994.6639115478165  sigmas =  [[0.02028158 0.01673866]
 [0.23422817 0.25433181]
 [0.0276698  0.04505104]]
pars =  [ 0.23773197  0.01492383  0.61306655  0.10918657  0.79507134  0.10728992
  0.04112669  0.          0.62798723  0.08420661  0.14719037  0.0376716
 -0.01107742  0.05165925]
- function call summary
ssd =  7994.21698163133  sigmas =  [[0.02025568 0.01675618]
 [0.23454848 0.25390184]
 [0.02761071 0.04498934]]
pars =  [ 0.23854138  0.01480955  0.61715461  0.1079836   0.79427026  0.10663342
  0.04094596  0.          0.62264973  0.08426077  0.14890631  0.03738637
 -0.00673876  0.04696038]
- function call summary
ssd =  7993.876291932146  sigmas =  [[0.02019284 0.01674117]
 [0.23363937 0.25256769]
 [0.02752833 0.04483974]]
pars =  [ 0.24085751  0.01482993  0.61307604  0.1078862   0.79439207  0.10555986
  0.04073524  0.          0.62080427  0.08376916  0.15024321  0.03685901
 -0.00175025  0.04456112]
- function call summary
ssd =  7993.359616342035  sigmas =  [[0.02017112 0.0167389 ]
 [0.23363461 0.25213475]
 [0.02748992 0.04478968]]
pars =  [ 0.24150736  0.01486178  0.61393631  0.10696807  0.79471619  0.10435343
  0.04046337  0.          0.62303625  0.08324526  0.15076896  0.03628966
 -0.00404416  0.03784003]
- function call summary
ssd =  7992.787293110535  sigmas =  [[0.02021299 0.01678257]
 [0.23405327 0.25196336]
 [0.02752867 0.04486321]]
pars =  [ 2.46507564e-01  1.49186933e-02  6.10855412e-01  1.05741869e-01
  7.96001118e-01  1.01696629e-01  3.99920494e-02  0.00000000e+00
  6.21525228e-01  8.20020544e-02  1.51153649e-01  3.53060712e-02
 -1.77532252e-04  3.20327338e-02]
- function call summary
ssd =  7992.963016024081  sigmas =  [[0.01977686 0.01648794]
 [0.22827541 0.24485357]
 [0.02700353 0.04391996]]
pars =  [ 0.24978631  0.01507523  0.60897568  0.10579246  0.79896069  0.10231714
  0.03938488  0.          0.63229946  0.0825997   0.15398678  0.03451446
 -0.00533625  0.01289937]
- function call summary
ssd =  7992.4696956925545  sigmas =  [[0.02019707 0.01678858]
 [0.23421043 0.25194894]
 [0.02749774 0.04482508]]
pars =  [0.24559222 0.0150568  0.61271271 0.10587448 0.7952868  0.10206895
 0.03927474 0.         0.61963808 0.08118728 0.1517705  0.03540911
 0.00340871 0.03491875]
- function call summary
ssd =  7992.0255166212555  sigmas =  [[0.02020788 0.01683427]
 [0.23473069 0.25231291]
 [0.02749034 0.04482426]]
pars =  [2.44006642e-01 1.50585024e-02 6.13712129e-01 1.04868283e-01
 7.93619952e-01 1.00837010e-01 3.92929719e-02 0.00000000e+00
 6.16415475e-01 8.07593628e-02 1.53051120e-01 3.50554986e-02
 7.37841058e-04 3.29839596e-02]
- function call summary
ssd =  7991.573558006543  sigmas =  [[0.02018898 0.01684715]
 [0.23473112 0.25186321]
 [0.02745582 0.04478271]]
pars =  [ 0.24386228  0.01490398  0.61366414  0.10461953  0.79270956  0.09984306
  0.03915784  0.          0.61612339  0.07963475  0.15422351  0.03476178
 -0.00530596  0.03604814]
- function call summary
ssd =  7991.10662148811  sigmas =  [[0.02029183 0.01695112]
 [0.23604979 0.25316725]
 [0.02759013 0.04500398]]
pars =  [ 0.24371603  0.01480313  0.61266331  0.10448061  0.7912741   0.09894056
  0.03906953  0.          0.61412674  0.07880812  0.15469941  0.03418582
 -0.00609382  0.03745142]
- function call summary
ssd =  7990.286855730746  sigmas =  [[0.02030676 0.01700805]
 [0.23646597 0.25300917]
 [0.02759537 0.04499852]]
pars =  [ 0.24449679  0.01453327  0.61079084  0.10326521  0.78970871  0.09677574
  0.03879975  0.          0.61261395  0.07668178  0.15655195  0.03347343
 -0.00998598  0.04231665]
- function call summary
ssd =  7988.958200904047  sigmas =  [[0.0204017  0.01715264]
 [0.23866323 0.25387761]
 [0.02767519 0.04516954]]
pars =  [ 0.24635708  0.01428233  0.61215998  0.10398492  0.78818286  0.09203813
  0.037882    0.          0.60801572  0.0733679   0.15902554  0.03151577
 -0.03223338  0.04767539]
- function call summary
ssd =  7988.663845655215  sigmas =  [[0.02048731 0.01726507]
 [0.23731908 0.25229479]
 [0.02799197 0.04546375]]
pars =  [ 0.25171302  0.01377894  0.59623304  0.10197243  0.78643799  0.09308109
  0.03798067  0.          0.62622455  0.06918187  0.16026183  0.03002024
 -0.02652394  0.03532525]
- function call summary
ssd =  7988.54519550493  sigmas =  [[0.0204677  0.01725135]
 [0.23650099 0.25119514]
 [0.02797453 0.04539594]]
pars =  [ 0.2509515   0.01373211  0.58805978  0.10263864  0.78539186  0.09225336
  0.03770808  0.          0.62895685  0.06934419  0.16045474  0.03019536
 -0.02446143  0.02362084]
- function call summary
ssd =  7988.02214888372  sigmas =  [[0.02045425 0.01727249]
 [0.2376283  0.25219266]
 [0.02789084 0.04533887]]
pars =  [ 0.25217287  0.01332824  0.59563645  0.10199324  0.78519266  0.09031096
  0.03692805  0.          0.62079581  0.06979986  0.162127    0.02983463
 -0.02010561  0.02608914]
- function call summary
ssd =  7987.320942213699  sigmas =  [[0.02055445 0.01738901]
 [0.23952753 0.25377905]
 [0.02794367 0.04548591]]
pars =  [ 0.25145636  0.01357047  0.59652736  0.10055252  0.78271161  0.08805858
  0.03698927  0.          0.60736307  0.06834876  0.16361051  0.02962645
 -0.02625922  0.03031786]
- function call summary
ssd =  7986.565411796431  sigmas =  [[0.02030059 0.01724717]
 [0.23770853 0.25145185]
 [0.0275416  0.04486149]]
pars =  [ 0.24522082  0.0136089   0.60033851  0.09997823  0.78214061  0.08649978
  0.03647573  0.          0.60708801  0.06786034  0.16589235  0.02895741
 -0.03128065  0.05204314]
- function call summary
ssd =  7986.170323195589  sigmas =  [[0.02009851 0.01718751]
 [0.23601069 0.24890281]
 [0.02720598 0.04434165]]
pars =  [ 0.24341674  0.01371322  0.60382981  0.09892397  0.77907746  0.085084
  0.03604059  0.          0.59802142  0.06729999  0.17074321  0.02877438
 -0.04596182  0.04094018]
- function call summary
ssd =  7986.484382805716  sigmas =  [[0.0199908  0.01717949]
 [0.23525206 0.24720168]
 [0.02700861 0.04403314]]
pars =  [ 0.24673208  0.01388401  0.60690012  0.09915745  0.77765765  0.08283399
  0.03567803  0.          0.58972711  0.06692574  0.17467     0.02842002
 -0.02748523  0.0434229 ]
- function call summary
ssd =  7986.683495809405  sigmas =  [[0.02018908 0.01728605]
 [0.2373474  0.25005205]
 [0.02733721 0.04457604]]
pars =  [ 0.24317688  0.01374831  0.60990169  0.09873037  0.77720009  0.08452768
  0.03622046  0.          0.60874178  0.06737788  0.17103394  0.02880661
 -0.0450225   0.03861102]
- function call summary
ssd =  7985.541279742098  sigmas =  [[0.02034559 0.01738538]
 [0.23920224 0.25207323]
 [0.02752236 0.04488069]]
pars =  [ 0.24201492  0.01373123  0.6034575   0.09814039  0.77676085  0.08442396
  0.03612886  0.          0.59466183  0.06721389  0.16981713  0.02840484
 -0.0492977   0.04715992]
- function call summary
ssd =  7986.033846375989  sigmas =  [[0.02073173 0.0177072 ]
 [0.24416658 0.2577748 ]
 [0.02798895 0.04570562]]
pars =  [ 0.23819974  0.013742    0.60461052  0.09673819  0.7721858   0.08279309
  0.03640127  0.          0.58508497  0.06657738  0.16884948  0.02783688
 -0.05378895  0.05706894]
- function call summary
ssd =  7985.787158272486  sigmas =  [[0.02012591 0.01724315]
 [0.23638096 0.24889499]
 [0.02724328 0.04438082]]
pars =  [ 0.24143753  0.01362032  0.60087765  0.09861419  0.77703926  0.0844455
  0.03671609  0.          0.59389726  0.06760815  0.17189509  0.02818019
 -0.04791384  0.04636915]
- function call summary
ssd =  7986.5150831975225  sigmas =  [[0.02033209 0.01739133]
 [0.23828738 0.25094342]
 [0.02755827 0.04488088]]
pars =  [ 0.24520454  0.01372858  0.60000367  0.0974152   0.77649793  0.08443713
  0.03598082  0.          0.59828316  0.06780469  0.17073268  0.02820081
 -0.05783791  0.05605536]
- function call summary
ssd =  7985.579184046912  sigmas =  [[0.02033681 0.01735006]
 [0.23936667 0.25209447]
 [0.02746929 0.04484559]]
pars =  [ 0.24267534  0.01379666  0.60518617  0.09820679  0.77871442  0.08334673
  0.03631629  0.          0.5937813   0.06734342  0.1687886   0.02833383
 -0.06215113  0.03990414]
- function call summary
ssd =  7985.549818055959  sigmas =  [[0.02035704 0.01738919]
 [0.23918057 0.25198307]
 [0.02755477 0.04491533]]
pars =  [ 0.24095119  0.0138094   0.6011495   0.09790701  0.77693166  0.08471062
  0.03603395  0.          0.59555562  0.06758899  0.16931874  0.02799906
 -0.04257109  0.03168441]
- function call summary
ssd =  7985.784067835919  sigmas =  [[0.02044209 0.01747528]
 [0.24058842 0.25336668]
 [0.0276625  0.04511718]]
pars =  [ 0.24251261  0.01377166  0.60738586  0.09984304  0.77596246  0.08479196
  0.03599428  0.          0.59530033  0.06682328  0.16987982  0.0280879
 -0.0562858   0.05035283]
- function call summary
ssd =  7985.5528070952205  sigmas =  [[0.02049412 0.01750396]
 [0.24122376 0.2540299 ]
 [0.02769607 0.04518846]]
pars =  [ 0.24078259  0.01356155  0.60379484  0.09935493  0.77508998  0.08357525
  0.03608639  0.          0.5916744   0.06743716  0.16931752  0.02839338
 -0.05093509  0.04015843]
- function call summary
ssd =  7985.591441000806  sigmas =  [[0.02017273 0.01725116]
 [0.23785712 0.25012478]
 [0.02725691 0.04449755]]
pars =  [ 0.24062912  0.01359007  0.60918895  0.09786589  0.77866365  0.0840509
  0.03574185  0.          0.59492064  0.06734493  0.1703613   0.02815577
 -0.04757419  0.05320469]
- function call summary
ssd =  7985.499313065161  sigmas =  [[0.02027663 0.01735424]
 [0.23893765 0.25136172]
 [0.02738992 0.04469462]]
pars =  [ 0.23958394  0.013625    0.60549192  0.0980707   0.77633556  0.08372803
  0.03611529  0.          0.58878855  0.06670104  0.17086649  0.0280408
 -0.05301327  0.04619214]
- function call summary
ssd =  7985.352642221878  sigmas =  [[0.0203838  0.01745112]
 [0.23956514 0.25221724]
 [0.02756057 0.04493424]]
pars =  [ 0.2416828   0.01354403  0.59885817  0.09799476  0.77488128  0.08344858
  0.03568658  0.          0.58740827  0.06640545  0.17121196  0.02781637
 -0.05621922  0.03821317]
- function call summary
ssd =  7985.544369116094  sigmas =  [[0.02047173 0.01750893]
 [0.24057813 0.25336514]
 [0.02770129 0.04516386]]
pars =  [ 0.24367737  0.01339437  0.59907515  0.0982513   0.77549291  0.08268289
  0.03570337  0.          0.59207238  0.0660068   0.17039408  0.02745054
 -0.05077677  0.03991776]
- function call summary
ssd =  7984.96309814658  sigmas =  [[0.02008266 0.01723928]
 [0.23572449 0.24811404]
 [0.02718214 0.04426851]]
pars =  [ 0.23936652  0.01358195  0.59306009  0.09842267  0.7754474   0.08322995
  0.03548409  0.          0.59485608  0.06579731  0.1729384   0.02778478
 -0.05662509  0.04214798]
- function call summary
ssd =  7985.140997366992  sigmas =  [[0.01996446 0.01718774]
 [0.23484404 0.24687085]
 [0.02700221 0.04399897]]
pars =  [ 0.23687194  0.01365613  0.59977071  0.09882325  0.77452711  0.08314542
  0.03525425  0.          0.59589588  0.06603036  0.17482009  0.02756439
 -0.06475217  0.04518634]
- function call summary
ssd =  7985.1387479992  sigmas =  [[0.01994987 0.01716438]
 [0.2338129  0.24559048]
 [0.02702367 0.0439502 ]]
pars =  [ 0.24130086  0.01351082  0.59053234  0.09766818  0.77522371  0.08275134
  0.0356695   0.          0.59451688  0.06575291  0.17508222  0.02770107
 -0.06794208  0.05231551]
- function call summary
ssd =  7984.508149173602  sigmas =  [[0.02009885 0.01723588]
 [0.23618032 0.24849614]
 [0.02718776 0.04429681]]
pars =  [ 0.23986333  0.01353647  0.59367995  0.09797245  0.77638228  0.08281398
  0.0353526   0.          0.59166125  0.064735    0.17255173  0.02753334
 -0.06401243  0.05127931]
- function call summary
ssd =  7984.647858435348  sigmas =  [[0.02014383 0.01730294]
 [0.23670321 0.24903863]
 [0.02724393 0.04437444]]
pars =  [ 0.24099859  0.01344722  0.59309602  0.09820668  0.7746646   0.08170015
  0.03545638  0.          0.59069615  0.06389743  0.17382896  0.02739016
 -0.06671759  0.05262789]
- function call summary
ssd =  7984.317861693504  sigmas =  [[0.0201053  0.01723568]
 [0.23607356 0.24839123]
 [0.02718128 0.04429203]]
pars =  [ 0.24017411  0.01359864  0.58947667  0.09879506  0.77692522  0.08200142
  0.03530039  0.          0.58819488  0.06501585  0.17232686  0.02711502
 -0.07259583  0.04816565]
- function call summary
ssd =  7983.966748324702  sigmas =  [[0.01994212 0.01711976]
 [0.23446797 0.24632766]
 [0.02694369 0.04391783]]
pars =  [ 0.23963761  0.0136004   0.59135123  0.09730617  0.77840025  0.08172481
  0.0349884   0.          0.58799832  0.06506442  0.1732085   0.02675711
 -0.07521337  0.0506537 ]
- function call summary
ssd =  7984.403698689799  sigmas =  [[0.01991387 0.01710501]
 [0.23400047 0.24598008]
 [0.02690223 0.0438589 ]]
pars =  [ 0.23697427  0.01344615  0.58921718  0.09708362  0.77777919  0.08210254
  0.0347894   0.          0.58383218  0.06488392  0.1734601   0.02660257
 -0.07874855  0.06401388]
- function call summary
ssd =  7984.078176632631  sigmas =  [[0.02002438 0.01720342]
 [0.23493799 0.24670689]
 [0.02709209 0.04410827]]
pars =  [ 0.23977381  0.01356163  0.58636917  0.09636864  0.7765935   0.08193937
  0.03496807  0.          0.58725779  0.06434843  0.17359931  0.02652856
 -0.06846469  0.04134303]
- function call summary
ssd =  7984.076293223701  sigmas =  [[0.0199669  0.01714134]
 [0.23487663 0.24702433]
 [0.02695389 0.04395624]]
pars =  [ 0.24183269  0.01370378  0.59244738  0.09695875  0.77876815  0.08051771
  0.0346209   0.          0.58811986  0.06443801  0.17331497  0.02673215
 -0.08074622  0.0483456 ]
- function call summary
ssd =  7984.437163502499  sigmas =  [[0.01987495 0.01708014]
 [0.2338922  0.2456706 ]
 [0.02680253 0.04373586]]
pars =  [ 0.23839586  0.01347418  0.59242213  0.09730917  0.77806891  0.0803622
  0.03468997  0.          0.58532446  0.0653342   0.17409052  0.02681278
 -0.06656153  0.04838236]
- function call summary
ssd =  7983.857599437576  sigmas =  [[0.01975558 0.01698128]
 [0.23186116 0.24368568]
 [0.02673079 0.04354382]]
pars =  [ 0.23915868  0.01361363  0.5881034   0.09727604  0.77952124  0.08230889
  0.03530914  0.          0.5931038   0.06451852  0.17404159  0.02650303
 -0.08501339  0.04307565]
- function call summary
ssd =  7983.723079887011  sigmas =  [[0.01980926 0.01703753]
 [0.2321973  0.24417649]
 [0.02683149 0.04365233]]
pars =  [ 0.24097437  0.01381002  0.58555551  0.09753634  0.77902016  0.08276194
  0.03534883  0.          0.58914545  0.06414833  0.17447269  0.02616305
 -0.07823909  0.04344161]
- function call summary
ssd =  7983.861862796795  sigmas =  [[0.01998667 0.01716548]
 [0.23350848 0.24573612]
 [0.02712102 0.04406066]]
pars =  [ 0.24223205  0.01374775  0.57911138  0.09726393  0.77794233  0.0832629
  0.03544308  0.          0.58880053  0.06328643  0.17337048  0.02603625
 -0.08274149  0.03357929]
- function call summary
ssd =  7983.676160032383  sigmas =  [[0.0198801  0.01712211]
 [0.2335245  0.24501338]
 [0.0268827  0.04378728]]
pars =  [ 0.23874617  0.01391207  0.58896665  0.09679726  0.77683659  0.08216473
  0.03544993  0.          0.58432629  0.06408506  0.17527679  0.02607427
 -0.08665541  0.04419595]
- function call summary
ssd =  7984.088594271761  sigmas =  [[0.0197476  0.01703507]
 [0.23225823 0.24344821]
 [0.02666419 0.04346216]]
pars =  [ 0.23828653  0.01403794  0.59049048  0.09680363  0.77744212  0.08082849
  0.03524477  0.          0.58299223  0.06422757  0.1764374   0.02594413
 -0.078043    0.05230749]
- function call summary
ssd =  7983.615475852746  sigmas =  [[0.02000421 0.01719834]
 [0.23508024 0.24682958]
 [0.02701718 0.04402811]]
pars =  [ 0.23844463  0.01382654  0.58612261  0.09749218  0.77700281  0.08158818
  0.03537753  0.          0.57389967  0.0640738   0.17409605  0.02583966
 -0.08865371  0.04348668]
- function call summary
ssd =  7983.524356699756  sigmas =  [[0.01985291 0.01711945]
 [0.23287195 0.24434772]
 [0.02685184 0.04369014]]
pars =  [ 0.24051608  0.01389737  0.58334546  0.09800853  0.77666636  0.0823909
  0.03513181  0.          0.57262365  0.06403079  0.17652089  0.0257232
 -0.09274535  0.03391946]
- function call summary
ssd =  7983.466092938162  sigmas =  [[0.01993998 0.01717367]
 [0.23347153 0.24512443]
 [0.0270115  0.04392074]]
pars =  [ 0.23942591  0.01399161  0.58083563  0.0985174   0.77642898  0.08349813
  0.03552048  0.          0.57574015  0.06376488  0.17525425  0.02551461
 -0.09957242  0.03313047]
- function call summary
ssd =  7983.702094581821  sigmas =  [[0.01995504 0.01717378]
 [0.23348347 0.24529756]
 [0.02704416 0.04398717]]
pars =  [ 0.23663938  0.01395548  0.58093631  0.0984391   0.77599954  0.08444549
  0.03598306  0.          0.57995775  0.06380724  0.17443596  0.0256587
 -0.10696827  0.03734574]
- function call summary
ssd =  7983.150909373942  sigmas =  [[0.01984093 0.01708549]
 [0.23195093 0.24363219]
 [0.02688074 0.043703  ]]
pars =  [ 0.23674114  0.01386724  0.57447844  0.09804373  0.77680342  0.08350115
  0.03539885  0.          0.57616739  0.06342915  0.17513212  0.02539194
 -0.11382765  0.03171122]
- function call summary
ssd =  7982.902295466498  sigmas =  [[0.01974559 0.01701843]
 [0.23090819 0.24248003]
 [0.02674664 0.04348926]]
pars =  [ 0.23664739  0.01392963  0.5744659   0.09674702  0.77770075  0.08329436
  0.03521723  0.          0.57631465  0.06281318  0.17572806  0.02503233
 -0.12114413  0.02967651]
- function call summary
ssd =  7982.384225090117  sigmas =  [[0.01979722 0.01708341]
 [0.23128182 0.24274859]
 [0.02683105 0.04358605]]
pars =  [ 0.23702234  0.01390555  0.56921397  0.09686092  0.77602723  0.08270924
  0.03518905  0.          0.57346469  0.06218432  0.1765309   0.02478898
 -0.13102948  0.02257233]
- function call summary
ssd =  7981.496765513583  sigmas =  [[0.01983759 0.01717574]
 [0.23132184 0.24291542]
 [0.02693411 0.04364241]]
pars =  [ 0.2376654   0.01380212  0.56109335  0.09663425  0.77269152  0.08212951
  0.03529325  0.          0.56795098  0.0607701   0.17898387  0.02424318
 -0.1504448   0.01177383]
- function call summary
ssd =  7980.915884461441  sigmas =  [[0.01997919 0.01733885]
 [0.23192726 0.24343214]
 [0.02714818 0.0439102 ]]
pars =  [ 0.23703155  0.01398029  0.54457305  0.09640764  0.76911318  0.0808917
  0.0348949   0.          0.55385288  0.05820591  0.18042314  0.02293001
 -0.19729174 -0.00581462]
- function call summary
ssd =  7981.660500541845  sigmas =  [[0.01886264 0.01662643]
 [0.21767581 0.22706145]
 [0.02576649 0.04144518]]
pars =  [ 0.23750199  0.01363058  0.53581787  0.09468453  0.77027565  0.08111052
  0.0357237   0.          0.56785878  0.05853664  0.19259249  0.02177252
 -0.21039181 -0.0256695 ]
- function call summary
ssd =  7980.784993875177  sigmas =  [[0.02001861 0.01738931]
 [0.23197657 0.24335469]
 [0.02723571 0.04400182]]
pars =  [ 0.23638154  0.01407767  0.5410528   0.09649119  0.76748566  0.08151719
  0.03474726  0.          0.55406403  0.05802133  0.18092281  0.02272294
 -0.18113842 -0.00370016]
- function call summary
ssd =  7980.873096082416  sigmas =  [[0.01968671 0.01716697]
 [0.2280689  0.23900504]
 [0.02679663 0.04325594]]
pars =  [ 0.23538877  0.01369208  0.54002856  0.09471661  0.76815336  0.08177343
  0.03459244  0.          0.54938162  0.05645027  0.18429222  0.02264351
 -0.1851282   0.00747018]
- function call summary
ssd =  7981.018388755236  sigmas =  [[0.01991506 0.01734071]
 [0.23113274 0.24241041]
 [0.02709029 0.04376899]]
pars =  [ 0.23596033  0.01418547  0.54384795  0.09715595  0.76674341  0.08070246
  0.03490881  0.          0.55707029  0.05766694  0.18268159  0.02268945
 -0.18418117  0.0096573 ]
- function call summary
ssd =  7981.148398938737  sigmas =  [[0.02008821 0.01747284]
 [0.23265685 0.24433061]
 [0.02735618 0.04416985]]
pars =  [ 0.23645595  0.01397859  0.54210488  0.09621469  0.76517255  0.08145015
  0.03521327  0.          0.55687611  0.05764954  0.18181146  0.02274584
 -0.18540013 -0.01408522]
- function call summary
ssd =  7980.700030318786  sigmas =  [[0.02003044 0.01739497]
 [0.23217737 0.24370675]
 [0.0272235  0.04401403]]
pars =  [ 0.23410775  0.01394181  0.53716009  0.0962648   0.76691399  0.080233
  0.03455695  0.          0.55654239  0.0583114   0.18044244  0.02260806
 -0.17807429 -0.00307513]
- function call summary
ssd =  7980.520095387655  sigmas =  [[0.02011452 0.0174614 ]
 [0.23337653 0.24474638]
 [0.02734467 0.0442024 ]]
pars =  [ 0.23631548  0.01375396  0.5400516   0.09679273  0.76690373  0.08010545
  0.03460882  0.          0.55371304  0.05842187  0.18051371  0.02233512
 -0.18337979  0.00608814]
- function call summary
ssd =  7980.930140944003  sigmas =  [[0.0200302  0.01740769]
 [0.23193654 0.24332628]
 [0.02727636 0.04403995]]
pars =  [ 0.23758105  0.01368651  0.53767469  0.0980217   0.76709787  0.08022389
  0.03414983  0.          0.55959309  0.05803446  0.18128502  0.02236854
 -0.1866275   0.00106445]
- function call summary
ssd =  7981.238868185433  sigmas =  [[0.01986861 0.01730153]
 [0.23000143 0.24108914]
 [0.02702037 0.04362601]]
pars =  [ 0.23683523  0.01368189  0.53509681  0.09617341  0.76716262  0.07957135
  0.03472733  0.          0.54885326  0.05803202  0.18319615  0.02246345
 -0.18921966  0.00517876]
- function call summary
ssd =  7980.567693750897  sigmas =  [[0.02016046 0.01748162]
 [0.23437434 0.24589735]
 [0.02737307 0.04430104]]
pars =  [ 0.23771676  0.01377084  0.54287314  0.0967896   0.76820633  0.07916604
  0.03460553  0.          0.55127725  0.05771773  0.17975037  0.02220441
 -0.17418782 -0.00200747]
- function call summary
ssd =  7980.508437797352  sigmas =  [[0.01993118 0.01731468]
 [0.23167474 0.24343728]
 [0.02704545 0.0438059 ]]
pars =  [ 0.232539    0.01378666  0.54263769  0.09594696  0.76857046  0.07975978
  0.03445032  0.          0.55606064  0.05800336  0.18054164  0.02224525
 -0.19021142  0.00665076]
- function call summary
ssd =  7980.900799896378  sigmas =  [[0.01983825 0.0172433 ]
 [0.23060081 0.2423891 ]
 [0.02689734 0.04359463]]
pars =  [ 0.22952993  0.01376421  0.54205601  0.09740816  0.76867364  0.08021627
  0.03464332  0.          0.55099973  0.057933    0.18098743  0.02218498
 -0.19004977 -0.00112449]
- function call summary
ssd =  7980.835919061969  sigmas =  [[0.02013797 0.01744345]
 [0.23328209 0.24563807]
 [0.02735172 0.0442629 ]]
pars =  [ 0.2329344   0.01382163  0.5370062   0.09641714  0.7681334   0.08024998
  0.03481272  0.          0.55663676  0.0572992   0.17823493  0.02219708
 -0.19330564  0.00662137]
- function call summary
ssd =  7980.966825253286  sigmas =  [[0.0199268  0.01729049]
 [0.23207457 0.24383292]
 [0.02700944 0.04379792]]
pars =  [ 0.23137813  0.01364168  0.54805434  0.09658155  0.76950274  0.07967344
  0.03448715  0.          0.56023541  0.05795772  0.17962778  0.02250527
 -0.18051461  0.00884877]
- function call summary
ssd =  7980.5446120083525  sigmas =  [[0.02021181 0.01752777]
 [0.23505607 0.24688485]
 [0.02739466 0.0443914 ]]
pars =  [ 0.23298691  0.01387995  0.54265586  0.09628209  0.76613689  0.07917203
  0.03428004  0.          0.54915223  0.05777201  0.17947452  0.022401
 -0.18708083  0.00093377]
- function call summary
ssd =  7980.584444240334  sigmas =  [[0.0200828  0.01743325]
 [0.23347596 0.24526485]
 [0.0272506  0.04413041]]
pars =  [ 0.23310954  0.01364337  0.5420447   0.095206    0.76691151  0.07898462
  0.03408681  0.          0.55786935  0.05773813  0.1801411   0.02223978
 -0.18444402  0.01583096]
- function call summary
ssd =  7980.690104586325  sigmas =  [[0.019805   0.0172456 ]
 [0.22985385 0.24106046]
 [0.02691123 0.04350994]]
pars =  [ 0.23385562  0.01374599  0.53889476  0.09519704  0.76798038  0.07965478
  0.03434466  0.          0.55643838  0.05785546  0.18263037  0.02215251
 -0.17597626 -0.00301199]
- function call summary
ssd =  7980.755664959987  sigmas =  [[0.01992342 0.01729745]
 [0.231549   0.24333379]
 [0.02703317 0.04379035]]
pars =  [ 0.23249351  0.01371911  0.54387306  0.0953848   0.76886721  0.08033756
  0.03424612  0.          0.55461642  0.05837387  0.180294    0.02259896
 -0.18337973  0.01788444]
- function call summary
ssd =  7980.7239432966735  sigmas =  [[0.02009367 0.01743255]
 [0.23363394 0.24543556]
 [0.02726209 0.04416303]]
pars =  [ 0.23428311  0.01391915  0.5432725   0.09732691  0.76789277  0.07908867
  0.03458654  0.          0.55719397  0.05858542  0.17961155  0.02222975
 -0.18559579  0.00233433]
- function call summary
ssd =  7980.585295606143  sigmas =  [[0.01994663 0.01734239]
 [0.23141682 0.24287517]
 [0.02710154 0.04383699]]
pars =  [ 0.23395168  0.0139839   0.5386073   0.09583779  0.76790816  0.08026816
  0.034369    0.          0.5521941   0.05766644  0.18125632  0.02197075
 -0.19355597  0.00414638]
- function call summary
ssd =  7980.513146914134  sigmas =  [[0.01985305 0.01728745]
 [0.2304247  0.24191976]
 [0.02697512 0.04363143]]
pars =  [ 0.23222351  0.01367966  0.54018959  0.09534965  0.76693244  0.08026429
  0.0345989   0.          0.55699098  0.05730096  0.18241045  0.02231945
 -0.1997961   0.00696409]
- function call summary
ssd =  7980.813605509028  sigmas =  [[0.01982965 0.0172551 ]
 [0.23015186 0.2417378 ]
 [0.02692435 0.04357364]]
pars =  [ 0.23145535  0.01392517  0.53791951  0.09656253  0.76772276  0.07948127
  0.03471493  0.          0.55840986  0.05768666  0.18174197  0.02222588
 -0.18672432  0.02036494]
- function call summary
ssd =  7980.559169958307  sigmas =  [[0.02004343 0.01740751]
 [0.23285659 0.24456069]
 [0.02720868 0.04404259]]
pars =  [ 0.23444648  0.01378537  0.54024686  0.09608524  0.76756094  0.07959638
  0.03429961  0.          0.55134114  0.05706575  0.18059913  0.02219935
 -0.18130884  0.01434972]
- function call summary
ssd =  7980.799844993175  sigmas =  [[0.01979114 0.01721343]
 [0.23034689 0.24179235]
 [0.0268518  0.04350326]]
pars =  [ 0.23037458  0.01383755  0.54775457  0.09585823  0.76914787  0.08075093
  0.03465357  0.          0.55833659  0.05873448  0.18122867  0.02240141
 -0.19083445  0.00679545]
- function call summary
ssd =  7980.372102739869  sigmas =  [[0.02005338 0.01741025]
 [0.23250169 0.2439275 ]
 [0.02725531 0.04405134]]
pars =  [ 0.23563695  0.01374074  0.53754308  0.09618887  0.76763758  0.08021966
  0.03455499  0.          0.55215534  0.05769114  0.1804557   0.02230763
 -0.18460357 -0.00581488]
- function call summary
ssd =  7980.384431887809  sigmas =  [[0.02034801 0.01761351]
 [0.23615952 0.24745326]
 [0.02764703 0.04471931]]
pars =  [ 0.23819542  0.01368975  0.53841982  0.09646908  0.76679042  0.07935129
  0.03436051  0.          0.55029411  0.05776259  0.17843417  0.02243954
 -0.1732896  -0.00864434]
- function call summary
ssd =  7981.184401541907  sigmas =  [[0.01972837 0.01718333]
 [0.2282406  0.23941575]
 [0.02685753 0.04335441]]
pars =  [ 0.23647133  0.01371303  0.53667137  0.09592145  0.76924281  0.08054394
  0.03488835  0.          0.55683033  0.05798208  0.18303546  0.02214997
 -0.19089789 -0.01033304]
- function call summary
ssd =  7980.597932369217  sigmas =  [[0.02019489 0.01754148]
 [0.23378976 0.24551052]
 [0.02745705 0.04435737]]
pars =  [ 0.23466658  0.01377719  0.53443788  0.09686297  0.7648752   0.08049624
  0.03459237  0.          0.54553849  0.05732426  0.18080913  0.02211267
 -0.18470908 -0.00670451]
- function call summary
ssd =  7980.668427010748  sigmas =  [[0.02006724 0.01742054]
 [0.23289723 0.24443873]
 [0.02725925 0.04409276]]
pars =  [ 0.23502296  0.01376079  0.5395778   0.09585177  0.76716641  0.07998281
  0.03453107  0.          0.55239229  0.05751681  0.18046005  0.02251771
 -0.18407203 -0.0031626 ]
- function call summary
ssd =  7980.5091651630555  sigmas =  [[0.02003642 0.01739694]
 [0.23223249 0.24369815]
 [0.02723476 0.04401522]]
pars =  [ 0.23568033  0.01373341  0.53761338  0.0961357   0.76779926  0.08039725
  0.03456     0.          0.55160768  0.05767405  0.18055721  0.02231382
 -0.1835763  -0.00488192]
- function call summary
ssd =  7980.243002045376  sigmas =  [[0.02009266 0.01743494]
 [0.23296711 0.24443708]
 [0.02730533 0.04413486]]
pars =  [ 0.23566695  0.01374889  0.53679963  0.0963237   0.76744379  0.07997078
  0.03448804  0.          0.55215282  0.05776631  0.18014644  0.02225602
 -0.18687468 -0.00806413]
- function call summary
ssd =  7980.260424645885  sigmas =  [[0.02014028 0.01747363]
 [0.23349231 0.24495574]
 [0.02737376 0.04424403]]
pars =  [ 0.23585253  0.01375558  0.53649836  0.09650061  0.76690821  0.07978593
  0.03456719  0.          0.55342024  0.05768309  0.18000263  0.02223056
 -0.18563002 -0.0100866 ]
- function call summary
ssd =  7980.218054389944  sigmas =  [[0.02010414 0.0174455 ]
 [0.23312423 0.24460151]
 [0.02732258 0.04416272]]
pars =  [ 0.23576711  0.01375077  0.53730968  0.09630818  0.76730869  0.08001207
  0.03448145  0.          0.55207937  0.0577768   0.18017443  0.02225359
 -0.18710767 -0.00866093]
- function call summary
ssd =  7980.308593461185  sigmas =  [[0.02011664 0.01745641]
 [0.23331191 0.24474568]
 [0.02733471 0.04419016]]
pars =  [ 0.23594199  0.01376404  0.5379266   0.09638282  0.76719555  0.07993489
  0.03446507  0.          0.55192858  0.05781186  0.18018801  0.02228329
 -0.18824362 -0.00979756]
- function call summary
ssd =  7980.287964490809  sigmas =  [[0.02011767 0.0174529 ]
 [0.23326302 0.24474878]
 [0.02734088 0.04419434]]
pars =  [ 0.23589905  0.01375102  0.53748266  0.09629751  0.7674027   0.08003952
  0.03449981  0.          0.55207407  0.0577668   0.17998991  0.02225433
 -0.18765293 -0.00854128]
- function call summary
ssd =  7980.252194443812  sigmas =  [[0.02010652 0.01744906]
 [0.23315473 0.24462105]
 [0.02732577 0.04416731]]
pars =  [ 0.23563897  0.0137421   0.53735634  0.09626024  0.76718661  0.08000678
  0.03446311  0.          0.55230643  0.0577957   0.18020888  0.02224228
 -0.18663343 -0.00868651]
- function call summary
ssd =  7980.308091347706  sigmas =  [[0.02009852 0.01744184]
 [0.23296445 0.24449439]
 [0.02731733 0.04415176]]
pars =  [ 0.23586681  0.01375309  0.53688065  0.09632149  0.76727471  0.08007327
  0.03450097  0.          0.55217417  0.05779171  0.18025442  0.02226231
 -0.18755556 -0.0088788 ]
- function call summary
ssd =  7980.253662924267  sigmas =  [[0.02009756 0.01744177]
 [0.23305485 0.24449355]
 [0.02731312 0.04414763]]
pars =  [ 0.23582055  0.01375942  0.53740263  0.09633088  0.76735285  0.08001082
  0.03446487  0.          0.5518759   0.05773061  0.1802521   0.02223995
 -0.18653294 -0.00874846]
- function call summary
ssd =  7980.227374688898  sigmas =  [[0.02010122 0.01744494]
 [0.23309728 0.24454332]
 [0.02731879 0.04415568]]
pars =  [ 0.23568541  0.01374533  0.53734462  0.09632422  0.76724695  0.08001846
  0.03447601  0.          0.55217803  0.05772817  0.18023513  0.02225222
 -0.18809418 -0.00820379]
- function call summary
ssd =  7980.326961867309  sigmas =  [[0.02010184 0.01744414]
 [0.23310003 0.24453482]
 [0.02731592 0.04415446]]
pars =  [ 0.23563521  0.01374464  0.53747627  0.09634584  0.76730261  0.07999722
  0.03450599  0.          0.55151797  0.05778775  0.18021132  0.02224853
 -0.18705616 -0.0088345 ]
- function call summary
ssd =  7980.268575751947  sigmas =  [[0.02009326 0.0174363 ]
 [0.23299893 0.24443386]
 [0.0273062  0.04414015]]
pars =  [ 0.23551005  0.01375694  0.53739997  0.09631351  0.76739514  0.08004563
  0.03447992  0.          0.55232694  0.0577653   0.18016414  0.0222536
 -0.18728775 -0.00928413]
- function call summary
ssd =  7980.235723616564  sigmas =  [[0.02011185 0.01745156]
 [0.23322432 0.24469007]
 [0.02733194 0.04417794]]
pars =  [ 0.23569741  0.01376395  0.53736502  0.09627616  0.76721939  0.0799998
  0.03447574  0.          0.55200686  0.0577937   0.18014003  0.02225824
 -0.18709669 -0.00771804]
- function call summary
ssd =  7980.254387304671  sigmas =  [[0.02010561 0.01744643]
 [0.23313626 0.2446226 ]
 [0.02732558 0.0441677 ]]
pars =  [ 0.23578149  0.01374884  0.53742339  0.09642861  0.76731081  0.08004693
  0.0344687   0.          0.55231579  0.05779734  0.18015646  0.02225191
 -0.18692785 -0.0082297 ]
- function call summary
ssd =  7980.238664625397  sigmas =  [[0.02009344 0.01743729]
 [0.2330167  0.24445642]
 [0.02730592 0.04413804]]
pars =  [ 0.23583925  0.0137441   0.53744847  0.09626239  0.76741244  0.07998197
  0.03445586  0.          0.55217563  0.05777825  0.18023711  0.02227139
 -0.18687138 -0.00864207]
- function call summary
ssd =  7980.232052686253  sigmas =  [[0.0201078  0.01744824]
 [0.2331615  0.24462888]
 [0.02732744 0.04417031]]
pars =  [ 0.23587082  0.01373994  0.53730371  0.09631279  0.76733921  0.07999711
  0.03447621  0.          0.551858    0.05775137  0.18015989  0.02223299
 -0.18759851 -0.00903098]
- function call summary
ssd =  7980.265179203908  sigmas =  [[0.02012556 0.01746028]
 [0.23336085 0.24477375]
 [0.02735095 0.04421043]]
pars =  [ 0.23578836  0.01374946  0.53713842  0.09632891  0.76718592  0.07998426
  0.03447294  0.          0.55205518  0.05774284  0.18000924  0.02226306
 -0.18682101 -0.00913834]
- function call summary
ssd =  7980.265690491253  sigmas =  [[0.02009308 0.01743902]
 [0.23297083 0.24444472]
 [0.0273066  0.04413641]]
pars =  [ 0.23586107  0.01374751  0.53718914  0.09630628  0.76729057  0.07997413
  0.03449268  0.          0.55190549  0.05779941  0.18033869  0.02226129
 -0.18729367 -0.00785089]
- function call summary
ssd =  7980.236158309124  sigmas =  [[0.02009971 0.01744276]
 [0.23308474 0.24456114]
 [0.02731557 0.04415363]]
pars =  [ 0.23582431  0.01375484  0.53746746  0.09628007  0.76734707  0.07994778
  0.03449239  0.          0.55263979  0.05779052  0.18020885  0.02224234
 -0.18703713 -0.00874021]
- function call summary
ssd =  7980.279576013465  sigmas =  [[0.02008119 0.01742902]
 [0.2328303  0.24430006]
 [0.02729073 0.04411044]]
pars =  [ 0.23577287  0.01374786  0.53734264  0.09627951  0.7674539   0.08005087
  0.03449812  0.          0.55224883  0.05779567  0.18033446  0.02224527
 -0.18742808 -0.00868635]
- function call summary
ssd =  7980.246105960869  sigmas =  [[0.02010928 0.01744857]
 [0.2331591  0.24466533]
 [0.02732933 0.04417445]]
pars =  [ 0.23581681  0.01375183  0.53706939  0.09626991  0.76734028  0.08003836
  0.0344522   0.          0.55174347  0.05781311  0.18010409  0.02224226
 -0.18719223 -0.0088804 ]
- function call summary
ssd =  7980.377796879106  sigmas =  [[0.02009341 0.01743732]
 [0.23303633 0.24449695]
 [0.02730552 0.04413966]]
pars =  [ 0.23558478  0.01375163  0.5376892   0.09628909  0.76739554  0.07999938
  0.03447938  0.          0.5522779   0.05779201  0.18020053  0.02225305
 -0.18725555 -0.00773775]
- function call summary
ssd =  7980.297817588577  sigmas =  [[0.0201062  0.01744808]
 [0.23311398 0.24451893]
 [0.02732578 0.04416822]]
pars =  [ 0.23588078  0.0137487   0.53724187  0.09627906  0.76725037  0.08002056
  0.03450115  0.          0.55221076  0.05776666  0.1802162   0.0222504
 -0.18588023 -0.00850163]
- function call summary
ssd =  7980.244381542274  sigmas =  [[0.02011083 0.01745227]
 [0.23317994 0.24466544]
 [0.02733214 0.04417671]]
pars =  [ 0.23569329  0.01375238  0.53709128  0.09634249  0.76714753  0.08004978
  0.03448933  0.          0.55167586  0.05775241  0.18020621  0.02224314
 -0.18699311 -0.00848807]
- function call summary
ssd =  7980.213711491057  sigmas =  [[0.02010016 0.01744336]
 [0.23306734 0.2445241 ]
 [0.02731646 0.04415324]]
pars =  [ 0.23570368  0.01375315  0.53698458  0.09630907  0.7672593   0.07996407
  0.03447327  0.          0.552202    0.05776941  0.18022573  0.02224046
 -0.1877204  -0.00947831]
- function call summary
ssd =  7980.237009972721  sigmas =  [[0.02009823 0.0174421 ]
 [0.23300007 0.24448872]
 [0.02731545 0.04414853]]
pars =  [ 0.23556723  0.01375043  0.53665015  0.09627737  0.76719381  0.08002076
  0.03446549  0.          0.55220453  0.05777796  0.18023982  0.02224342
 -0.18857917 -0.00987606]
- function call summary
ssd =  7980.251001481108  sigmas =  [[0.02010937 0.01744945]
 [0.23317137 0.2445767 ]
 [0.02732897 0.04417436]]
pars =  [ 0.23583157  0.01375014  0.53706749  0.09636072  0.76727454  0.07991311
  0.03448303  0.          0.55259217  0.05778307  0.18014254  0.02222698
 -0.18760489 -0.00992983]
- function call summary
ssd =  7980.242293488901  sigmas =  [[0.02011595 0.01745587]
 [0.23324674 0.24473712]
 [0.02733767 0.04418658]]
pars =  [ 0.23572534  0.01375724  0.53704724  0.09629432  0.76713452  0.07990889
  0.03445104  0.          0.55205547  0.05778174  0.18016529  0.02222722
 -0.18816072 -0.00993445]
- function call summary
ssd =  7980.2228406371705  sigmas =  [[0.0200899  0.01743669]
 [0.23294268 0.24436779]
 [0.02730287 0.04412876]]
pars =  [ 0.23561836  0.01375302  0.53694266  0.0962217   0.76725918  0.08000124
  0.03447295  0.          0.5520899   0.05771393  0.18032495  0.02224143
 -0.18792761 -0.00958368]
- function call summary
ssd =  7980.24767983634  sigmas =  [[0.02010246 0.01744572]
 [0.23312096 0.24457233]
 [0.02731791 0.04415745]]
pars =  [ 0.23580748  0.01375703  0.53742434  0.09635357  0.76724462  0.07995805
  0.03447141  0.          0.55203894  0.05778845  0.1802613   0.02226062
 -0.18808933 -0.00984757]
- function call summary
ssd =  7980.213281530405  sigmas =  [[0.0201119  0.01745307]
 [0.23321247 0.24467573]
 [0.02733218 0.04417836]]
pars =  [ 0.23569897  0.01376033  0.53696486  0.09637649  0.76712746  0.07991555
  0.03447804  0.          0.55218183  0.0577607   0.18018791  0.02224348
 -0.18745167 -0.00867531]
- function call summary
ssd =  7980.25038668633  sigmas =  [[0.02013479 0.01746953]
 [0.23346999 0.24485981]
 [0.02736182 0.04422891]]
pars =  [ 0.2356626   0.01376581  0.53686778  0.0964078   0.76695142  0.07988308
  0.03446123  0.          0.55206313  0.05774767  0.18004425  0.02224875
 -0.18732357 -0.00866233]
- function call summary
ssd =  7980.215895316094  sigmas =  [[0.02011598 0.01745531]
 [0.2332749  0.24474382]
 [0.02733722 0.04418731]]
pars =  [ 0.23574179  0.01376719  0.5371115   0.09638567  0.76714697  0.07987833
  0.03449384  0.          0.55228665  0.05777414  0.18013427  0.02225968
 -0.18662392 -0.008125  ]
- function call summary
ssd =  7980.231496987679  sigmas =  [[0.02011645 0.01745668]
 [0.23326264 0.24473682]
 [0.02733874 0.04418877]]
pars =  [ 0.23572087  0.01375782  0.5370895   0.09637417  0.76709957  0.07995221
  0.03446815  0.          0.55200061  0.0577589   0.18017543  0.0222436
 -0.18763995 -0.00842516]
- function call summary
ssd =  7980.216660630649  sigmas =  [[0.0201104  0.01745217]
 [0.23319326 0.24465539]
 [0.02733017 0.0441749 ]]
pars =  [ 0.23569203  0.01376017  0.53693897  0.0963808   0.76711992  0.07990972
  0.03447414  0.          0.55217103  0.05775961  0.18020808  0.02224383
 -0.18743501 -0.00867188]
- function call summary
ssd =  7980.209906356036  sigmas =  [[0.02011009 0.01745144]
 [0.23319172 0.2446475 ]
 [0.02732975 0.04417402]]
pars =  [ 0.23565024  0.01376178  0.53689183  0.09636201  0.76713519  0.07991032
  0.03448289  0.          0.55225064  0.05775746  0.18018191  0.0222446
 -0.1874043  -0.00877964]
- function call summary
ssd =  7980.227366917431  sigmas =  [[0.02011026 0.01745137]
 [0.23318862 0.24465139]
 [0.0273299  0.04417432]]
pars =  [ 0.2356755   0.01376275  0.53682893  0.09637253  0.76715461  0.07989057
  0.03448634  0.          0.55226848  0.05776143  0.18016927  0.02224184
 -0.1873781  -0.00884637]
- function call summary
ssd =  7980.2091642778205  sigmas =  [[0.02011054 0.01745184]
 [0.23319709 0.24465251]
 [0.02733051 0.04417509]]
pars =  [ 0.23564928  0.01376217  0.53689185  0.0963624   0.7671275   0.07990773
  0.03448288  0.          0.55227706  0.05775741  0.18018135  0.02224462
 -0.18743318 -0.00872383]
- function call summary
ssd =  7980.205803357745  sigmas =  [[0.02011092 0.01745237]
 [0.23320447 0.24466009]
 [0.02733122 0.04417651]]
pars =  [ 0.23564398  0.01376169  0.53693666  0.09636305  0.76711045  0.07991371
  0.03448387  0.          0.5523269   0.05775619  0.18018845  0.0222454
 -0.18738515 -0.00875652]
- function call summary
ssd =  7980.234054404116  sigmas =  [[0.02011107 0.01745232]
 [0.23319588 0.24466249]
 [0.02733078 0.04417611]]
pars =  [ 0.23562655  0.01376153  0.53696786  0.09635784  0.76710752  0.07991932
  0.03448359  0.          0.55232734  0.05775292  0.18018716  0.02224796
 -0.1873995  -0.00868476]
- function call summary
ssd =  7980.219934402388  sigmas =  [[0.02011118 0.01745245]
 [0.23320061 0.24466158]
 [0.02733088 0.04417642]]
pars =  [ 0.23563465  0.01376117  0.53695259  0.09636245  0.76710717  0.07991018
  0.03448527  0.          0.55230738  0.05775736  0.18019028  0.02224515
 -0.18740159 -0.00875399]
- function call summary
ssd =  7980.216471424405  sigmas =  [[0.02011105 0.01745252]
 [0.23319985 0.24466141]
 [0.02733159 0.04417673]]
pars =  [ 0.23564866  0.01376212  0.53691917  0.0963608   0.76710632  0.07991629
  0.0344833   0.          0.5523316   0.05775884  0.18019055  0.02224452
 -0.1873491  -0.00875537]
- function call summary
ssd =  7980.220288439286  sigmas =  [[0.02011057 0.017452  ]
 [0.23319588 0.2446625 ]
 [0.02733047 0.04417557]]
pars =  [ 0.23563161  0.01376165  0.53693106  0.0963686   0.76711367  0.07991554
  0.03448332  0.          0.55233646  0.0577589   0.18018663  0.02224555
 -0.1873931  -0.00875492]
- function call summary
ssd =  7980.207004226266  sigmas =  [[0.02011107 0.01745245]
 [0.23320507 0.24466628]
 [0.02733138 0.04417665]]
pars =  [ 0.23565014  0.0137619   0.53694405  0.09636487  0.76711323  0.07991278
  0.03448338  0.          0.55233694  0.05775199  0.18018764  0.0222446
 -0.1873948  -0.00878697]
- function call summary
ssd =  7980.2104642677095  sigmas =  [[0.02011103 0.01745244]
 [0.23320241 0.24466086]
 [0.02733149 0.04417671]]
pars =  [ 0.23564002  0.01376087  0.53690995  0.09636384  0.76710787  0.07991357
  0.03448348  0.          0.5523328   0.05775438  0.18018644  0.02224514
 -0.1873542  -0.00872468]
- function call summary
ssd =  7980.218887981448  sigmas =  [[0.02011112 0.01745252]
 [0.23319987 0.24466163]
 [0.02733161 0.0441768 ]]
pars =  [ 0.23565625  0.01376143  0.53691568  0.09636309  0.7671082   0.07991329
  0.03448435  0.          0.55233415  0.05775638  0.18018925  0.02224646
 -0.18742233 -0.00879037]
- function call summary
ssd =  7980.207174598832  sigmas =  [[0.02010985 0.01745152]
 [0.23319021 0.24465175]
 [0.0273296  0.04417386]]
pars =  [ 0.23564476  0.0137612   0.53694027  0.09635898  0.76711862  0.07991453
  0.03448355  0.          0.55234765  0.0577566   0.18019546  0.02224489
 -0.18741725 -0.00874788]
- function call summary
ssd =  7980.218391532897  sigmas =  [[0.0201112  0.01745255]
 [0.23320609 0.24466508]
 [0.02733137 0.04417725]]
pars =  [ 0.23564815  0.01376158  0.53695357  0.09636133  0.76711468  0.07990996
  0.03448268  0.          0.55233974  0.05775714  0.18018291  0.0222459
 -0.18733963 -0.00876081]
- function call summary
ssd =  7980.204581912756  sigmas =  [[0.02011034 0.01745202]
 [0.23319835 0.24465734]
 [0.02733038 0.04417513]]
pars =  [ 0.23563483  0.01376198  0.53691331  0.09636323  0.76710657  0.07991049
  0.03448508  0.          0.5523452   0.0577565   0.18019256  0.02224611
 -0.18738576 -0.00874414]
- function call summary
ssd =  7980.207404418055  sigmas =  [[0.02010981 0.01745154]
 [0.23318934 0.244651  ]
 [0.0273297  0.04417374]]
pars =  [ 0.23564312  0.01376217  0.53691663  0.09636636  0.76711351  0.07991111
  0.03448677  0.          0.55234031  0.05775582  0.18019732  0.02224612
 -0.18735346 -0.00870464]
- function call summary
ssd =  7980.2072580310805  sigmas =  [[0.02011169 0.01745312]
 [0.2332125  0.2446747 ]
 [0.02733234 0.0441781 ]]
pars =  [ 0.23563764  0.01376249  0.53692818  0.09636347  0.76709336  0.07990978
  0.03448552  0.          0.55235675  0.05775659  0.18018892  0.02224561
 -0.18740828 -0.0087559 ]
- function call summary
ssd =  7980.206941519059  sigmas =  [[0.02010993 0.0174516 ]
 [0.23318903 0.24464856]
 [0.0273294  0.0441736 ]]
pars =  [ 0.23562595  0.0137626   0.53689946  0.09636257  0.76710475  0.07990946
  0.03448461  0.          0.55232991  0.05775391  0.18019954  0.02224573
 -0.18738041 -0.00877202]
- function call summary
ssd =  7980.209831416511  sigmas =  [[0.02011045 0.01745211]
 [0.23319576 0.24465251]
 [0.02733066 0.04417524]]
pars =  [ 0.23563513  0.01376168  0.53689339  0.09636812  0.76710261  0.07990693
  0.03448539  0.          0.55235378  0.0577555   0.1801941   0.02224554
 -0.18739695 -0.00878447]
- function call summary
ssd =  7980.205683676789  sigmas =  [[0.02011093 0.01745219]
 [0.23320014 0.24466709]
 [0.0273309  0.04417635]]
pars =  [ 0.23562963  0.01376223  0.53690344  0.09635999  0.76711065  0.07991178
  0.03448688  0.          0.55235624  0.05775574  0.18018241  0.02224572
 -0.18738365 -0.00875612]
- function call summary
ssd =  7980.206714277742  sigmas =  [[0.02011089 0.01745231]
 [0.2332     0.24466444]
 [0.02733089 0.04417607]]
pars =  [ 0.23562783  0.0137622   0.53689561  0.09636377  0.76710131  0.07990823
  0.03448513  0.          0.55235435  0.05775539  0.18018939  0.02224542
 -0.1873514  -0.00868983]
- function call summary
ssd =  7980.206790362579  sigmas =  [[0.02010971 0.01745163]
 [0.23319002 0.24464725]
 [0.02732944 0.04417354]]
pars =  [ 0.23563227  0.01376269  0.53691211  0.09636249  0.76710414  0.07990839
  0.03448468  0.          0.55235598  0.05775766  0.18020113  0.02224643
 -0.18741833 -0.00870161]
- function call summary
ssd =  7980.209109685229  sigmas =  [[0.02011073 0.01745225]
 [0.23319928 0.24465857]
 [0.02733067 0.04417581]]
pars =  [ 0.23562864  0.01376241  0.53690665  0.09636426  0.76709952  0.07991092
  0.03448547  0.          0.55232134  0.05775576  0.18019309  0.0222472
 -0.1873744  -0.00870204]
- function call summary
ssd =  7980.203256306099  sigmas =  [[0.02010955 0.01745151]
 [0.23318984 0.24465125]
 [0.02732934 0.0441733 ]]
pars =  [ 0.23562753  0.01376186  0.5369194   0.09635981  0.76710566  0.07991224
  0.03448547  0.          0.55236995  0.05775582  0.18020017  0.02224624
 -0.1873549  -0.0087892 ]
- function call summary
ssd =  7980.2044217063485  sigmas =  [[0.02010861 0.01745073]
 [0.23317789 0.24463879]
 [0.0273279  0.04417119]]
pars =  [ 0.23562326  0.01376183  0.53690952  0.09635599  0.76711564  0.07991054
  0.03448568  0.          0.55238322  0.05775626  0.18020205  0.02224566
 -0.18738777 -0.00882952]
- function call summary
ssd =  7980.202972220269  sigmas =  [[0.02010956 0.01745151]
 [0.23318688 0.24464905]
 [0.02732931 0.04417314]]
pars =  [ 0.2356198   0.01376151  0.53690631  0.09635842  0.76710044  0.07991468
  0.03448465  0.          0.55237358  0.05775486  0.18020246  0.02224553
 -0.18740308 -0.00882522]
- function call summary
ssd =  7980.205582055847  sigmas =  [[0.02010918 0.01745139]
 [0.23318213 0.24464811]
 [0.02732896 0.04417242]]
pars =  [ 0.23562289  0.01376127  0.5369205   0.09635668  0.76709755  0.07991759
  0.03448311  0.          0.55236965  0.05775321  0.18021086  0.02224483
 -0.18742592 -0.00880599]
- function call summary
ssd =  7980.207111438641  sigmas =  [[0.02010994 0.01745163]
 [0.23318806 0.24464785]
 [0.02732961 0.04417395]]
pars =  [ 0.23560905  0.01376184  0.53689993  0.09635494  0.76709801  0.079915
  0.03448622  0.          0.55239841  0.05775414  0.18019689  0.022246
 -0.18740826 -0.00882291]
- function call summary
ssd =  7980.209115063032  sigmas =  [[0.02010961 0.01745147]
 [0.23318403 0.24464528]
 [0.02732929 0.04417336]]
pars =  [ 0.23561245  0.01376134  0.536891    0.09635794  0.76709819  0.07991496
  0.0344849   0.          0.55237618  0.05775543  0.18020046  0.02224657
 -0.18734753 -0.00887294]
- function call summary
ssd =  7980.209089195068  sigmas =  [[0.02010998 0.01745181]
 [0.23318885 0.24465213]
 [0.0273297  0.04417417]]
pars =  [ 0.2356117   0.01376137  0.53692042  0.0963575   0.76709204  0.07991916
  0.03448446  0.          0.55237396  0.05775581  0.1802034   0.02224635
 -0.18740675 -0.00879622]
- function call summary
ssd =  7980.203776672502  sigmas =  [[0.02010918 0.01745124]
 [0.23318402 0.24464465]
 [0.02732889 0.04417265]]
pars =  [ 0.23562314  0.0137615   0.53691129  0.09635926  0.76710819  0.07991407
  0.03448528  0.          0.55238345  0.05775496  0.18020164  0.02224407
 -0.18744568 -0.00885584]
- function call summary
ssd =  7980.209105980862  sigmas =  [[0.02010956 0.01745171]
 [0.23318483 0.2446518 ]
 [0.02732944 0.04417339]]
pars =  [ 0.23561998  0.01376148  0.53691435  0.09635861  0.76709003  0.07991368
  0.03448515  0.          0.55240955  0.05775443  0.18020933  0.02224565
 -0.18738886 -0.00882925]
- function call summary
ssd =  7980.205916269381  sigmas =  [[0.02010906 0.01745107]
 [0.23318059 0.24464094]
 [0.02732864 0.04417211]]
pars =  [ 0.23562588  0.01376124  0.53689835  0.09635685  0.76711247  0.07991343
  0.03448421  0.          0.55235889  0.05775478  0.18020098  0.0222446
 -0.18743404 -0.00883251]
- function call summary
ssd =  7980.21514639457  sigmas =  [[0.02010999 0.01745165]
 [0.23318757 0.24465355]
 [0.02732954 0.04417414]]
pars =  [ 0.23561804  0.01376147  0.53692942  0.09635647  0.76710322  0.07991646
  0.0344839   0.          0.55236931  0.05775197  0.18019756  0.02224663
 -0.18741284 -0.00880094]
- function call summary
ssd =  7980.20018796826  sigmas =  [[0.02010985 0.01745177]
 [0.23319385 0.2446502 ]
 [0.02732978 0.04417406]]
pars =  [ 0.23563065  0.01376195  0.53693101  0.0963611   0.76710389  0.0799167
  0.03448492  0.          0.55234967  0.05775472  0.18020101  0.02224516
 -0.18739917 -0.00879921]
- function call summary
ssd =  7980.217709451217  sigmas =  [[0.02011083 0.01745248]
 [0.23320052 0.24466176]
 [0.02733098 0.04417628]]
pars =  [ 0.23565032  0.01376214  0.53698593  0.09636148  0.76710752  0.07992398
  0.03448421  0.          0.55229426  0.057753    0.18019837  0.02224428
 -0.18739838 -0.00882216]
- function call summary
ssd =  7980.221891648671  sigmas =  [[0.02011025 0.01745198]
 [0.23319343 0.24465306]
 [0.02733014 0.04417505]]
pars =  [ 0.23563313  0.01376219  0.53695799  0.0963588   0.76710724  0.07991528
  0.0344836   0.          0.55234576  0.05775552  0.18019585  0.02224567
 -0.18735725 -0.00883131]
- function call summary
ssd =  7980.210226965239  sigmas =  [[0.02010949 0.01745152]
 [0.23318301 0.24464413]
 [0.02732936 0.04417307]]
pars =  [ 0.23563287  0.01376168  0.53692053  0.09636388  0.76710223  0.07991888
  0.03448521  0.          0.55235894  0.05775321  0.18020726  0.02224471
 -0.18742297 -0.0087339 ]
estimates =  [ 0.23563065  0.01376195  0.53693101  0.0963611   0.76710389  0.0799167
  0.03448492  0.          0.55234967  0.05775472  0.18020101  0.02224516
 -0.18739917 -0.00879921]
final distance =  7980.20018796826
