number of parameters =  14 , number of free parameters =  9
- function call summary
ssd =  8201.873090701074  sigmas =  [[0.21133457 0.25313262]
 [1.12444866 1.16206542]
 [0.15765477 0.23629811]]
pars =  [0.09   0.03   0.683  0.016  0.532  0.096  0.011  0.     0.718  0.134
 0.0355 0.011  0.     0.    ]
- function call summary
ssd =  8205.263532635852  sigmas =  [[0.2368659  0.28482403]
 [1.28653584 1.32233008]
 [0.17841737 0.26760944]]
pars =  [0.09       0.03       0.70524034 0.016      0.532      0.096
 0.011      0.         0.718      0.134      0.0355     0.011
 0.         0.        ]
- function call summary
ssd =  8201.822672078906  sigmas =  [[0.21134899 0.25318023]
 [1.12550679 1.16276466]
 [0.15776854 0.23637317]]
pars =  [0.09     0.03     0.683    0.016521 0.532    0.096    0.011    0.
 0.718    0.134    0.0355   0.011    0.       0.      ]
- function call summary
ssd =  8199.631132820503  sigmas =  [[0.20903521 0.24898283]
 [1.12204897 1.16536174]
 [0.1565029  0.23467794]]
pars =  [0.09       0.03       0.683      0.016      0.53996928 0.096
 0.011      0.         0.718      0.134      0.0355     0.011
 0.         0.        ]
- function call summary
ssd =  8204.923774993335  sigmas =  [[0.20841684 0.24970909]
 [1.08763923 1.12313505]
 [0.15412252 0.23078376]]
pars =  [0.09       0.03       0.683      0.016      0.532      0.09912602
 0.011      0.         0.718      0.134      0.0355     0.011
 0.         0.        ]
- function call summary
ssd =  8201.973164409836  sigmas =  [[0.21125181 0.25306165]
 [1.12323771 1.16142802]
 [0.15752324 0.23615168]]
pars =  [0.09       0.03       0.683      0.016      0.532      0.096
 0.01135819 0.         0.718      0.134      0.0355     0.011
 0.         0.        ]
- function call summary
ssd =  8202.145208230555  sigmas =  [[0.21059142 0.25228221]
 [1.11927749 1.15553449]
 [0.15714215 0.23546537]]
pars =  [0.09       0.03       0.683      0.016      0.532      0.096
 0.011      0.         0.74138004 0.134      0.0355     0.011
 0.         0.        ]
- function call summary
ssd =  8202.396768513072  sigmas =  [[0.21108625 0.25286626]
 [1.1200754  1.15759821]
 [0.15750006 0.23605159]]
pars =  [0.09       0.03       0.683      0.016      0.532      0.096
 0.011      0.         0.718      0.13836341 0.0355     0.011
 0.         0.        ]
- function call summary
ssd =  8201.517126663846  sigmas =  [[0.20996335 0.25151664]
 [1.11965638 1.15517588]
 [0.15689629 0.2351176 ]]
pars =  [0.09       0.03       0.683      0.016      0.532      0.096
 0.011      0.         0.718      0.134      0.03665598 0.011
 0.         0.        ]
- function call summary
ssd =  8201.95863108653  sigmas =  [[0.21110745 0.25273907]
 [1.12342399 1.16069967]
 [0.157529   0.23602155]]
pars =  [0.09       0.03       0.683      0.016      0.532      0.096
 0.011      0.         0.718      0.134      0.0355     0.01135819
 0.         0.        ]
- function call summary
ssd =  8200.37521355186  sigmas =  [[0.1913527  0.22851179]
 [0.993534   1.03395969]
 [0.14135407 0.21180041]]
pars =  [0.09       0.03       0.66146102 0.016      0.532      0.096
 0.011      0.         0.718      0.134      0.0355     0.011
 0.         0.        ]
- function call summary
ssd =  8201.882686081606  sigmas =  [[0.21131697 0.25308678]
 [1.12364787 1.1613576 ]
 [0.15754637 0.23622865]]
pars =  [0.09       0.03       0.683      0.01549543 0.532      0.096
 0.011      0.         0.718      0.134      0.0355     0.011
 0.         0.        ]
- function call summary
ssd =  8204.071995680893  sigmas =  [[0.21364042 0.25733529]
 [1.12717696 1.15833035]
 [0.15882579 0.23794591]]
pars =  [0.09       0.03       0.683      0.016      0.52401436 0.096
 0.011      0.         0.718      0.134      0.0355     0.011
 0.         0.        ]
- function call summary
ssd =  8198.7493442155  sigmas =  [[0.21419872 0.25646109]
 [1.16196398 1.20062159]
 [0.16121724 0.24183086]]
pars =  [0.09       0.03       0.683      0.016      0.532      0.09297256
 0.011      0.         0.718      0.134      0.0355     0.011
 0.         0.        ]
- function call summary
ssd =  8201.760468774653  sigmas =  [[0.2114149  0.25320228]
 [1.12564268 1.16242215]
 [0.157783   0.2364516 ]]
pars =  [0.09       0.03       0.683      0.016      0.532      0.096
 0.01065311 0.         0.718      0.134      0.0355     0.011
 0.         0.        ]
- function call summary
ssd =  8201.658345736963  sigmas =  [[0.21207092 0.25395689]
 [1.12969943 1.16683044]
 [0.15815634 0.23712094]]
pars =  [0.09       0.03       0.683      0.016      0.532      0.096
 0.011      0.         0.69535727 0.134      0.0355     0.011
 0.         0.        ]
- function call summary
ssd =  8201.338188858726  sigmas =  [[0.21158339 0.25339808]
 [1.12882592 1.16605191]
 [0.15780835 0.23654423]]
pars =  [0.09      0.03      0.683     0.016     0.532     0.096     0.011
 0.        0.718     0.1297742 0.0355    0.011     0.        0.       ]
- function call summary
ssd =  8202.20720263543  sigmas =  [[0.21269205 0.25475607]
 [1.12924793 1.16887186]
 [0.15840216 0.23745437]]
pars =  [0.09       0.03       0.683      0.016      0.532      0.096
 0.011      0.         0.718      0.134      0.03438048 0.011
 0.         0.        ]
- function call summary
ssd =  8201.783569695514  sigmas =  [[0.21155754 0.25356358]
 [1.12539415 1.1632016 ]
 [0.15777904 0.23656353]]
pars =  [0.09       0.03       0.683      0.016      0.532      0.096
 0.011      0.         0.718      0.134      0.0355     0.01065311
 0.         0.        ]
- function call summary
ssd =  8194.163733155374  sigmas =  [[0.2064463  0.24612152]
 [1.13287824 1.17463231]
 [0.15618889 0.23439993]]
pars =  [0.09       0.03       0.67443819 0.01600359 0.53613574 0.09078876
 0.01099129 0.         0.71671395 0.13347287 0.03559149 0.01099284
 0.         0.        ]
- function call summary
ssd =  8185.357852004656  sigmas =  [[0.19874953 0.23506537]
 [1.12504065 1.18097151]
 [0.15259397 0.22932756]]
pars =  [0.09       0.03       0.66458108 0.01601141 0.54503554 0.08637505
 0.01097253 0.         0.71400668 0.1323442  0.03579011 0.01097746
 0.         0.        ]
- function call summary
ssd =  8168.267433643299  sigmas =  [[0.19476234 0.22729224]
 [1.18509012 1.27143588]
 [0.15543249 0.23391649]]
pars =  [0.09       0.03       0.65704725 0.01602595 0.56199801 0.07770917
 0.01093826 0.         0.70925201 0.13030002 0.03615879 0.01094947
 0.         0.        ]
- function call summary
ssd =  8134.019422142462  sigmas =  [[0.16780256 0.18861919]
 [1.14235024 1.28260384]
 [0.14428273 0.21631815]]
pars =  [0.09       0.03       0.61981508 0.01605942 0.60034774 0.064427
 0.01085729 0.         0.69719698 0.12558307 0.03703865 0.01088262
 0.         0.        ]
- function call summary
ssd =  8080.24402679339  sigmas =  [[0.15569803 0.16516989]
 [1.3156711  1.5414331 ]
 [0.160746   0.24048565]]
pars =  [0.09       0.03       0.60185588 0.01609147 0.66098862 0.04154496
 0.0107939  0.         0.69221883 0.12179242 0.03781463 0.01083355
 0.         0.        ]
- function call summary
ssd =  8040.305055419003  sigmas =  [[0.09798898 0.08730012]
 [0.98792324 1.1276746 ]
 [0.11686016 0.17707263]]
pars =  [0.09       0.03       0.51639575 0.01652586 0.80962659 0.03349256
 0.00977527 0.         0.54911638 0.07718919 0.0514138  0.00997482
 0.         0.        ]
- function call summary
ssd =  8036.454252445014  sigmas =  [[0.07633365 0.06316255]
 [0.88017044 0.9777015 ]
 [0.10075394 0.15730759]]
pars =  [0.09       0.03       0.40393085 0.01580391 0.85097157 0.01528687
 0.01112105 0.         0.58951745 0.10844179 0.03536125 0.01101203
 0.         0.        ]
- function call summary
ssd =  8031.495826973222  sigmas =  [[0.06838692 0.05693977]
 [0.79406265 0.87945143]
 [0.08942952 0.14132572]]
pars =  [0.09       0.03       0.32534885 0.01601684 0.84316547 0.01474325
 0.010766   0.         0.60203064 0.10416961 0.03870889 0.01075983
 0.         0.        ]
- function call summary
ssd =  8003.962202127066  sigmas =  [[0.07506886 0.06522307]
 [0.88741718 0.96098939]
 [0.09961404 0.15662251]]
pars =  [0.09       0.03       0.36556869 0.01675513 0.81260248 0.0113281
 0.0096695  0.         0.66134578 0.0921399  0.05228758 0.00997312
 0.         0.        ]
- function call summary
ssd =  8007.335373690634  sigmas =  [[0.08182653 0.07223072]
 [0.96624354 1.0503049 ]
 [0.10867774 0.16991721]]
pars =  [0.09       0.03       0.39884673 0.01570567 0.80131185 0.00887554
 0.0112864  0.         0.78929041 0.08459276 0.03748588 0.01118053
 0.         0.        ]
- function call summary
ssd =  8004.830692026853  sigmas =  [[0.07522433 0.06515641]
 [0.88977599 0.96346552]
 [0.10011648 0.15735857]]
pars =  [0.09       0.03       0.36910796 0.01662977 0.81464062 0.01138473
 0.00853152 0.         0.66645529 0.09232662 0.05177159 0.01012726
 0.         0.        ]
- function call summary
ssd =  8009.5954952244865  sigmas =  [[0.07776488 0.06711792]
 [0.91777072 0.99511028]
 [0.10397672 0.16303419]]
pars =  [0.09       0.03       0.3926008  0.01706037 0.81884676 0.01068841
 0.00984663 0.         0.62329405 0.11545922 0.05192317 0.00977414
 0.         0.        ]
- function call summary
ssd =  8001.904809079445  sigmas =  [[0.07431269 0.06483153]
 [0.87949189 0.95171502]
 [0.09847063 0.15501425]]
pars =  [0.09       0.03       0.35624773 0.01757306 0.8092288  0.0112332
 0.00964064 0.         0.66820348 0.09328496 0.05277603 0.01013497
 0.         0.        ]
- function call summary
ssd =  8006.430145009799  sigmas =  [[0.07526143 0.06492986]
 [0.88925582 0.96288426]
 [0.10003387 0.15712401]]
pars =  [0.09       0.03       0.37577512 0.01894842 0.81827453 0.01139126
 0.00980833 0.         0.67350221 0.09099692 0.05218836 0.01070971
 0.         0.        ]
- function call summary
ssd =  8001.21531063792  sigmas =  [[0.07470665 0.06522596]
 [0.88486552 0.95856012]
 [0.09898801 0.1558647 ]]
pars =  [0.09       0.03       0.35611788 0.01755033 0.80806864 0.01117055
 0.00963065 0.         0.65024578 0.0927402  0.05275326 0.0102639
 0.         0.        ]
- function call summary
ssd =  8001.0631463701775  sigmas =  [[0.07531129 0.06578318]
 [0.89337184 0.96919578]
 [0.09982756 0.15718915]]
pars =  [0.09       0.03       0.35672583 0.0180455  0.80741328 0.01112756
 0.0095774  0.         0.6385699  0.09178388 0.051097   0.009836
 0.         0.        ]
- function call summary
ssd =  8000.945596731699  sigmas =  [[0.07479979 0.06517354]
 [0.88971248 0.96389117]
 [0.09923762 0.15645005]]
pars =  [0.09       0.03       0.35471537 0.0180787  0.80924111 0.01084972
 0.00956135 0.         0.63846309 0.0908803  0.05162075 0.00980784
 0.         0.        ]
- function call summary
ssd =  8001.404182982573  sigmas =  [[0.07435478 0.06472828]
 [0.8848057  0.96005734]
 [0.09859034 0.15561529]]
pars =  [0.09       0.03       0.34931081 0.01808855 0.80937733 0.01071738
 0.00959086 0.         0.63703311 0.09183822 0.05060619 0.00991627
 0.         0.        ]
- function call summary
ssd =  8001.239100234459  sigmas =  [[0.07398885 0.0642591 ]
 [0.8805444  0.95504443]
 [0.09814527 0.15491178]]
pars =  [0.09       0.03       0.35071478 0.01817375 0.81143669 0.01084571
 0.00950731 0.         0.6343114  0.09099638 0.05244584 0.00999
 0.         0.        ]
- function call summary
ssd =  7998.9576182162655  sigmas =  [[0.07553572 0.06613309]
 [0.89855149 0.97156408]
 [0.10022387 0.15785245]]
pars =  [0.09       0.03       0.35694091 0.01827036 0.80556797 0.01074287
 0.00957621 0.         0.63446241 0.09122498 0.05227535 0.00978487
 0.         0.        ]
- function call summary
ssd =  7995.485515151027  sigmas =  [[0.0768908  0.0679863 ]
 [0.91475716 0.98766753]
 [0.10201581 0.16048542]]
pars =  [0.09       0.03       0.36077649 0.01872466 0.79831857 0.01053263
 0.00960753 0.         0.62710749 0.09222381 0.05360689 0.00974386
 0.         0.        ]
- function call summary
ssd =  7989.32452865507  sigmas =  [[0.07851851 0.07041668]
 [0.93358047 1.00661487]
 [0.1040564  0.16341107]]
pars =  [0.09       0.03       0.36373632 0.02029722 0.78692183 0.01020937
 0.0092932  0.         0.63125164 0.09149546 0.05624282 0.00951577
 0.         0.        ]
- function call summary
ssd =  7982.460808413023  sigmas =  [[0.08004237 0.07294669]
 [0.94724113 1.01852148]
 [0.10609824 0.16616611]]
pars =  [0.09       0.03       0.36983917 0.0240591  0.77477003 0.01038803
 0.00837903 0.         0.64505261 0.0861409  0.06207538 0.0087722
 0.         0.        ]
- function call summary
ssd =  7974.522887712775  sigmas =  [[0.08381502 0.07874194]
 [0.98910124 1.06083798]
 [0.11077686 0.17322244]]
pars =  [0.09       0.03       0.37544682 0.02598785 0.74992388 0.00892108
 0.00782761 0.         0.69214174 0.08805992 0.06194312 0.00956261
 0.         0.        ]
- function call summary
ssd =  7970.488372753799  sigmas =  [[0.08844322 0.08558365]
 [1.03976471 1.11283251]
 [0.11653126 0.18155673]]
pars =  [0.09       0.03       0.38230991 0.02831483 0.72565196 0.00766855
 0.00837528 0.         0.7162754  0.09818573 0.05970946 0.00936356
 0.         0.        ]
- function call summary
ssd =  7967.721373107381  sigmas =  [[0.08999967 0.08797706]
 [1.06147135 1.13260909]
 [0.11844481 0.18459814]]
pars =  [0.09       0.03       0.38688556 0.02653155 0.71620942 0.00630447
 0.00769105 0.         0.73839324 0.09737196 0.06090013 0.0104536
 0.         0.        ]
- function call summary
ssd =  7960.12459925376  sigmas =  [[0.08664888 0.08493109]
 [1.03150442 1.09790793]
 [0.11329984 0.17710102]]
pars =  [0.09       0.03       0.36678546 0.02895545 0.7135329  0.00579415
 0.00820248 0.         0.69407162 0.08352454 0.06897059 0.01077819
 0.         0.        ]
- function call summary
ssd =  7953.313566566103  sigmas =  [[0.0846887  0.08340726]
 [1.01346239 1.07108563]
 [0.11007374 0.17206769]]
pars =  [0.09       0.03       0.35714055 0.03023604 0.70843392 0.00577147
 0.00807198 0.         0.63038294 0.07083513 0.08066486 0.01117321
 0.         0.        ]
- function call summary
ssd =  7950.714266405514  sigmas =  [[0.08112221 0.07961031]
 [0.97339096 1.02762679]
 [0.10514899 0.1645689 ]]
pars =  [0.09       0.03       0.34573277 0.0320824  0.71232386 0.00515495
 0.00818368 0.         0.67377645 0.0589918  0.08815303 0.01067802
 0.         0.        ]
- function call summary
ssd =  7947.568812445255  sigmas =  [[0.08094784 0.08004959]
 [0.97458488 1.02665344]
 [0.10418548 0.16324956]]
pars =  [0.09       0.03       0.33922148 0.03707047 0.70386505 0.0049442
 0.00770119 0.         0.5895215  0.05855537 0.09641874 0.01188268
 0.         0.        ]
- function call summary
ssd =  7945.553578023692  sigmas =  [[0.08302133 0.08567492]
 [0.98383034 1.03572498]
 [0.10619851 0.16400349]]
pars =  [0.09       0.03       0.35772303 0.03543712 0.6702149  0.00507485
 0.00782191 0.         0.59242332 0.05598962 0.11574676 0.01189991
 0.         0.        ]
- function call summary
ssd =  7944.943348235201  sigmas =  [[0.08134051 0.08354146]
 [0.96508677 1.01626023]
 [0.10396744 0.16073252]]
pars =  [0.09       0.03       0.35196858 0.03500981 0.67460155 0.00525803
 0.00787496 0.         0.57925823 0.05555337 0.12003904 0.01202265
 0.         0.        ]
- function call summary
ssd =  7943.531096234308  sigmas =  [[0.08229933 0.08481423]
 [0.97981511 1.03233802]
 [0.1049453  0.16229731]]
pars =  [0.09       0.03       0.34823431 0.03435297 0.6707253  0.0052394
 0.0076416  0.         0.53358612 0.05283803 0.11837067 0.01118026
 0.         0.        ]
- function call summary
ssd =  7943.292709744162  sigmas =  [[0.0832136  0.08529092]
 [0.99317316 1.04540388]
 [0.10627827 0.16454777]]
pars =  [0.09       0.03       0.35303336 0.03486863 0.67455202 0.00545501
 0.00752771 0.         0.5160849  0.047516   0.11610422 0.01155882
 0.         0.        ]
- function call summary
ssd =  7942.68797957411  sigmas =  [[0.08316661 0.08531611]
 [0.99329691 1.04888471]
 [0.10609351 0.16428113]]
pars =  [0.09       0.03       0.35087804 0.03431652 0.67349821 0.00534878
 0.00757356 0.         0.51187576 0.04736315 0.11576735 0.01172429
 0.         0.        ]
- function call summary
ssd =  7942.2576570196925  sigmas =  [[0.08150671 0.08298302]
 [0.97736101 1.02774396]
 [0.10383082 0.16127616]]
pars =  [0.09       0.03       0.34298742 0.03360608 0.67970453 0.00517976
 0.00737606 0.         0.50270723 0.04713214 0.11764415 0.01175994
 0.         0.        ]
- function call summary
ssd =  7941.291410375816  sigmas =  [[0.08079306 0.08217954]
 [0.97135686 1.02031213]
 [0.10269022 0.1596654 ]]
pars =  [0.09       0.03       0.33519544 0.0339197  0.6801163  0.00506893
 0.00773001 0.         0.49019604 0.04650611 0.11732187 0.01173922
 0.         0.        ]
- function call summary
ssd =  7940.42308541115  sigmas =  [[0.08058046 0.08269014]
 [0.96832312 1.01799023]
 [0.10212434 0.15852396]]
pars =  [0.09       0.03       0.3255005  0.034455   0.67232876 0.005
 0.00765454 0.         0.4921766  0.04542427 0.11574953 0.01205382
 0.         0.        ]
- function call summary
ssd =  7940.083391669643  sigmas =  [[0.08097369 0.08320318]
 [0.97396963 1.02412361]
 [0.10248916 0.15910503]]
pars =  [0.09       0.03       0.32685617 0.03484911 0.67080204 0.00479956
 0.00773265 0.         0.48449212 0.04446186 0.11574398 0.01251828
 0.         0.        ]
- function call summary
ssd =  7939.8361383912825  sigmas =  [[0.07997034 0.08236812]
 [0.961135   1.00836105]
 [0.10108145 0.15678674]]
pars =  [0.09       0.03       0.32414303 0.03416086 0.66973556 0.00468838
 0.00792311 0.         0.49530705 0.04313061 0.11958014 0.01252771
 0.         0.        ]
- function call summary
ssd =  7939.328432291308  sigmas =  [[0.07874645 0.08127028]
 [0.94635559 0.99016519]
 [0.09935787 0.15403465]]
pars =  [0.09       0.03       0.32166337 0.0337875  0.66871549 0.00464237
 0.00807866 0.         0.49121253 0.0422701  0.12605283 0.01269556
 0.         0.        ]
- function call summary
ssd =  7940.125546488267  sigmas =  [[0.07646378 0.07895994]
 [0.91654554 0.9573051 ]
 [0.0962909  0.149166  ]]
pars =  [0.09       0.03       0.31980156 0.03231224 0.6698821  0.00447641
 0.00852384 0.         0.50705839 0.04081399 0.13772521 0.01281795
 0.         0.        ]
- function call summary
ssd =  7939.948829198663  sigmas =  [[0.07817072 0.08062827]
 [0.93972565 0.98187845]
 [0.09847811 0.15280427]]
pars =  [0.09       0.03       0.31532738 0.0336105  0.66910558 0.00456953
 0.0081442  0.         0.4871982  0.04285102 0.12548971 0.01273828
 0.         0.        ]
- function call summary
ssd =  7939.3620066464  sigmas =  [[0.07903114 0.08208553]
 [0.94835356 0.99153609]
 [0.09961124 0.15412571]]
pars =  [0.09       0.03       0.32303528 0.03412794 0.66342353 0.00473605
 0.0078862  0.         0.47653119 0.04103347 0.12915648 0.01260788
 0.         0.        ]
- function call summary
ssd =  7939.545279111489  sigmas =  [[0.0784473  0.08094967]
 [0.94245291 0.98617126]
 [0.09897032 0.15341102]]
pars =  [0.09       0.03       0.32260344 0.03426201 0.66913968 0.00460876
 0.00802039 0.         0.49236921 0.04287509 0.12837941 0.01252969
 0.         0.        ]
- function call summary
ssd =  7939.766797958569  sigmas =  [[0.0783027  0.08060918]
 [0.9410001  0.98458098]
 [0.09881812 0.15332395]]
pars =  [0.09       0.03       0.32068713 0.03426665 0.67090398 0.00470374
 0.00809644 0.         0.49291378 0.04205765 0.12674462 0.01297581
 0.         0.        ]
- function call summary
ssd =  7939.491548122547  sigmas =  [[0.0788766  0.08169493]
 [0.94708958 0.99087483]
 [0.09944307 0.15400226]]
pars =  [0.09       0.03       0.32089551 0.03435164 0.66573274 0.00456074
 0.00805552 0.         0.49456528 0.04169579 0.12600467 0.01273564
 0.         0.        ]
- function call summary
ssd =  7940.1381841981665  sigmas =  [[0.0797323  0.08264437]
 [0.95599124 1.00241953]
 [0.10062177 0.15577533]]
pars =  [0.09       0.03       0.32775235 0.03349737 0.66505167 0.00461605
 0.00812949 0.         0.4866888  0.04252178 0.12623795 0.01284343
 0.         0.        ]
- function call summary
ssd =  7939.603837259321  sigmas =  [[0.07877394 0.08105351]
 [0.94794856 0.99210737]
 [0.09941052 0.15434887]]
pars =  [0.09       0.03       0.32370851 0.03406585 0.67143407 0.00457132
 0.00805662 0.         0.48153099 0.0419571  0.12670534 0.01278062
 0.         0.        ]
- function call summary
ssd =  7939.523798299347  sigmas =  [[0.07843953 0.08090385]
 [0.94265921 0.98619794]
 [0.09895462 0.15344447]]
pars =  [0.09       0.03       0.31997699 0.03367073 0.6694277  0.00466383
 0.00816103 0.         0.49191806 0.04149812 0.12657352 0.01241654
 0.         0.        ]
- function call summary
ssd =  7939.37842587411  sigmas =  [[0.0792338  0.08181884]
 [0.95284722 0.9972522 ]
 [0.09998649 0.15504865]]
pars =  [0.09       0.03       0.32105451 0.03379703 0.66807149 0.0046711
 0.00798278 0.         0.48223226 0.04196937 0.12371945 0.01257336
 0.         0.        ]
- function call summary
ssd =  7939.280797054242  sigmas =  [[0.07837172 0.08080806]
 [0.94227995 0.98555321]
 [0.09885041 0.1533397 ]]
pars =  [0.09       0.03       0.32021149 0.03326307 0.66949854 0.00462142
 0.00788444 0.         0.49402001 0.04199364 0.12684966 0.01275424
 0.         0.        ]
- function call summary
ssd =  7939.513942841561  sigmas =  [[0.07813452 0.08060194]
 [0.93964695 0.98196406]
 [0.09844889 0.15275544]]
pars =  [0.09       0.03       0.31764989 0.03311972 0.66906463 0.00457055
 0.00788449 0.         0.48727612 0.04099444 0.12746267 0.01281836
 0.         0.        ]
- function call summary
ssd =  7939.704310114543  sigmas =  [[0.07831507 0.0807232 ]
 [0.94037279 0.98396233]
 [0.09889654 0.15329967]]
pars =  [0.09       0.03       0.32230213 0.03288452 0.6701996  0.00466766
 0.00797324 0.         0.50473708 0.04224315 0.12734128 0.01262223
 0.         0.        ]
- function call summary
ssd =  7940.088393562511  sigmas =  [[0.07916961 0.08173716]
 [0.95001339 0.9942018 ]
 [0.10003421 0.15497057]]
pars =  [0.09       0.03       0.32654173 0.03356869 0.66850052 0.00469833
 0.0077876  0.         0.49773609 0.04224493 0.12630969 0.01272717
 0.         0.        ]
- function call summary
ssd =  7939.661508902701  sigmas =  [[0.07804394 0.08052048]
 [0.9383675  0.97990983]
 [0.09833609 0.15254149]]
pars =  [0.09       0.03       0.31740641 0.03346131 0.66891637 0.00463788
 0.00780999 0.         0.48207504 0.04232987 0.12828926 0.01280284
 0.         0.        ]
- function call summary
ssd =  7939.828379486273  sigmas =  [[0.07843555 0.08059078]
 [0.94352653 0.9885963 ]
 [0.09908881 0.15386102]]
pars =  [0.09       0.03       0.32213066 0.03305629 0.67288493 0.00468356
 0.00785961 0.         0.49158611 0.04261526 0.12611998 0.01255225
 0.         0.        ]
- function call summary
ssd =  7939.684414941352  sigmas =  [[0.07794122 0.08027532]
 [0.93703694 0.9797999 ]
 [0.0982674  0.15253697]]
pars =  [0.09       0.03       0.31819225 0.03308889 0.67068656 0.00450877
 0.00790127 0.         0.50212874 0.0420289  0.12691308 0.01284539
 0.         0.        ]
- function call summary
ssd =  7939.61007118559  sigmas =  [[0.07792244 0.08039633]
 [0.93610933 0.97832071]
 [0.0982531  0.15234292]]
pars =  [0.09       0.03       0.32061429 0.03303959 0.66954293 0.00459524
 0.00803869 0.         0.49588962 0.04173327 0.12976265 0.01277849
 0.         0.        ]
- function call summary
ssd =  7939.395698879952  sigmas =  [[0.07845487 0.08135279]
 [0.94197725 0.98459718]
 [0.09886896 0.15302747]]
pars =  [0.09       0.03       0.3185903  0.03384319 0.66484846 0.00463458
 0.00791236 0.         0.49129533 0.04163926 0.12778828 0.01263636
 0.         0.        ]
- function call summary
ssd =  7939.555597502134  sigmas =  [[0.0787536  0.0813007 ]
 [0.94592232 0.98992443]
 [0.09938713 0.15398746]]
pars =  [0.09       0.03       0.32399182 0.03327374 0.66846424 0.00469428
 0.00785315 0.         0.48692047 0.04128437 0.12816803 0.01275671
 0.         0.        ]
- function call summary
ssd =  7939.713578470471  sigmas =  [[0.07854887 0.08085653]
 [0.94506564 0.98889578]
 [0.09913961 0.15386665]]
pars =  [0.09       0.03       0.31849466 0.03297826 0.67070255 0.00464169
 0.00787555 0.         0.49314994 0.04192143 0.12377946 0.01296455
 0.         0.        ]
- function call summary
ssd =  7939.455476984776  sigmas =  [[0.07852564 0.08096776]
 [0.94408339 0.98783681]
 [0.0990464  0.15364423]]
pars =  [0.09       0.03       0.32029371 0.03366057 0.66942849 0.00460762
 0.00791276 0.         0.49225835 0.04194936 0.12617948 0.01266288
 0.         0.        ]
- function call summary
ssd =  7939.28380345184  sigmas =  [[0.07851257 0.08099422]
 [0.94371824 0.98741526]
 [0.09903953 0.15358961]]
pars =  [0.09       0.03       0.32096876 0.03323275 0.66906808 0.00461541
 0.00789392 0.         0.49354364 0.04203031 0.12672752 0.01275811
 0.         0.        ]
- function call summary
ssd =  7939.330772402255  sigmas =  [[0.07832115 0.08084724]
 [0.94133388 0.98421162]
 [0.09875811 0.15313579]]
pars =  [0.09       0.03       0.31955781 0.03308871 0.66853556 0.0046297
 0.00787633 0.         0.49397088 0.04200143 0.12719077 0.01277206
 0.         0.        ]
- function call summary
ssd =  7939.352903942721  sigmas =  [[0.07837366 0.08079887]
 [0.94236496 0.98561823]
 [0.09885531 0.1533439 ]]
pars =  [0.09       0.03       0.32018544 0.03322972 0.66961698 0.00462552
 0.00789879 0.         0.49372041 0.04193729 0.1267918  0.01273409
 0.         0.        ]
- function call summary
ssd =  7939.351455729762  sigmas =  [[0.07836547 0.08079447]
 [0.94202932 0.98550317]
 [0.0988506  0.15333189]]
pars =  [0.09       0.03       0.32051094 0.03329341 0.66958541 0.00461817
 0.00787941 0.         0.49405659 0.04202673 0.12703219 0.01278225
 0.         0.        ]
- function call summary
ssd =  7939.352735292829  sigmas =  [[0.07837223 0.08082061]
 [0.94211573 0.98549281]
 [0.09884657 0.15332559]]
pars =  [0.09       0.03       0.32001953 0.03330653 0.66934925 0.0046286
 0.00789713 0.         0.49418504 0.04200549 0.12676115 0.01277264
 0.         0.        ]
- function call summary
ssd =  7939.267207513933  sigmas =  [[0.07838795 0.08085421]
 [0.94242703 0.98562678]
 [0.09886725 0.15334835]]
pars =  [0.09       0.03       0.32000711 0.03327248 0.66918171 0.00461715
 0.00787044 0.         0.49431348 0.04201822 0.12675921 0.01273405
 0.         0.        ]
- function call summary
ssd =  7939.362195402512  sigmas =  [[0.07832454 0.08077615]
 [0.94170785 0.98475935]
 [0.09877062 0.15320538]]
pars =  [0.09       0.03       0.31952916 0.03326421 0.66927942 0.0046131
 0.00788114 0.         0.49399537 0.04210709 0.12680773 0.01272934
 0.         0.        ]
- function call summary
ssd =  7939.298073462702  sigmas =  [[0.07843116 0.08087086]
 [0.942974   0.98632963]
 [0.09892871 0.15346291]]
pars =  [0.09       0.03       0.32020705 0.03323808 0.6694126  0.00461762
 0.00785596 0.         0.4940995  0.04199763 0.12652665 0.01274324
 0.         0.        ]
- function call summary
ssd =  7939.351357004749  sigmas =  [[0.07843076 0.080902  ]
 [0.94273735 0.98610168]
 [0.09892474 0.15343362]]
pars =  [0.09       0.03       0.32042511 0.03328703 0.66913195 0.00462598
 0.00786448 0.         0.49347095 0.04200682 0.12687327 0.01272705
 0.         0.        ]
- function call summary
ssd =  7939.36300154107  sigmas =  [[0.07839495 0.08086399]
 [0.9422018  0.98564362]
 [0.09888663 0.15336809]]
pars =  [0.09       0.03       0.32031993 0.03327162 0.66919657 0.00461295
 0.00787505 0.         0.49543851 0.04194938 0.12682605 0.01273392
 0.         0.        ]
- function call summary
ssd =  7939.272419826437  sigmas =  [[0.07837025 0.08084085]
 [0.94227043 0.98560316]
 [0.09882372 0.15327815]]
pars =  [0.09       0.03       0.31973606 0.03327651 0.66908288 0.00461112
 0.00787034 0.         0.49351388 0.04192935 0.12682018 0.01274096
 0.         0.        ]
- function call summary
ssd =  7939.282247039011  sigmas =  [[0.07838008 0.0808646 ]
 [0.94234321 0.98563845]
 [0.09883513 0.15329218]]
pars =  [0.09       0.03       0.31945458 0.03330053 0.66892222 0.0046169
 0.00786776 0.         0.49441914 0.04201331 0.12654936 0.01275327
 0.         0.        ]
- function call summary
ssd =  7939.346204397787  sigmas =  [[0.07837998 0.08083953]
 [0.94206089 0.98554275]
 [0.09887    0.15334973]]
pars =  [0.09       0.03       0.32022842 0.03323213 0.6692925  0.00462261
 0.00787846 0.         0.49529706 0.04205894 0.12681492 0.01272461
 0.         0.        ]
- function call summary
ssd =  7939.302847338418  sigmas =  [[0.07833099 0.08075477]
 [0.94197713 0.98524108]
 [0.09879072 0.15324855]]
pars =  [0.09       0.03       0.31974377 0.03323809 0.66958949 0.0046087
 0.0078741  0.         0.49415472 0.04201126 0.12673791 0.01274912
 0.         0.        ]
- function call summary
ssd =  7939.326165562794  sigmas =  [[0.07839586 0.08081966]
 [0.94261939 0.98589992]
 [0.09889075 0.15339445]]
pars =  [0.09       0.03       0.3202528  0.03326415 0.66961075 0.00462181
 0.00786898 0.         0.49405385 0.04208409 0.12668372 0.01271736
 0.         0.        ]
- function call summary
ssd =  7939.386766923408  sigmas =  [[0.07841925 0.08093709]
 [0.94250562 0.98569567]
 [0.09888632 0.15334976]]
pars =  [0.09       0.03       0.31983766 0.03331281 0.66862953 0.00461196
 0.00787213 0.         0.49388967 0.04200413 0.12677163 0.01273873
 0.         0.        ]
- function call summary
ssd =  7939.22821043673  sigmas =  [[0.07846765 0.0809453 ]
 [0.94322618 0.98670453]
 [0.09898651 0.15350769]]
pars =  [0.09       0.03       0.3206393  0.03331342 0.6690865  0.00462434
 0.00786435 0.         0.49480933 0.04203895 0.1266823  0.01273661
 0.         0.        ]
- function call summary
ssd =  7939.199787385113  sigmas =  [[0.07849833 0.08096412]
 [0.94363752 0.98736919]
 [0.09903645 0.15359907]]
pars =  [0.09       0.03       0.32068969 0.03335669 0.66921239 0.00463132
 0.00785767 0.         0.49528777 0.04204779 0.12642129 0.01273548
 0.         0.        ]
- function call summary
ssd =  7939.358201987088  sigmas =  [[0.07859655 0.08107991]
 [0.94462613 0.98836209]
 [0.09917666 0.15378958]]
pars =  [0.09       0.03       0.32152497 0.03335407 0.66909017 0.00463141
 0.00785552 0.         0.49564004 0.04210817 0.12638807 0.01274432
 0.         0.        ]
- function call summary
ssd =  7939.097742461816  sigmas =  [[0.07852039 0.08098137]
 [0.9441045  0.98767477]
 [0.09906472 0.15364784]]
pars =  [0.09       0.03       0.32072654 0.033414   0.66925587 0.0046256
 0.0078704  0.         0.4946851  0.04202638 0.12634211 0.0127228
 0.         0.        ]
- function call summary
ssd =  7939.326544417253  sigmas =  [[0.07846124 0.08089447]
 [0.94332014 0.9867637 ]
 [0.09898367 0.15354391]]
pars =  [0.09       0.03       0.32038756 0.03349146 0.66952178 0.00462511
 0.00786658 0.         0.49480258 0.04198891 0.12635606 0.01270869
 0.         0.        ]
- function call summary
ssd =  7939.179473819937  sigmas =  [[0.07858097 0.08102947]
 [0.94479951 0.98885118]
 [0.09915636 0.15379802]]
pars =  [0.09       0.03       0.32109671 0.0334572  0.66943563 0.00462375
 0.00786926 0.         0.49480148 0.04206859 0.12611718 0.01270399
 0.         0.        ]
- function call summary
ssd =  7939.222800549245  sigmas =  [[0.07861768 0.08110246]
 [0.94508299 0.98876642]
 [0.09919414 0.15382376]]
pars =  [0.09       0.03       0.32107049 0.0333953  0.66903259 0.00462934
 0.00788149 0.         0.49448933 0.04198182 0.12609386 0.01272274
 0.         0.        ]
- function call summary
ssd =  7939.176411148905  sigmas =  [[0.07851085 0.08094686]
 [0.94396542 0.98749139]
 [0.0990505  0.15363982]]
pars =  [0.09       0.03       0.32089023 0.03345211 0.66950062 0.00462272
 0.00786446 0.         0.49443833 0.04202402 0.1264109  0.01275395
 0.         0.        ]
- function call summary
ssd =  7939.2235685600135  sigmas =  [[0.07856067 0.08103802]
 [0.94439602 0.98814356]
 [0.09911945 0.1537122 ]]
pars =  [0.09       0.03       0.32099299 0.03344049 0.6691406  0.00462493
 0.00788286 0.         0.49467563 0.04213032 0.1263172  0.01272413
 0.         0.        ]
- function call summary
ssd =  7939.194313729866  sigmas =  [[0.07846434 0.08090948]
 [0.9432926  0.9867865 ]
 [0.09898588 0.1535354 ]]
pars =  [0.09       0.03       0.32057542 0.03335145 0.66941258 0.0046235
 0.00788133 0.         0.49440661 0.04198595 0.12654774 0.0127214
 0.         0.        ]
- function call summary
ssd =  7939.177400962234  sigmas =  [[0.07860335 0.08108495]
 [0.94500467 0.98881263]
 [0.09916652 0.15380211]]
pars =  [0.09       0.03       0.32094974 0.0334195  0.66904963 0.00461876
 0.0078589  0.         0.49397697 0.0420166  0.12614667 0.01272597
 0.         0.        ]
- function call summary
ssd =  7939.223258105497  sigmas =  [[0.07857214 0.0810472 ]
 [0.94454862 0.98820545]
 [0.0991297  0.15373349]]
pars =  [0.09       0.03       0.32103184 0.03334871 0.66914908 0.00462061
 0.00788003 0.         0.49424173 0.04205205 0.12630763 0.01273783
 0.         0.        ]
- function call summary
ssd =  7939.167223116895  sigmas =  [[0.07860577 0.08109965]
 [0.94485038 0.98860399]
 [0.09918517 0.15379751]]
pars =  [0.09       0.03       0.32130534 0.03346276 0.66897647 0.00463049
 0.00786691 0.         0.49530258 0.04203563 0.1262873  0.01271724
 0.         0.        ]
- function call summary
ssd =  7939.330292730069  sigmas =  [[0.07847171 0.08092392]
 [0.94332116 0.98695629]
 [0.09899409 0.15354432]]
pars =  [0.09       0.03       0.32035902 0.03340636 0.66932566 0.00463251
 0.00788265 0.         0.49441084 0.04203471 0.12637019 0.01274748
 0.         0.        ]
- function call summary
ssd =  7939.294155295372  sigmas =  [[0.07848264 0.08095199]
 [0.9434726  0.98698784]
 [0.09900176 0.15355318]]
pars =  [0.09       0.03       0.32020559 0.03335484 0.66913448 0.00462171
 0.00786636 0.         0.49493608 0.04201882 0.12628706 0.01270834
 0.         0.        ]
- function call summary
ssd =  7939.213062807716  sigmas =  [[0.07851171 0.08094805]
 [0.9439347  0.98751617]
 [0.09905192 0.15364624]]
pars =  [0.09       0.03       0.32070983 0.03334713 0.66950825 0.00462244
 0.0078606  0.         0.49446176 0.0419667  0.12629005 0.01273219
 0.         0.        ]
- function call summary
ssd =  7939.238219947223  sigmas =  [[0.07860134 0.08106121]
 [0.94493009 0.98885147]
 [0.09917912 0.15382188]]
pars =  [0.09       0.03       0.32140724 0.03344742 0.66932937 0.00462684
 0.00786754 0.         0.49368768 0.04203957 0.12634793 0.01271601
 0.         0.        ]
- function call summary
ssd =  7939.312733682195  sigmas =  [[0.07845057 0.08092366]
 [0.94306414 0.98649337]
 [0.09894997 0.15347274]]
pars =  [0.09       0.03       0.31995944 0.03339813 0.66907213 0.00461994
 0.00786986 0.         0.49445374 0.04201836 0.12637454 0.01273986
 0.         0.        ]
- function call summary
ssd =  7939.20520604944  sigmas =  [[0.07848876 0.08093169]
 [0.94355814 0.98734462]
 [0.09902955 0.15360206]]
pars =  [0.09       0.03       0.32100924 0.03338846 0.6694867  0.00462073
 0.00787487 0.         0.49538399 0.04207405 0.12655829 0.01272827
 0.         0.        ]
- function call summary
ssd =  7939.197187651127  sigmas =  [[0.07854659 0.08101069]
 [0.94428405 0.98788224]
 [0.09910102 0.15370289]]
pars =  [0.09       0.03       0.32093161 0.03341742 0.66925211 0.00462466
 0.00786719 0.         0.49453553 0.04202751 0.12632934 0.01272868
 0.         0.        ]
- function call summary
ssd =  7939.189496792174  sigmas =  [[0.07852104 0.08099193]
 [0.94398951 0.98750397]
 [0.09906323 0.15363952]]
pars =  [0.09       0.03       0.32073341 0.03341234 0.66917349 0.00462573
 0.00786972 0.         0.49461414 0.04202565 0.12639048 0.01272205
 0.         0.        ]
- function call summary
ssd =  7939.118350553834  sigmas =  [[0.078514   0.08096801]
 [0.94405589 0.98752935]
 [0.0990518  0.15363718]]
pars =  [0.09       0.03       0.32066821 0.03341259 0.66932239 0.00462652
 0.00787197 0.         0.49470306 0.04203512 0.12630952 0.01272197
 0.         0.        ]
- function call summary
ssd =  7939.125552268788  sigmas =  [[0.07853213 0.08099781]
 [0.94416076 0.98782587]
 [0.09908    0.15366879]]
pars =  [0.09       0.03       0.32079005 0.03340121 0.66922614 0.00462467
 0.00787197 0.         0.4946655  0.04203272 0.12632874 0.0127232
 0.         0.        ]
- function call summary
ssd =  7939.10527648824  sigmas =  [[0.07851936 0.08098073]
 [0.94408448 0.98766817]
 [0.09906356 0.1536469 ]]
pars =  [0.09       0.03       0.32072914 0.0334191  0.66926195 0.00462495
 0.00787253 0.         0.49484608 0.04201393 0.12633287 0.01272364
 0.         0.        ]
- function call summary
ssd =  7939.111507538514  sigmas =  [[0.07851829 0.08098241]
 [0.94402131 0.98768326]
 [0.09906323 0.15364329]]
pars =  [0.09       0.03       0.32072264 0.03340651 0.66923796 0.00462685
 0.00786868 0.         0.49484293 0.0420286  0.12634462 0.0127253
 0.         0.        ]
- function call summary
ssd =  7939.098908875485  sigmas =  [[0.07852102 0.08097744]
 [0.94413191 0.98780824]
 [0.09906528 0.15365011]]
pars =  [0.09       0.03       0.32071813 0.03341774 0.66928794 0.00462438
 0.0078679  0.         0.49471956 0.04202532 0.12631869 0.01271931
 0.         0.        ]
- function call summary
ssd =  7939.107756608566  sigmas =  [[0.07853304 0.08099953]
 [0.94425191 0.98781858]
 [0.09908061 0.15366937]]
pars =  [0.09       0.03       0.3207292  0.03341306 0.66920679 0.00462653
 0.00787058 0.         0.49460406 0.04201515 0.12629689 0.01272215
 0.         0.        ]
- function call summary
ssd =  7939.118482604094  sigmas =  [[0.07850948 0.08096081]
 [0.9439971  0.98746927]
 [0.09904448 0.15363225]]
pars =  [0.09       0.03       0.32069182 0.03342016 0.66934564 0.00462549
 0.00787057 0.         0.49457165 0.04202122 0.12635688 0.01272493
 0.         0.        ]
- function call summary
ssd =  7939.112750571627  sigmas =  [[0.07851109 0.08097272]
 [0.94399407 0.9875847 ]
 [0.09905161 0.15362704]]
pars =  [0.09       0.03       0.32065678 0.03342998 0.66926098 0.0046261
 0.00787033 0.         0.49471505 0.04202564 0.12634785 0.01272075
 0.         0.        ]
- function call summary
ssd =  7939.129352817529  sigmas =  [[0.07852772 0.08098845]
 [0.94410838 0.98780999]
 [0.09907646 0.15366699]]
pars =  [0.09       0.03       0.32082353 0.03341823 0.66928795 0.00462638
 0.00787106 0.         0.49475558 0.04202771 0.12634347 0.01271813
 0.         0.        ]
- function call summary
ssd =  7939.123743292461  sigmas =  [[0.07850963 0.08097275]
 [0.94397898 0.98740421]
 [0.09904157 0.15361737]]
pars =  [0.09       0.03       0.32059244 0.03341231 0.66922615 0.0046245
 0.00787007 0.         0.49464846 0.04202644 0.12633877 0.01272594
 0.         0.        ]
- function call summary
ssd =  7939.119790868758  sigmas =  [[0.07852415 0.0809891 ]
 [0.94407603 0.98775572]
 [0.09907016 0.15365506]]
pars =  [0.09       0.03       0.32074158 0.03342578 0.66923419 0.00462567
 0.00787133 0.         0.49479928 0.04203845 0.12632702 0.0127246
 0.         0.        ]
- function call summary
ssd =  7939.10121580447  sigmas =  [[0.07851777 0.08097232]
 [0.94408522 0.98777895]
 [0.09906059 0.1536433 ]]
pars =  [0.09       0.03       0.32072125 0.03340164 0.66930372 0.00462515
 0.00786894 0.         0.49464855 0.04201486 0.12633806 0.01272416
 0.         0.        ]
- function call summary
ssd =  7939.122280440508  sigmas =  [[0.07850349 0.08095803]
 [0.94392391 0.98725679]
 [0.09903573 0.15361128]]
pars =  [0.09       0.03       0.32063107 0.03340257 0.66931162 0.00462511
 0.00787122 0.         0.49474285 0.04202679 0.12635738 0.01272247
 0.         0.        ]
- function call summary
ssd =  7939.133361470153  sigmas =  [[0.0785135  0.08097151]
 [0.94394564 0.98764711]
 [0.09905732 0.15363837]]
pars =  [0.09       0.03       0.3207745  0.03341083 0.66930172 0.00462473
 0.00787077 0.         0.49479838 0.0420351  0.1263822  0.01272422
 0.         0.        ]
- function call summary
ssd =  7939.125361924949  sigmas =  [[0.07851927 0.08098002]
 [0.94410723 0.98758626]
 [0.0990574  0.15364393]]
pars =  [0.09       0.03       0.32064152 0.03341276 0.66926063 0.00462584
 0.00786833 0.         0.49460378 0.04202489 0.12629727 0.01272091
 0.         0.        ]
- function call summary
ssd =  7939.1187025550225  sigmas =  [[0.07851286 0.08097461]
 [0.94400345 0.98758614]
 [0.09905399 0.15363191]]
pars =  [0.09       0.03       0.32067646 0.03341223 0.6692597  0.004627
 0.00787258 0.         0.49462676 0.04202713 0.12635379 0.01272685
 0.         0.        ]
- function call summary
ssd =  7939.08808559695  sigmas =  [[0.07852273 0.08098346]
 [0.94414495 0.98782213]
 [0.09906756 0.15365342]]
pars =  [0.09       0.03       0.32072761 0.03341457 0.66925736 0.00462422
 0.00786903 0.         0.49479371 0.04201159 0.12632043 0.01272295
 0.         0.        ]
- function call summary
ssd =  7939.080843847016  sigmas =  [[0.07852544 0.08098435]
 [0.94419171 0.98784362]
 [0.09906993 0.15365631]]
pars =  [0.09       0.03       0.32073039 0.0334146  0.66926948 0.00462452
 0.00787122 0.         0.49464973 0.04201731 0.12631392 0.01272343
 0.         0.        ]
- function call summary
ssd =  7939.148447531306  sigmas =  [[0.07853309 0.0809909 ]
 [0.94423452 0.98769979]
 [0.09907506 0.15366895]]
pars =  [0.09       0.03       0.32072535 0.03341867 0.66926744 0.00462213
 0.00787397 0.         0.49438676 0.04201657 0.12629074 0.01272074
 0.         0.        ]
- function call summary
ssd =  7939.0879477469125  sigmas =  [[0.07852618 0.08098388]
 [0.94419597 0.98784381]
 [0.09907164 0.15365968]]
pars =  [0.09       0.03       0.32074898 0.03341068 0.66928717 0.00462535
 0.00787167 0.         0.4946632  0.04201601 0.12630958 0.0127265
 0.         0.        ]
- function call summary
ssd =  7939.082944593569  sigmas =  [[0.07852506 0.08098395]
 [0.94418195 0.98783243]
 [0.09906956 0.15365759]]
pars =  [0.09       0.03       0.32073348 0.03341572 0.66926931 0.00462457
 0.00787076 0.         0.49467597 0.04201773 0.12631653 0.01272293
 0.         0.        ]
- function call summary
ssd =  7939.082417631018  sigmas =  [[0.07852783 0.08098832]
 [0.944214   0.9878916 ]
 [0.09907331 0.15366334]]
pars =  [0.09       0.03       0.32075054 0.03341518 0.66926562 0.00462443
 0.00787092 0.         0.4946352  0.04201826 0.12631535 0.01272403
 0.         0.        ]
- function call summary
ssd =  7939.082114858237  sigmas =  [[0.07852486 0.08098395]
 [0.94418151 0.98783996]
 [0.09906873 0.15365494]]
pars =  [0.09       0.03       0.32072259 0.0334126  0.66926711 0.00462437
 0.00787147 0.         0.49463728 0.04201538 0.12631456 0.01272382
 0.         0.        ]
- function call summary
ssd =  7939.081404645048  sigmas =  [[0.0785262  0.08098578]
 [0.94420304 0.9878481 ]
 [0.09907082 0.15365813]]
pars =  [0.09       0.03       0.32073199 0.03341574 0.66926971 0.00462424
 0.00787139 0.         0.4946265  0.04201669 0.12631252 0.01272283
 0.         0.        ]
- function call summary
ssd =  7939.093153374621  sigmas =  [[0.07852606 0.08098525]
 [0.94418334 0.98785835]
 [0.09907074 0.1536582 ]]
pars =  [0.09       0.03       0.32072867 0.03341489 0.66927304 0.00462458
 0.00787166 0.         0.49463126 0.04201949 0.12630823 0.01272355
 0.         0.        ]
- function call summary
ssd =  7939.092692838017  sigmas =  [[0.07852469 0.08098475]
 [0.94416983 0.98774106]
 [0.09906892 0.15365613]]
pars =  [0.09       0.03       0.32072997 0.03341483 0.66925941 0.00462466
 0.00787131 0.         0.49463554 0.04201737 0.12632346 0.01272324
 0.         0.        ]
- function call summary
ssd =  7939.079228615353  sigmas =  [[0.07852637 0.08098539]
 [0.94420811 0.98785261]
 [0.0990712  0.1536588 ]]
pars =  [0.09       0.03       0.32073593 0.03341506 0.66927472 0.0046245
 0.00787103 0.         0.49465097 0.04201379 0.12630941 0.01272356
 0.         0.        ]
- function call summary
ssd =  7939.091573013226  sigmas =  [[0.07852788 0.08098621]
 [0.944211   0.98788605]
 [0.09907361 0.15366319]]
pars =  [0.09       0.03       0.32075817 0.03341392 0.66928245 0.00462458
 0.00787118 0.         0.49465506 0.04201406 0.12631094 0.012723
 0.         0.        ]
- function call summary
ssd =  7939.075531681234  sigmas =  [[0.07852558 0.08098466]
 [0.94420076 0.98787137]
 [0.09906964 0.15365658]]
pars =  [0.09       0.03       0.32072456 0.03341477 0.669272   0.00462417
 0.00787079 0.         0.49466797 0.04201356 0.12630751 0.01272397
 0.         0.        ]
- function call summary
ssd =  7939.084041123762  sigmas =  [[0.07852448 0.08098327]
 [0.94418273 0.98784112]
 [0.09906818 0.15365396]]
pars =  [0.09       0.03       0.32070722 0.03341401 0.66926025 0.00462423
 0.00787036 0.         0.49465968 0.04201402 0.12630697 0.01272379
 0.         0.        ]
- function call summary
ssd =  7939.098118347061  sigmas =  [[0.0785227  0.08097822]
 [0.94414753 0.98783419]
 [0.09906657 0.1536513 ]]
pars =  [0.09       0.03       0.32071495 0.03341512 0.66928828 0.00462413
 0.00787062 0.         0.4946522  0.04201396 0.12631294 0.0127241
 0.         0.        ]
- function call summary
ssd =  7939.08318645259  sigmas =  [[0.0785271  0.08098692]
 [0.94420699 0.98785289]
 [0.09907191 0.1536609 ]]
pars =  [0.09       0.03       0.32073327 0.03341568 0.6692584  0.00462413
 0.00787115 0.         0.49469203 0.04201347 0.12630788 0.01272418
 0.         0.        ]
- function call summary
ssd =  7939.094824821763  sigmas =  [[0.07852271 0.08098069]
 [0.94414899 0.98781797]
 [0.09906603 0.15365045]]
pars =  [0.09       0.03       0.32070496 0.03341496 0.66926782 0.00462422
 0.00787078 0.         0.49467205 0.04201593 0.12631172 0.01272445
 0.         0.        ]
- function call summary
ssd =  7939.077624490812  sigmas =  [[0.07852785 0.08098711]
 [0.94422855 0.98788871]
 [0.09907324 0.15366198]]
pars =  [0.09       0.03       0.32073843 0.03341286 0.66927133 0.00462411
 0.00787062 0.         0.49467837 0.04201361 0.12630135 0.0127235
 0.         0.        ]
- function call summary
ssd =  7939.078284602515  sigmas =  [[0.07852436 0.08098176]
 [0.94418673 0.9878539 ]
 [0.09906825 0.15365464]]
pars =  [0.09       0.03       0.32072398 0.03341249 0.66927817 0.00462436
 0.00787048 0.         0.49466399 0.04201369 0.12631161 0.01272412
 0.         0.        ]
- function call summary
ssd =  7939.078787871404  sigmas =  [[0.07852673 0.08098562]
 [0.94421288 0.98786762]
 [0.09907124 0.15365922]]
pars =  [0.09       0.03       0.3207314  0.0334158  0.66927374 0.00462398
 0.00787089 0.         0.49466353 0.04201053 0.12630515 0.01272356
 0.         0.        ]
- function call summary
ssd =  7939.079230245737  sigmas =  [[0.07852379 0.08098213]
 [0.9441778  0.98782413]
 [0.09906771 0.15365318]]
pars =  [0.09       0.03       0.32072136 0.03341533 0.66927463 0.00462433
 0.00787122 0.         0.49470034 0.04201344 0.1263115  0.0127239
 0.         0.        ]
- function call summary
ssd =  7939.077261672165  sigmas =  [[0.07852624 0.08098558]
 [0.94420617 0.98786681]
 [0.09907168 0.15366083]]
pars =  [0.09       0.03       0.32073976 0.03341346 0.66927205 0.00462436
 0.00787061 0.         0.49469465 0.04201433 0.12630943 0.01272429
 0.         0.        ]
- function call summary
ssd =  7939.076842374792  sigmas =  [[0.07852472 0.08098367]
 [0.94418833 0.98784864]
 [0.09906909 0.15365665]]
pars =  [0.09       0.03       0.32072661 0.03341512 0.66926805 0.00462415
 0.00787033 0.         0.49469492 0.04201279 0.12631325 0.01272365
 0.         0.        ]
- function call summary
ssd =  7939.075359271605  sigmas =  [[0.07852562 0.08098504]
 [0.94419911 0.98786597]
 [0.09907013 0.15365874]]
pars =  [0.09       0.03       0.32073173 0.03341343 0.66926971 0.00462405
 0.00787077 0.         0.4946779  0.04201533 0.12631204 0.0127232
 0.         0.        ]
- function call summary
ssd =  7939.077434423916  sigmas =  [[0.07852554 0.08098429]
 [0.94419966 0.98785682]
 [0.09906988 0.15365698]]
pars =  [0.09       0.03       0.32072725 0.03341314 0.66927597 0.00462418
 0.00787105 0.         0.49467912 0.04201839 0.12630682 0.0127232
 0.         0.        ]
- function call summary
ssd =  7939.080338669109  sigmas =  [[0.07852378 0.08098255]
 [0.94417599 0.98780843]
 [0.09906771 0.15365315]]
pars =  [0.09       0.03       0.32072248 0.03341288 0.66927109 0.00462432
 0.00787064 0.         0.49470918 0.0420153  0.12631373 0.01272278
 0.         0.        ]
estimates =  [0.09       0.03       0.32073173 0.03341343 0.66926971 0.00462405
 0.00787077 0.         0.4946779  0.04201533 0.12631204 0.0127232
 0.         0.        ]
final distance =  7939.075359271605
