number of parameters =  14 , number of free parameters =  11
- function call summary
ssd =  8260.247278784758  sigmas =  [[0.01590227 0.01662019]
 [0.0861717  0.10869237]
 [0.01159542 0.01544787]]
pars =  [0.75  0.25  0.3   0.25  0.78  0.05  0.2   0.    0.669 0.3   0.2   0.1
 0.    0.   ]
- function call summary
ssd =  8279.305786250174  sigmas =  [[0.01636871 0.01744683]
 [0.0836508  0.10836792]
 [0.01149182 0.01532934]]
pars =  [0.80592745 0.25       0.3        0.25       0.78       0.05
 0.2        0.         0.669      0.3        0.2        0.1
 0.         0.        ]
- function call summary
ssd =  8256.652211195478  sigmas =  [[0.01579786 0.01654571]
 [0.08663701 0.10941546]
 [0.01162785 0.01543309]]
pars =  [0.75       0.26864248 0.3        0.25       0.78       0.05
 0.2        0.         0.669      0.3        0.2        0.1
 0.         0.        ]
- function call summary
ssd =  8258.975371983614  sigmas =  [[0.0162344  0.01701341]
 [0.089415   0.11280916]
 [0.01200172 0.01593167]]
pars =  [0.75       0.25       0.32237098 0.25       0.78       0.05
 0.2        0.         0.669      0.3        0.2        0.1
 0.         0.        ]
- function call summary
ssd =  8260.54150402882  sigmas =  [[0.01590711 0.01663419]
 [0.08685736 0.1093589 ]
 [0.01163651 0.01544069]]
pars =  [0.75       0.25       0.3        0.26864248 0.78       0.05
 0.2        0.         0.669      0.3        0.2        0.1
 0.         0.        ]
- function call summary
ssd =  8256.860172547636  sigmas =  [[0.01514405 0.01570332]
 [0.08370294 0.10528432]
 [0.0111926  0.01485264]]
pars =  [0.75       0.25       0.3        0.25       0.79209283 0.05
 0.2        0.         0.669      0.3        0.2        0.1
 0.         0.        ]
- function call summary
ssd =  8260.462794991861  sigmas =  [[0.01575067 0.01643026]
 [0.08450613 0.10668203]
 [0.01145754 0.01527374]]
pars =  [0.75      0.25      0.3       0.25      0.78      0.0537285 0.2
 0.        0.669     0.3       0.2       0.1       0.        0.       ]
- function call summary
ssd =  8266.64984713636  sigmas =  [[0.01564385 0.01642487]
 [0.08302094 0.10668931]
 [0.01119084 0.01497365]]
pars =  [0.75       0.25       0.3        0.25       0.78       0.05
 0.21491399 0.         0.669      0.3        0.2        0.1
 0.         0.        ]
- function call summary
ssd =  8260.222162468259  sigmas =  [[0.01581003 0.01652362]
 [0.0855545  0.10778498]
 [0.01154299 0.01537533]]
pars =  [0.75       0.25       0.3        0.25       0.78       0.05
 0.2        0.         0.71888728 0.3        0.2        0.1
 0.         0.        ]
- function call summary
ssd =  8261.485443501379  sigmas =  [[0.01586107 0.0165802 ]
 [0.08541302 0.10771004]
 [0.01157385 0.01542438]]
pars =  [0.75       0.25       0.3        0.25       0.78       0.05
 0.2        0.         0.669      0.32237098 0.2        0.1
 0.         0.        ]
- function call summary
ssd =  8257.863492179808  sigmas =  [[0.01507973 0.01585819]
 [0.08298753 0.10379308]
 [0.01114074 0.01481683]]
pars =  [0.75       0.25       0.3        0.25       0.78       0.05
 0.2        0.         0.669      0.3        0.21491399 0.1
 0.         0.        ]
- function call summary
ssd =  8262.302074033361  sigmas =  [[0.01558332 0.01622377]
 [0.08459274 0.1067654 ]
 [0.0114006  0.01513356]]
pars =  [0.75       0.25       0.3        0.25       0.78       0.05
 0.2        0.         0.669      0.3        0.2        0.10745699
 0.         0.        ]
- function call summary
ssd =  8242.76876388356  sigmas =  [[0.01544342 0.01587642]
 [0.08828199 0.10987457]
 [0.01171546 0.01552221]]
pars =  [0.69795364 0.25       0.3        0.25       0.78       0.05
 0.2        0.         0.669      0.3        0.2        0.1
 0.         0.        ]
- function call summary
ssd =  8263.773747720175  sigmas =  [[0.01599285 0.01668756]
 [0.08564643 0.10834568]
 [0.01156419 0.01545469]]
pars =  [0.75       0.23265121 0.3        0.25       0.78       0.05
 0.2        0.         0.669      0.3        0.2        0.1
 0.         0.        ]
- function call summary
ssd =  8261.201680708713  sigmas =  [[0.01560417 0.0162711 ]
 [0.08332916 0.10557879]
 [0.011246   0.01503113]]
pars =  [0.75       0.25       0.27918146 0.25       0.78       0.05
 0.2        0.         0.669      0.3        0.2        0.1
 0.         0.        ]
- function call summary
ssd =  8259.894473511144  sigmas =  [[0.01589661 0.01660655]
 [0.08554311 0.1081762 ]
 [0.01155541 0.01545269]]
pars =  [0.75       0.25       0.3        0.23265121 0.78       0.05
 0.2        0.         0.669      0.3        0.2        0.1
 0.         0.        ]
- function call summary
ssd =  8263.51946613889  sigmas =  [[0.01662891 0.01750921]
 [0.08834486 0.11267631]
 [0.01197571 0.01601344]]
pars =  [0.75       0.25       0.3        0.25       0.76741034 0.05
 0.2        0.         0.669      0.3        0.2        0.1
 0.         0.        ]
- function call summary
ssd =  8260.225102505332  sigmas =  [[0.01604472 0.01680074]
 [0.08768436 0.11108726]
 [0.01172365 0.01561002]]
pars =  [0.75       0.25       0.3        0.25       0.78       0.04653024
 0.2        0.         0.669      0.3        0.2        0.1
 0.         0.        ]
- function call summary
ssd =  8253.997723001696  sigmas =  [[0.01614388 0.01680067]
 [0.08922308 0.11113881]
 [0.01199174 0.01590916]]
pars =  [0.75       0.25       0.3        0.25       0.78       0.05
 0.18612097 0.         0.669      0.3        0.2        0.1
 0.         0.        ]
- function call summary
ssd =  8260.260109818424  sigmas =  [[0.01599071 0.01671203]
 [0.08674817 0.1097678 ]
 [0.01164603 0.0155161 ]]
pars =  [0.75       0.25       0.3        0.25       0.78       0.05
 0.2        0.         0.62257465 0.3        0.2        0.1
 0.         0.        ]
- function call summary
ssd =  8259.049264600268  sigmas =  [[0.01594018 0.0166571 ]
 [0.08686424 0.10996332]
 [0.01161649 0.01547163]]
pars =  [0.75       0.25       0.3        0.25       0.78       0.05
 0.2        0.         0.669      0.27918146 0.2        0.1
 0.         0.        ]
- function call summary
ssd =  8262.74047716423  sigmas =  [[0.01670903 0.01735959]
 [0.08913004 0.11371099]
 [0.01203658 0.01606563]]
pars =  [0.75       0.25       0.3        0.25       0.78       0.05
 0.2        0.         0.669      0.3        0.18612097 0.1
 0.         0.        ]
- function call summary
ssd =  8258.481734837871  sigmas =  [[0.01619785 0.01699402]
 [0.08760333 0.11062069]
 [0.01177696 0.01574413]]
pars =  [0.75       0.25       0.3        0.25       0.78       0.05
 0.2        0.         0.669      0.3        0.2        0.09306049
 0.         0.        ]
- function call summary
ssd =  8223.667582331354  sigmas =  [[0.01491194 0.01509305]
 [0.09069963 0.11065149]
 [0.01186865 0.01562465]]
pars =  [0.65486284 0.25342251 0.30127792 0.24969135 0.78217406 0.04997731
 0.19522654 0.         0.66904847 0.29860782 0.20187103 0.09927324
 0.         0.        ]
- function call summary
ssd =  8186.525198068415  sigmas =  [[0.01380171 0.01366391]
 [0.09462618 0.11029225]
 [0.01219878 0.01605815]]
pars =  [0.57997999 0.26158078 0.30431449 0.24897299 0.78719109 0.04992505
 0.18467364 0.         0.6691613  0.29540083 0.20626616 0.0976255
 0.         0.        ]
- function call summary
ssd =  8117.19216039895  sigmas =  [[0.01146719 0.0110808 ]
 [0.09695291 0.10823473]
 [0.01254365 0.01674472]]
pars =  [0.47774735 0.28629795 0.31365603 0.24693171 0.80116329 0.0497838
 0.15904607 0.         0.66948066 0.2866136  0.2188559  0.09339295
 0.         0.        ]
- function call summary
ssd =  8049.682897946992  sigmas =  [[0.0075779  0.00734696]
 [0.07964315 0.08695581]
 [0.00971568 0.01514877]]
pars =  [0.31826495 0.33745791 0.33032289 0.24354643 0.82467551 0.04954868
 0.11716904 0.         0.67001551 0.27237337 0.24246849 0.08660285
 0.         0.        ]
- function call summary
ssd =  8046.016160292838  sigmas =  [[0.00367314 0.00384107]
 [0.04088178 0.0438072 ]
 [0.00487312 0.007964  ]]
pars =  [0.26999742 0.42557381 0.37790719 0.2334275  0.85590283 0.04881099
 0.14801266 0.         0.67168643 0.23486604 0.30829137 0.07066768
 0.         0.        ]
- function call summary
ssd =  8051.338816261636  sigmas =  [[0.00301914 0.00306954]
 [0.0334111  0.03608386]
 [0.00394452 0.00646905]]
pars =  [0.26745227 0.40823973 0.37049325 0.23483256 0.87106526 0.04891026
 0.14842547 0.         0.67145134 0.23955567 0.29941099 0.07243651
 0.         0.        ]
- function call summary
ssd =  8033.667386063109  sigmas =  [[0.00364686 0.00397245]
 [0.0415544  0.04274723]
 [0.00484938 0.0079256 ]]
pars =  [0.25553805 0.37957189 0.37859084 0.23538901 0.83939864 0.04895288
 0.12689783 0.         0.67133131 0.23397709 0.35854614 0.06650065
 0.         0.        ]
- function call summary
ssd =  8037.40923619493  sigmas =  [[0.0053947  0.00599006]
 [0.06200509 0.06451923]
 [0.00742295 0.01215134]]
pars =  [0.24409267 0.45041171 0.39163614 0.23152761 0.8108316  0.04869054
 0.12061406 0.         0.67199833 0.22806639 0.32909612 0.06672332
 0.         0.        ]
- function call summary
ssd =  8029.641679416766  sigmas =  [[0.00385117 0.00419006]
 [0.04401879 0.04538037]
 [0.0051402  0.00841125]]
pars =  [0.25509318 0.37847124 0.37466572 0.235945   0.83952518 0.04899264
 0.12710081 0.         0.67124127 0.23656757 0.34978513 0.06227527
 0.         0.        ]
- function call summary
ssd =  8029.737898039594  sigmas =  [[0.00387569 0.00422749]
 [0.04415705 0.04580707]
 [0.00519237 0.00850569]]
pars =  [0.25629707 0.40020805 0.34156939 0.24276911 0.84122335 0.04940759
 0.12425394 0.         0.67012481 0.25420817 0.34261793 0.05966393
 0.         0.        ]
- function call summary
ssd =  8027.7794582965935  sigmas =  [[0.00394035 0.00426335]
 [0.04509145 0.04650687]
 [0.00523828 0.00858745]]
pars =  [0.25246258 0.37661538 0.365254   0.23817359 0.83964959 0.04913752
 0.12706331 0.         0.67087376 0.2219387  0.34474125 0.06247022
 0.         0.        ]
- function call summary
ssd =  8025.593125374107  sigmas =  [[0.00427853 0.0045773 ]
 [0.04894106 0.05093688]
 [0.00568227 0.00934232]]
pars =  [0.25385629 0.37455539 0.37262447 0.2363035  0.84095848 0.04903424
 0.12451515 0.         0.67118901 0.21692936 0.32715256 0.06064715
 0.         0.        ]
- function call summary
ssd =  8026.415761864432  sigmas =  [[0.00470117 0.00498164]
 [0.0534264  0.05615477]
 [0.00625633 0.01030259]]
pars =  [0.24366666 0.36851847 0.37124333 0.23625517 0.83934582 0.04903627
 0.12644366 0.         0.67119318 0.21710871 0.31236011 0.05906989
 0.         0.        ]
- function call summary
ssd =  8025.714579358595  sigmas =  [[0.00428359 0.00456628]
 [0.04927822 0.0513259 ]
 [0.00567195 0.00934777]]
pars =  [0.25004122 0.37941884 0.37354133 0.23692992 0.84191279 0.04941214
 0.1240146  0.         0.62879925 0.21896747 0.32410666 0.06152477
 0.         0.        ]
- function call summary
ssd =  8023.110275085224  sigmas =  [[0.00445143 0.0047832 ]
 [0.05096127 0.05304475]
 [0.00592491 0.00973064]]
pars =  [0.25661342 0.3740339  0.36986972 0.23607992 0.83888482 0.04905044
 0.12752713 0.         0.66297869 0.21032045 0.32719722 0.05737309
 0.         0.        ]
- function call summary
ssd =  8021.8391594936475  sigmas =  [[0.00451363 0.00485675]
 [0.05180334 0.05390068]
 [0.00603357 0.00990038]]
pars =  [0.25577679 0.37383132 0.37571682 0.24996554 0.8384698  0.05052995
 0.12811124 0.         0.66784784 0.20816593 0.32618886 0.05602347
 0.         0.        ]
- function call summary
ssd =  8020.172171951277  sigmas =  [[0.00446567 0.00484561]
 [0.05127008 0.05310692]
 [0.00598941 0.00980465]]
pars =  [0.2561099  0.36774123 0.37144236 0.25746653 0.83691374 0.05072066
 0.12836153 0.         0.67367362 0.20454126 0.33423948 0.05315189
 0.         0.        ]
- function call summary
ssd =  8019.915820785108  sigmas =  [[0.00441715 0.00481387]
 [0.05065679 0.05234386]
 [0.00594194 0.00970734]]
pars =  [0.25595267 0.36635766 0.36880288 0.25304505 0.83622429 0.05398024
 0.12942077 0.         0.68049084 0.20276201 0.33859058 0.05198858
 0.         0.        ]
- function call summary
ssd =  8019.387471716726  sigmas =  [[0.00404492 0.00444977]
 [0.0468708  0.04830342]
 [0.00547284 0.00898558]]
pars =  [0.24457135 0.37817201 0.37542691 0.25185121 0.83947972 0.05386407
 0.12843719 0.         0.68301782 0.19942189 0.34573304 0.05096614
 0.         0.        ]
- function call summary
ssd =  8018.857968574298  sigmas =  [[0.00399883 0.00445306]
 [0.04638672 0.04754698]
 [0.00544216 0.00889792]]
pars =  [0.24739621 0.37473504 0.37844504 0.25924729 0.83601051 0.053674
 0.13049954 0.         0.694126   0.19637221 0.35831251 0.04911899
 0.         0.        ]
- function call summary
ssd =  8018.384063766241  sigmas =  [[0.00372886 0.00415423]
 [0.04314973 0.04395451]
 [0.00504247 0.00824316]]
pars =  [0.24743764 0.36354304 0.3647277  0.26233354 0.83944894 0.05333342
 0.13022682 0.         0.68122709 0.19588575 0.36635686 0.0474368
 0.         0.        ]
- function call summary
ssd =  8016.906234390929  sigmas =  [[0.00396452 0.00444593]
 [0.04598171 0.04682312]
 [0.00537538 0.00878476]]
pars =  [0.24515062 0.36452472 0.35357916 0.26292024 0.8337937  0.05234039
 0.1273965  0.         0.67403015 0.1925574  0.36845845 0.04587349
 0.         0.        ]
- function call summary
ssd =  8016.525584208963  sigmas =  [[0.00401763 0.00451299]
 [0.04649242 0.04725877]
 [0.0054453  0.00887815]]
pars =  [0.24614976 0.35676395 0.34931824 0.26779866 0.83230723 0.04987559
 0.12789374 0.         0.6775325  0.18955958 0.37140197 0.04417974
 0.         0.        ]
- function call summary
ssd =  8015.942464384867  sigmas =  [[0.00408466 0.0045987 ]
 [0.04737591 0.04818648]
 [0.00552301 0.00900379]]
pars =  [0.24725523 0.35469776 0.3475123  0.27860745 0.83025321 0.05026326
 0.1274262  0.         0.64254252 0.18810029 0.37497655 0.04345274
 0.         0.        ]
- function call summary
ssd =  8015.453112679692  sigmas =  [[0.00408465 0.00459484]
 [0.04742962 0.04818339]
 [0.00549989 0.00896623]]
pars =  [0.24750535 0.35214428 0.33876929 0.28840832 0.83004809 0.05120418
 0.12667561 0.         0.61020024 0.18543913 0.37674987 0.04340578
 0.         0.        ]
- function call summary
ssd =  8015.177773660525  sigmas =  [[0.00411863 0.00464655]
 [0.04799077 0.04873586]
 [0.00554999 0.00904702]]
pars =  [0.24778052 0.34866079 0.34918776 0.28927156 0.82898244 0.05151234
 0.12651051 0.         0.58286632 0.19144671 0.37970824 0.04214165
 0.         0.        ]
- function call summary
ssd =  8016.231520709813  sigmas =  [[0.00413553 0.00469847]
 [0.04838727 0.04910616]
 [0.00560552 0.00911994]]
pars =  [0.24859737 0.34984785 0.36735324 0.29881131 0.82689819 0.05110105
 0.12770022 0.         0.57455107 0.19378969 0.38507454 0.04111511
 0.         0.        ]
- function call summary
ssd =  8014.1407647730475  sigmas =  [[0.00413296 0.00466444]
 [0.04828859 0.04936498]
 [0.00557056 0.00910143]]
pars =  [0.25131298 0.3604434  0.3512798  0.28267955 0.83092556 0.05167455
 0.13008736 0.         0.57291866 0.18546534 0.37457786 0.04094147
 0.         0.        ]
- function call summary
ssd =  8014.122733173281  sigmas =  [[0.0041395  0.00468519]
 [0.04827744 0.04913543]
 [0.00556426 0.0090825 ]]
pars =  [0.2505521  0.354331   0.34348759 0.26838885 0.82891091 0.05173281
 0.13013953 0.         0.55567283 0.18503005 0.38045319 0.04025092
 0.         0.        ]
- function call summary
ssd =  8013.467115260501  sigmas =  [[0.00380062 0.00432784]
 [0.04472499 0.04547206]
 [0.00511342 0.0083976 ]]
pars =  [0.23730157 0.35738532 0.34906074 0.26733735 0.83237592 0.05148812
 0.12904651 0.         0.55581959 0.181068   0.38778813 0.03951712
 0.         0.        ]
- function call summary
ssd =  8010.184524344311  sigmas =  [[0.00389929 0.00441949]
 [0.04609731 0.04677352]
 [0.00524751 0.00865277]]
pars =  [0.23550217 0.36212635 0.34190415 0.26764643 0.83493392 0.05240378
 0.12656594 0.         0.55358286 0.18535084 0.37574381 0.03782103
 0.         0.        ]
- function call summary
ssd =  8008.660008122637  sigmas =  [[0.00401776 0.00452157]
 [0.04752745 0.04835903]
 [0.00541332 0.00893634]]
pars =  [0.23409086 0.36217576 0.34282529 0.27255548 0.83757002 0.05437853
 0.12488593 0.         0.54721556 0.18695991 0.36387394 0.03631892
 0.         0.        ]
- function call summary
ssd =  8012.983435751722  sigmas =  [[0.00397421 0.0044794 ]
 [0.04651268 0.04790549]
 [0.00537533 0.00889941]]
pars =  [0.22972866 0.373915   0.33381189 0.27832399 0.83936974 0.05421007
 0.12576101 0.         0.53840661 0.19424369 0.35987522 0.03546096
 0.         0.        ]
- function call summary
ssd =  8009.051396266983  sigmas =  [[0.00411561 0.00467005]
 [0.04860351 0.04921483]
 [0.00557174 0.00917845]]
pars =  [0.22917367 0.35786572 0.33840657 0.27565346 0.8316114  0.05592324
 0.12531451 0.         0.56074464 0.18839835 0.37297165 0.03563844
 0.         0.        ]
- function call summary
ssd =  8008.966841598185  sigmas =  [[0.00386846 0.00438428]
 [0.04568341 0.04643602]
 [0.00521227 0.00858812]]
pars =  [0.23727632 0.35549564 0.34191091 0.27410238 0.83684816 0.05483426
 0.12074581 0.         0.5563073  0.18138553 0.37529318 0.03506861
 0.         0.        ]
- function call summary
ssd =  8008.036753148171  sigmas =  [[0.00367102 0.004125  ]
 [0.04327733 0.04405133]
 [0.00492036 0.00811983]]
pars =  [0.23464094 0.34914132 0.3383927  0.27408687 0.84286354 0.05461952
 0.12936349 0.         0.55291197 0.18746629 0.37022222 0.03560527
 0.         0.        ]
- function call summary
ssd =  8006.256450774008  sigmas =  [[0.00390201 0.0043525 ]
 [0.04582144 0.04692105]
 [0.00522241 0.00860262]]
pars =  [0.2370059  0.33591053 0.34259501 0.26784177 0.842302   0.05489959
 0.12662869 0.         0.55965575 0.18304905 0.36225035 0.03439002
 0.         0.        ]
- function call summary
ssd =  8006.74880699738  sigmas =  [[0.00369133 0.00414359]
 [0.0434414  0.04420504]
 [0.00494539 0.00813954]]
pars =  [0.23617488 0.33509875 0.34474679 0.26445554 0.84290109 0.05818078
 0.1263972  0.         0.54971876 0.17952317 0.37211063 0.03398645
 0.         0.        ]
- function call summary
ssd =  8004.74128146424  sigmas =  [[0.00408234 0.00454383]
 [0.04808725 0.04924707]
 [0.00545523 0.00899855]]
pars =  [0.23421395 0.33259415 0.3448229  0.27362963 0.84042623 0.05429649
 0.12853072 0.         0.5425651  0.17441821 0.35920909 0.03360943
 0.         0.        ]
- function call summary
ssd =  8003.528416598504  sigmas =  [[0.00415711 0.00462314]
 [0.04910525 0.05029787]
 [0.00555901 0.00917074]]
pars =  [0.23561474 0.33304036 0.34269206 0.28960752 0.84046056 0.05366771
 0.12624747 0.         0.54088952 0.16943201 0.35625604 0.03286615
 0.         0.        ]
- function call summary
ssd =  8003.029056467084  sigmas =  [[0.00418083 0.00468564]
 [0.04961999 0.05067113]
 [0.00561081 0.00925558]]
pars =  [0.2352395  0.33592912 0.35161176 0.28697952 0.8383715  0.05276219
 0.12805691 0.         0.5334166  0.16719418 0.36122475 0.03109812
 0.         0.        ]
- function call summary
ssd =  8003.306192566809  sigmas =  [[0.00411405 0.00463227]
 [0.04874738 0.04972945]
 [0.00550635 0.00907962]]
pars =  [0.23173721 0.33143186 0.33865224 0.28127391 0.83676841 0.05271411
 0.127038   0.         0.51899198 0.16301318 0.36903773 0.03018002
 0.         0.        ]
- function call summary
ssd =  8004.48745192225  sigmas =  [[0.0043582  0.00489427]
 [0.05129793 0.05246092]
 [0.00586958 0.00963057]]
pars =  [0.23779053 0.33146392 0.3460127  0.29113972 0.83479965 0.05485296
 0.12990055 0.         0.54266077 0.1685108  0.36264787 0.02986281
 0.         0.        ]
- function call summary
ssd =  8001.651383605384  sigmas =  [[0.00401423 0.00450158]
 [0.04807566 0.04893776]
 [0.00539696 0.00892818]]
pars =  [0.22882858 0.33279754 0.3720117  0.28964991 0.84160702 0.05209594
 0.12723252 0.         0.53295674 0.16651904 0.36123686 0.03060542
 0.         0.        ]
- function call summary
ssd =  8001.534412739473  sigmas =  [[0.00408318 0.00457777]
 [0.04913193 0.05002481]
 [0.00552179 0.00913635]]
pars =  [0.22871112 0.33638446 0.39556781 0.29125991 0.84238215 0.05111393
 0.12823948 0.         0.53830197 0.16642282 0.35626776 0.02992396
 0.         0.        ]
- function call summary
ssd =  7999.7824587417335  sigmas =  [[0.00456019 0.00505341]
 [0.05477376 0.05606123]
 [0.00615367 0.01020984]]
pars =  [0.22518049 0.32780942 0.39627109 0.2865823  0.84007302 0.05171766
 0.12485591 0.         0.52498309 0.1655804  0.34146625 0.02933685
 0.         0.        ]
- function call summary
ssd =  7998.926585476633  sigmas =  [[0.00469143 0.00517917]
 [0.05644077 0.05785766]
 [0.00630621 0.01047081]]
pars =  [0.22739307 0.32113951 0.40431577 0.28402871 0.83986036 0.05095332
 0.12480606 0.         0.49506447 0.1682912  0.33877093 0.02894982
 0.         0.        ]
- function call summary
ssd =  7996.884616232041  sigmas =  [[0.00489005 0.00535872]
 [0.05899513 0.06063434]
 [0.0065512  0.01092075]]
pars =  [0.22639877 0.32021265 0.40521598 0.27518986 0.84091029 0.04960698
 0.12433834 0.         0.4732971  0.16566979 0.32925601 0.02847951
 0.         0.        ]
- function call summary
ssd =  7997.9483107644155  sigmas =  [[0.00512774 0.00553619]
 [0.06123724 0.06375978]
 [0.00681153 0.01141322]]
pars =  [0.22692865 0.31475626 0.39972826 0.25992547 0.84482412 0.04638797
 0.12425601 0.         0.43129353 0.16240159 0.31361092 0.02811263
 0.         0.        ]
- function call summary
ssd =  8000.074296865038  sigmas =  [[0.00468056 0.00510406]
 [0.05598825 0.05814864]
 [0.00628102 0.01049389]]
pars =  [0.22083116 0.31712979 0.4159932  0.27313758 0.84659976 0.05123727
 0.12283636 0.         0.46926297 0.16779538 0.32444876 0.02807399
 0.         0.        ]
- function call summary
ssd =  8001.955523379909  sigmas =  [[0.00515577 0.00568252]
 [0.06171288 0.06407223]
 [0.00695551 0.01161121]]
pars =  [0.22342862 0.33085982 0.41661786 0.2699751  0.83605325 0.0497971
 0.12471336 0.         0.46427106 0.16038322 0.32848936 0.02827056
 0.         0.        ]
- function call summary
ssd =  7996.11515282403  sigmas =  [[0.00490122 0.00537362]
 [0.0590913  0.06069786]
 [0.00655502 0.01091323]]
pars =  [0.22665663 0.31466722 0.40148856 0.28163938 0.84031709 0.05095242
 0.12670768 0.         0.45428442 0.16253184 0.33188726 0.0275749
 0.         0.        ]
- function call summary
ssd =  7994.126229304456  sigmas =  [[0.00497942 0.00542695]
 [0.05991874 0.0616263 ]
 [0.00663789 0.01104744]]
pars =  [0.22975851 0.30641576 0.39692226 0.28355848 0.84221446 0.04911758
 0.12827413 0.         0.46259613 0.1617362  0.32647509 0.02643456
 0.         0.        ]
- function call summary
ssd =  7993.2966263029375  sigmas =  [[0.00510827 0.00552848]
 [0.06147795 0.0633406 ]
 [0.00679402 0.01132766]]
pars =  [0.23069717 0.30649819 0.38810196 0.29580225 0.84388115 0.04848163
 0.12455405 0.         0.4490556  0.15984914 0.31854732 0.02625847
 0.         0.        ]
- function call summary
ssd =  7991.7183104267  sigmas =  [[0.00520532 0.00559124]
 [0.06245076 0.06447662]
 [0.00687401 0.01144674]]
pars =  [0.23361192 0.29424423 0.3817785  0.2952138  0.84446026 0.04955521
 0.12586149 0.         0.42819727 0.15809107 0.31607942 0.02638518
 0.         0.        ]
- function call summary
ssd =  7991.935756529327  sigmas =  [[0.00520893 0.00560841]
 [0.06237025 0.06457192]
 [0.00687211 0.01142718]]
pars =  [0.23298161 0.29170465 0.37459792 0.29535521 0.84307556 0.05091509
 0.12620766 0.         0.40514582 0.15967692 0.31990003 0.02576139
 0.         0.        ]
- function call summary
ssd =  7990.710219288281  sigmas =  [[0.00502385 0.00540936]
 [0.06032947 0.06204872]
 [0.00661896 0.01103761]]
pars =  [0.23282957 0.29590658 0.37292247 0.28496073 0.84607965 0.05007716
 0.12321191 0.         0.42909197 0.1511155  0.31901725 0.02580925
 0.         0.        ]
- function call summary
ssd =  7990.287448739116  sigmas =  [[0.00490256 0.00526596]
 [0.05896006 0.06083916]
 [0.00646222 0.01078807]]
pars =  [0.22965948 0.29476823 0.3766199  0.29169856 0.84875083 0.0516678
 0.12574622 0.         0.42286239 0.14408755 0.31750114 0.02576743
 0.         0.        ]
- function call summary
ssd =  7990.656779814026  sigmas =  [[0.00520004 0.0055392 ]
 [0.0622034  0.06473212]
 [0.00687164 0.01150621]]
pars =  [0.22143495 0.28904958 0.37641214 0.29218085 0.84887158 0.05204038
 0.12352101 0.         0.42765415 0.14546    0.30621882 0.02477
 0.         0.        ]
- function call summary
ssd =  7988.932255964059  sigmas =  [[0.00545068 0.00581408]
 [0.06530844 0.0675081 ]
 [0.00717634 0.01195947]]
pars =  [0.23288923 0.28728378 0.37586566 0.28719549 0.84430431 0.05322134
 0.12310857 0.         0.41386874 0.14312431 0.30977667 0.02522203
 0.         0.        ]
- function call summary
ssd =  7988.663446763657  sigmas =  [[0.0056252  0.00600851]
 [0.06710964 0.06961595]
 [0.00739387 0.01228637]]
pars =  [0.23307548 0.2805444  0.36727474 0.28134023 0.84072515 0.0545589
 0.12168474 0.         0.3993886  0.14408131 0.31274538 0.02453326
 0.         0.        ]
- function call summary
ssd =  7988.961102511642  sigmas =  [[0.00620419 0.00656241]
 [0.07350483 0.07669482]
 [0.00816071 0.01350718]]
pars =  [0.23987026 0.28446254 0.36322789 0.28189778 0.83893109 0.05656287
 0.12292945 0.         0.39296644 0.14480994 0.29871498 0.02436017
 0.         0.        ]
- function call summary
ssd =  7988.438698215838  sigmas =  [[0.0059208  0.00627929]
 [0.07020601 0.07315513]
 [0.0077425  0.01283728]]
pars =  [0.23504214 0.2744887  0.35452564 0.27902296 0.8394034  0.05279131
 0.12408239 0.         0.39978138 0.13887219 0.30664326 0.02450033
 0.         0.        ]
- function call summary
ssd =  7986.110725750509  sigmas =  [[0.00639072 0.00671497]
 [0.07599154 0.07929056]
 [0.0083617  0.01388989]]
pars =  [0.23446479 0.27310201 0.35899029 0.28615771 0.83884507 0.05251856
 0.1201844  0.         0.3934092  0.1359216  0.29420855 0.02379594
 0.         0.        ]
- function call summary
ssd =  7987.886084143278  sigmas =  [[0.00695454 0.00718802]
 [0.08189898 0.08717929]
 [0.00912599 0.0151952 ]]
pars =  [0.22986352 0.27215225 0.36017257 0.29866658 0.84199455 0.05240444
 0.11818454 0.         0.39511467 0.12346394 0.27285645 0.02259757
 0.         0.        ]
- function call summary
ssd =  7985.494723332405  sigmas =  [[0.00622597 0.00652348]
 [0.07416357 0.07762506]
 [0.00814003 0.01353437]]
pars =  [0.23742286 0.26494763 0.36811349 0.2810357  0.84345792 0.05220209
 0.12389711 0.         0.38784479 0.13558652 0.29186085 0.02316891
 0.         0.        ]
- function call summary
ssd =  7984.381201698466  sigmas =  [[0.00668415 0.00697772]
 [0.07979484 0.08374712]
 [0.00873438 0.01452878]]
pars =  [0.23916503 0.26118205 0.37844082 0.28043899 0.83998407 0.05031997
 0.12195377 0.         0.37411465 0.13718572 0.28705056 0.02288399
 0.         0.        ]
- function call summary
ssd =  7984.574980752378  sigmas =  [[0.00676549 0.00703254]
 [0.08055307 0.08462429]
 [0.00881198 0.01463829]]
pars =  [0.239594   0.25005504 0.37264318 0.28655177 0.84033722 0.05008695
 0.11943662 0.         0.36402669 0.13636201 0.28612258 0.02206956
 0.         0.        ]
- function call summary
ssd =  7984.674871409058  sigmas =  [[0.00676442 0.00710253]
 [0.0810724  0.08474628]
 [0.00887541 0.01476526]]
pars =  [0.23478371 0.26700155 0.3816989  0.28634364 0.83735291 0.04920895
 0.12484657 0.         0.37238359 0.13530061 0.28905272 0.02184715
 0.         0.        ]
- function call summary
ssd =  7982.694717812573  sigmas =  [[0.00685755 0.00712648]
 [0.08201556 0.08591008]
 [0.00895878 0.01492094]]
pars =  [0.23613475 0.25951929 0.37518185 0.27597185 0.84095875 0.05067472
 0.12109684 0.         0.36604955 0.13258141 0.28092429 0.02179465
 0.         0.        ]
- function call summary
ssd =  7980.937791802959  sigmas =  [[0.00697881 0.00723594]
 [0.08361161 0.08757792]
 [0.00911198 0.01518134]]
pars =  [0.23585555 0.2514035  0.38122119 0.27438582 0.84241792 0.05048064
 0.12363439 0.         0.35372589 0.12489543 0.27784358 0.01936541
 0.         0.        ]
- function call summary
ssd =  7977.313216366698  sigmas =  [[0.00700823 0.00718462]
 [0.08454863 0.08877121]
 [0.0091227  0.01525897]]
pars =  [0.23118433 0.24353032 0.38274814 0.28510494 0.84735819 0.05020905
 0.12242937 0.         0.31502685 0.11975935 0.26938542 0.01916972
 0.         0.        ]
- function call summary
ssd =  7976.192473852836  sigmas =  [[0.00852147 0.00839729]
 [0.10166325 0.10878552]
 [0.01101206 0.01835539]]
pars =  [0.23698639 0.21820915 0.3853412  0.29728782 0.84967652 0.05112821
 0.11912875 0.         0.25678862 0.1089785  0.23730191 0.01894856
 0.         0.        ]
- function call summary
ssd =  7971.7403308460625  sigmas =  [[0.00725368 0.00725098]
 [0.08812906 0.09234528]
 [0.00941546 0.01586978]]
pars =  [0.21489067 0.21284521 0.38932846 0.29420409 0.85732341 0.04598561
 0.1166594  0.         0.2452613  0.10539102 0.25023417 0.01512204
 0.         0.        ]
- function call summary
ssd =  7968.43625731629  sigmas =  [[0.00738466 0.00738024]
 [0.09037833 0.09420476]
 [0.00962141 0.01616445]]
pars =  [0.22354885 0.20794033 0.41449165 0.29493309 0.86028091 0.0489112
 0.12865474 0.         0.22508986 0.09568317 0.24664798 0.01220756
 0.         0.        ]
- function call summary
ssd =  7971.901206952238  sigmas =  [[0.01012565 0.00974775]
 [0.11974432 0.12832803]
 [0.01298489 0.0215127 ]]
pars =  [0.22777467 0.18478464 0.36284614 0.28536107 0.84956942 0.04861056
 0.11790691 0.         0.20309656 0.09110324 0.21554421 0.01151465
 0.         0.        ]
- function call summary
ssd =  7969.483653892899  sigmas =  [[0.00796072 0.00785687]
 [0.09713723 0.10225627]
 [0.01041219 0.01749838]]
pars =  [0.22666214 0.20486767 0.43145486 0.29829527 0.86109152 0.04839203
 0.12779333 0.         0.22857924 0.09604273 0.2345207  0.01226866
 0.         0.        ]
- function call summary
ssd =  7965.186216752651  sigmas =  [[0.00654921 0.00652325]
 [0.08124474 0.08408354]
 [0.00846316 0.01426242]]
pars =  [0.22464355 0.1955419  0.43144231 0.29140074 0.86866386 0.04617198
 0.12784419 0.         0.21731292 0.08927477 0.25122394 0.01241033
 0.         0.        ]
- function call summary
ssd =  7964.3416954437325  sigmas =  [[0.00614953 0.00609903]
 [0.07694752 0.07926246]
 [0.00797156 0.01344065]]
pars =  [0.21849098 0.19130796 0.44844346 0.30258832 0.87458201 0.04586602
 0.12865678 0.         0.1987535  0.08540318 0.24923642 0.01168315
 0.         0.        ]
- function call summary
ssd =  7962.878287586597  sigmas =  [[0.00658229 0.00649099]
 [0.08241396 0.08477418]
 [0.00851986 0.01436888]]
pars =  [0.22095413 0.18388552 0.45154916 0.29238878 0.87386815 0.04294779
 0.13011458 0.         0.19471977 0.08411443 0.24274352 0.01047399
 0.         0.        ]
- function call summary
ssd =  7961.822189365284  sigmas =  [[0.00688365 0.00674939]
 [0.08603487 0.0887351 ]
 [0.00889039 0.01498976]]
pars =  [0.21788931 0.17417534 0.44253469 0.29787469 0.87224539 0.04454644
 0.12647431 0.         0.18306102 0.07775285 0.24050698 0.00980457
 0.         0.        ]
- function call summary
ssd =  7960.945824400123  sigmas =  [[0.00750903 0.00721345]
 [0.09382794 0.09706641]
 [0.00970587 0.01638456]]
pars =  [0.22598972 0.16804683 0.44961594 0.300607   0.87672575 0.04430188
 0.12870445 0.         0.16813511 0.07445876 0.22199439 0.00966229
 0.         0.        ]
- function call summary
ssd =  7961.096652553074  sigmas =  [[0.00693932 0.00668335]
 [0.08716338 0.08979145]
 [0.00897535 0.01515931]]
pars =  [0.21937319 0.16169628 0.46441402 0.29642122 0.88065187 0.04346628
 0.13031235 0.         0.16122317 0.07103673 0.22587717 0.00870322
 0.         0.        ]
- function call summary
ssd =  7962.520585572154  sigmas =  [[0.00742107 0.00709265]
 [0.09177985 0.09558925]
 [0.0096111  0.01622821]]
pars =  [0.22208203 0.17071811 0.4308219  0.30271122 0.88024779 0.04411123
 0.12838361 0.         0.17153051 0.07343128 0.2157431  0.0095183
 0.         0.        ]
- function call summary
ssd =  7961.011575544188  sigmas =  [[0.00752948 0.00725463]
 [0.09419263 0.09746446]
 [0.00973586 0.01641257]]
pars =  [0.22787652 0.16750515 0.4509154  0.31608985 0.8754208  0.04314059
 0.12987281 0.         0.16846959 0.07345455 0.2246923  0.00932059
 0.         0.        ]
- function call summary
ssd =  7960.356750088642  sigmas =  [[0.00745314 0.00719704]
 [0.0932894  0.09635207]
 [0.00964366 0.01627326]]
pars =  [0.23356869 0.175737   0.4527113  0.29837513 0.87713049 0.04488833
 0.12443848 0.         0.16670034 0.07446752 0.22294465 0.00943538
 0.         0.        ]
- function call summary
ssd =  7961.648063326944  sigmas =  [[0.00760282 0.00735091]
 [0.09495032 0.09831587]
 [0.00986194 0.01664414]]
pars =  [0.22468864 0.17455726 0.44650145 0.30333136 0.87445476 0.04393784
 0.12487614 0.         0.16405352 0.07332734 0.22400564 0.00906878
 0.         0.        ]
- function call summary
ssd =  7960.956521988897  sigmas =  [[0.00765263 0.00737572]
 [0.09600357 0.09898186]
 [0.00993514 0.01677068]]
pars =  [0.23047397 0.17676158 0.46076964 0.30033017 0.87564799 0.04534479
 0.12242682 0.         0.16954615 0.07018125 0.22160667 0.00957459
 0.         0.        ]
- function call summary
ssd =  7960.146283236117  sigmas =  [[0.00722874 0.00693664]
 [0.09055797 0.09331143]
 [0.00931616 0.01573353]]
pars =  [0.23208677 0.16631625 0.45556145 0.30440644 0.87978996 0.04435763
 0.1227989  0.         0.16969047 0.07316904 0.22279135 0.00952662
 0.         0.        ]
- function call summary
ssd =  7960.797579231605  sigmas =  [[0.00740563 0.00711117]
 [0.09198889 0.09552264]
 [0.00950367 0.01600878]]
pars =  [0.23976872 0.16276039 0.443786   0.30397797 0.87837594 0.04627482
 0.12407163 0.         0.16789525 0.07158413 0.22353988 0.00936862
 0.         0.        ]
- function call summary
ssd =  7960.326567127392  sigmas =  [[0.00705683 0.00678606]
 [0.08841539 0.09123175]
 [0.00908806 0.0153518 ]]
pars =  [0.23484925 0.16880848 0.4579048  0.30047224 0.8813463  0.04341644
 0.12876309 0.         0.16742446 0.07038742 0.22326981 0.0095292
 0.         0.        ]
- function call summary
ssd =  7961.412419750047  sigmas =  [[0.00664403 0.00639574]
 [0.08340077 0.08583321]
 [0.00858355 0.01448878]]
pars =  [0.22523447 0.16682272 0.4564747  0.31440638 0.88322117 0.04569761
 0.12311446 0.         0.16574068 0.07188717 0.22640665 0.00942339
 0.         0.        ]
- function call summary
ssd =  7960.771676763729  sigmas =  [[0.00797427 0.00758389]
 [0.09975975 0.1034842 ]
 [0.01034123 0.01744831]]
pars =  [0.23614095 0.16811799 0.46556867 0.30485488 0.87886292 0.04497724
 0.12726514 0.         0.16955933 0.07239824 0.21186098 0.00943476
 0.         0.        ]
- function call summary
ssd =  7960.783123212364  sigmas =  [[0.00687854 0.00662354]
 [0.08592424 0.08887289]
 [0.00884803 0.01493666]]
pars =  [0.23306117 0.16596183 0.45440443 0.30211196 0.8813387  0.04609115
 0.12349764 0.         0.1772534  0.07556484 0.22633824 0.00965499
 0.         0.        ]
- function call summary
ssd =  7960.335489006908  sigmas =  [[0.00702915 0.00681524]
 [0.08774731 0.09065521]
 [0.00905336 0.01527796]]
pars =  [0.23089724 0.17152832 0.4447048  0.30165954 0.87745887 0.04552651
 0.12543211 0.         0.1741492  0.07385661 0.23001408 0.009643
 0.         0.        ]
- function call summary
ssd =  7960.163754274416  sigmas =  [[0.00737573 0.00703566]
 [0.09206645 0.09539722]
 [0.00948651 0.01601134]]
pars =  [0.23996451 0.16560087 0.45252452 0.30896106 0.881343   0.04516148
 0.12257274 0.         0.17018435 0.07278903 0.21802635 0.01003737
 0.         0.        ]
- function call summary
ssd =  7960.227980111384  sigmas =  [[0.00760478 0.0072505 ]
 [0.0949879  0.09836799]
 [0.0098098  0.01656162]]
pars =  [0.23387065 0.16655985 0.45036548 0.29918925 0.8796477  0.04530319
 0.12334104 0.         0.16212974 0.07306767 0.21622413 0.00986815
 0.         0.        ]
- function call summary
ssd =  7960.987949619042  sigmas =  [[0.00713092 0.00688479]
 [0.08909899 0.09204808]
 [0.00919917 0.01552343]]
pars =  [0.22895812 0.17137142 0.44518297 0.30667208 0.87788176 0.04481821
 0.12227619 0.         0.17366363 0.07507204 0.22682296 0.0099083
 0.         0.        ]
- function call summary
ssd =  7960.971450242674  sigmas =  [[0.00695536 0.00669784]
 [0.08721946 0.08990848]
 [0.00895401 0.01511522]]
pars =  [0.23215918 0.16425367 0.46251555 0.3051061  0.88094856 0.0427826
 0.12744597 0.         0.1667388  0.07529107 0.22621823 0.0092931
 0.         0.        ]
- function call summary
ssd =  7961.321436999929  sigmas =  [[0.00646109 0.00624953]
 [0.08139818 0.08365323]
 [0.00833351 0.01407282]]
pars =  [0.22932911 0.1688597  0.47524622 0.29914342 0.88369208 0.04438334
 0.12362585 0.         0.17248812 0.07286761 0.22968584 0.00959172
 0.         0.        ]
- function call summary
ssd =  7959.428713755493  sigmas =  [[0.00771016 0.00738306]
 [0.09612323 0.09947063]
 [0.00992824 0.0167668 ]]
pars =  [0.23462874 0.16687536 0.44676624 0.29016914 0.87711434 0.04525513
 0.12321579 0.         0.17396906 0.07331376 0.21885811 0.00971569
 0.         0.        ]
- function call summary
ssd =  7960.448410099126  sigmas =  [[0.00777911 0.00748796]
 [0.09680341 0.10027447]
 [0.01002865 0.01691767]]
pars =  [0.23751109 0.17163114 0.45019937 0.28725335 0.87455967 0.04654759
 0.12438498 0.         0.17446531 0.07596467 0.22212804 0.01005074
 0.         0.        ]
- function call summary
ssd =  7960.20397514923  sigmas =  [[0.00749012 0.00719337]
 [0.09331359 0.09650922]
 [0.00963482 0.01627708]]
pars =  [0.23774763 0.17121949 0.44855997 0.28766231 0.87829406 0.04393757
 0.12617851 0.         0.18067656 0.0751166  0.22045756 0.00995938
 0.         0.        ]
- function call summary
ssd =  7959.877345897144  sigmas =  [[0.00771041 0.00733643]
 [0.09599727 0.09929719]
 [0.00992161 0.0167671 ]]
pars =  [0.23113013 0.16226925 0.4391758  0.28647821 0.87949338 0.04457594
 0.12170352 0.         0.17613666 0.07084103 0.2143038  0.00940496
 0.         0.        ]
- function call summary
ssd =  7960.519202655345  sigmas =  [[0.00772217 0.00743983]
 [0.09635918 0.09968606]
 [0.00996903 0.01682705]]
pars =  [0.22683624 0.16801483 0.44877947 0.28538494 0.87347047 0.04482401
 0.12289006 0.         0.1793126  0.07564338 0.22395477 0.00964592
 0.         0.        ]
- function call summary
ssd =  7959.945905147477  sigmas =  [[0.00798711 0.00757026]
 [0.09932087 0.10321065]
 [0.01029666 0.01738178]]
pars =  [0.23890085 0.1678489  0.44247227 0.29678234 0.87949166 0.04545005
 0.12302069 0.         0.17071953 0.07098209 0.21015577 0.00996655
 0.         0.        ]
- function call summary
ssd =  7959.230263041565  sigmas =  [[0.00752863 0.00722288]
 [0.09399862 0.0970184 ]
 [0.00969558 0.01637187]]
pars =  [0.23314925 0.16744219 0.44837971 0.28969669 0.87792122 0.04467333
 0.12502306 0.         0.17258482 0.07303592 0.22056948 0.00947088
 0.         0.        ]
- function call summary
ssd =  7960.231162818998  sigmas =  [[0.00736089 0.00709686]
 [0.09209494 0.09493072]
 [0.00950329 0.0160515 ]]
pars =  [0.22902088 0.17026264 0.45370812 0.28139641 0.87786967 0.04428871
 0.12676408 0.         0.17039561 0.07251197 0.22326235 0.00896926
 0.         0.        ]
- function call summary
ssd =  7959.000854611161  sigmas =  [[0.00759615 0.00728726]
 [0.09480106 0.09792185]
 [0.00978048 0.01651379]]
pars =  [0.23296534 0.16706234 0.4464818  0.29040348 0.87729422 0.04451175
 0.12482837 0.         0.1718784  0.07288349 0.22051562 0.00943845
 0.         0.        ]
- function call summary
ssd =  7959.273596447244  sigmas =  [[0.00794986 0.00762058]
 [0.09895539 0.10261808]
 [0.01022641 0.0172648 ]]
pars =  [0.23567581 0.16560049 0.44049983 0.29112745 0.87499212 0.04373424
 0.12499698 0.         0.17107827 0.07293689 0.21881242 0.00937255
 0.         0.        ]
- function call summary
ssd =  7959.194514402016  sigmas =  [[0.00756536 0.0072614 ]
 [0.09446353 0.09755619]
 [0.00974288 0.01645269]]
pars =  [0.23187099 0.16694819 0.44752453 0.28944711 0.87718686 0.04458452
 0.12457152 0.         0.1712723  0.07267707 0.2211463  0.00946016
 0.         0.        ]
- function call summary
ssd =  7958.711582815252  sigmas =  [[0.0076336  0.0073191 ]
 [0.09519837 0.09838333]
 [0.00983204 0.0165989 ]]
pars =  [0.23221809 0.1671934  0.44155131 0.29279631 0.87717428 0.04462597
 0.12461993 0.         0.17211566 0.07289047 0.21986923 0.00934427
 0.         0.        ]
- function call summary
ssd =  7958.840267033882  sigmas =  [[0.00757875 0.0072698 ]
 [0.09454541 0.09763636]
 [0.009758   0.01647488]]
pars =  [0.2314975  0.16647123 0.44153591 0.29431521 0.87734657 0.04424163
 0.12478617 0.         0.17311051 0.07252898 0.22056251 0.009242
 0.         0.        ]
- function call summary
ssd =  7958.929987408734  sigmas =  [[0.00758865 0.00727695]
 [0.09461157 0.09773447]
 [0.00976864 0.01649182]]
pars =  [0.23231312 0.16665603 0.44108628 0.29239286 0.87744564 0.04461096
 0.12473509 0.         0.17167487 0.07320219 0.22024304 0.0093276
 0.         0.        ]
- function call summary
ssd =  7959.569489084441  sigmas =  [[0.00769876 0.0073792 ]
 [0.09590775 0.09921791]
 [0.00992233 0.01674804]]
pars =  [0.23247479 0.16789246 0.44133818 0.29315464 0.87689606 0.04462109
 0.12452486 0.         0.17232787 0.07263255 0.21917916 0.0093479
 0.         0.        ]
- function call summary
ssd =  7959.298133509728  sigmas =  [[0.00759107 0.00728016]
 [0.09461338 0.09773655]
 [0.00977276 0.01650225]]
pars =  [0.2318087  0.16742814 0.43977273 0.29248271 0.8773377  0.04445924
 0.12459186 0.         0.17198224 0.07281299 0.22020411 0.00937201
 0.         0.        ]
- function call summary
ssd =  7958.777611936665  sigmas =  [[0.00763942 0.00732501]
 [0.09526318 0.09841623]
 [0.00983962 0.01661027]]
pars =  [0.23157426 0.16658929 0.44189947 0.29312468 0.87693405 0.04472938
 0.12495256 0.         0.17254345 0.07291058 0.2201603  0.00936207
 0.         0.        ]
- function call summary
ssd =  7959.9113675835015  sigmas =  [[0.00766509 0.00734059]
 [0.09545661 0.09875329]
 [0.00987457 0.01667309]]
pars =  [0.23206321 0.1669952  0.4413801  0.29265823 0.87743145 0.04466816
 0.1247225  0.         0.17151134 0.07285937 0.218811   0.00936792
 0.         0.        ]
- function call summary
ssd =  7958.800954115689  sigmas =  [[0.00760289 0.00729335]
 [0.09485446 0.09799525]
 [0.00979187 0.01653155]]
pars =  [0.23212582 0.16706576 0.44265988 0.29305605 0.87716367 0.04465061
 0.12392569 0.         0.17238033 0.07300456 0.22047141 0.0093413
 0.         0.        ]
- function call summary
ssd =  7960.072639534122  sigmas =  [[0.00767335 0.00735521]
 [0.09557202 0.09884962]
 [0.00989014 0.01669529]]
pars =  [0.23145762 0.16746173 0.44190516 0.29197266 0.8769665  0.0445452
 0.12461502 0.         0.17249406 0.07315367 0.21938834 0.00933997
 0.         0.        ]
- function call summary
ssd =  7958.9953073864235  sigmas =  [[0.00757909 0.00727455]
 [0.09450277 0.0976803 ]
 [0.00975627 0.01646782]]
pars =  [0.23283907 0.16726209 0.44155974 0.29225508 0.87722536 0.04476402
 0.1248166  0.         0.17217329 0.07272827 0.22085495 0.00932639
 0.         0.        ]
- function call summary
ssd =  7959.983186311081  sigmas =  [[0.0076063  0.00729042]
 [0.09473276 0.09798033]
 [0.00980177 0.01654574]]
pars =  [0.23164939 0.16758701 0.44085512 0.29389297 0.87753938 0.04461603
 0.12493945 0.         0.17235683 0.0729779  0.21954342 0.00934465
 0.         0.        ]
- function call summary
ssd =  7958.8190789982955  sigmas =  [[0.00766124 0.00734809]
 [0.09553778 0.09876259]
 [0.00986387 0.01664849]]
pars =  [0.23277713 0.16690714 0.44139702 0.29398974 0.8767907  0.04456267
 0.12463421 0.         0.17162265 0.07290152 0.2202142  0.00933512
 0.         0.        ]
- function call summary
ssd =  7958.864481397599  sigmas =  [[0.00757415 0.00726986]
 [0.09446091 0.0976033 ]
 [0.00975525 0.01646847]]
pars =  [0.23207898 0.16764125 0.44195533 0.29364456 0.87719089 0.04470382
 0.1247155  0.         0.17227008 0.07298459 0.22085173 0.00937235
 0.         0.        ]
- function call summary
ssd =  7958.962462861073  sigmas =  [[0.00764568 0.00732939]
 [0.09532243 0.09849938]
 [0.00984183 0.01661162]]
pars =  [0.23320603 0.1665135  0.4411744  0.29259293 0.87723636 0.04456487
 0.12445198 0.         0.17265883 0.07281109 0.21971456 0.00933961
 0.         0.        ]
- function call summary
ssd =  7959.303898118036  sigmas =  [[0.00760373 0.00729396]
 [0.09482876 0.09797615]
 [0.00979698 0.01653987]]
pars =  [0.23185462 0.16745517 0.44314836 0.29188079 0.87729633 0.04455703
 0.12483144 0.         0.17193542 0.07281467 0.22016207 0.00931002
 0.         0.        ]
- function call summary
ssd =  7958.650833847609  sigmas =  [[0.00764305 0.0073285 ]
 [0.09529616 0.09847681]
 [0.00984212 0.01661665]]
pars =  [0.23179681 0.16687982 0.44018766 0.29243162 0.87698396 0.0447555
 0.12422338 0.         0.17190199 0.07276613 0.22000678 0.00931912
 0.         0.        ]
- function call summary
ssd =  7958.705241993508  sigmas =  [[0.00765325 0.00733851]
 [0.09540772 0.0986662 ]
 [0.0098539  0.01663212]]
pars =  [0.23255423 0.16697954 0.43980904 0.29165173 0.87701012 0.04477282
 0.12376919 0.         0.17217997 0.07265219 0.2198847  0.0092845
 0.         0.        ]
- function call summary
ssd =  7958.837554147272  sigmas =  [[0.00761013 0.00729548]
 [0.0949086  0.09803963]
 [0.0097998  0.01654749]]
pars =  [0.23137681 0.16643406 0.44119082 0.29243149 0.87728984 0.04472235
 0.12396392 0.         0.1723139  0.07246342 0.22003118 0.00931983
 0.         0.        ]
- function call summary
ssd =  7959.280375215292  sigmas =  [[0.00768437 0.0073676 ]
 [0.09572355 0.09896683]
 [0.00989652 0.01670507]]
pars =  [0.2316915  0.16689327 0.43866664 0.291178   0.8767206  0.04478372
 0.12451841 0.         0.17212132 0.07268519 0.21967342 0.00930065
 0.         0.        ]
- function call summary
ssd =  7958.598103316216  sigmas =  [[0.00765469 0.00734171]
 [0.09545929 0.09869975]
 [0.00985709 0.01663762]]
pars =  [0.23252808 0.16720854 0.44086677 0.29194458 0.87685002 0.04485649
 0.12409683 0.         0.17151036 0.07301774 0.22013197 0.00934498
 0.         0.        ]
- function call summary
ssd =  7958.821240236253  sigmas =  [[0.00770963 0.00739357]
 [0.09612226 0.09938265]
 [0.00992665 0.01675468]]
pars =  [0.23305579 0.16693364 0.4408654  0.29148245 0.87651204 0.0446223
 0.12426091 0.         0.17147288 0.07299745 0.21984236 0.00935216
 0.         0.        ]
- function call summary
ssd =  7958.898430196103  sigmas =  [[0.0076195  0.00731013]
 [0.0950252  0.09822684]
 [0.00981423 0.0165679 ]]
pars =  [0.23263244 0.16752264 0.44269963 0.292403   0.87706461 0.044935
 0.12431344 0.         0.17131368 0.0731571  0.22038329 0.00937743
 0.         0.        ]
- function call summary
ssd =  7958.606453131965  sigmas =  [[0.00768588 0.00737216]
 [0.09582403 0.09910023]
 [0.00989823 0.01670593]]
pars =  [0.23233279 0.1671496  0.43893734 0.29254531 0.87656507 0.04490359
 0.12385985 0.         0.17121431 0.07300736 0.22003202 0.00931197
 0.         0.        ]
- function call summary
ssd =  7958.547332378163  sigmas =  [[0.00764182 0.00732926]
 [0.09525606 0.09854381]
 [0.00984031 0.01660743]]
pars =  [0.2325758  0.16740688 0.43903153 0.29180406 0.87702207 0.04497753
 0.12376889 0.         0.17176606 0.07310817 0.21999652 0.00931305
 0.         0.        ]
- function call summary
ssd =  7959.218979988036  sigmas =  [[0.00766738 0.0073542 ]
 [0.09549179 0.09882307]
 [0.00987466 0.01666681]]
pars =  [0.23246995 0.16743772 0.43761734 0.29176321 0.87687396 0.0450798
 0.12342755 0.         0.17162463 0.07306595 0.21976283 0.00926731
 0.         0.        ]
- function call summary
ssd =  7958.901459791304  sigmas =  [[0.00764366 0.00733187]
 [0.0952152  0.0984504 ]
 [0.00984117 0.01661163]]
pars =  [0.23292375 0.16737305 0.43665324 0.29281506 0.87702391 0.0449636
 0.12379924 0.         0.17218137 0.07318917 0.21991184 0.00930572
 0.         0.        ]
- function call summary
ssd =  7958.825336849521  sigmas =  [[0.00759877 0.00729255]
 [0.09471468 0.09786819]
 [0.00978053 0.01651226]]
pars =  [0.2330865  0.16775618 0.43821983 0.29096385 0.87720074 0.04490097
 0.12341041 0.         0.17168623 0.0731665  0.2204226  0.0093456
 0.         0.        ]
- function call summary
ssd =  7959.020019698243  sigmas =  [[0.00767993 0.00736735]
 [0.09569542 0.09896181]
 [0.00988888 0.01669149]]
pars =  [0.232834   0.16689391 0.43912065 0.29188077 0.87662828 0.04513028
 0.12362884 0.         0.17232062 0.07321585 0.22005759 0.00932707
 0.         0.        ]
- function call summary
ssd =  7958.829482380788  sigmas =  [[0.00765971 0.00734945]
 [0.09545299 0.09877606]
 [0.00986526 0.01664773]]
pars =  [0.23261702 0.16751917 0.4386026  0.29272235 0.87671409 0.044944
 0.12420646 0.         0.17142506 0.07338384 0.220209   0.00931746
 0.         0.        ]
- function call summary
ssd =  7959.210390461851  sigmas =  [[0.00764    0.00732786]
 [0.09523698 0.0984333 ]
 [0.00984222 0.01661789]]
pars =  [0.23241016 0.16785841 0.44094282 0.29134511 0.87712737 0.04494326
 0.12388061 0.         0.17110425 0.07310923 0.21982806 0.00929272
 0.         0.        ]
- function call summary
ssd =  7958.616991245085  sigmas =  [[0.00760091 0.00728683]
 [0.09477249 0.09796392]
 [0.00978734 0.01652158]]
pars =  [0.23285921 0.16746489 0.44011543 0.29181305 0.87759297 0.0450396
 0.12362694 0.         0.17220732 0.07302675 0.21972696 0.00933015
 0.         0.        ]
- function call summary
ssd =  7959.210891591739  sigmas =  [[0.00758816 0.00728149]
 [0.09455926 0.09776079]
 [0.00976941 0.0164923 ]]
pars =  [0.23196069 0.16772272 0.43822373 0.29186951 0.87718644 0.04480974
 0.12390212 0.         0.17175821 0.07296391 0.22050624 0.009344
 0.         0.        ]
- function call summary
ssd =  7958.798708731017  sigmas =  [[0.00767944 0.00736371]
 [0.0957096  0.09897072]
 [0.00988688 0.01668995]]
pars =  [0.23331432 0.1672073  0.4392048  0.29202285 0.87693916 0.04473013
 0.12379444 0.         0.17173965 0.07305523 0.21959769 0.00929302
 0.         0.        ]
- function call summary
ssd =  7959.766072665979  sigmas =  [[0.00767876 0.00736106]
 [0.09560876 0.0988756 ]
 [0.0098929  0.01670319]]
pars =  [0.23177348 0.16766517 0.43974253 0.29140233 0.87688512 0.04485881
 0.12382474 0.         0.17229611 0.07331354 0.21943576 0.00931737
 0.         0.        ]
- function call summary
ssd =  7958.767956999944  sigmas =  [[0.00758389 0.0072749 ]
 [0.09453397 0.09776865]
 [0.00976629 0.01648247]]
pars =  [0.23242625 0.16747208 0.43930644 0.29225455 0.87738177 0.04519305
 0.12380434 0.         0.17167046 0.07328315 0.22034111 0.00933557
 0.         0.        ]
- function call summary
ssd =  7959.6781275040275  sigmas =  [[0.00770052 0.00738289]
 [0.09588425 0.09925686]
 [0.0099203  0.01674694]]
pars =  [0.23281338 0.16813431 0.43912959 0.2923991  0.8768095  0.04499074
 0.12382289 0.         0.1719139  0.0728727  0.21929367 0.00932669
 0.         0.        ]
- function call summary
ssd =  7959.118202741267  sigmas =  [[0.00759817 0.00728915]
 [0.09468612 0.09787318]
 [0.00977931 0.01650935]]
pars =  [0.23283412 0.16686266 0.43913242 0.29086217 0.87732912 0.04491973
 0.12396481 0.         0.17244745 0.07308113 0.2202469  0.00931348
 0.         0.        ]
- function call summary
ssd =  7958.857091318356  sigmas =  [[0.00762265 0.00731105]
 [0.09502119 0.09826681]
 [0.00981487 0.01656544]]
pars =  [0.23252198 0.16721119 0.43943189 0.29234972 0.87711942 0.04492051
 0.12355281 0.         0.17161866 0.07310927 0.22018505 0.00931762
 0.         0.        ]
- function call summary
ssd =  7958.4563871244845  sigmas =  [[0.00764419 0.00733155]
 [0.09531172 0.09859714]
 [0.0098447  0.01661508]]
pars =  [0.23254991 0.16734879 0.43890986 0.29176574 0.87704662 0.04497501
 0.12378867 0.         0.1717013  0.07310899 0.21988678 0.00931614
 0.         0.        ]
- function call summary
ssd =  7958.614314854473  sigmas =  [[0.00765437 0.00734053]
 [0.09540849 0.09869115]
 [0.00985653 0.01663617]]
pars =  [0.23265765 0.16727777 0.4385628  0.2915341  0.87700545 0.04499215
 0.1238501  0.         0.17160626 0.07309873 0.21978998 0.00932288
 0.         0.        ]
- function call summary
ssd =  7958.585136473992  sigmas =  [[0.00764008 0.00732789]
 [0.09525047 0.09854789]
 [0.00983896 0.01660534]]
pars =  [0.23263707 0.16737357 0.43890506 0.29189396 0.87707041 0.04497458
 0.12384869 0.         0.17167589 0.07309819 0.21992817 0.00931587
 0.         0.        ]
- function call summary
ssd =  7958.6797445091  sigmas =  [[0.00764845 0.00733354]
 [0.09533711 0.09855974]
 [0.00984901 0.01662397]]
pars =  [0.23241356 0.16731513 0.43890602 0.29177015 0.87705625 0.04497032
 0.12376546 0.         0.17172396 0.07312784 0.21979192 0.00931709
 0.         0.        ]
- function call summary
ssd =  7958.663573214101  sigmas =  [[0.00764648 0.00733384]
 [0.09532316 0.09863409]
 [0.00984769 0.01662033]]
pars =  [0.23248875 0.1673132  0.43885406 0.2917057  0.8770234  0.04496544
 0.12385685 0.         0.1717265  0.07309669 0.21987933 0.00931319
 0.         0.        ]
- function call summary
ssd =  7958.499200346805  sigmas =  [[0.00764263 0.00733028]
 [0.09528823 0.09857393]
 [0.00984199 0.0166107 ]]
pars =  [0.23263548 0.16734031 0.43892084 0.29165677 0.8770479  0.04496878
 0.1237293  0.         0.17163534 0.0731015  0.21992685 0.00931632
 0.         0.        ]
- function call summary
ssd =  7958.531263179351  sigmas =  [[0.0076493  0.00733601]
 [0.09536758 0.09865396]
 [0.00985122 0.01662549]]
pars =  [0.23261294 0.16725173 0.43899996 0.29181298 0.87701568 0.04498829
 0.1237799  0.         0.17174249 0.07311332 0.2198707  0.00931622
 0.         0.        ]
- function call summary
ssd =  7958.577364750627  sigmas =  [[0.00764996 0.00733605]
 [0.09535245 0.09865595]
 [0.00985097 0.01662623]]
pars =  [0.23257226 0.16743721 0.43890037 0.29173989 0.87702163 0.04498665
 0.1237716  0.         0.17172211 0.07310138 0.21983872 0.0093204
 0.         0.        ]
- function call summary
ssd =  7958.665230461142  sigmas =  [[0.00764731 0.00733436]
 [0.09533198 0.09863678]
 [0.00984901 0.01662258]]
pars =  [0.23254477 0.16736487 0.4387982  0.2917917  0.8770467  0.04499238
 0.12376202 0.         0.17167549 0.07309686 0.2198265  0.0093109
 0.         0.        ]
- function call summary
ssd =  7958.5800194630665  sigmas =  [[0.00763975 0.00732776]
 [0.09524608 0.09854029]
 [0.0098384  0.01660462]]
pars =  [0.2325898  0.16736017 0.43886691 0.29171329 0.87705905 0.04497704
 0.12380061 0.         0.17169641 0.07316283 0.21994591 0.00931669
 0.         0.        ]
- function call summary
ssd =  7958.60641680648  sigmas =  [[0.00764714 0.00733317]
 [0.09532632 0.09858696]
 [0.00984774 0.01662076]]
pars =  [0.23252522 0.16737928 0.43918526 0.29171809 0.87704921 0.04498037
 0.12380956 0.         0.17163754 0.07311445 0.21984882 0.00931432
 0.         0.        ]
- function call summary
ssd =  7958.562892553707  sigmas =  [[0.00763571 0.00732394]
 [0.09520135 0.09848051]
 [0.00983338 0.01659622]]
pars =  [0.23247961 0.16731962 0.43886187 0.29175443 0.87706737 0.04498827
 0.12377742 0.         0.17169712 0.07308662 0.21999051 0.00931956
 0.         0.        ]
- function call summary
ssd =  7958.744123635252  sigmas =  [[0.00764747 0.00733491]
 [0.09532289 0.09863998]
 [0.00984908 0.01662201]]
pars =  [0.2325336  0.1673639  0.4388749  0.29188308 0.87699482 0.04497025
 0.12382044 0.         0.17165281 0.0731348  0.21992075 0.00931657
 0.         0.        ]
- function call summary
ssd =  7958.493766222714  sigmas =  [[0.00764214 0.00732932]
 [0.09528221 0.09856939]
 [0.00984166 0.01661042]]
pars =  [0.232618   0.16735092 0.43890971 0.29173657 0.87708663 0.04495384
 0.12376969 0.         0.17177536 0.07309959 0.21985767 0.00931746
 0.         0.        ]
- function call summary
ssd =  7958.6117894330955  sigmas =  [[0.00764401 0.00733142]
 [0.09529235 0.09857081]
 [0.00984393 0.01661414]]
pars =  [0.2325845  0.1673504  0.43862667 0.29187697 0.87704316 0.04497324
 0.12378383 0.         0.17175668 0.07311723 0.21989245 0.00931505
 0.         0.        ]
- function call summary
ssd =  7958.510551277604  sigmas =  [[0.00764471 0.00733101]
 [0.09529646 0.09856995]
 [0.00984399 0.01661378]]
pars =  [0.23254712 0.16735184 0.43903118 0.2918347  0.87703662 0.04494526
 0.12377623 0.         0.17166716 0.07309087 0.21992082 0.0093168
 0.         0.        ]
- function call summary
ssd =  7958.478642998562  sigmas =  [[0.00764938 0.00733622]
 [0.09537262 0.09866375]
 [0.00985104 0.01662616]]
pars =  [0.23265092 0.16734079 0.43893488 0.29177486 0.87703296 0.04495035
 0.12379535 0.         0.17170678 0.07311547 0.21983675 0.00931261
 0.         0.        ]
- function call summary
ssd =  7958.577138337087  sigmas =  [[0.00763867 0.00732641]
 [0.09523284 0.09852147]
 [0.00983724 0.016603  ]]
pars =  [0.23256918 0.16737457 0.43888154 0.29159673 0.8770898  0.04498405
 0.12379982 0.         0.17176182 0.07311544 0.2199039  0.00931653
 0.         0.        ]
- function call summary
ssd =  7958.5962150392215  sigmas =  [[0.00763782 0.00732552]
 [0.09522516 0.09851075]
 [0.00983561 0.01660018]]
pars =  [0.23258556 0.1672757  0.43894372 0.291681   0.87708341 0.04496562
 0.12380352 0.         0.17177266 0.07311122 0.21994324 0.0093159
 0.         0.        ]
- function call summary
ssd =  7958.605218061305  sigmas =  [[0.00763966 0.00732624]
 [0.09522483 0.09851246]
 [0.00983724 0.01660269]]
pars =  [0.2325696  0.16738784 0.43884314 0.29182415 0.87708725 0.04497455
 0.12372622 0.         0.17166135 0.07312733 0.21991204 0.00931856
 0.         0.        ]
- function call summary
ssd =  7958.719475365277  sigmas =  [[0.00763852 0.00732573]
 [0.09519836 0.09851508]
 [0.00983586 0.01660056]]
pars =  [0.23248127 0.16740414 0.4388089  0.2917582  0.87706342 0.04495401
 0.12380562 0.         0.17170618 0.07309926 0.21995739 0.00931888
 0.         0.        ]
- function call summary
ssd =  7958.562916054233  sigmas =  [[0.0076484  0.00733509]
 [0.09535266 0.09864244]
 [0.00985036 0.01662458]]
pars =  [0.23258601 0.16731232 0.43914909 0.29180562 0.87703013 0.04496854
 0.12382114 0.         0.17169588 0.07308534 0.21985492 0.00931897
 0.         0.        ]
- function call summary
ssd =  7958.5777984888055  sigmas =  [[0.00764849 0.00733518]
 [0.09535174 0.09862961]
 [0.00984983 0.01662382]]
pars =  [0.23260166 0.16731049 0.43873914 0.29167407 0.87703607 0.04497957
 0.12381769 0.         0.17164158 0.07310639 0.21983349 0.00931925
 0.         0.        ]
- function call summary
ssd =  7958.531884673717  sigmas =  [[0.0076433  0.0073307 ]
 [0.0952983  0.09858569]
 [0.0098431  0.01661244]]
pars =  [0.23263929 0.16731768 0.43901749 0.2918088  0.87704916 0.04495756
 0.12373018 0.         0.17173399 0.07311053 0.21991673 0.00931466
 0.         0.        ]
- function call summary
ssd =  7958.492293454451  sigmas =  [[0.00764423 0.00733164]
 [0.09531037 0.0985995 ]
 [0.00984458 0.01661478]]
pars =  [0.23259361 0.16733131 0.43898347 0.29178358 0.87704253 0.04497189
 0.12375795 0.         0.17172339 0.07311448 0.21990329 0.00931541
 0.         0.        ]
- function call summary
ssd =  7958.531386459442  sigmas =  [[0.00764385 0.00733135]
 [0.09529754 0.09859059]
 [0.00984428 0.01661435]]
pars =  [0.2325486  0.16735732 0.43891834 0.29176598 0.87704305 0.04497564
 0.12378874 0.         0.17170698 0.0731085  0.21989899 0.00931578
 0.         0.        ]
- function call summary
ssd =  7958.46447149281  sigmas =  [[0.00764451 0.00733157]
 [0.09531418 0.09859922]
 [0.0098451  0.01661569]]
pars =  [0.23255837 0.1673311  0.43890876 0.2917825  0.87705854 0.04497515
 0.12379081 0.         0.17169197 0.07310892 0.21986233 0.00931647
 0.         0.        ]
- function call summary
ssd =  7958.524835718991  sigmas =  [[0.00764448 0.0073318 ]
 [0.09530612 0.098598  ]
 [0.00984511 0.01661573]]
pars =  [0.23254747 0.16734941 0.4388967  0.2917659  0.8770465  0.04497646
 0.12378439 0.         0.17169552 0.07310684 0.21988145 0.00931554
 0.         0.        ]
- function call summary
ssd =  7958.465693575541  sigmas =  [[0.00764472 0.00733201]
 [0.09531709 0.098606  ]
 [0.00984536 0.01661615]]
pars =  [0.23255437 0.16734333 0.43890683 0.29175522 0.87704378 0.04497395
 0.12378893 0.         0.17170034 0.07311105 0.21988324 0.00931679
 0.         0.        ]
- function call summary
ssd =  7958.45660031366  sigmas =  [[0.00764489 0.0073322 ]
 [0.09532025 0.0986067 ]
 [0.00984562 0.01661663]]
pars =  [0.23255975 0.16735404 0.43891014 0.29176425 0.87704575 0.04497249
 0.12379031 0.         0.17170243 0.07311027 0.21987685 0.00931579
 0.         0.        ]
- function call summary
ssd =  7958.558309800498  sigmas =  [[0.00764382 0.00733112]
 [0.09529144 0.09858319]
 [0.00984429 0.0166143 ]]
pars =  [0.23254092 0.16734846 0.43892533 0.29177756 0.87705165 0.04497375
 0.12379163 0.         0.17170609 0.07311044 0.21988319 0.00931637
 0.         0.        ]
- function call summary
ssd =  7958.552744176069  sigmas =  [[0.00764419 0.00733155]
 [0.09529658 0.09859188]
 [0.00984479 0.01661518]]
pars =  [0.23254751 0.16735081 0.43893815 0.29175628 0.87704744 0.04497588
 0.12379073 0.         0.17169226 0.07311108 0.21988556 0.009316
 0.         0.        ]
- function call summary
ssd =  7958.473614372973  sigmas =  [[0.00764374 0.00733113]
 [0.09530346 0.09858989]
 [0.009844   0.01661391]]
pars =  [0.23256609 0.16734733 0.43890018 0.2917697  0.87704853 0.04497478
 0.12379231 0.         0.17169846 0.07310606 0.21989385 0.0093163
 0.         0.        ]
- function call summary
ssd =  7958.453759660268  sigmas =  [[0.00764441 0.00733175]
 [0.09531471 0.09859687]
 [0.00984495 0.01661552]]
pars =  [0.23254308 0.16734152 0.43890533 0.29175908 0.8770442  0.04497426
 0.1237966  0.         0.17170341 0.07310759 0.219887   0.00931581
 0.         0.        ]
- function call summary
ssd =  7958.467906823515  sigmas =  [[0.00764413 0.00733143]
 [0.09530942 0.09859601]
 [0.00984452 0.01661477]]
pars =  [0.23255032 0.16733415 0.43888971 0.29175106 0.87704685 0.04497359
 0.12379101 0.         0.17171122 0.07310744 0.21988853 0.00931573
 0.         0.        ]
- function call summary
ssd =  7958.612580695857  sigmas =  [[0.00764503 0.00733229]
 [0.09530814 0.09860451]
 [0.00984581 0.01661694]]
pars =  [0.23254433 0.16734719 0.43890728 0.2917532  0.87704379 0.04497617
 0.12379788 0.         0.17170913 0.07310428 0.2198758  0.00931606
 0.         0.        ]
- function call summary
ssd =  7958.545612106224  sigmas =  [[0.00764446 0.0073318 ]
 [0.09530927 0.09860146]
 [0.00984504 0.0166155 ]]
pars =  [0.23254189 0.16733747 0.43888584 0.291773   0.87704083 0.04497302
 0.12379495 0.         0.17169739 0.0731103  0.2198925  0.00931583
 0.         0.        ]
- function call summary
ssd =  7958.449780714421  sigmas =  [[0.00764419 0.00733156]
 [0.09531244 0.09859789]
 [0.00984467 0.01661501]]
pars =  [0.23254426 0.16734215 0.43891089 0.29174822 0.87704421 0.04497229
 0.12378984 0.         0.17169647 0.07310482 0.21989143 0.00931586
 0.         0.        ]
- function call summary
ssd =  7958.549947783057  sigmas =  [[0.00764302 0.00733049]
 [0.09529234 0.09858182]
 [0.00984317 0.01661244]]
pars =  [0.23254363 0.16734346 0.43890743 0.29173255 0.87705052 0.04497159
 0.12379325 0.         0.17169672 0.07310709 0.21990017 0.0093159
 0.         0.        ]
- function call summary
ssd =  7958.521495326966  sigmas =  [[0.0076446  0.00733192]
 [0.09530768 0.09860243]
 [0.00984518 0.01661594]]
pars =  [0.2325382  0.16734036 0.4389122  0.29175261 0.87704291 0.04497183
 0.12378869 0.         0.17169645 0.07309839 0.21988604 0.0093157
 0.         0.        ]
- function call summary
ssd =  7958.464378643438  sigmas =  [[0.00764482 0.00733211]
 [0.09531953 0.09860564]
 [0.00984546 0.01661638]]
pars =  [0.23254996 0.16733397 0.43894171 0.29175242 0.87703976 0.04497228
 0.12378847 0.         0.17169608 0.07310442 0.21989074 0.00931586
 0.         0.        ]
- function call summary
ssd =  7958.523980062328  sigmas =  [[0.00764495 0.00733227]
 [0.09531197 0.09860387]
 [0.00984569 0.01661668]]
pars =  [0.23254102 0.16733997 0.43891264 0.29176551 0.87703851 0.04497117
 0.12378831 0.         0.1716887  0.07310372 0.21988852 0.00931577
 0.         0.        ]
- function call summary
ssd =  7958.456046396159  sigmas =  [[0.00764422 0.00733164]
 [0.09531241 0.09859475]
 [0.0098447  0.01661512]]
pars =  [0.23254116 0.16735278 0.43890124 0.29174585 0.87704166 0.04497138
 0.12378498 0.         0.1716978  0.07310387 0.21989349 0.00931632
 0.         0.        ]
- function call summary
ssd =  7958.546993942053  sigmas =  [[0.0076433  0.00733075]
 [0.09529596 0.09858261]
 [0.0098435  0.01661304]]
pars =  [0.23253566 0.16733823 0.43890648 0.29174949 0.87704623 0.04497447
 0.12378818 0.         0.17169571 0.07310309 0.21990256 0.00931627
 0.         0.        ]
- function call summary
ssd =  7958.450975576644  sigmas =  [[0.00764489 0.00733215]
 [0.09532105 0.0986073 ]
 [0.00984558 0.01661659]]
pars =  [0.23255266 0.16733843 0.43893425 0.29174699 0.877045   0.04497124
 0.12379458 0.         0.17169463 0.07310403 0.21987945 0.00931577
 0.         0.        ]
- function call summary
ssd =  7958.536430254537  sigmas =  [[0.00764338 0.00733084]
 [0.09529776 0.09858366]
 [0.0098436  0.01661323]]
pars =  [0.2325364  0.16734796 0.43889551 0.29175399 0.87704692 0.04497001
 0.12379326 0.         0.17169719 0.07310415 0.21989892 0.00931613
 0.         0.        ]
- function call summary
ssd =  7958.46502774201  sigmas =  [[0.00764464 0.007332  ]
 [0.09531627 0.09860316]
 [0.00984525 0.01661599]]
pars =  [0.23255243 0.16734494 0.43891007 0.2917341  0.87704134 0.0449732
 0.12378725 0.         0.17170059 0.07310851 0.21988948 0.00931552
 0.         0.        ]
- function call summary
ssd =  7958.460964463654  sigmas =  [[0.00764431 0.00733156]
 [0.0953129  0.09859642]
 [0.00984479 0.01661525]]
pars =  [0.23254725 0.16733355 0.43890795 0.29175631 0.87704975 0.04497269
 0.1237894  0.         0.1716917  0.07310542 0.21988031 0.00931601
 0.         0.        ]
- function call summary
ssd =  7958.466492414664  sigmas =  [[0.00764417 0.00733148]
 [0.09531055 0.09859485]
 [0.00984453 0.01661486]]
pars =  [0.23255938 0.16734185 0.43891322 0.29175509 0.87704747 0.04497238
 0.12378504 0.         0.17170287 0.07310704 0.21988833 0.00931601
 0.         0.        ]
estimates =  [0.23254426 0.16734215 0.43891089 0.29174822 0.87704421 0.04497229
 0.12378984 0.         0.17169647 0.07310482 0.21989143 0.00931586
 0.         0.        ]
final distance =  7958.449780714421
