number of parameters =  10 , number of free parameters =  2
- function call summary
ssd =  8296.416768623603  sigmas =  [[15.36465522 19.1213482 ]
 [59.00453317 56.07604668]
 [25.33934047 37.28038698]]
pars =  [  2.17   0.     1.     0.2    0.   120.     1.     1.     0.     0.  ]
- function call summary
ssd =  8362.966162687186  sigmas =  [[ 76.97102272  89.23094367]
 [297.15469271 257.45388769]
 [127.06068001 176.66981647]]
pars =  [  2.63375072   0.           1.           0.2          0.
 120.           1.           1.           0.           0.        ]
- function call summary
ssd =  8296.338205870406  sigmas =  [[15.36332815 19.11966234]
 [59.00787621 56.08315694]
 [25.33289984 37.27184535]]
pars =  [  2.17       0.         1.         0.242742   0.       120.
   1.         1.         0.         0.      ]
- function call summary
ssd =  8239.891671836236  sigmas =  [[ 3.65374563  4.77194374]
 [14.79569826 14.24478887]
 [ 6.22726946  9.31989582]]
pars =  [  1.78790649   0.           1.           0.2          0.
 120.           1.           1.           0.           0.        ]
- function call summary
ssd =  8296.481010105788  sigmas =  [[15.36572039 19.12270496]
 [59.00167025 56.0703126 ]
 [25.34457752 37.28739661]]
pars =  [  2.17         0.           1.           0.16478401   0.
 120.           1.           1.           0.           0.        ]
- function call summary
ssd =  8197.527948800229  sigmas =  [[1.03606706 1.36052616]
 [4.55533226 4.32857621]
 [1.79276746 2.7263294 ]]
pars =  [  1.47309226   0.           1.           0.2000537    0.
 120.           1.           1.           0.           0.        ]
- function call summary
ssd =  8159.705558553003  sigmas =  [[0.13476556 0.16337687]
 [0.69622843 0.69214963]
 [0.2352733  0.35413823]]
pars =  [  1.00000075   0.           1.           0.20018542   0.
 120.           1.           1.           0.           0.        ]
- function call summary
ssd =  8157.039746660514  sigmas =  [[0.10982666 0.13121315]
 [0.57758072 0.57850301]
 [0.19028003 0.28585649]]
pars =  [  0.95517188   0.           1.           0.43381249   0.
 120.           1.           1.           0.           0.        ]
- function call summary
ssd =  8150.42479687962  sigmas =  [[0.10239207 0.12237574]
 [0.53509565 0.55291857]
 [0.16436476 0.24638757]]
pars =  [  0.94433656   0.           1.           2.04269384   0.
 120.           1.           1.           0.           0.        ]
- function call summary
ssd =  8312.431567284677  sigmas =  [[0.03791325 0.05038866]
 [0.05153794 0.05109265]
 [0.03149971 0.0487983 ]]
pars =  [  0.92324437   0.           1.          45.29043167   0.
 120.           1.           1.           0.           0.        ]
- function call summary
ssd =  8167.621599128703  sigmas =  [[0.40951127 0.52845428]
 [1.92724644 1.92155255]
 [0.672021   1.02024327]]
pars =  [  1.25749344   0.           1.           2.29937896   0.
 120.           1.           1.           0.           0.        ]
- function call summary
ssd =  8205.844693385185  sigmas =  [[0.07555098 0.09497944]
 [0.26278136 0.34073315]
 [0.07952989 0.12576724]]
pars =  [  0.9235079    0.           1.           9.61729705   0.
 120.           1.           1.           0.           0.        ]
- function call summary
ssd =  8158.801340287003  sigmas =  [[0.24493879 0.30877207]
 [1.20240648 1.20683368]
 [0.40553199 0.61413372]]
pars =  [  1.13783095   0.           1.           1.78925251   0.
 120.           1.           1.           0.           0.        ]
- function call summary
ssd =  8152.593819805483  sigmas =  [[0.05128216 0.0575293 ]
 [0.287963   0.29425687]
 [0.08607408 0.12988081]]
pars =  [  0.79164947   0.           1.           0.96067765   0.
 120.           1.           1.           0.           0.        ]
- function call summary
ssd =  8149.771309657766  sigmas =  [[0.08374521 0.09892038]
 [0.43990671 0.4647764 ]
 [0.13028302 0.19512945]]
pars =  [  0.90262899   0.           1.           2.46603139   0.
 120.           1.           1.           0.           0.        ]
- function call summary
ssd =  8152.1568408517305  sigmas =  [[0.09605419 0.11596545]
 [0.48252498 0.52596471]
 [0.14016756 0.21121475]]
pars =  [  0.938578     0.           1.           3.62552803   0.
 120.           1.           1.           0.           0.        ]
- function call summary
ssd =  8153.118248329551  sigmas =  [[0.04667379 0.05274193]
 [0.24992914 0.27369976]
 [0.06867857 0.10314341]]
pars =  [  0.77994076   0.           1.           2.80041787   0.
 120.           1.           1.           0.           0.        ]
- function call summary
ssd =  8150.265955925306  sigmas =  [[0.10750289 0.1298924 ]
 [0.54901225 0.58278025]
 [0.16428544 0.24693964]]
pars =  [  0.95937375   0.           1.           2.96372047   0.
 120.           1.           1.           0.           0.        ]
- function call summary
ssd =  8150.99984172336  sigmas =  [[0.07946747 0.09401159]
 [0.41138184 0.44358727]
 [0.11925881 0.17877105]]
pars =  [  0.89414281   0.           1.           2.99235721   0.
 120.           1.           1.           0.           0.        ]
- function call summary
ssd =  8150.128124459886  sigmas =  [[0.08321281 0.09849524]
 [0.43399351 0.46278539]
 [0.12742008 0.19089223]]
pars =  [  0.9025574   0.          1.          2.7167899   0.        120.
   1.          1.          0.          0.       ]
- function call summary
ssd =  8149.848132454243  sigmas =  [[0.09272825 0.11037859]
 [0.48395699 0.50871965]
 [0.14484099 0.21704159]]
pars =  [  0.92471235   0.           1.           2.46942601   0.
 120.           1.           1.           0.           0.        ]
- function call summary
ssd =  8149.750460617017  sigmas =  [[0.0860505  0.10179395]
 [0.45198925 0.47586711]
 [0.13454071 0.20151681]]
pars =  [  0.90818366   0.           1.           2.40245788   0.
 120.           1.           1.           0.           0.        ]
- function call summary
ssd =  8149.846561906639  sigmas =  [[0.09292478 0.11054687]
 [0.48586331 0.50923664]
 [0.14586932 0.21856356]]
pars =  [  0.92476152   0.           1.           2.38588699   0.
 120.           1.           1.           0.           0.        ]
- function call summary
ssd =  8149.736794134965  sigmas =  [[0.08364008 0.09870223]
 [0.44041543 0.46380616]
 [0.13083288 0.19594489]]
pars =  [  0.90190576   0.           1.           2.37583975   0.
 120.           1.           1.           0.           0.        ]
- function call summary
ssd =  8149.726385567534  sigmas =  [[0.08271204 0.09748214]
 [0.43633268 0.45897515]
 [0.12967848 0.19421087]]
pars =  [  0.89927174   0.           1.           2.33078444   0.
 120.           1.           1.           0.           0.        ]
- function call summary
ssd =  8149.721560893959  sigmas =  [[0.08162225 0.0960304 ]
 [0.43172718 0.45319977]
 [0.12849335 0.19243445]]
pars =  [  0.89603438   0.           1.           2.25500323   0.
 120.           1.           1.           0.           0.        ]
- function call summary
ssd =  8149.836227818152  sigmas =  [[0.0880414  0.10418224]
 [0.46341013 0.48481056]
 [0.13911499 0.2083697 ]]
pars =  [  0.91234992   0.           1.           2.23919182   0.
 120.           1.           1.           0.           0.        ]
- function call summary
ssd =  8149.709852494096  sigmas =  [[0.07778923 0.0911433 ]
 [0.41310519 0.43391652]
 [0.1225011  0.18346414]]
pars =  [  0.8854855    0.           1.           2.22070722   0.
 120.           1.           1.           0.           0.        ]
- function call summary
ssd =  8149.702937875831  sigmas =  [[0.07311057 0.08521302]
 [0.39015443 0.41028294]
 [0.11505309 0.17234508]]
pars =  [  0.87199835   0.           1.           2.19462823   0.
 120.           1.           1.           0.           0.        ]
- function call summary
ssd =  8149.710586637218  sigmas =  [[0.07544493 0.08812906]
 [0.40209515 0.42184299]
 [0.11915336 0.17848737]]
pars =  [  0.87858076   0.           1.           2.15580475   0.
 120.           1.           1.           0.           0.        ]
- function call summary
ssd =  8149.6931142397425  sigmas =  [[0.0717301  0.08344345]
 [0.3836831  0.4030955 ]
 [0.11308997 0.16943383]]
pars =  [  0.86770232   0.           1.           2.15390992   0.
 120.           1.           1.           0.           0.        ]
- function call summary
ssd =  8149.678883210522  sigmas =  [[0.06953611 0.08065651]
 [0.37312162 0.39179764]
 [0.10976672 0.16449651]]
pars =  [  0.86084466   0.           1.           2.11618827   0.
 120.           1.           1.           0.           0.        ]
- function call summary
ssd =  8149.627926210457  sigmas =  [[0.0660047  0.07617472]
 [0.35618979 0.37352898]
 [0.10450057 0.15669433]]
pars =  [  0.84929759   0.           1.           2.04073562   0.
 120.           1.           1.           0.           0.        ]
- function call summary
ssd =  8149.61202832206  sigmas =  [[0.05885972 0.0671782 ]
 [0.32148135 0.3362196 ]
 [0.09368337 0.14066794]]
pars =  [  0.82412569   0.           1.           1.90012245   0.
 120.           1.           1.           0.           0.        ]
- function call summary
ssd =  8149.706034434147  sigmas =  [[0.05479237 0.06214302]
 [0.30083266 0.31513838]
 [0.0869346  0.13061602]]
pars =  [  0.80890973   0.           1.           1.91017397   0.
 120.           1.           1.           0.           0.        ]
- function call summary
ssd =  8149.60048628101  sigmas =  [[0.0607764  0.06956894]
 [0.33103547 0.34617147]
 [0.09675857 0.14523772]]
pars =  [  0.8310306    0.           1.           1.91263434   0.
 120.           1.           1.           0.           0.        ]
- function call summary
ssd =  8149.595890797172  sigmas =  [[0.06317511 0.0725775 ]
 [0.34283449 0.35863995]
 [0.10049505 0.15078659]]
pars =  [  0.83945967   0.           1.           1.94451532   0.
 120.           1.           1.           0.           0.        ]
- function call summary
ssd =  8149.615379043557  sigmas =  [[0.06038848 0.06912125]
 [0.32857143 0.34441333]
 [0.09572377 0.14365479]]
pars =  [  0.82994859   0.           1.           1.97520939   0.
 120.           1.           1.           0.           0.        ]
- function call summary
ssd =  8149.598497128181  sigmas =  [[0.06312184 0.07252335]
 [0.34239267 0.35845844]
 [0.1002697  0.15043681]]
pars =  [  0.83937538   0.           1.           1.96559406   0.
 120.           1.           1.           0.           0.        ]
- function call summary
ssd =  8149.621017452982  sigmas =  [[0.05863084 0.06691551]
 [0.32000687 0.33517422]
 [0.09306042 0.13971306]]
pars =  [  0.82347558   0.           1.           1.93994258   0.
 120.           1.           1.           0.           0.        ]
- function call summary
ssd =  8149.599403427786  sigmas =  [[0.0620236  0.07113879]
 [0.33707755 0.35270489]
 [0.09862596 0.14800174]]
pars =  [  0.83550552   0.           1.           1.94108985   0.
 120.           1.           1.           0.           0.        ]
- function call summary
ssd =  8149.595765535482  sigmas =  [[0.06336626 0.07281418]
 [0.34382195 0.35960679]
 [0.10083178 0.1512911 ]]
pars =  [  0.8400911    0.           1.           1.94104763   0.
 120.           1.           1.           0.           0.        ]
- function call summary
ssd =  8149.596225545641  sigmas =  [[0.06374824 0.07329255]
 [0.3457184  0.36158037]
 [0.10144449 0.1522032 ]]
pars =  [  0.84138898   0.           1.           1.94331936   0.
 120.           1.           1.           0.           0.        ]
- function call summary
ssd =  8149.596138027538  sigmas =  [[0.06341358 0.07287109]
 [0.34408943 0.35983206]
 [0.10093401 0.15144604]]
pars =  [  0.84023399   0.           1.           1.93730631   0.
 120.           1.           1.           0.           0.        ]
- function call summary
ssd =  8149.596328925331  sigmas =  [[0.06289815 0.07222932]
 [0.3414787  0.35719575]
 [0.10006769 0.15015204]]
pars =  [  0.83849938   0.           1.           1.9402847    0.
 120.           1.           1.           0.           0.        ]
- function call summary
ssd =  8149.595718026239  sigmas =  [[0.06333562 0.07277666]
 [0.34365768 0.35945525]
 [0.100773   0.15120257]]
pars =  [  0.83999331   0.           1.           1.94233547   0.
 120.           1.           1.           0.           0.        ]
- function call summary
ssd =  8149.59571451364  sigmas =  [[0.06333229 0.07277259]
 [0.34363965 0.35943887]
 [0.10076646 0.15119272]]
pars =  [  0.83998278   0.           1.           1.94249721   0.
 120.           1.           1.           0.           0.        ]
- function call summary
ssd =  8149.595681951098  sigmas =  [[0.06333114 0.07277184]
 [0.34362407 0.35943859]
 [0.10075676 0.15117745]]
pars =  [  0.8399843    0.           1.           1.94369069   0.
 120.           1.           1.           0.           0.        ]
- function call summary
ssd =  8149.595624255973  sigmas =  [[0.06333306 0.07277562]
 [0.34361408 0.35945971]
 [0.10074428 0.15115726]]
pars =  [  0.84000164   0.           1.           1.94607953   0.
 120.           1.           1.           0.           0.        ]
- function call summary
ssd =  8149.595569095847  sigmas =  [[0.06334441 0.07279257]
 [0.3436318  0.35953983]
 [0.10073159 0.15113525]]
pars =  [  0.84006181   0.           1.           1.95086465   0.
 120.           1.           1.           0.           0.        ]
- function call summary
ssd =  8149.5956790744385  sigmas =  [[0.06334609 0.07279545]
 [0.34362931 0.35955438]
 [0.10072564 0.1511255 ]]
pars =  [  0.84007357   0.           1.           1.95219393   0.
 120.           1.           1.           0.           0.        ]
- function call summary
ssd =  8149.595568170569  sigmas =  [[0.06338668 0.07284536]
 [0.34384367 0.35975722]
 [0.10080091 0.15123863]]
pars =  [  0.84020477   0.           1.           1.95087924   0.
 120.           1.           1.           0.           0.        ]
- function call summary
ssd =  8149.59555562185  sigmas =  [[0.06339062 0.07284989]
 [0.34386888 0.35977452]
 [0.10081173 0.15125518]]
pars =  [  0.84021505   0.           1.           1.95021522   0.
 120.           1.           1.           0.           0.        ]
- function call summary
ssd =  8149.595572079452  sigmas =  [[0.06331845 0.07275958]
 [0.34350973 0.35940198]
 [0.10069545 0.15108198]]
pars =  [  0.8399695    0.           1.           1.94987405   0.
 120.           1.           1.           0.           0.        ]
- function call summary
ssd =  8149.595554568448  sigmas =  [[0.06340459 0.0728672 ]
 [0.34394101 0.35984526]
 [0.10083632 0.151292  ]]
pars =  [  0.84026113   0.           1.           1.94996579   0.
 120.           1.           1.           0.           0.        ]
- function call summary
ssd =  8149.59556452524  sigmas =  [[0.06343922 0.07291044]
 [0.34411467 0.36002323]
 [0.10089321 0.15137683]]
pars =  [  0.84037808   0.           1.           1.94996349   0.
 120.           1.           1.           0.           0.        ]
- function call summary
ssd =  8149.595539694028  sigmas =  [[0.06340599 0.07286878]
 [0.34395024 0.35985122]
 [0.10084039 0.15129825]]
pars =  [  0.84026461   0.           1.           1.94969456   0.
 120.           1.           1.           0.           0.        ]
- function call summary
ssd =  8149.595529574835  sigmas =  [[0.06341023 0.07287392]
 [0.34397372 0.35987183]
 [0.10084913 0.15131145]]
pars =  [  0.84027771   0.           1.           1.94942494   0.
 120.           1.           1.           0.           0.        ]
- function call summary
ssd =  8149.595525062038  sigmas =  [[0.06341971 0.0728856 ]
 [0.3440234  0.35991935]
 [0.10086641 0.15133738]]
pars =  [  0.84030853   0.           1.           1.94916325   0.
 120.           1.           1.           0.           0.        ]
- function call summary
ssd =  8149.595516210282  sigmas =  [[0.0633866  0.07284422]
 [0.34385802 0.35974883]
 [0.10081254 0.1512571 ]]
pars =  [  0.84019634   0.           1.           1.94908673   0.
 120.           1.           1.           0.           0.        ]
- function call summary
ssd =  8149.595513371124  sigmas =  [[0.06337326 0.07282742]
 [0.34379314 0.3596791 ]
 [0.10079226 0.15122702]]
pars =  [  0.84015011   0.           1.           1.9488376    0.
 120.           1.           1.           0.           0.        ]
- function call summary
ssd =  8149.595508013324  sigmas =  [[0.06339744 0.0728575 ]
 [0.34391602 0.35980252]
 [0.10083326 0.15128828]]
pars =  [  0.84023093   0.           1.           1.94864161   0.
 120.           1.           1.           0.           0.        ]
- function call summary
ssd =  8149.595509688839  sigmas =  [[0.06340602 0.07286806]
 [0.34396121 0.35984542]
 [0.10084907 0.15131204]]
pars =  [  0.84025872   0.           1.           1.9483782    0.
 120.           1.           1.           0.           0.        ]
- function call summary
ssd =  8149.595513413929  sigmas =  [[0.06336858 0.07282137]
 [0.34377246 0.35965346]
 [0.10078681 0.15121911]]
pars =  [  0.84013271   0.           1.           1.94849446   0.
 120.           1.           1.           0.           0.        ]
- function call summary
ssd =  8149.595507465474  sigmas =  [[0.06339845 0.07285872]
 [0.34392146 0.35980747]
 [0.10083522 0.15129124]]
pars =  [  0.84023411   0.           1.           1.9485937    0.
 120.           1.           1.           0.           0.        ]
- function call summary
ssd =  8149.595507893606  sigmas =  [[0.0633951  0.07285453]
 [0.34390497 0.35979012]
 [0.10082995 0.15128341]]
pars =  [  0.84022265   0.           1.           1.94855922   0.
 120.           1.           1.           0.           0.        ]
- function call summary
ssd =  8149.59550769206  sigmas =  [[0.06340087 0.07286175]
 [0.34393357 0.35981994]
 [0.10083917 0.15129713]]
pars =  [  0.84024231   0.           1.           1.94859794   0.
 120.           1.           1.           0.           0.        ]
- function call summary
ssd =  8149.595507172267  sigmas =  [[0.06339931 0.0728598 ]
 [0.34392596 0.35981185]
 [0.10083677 0.15129356]]
pars =  [  0.84023696   0.           1.           1.94857537   0.
 120.           1.           1.           0.           0.        ]
- function call summary
ssd =  8149.595507775367  sigmas =  [[0.06340211 0.07286327]
 [0.34394026 0.35982609]
 [0.10084158 0.15130075]]
pars =  [  0.84024627   0.           1.           1.94854292   0.
 120.           1.           1.           0.           0.        ]
- function call summary
ssd =  8149.595507132537  sigmas =  [[0.06339942 0.07285993]
 [0.34392654 0.35981239]
 [0.10083697 0.15129387]]
pars =  [  0.84023731   0.           1.           1.94857119   0.
 120.           1.           1.           0.           0.        ]
estimates =  [  0.84023731   0.           1.           1.94857119   0.
 120.           1.           1.           0.           0.        ]
final distance =  8149.595507132537
