number of parameters =  10 , number of free parameters =  10
- function call summary
ssd =  8043.475859397649  sigmas =  [[0.00787625 0.00984022]
 [0.08599334 0.08055366]
 [0.01240084 0.01660856]]
pars =  [3.12e-01 2.13e-01 5.32e-01 1.96e-01 1.00e-01 2.00e+02 4.32e-01 1.34e-01
 1.23e-01 1.10e-01]
- function call summary
ssd =  8044.584920322388  sigmas =  [[0.00827565 0.01034682]
 [0.08972328 0.08372715]
 [0.01310708 0.0175335 ]]
pars =  [3.22159571e-01 2.13000000e-01 5.32000000e-01 1.96000000e-01
 1.00000000e-01 2.00000000e+02 4.32000000e-01 1.34000000e-01
 1.23000000e-01 1.10000000e-01]
- function call summary
ssd =  8045.729867113517  sigmas =  [[0.00786885 0.00983808]
 [0.0859653  0.08049298]
 [0.01239433 0.01659118]]
pars =  [3.12000000e-01 2.19935861e-01 5.32000000e-01 1.96000000e-01
 1.00000000e-01 2.00000000e+02 4.32000000e-01 1.34000000e-01
 1.23000000e-01 1.10000000e-01]
- function call summary
ssd =  8038.9803832776515  sigmas =  [[0.00787204 0.00974807]
 [0.08607766 0.08155034]
 [0.01233123 0.01662858]]
pars =  [3.12000000e-01 2.13000000e-01 5.39969283e-01 1.96000000e-01
 1.00000000e-01 2.00000000e+02 4.32000000e-01 1.34000000e-01
 1.23000000e-01 1.10000000e-01]
- function call summary
ssd =  8043.412776975405  sigmas =  [[0.00787388 0.00983753]
 [0.08590439 0.08051696]
 [0.0124206  0.01663472]]
pars =  [3.12000000e-01 2.13000000e-01 5.32000000e-01 2.02382295e-01
 1.00000000e-01 2.00000000e+02 4.32000000e-01 1.34000000e-01
 1.23000000e-01 1.10000000e-01]
- function call summary
ssd =  8043.494952692763  sigmas =  [[0.00787604 0.00984001]
 [0.08597948 0.08055706]
 [0.01240257 0.01661051]]
pars =  [3.12000000e-01 2.13000000e-01 5.32000000e-01 1.96000000e-01
 1.03256273e-01 2.00000000e+02 4.32000000e-01 1.34000000e-01
 1.23000000e-01 1.10000000e-01]
- function call summary
ssd =  8043.491154495441  sigmas =  [[0.0078765  0.00984035]
 [0.08601077 0.08055459]
 [0.01239643 0.01660418]]
pars =  [3.12000000e-01 2.13000000e-01 5.32000000e-01 1.96000000e-01
 1.00000000e-01 2.06512546e+02 4.32000000e-01 1.34000000e-01
 1.23000000e-01 1.10000000e-01]
- function call summary
ssd =  8043.493538132758  sigmas =  [[0.00787154 0.00982762]
 [0.08576675 0.08027187]
 [0.01239197 0.01659469]]
pars =  [3.12000000e-01 2.13000000e-01 5.32000000e-01 1.96000000e-01
 1.00000000e-01 2.00000000e+02 4.46067099e-01 1.34000000e-01
 1.23000000e-01 1.10000000e-01]
- function call summary
ssd =  8043.903923134379  sigmas =  [[0.00787256 0.00983665]
 [0.08588806 0.08049355]
 [0.01240387 0.01660904]]
pars =  [3.12000000e-01 2.13000000e-01 5.32000000e-01 1.96000000e-01
 1.00000000e-01 2.00000000e+02 4.32000000e-01 1.38363406e-01
 1.23000000e-01 1.10000000e-01]
- function call summary
ssd =  8044.024750100688  sigmas =  [[0.00781638 0.00978341]
 [0.0853102  0.07978109]
 [0.01231618 0.01647176]]
pars =  [3.12000000e-01 2.13000000e-01 5.32000000e-01 1.96000000e-01
 1.00000000e-01 2.00000000e+02 4.32000000e-01 1.34000000e-01
 1.27005216e-01 1.10000000e-01]
- function call summary
ssd =  8044.578995280981  sigmas =  [[0.00784749 0.00979714]
 [0.08561674 0.08009613]
 [0.01234872 0.01653117]]
pars =  [3.120000e-01 2.130000e-01 5.320000e-01 1.960000e-01 1.000000e-01
 2.000000e+02 4.320000e-01 1.340000e-01 1.230000e-01 1.135819e-01]
- function call summary
ssd =  8042.7072848775315  sigmas =  [[0.00751767 0.00937248]
 [0.08246082 0.07756432]
 [0.01174909 0.01576923]]
pars =  [3.02160819e-01 2.13000000e-01 5.32000000e-01 1.96000000e-01
 1.00000000e-01 2.00000000e+02 4.32000000e-01 1.34000000e-01
 1.23000000e-01 1.10000000e-01]
- function call summary
ssd =  8041.24071254115  sigmas =  [[0.00788341 0.00984202]
 [0.08601672 0.08061213]
 [0.01240578 0.01662438]]
pars =  [3.12000000e-01 2.06282867e-01 5.32000000e-01 1.96000000e-01
 1.00000000e-01 2.00000000e+02 4.32000000e-01 1.34000000e-01
 1.23000000e-01 1.10000000e-01]
- function call summary
ssd =  8048.220680332683  sigmas =  [[0.00789097 0.00993199]
 [0.08589179 0.07944303]
 [0.01246858 0.01660515]]
pars =  [3.12000000e-01 2.13000000e-01 5.24014358e-01 1.96000000e-01
 1.00000000e-01 2.00000000e+02 4.32000000e-01 1.34000000e-01
 1.23000000e-01 1.10000000e-01]
- function call summary
ssd =  8043.520375493615  sigmas =  [[0.00787788 0.00984257]
 [0.08608609 0.0805815 ]
 [0.01238119 0.01658365]]
pars =  [3.12000000e-01 2.13000000e-01 5.32000000e-01 1.89818976e-01
 1.00000000e-01 2.00000000e+02 4.32000000e-01 1.34000000e-01
 1.23000000e-01 1.10000000e-01]
- function call summary
ssd =  8043.475769484902  sigmas =  [[0.00787651 0.00984055]
 [0.08600468 0.0805598 ]
 [0.01239889 0.01660662]]
pars =  [3.12000000e-01 2.13000000e-01 5.32000000e-01 1.96000000e-01
 9.68464164e-02 2.00000000e+02 4.32000000e-01 1.34000000e-01
 1.23000000e-01 1.10000000e-01]
- function call summary
ssd =  8043.460894319803  sigmas =  [[0.00787598 0.00983998]
 [0.08597947 0.0805468 ]
 [0.01240493 0.01661255]]
pars =  [3.12000000e-01 2.13000000e-01 5.32000000e-01 1.96000000e-01
 1.00000000e-01 1.93692833e+02 4.32000000e-01 1.34000000e-01
 1.23000000e-01 1.10000000e-01]
- function call summary
ssd =  8043.462933651971  sigmas =  [[0.0078893  0.00985255]
 [0.08619089 0.08082643]
 [0.01240821 0.01662607]]
pars =  [3.12000000e-01 2.13000000e-01 5.32000000e-01 1.96000000e-01
 1.00000000e-01 2.00000000e+02 4.18376519e-01 1.34000000e-01
 1.23000000e-01 1.10000000e-01]
- function call summary
ssd =  8042.947352881557  sigmas =  [[0.00788815 0.00984303]
 [0.08610247 0.08060332]
 [0.01239801 0.0166062 ]]
pars =  [3.12000000e-01 2.13000000e-01 5.32000000e-01 1.96000000e-01
 1.00000000e-01 2.00000000e+02 4.32000000e-01 1.29774198e-01
 1.23000000e-01 1.10000000e-01]
- function call summary
ssd =  8042.941046400107  sigmas =  [[0.00794729 0.00989636]
 [0.08665555 0.08131852]
 [0.01248395 0.01674589]]
pars =  [3.12000000e-01 2.13000000e-01 5.32000000e-01 1.96000000e-01
 1.00000000e-01 2.00000000e+02 4.32000000e-01 1.34000000e-01
 1.19121092e-01 1.10000000e-01]
- function call summary
ssd =  8042.431315124158  sigmas =  [[0.00790596 0.00988283]
 [0.08635608 0.08104447]
 [0.01245234 0.01668303]]
pars =  [3.12000000e-01 2.13000000e-01 5.32000000e-01 1.96000000e-01
 1.00000000e-01 2.00000000e+02 4.32000000e-01 1.34000000e-01
 1.23000000e-01 1.06531058e-01]
- function call summary
ssd =  8033.638544242195  sigmas =  [[0.00780656 0.00959782]
 [0.08562319 0.08236948]
 [0.01217088 0.0165292 ]]
pars =  [3.10188904e-01 2.10055820e-01 5.46694239e-01 1.96065399e-01
 9.99940523e-02 1.99981236e+02 4.31959009e-01 1.33603159e-01
 1.22587404e-01 1.09269944e-01]
- function call summary
ssd =  8023.62856592773  sigmas =  [[0.007675   0.00930322]
 [0.08467473 0.08324369]
 [0.01186583 0.01632744]]
pars =  [3.06437862e-01 2.03727088e-01 5.59559019e-01 1.96211051e-01
 9.99808977e-02 1.99939608e+02 4.31868136e-01 1.32712296e-01
 1.21679262e-01 1.07685148e-01]
- function call summary
ssd =  8006.93211431623  sigmas =  [[0.00744948 0.00877848]
 [0.08313157 0.08410927]
 [0.01138603 0.01601361]]
pars =  [3.00850407e-01 1.92652770e-01 5.86366411e-01 1.96468063e-01
 9.99580806e-02 1.99866834e+02 4.31709572e-01 1.31099164e-01
 1.20111590e-01 1.05002877e-01]
- function call summary
ssd =  7986.275453129016  sigmas =  [[0.00632004 0.00723039]
 [0.07203121 0.0742198 ]
 [0.0093678  0.01347767]]
pars =  [2.62894149e-01 1.63771591e-01 6.02915588e-01 1.97503292e-01
 9.98566423e-02 1.99559058e+02 4.31030918e-01 1.26362970e-01
 1.13660650e-01 9.41084373e-02]
- function call summary
ssd =  7969.077527779373  sigmas =  [[0.00641389 0.00711238]
 [0.07283651 0.07642391]
 [0.00947837 0.01391152]]
pars =  [2.71338847e-01 1.33226319e-01 6.34361423e-01 1.96571425e-01
 9.99462039e-02 1.99833824e+02 4.31635299e-01 1.30293963e-01
 1.18587179e-01 9.78978503e-02]
- function call summary
ssd =  7957.959249292775  sigmas =  [[0.00632347 0.00688333]
 [0.07144243 0.07555483]
 [0.00927999 0.01379878]]
pars =  [2.72949567e-01 1.06976687e-01 6.51523213e-01 1.95762057e-01
 1.00004005e-01 2.00039418e+02 4.32071900e-01 1.38958113e-01
 1.23258089e-01 1.05971898e-01]
- function call summary
ssd =  7945.812670665659  sigmas =  [[0.00684607 0.00751715]
 [0.0752734  0.07800577]
 [0.01004237 0.01499999]]
pars =  [3.00790862e-01 7.14257795e-02 6.57850088e-01 1.89260134e-01
 1.00645039e-01 2.02040545e+02 4.36467669e-01 1.32365683e-01
 1.65027958e-01 1.08497315e-01]
- function call summary
ssd =  7950.67989852649  sigmas =  [[0.00692543 0.00749985]
 [0.07448239 0.07819644]
 [0.01011824 0.01520427]]
pars =  [3.05123279e-01 5.41491973e-02 6.63919223e-01 1.91836159e-01
 1.00359162e-01 2.01152781e+02 4.34503331e-01 1.85061402e-01
 1.49557362e-01 1.39457122e-01]
- function call summary
ssd =  7946.183214629387  sigmas =  [[0.00704193 0.0077402 ]
 [0.07726705 0.08005962]
 [0.0103385  0.01544921]]
pars =  [3.05808370e-01 7.05896332e-02 6.57771636e-01 1.67946222e-01
 1.00499233e-01 2.01554151e+02 4.35413823e-01 1.35472714e-01
 1.62639443e-01 1.07065554e-01]
- function call summary
ssd =  7942.70059562403  sigmas =  [[0.00577984 0.00622363]
 [0.06476341 0.06743508]
 [0.00826193 0.01247942]]
pars =  [2.71189758e-01 6.87002169e-02 6.68919248e-01 1.79005458e-01
 1.00597057e-01 2.02173694e+02 4.36620978e-01 1.13910119e-01
 1.77615358e-01 1.24960330e-01]
- function call summary
ssd =  7942.071475048123  sigmas =  [[0.0057777  0.00620139]
 [0.06476889 0.06764331]
 [0.00826883 0.0125015 ]]
pars =  [2.71313390e-01 6.82493816e-02 6.72378482e-01 1.79220493e-01
 1.00379470e-01 1.90125124e+02 4.34946533e-01 1.13929084e-01
 1.77617181e-01 1.24375560e-01]
- function call summary
ssd =  7941.252866158067  sigmas =  [[0.00579413 0.00624374]
 [0.06471355 0.06712507]
 [0.00831738 0.01256821]]
pars =  [2.76336581e-01 6.67602590e-02 6.74932250e-01 1.80721933e-01
 1.00661044e-01 1.88077456e+02 4.36729719e-01 1.14228087e-01
 2.00662794e-01 1.22007361e-01]
- function call summary
ssd =  7940.450902776573  sigmas =  [[0.00587348 0.00631508]
 [0.06556752 0.06812978]
 [0.00844153 0.01276705]]
pars =  [2.79077536e-01 6.60253627e-02 6.77616672e-01 1.80596357e-01
 9.96145814e-02 1.85909647e+02 4.28725778e-01 1.13843156e-01
 2.00398467e-01 1.22933204e-01]
- function call summary
ssd =  7939.837525903356  sigmas =  [[0.00618419 0.00669455]
 [0.06858495 0.07102783]
 [0.00892115 0.01345947]]
pars =  [2.89111278e-01 6.37791622e-02 6.72748937e-01 1.82005924e-01
 9.96752151e-02 1.84552670e+02 4.29195124e-01 1.10218604e-01
 1.99923161e-01 1.22832841e-01]
- function call summary
ssd =  7939.490255916982  sigmas =  [[0.00611119 0.0066052 ]
 [0.06782214 0.07008276]
 [0.00878285 0.01326455]]
pars =  [2.86630562e-01 6.15726182e-02 6.73362406e-01 1.83706274e-01
 9.72645087e-02 1.84152447e+02 4.10899790e-01 1.10728455e-01
 2.02278248e-01 1.22070323e-01]
- function call summary
ssd =  7938.165593497924  sigmas =  [[0.00640616 0.00689433]
 [0.070784   0.0733299 ]
 [0.00927087 0.01402886]]
pars =  [2.97155272e-01 5.97180631e-02 6.81147817e-01 1.85979623e-01
 9.71208370e-02 1.85004058e+02 4.09717675e-01 1.11114879e-01
 2.03567067e-01 1.24432360e-01]
- function call summary
ssd =  7939.032777984754  sigmas =  [[0.00666625 0.00721968]
 [0.0732877  0.07555443]
 [0.00968186 0.01459822]]
pars =  [3.05835636e-01 5.93111044e-02 6.76824025e-01 1.86242492e-01
 9.57468606e-02 1.82660407e+02 3.99958144e-01 1.11746482e-01
 2.06797025e-01 1.29525411e-01]
- function call summary
ssd =  7938.068689150457  sigmas =  [[0.00639776 0.00688328]
 [0.07068857 0.07327821]
 [0.0092609  0.01401639]]
pars =  [2.97071491e-01 5.97246082e-02 6.81617601e-01 1.85509633e-01
 9.43528096e-02 1.84756541e+02 4.15067657e-01 1.10824408e-01
 2.03789081e-01 1.24284117e-01]
- function call summary
ssd =  7937.225341803001  sigmas =  [[0.00644457 0.00691704]
 [0.07122971 0.07389286]
 [0.00933478 0.01415541]]
pars =  [2.98633077e-01 5.93464849e-02 6.84762050e-01 1.84213098e-01
 9.41340953e-02 1.84906417e+02 4.12276926e-01 1.08370325e-01
 2.04724818e-01 1.22903703e-01]
- function call summary
ssd =  7935.4409220747375  sigmas =  [[0.00649796 0.00695653]
 [0.07186707 0.07466964]
 [0.00941464 0.01429638]]
pars =  [3.00773798e-01 5.82479405e-02 6.88427817e-01 1.80606520e-01
 9.38380161e-02 1.84628064e+02 4.08684880e-01 1.03005584e-01
 2.08139063e-01 1.21769897e-01]
- function call summary
ssd =  7933.578814158467  sigmas =  [[0.00647483 0.00690153]
 [0.07176798 0.07449926]
 [0.00934874 0.014235  ]]
pars =  [3.00892963e-01 5.61026154e-02 6.92276213e-01 1.70378904e-01
 9.38405113e-02 1.82808508e+02 4.06515590e-01 9.33986940e-02
 2.11040176e-01 1.26402955e-01]
- function call summary
ssd =  7932.193073160828  sigmas =  [[0.00675117 0.00722213]
 [0.07454862 0.0770795 ]
 [0.00979858 0.01491195]]
pars =  [3.10621014e-01 5.51144895e-02 6.94686112e-01 1.68544302e-01
 9.23985724e-02 1.80405755e+02 3.94556379e-01 8.83602796e-02
 2.25464902e-01 1.16904836e-01]
- function call summary
ssd =  7930.551053690292  sigmas =  [[0.00627688 0.00665247]
 [0.06990743 0.0725037 ]
 [0.00906193 0.01384614]]
pars =  [2.97921377e-01 5.53482950e-02 7.02165137e-01 1.80924908e-01
 9.03824080e-02 1.86850358e+02 3.91481535e-01 8.29646515e-02
 2.37140177e-01 1.17982233e-01]
- function call summary
ssd =  7929.498056871578  sigmas =  [[0.00597436 0.00629807]
 [0.06674346 0.06916445]
 [0.00858604 0.01317802]]
pars =  [2.91155745e-01 5.33261917e-02 7.09267063e-01 1.72126040e-01
 8.85327573e-02 1.93224998e+02 3.97864345e-01 8.41332329e-02
 2.58494897e-01 1.13624810e-01]
- function call summary
ssd =  7927.817909686923  sigmas =  [[0.00607583 0.00640242]
 [0.06764236 0.07005873]
 [0.00876408 0.01346148]]
pars =  [2.96651058e-01 5.14740268e-02 7.13673034e-01 1.74978818e-01
 9.07515867e-02 1.79247471e+02 4.07232244e-01 8.05347154e-02
 2.74310567e-01 1.08817555e-01]
- function call summary
ssd =  7927.040263051239  sigmas =  [[0.00654657 0.0069655 ]
 [0.07220211 0.07450819]
 [0.00951723 0.0145445 ]]
pars =  [3.12944383e-01 4.94230364e-02 7.10603358e-01 1.78919132e-01
 9.24304874e-02 1.84043425e+02 4.05055951e-01 7.56825782e-02
 2.89031316e-01 1.02531475e-01]
- function call summary
ssd =  7926.525287970867  sigmas =  [[0.00621897 0.00657833]
 [0.06901213 0.07103329]
 [0.00898876 0.01379149]]
pars =  [3.04556153e-01 4.97895856e-02 7.15989815e-01 1.74253644e-01
 9.01570115e-02 1.70950141e+02 3.86972754e-01 7.30633651e-02
 3.09622655e-01 1.01437306e-01]
- function call summary
ssd =  7925.133203325568  sigmas =  [[0.00590761 0.0061739 ]
 [0.06588147 0.06833246]
 [0.00851399 0.01314365]]
pars =  [2.95460557e-01 4.84280509e-02 7.25787766e-01 1.69762557e-01
 8.66821948e-02 1.60012733e+02 4.06938499e-01 6.93411681e-02
 3.13522178e-01 1.03350971e-01]
- function call summary
ssd =  7924.0705636590155  sigmas =  [[0.00558418 0.00575759]
 [0.06275873 0.06521763]
 [0.00799512 0.01242919]]
pars =  [2.85290589e-01 4.67477081e-02 7.35214775e-01 1.65828277e-01
 9.25982207e-02 1.53161415e+02 3.88419067e-01 6.92150476e-02
 3.23834532e-01 1.07592749e-01]
- function call summary
ssd =  7924.630719495936  sigmas =  [[0.00509024 0.00518387]
 [0.0578525  0.06015303]
 [0.00724801 0.01136051]]
pars =  [2.69186631e-01 4.83749662e-02 7.44832712e-01 1.58818431e-01
 9.11956439e-02 1.46157232e+02 3.85258872e-01 7.06453982e-02
 3.46405174e-01 1.06708287e-01]
- function call summary
ssd =  7924.189058798272  sigmas =  [[0.00551571 0.0056601 ]
 [0.06209275 0.06482591]
 [0.00789506 0.01230234]]
pars =  [2.82433826e-01 4.64033977e-02 7.38635642e-01 1.66071113e-01
 9.26430326e-02 1.54787893e+02 3.87271273e-01 6.92047049e-02
 3.20547976e-01 1.05648024e-01]
- function call summary
ssd =  7924.050169283311  sigmas =  [[0.00562166 0.00580064]
 [0.06305415 0.06540977]
 [0.00803578 0.01249199]]
pars =  [2.86905627e-01 4.46727903e-02 7.34573460e-01 1.67434201e-01
 9.06160157e-02 1.51713774e+02 3.78520241e-01 6.90360181e-02
 3.27357867e-01 1.10173289e-01]
- function call summary
ssd =  7923.496037841853  sigmas =  [[0.00552909 0.00568549]
 [0.06212792 0.06466246]
 [0.00789467 0.01229042]]
pars =  [2.83664389e-01 4.40453974e-02 7.36764477e-01 1.69856072e-01
 9.19280262e-02 1.50579838e+02 3.80273730e-01 6.86024947e-02
 3.26591561e-01 1.10827260e-01]
- function call summary
ssd =  7923.461588485325  sigmas =  [[0.00550718 0.00566553]
 [0.06185471 0.06431654]
 [0.00785967 0.0122348 ]]
pars =  [2.83286941e-01 4.37412592e-02 7.36532776e-01 1.71409092e-01
 9.39721555e-02 1.49369796e+02 3.84178298e-01 6.77773478e-02
 3.29516208e-01 1.11238476e-01]
- function call summary
ssd =  7923.049407104252  sigmas =  [[0.00561214 0.00576543]
 [0.06291697 0.06557026]
 [0.00803584 0.01251505]]
pars =  [2.87578706e-01 4.33999042e-02 7.39579666e-01 1.70728685e-01
 9.41243459e-02 1.50470094e+02 3.88545490e-01 6.86226058e-02
 3.32466613e-01 1.12087473e-01]
- function call summary
ssd =  7923.236914374167  sigmas =  [[0.00564924 0.00578565]
 [0.0633583  0.0661525 ]
 [0.00810865 0.01263877]]
pars =  [2.88816603e-01 4.38788608e-02 7.42857007e-01 1.72913298e-01
 9.36468402e-02 1.49076097e+02 3.87459727e-01 6.78772625e-02
 3.30713551e-01 1.13544260e-01]
- function call summary
ssd =  7923.1896916858195  sigmas =  [[0.00573978 0.00590184]
 [0.06422612 0.06674652]
 [0.00823977 0.01282295]]
pars =  [2.91629810e-01 4.31468857e-02 7.39755889e-01 1.71048600e-01
 9.47342091e-02 1.47539502e+02 3.86869278e-01 6.94208881e-02
 3.28910877e-01 1.10994846e-01]
- function call summary
ssd =  7923.7908021509775  sigmas =  [[0.00549145 0.00562771]
 [0.0616312  0.06433124]
 [0.00784832 0.01224018]]
pars =  [2.83452568e-01 4.28837894e-02 7.40647422e-01 1.69523076e-01
 9.33784377e-02 1.49346358e+02 3.95380166e-01 6.91216503e-02
 3.31356404e-01 1.13250406e-01]
- function call summary
ssd =  7923.24078623379  sigmas =  [[0.0056092  0.00577032]
 [0.06285182 0.06528417]
 [0.00803222 0.01250262]]
pars =  [2.88248444e-01 4.35720740e-02 7.39190300e-01 1.70604370e-01
 9.30563712e-02 1.48696263e+02 3.89488408e-01 6.82225008e-02
 3.40882167e-01 1.11185224e-01]
- function call summary
ssd =  7923.256884561926  sigmas =  [[0.00559664 0.00574151]
 [0.06275822 0.06541511]
 [0.00801203 0.01248078]]
pars =  [2.87148582e-01 4.31039086e-02 7.40696831e-01 1.72613470e-01
 9.51347782e-02 1.52628047e+02 3.81247096e-01 6.92298483e-02
 3.35202683e-01 1.12257573e-01]
- function call summary
ssd =  7922.847569725938  sigmas =  [[0.00566111 0.00580797]
 [0.06344132 0.06616084]
 [0.00810958 0.0126358 ]]
pars =  [2.89221262e-01 4.27410579e-02 7.41041104e-01 1.67810536e-01
 9.40516010e-02 1.50162103e+02 3.83697074e-01 6.75762123e-02
 3.32665320e-01 1.12371699e-01]
- function call summary
ssd =  7922.885216033408  sigmas =  [[0.0057861  0.00594552]
 [0.06467845 0.06726197]
 [0.00830701 0.01293475]]
pars =  [2.93389185e-01 4.21774476e-02 7.40834077e-01 1.69969059e-01
 9.38439915e-02 1.52103929e+02 3.86608321e-01 6.66867133e-02
 3.30257729e-01 1.11800937e-01]
- function call summary
ssd =  7922.767496076688  sigmas =  [[0.00565409 0.0057916 ]
 [0.06341305 0.06612163]
 [0.00810352 0.01263852]]
pars =  [2.89082444e-01 4.27615121e-02 7.42917841e-01 1.65772971e-01
 9.33018666e-02 1.50503312e+02 3.83121182e-01 6.61568182e-02
 3.34790023e-01 1.10723318e-01]
- function call summary
ssd =  7922.771107174722  sigmas =  [[0.00562866 0.00575281]
 [0.06318843 0.06595598]
 [0.00807505 0.01260526]]
pars =  [2.88496980e-01 4.30996139e-02 7.45242264e-01 1.64960578e-01
 9.56589526e-02 1.50997003e+02 3.85789055e-01 6.56647788e-02
 3.36817086e-01 1.11138750e-01]
- function call summary
ssd =  7922.717520466433  sigmas =  [[0.0055244  0.00564396]
 [0.06209714 0.06467899]
 [0.00790354 0.01234621]]
pars =  [2.85256083e-01 4.24384486e-02 7.44933204e-01 1.66405162e-01
 9.27895870e-02 1.51837827e+02 3.83525742e-01 6.57641870e-02
 3.42485391e-01 1.10499397e-01]
- function call summary
ssd =  7922.516267999384  sigmas =  [[0.00542012 0.0055081 ]
 [0.06114487 0.06362526]
 [0.00774649 0.01213494]]
pars =  [2.81127904e-01 4.23024160e-02 7.48362873e-01 1.66365318e-01
 9.26495790e-02 1.50564660e+02 3.80437765e-01 6.47405150e-02
 3.39506996e-01 1.10082898e-01]
- function call summary
ssd =  7922.632540650545  sigmas =  [[0.00532058 0.00538674]
 [0.06020401 0.06261852]
 [0.00758963 0.01191996]]
pars =  [2.77292775e-01 4.17383829e-02 7.50877824e-01 1.65292177e-01
 9.26190337e-02 1.49226077e+02 3.75751553e-01 6.39072370e-02
 3.37701716e-01 1.10370321e-01]
- function call summary
ssd =  7922.230448230227  sigmas =  [[0.00546473 0.0055595 ]
 [0.06157165 0.06403615]
 [0.00781779 0.01224048]]
pars =  [2.83276748e-01 4.21074767e-02 7.48565956e-01 1.66142249e-01
 9.27554101e-02 1.47246827e+02 3.81004123e-01 6.40105891e-02
 3.45379686e-01 1.09569828e-01]
- function call summary
ssd =  7922.244538587043  sigmas =  [[0.00543735 0.0055245 ]
 [0.06129626 0.0638175 ]
 [0.00778595 0.012201  ]]
pars =  [2.82595040e-01 4.24790332e-02 7.50332722e-01 1.67679221e-01
 9.23204622e-02 1.46499826e+02 3.84961497e-01 6.32460612e-02
 3.48516869e-01 1.07428253e-01]
- function call summary
ssd =  7922.375262458757  sigmas =  [[0.00540873 0.0054882 ]
 [0.06103062 0.0635998 ]
 [0.00773083 0.01212727]]
pars =  [2.81454752e-01 4.20363547e-02 7.50780453e-01 1.65274423e-01
 9.43348094e-02 1.45718945e+02 3.76676631e-01 6.49598627e-02
 3.47821931e-01 1.10118086e-01]
- function call summary
ssd =  7921.854700176741  sigmas =  [[0.00553842 0.0056351 ]
 [0.06231599 0.06486558]
 [0.00793416 0.01242003]]
pars =  [2.86065908e-01 4.16238560e-02 7.49234425e-01 1.68047065e-01
 9.29121496e-02 1.46358832e+02 3.81657912e-01 6.25645488e-02
 3.46019867e-01 1.10595730e-01]
- function call summary
ssd =  7921.6051494185085  sigmas =  [[0.00555998 0.00565622]
 [0.06250392 0.06509209]
 [0.00796586 0.01247011]]
pars =  [2.87073688e-01 4.09014147e-02 7.49763680e-01 1.67981939e-01
 9.27488267e-02 1.44987331e+02 3.82601807e-01 6.11115376e-02
 3.48010629e-01 1.11050925e-01]
- function call summary
ssd =  7921.285701096064  sigmas =  [[0.00555884 0.00564694]
 [0.06253063 0.06503097]
 [0.00796514 0.01247737]]
pars =  [2.87217178e-01 4.04228487e-02 7.51288217e-01 1.68811051e-01
 9.23727234e-02 1.44106153e+02 3.77450282e-01 5.98008534e-02
 3.51048344e-01 1.11474194e-01]
- function call summary
ssd =  7920.555610977457  sigmas =  [[0.00557046 0.00564549]
 [0.06265411 0.06520757]
 [0.00798053 0.01252034]]
pars =  [2.88025694e-01 3.88382033e-02 7.54088001e-01 1.69150794e-01
 9.22165825e-02 1.41506499e+02 3.74067724e-01 5.74062650e-02
 3.55382512e-01 1.12124583e-01]
- function call summary
ssd =  7918.73318254404  sigmas =  [[0.0057601  0.00582968]
 [0.06459145 0.06722792]
 [0.00826416 0.01297212]]
pars =  [2.94403590e-01 3.50783954e-02 7.56817998e-01 1.70319385e-01
 9.38743182e-02 1.35825333e+02 3.64408396e-01 5.45718031e-02
 3.53416875e-01 1.12841654e-01]
- function call summary
ssd =  7916.523591655568  sigmas =  [[0.0058775  0.00589646]
 [0.06579765 0.06835456]
 [0.00843496 0.01329727]]
pars =  [2.98835800e-01 2.90155737e-02 7.66450722e-01 1.72099442e-01
 9.30433288e-02 1.27753169e+02 3.49887298e-01 4.73328019e-02
 3.59214564e-01 1.15537970e-01]
- function call summary
ssd =  7915.39698836724  sigmas =  [[0.00687274 0.00703492]
 [0.07533392 0.07818964]
 [0.00998192 0.01557218]]
pars =  [3.32016768e-01 2.77590753e-02 7.58811286e-01 1.72534205e-01
 1.07804368e-01 1.16616916e+02 3.46916403e-01 4.19585164e-02
 3.88711665e-01 1.14694465e-01]
- function call summary
ssd =  7914.707224375259  sigmas =  [[0.00721217 0.00741692]
 [0.07863316 0.08176477]
 [0.01053717 0.01639429]]
pars =  [3.41441192e-01 2.77320174e-02 7.57152527e-01 1.80141085e-01
 1.05981232e-01 1.18405439e+02 3.51148202e-01 4.12030315e-02
 3.82923655e-01 1.16130458e-01]
- function call summary
ssd =  7914.533634739029  sigmas =  [[0.00706703 0.00719068]
 [0.07744033 0.08054559]
 [0.01033748 0.01614694]]
pars =  [3.36947354e-01 2.68537154e-02 7.66606379e-01 1.87898186e-01
 9.87373628e-02 1.12297887e+02 3.37329084e-01 4.03324287e-02
 3.82905669e-01 1.12815257e-01]
- function call summary
ssd =  7914.615275924249  sigmas =  [[0.0070459  0.00716325]
 [0.07719833 0.08032374]
 [0.0103076  0.01610267]]
pars =  [3.36858727e-01 2.68898429e-02 7.67599135e-01 1.88453577e-01
 9.85400603e-02 1.11259671e+02 3.38283344e-01 4.06082007e-02
 3.87749127e-01 1.15801695e-01]
- function call summary
ssd =  7913.95799685768  sigmas =  [[0.00687187 0.00695644]
 [0.07563784 0.0787175 ]
 [0.01002683 0.01570121]]
pars =  [3.31532888e-01 2.63162861e-02 7.69878123e-01 1.88050610e-01
 9.94720893e-02 1.17153068e+02 3.33307163e-01 3.95502522e-02
 3.84700011e-01 1.15844345e-01]
- function call summary
ssd =  7914.316223382293  sigmas =  [[0.00691683 0.00701072]
 [0.0759263  0.07904047]
 [0.01008553 0.0157921 ]]
pars =  [3.32976026e-01 2.57337092e-02 7.68704898e-01 1.82778344e-01
 9.70754800e-02 1.16038268e+02 3.45807485e-01 3.88070310e-02
 3.81925467e-01 1.17801994e-01]
- function call summary
ssd =  7913.866340056036  sigmas =  [[0.00682368 0.00689195]
 [0.07514278 0.07835354]
 [0.0099668  0.01561608]]
pars =  [3.30500864e-01 2.61010769e-02 7.72375995e-01 1.89934101e-01
 1.00468426e-01 1.17187654e+02 3.40118834e-01 3.97881362e-02
 3.87154596e-01 1.14914726e-01]
- function call summary
ssd =  7914.517346218637  sigmas =  [[0.00666569 0.00674421]
 [0.07341162 0.07637496]
 [0.00968606 0.01517402]]
pars =  [3.25881466e-01 2.56917667e-02 7.68491070e-01 1.90980055e-01
 1.00355375e-01 1.16696006e+02 3.40130456e-01 4.00117911e-02
 3.88394694e-01 1.15187118e-01]
- function call summary
ssd =  7914.479888874611  sigmas =  [[0.00667588 0.0067334 ]
 [0.07364655 0.0767253 ]
 [0.00972856 0.01525227]]
pars =  [3.25982804e-01 2.64380505e-02 7.71918532e-01 1.91267628e-01
 1.01229663e-01 1.16014556e+02 3.41868112e-01 3.90047480e-02
 3.84898255e-01 1.15112925e-01]
- function call summary
ssd =  7913.625356045471  sigmas =  [[0.0069167  0.00698184]
 [0.07611761 0.07945985]
 [0.01011949 0.01585618]]
pars =  [3.32684519e-01 2.58190890e-02 7.73300353e-01 1.88277098e-01
 1.01402553e-01 1.16026324e+02 3.38494597e-01 4.00282611e-02
 3.79483962e-01 1.16161847e-01]
- function call summary
ssd =  7913.775215999354  sigmas =  [[0.00700221 0.00707069]
 [0.07695728 0.08026085]
 [0.01025291 0.01607077]]
pars =  [3.35544146e-01 2.56027604e-02 7.74148816e-01 1.84360002e-01
 1.01565629e-01 1.14807021e+02 3.37799999e-01 3.97322416e-02
 3.84984768e-01 1.16866961e-01]
- function call summary
ssd =  7913.797520995937  sigmas =  [[0.00694311 0.00698681]
 [0.07643886 0.07965694]
 [0.01017773 0.01596121]]
pars =  [3.33453100e-01 2.54150467e-02 7.76665690e-01 1.90381731e-01
 1.00142681e-01 1.15925432e+02 3.36453217e-01 3.96680365e-02
 3.79565308e-01 1.16292672e-01]
- function call summary
ssd =  7913.696972940139  sigmas =  [[0.00695586 0.00702446]
 [0.07654219 0.07994289]
 [0.01017597 0.01594754]]
pars =  [3.33293369e-01 2.59414146e-02 7.72500967e-01 1.88138344e-01
 1.00242769e-01 1.17371143e+02 3.37688822e-01 4.05884081e-02
 3.72027327e-01 1.17452444e-01]
- function call summary
ssd =  7914.13540159296  sigmas =  [[0.00698443 0.00706355]
 [0.07667812 0.07995181]
 [0.01021621 0.01599936]]
pars =  [3.35037052e-01 2.53760040e-02 7.72249473e-01 1.89744961e-01
 1.01833682e-01 1.16887098e+02 3.36242617e-01 3.94809990e-02
 3.85809266e-01 1.16300263e-01]
- function call summary
ssd =  7914.1998639940775  sigmas =  [[0.00675512 0.0067948 ]
 [0.07460674 0.07762876]
 [0.00986798 0.01548728]]
pars =  [3.27746797e-01 2.59304714e-02 7.74986614e-01 1.86903059e-01
 9.93107405e-02 1.15834777e+02 3.37490230e-01 4.02226765e-02
 3.77172403e-01 1.14839161e-01]
- function call summary
ssd =  7913.777696067059  sigmas =  [[0.00688303 0.00693971]
 [0.07582528 0.07904556]
 [0.01006667 0.01578116]]
pars =  [3.31597432e-01 2.56312727e-02 7.74055619e-01 1.87872550e-01
 1.03759679e-01 1.15841588e+02 3.34949347e-01 3.95575502e-02
 3.79788283e-01 1.14712914e-01]
- function call summary
ssd =  7913.919951379523  sigmas =  [[0.00712313 0.00720089]
 [0.07812029 0.08150136]
 [0.01045406 0.01636556]]
pars =  [3.38342883e-01 2.60291559e-02 7.73391942e-01 1.90025552e-01
 1.03443890e-01 1.14648391e+02 3.37782816e-01 4.01093430e-02
 3.77112372e-01 1.16369191e-01]
- function call summary
ssd =  7913.510241174852  sigmas =  [[0.00692629 0.00699417]
 [0.07620256 0.0795242 ]
 [0.01013434 0.01587984]]
pars =  [3.33151895e-01 2.56765130e-02 7.73460402e-01 1.89204677e-01
 1.00483720e-01 1.14008761e+02 3.36863719e-01 3.96304785e-02
 3.83694770e-01 1.14058911e-01]
- function call summary
ssd =  7913.567320850281  sigmas =  [[0.00711598 0.00719446]
 [0.07802198 0.08141033]
 [0.01043946 0.01634728]]
pars =  [3.38586884e-01 2.55918201e-02 7.73852318e-01 1.89111091e-01
 1.00483378e-01 1.12511292e+02 3.37667459e-01 3.87106979e-02
 3.84900000e-01 1.13757195e-01]
- function call summary
ssd =  7913.442486454249  sigmas =  [[0.0069151  0.00698202]
 [0.07607897 0.07936881]
 [0.01010751 0.0158399 ]]
pars =  [3.32578157e-01 2.50713584e-02 7.72947677e-01 1.87787410e-01
 1.00022667e-01 1.13214078e+02 3.35808128e-01 3.90323489e-02
 3.80461524e-01 1.14362999e-01]
- function call summary
ssd =  7913.627983759076  sigmas =  [[0.00691993 0.00697585]
 [0.07615559 0.07932567]
 [0.01012148 0.01586816]]
pars =  [3.32815094e-01 2.47846338e-02 7.74599980e-01 1.88785906e-01
 1.01080401e-01 1.11007092e+02 3.31370293e-01 3.88676031e-02
 3.82335540e-01 1.15248905e-01]
- function call summary
ssd =  7913.670584140951  sigmas =  [[0.00702007 0.00709806]
 [0.07706636 0.08034407]
 [0.01027165 0.01608495]]
pars =  [3.35495368e-01 2.48279000e-02 7.72140778e-01 1.92017100e-01
 9.89858618e-02 1.12979969e+02 3.35189038e-01 3.85662128e-02
 3.78694445e-01 1.15220688e-01]
- function call summary
ssd =  7913.321389376041  sigmas =  [[0.00703321 0.00710198]
 [0.07722566 0.0806399 ]
 [0.01029933 0.01614208]]
pars =  [3.35725876e-01 2.48056303e-02 7.73667401e-01 1.88522763e-01
 1.00749989e-01 1.14027506e+02 3.39086200e-01 3.96774116e-02
 3.76997529e-01 1.12597877e-01]
- function call summary
ssd =  7913.993261968109  sigmas =  [[0.00702901 0.00711287]
 [0.0771099  0.08045094]
 [0.01028688 0.01611024]]
pars =  [3.35571105e-01 2.51542239e-02 7.71474648e-01 1.88147229e-01
 1.01256512e-01 1.15043592e+02 3.41835035e-01 4.05405528e-02
 3.75332304e-01 1.13106907e-01]
- function call summary
ssd =  7913.427652298562  sigmas =  [[0.0069393  0.0069795 ]
 [0.0764185  0.07951747]
 [0.01017048 0.01595945]]
pars =  [3.33183163e-01 2.45997797e-02 7.77291222e-01 1.89942884e-01
 9.93404518e-02 1.13845701e+02 3.36535360e-01 3.94263363e-02
 3.79187993e-01 1.11607167e-01]
- function call summary
ssd =  7913.353846656712  sigmas =  [[0.00710762 0.00717594]
 [0.07796062 0.08144042]
 [0.01042495 0.01633599]]
pars =  [3.37833464e-01 2.44680264e-02 7.74789211e-01 1.88529729e-01
 1.01880434e-01 1.12865340e+02 3.38143116e-01 3.89103270e-02
 3.77564101e-01 1.11282454e-01]
- function call summary
ssd =  7913.350036160617  sigmas =  [[0.0070086  0.0070601 ]
 [0.07704401 0.0804019 ]
 [0.01027025 0.01610606]]
pars =  [3.34984805e-01 2.43083373e-02 7.75921151e-01 1.88239401e-01
 1.01342069e-01 1.15508683e+02 3.37489723e-01 3.93971643e-02
 3.75304719e-01 1.13980941e-01]
- function call summary
ssd =  7913.471756950491  sigmas =  [[0.00711422 0.00718289]
 [0.0780454  0.08156174]
 [0.01042823 0.01634137]]
pars =  [3.37571791e-01 2.44297233e-02 7.73976543e-01 1.88744051e-01
 9.93510712e-02 1.13430232e+02 3.34544981e-01 3.96089466e-02
 3.71365701e-01 1.13862108e-01]
- function call summary
ssd =  7913.2765397940675  sigmas =  [[0.00704945 0.00710512]
 [0.077449   0.08087487]
 [0.01034518 0.01621459]]
pars =  [3.36146846e-01 2.47741830e-02 7.75964891e-01 1.91459381e-01
 1.02646418e-01 1.13244167e+02 3.35575270e-01 3.99369206e-02
 3.77213420e-01 1.11694538e-01]
- function call summary
ssd =  7913.537022401706  sigmas =  [[0.00699267 0.0070407 ]
 [0.07684665 0.08011891]
 [0.01025827 0.01608627]]
pars =  [3.34911096e-01 2.43341266e-02 7.77083727e-01 1.92115019e-01
 1.02544135e-01 1.11191919e+02 3.40034157e-01 3.96525706e-02
 3.80383067e-01 1.11379070e-01]
- function call summary
ssd =  7913.43940763233  sigmas =  [[0.00698799 0.00703927]
 [0.07686403 0.08016184]
 [0.01025002 0.01606844]]
pars =  [3.33841838e-01 2.47247581e-02 7.75625169e-01 1.93293043e-01
 1.02358255e-01 1.13448663e+02 3.38586200e-01 3.99754417e-02
 3.69436548e-01 1.09609899e-01]
- function call summary
ssd =  7913.178187029871  sigmas =  [[0.00707116 0.00713123]
 [0.07765887 0.08112583]
 [0.01037567 0.01626028]]
pars =  [3.36442526e-01 2.47524795e-02 7.75213173e-01 1.94668613e-01
 1.01248410e-01 1.14137003e+02 3.32316129e-01 3.96315125e-02
 3.75170676e-01 1.09786461e-01]
- function call summary
ssd =  7913.130537908373  sigmas =  [[0.00700953 0.00705383]
 [0.07714441 0.08034768]
 [0.01028758 0.0161369 ]]
pars =  [3.34496932e-01 2.43676741e-02 7.77042708e-01 1.94241580e-01
 1.00713613e-01 1.15667301e+02 3.35440582e-01 3.96950357e-02
 3.71241071e-01 1.08149993e-01]
- function call summary
ssd =  7912.935755398538  sigmas =  [[0.00705591 0.00710291]
 [0.07759538 0.08088178]
 [0.01037519 0.01626898]]
pars =  [3.35857607e-01 2.43146713e-02 7.77766175e-01 1.99690303e-01
 9.85169836e-02 1.17259907e+02 3.36965808e-01 3.98387888e-02
 3.73437945e-01 1.02812683e-01]
- function call summary
ssd =  7913.063259647775  sigmas =  [[0.00727367 0.00737395]
 [0.07950316 0.08295648]
 [0.01073348 0.0167782 ]]
pars =  [3.42821093e-01 2.52064313e-02 7.74661213e-01 2.11032565e-01
 9.30174052e-02 1.18925086e+02 3.41496054e-01 3.98425466e-02
 3.88787263e-01 9.51252338e-02]
- function call summary
ssd =  7912.834811750002  sigmas =  [[0.00702744 0.00707271]
 [0.07733117 0.08060342]
 [0.01032866 0.01619597]]
pars =  [3.34595289e-01 2.40586516e-02 7.77281851e-01 2.02659117e-01
 9.87174145e-02 1.15405928e+02 3.33723207e-01 3.94808002e-02
 3.68503638e-01 1.01987596e-01]
- function call summary
ssd =  7912.696837219498  sigmas =  [[0.00713559 0.00717768]
 [0.07842829 0.081756  ]
 [0.01052288 0.01649597]]
pars =  [3.37653752e-01 2.38550303e-02 7.79504041e-01 2.07900122e-01
 9.93439772e-02 1.15108960e+02 3.29134111e-01 4.00566403e-02
 3.71701675e-01 9.69065948e-02]
- function call summary
ssd =  7912.871864956136  sigmas =  [[0.00707958 0.00712564]
 [0.07781032 0.08116839]
 [0.01043245 0.01635076]]
pars =  [3.35690427e-01 2.38871820e-02 7.78089870e-01 2.15123518e-01
 9.60748527e-02 1.18178979e+02 3.33082115e-01 3.99092967e-02
 3.66410633e-01 9.44418411e-02]
- function call summary
ssd =  7912.7331627684825  sigmas =  [[0.00710756 0.00712512]
 [0.07819817 0.08170124]
 [0.01048921 0.01646233]]
pars =  [3.36928509e-01 2.35191663e-02 7.82817647e-01 2.06523960e-01
 9.82124019e-02 1.15933431e+02 3.25539555e-01 3.97048913e-02
 3.73272316e-01 9.67404497e-02]
- function call summary
ssd =  7912.755674718818  sigmas =  [[0.00719602 0.00724158]
 [0.07896802 0.08249721]
 [0.01061839 0.01665006]]
pars =  [3.39516709e-01 2.36176311e-02 7.80016089e-01 2.05607673e-01
 9.82134654e-02 1.14520771e+02 3.32494274e-01 3.95364406e-02
 3.74047205e-01 9.52596451e-02]
- function call summary
ssd =  7912.377036907412  sigmas =  [[0.00730853 0.00734857]
 [0.080216   0.08385321]
 [0.01081304 0.01695443]]
pars =  [3.41828540e-01 2.36526295e-02 7.81118737e-01 2.05827781e-01
 9.96768592e-02 1.14833297e+02 3.28454749e-01 4.02385063e-02
 3.63171611e-01 9.63481622e-02]
- function call summary
ssd =  7912.583762545397  sigmas =  [[0.00727425 0.00730314]
 [0.07988976 0.08344193]
 [0.01075685 0.01687059]]
pars =  [3.40632298e-01 2.32696307e-02 7.81779876e-01 2.07803654e-01
 9.78755567e-02 1.14269085e+02 3.23582918e-01 4.03888182e-02
 3.61326546e-01 9.58999109e-02]
- function call summary
ssd =  7912.479868139415  sigmas =  [[0.00749728 0.00755653]
 [0.08198536 0.0857477 ]
 [0.01111423 0.01740829]]
pars =  [3.47079521e-01 2.31830953e-02 7.80726018e-01 2.07413211e-01
 1.00886920e-01 1.14374274e+02 3.28191320e-01 3.97587955e-02
 3.64881006e-01 9.63663589e-02]
- function call summary
ssd =  7911.998828586115  sigmas =  [[0.00738225 0.0074114 ]
 [0.08107584 0.08469749]
 [0.01095298 0.01717187]]
pars =  [3.43580851e-01 2.36749574e-02 7.83301733e-01 2.09082077e-01
 1.00508452e-01 1.15283015e+02 3.26172802e-01 3.95610360e-02
 3.60143404e-01 9.53983565e-02]
- function call summary
ssd =  7912.175348605818  sigmas =  [[0.00732958 0.00734165]
 [0.08060989 0.0842618 ]
 [0.01087803 0.01706855]]
pars =  [3.41811204e-01 2.32740075e-02 7.84996482e-01 2.09683222e-01
 1.01588785e-01 1.16091554e+02 3.24175596e-01 3.96021598e-02
 3.55766954e-01 9.39064411e-02]
- function call summary
ssd =  7911.7715640978395  sigmas =  [[0.00767677 0.0077446 ]
 [0.08391343 0.08777744]
 [0.01142566 0.01788492]]
pars =  [3.51210539e-01 2.36290037e-02 7.81367404e-01 2.09549714e-01
 1.00805561e-01 1.16174387e+02 3.23303466e-01 3.95625600e-02
 3.59006265e-01 9.39003529e-02]
- function call summary
ssd =  7911.422687331131  sigmas =  [[0.00777083 0.00784406]
 [0.08487687 0.08886962]
 [0.01159256 0.01813656]]
pars =  [3.53735841e-01 2.39448406e-02 7.82060317e-01 2.13086797e-01
 9.93703496e-02 1.16093793e+02 3.21539140e-01 3.93990874e-02
 3.61090496e-01 9.25310493e-02]
- function call summary
ssd =  7911.146738419917  sigmas =  [[0.00789359 0.00798087]
 [0.08609055 0.09019963]
 [0.01180992 0.01846661]]
pars =  [3.56728841e-01 2.42214299e-02 7.81930740e-01 2.19805969e-01
 9.71974563e-02 1.18065989e+02 3.19739085e-01 3.93843329e-02
 3.61216015e-01 8.83522915e-02]
- function call summary
ssd =  7910.620475505935  sigmas =  [[0.00804327 0.00812217]
 [0.08770686 0.09188288]
 [0.0120855  0.01889171]]
pars =  [3.60076339e-01 2.38410192e-02 7.84720372e-01 2.26450300e-01
 9.71434977e-02 1.18739613e+02 3.13375304e-01 3.94651365e-02
 3.57439949e-01 8.44310316e-02]
- function call summary
ssd =  7909.502502197817  sigmas =  [[0.00842638 0.00849158]
 [0.09182546 0.09625953]
 [0.01278675 0.01997797]]
pars =  [3.69047276e-01 2.33198262e-02 7.90984269e-01 2.35650182e-01
 1.02059109e-01 1.17228845e+02 2.98181738e-01 4.03122890e-02
 3.55239040e-01 7.77553818e-02]
- function call summary
ssd =  7907.500631758052  sigmas =  [[0.00931415 0.00936814]
 [0.10120203 0.10620564]
 [0.01440908 0.02248652]]
pars =  [3.87732044e-01 2.20371741e-02 8.01505929e-01 2.62042246e-01
 1.08526487e-01 1.17818821e+02 2.72750795e-01 4.09043617e-02
 3.37805860e-01 6.53693651e-02]
- function call summary
ssd =  7906.819814547662  sigmas =  [[0.01081673 0.01089558]
 [0.11640421 0.1221053 ]
 [0.01722297 0.02680675]]
pars =  [4.18267313e-01 2.13455794e-02 8.17001283e-01 3.17027978e-01
 9.83024832e-02 1.33484485e+02 2.61072222e-01 4.33904221e-02
 3.36118561e-01 4.28218805e-02]
- function call summary
ssd =  7907.108737334023  sigmas =  [[0.01092953 0.01109776]
 [0.11686789 0.1224217 ]
 [0.01731018 0.02688782]]
pars =  [4.19425909e-01 2.00013209e-02 8.07178326e-01 3.07838631e-01
 9.76110886e-02 1.27314427e+02 2.65668325e-01 4.36921068e-02
 3.28199522e-01 4.07288159e-02]
- function call summary
ssd =  7905.914568757511  sigmas =  [[0.01243366 0.01272886]
 [0.13154801 0.13837859]
 [0.02008363 0.03102186]]
pars =  [4.46017994e-01 2.12455918e-02 8.11347235e-01 3.47527238e-01
 1.06022078e-01 1.15285541e+02 2.30378768e-01 4.19942385e-02
 3.35670105e-01 3.91977632e-02]
- function call summary
ssd =  7906.202624301433  sigmas =  [[0.01191521 0.0121571 ]
 [0.12652522 0.13305752]
 [0.0191633  0.02962764]]
pars =  [4.37350522e-01 2.15593366e-02 8.11462290e-01 3.51146594e-01
 1.08971651e-01 1.15133294e+02 2.38712071e-01 4.06878230e-02
 3.35391551e-01 3.84386173e-02]
- function call summary
ssd =  7905.373793464608  sigmas =  [[0.01259355 0.01283063]
 [0.1336992  0.14061844]
 [0.02045839 0.03166176]]
pars =  [4.47745477e-01 1.98952377e-02 8.18448932e-01 3.52907636e-01
 1.08276812e-01 1.17429362e+02 2.41054340e-01 4.18938775e-02
 3.09161904e-01 3.89471133e-02]
- function call summary
ssd =  7905.651704696374  sigmas =  [[0.01206985 0.01224935]
 [0.12854075 0.13540262]
 [0.01950495 0.03022   ]]
pars =  [4.38630865e-01 1.99935378e-02 8.17731462e-01 3.57989980e-01
 1.07944258e-01 1.16847557e+02 2.40834148e-01 4.25408078e-02
 3.06407594e-01 3.90015549e-02]
- function call summary
ssd =  7905.444849435784  sigmas =  [[0.01189432 0.01205665]
 [0.12698021 0.13380388]
 [0.01916143 0.02971704]]
pars =  [4.35200494e-01 1.98784852e-02 8.16732080e-01 3.47185192e-01
 1.10206878e-01 1.21810802e+02 2.33881174e-01 4.18188369e-02
 3.06469205e-01 3.83328532e-02]
- function call summary
ssd =  7905.332131951032  sigmas =  [[0.01215924 0.01233318]
 [0.12951216 0.13636517]
 [0.01967268 0.03049851]]
pars =  [4.40738753e-01 1.95383486e-02 8.20032532e-01 3.53141899e-01
 1.07563764e-01 1.16691423e+02 2.40137600e-01 4.15345038e-02
 3.13119916e-01 3.88976998e-02]
- function call summary
ssd =  7905.647629560912  sigmas =  [[0.01219973 0.01238716]
 [0.12972571 0.13641908]
 [0.01973555 0.03057452]]
pars =  [4.41772817e-01 1.95538776e-02 8.19400028e-01 3.55416677e-01
 1.09457578e-01 1.17911489e+02 2.40139622e-01 4.21760976e-02
 3.18689449e-01 3.88361891e-02]
- function call summary
ssd =  7905.977914543857  sigmas =  [[0.01210799 0.01225018]
 [0.12923608 0.13608228]
 [0.01961557 0.03045707]]
pars =  [4.40066077e-01 1.97051499e-02 8.23185710e-01 3.48669338e-01
 1.07648032e-01 1.16188548e+02 2.40137475e-01 4.20852460e-02
 3.12943083e-01 3.84503659e-02]
- function call summary
ssd =  7905.492872712753  sigmas =  [[0.01217957 0.01236466]
 [0.12966728 0.13636918]
 [0.01970244 0.0305265 ]]
pars =  [4.40877208e-01 1.99474248e-02 8.18699764e-01 3.56478172e-01
 1.07281809e-01 1.18239076e+02 2.36507529e-01 4.14414489e-02
 3.13102982e-01 3.87730048e-02]
- function call summary
ssd =  7905.564894333709  sigmas =  [[0.01225246 0.01242629]
 [0.13050067 0.13753955]
 [0.0198562  0.03078593]]
pars =  [4.42182048e-01 1.95020563e-02 8.21063348e-01 3.55097223e-01
 1.09548895e-01 1.15160610e+02 2.35823152e-01 4.13940449e-02
 3.10829684e-01 3.91124150e-02]
- function call summary
ssd =  7905.25263099301  sigmas =  [[0.01213596 0.0123315 ]
 [0.1291749  0.13569245]
 [0.01959624 0.03035901]]
pars =  [4.40209737e-01 1.95718556e-02 8.17177790e-01 3.46257703e-01
 1.08747829e-01 1.15692957e+02 2.39672897e-01 4.17277273e-02
 3.14826201e-01 3.87389773e-02]
- function call summary
ssd =  7905.558573019898  sigmas =  [[0.01194645 0.01210898]
 [0.12741522 0.1340936 ]
 [0.01926516 0.02987435]]
pars =  [4.36816321e-01 1.95205569e-02 8.18225942e-01 3.43995680e-01
 1.09043695e-01 1.17604740e+02 2.42135926e-01 4.17488312e-02
 3.10944372e-01 3.94522967e-02]
- function call summary
ssd =  7905.511564166361  sigmas =  [[0.01234619 0.01258589]
 [0.13105017 0.13774692]
 [0.0199628  0.03088627]]
pars =  [4.43490981e-01 1.96053983e-02 8.14973780e-01 3.46677239e-01
 1.08605553e-01 1.14180760e+02 2.41362074e-01 4.20281019e-02
 3.10932926e-01 3.94395208e-02]
- function call summary
ssd =  7905.126161045689  sigmas =  [[0.01243358 0.0126637 ]
 [0.1320554  0.13876029]
 [0.02014204 0.03117758]]
pars =  [4.45249080e-01 1.94122053e-02 8.17549418e-01 3.51444181e-01
 1.07546101e-01 1.16054191e+02 2.39273409e-01 4.18607155e-02
 3.13777781e-01 3.79297246e-02]
- function call summary
ssd =  7905.191732718249  sigmas =  [[0.01252546 0.01276196]
 [0.1328758  0.13968925]
 [0.02032503 0.03145805]]
pars =  [4.47135060e-01 1.95410444e-02 8.18479386e-01 3.55485160e-01
 1.05987759e-01 1.16103301e+02 2.43090900e-01 4.15589142e-02
 3.16619724e-01 3.73997013e-02]
- function call summary
ssd =  7905.343339829315  sigmas =  [[0.01219758 0.01239582]
 [0.12973211 0.13641898]
 [0.01971958 0.03053737]]
pars =  [4.40891638e-01 1.95876676e-02 8.17340595e-01 3.58532329e-01
 1.08173092e-01 1.16931371e+02 2.38291009e-01 4.17545980e-02
 3.09694795e-01 3.74485081e-02]
- function call summary
ssd =  7905.0684172633055  sigmas =  [[0.01245139 0.01267371]
 [0.13230917 0.13903468]
 [0.02018333 0.03125795]]
pars =  [4.45465802e-01 1.92790616e-02 8.18419524e-01 3.53244029e-01
 1.05068035e-01 1.18065154e+02 2.39151008e-01 4.20645354e-02
 3.11566176e-01 3.78330696e-02]
- function call summary
ssd =  7905.400656810902  sigmas =  [[0.01267358 0.01291511]
 [0.13435709 0.14127645]
 [0.0206051  0.03188394]]
pars =  [4.49446984e-01 1.90447702e-02 8.19491817e-01 3.56814233e-01
 1.05081846e-01 1.15356853e+02 2.39702766e-01 4.17868428e-02
 3.13724130e-01 3.77176240e-02]
- function call summary
ssd =  7905.461702960784  sigmas =  [[0.01274587 0.01299375]
 [0.13516816 0.14214898]
 [0.02073415 0.03209131]]
pars =  [4.50328150e-01 1.92170460e-02 8.19314656e-01 3.53271866e-01
 1.05838610e-01 1.18599778e+02 2.35778827e-01 4.23535566e-02
 3.11563136e-01 3.69642207e-02]
- function call summary
ssd =  7905.254539531601  sigmas =  [[0.01214469 0.0123374 ]
 [0.12928438 0.13585497]
 [0.01961494 0.03039443]]
pars =  [4.40075547e-01 1.94213759e-02 8.17254155e-01 3.50495426e-01
 1.03948720e-01 1.20637933e+02 2.41416002e-01 4.22114355e-02
 3.10114279e-01 3.78249082e-02]
- function call summary
ssd =  7905.374616228551  sigmas =  [[0.01245234 0.01268623]
 [0.13221226 0.13888547]
 [0.02017266 0.03122858]]
pars =  [4.45755660e-01 1.93574749e-02 8.17448284e-01 3.47021131e-01
 1.03872607e-01 1.18322674e+02 2.41037781e-01 4.24078040e-02
 3.15910251e-01 3.83668058e-02]
- function call summary
ssd =  7905.294774739379  sigmas =  [[0.0123429  0.01254225]
 [0.1313382  0.1381138 ]
 [0.01999052 0.03097696]]
pars =  [4.43111608e-01 1.91781750e-02 8.18527397e-01 3.53550223e-01
 1.06079013e-01 1.18790344e+02 2.36155845e-01 4.20765186e-02
 3.04737527e-01 3.83591368e-02]
- function call summary
ssd =  7905.255595658465  sigmas =  [[0.01237228 0.01257421]
 [0.13157081 0.13835572]
 [0.02004954 0.0310731 ]]
pars =  [4.43971824e-01 1.88838201e-02 8.19384141e-01 3.54382644e-01
 1.05148383e-01 1.18410810e+02 2.42120758e-01 4.21662348e-02
 3.06734597e-01 3.74170735e-02]
- function call summary
ssd =  7905.516585784435  sigmas =  [[0.01242742 0.01266831]
 [0.13185376 0.13857001]
 [0.02012517 0.03114065]]
pars =  [4.45196480e-01 1.96709122e-02 8.16393440e-01 3.53297827e-01
 1.04852457e-01 1.18120833e+02 2.40314995e-01 4.19249347e-02
 3.15828215e-01 3.72841543e-02]
- function call summary
ssd =  7905.215978899176  sigmas =  [[0.01226829 0.01246448]
 [0.1305681  0.13723577]
 [0.0198465  0.03075157]]
pars =  [4.42164795e-01 1.93584654e-02 8.18236395e-01 3.48927062e-01
 1.06846886e-01 1.20286384e+02 2.36939222e-01 4.18805509e-02
 3.10863960e-01 3.75364124e-02]
- function call summary
ssd =  7905.343782823399  sigmas =  [[0.01249174 0.01270895]
 [0.13273561 0.13951406]
 [0.0202807  0.03142203]]
pars =  [4.46431158e-01 1.91931382e-02 8.20158585e-01 3.54997260e-01
 1.04142680e-01 1.19383597e+02 2.44578605e-01 4.18387739e-02
 3.11285414e-01 3.74479150e-02]
- function call summary
ssd =  7905.421385385964  sigmas =  [[0.01216888 0.01234272]
 [0.1295917  0.13644886]
 [0.01968465 0.03051853]]
pars =  [4.40595945e-01 1.92166023e-02 8.19654542e-01 3.56755114e-01
 1.03762295e-01 1.19600639e+02 2.36355466e-01 4.19338026e-02
 3.10973729e-01 3.72357433e-02]
- function call summary
ssd =  7905.460249787404  sigmas =  [[0.01213409 0.01231855]
 [0.12918321 0.13580136]
 [0.01960735 0.0303862 ]]
pars =  [4.39980282e-01 1.93761140e-02 8.18101622e-01 3.51489705e-01
 1.06015733e-01 1.18089653e+02 2.39646337e-01 4.24003707e-02
 3.10665385e-01 3.82501805e-02]
- function call summary
ssd =  7905.054557931341  sigmas =  [[0.0128203  0.01309208]
 [0.13572246 0.142634  ]
 [0.02084305 0.0322291 ]]
pars =  [4.51268942e-01 1.91558293e-02 8.17035319e-01 3.55658391e-01
 1.03281092e-01 1.17542066e+02 2.38419824e-01 4.15984802e-02
 3.09397010e-01 3.73161945e-02]
- function call summary
ssd =  7905.157108780432  sigmas =  [[0.01268843 0.01294867]
 [0.13450017 0.14122771]
 [0.02059039 0.03186173]]
pars =  [4.48894035e-01 1.89924051e-02 8.16374306e-01 3.51270208e-01
 1.02674407e-01 1.19980627e+02 2.39974213e-01 4.15203230e-02
 3.06152397e-01 3.77582126e-02]
- function call summary
ssd =  7904.856188074394  sigmas =  [[0.013019   0.01333591]
 [0.13735212 0.14453691]
 [0.02116865 0.0326938 ]]
pars =  [4.54490337e-01 1.89796181e-02 8.14582717e-01 3.62772676e-01
 1.03329993e-01 1.19004076e+02 2.38000616e-01 4.18348760e-02
 3.11452675e-01 3.73233569e-02]
- function call summary
ssd =  7905.229398913812  sigmas =  [[0.01298069 0.01329189]
 [0.13697136 0.14406155]
 [0.02111216 0.03260587]]
pars =  [4.53427721e-01 1.90412670e-02 8.14422706e-01 3.69213105e-01
 1.02249658e-01 1.19082755e+02 2.37871026e-01 4.19473632e-02
 3.05014656e-01 3.68761407e-02]
- function call summary
ssd =  7904.810135366888  sigmas =  [[0.01334442 0.01372378]
 [0.14017093 0.1474639 ]
 [0.0217208  0.03351058]]
pars =  [4.59502571e-01 1.87958724e-02 8.11478423e-01 3.63141713e-01
 1.01726878e-01 1.19516674e+02 2.37216108e-01 4.16429120e-02
 3.12874390e-01 3.69951186e-02]
- function call summary
ssd =  7904.689191449192  sigmas =  [[0.01315763 0.01352968]
 [0.13834978 0.14588845]
 [0.02136736 0.03297211]]
pars =  [4.56483843e-01 1.87844778e-02 8.10285107e-01 3.62027326e-01
 9.87846354e-02 1.19824898e+02 2.37744832e-01 4.18875864e-02
 3.12710956e-01 3.69090992e-02]
- function call summary
ssd =  7904.901564717233  sigmas =  [[0.01300799 0.01337108]
 [0.13682815 0.14410275]
 [0.02107172 0.03252528]]
pars =  [4.53908700e-01 1.86101267e-02 8.08743771e-01 3.61405631e-01
 9.65845835e-02 1.21463484e+02 2.38139526e-01 4.21846574e-02
 3.11465208e-01 3.66634558e-02]
- function call summary
ssd =  7904.977354909342  sigmas =  [[0.01295526 0.01329338]
 [0.13647618 0.14365887]
 [0.02101471 0.03243667]]
pars =  [4.53405558e-01 1.86062034e-02 8.11628817e-01 3.65194544e-01
 9.74746960e-02 1.20430361e+02 2.33930085e-01 4.15151879e-02
 3.15158631e-01 3.64881149e-02]
- function call summary
ssd =  7905.073958534005  sigmas =  [[0.01358715 0.0140249 ]
 [0.14219551 0.15043406]
 [0.0221209  0.03409831]]
pars =  [4.63212569e-01 1.89068316e-02 8.08622174e-01 3.65552413e-01
 9.79048559e-02 1.18198202e+02 2.35962805e-01 4.13637405e-02
 3.15060961e-01 3.70845808e-02]
- function call summary
ssd =  7905.007287250278  sigmas =  [[0.01349023 0.01388863]
 [0.14148995 0.14893646]
 [0.0219706  0.03389354]]
pars =  [4.61586029e-01 1.83752309e-02 8.11043287e-01 3.61103751e-01
 9.83372065e-02 1.18967828e+02 2.38963336e-01 4.21348660e-02
 3.09954827e-01 3.64228917e-02]
- function call summary
ssd =  7905.0164439437685  sigmas =  [[0.01306984 0.01343866]
 [0.1373015  0.14471371]
 [0.02119789 0.03270262]]
pars =  [4.55189191e-01 1.86716736e-02 8.09417627e-01 3.65756424e-01
 9.91069063e-02 1.18253629e+02 2.38691980e-01 4.16527767e-02
 3.14935862e-01 3.60434986e-02]
- function call summary
ssd =  7904.875642147414  sigmas =  [[0.01319456 0.0135759 ]
 [0.13852371 0.14615717]
 [0.02143057 0.03305345]]
pars =  [4.56860607e-01 1.86778155e-02 8.09511775e-01 3.70333229e-01
 9.73348972e-02 1.18650664e+02 2.39090525e-01 4.19109190e-02
 3.09508559e-01 3.68910703e-02]
- function call summary
ssd =  7905.49955623408  sigmas =  [[0.01332053 0.0137214 ]
 [0.13961428 0.14724857]
 [0.02163352 0.03336312]]
pars =  [4.58930314e-01 1.85090326e-02 8.08572938e-01 3.67422613e-01
 9.72880699e-02 1.20441567e+02 2.34884425e-01 4.21094252e-02
 3.13052953e-01 3.68454232e-02]
- function call summary
ssd =  7905.054337698997  sigmas =  [[0.01360967 0.01404355]
 [0.14245707 0.15065749]
 [0.02217018 0.03418649]]
pars =  [4.63718774e-01 1.88126827e-02 8.09594465e-01 3.63534936e-01
 9.80066728e-02 1.21512833e+02 2.41075447e-01 4.14789103e-02
 3.14929761e-01 3.64718352e-02]
- function call summary
ssd =  7905.187392858428  sigmas =  [[0.01287679 0.01321587]
 [0.13562336 0.14272092]
 [0.02085445 0.03219446]]
pars =  [4.51785110e-01 1.86390568e-02 8.09875224e-01 3.62255528e-01
 9.78310707e-02 1.19579793e+02 2.40960875e-01 4.10201423e-02
 3.09462555e-01 3.67210684e-02]
- function call summary
ssd =  7904.6852402978475  sigmas =  [[0.01305787 0.01341168]
 [0.1375139  0.14469656]
 [0.02119208 0.03271622]]
pars =  [4.55174694e-01 1.88287541e-02 8.11273215e-01 3.56324212e-01
 9.93036191e-02 1.19233580e+02 2.37662186e-01 4.23773674e-02
 3.15541337e-01 3.77013304e-02]
- function call summary
ssd =  7905.537673231243  sigmas =  [[0.01267924 0.01297101]
 [0.13396941 0.14069187]
 [0.02053242 0.03173954]]
pars =  [4.49323495e-01 1.88552390e-02 8.13634142e-01 3.53803071e-01
 9.85703389e-02 1.20407811e+02 2.42286275e-01 4.25058452e-02
 3.16284842e-01 3.74956137e-02]
- function call summary
ssd =  7904.503810222132  sigmas =  [[0.01339149 0.01376231]
 [0.14089679 0.14815804]
 [0.02182622 0.03369109]]
pars =  [4.60445469e-01 1.89683783e-02 8.13250458e-01 3.52343927e-01
 1.00449766e-01 1.19799602e+02 2.35338127e-01 4.30197744e-02
 3.15018044e-01 3.73973283e-02]
- function call summary
ssd =  7904.307644692649  sigmas =  [[0.01324344 0.01360329]
 [0.13950233 0.14688756]
 [0.0215349  0.03324981]]
pars =  [4.57937232e-01 1.89875728e-02 8.12108990e-01 3.46457605e-01
 1.02531817e-01 1.19608036e+02 2.33675643e-01 4.27489403e-02
 3.14630355e-01 3.78437040e-02]
- function call summary
ssd =  7904.465150443441  sigmas =  [[0.01312927 0.01347956]
 [0.1383968  0.14564154]
 [0.02133438 0.03293601]]
pars =  [4.56232063e-01 1.90638825e-02 8.12226376e-01 3.46439662e-01
 1.05224750e-01 1.18816972e+02 2.36849179e-01 4.24962313e-02
 3.14472183e-01 3.81444887e-02]
- function call summary
ssd =  7904.498943848992  sigmas =  [[0.01330258 0.01363968]
 [0.14033327 0.14740015]
 [0.02167258 0.03348358]]
pars =  [4.59130337e-01 1.90142527e-02 8.15302751e-01 3.41769462e-01
 1.03297570e-01 1.19930897e+02 2.31274286e-01 4.30848490e-02
 3.16474797e-01 3.82671000e-02]
- function call summary
ssd =  7904.7886596078415  sigmas =  [[0.01289308 0.01320421]
 [0.1363266  0.14313505]
 [0.02091256 0.03231669]]
pars =  [4.52329258e-01 1.90335334e-02 8.13293559e-01 3.45072557e-01
 1.02470195e-01 1.21657497e+02 2.29928155e-01 4.21943403e-02
 3.15215434e-01 3.75325331e-02]
- function call summary
ssd =  7904.846495496271  sigmas =  [[0.01369408 0.01412493]
 [0.1435742  0.15162195]
 [0.02232032 0.03443597]]
pars =  [4.65160931e-01 1.90916616e-02 8.10545607e-01 3.44241192e-01
 1.01644675e-01 1.21326400e+02 2.35764995e-01 4.24035575e-02
 3.18697150e-01 3.80022736e-02]
- function call summary
ssd =  7904.544386817932  sigmas =  [[0.01319996 0.013553  ]
 [0.13913483 0.14634824]
 [0.02146305 0.03313641]]
pars =  [4.56895725e-01 1.90781205e-02 8.11862907e-01 3.46414983e-01
 1.01217457e-01 1.18671014e+02 2.34180440e-01 4.33295434e-02
 3.08984811e-01 3.84511490e-02]
- function call summary
ssd =  7904.612266481049  sigmas =  [[0.0137814  0.01420395]
 [0.14459481 0.15251436]
 [0.02251164 0.03472557]]
pars =  [4.66100818e-01 1.87367969e-02 8.12214761e-01 3.50789893e-01
 1.02117873e-01 1.20193201e+02 2.30914095e-01 4.23757696e-02
 3.11996011e-01 3.81223604e-02]
- function call summary
ssd =  7905.041756163578  sigmas =  [[0.01369781 0.01410646]
 [0.14373846 0.15154277]
 [0.02235875 0.03450134]]
pars =  [4.65223890e-01 1.89038757e-02 8.12812557e-01 3.42435945e-01
 1.03904532e-01 1.18212823e+02 2.31709215e-01 4.28315469e-02
 3.17727817e-01 3.82512881e-02]
- function call summary
ssd =  7904.763003725153  sigmas =  [[0.01320035 0.01357634]
 [0.13888772 0.14632035]
 [0.02142661 0.0330701 ]]
pars =  [4.56905595e-01 1.89738807e-02 8.09415527e-01 3.48762118e-01
 1.01423236e-01 1.21861831e+02 2.33310701e-01 4.30279322e-02
 3.12140126e-01 3.74776435e-02]
- function call summary
ssd =  7905.074583721676  sigmas =  [[0.01285426 0.01314862]
 [0.13599907 0.14263815]
 [0.02086072 0.03225333]]
pars =  [4.51661099e-01 1.89158904e-02 8.14606930e-01 3.46884639e-01
 1.03814941e-01 1.20480563e+02 2.35407842e-01 4.29871899e-02
 3.10303216e-01 3.81501798e-02]
- function call summary
ssd =  7905.082199182489  sigmas =  [[0.01360514 0.01401685]
 [0.14285881 0.15039833]
 [0.02217907 0.03422012]]
pars =  [4.63151888e-01 1.93454839e-02 8.10693694e-01 3.46680236e-01
 1.01929271e-01 1.18727173e+02 2.31427931e-01 4.23722451e-02
 3.11109793e-01 3.75148819e-02]
- function call summary
ssd =  7904.787649847678  sigmas =  [[0.01300142 0.01332738]
 [0.13723878 0.14437726]
 [0.02111311 0.03260832]]
pars =  [4.54339645e-01 1.92669730e-02 8.13275327e-01 3.47518031e-01
 1.02274417e-01 1.19675762e+02 2.31364739e-01 4.27741990e-02
 3.17799373e-01 3.86792868e-02]
- function call summary
ssd =  7904.2074013588435  sigmas =  [[0.01333226 0.01370603]
 [0.14032958 0.14777491]
 [0.02168744 0.03348008]]
pars =  [4.59083179e-01 1.86300624e-02 8.11419972e-01 3.43894747e-01
 1.01306399e-01 1.18798194e+02 2.34604826e-01 4.25829514e-02
 3.11419891e-01 3.72418744e-02]
- function call summary
ssd =  7904.387752695311  sigmas =  [[0.01345969 0.0138443 ]
 [0.14158878 0.14880844]
 [0.02191963 0.03383427]]
pars =  [4.60713861e-01 1.86174283e-02 8.11289481e-01 3.47965046e-01
 9.89630248e-02 1.19661320e+02 2.33559297e-01 4.25154509e-02
 3.06588203e-01 3.73440515e-02]
- function call summary
ssd =  7905.160670875415  sigmas =  [[0.0136711  0.01409942]
 [0.14330817 0.15122519]
 [0.02226019 0.03434634]]
pars =  [4.64142667e-01 1.82998312e-02 8.09503166e-01 3.40852191e-01
 1.00026556e-01 1.18746969e+02 2.31979082e-01 4.29224129e-02
 3.11411158e-01 3.72137084e-02]
- function call summary
ssd =  7904.603660075275  sigmas =  [[0.01327211 0.01365694]
 [0.13957077 0.14699595]
 [0.02155836 0.03327605]]
pars =  [4.57917169e-01 1.87511185e-02 8.09611518e-01 3.47142494e-01
 1.02459096e-01 1.18409974e+02 2.39428098e-01 4.21776721e-02
 3.08232366e-01 3.72827650e-02]
- function call summary
ssd =  7904.300446131732  sigmas =  [[0.0131978  0.01352606]
 [0.13933495 0.14633097]
 [0.02147647 0.03318954]]
pars =  [4.57006908e-01 1.87596286e-02 8.14495926e-01 3.43442151e-01
 1.01393375e-01 1.18288938e+02 2.36515666e-01 4.17712590e-02
 3.08864050e-01 3.74246569e-02]
- function call summary
ssd =  7904.785709035024  sigmas =  [[0.01305812 0.01336798]
 [0.13797919 0.14487099]
 [0.02123137 0.03281923]]
pars =  [4.55080398e-01 1.85728735e-02 8.15340020e-01 3.42624805e-01
 1.00600057e-01 1.18970616e+02 2.32987584e-01 4.25096691e-02
 3.13499896e-01 3.68466703e-02]
- function call summary
ssd =  7904.16527086675  sigmas =  [[0.01332141 0.01368658]
 [0.14032775 0.14768764]
 [0.02167866 0.03347466]]
pars =  [4.58986680e-01 1.87529542e-02 8.12305480e-01 3.42527271e-01
 1.02056028e-01 1.19353664e+02 2.35156165e-01 4.23229082e-02
 3.11626057e-01 3.74907520e-02]
- function call summary
ssd =  7904.457510843854  sigmas =  [[0.01312669 0.0134626 ]
 [0.13847991 0.145587  ]
 [0.02133062 0.03294911]]
pars =  [4.55957279e-01 1.87636600e-02 8.12992403e-01 3.45633237e-01
 1.02409218e-01 1.18364120e+02 2.35188884e-01 4.21112726e-02
 3.11549822e-01 3.75678850e-02]
- function call summary
ssd =  7904.090626772788  sigmas =  [[0.01336575 0.01373459]
 [0.14075367 0.14821143]
 [0.02176083 0.03359633]]
pars =  [4.59681218e-01 1.87520810e-02 8.12407790e-01 3.43120280e-01
 1.02161285e-01 1.19527855e+02 2.35078434e-01 4.22940986e-02
 3.11607890e-01 3.73949477e-02]
- function call summary
ssd =  7904.392215264724  sigmas =  [[0.01348693 0.01386637]
 [0.14192245 0.14916598]
 [0.02198308 0.03393596]]
pars =  [4.61560287e-01 1.87855074e-02 8.12658482e-01 3.42771768e-01
 1.02210956e-01 1.19642084e+02 2.35754443e-01 4.24007494e-02
 3.11028462e-01 3.72222810e-02]
- function call summary
ssd =  7904.182585681747  sigmas =  [[0.0133201  0.01368453]
 [0.14030704 0.14765611]
 [0.02167801 0.03347341]]
pars =  [4.59025241e-01 1.87641964e-02 8.12455433e-01 3.43194271e-01
 1.02093374e-01 1.19560255e+02 2.35346886e-01 4.23321877e-02
 3.12294318e-01 3.73783589e-02]
- function call summary
ssd =  7904.110565955817  sigmas =  [[0.01336821 0.01373868]
 [0.1407605  0.14823066]
 [0.02176244 0.03359707]]
pars =  [4.59695328e-01 1.87276862e-02 8.12231086e-01 3.43291891e-01
 1.02171090e-01 1.19655972e+02 2.34858732e-01 4.22006945e-02
 3.11531783e-01 3.73955843e-02]
- function call summary
ssd =  7904.126423918502  sigmas =  [[0.01331041 0.01367334]
 [0.1402368  0.14758761]
 [0.02165994 0.03344564]]
pars =  [4.58767824e-01 1.87567925e-02 8.12369323e-01 3.43411172e-01
 1.02088535e-01 1.19532862e+02 2.34995587e-01 4.23162033e-02
 3.11024037e-01 3.73567714e-02]
- function call summary
ssd =  7904.218962280554  sigmas =  [[0.0133952  0.01376593]
 [0.14104219 0.14822681]
 [0.02181654 0.03368115]]
pars =  [4.60143085e-01 1.87471321e-02 8.12582241e-01 3.43644126e-01
 1.02258575e-01 1.19495491e+02 2.34696563e-01 4.23215274e-02
 3.11503262e-01 3.74391530e-02]
- function call summary
ssd =  7904.15990595748  sigmas =  [[0.01334238 0.01370723]
 [0.14054153 0.14789967]
 [0.02171939 0.03353825]]
pars =  [4.59323730e-01 1.87309755e-02 8.12550274e-01 3.43097108e-01
 1.02287696e-01 1.19686990e+02 2.35447307e-01 4.23169415e-02
 3.11387685e-01 3.74317278e-02]
- function call summary
ssd =  7904.091816649495  sigmas =  [[0.01335283 0.01372074]
 [0.14063083 0.14807464]
 [0.02173631 0.03355854]]
pars =  [4.59464323e-01 1.87630943e-02 8.12321430e-01 3.42638555e-01
 1.02370722e-01 1.19393726e+02 2.35040746e-01 4.22578752e-02
 3.11594665e-01 3.73541896e-02]
- function call summary
ssd =  7904.230109302056  sigmas =  [[0.01338956 0.01376358]
 [0.14095714 0.1481841 ]
 [0.02180182 0.03365755]]
pars =  [4.60068701e-01 1.87860611e-02 8.12212284e-01 3.43223457e-01
 1.02173873e-01 1.19690615e+02 2.35121109e-01 4.23033223e-02
 3.11907829e-01 3.74433430e-02]
- function call summary
ssd =  7904.196449713314  sigmas =  [[0.01339191 0.01376311]
 [0.14100795 0.1482342 ]
 [0.02180908 0.03367077]]
pars =  [4.60093686e-01 1.87412600e-02 8.12500711e-01 3.42833606e-01
 1.02016464e-01 1.19404184e+02 2.35331594e-01 4.22203307e-02
 3.11456737e-01 3.73676156e-02]
- function call summary
ssd =  7904.232796305684  sigmas =  [[0.01338399 0.01375634]
 [0.1409124  0.14812385]
 [0.02179351 0.03364331]]
pars =  [4.59953106e-01 1.87943067e-02 8.12288849e-01 3.43419542e-01
 1.02113493e-01 1.19396217e+02 2.34745153e-01 4.22925116e-02
 3.11642184e-01 3.73883773e-02]
- function call summary
ssd =  7904.129871826064  sigmas =  [[0.01337894 0.01375072]
 [0.14086956 0.14834782]
 [0.02178222 0.03362792]]
pars =  [4.59880501e-01 1.87260605e-02 8.12278707e-01 3.42568019e-01
 1.02139357e-01 1.19637438e+02 2.34824682e-01 4.23505498e-02
 3.11714965e-01 3.73596691e-02]
- function call summary
ssd =  7904.126188234566  sigmas =  [[0.0133812  0.0137517 ]
 [0.1408923  0.14839743]
 [0.02179057 0.03364003]]
pars =  [4.59942851e-01 1.87642567e-02 8.12479592e-01 3.43814919e-01
 1.01982872e-01 1.19564903e+02 2.35151087e-01 4.23506715e-02
 3.11700161e-01 3.74061389e-02]
- function call summary
ssd =  7904.158216111844  sigmas =  [[0.01336988 0.01374201]
 [0.14074982 0.14826352]
 [0.02176525 0.0335998 ]]
pars =  [4.59750426e-01 1.87250428e-02 8.12153408e-01 3.43537701e-01
 1.02246480e-01 1.19375331e+02 2.35301621e-01 4.23231582e-02
 3.11717417e-01 3.73843091e-02]
- function call summary
ssd =  7904.138621919271  sigmas =  [[0.01333816 0.01370171]
 [0.14051507 0.14780066]
 [0.02171367 0.03352878]]
pars =  [4.59274398e-01 1.87317207e-02 8.12689666e-01 3.43103704e-01
 1.02039205e-01 1.19448849e+02 2.34854228e-01 4.23121523e-02
 3.11792088e-01 3.73481500e-02]
- function call summary
ssd =  7904.138740775085  sigmas =  [[0.0133205  0.013682  ]
 [0.14035527 0.14764554]
 [0.02168118 0.0334792 ]]
pars =  [4.58980350e-01 1.87689651e-02 8.12669654e-01 3.42938756e-01
 1.02232019e-01 1.19628893e+02 2.34894726e-01 4.22363560e-02
 3.11611511e-01 3.74126295e-02]
- function call summary
ssd =  7904.1493591989  sigmas =  [[0.01333854 0.01370433]
 [0.14048428 0.14784285]
 [0.02171154 0.03352253]]
pars =  [4.59272060e-01 1.87746032e-02 8.12381340e-01 3.43539831e-01
 1.02239272e-01 1.19525237e+02 2.34870303e-01 4.23576071e-02
 3.11943937e-01 3.74441708e-02]
- function call summary
ssd =  7904.139856167973  sigmas =  [[0.01334642 0.0137119 ]
 [0.14058892 0.14797112]
 [0.0217265  0.03355009]]
pars =  [4.59355666e-01 1.87513105e-02 8.12510660e-01 3.42914704e-01
 1.02271833e-01 1.19403399e+02 2.35442783e-01 4.22552635e-02
 3.11029476e-01 3.73954224e-02]
- function call summary
ssd =  7904.129739600953  sigmas =  [[0.01332325 0.01368706]
 [0.14035668 0.14764567]
 [0.0216852  0.0334846 ]]
pars =  [4.59034534e-01 1.87524057e-02 8.12503129e-01 3.43649025e-01
 1.02196299e-01 1.19317843e+02 2.35143741e-01 4.22461924e-02
 3.11703827e-01 3.74295826e-02]
- function call summary
ssd =  7904.113928346598  sigmas =  [[0.0133749  0.01374563]
 [0.14083856 0.14832598]
 [0.02177599 0.03361929]]
pars =  [4.59820509e-01 1.87491627e-02 8.12338721e-01 3.42802811e-01
 1.02365270e-01 1.19710671e+02 2.35124753e-01 4.22622031e-02
 3.11629075e-01 3.73399951e-02]
- function call summary
ssd =  7904.288006086944  sigmas =  [[0.01341173 0.01378518]
 [0.14120197 0.14834891]
 [0.02184627 0.03373026]]
pars =  [4.60401184e-01 1.87691842e-02 8.12528174e-01 3.43018516e-01
 1.02200633e-01 1.19556977e+02 2.35317410e-01 4.23447638e-02
 3.11358997e-01 3.73306271e-02]
- function call summary
ssd =  7904.151757767377  sigmas =  [[0.01334277 0.01370968]
 [0.14051844 0.1479079 ]
 [0.02171665 0.03353192]]
pars =  [4.59302208e-01 1.87310553e-02 8.12281569e-01 3.43553580e-01
 1.01935335e-01 1.19513075e+02 2.34936185e-01 4.23216982e-02
 3.11477262e-01 3.74101549e-02]
- function call summary
ssd =  7904.1288870670605  sigmas =  [[0.01334613 0.01371301]
 [0.14056501 0.14794409]
 [0.02172246 0.03354231]]
pars =  [4.59360413e-01 1.87406306e-02 8.12335653e-01 3.42850592e-01
 1.02232071e-01 1.19501777e+02 2.35041007e-01 4.22727207e-02
 3.11559991e-01 3.73882240e-02]
- function call summary
ssd =  7904.06783975957  sigmas =  [[0.01336534 0.01373406]
 [0.14075434 0.14820459]
 [0.02175992 0.03359505]]
pars =  [4.59672894e-01 1.87530989e-02 8.12407191e-01 3.43050756e-01
 1.02148682e-01 1.19511284e+02 2.35088088e-01 4.22985170e-02
 3.11587144e-01 3.74044540e-02]
- function call summary
ssd =  7904.1119166253875  sigmas =  [[0.01336357 0.01373176]
 [0.14073361 0.14819297]
 [0.02175727 0.0335914 ]]
pars =  [4.59645348e-01 1.87550363e-02 8.12437543e-01 3.42968831e-01
 1.02118379e-01 1.19479763e+02 2.35109052e-01 4.23113022e-02
 3.11535883e-01 3.74230412e-02]
- function call summary
ssd =  7904.087465079956  sigmas =  [[0.0133667  0.01373579]
 [0.14076371 0.14822285]
 [0.02176231 0.03359864]]
pars =  [4.59692879e-01 1.87512416e-02 8.12392388e-01 3.43066609e-01
 1.02139987e-01 1.19526980e+02 2.35064071e-01 4.22916701e-02
 3.11570202e-01 3.74090835e-02]
- function call summary
ssd =  7904.087053954772  sigmas =  [[0.01336657 0.01373578]
 [0.14076247 0.14821782]
 [0.02176204 0.03359818]]
pars =  [4.59695711e-01 1.87548653e-02 8.12389492e-01 3.43007591e-01
 1.02157806e-01 1.19497120e+02 2.35118432e-01 4.23016011e-02
 3.11628386e-01 3.74036100e-02]
- function call summary
ssd =  7904.091211017858  sigmas =  [[0.01336611 0.01373517]
 [0.14075665 0.1482132 ]
 [0.02176121 0.03359685]]
pars =  [4.59683730e-01 1.87500985e-02 8.12384576e-01 3.43094205e-01
 1.02149137e-01 1.19496554e+02 2.35101424e-01 4.23032590e-02
 3.11561324e-01 3.74035371e-02]
- function call summary
ssd =  7904.1115535306835  sigmas =  [[0.01336251 0.01373058]
 [0.1407227  0.14817911]
 [0.02175503 0.03358772]]
pars =  [4.59624531e-01 1.87556194e-02 8.12427793e-01 3.43023095e-01
 1.02149261e-01 1.19518916e+02 2.35077376e-01 4.23008283e-02
 3.11531562e-01 3.74011569e-02]
- function call summary
ssd =  7904.086689017863  sigmas =  [[0.01337271 0.01374238]
 [0.1408213  0.14830348]
 [0.02177455 0.03361585]]
pars =  [4.59790561e-01 1.87524129e-02 8.12425842e-01 3.43030064e-01
 1.02155884e-01 1.19512916e+02 2.35090702e-01 4.23019686e-02
 3.11574388e-01 3.74022095e-02]
- function call summary
ssd =  7904.102456076423  sigmas =  [[0.01336277 0.01373101]
 [0.14072426 0.14818226]
 [0.02175543 0.03358825]]
pars =  [4.59638744e-01 1.87507827e-02 8.12427277e-01 3.43047426e-01
 1.02140180e-01 1.19503879e+02 2.35071026e-01 4.22990096e-02
 3.11655543e-01 3.74048133e-02]
- function call summary
ssd =  7904.096081212303  sigmas =  [[0.01336969 0.01373916]
 [0.14079138 0.14825052]
 [0.02176807 0.03360707]]
pars =  [4.59747352e-01 1.87528420e-02 8.12412962e-01 3.43034887e-01
 1.02153890e-01 1.19510358e+02 2.35108724e-01 4.22956230e-02
 3.11641754e-01 3.74105925e-02]
- function call summary
ssd =  7904.09496057038  sigmas =  [[0.01336373 0.01373226]
 [0.14073453 0.14818873]
 [0.02175699 0.03359054]]
pars =  [4.59648024e-01 1.87571603e-02 8.12400593e-01 3.43090730e-01
 1.02132850e-01 1.19504790e+02 2.35097962e-01 4.22950506e-02
 3.11596911e-01 3.74056179e-02]
- function call summary
ssd =  7904.071214063951  sigmas =  [[0.0133675  0.01373647]
 [0.14077516 0.14823304]
 [0.02176426 0.03360158]]
pars =  [4.59706676e-01 1.87533141e-02 8.12417979e-01 3.43088188e-01
 1.02162221e-01 1.19498959e+02 2.35039693e-01 4.22983417e-02
 3.11571002e-01 3.74075704e-02]
- function call summary
ssd =  7904.120321333821  sigmas =  [[0.01336072 0.01372874]
 [0.14070029 0.14815873]
 [0.02175142 0.03358189]]
pars =  [4.59599422e-01 1.87531063e-02 8.12402715e-01 3.43052533e-01
 1.02162394e-01 1.19532283e+02 2.35093582e-01 4.23023714e-02
 3.11595552e-01 3.74094416e-02]
- function call summary
ssd =  7904.082942053312  sigmas =  [[0.01336198 0.01372986]
 [0.14072137 0.14817032]
 [0.02175386 0.03358599]]
pars =  [4.59619298e-01 1.87546142e-02 8.12432732e-01 3.43028598e-01
 1.02155839e-01 1.19520607e+02 2.35074104e-01 4.22906613e-02
 3.11592670e-01 3.74056052e-02]
- function call summary
ssd =  7904.071393842249  sigmas =  [[0.01336659 0.01373558]
 [0.14076664 0.14822097]
 [0.02176227 0.03359856]]
pars =  [4.59690647e-01 1.87525837e-02 8.12398360e-01 3.42991602e-01
 1.02142371e-01 1.19492652e+02 2.35086306e-01 4.22913513e-02
 3.11559732e-01 3.74025070e-02]
- function call summary
ssd =  7904.119756199808  sigmas =  [[0.01336151 0.01372963]
 [0.14070914 0.14816397]
 [0.02175317 0.03358454]]
pars =  [4.59617864e-01 1.87537565e-02 8.12417856e-01 3.43065344e-01
 1.02143512e-01 1.19517059e+02 2.35135211e-01 4.23011279e-02
 3.11637464e-01 3.74016911e-02]
- function call summary
ssd =  7904.096612922741  sigmas =  [[0.01336908 0.01373867]
 [0.14078531 0.148243  ]
 [0.02176683 0.03360497]]
pars =  [4.59732340e-01 1.87543455e-02 8.12388641e-01 3.43037863e-01
 1.02131129e-01 1.19514752e+02 2.35058285e-01 4.23029144e-02
 3.11607338e-01 3.74021311e-02]
- function call summary
ssd =  7904.0858330721485  sigmas =  [[0.0133662  0.01373519]
 [0.14076009 0.14821514]
 [0.02176147 0.0335974 ]]
pars =  [4.59686896e-01 1.87500285e-02 8.12397616e-01 3.42995013e-01
 1.02150568e-01 1.19523502e+02 2.35065407e-01 4.23031364e-02
 3.11595331e-01 3.74003789e-02]
- function call summary
ssd =  7904.081179931684  sigmas =  [[0.01336523 0.01373368]
 [0.14075251 0.14821092]
 [0.02176008 0.03359541]]
pars =  [4.59670953e-01 1.87515838e-02 8.12430452e-01 3.43075201e-01
 1.02151401e-01 1.19505409e+02 2.35121298e-01 4.22919270e-02
 3.11545078e-01 3.74061988e-02]
- function call summary
ssd =  7904.118851768183  sigmas =  [[0.01336091 0.01372876]
 [0.14070098 0.1481596 ]
 [0.02175184 0.03358236]]
pars =  [4.59602200e-01 1.87532944e-02 8.12410888e-01 3.43106219e-01
 1.02154888e-01 1.19492117e+02 2.35096439e-01 4.22933163e-02
 3.11597894e-01 3.74071532e-02]
- function call summary
ssd =  7904.08045747091  sigmas =  [[0.01336768 0.0137368 ]
 [0.14077507 0.14823122]
 [0.02176424 0.03360161]]
pars =  [4.59709823e-01 1.87523437e-02 8.12403566e-01 3.43010764e-01
 1.02154621e-01 1.19522108e+02 2.35099940e-01 4.22886835e-02
 3.11579705e-01 3.74004095e-02]
- function call summary
ssd =  7904.079216845705  sigmas =  [[0.01336456 0.01373307]
 [0.14074647 0.14819861]
 [0.02175872 0.0335933 ]]
pars =  [4.59660662e-01 1.87536663e-02 8.12418445e-01 3.43014070e-01
 1.02136648e-01 1.19500154e+02 2.35097086e-01 4.23035491e-02
 3.11566065e-01 3.74120674e-02]
- function call summary
ssd =  7904.086421035492  sigmas =  [[0.01336916 0.01373823]
 [0.1407893  0.14824545]
 [0.02176744 0.03360623]]
pars =  [4.59733616e-01 1.87527731e-02 8.12427127e-01 3.43090196e-01
 1.02129896e-01 1.19512210e+02 2.35102774e-01 4.22968503e-02
 3.11552412e-01 3.74064456e-02]
- function call summary
ssd =  7904.07154781268  sigmas =  [[0.01336651 0.01373543]
 [0.14076593 0.14821974]
 [0.02176225 0.03359855]]
pars =  [4.59690590e-01 1.87526932e-02 8.12406697e-01 3.43022893e-01
 1.02156493e-01 1.19507115e+02 2.35072680e-01 4.22970460e-02
 3.11569399e-01 3.74058019e-02]
- function call summary
ssd =  7904.072735614379  sigmas =  [[0.01336552 0.01373428]
 [0.14075476 0.14820944]
 [0.02176029 0.03359552]]
pars =  [4.59675817e-01 1.87530801e-02 8.12406000e-01 3.43059452e-01
 1.02151148e-01 1.19512784e+02 2.35086225e-01 4.22977646e-02
 3.11589929e-01 3.74031264e-02]
- function call summary
ssd =  7904.068059493628  sigmas =  [[0.01336592 0.01373469]
 [0.14076027 0.14821232]
 [0.02176108 0.03359682]]
pars =  [4.59682025e-01 1.87528584e-02 8.12410763e-01 3.43044687e-01
 1.02145409e-01 1.19509510e+02 2.35088203e-01 4.22985257e-02
 3.11581148e-01 3.74049358e-02]
- function call summary
ssd =  7904.09042047878  sigmas =  [[0.01336542 0.01373419]
 [0.14075093 0.14820417]
 [0.02176008 0.0335952 ]]
pars =  [4.59673884e-01 1.87525674e-02 8.12403262e-01 3.43058564e-01
 1.02148715e-01 1.19508794e+02 2.35090529e-01 4.22993698e-02
 3.11582122e-01 3.74043645e-02]
- function call summary
ssd =  7904.067835199017  sigmas =  [[0.01336543 0.01373421]
 [0.14075608 0.14820835]
 [0.02176022 0.03359554]]
pars =  [4.59675555e-01 1.87536862e-02 8.12409618e-01 3.43039724e-01
 1.02148368e-01 1.19513300e+02 2.35085491e-01 4.22979198e-02
 3.11592101e-01 3.74046716e-02]
- function call summary
ssd =  7904.0667154832845  sigmas =  [[0.01336563 0.01373435]
 [0.14075787 0.14820969]
 [0.0217605  0.033596  ]]
pars =  [4.59677609e-01 1.87537538e-02 8.12411443e-01 3.43041227e-01
 1.02149958e-01 1.19513662e+02 2.35094842e-01 4.22970123e-02
 3.11584242e-01 3.74050032e-02]
- function call summary
ssd =  7904.071904409395  sigmas =  [[0.01336457 0.0137331 ]
 [0.1407476  0.14819705]
 [0.02175866 0.03359316]]
pars =  [4.59661392e-01 1.87533492e-02 8.12415591e-01 3.43043137e-01
 1.02151190e-01 1.19511632e+02 2.35093213e-01 4.22963730e-02
 3.11584748e-01 3.74051192e-02]
- function call summary
ssd =  7904.066859657301  sigmas =  [[0.01336538 0.01373405]
 [0.1407557  0.14820822]
 [0.02176005 0.03359537]]
pars =  [4.59673575e-01 1.87537816e-02 8.12413303e-01 3.43044264e-01
 1.02153075e-01 1.19512663e+02 2.35101821e-01 4.22962959e-02
 3.11576653e-01 3.74054395e-02]
- function call summary
ssd =  7904.068711461683  sigmas =  [[0.01336588 0.01373462]
 [0.14075972 0.14821202]
 [0.021761   0.03359669]]
pars =  [4.59680993e-01 1.87539059e-02 8.12411585e-01 3.43053621e-01
 1.02149479e-01 1.19516848e+02 2.35090583e-01 4.22973531e-02
 3.11577805e-01 3.74055647e-02]
- function call summary
ssd =  7904.067879453618  sigmas =  [[0.01336547 0.01373425]
 [0.14075684 0.14820835]
 [0.02176029 0.03359569]]
pars =  [4.59676056e-01 1.87531360e-02 8.12410910e-01 3.43032551e-01
 1.02149526e-01 1.19517683e+02 2.35096417e-01 4.22973415e-02
 3.11584203e-01 3.74044739e-02]
- function call summary
ssd =  7904.0678483828415  sigmas =  [[0.01336557 0.01373436]
 [0.14075654 0.14820973]
 [0.02176039 0.03359572]]
pars =  [4.59676197e-01 1.87538528e-02 8.12404581e-01 3.43038133e-01
 1.02148187e-01 1.19513208e+02 2.35097644e-01 4.22964344e-02
 3.11579447e-01 3.74045045e-02]
- function call summary
ssd =  7904.066032142427  sigmas =  [[0.01336582 0.01373461]
 [0.14075955 0.14821182]
 [0.02176087 0.03359646]]
pars =  [4.59680660e-01 1.87533260e-02 8.12408299e-01 3.43044111e-01
 1.02148575e-01 1.19515053e+02 2.35091326e-01 4.22956455e-02
 3.11586057e-01 3.74058588e-02]
- function call summary
ssd =  7904.076652461674  sigmas =  [[0.01336695 0.013736  ]
 [0.14076858 0.14822476]
 [0.02176295 0.03359963]]
pars =  [4.59699683e-01 1.87531590e-02 8.12405043e-01 3.43045156e-01
 1.02147901e-01 1.19513920e+02 2.35095270e-01 4.22963951e-02
 3.11590568e-01 3.74059664e-02]
- function call summary
ssd =  7904.068246580084  sigmas =  [[0.01336521 0.01373392]
 [0.14075328 0.14820132]
 [0.0217597  0.03359479]]
pars =  [4.59671890e-01 1.87533720e-02 8.12409642e-01 3.43049569e-01
 1.02146374e-01 1.19516600e+02 2.35098847e-01 4.22958856e-02
 3.11594316e-01 3.74054602e-02]
- function call summary
ssd =  7904.0660551223245  sigmas =  [[0.01336508 0.01373375]
 [0.14075232 0.14820372]
 [0.02175945 0.03359437]]
pars =  [4.59668362e-01 1.87533130e-02 8.12408165e-01 3.43043837e-01
 1.02148719e-01 1.19516371e+02 2.35084870e-01 4.22939904e-02
 3.11583318e-01 3.74058687e-02]
- function call summary
ssd =  7904.068364258628  sigmas =  [[0.01336567 0.01373443]
 [0.14075836 0.14821051]
 [0.02176065 0.03359626]]
pars =  [4.59678651e-01 1.87529781e-02 8.12412627e-01 3.43050727e-01
 1.02147429e-01 1.19517676e+02 2.35088348e-01 4.22952199e-02
 3.11579586e-01 3.74065703e-02]
- function call summary
ssd =  7904.067273908981  sigmas =  [[0.01336543 0.0137342 ]
 [0.14075631 0.14820833]
 [0.02176021 0.03359556]]
pars =  [4.59675653e-01 1.87536098e-02 8.12410359e-01 3.43039105e-01
 1.02151749e-01 1.19515341e+02 2.35093737e-01 4.22949371e-02
 3.11589189e-01 3.74070438e-02]
- function call summary
ssd =  7904.0689028195075  sigmas =  [[0.01336495 0.01373364]
 [0.14075039 0.14819958]
 [0.02175919 0.03359394]]
pars =  [4.59666724e-01 1.87532602e-02 8.12406272e-01 3.43046524e-01
 1.02150570e-01 1.19517665e+02 2.35090874e-01 4.22968895e-02
 3.11586844e-01 3.74065198e-02]
- function call summary
ssd =  7904.066770168964  sigmas =  [[0.01336536 0.01373406]
 [0.14075513 0.14820475]
 [0.02175998 0.03359518]]
pars =  [4.59672701e-01 1.87532503e-02 8.12408795e-01 3.43043901e-01
 1.02146059e-01 1.19513856e+02 2.35082983e-01 4.22957904e-02
 3.11581778e-01 3.74048618e-02]
- function call summary
ssd =  7904.066049982023  sigmas =  [[0.01336554 0.01373429]
 [0.14075662 0.1482092 ]
 [0.02176032 0.03359567]]
pars =  [4.59676315e-01 1.87539429e-02 8.12407306e-01 3.43053109e-01
 1.02146034e-01 1.19512272e+02 2.35091521e-01 4.22954963e-02
 3.11588211e-01 3.74061968e-02]
- function call summary
ssd =  7904.0683175087315  sigmas =  [[0.01336574 0.01373455]
 [0.14075904 0.14821164]
 [0.02176085 0.03359646]]
pars =  [4.59680516e-01 1.87535278e-02 8.12411263e-01 3.43047157e-01
 1.02152141e-01 1.19514494e+02 2.35091229e-01 4.22942072e-02
 3.11587690e-01 3.74053206e-02]
- function call summary
ssd =  7904.0707023457535  sigmas =  [[0.0133661  0.01373499]
 [0.14076195 0.14821528]
 [0.02176149 0.03359737]]
pars =  [4.59685296e-01 1.87531381e-02 8.12407459e-01 3.43037961e-01
 1.02151501e-01 1.19512222e+02 2.35085054e-01 4.22960343e-02
 3.11579504e-01 3.74060644e-02]
- function call summary
ssd =  7904.066880160982  sigmas =  [[0.01336539 0.01373419]
 [0.1407559  0.14820816]
 [0.02176011 0.0335954 ]]
pars =  [4.59674297e-01 1.87532139e-02 8.12408434e-01 3.43034164e-01
 1.02146426e-01 1.19514339e+02 2.35096548e-01 4.22946135e-02
 3.11580113e-01 3.74063936e-02]
- function call summary
ssd =  7904.067822739215  sigmas =  [[0.01336535 0.01373406]
 [0.14075463 0.14820423]
 [0.02175994 0.03359511]]
pars =  [4.59673254e-01 1.87532805e-02 8.12408429e-01 3.43046363e-01
 1.02147895e-01 1.19515717e+02 2.35087694e-01 4.22956218e-02
 3.11590210e-01 3.74058603e-02]
- function call summary
ssd =  7904.065993143804  sigmas =  [[0.0133658  0.01373458]
 [0.14075917 0.14821176]
 [0.02176082 0.03359637]]
pars =  [4.59680234e-01 1.87532479e-02 8.12407834e-01 3.43046268e-01
 1.02148962e-01 1.19514818e+02 2.35091545e-01 4.22956462e-02
 3.11586066e-01 3.74057196e-02]
- function call summary
ssd =  7904.066058522353  sigmas =  [[0.01336567 0.01373444]
 [0.14075805 0.14821054]
 [0.02176057 0.03359604]]
pars =  [4.59678142e-01 1.87533156e-02 8.12407869e-01 3.43046400e-01
 1.02148971e-01 1.19515217e+02 2.35092293e-01 4.22955544e-02
 3.11584131e-01 3.74056741e-02]
- function call summary
ssd =  7904.066967969337  sigmas =  [[0.01336561 0.01373437]
 [0.14075737 0.14820973]
 [0.02176045 0.03359587]]
pars =  [4.59677390e-01 1.87531982e-02 8.12408556e-01 3.43045736e-01
 1.02149025e-01 1.19514183e+02 2.35091694e-01 4.22956818e-02
 3.11586152e-01 3.74057276e-02]
- function call summary
ssd =  7904.0690138326245  sigmas =  [[0.01336587 0.01373467]
 [0.14075882 0.14821258]
 [0.02176094 0.03359655]]
pars =  [4.59681291e-01 1.87532631e-02 8.12407522e-01 3.43046423e-01
 1.02148850e-01 1.19515452e+02 2.35090902e-01 4.22953584e-02
 3.11586327e-01 3.74056287e-02]
- function call summary
ssd =  7904.0660577234785  sigmas =  [[0.0133658  0.01373458]
 [0.14075923 0.14821166]
 [0.02176082 0.03359638]]
pars =  [4.59680240e-01 1.87531574e-02 8.12408063e-01 3.43044685e-01
 1.02149134e-01 1.19515400e+02 2.35091783e-01 4.22957835e-02
 3.11585883e-01 3.74055761e-02]
- function call summary
ssd =  7904.068966688432  sigmas =  [[0.01336583 0.01373462]
 [0.14075849 0.14821215]
 [0.02176088 0.03359646]]
pars =  [4.59680689e-01 1.87532675e-02 8.12407751e-01 3.43047328e-01
 1.02148998e-01 1.19514877e+02 2.35091787e-01 4.22960036e-02
 3.11585524e-01 3.74058504e-02]
- function call summary
ssd =  7904.06724156512  sigmas =  [[0.01336574 0.01373453]
 [0.14075811 0.14821122]
 [0.0217607  0.03359618]]
pars =  [4.59679227e-01 1.87532920e-02 8.12406796e-01 3.43044905e-01
 1.02148780e-01 1.19514557e+02 2.35091943e-01 4.22957424e-02
 3.11586055e-01 3.74055929e-02]
- function call summary
ssd =  7904.069672721061  sigmas =  [[0.01336588 0.01373467]
 [0.14075886 0.1482125 ]
 [0.02176096 0.0335966 ]]
pars =  [4.59681553e-01 1.87532852e-02 8.12408036e-01 3.43045582e-01
 1.02149584e-01 1.19514520e+02 2.35092826e-01 4.22955277e-02
 3.11586388e-01 3.74057364e-02]
- function call summary
ssd =  7904.067770663687  sigmas =  [[0.01336579 0.01373458]
 [0.14075859 0.14821183]
 [0.0217608  0.03359635]]
pars =  [4.59680111e-01 1.87531573e-02 8.12407443e-01 3.43045474e-01
 1.02148561e-01 1.19514715e+02 2.35092323e-01 4.22954983e-02
 3.11585145e-01 3.74058718e-02]
- function call summary
ssd =  7904.067043531687  sigmas =  [[0.01336583 0.01373461]
 [0.14075912 0.14821192]
 [0.02176086 0.03359648]]
pars =  [4.59680628e-01 1.87532685e-02 8.12408408e-01 3.43046797e-01
 1.02148694e-01 1.19514469e+02 2.35090268e-01 4.22956458e-02
 3.11585218e-01 3.74055177e-02]
- function call summary
ssd =  7904.066321039561  sigmas =  [[0.0133657  0.01373448]
 [0.14075831 0.14821086]
 [0.02176063 0.03359613]]
pars =  [4.59678875e-01 1.87532908e-02 8.12408017e-01 3.43045453e-01
 1.02149465e-01 1.19515015e+02 2.35091641e-01 4.22955476e-02
 3.11586734e-01 3.74059614e-02]
- function call summary
ssd =  7904.06703401989  sigmas =  [[0.01336558 0.01373433]
 [0.14075699 0.14820956]
 [0.02176037 0.03359574]]
pars =  [4.59676745e-01 1.87532527e-02 8.12407660e-01 3.43046764e-01
 1.02149211e-01 1.19515070e+02 2.35090353e-01 4.22956392e-02
 3.11586546e-01 3.74057459e-02]
- function call summary
ssd =  7904.0673790646915  sigmas =  [[0.01336579 0.01373457]
 [0.14075877 0.1482116 ]
 [0.02176081 0.03359639]]
pars =  [4.59680173e-01 1.87531937e-02 8.12408706e-01 3.43047405e-01
 1.02148801e-01 1.19515270e+02 2.35091051e-01 4.22955771e-02
 3.11585100e-01 3.74058617e-02]
- function call summary
ssd =  7904.067583241347  sigmas =  [[0.01336581 0.0137346 ]
 [0.14075879 0.14821199]
 [0.02176084 0.03359641]]
pars =  [4.59680627e-01 1.87532284e-02 8.12407872e-01 3.43046387e-01
 1.02148474e-01 1.19514606e+02 2.35091130e-01 4.22956928e-02
 3.11588621e-01 3.74057441e-02]
- function call summary
ssd =  7904.066208279091  sigmas =  [[0.01336577 0.01373454]
 [0.14075891 0.14821139]
 [0.02176075 0.03359631]]
pars =  [4.59679800e-01 1.87533449e-02 8.12408514e-01 3.43045764e-01
 1.02149130e-01 1.19514670e+02 2.35092147e-01 4.22958708e-02
 3.11586063e-01 3.74055938e-02]
- function call summary
ssd =  7904.067477252968  sigmas =  [[0.01336565 0.01373448]
 [0.14075833 0.14821082]
 [0.02176065 0.03359615]]
pars =  [4.59678843e-01 1.87533083e-02 8.12408411e-01 3.43044657e-01
 1.02149219e-01 1.19514691e+02 2.35090425e-01 4.22955799e-02
 3.11585571e-01 3.74058315e-02]
- function call summary
ssd =  7904.068983696075  sigmas =  [[0.01336576 0.01373455]
 [0.14075779 0.14821152]
 [0.02176075 0.03359627]]
pars =  [4.59679674e-01 1.87533649e-02 8.12407729e-01 3.43047730e-01
 1.02148544e-01 1.19514355e+02 2.35091639e-01 4.22955791e-02
 3.11586291e-01 3.74058113e-02]
- function call summary
ssd =  7904.066146369957  sigmas =  [[0.01336573 0.01373451]
 [0.14075857 0.14821113]
 [0.02176069 0.03359621]]
pars =  [4.59679217e-01 1.87532529e-02 8.12408445e-01 3.43046912e-01
 1.02148680e-01 1.19514945e+02 2.35092527e-01 4.22956826e-02
 3.11585413e-01 3.74054711e-02]
- function call summary
ssd =  7904.071046070251  sigmas =  [[0.01336603 0.01373486]
 [0.14076026 0.14821414]
 [0.02176124 0.03359702]]
pars =  [4.59684029e-01 1.87532391e-02 8.12407434e-01 3.43046125e-01
 1.02148793e-01 1.19514697e+02 2.35092260e-01 4.22957549e-02
 3.11586689e-01 3.74057562e-02]
- function call summary
ssd =  7904.066970092734  sigmas =  [[0.01336565 0.01373442]
 [0.14075765 0.14821041]
 [0.02176053 0.03359597]]
pars =  [4.59678036e-01 1.87532623e-02 8.12407911e-01 3.43045212e-01
 1.02148640e-01 1.19515499e+02 2.35091514e-01 4.22956872e-02
 3.11587009e-01 3.74058611e-02]
estimates =  [4.59680234e-01 1.87532479e-02 8.12407834e-01 3.43046268e-01
 1.02148962e-01 1.19514818e+02 2.35091545e-01 4.22956462e-02
 3.11586066e-01 3.74057196e-02]
final distance =  7904.065993143804
