number of parameters =  10 , number of free parameters =  10
- function call summary
ssd =  248580.71516467037  sigmas =  [[0.05577121 0.02276908]
 [0.3060797  0.35454134]
 [0.10041223 0.09132679]]
pars =  [4.590e-01 1.800e-02 8.120e-01 3.420e-01 1.020e-01 1.195e+02 2.350e-01
 4.300e-02 3.120e-01 3.700e-02]
- function call summary
ssd =  250001.5081747098  sigmas =  [[0.08373501 0.03652349]
 [0.37011059 0.41146541]
 [0.17069097 0.1549591 ]]
pars =  [5.57647185e-01 1.80000000e-02 8.12000000e-01 3.42000000e-01
 1.02000000e-01 1.19500000e+02 2.35000000e-01 4.30000000e-02
 3.12000000e-01 3.70000000e-02]
- function call summary
ssd =  248605.48548403583  sigmas =  [[0.05570439 0.02273892]
 [0.30708495 0.35729215]
 [0.10076242 0.09160368]]
pars =  [4.59000000e-01 2.18685171e-02 8.12000000e-01 3.42000000e-01
 1.02000000e-01 1.19500000e+02 2.35000000e-01 4.30000000e-02
 3.12000000e-01 3.70000000e-02]
- function call summary
ssd =  247086.81354022762  sigmas =  [[0.05562364 0.02135171]
 [0.31850064 0.36487184]
 [0.10063604 0.0905471 ]]
pars =  [4.59000000e-01 1.80000000e-02 8.39933672e-01 3.42000000e-01
 1.02000000e-01 1.19500000e+02 2.35000000e-01 4.30000000e-02
 3.12000000e-01 3.70000000e-02]
- function call summary
ssd =  249099.01652398895  sigmas =  [[0.05492696 0.0223751 ]
 [0.28499192 0.33233838]
 [0.10044091 0.0912572 ]]
pars =  [4.59000000e-01 1.80000000e-02 8.12000000e-01 4.15501824e-01
 1.02000000e-01 1.19500000e+02 2.35000000e-01 4.30000000e-02
 3.12000000e-01 3.70000000e-02]
- function call summary
ssd =  248620.94226454716  sigmas =  [[0.05571348 0.02275022]
 [0.30470097 0.35282546]
 [0.10032295 0.09134376]]
pars =  [4.59000000e-01 1.80000000e-02 8.12000000e-01 3.42000000e-01
 1.23921597e-01 1.19500000e+02 2.35000000e-01 4.30000000e-02
 3.12000000e-01 3.70000000e-02]
- function call summary
ssd =  248483.0921281186  sigmas =  [[0.05593839 0.02284217]
 [0.30992007 0.35857631]
 [0.10035356 0.09129126]]
pars =  [4.59000000e-01 1.80000000e-02 8.12000000e-01 3.42000000e-01
 1.02000000e-01 1.45182655e+02 2.35000000e-01 4.30000000e-02
 3.12000000e-01 3.70000000e-02]
- function call summary
ssd =  249085.5881302527  sigmas =  [[0.05414942 0.02204117]
 [0.29018224 0.33570136]
 [0.09981831 0.09065796]]
pars =  [4.59000000e-01 1.80000000e-02 8.12000000e-01 3.42000000e-01
 1.02000000e-01 1.19500000e+02 2.85505639e-01 4.30000000e-02
 3.12000000e-01 3.70000000e-02]
- function call summary
ssd =  248793.90316023293  sigmas =  [[0.0555621  0.02265271]
 [0.30046462 0.34606363]
 [0.10026434 0.09117735]]
pars =  [4.59000000e-01 1.80000000e-02 8.12000000e-01 3.42000000e-01
 1.02000000e-01 1.19500000e+02 2.35000000e-01 5.22414574e-02
 3.12000000e-01 3.70000000e-02]
- function call summary
ssd =  249126.97935235666  sigmas =  [[0.05463227 0.02259704]
 [0.29683336 0.34550036]
 [0.09778071 0.08931211]]
pars =  [4.59000000e-01 1.80000000e-02 8.12000000e-01 3.42000000e-01
 1.02000000e-01 1.19500000e+02 2.35000000e-01 4.30000000e-02
 3.79054296e-01 3.70000000e-02]
- function call summary
ssd =  248621.32001655712  sigmas =  [[0.05569586 0.02272848]
 [0.3054505  0.3537624 ]
 [0.10019537 0.09120817]]
pars =  [4.59000000e-01 1.80000000e-02 8.12000000e-01 3.42000000e-01
 1.02000000e-01 1.19500000e+02 2.35000000e-01 4.30000000e-02
 3.12000000e-01 4.49519517e-02]
- function call summary
ssd =  247610.38258608826  sigmas =  [[0.03935966 0.01526092]
 [0.23788495 0.28124699]
 [0.06433678 0.05878369]]
pars =  [3.77803396e-01 1.80000000e-02 8.12000000e-01 3.42000000e-01
 1.02000000e-01 1.19500000e+02 2.35000000e-01 4.30000000e-02
 3.12000000e-01 3.70000000e-02]
- function call summary
ssd =  248561.7818363138  sigmas =  [[0.05582442 0.02279334]
 [0.30522215 0.35222394]
 [0.10011157 0.09108907]]
pars =  [4.59000000e-01 1.48158194e-02 8.12000000e-01 3.42000000e-01
 1.02000000e-01 1.19500000e+02 2.35000000e-01 4.30000000e-02
 3.12000000e-01 3.70000000e-02]
- function call summary
ssd =  250447.03141963758  sigmas =  [[0.05606545 0.02457508]
 [0.292552   0.34382922]
 [0.09908384 0.09162865]]
pars =  [4.59000000e-01 1.80000000e-02 7.80465666e-01 3.42000000e-01
 1.02000000e-01 1.19500000e+02 2.35000000e-01 4.30000000e-02
 3.12000000e-01 3.70000000e-02]
- function call summary
ssd =  248177.72611614614  sigmas =  [[0.05640036 0.0230646 ]
 [0.32134866 0.37080499]
 [0.10037144 0.0913523 ]]
pars =  [4.59000000e-01 1.80000000e-02 8.12000000e-01 2.81500569e-01
 1.02000000e-01 1.19500000e+02 2.35000000e-01 4.30000000e-02
 3.12000000e-01 3.70000000e-02]
- function call summary
ssd =  248548.37495085498  sigmas =  [[0.05581774 0.0227843 ]
 [0.30717934 0.35593437]
 [0.10048416 0.09131244]]
pars =  [4.59000000e-01 1.80000000e-02 8.12000000e-01 3.42000000e-01
 8.39563101e-02 1.19500000e+02 2.35000000e-01 4.30000000e-02
 3.12000000e-01 3.70000000e-02]
- function call summary
ssd =  248675.12847749086  sigmas =  [[0.05560603 0.02269729]
 [0.30229073 0.35060128]
 [0.10047317 0.09136328]]
pars =  [4.5900000e-01 1.8000000e-02 8.1200000e-01 3.4200000e-01 1.0200000e-01
 9.8360579e+01 2.3500000e-01 4.3000000e-02 3.1200000e-01 3.7000000e-02]
- function call summary
ssd =  248092.92256847143  sigmas =  [[0.05720781 0.02341743]
 [0.3202181  0.37118684]
 [0.10100391 0.09195888]]
pars =  [4.59000000e-01 1.80000000e-02 8.12000000e-01 3.42000000e-01
 1.02000000e-01 1.19500000e+02 1.93428754e-01 4.30000000e-02
 3.12000000e-01 3.70000000e-02]
- function call summary
ssd =  248417.03055694958  sigmas =  [[0.05593209 0.02286248]
 [0.310181   0.36113101]
 [0.10054885 0.09145956]]
pars =  [4.59000000e-01 1.80000000e-02 8.12000000e-01 3.42000000e-01
 1.02000000e-01 1.19500000e+02 2.35000000e-01 3.53933464e-02
 3.12000000e-01 3.70000000e-02]
- function call summary
ssd =  248058.09915749967  sigmas =  [[0.05691346 0.02293354]
 [0.31555009 0.36362538]
 [0.10290744 0.09325917]]
pars =  [4.59000000e-01 1.80000000e-02 8.12000000e-01 3.42000000e-01
 1.02000000e-01 1.19500000e+02 2.35000000e-01 4.30000000e-02
 2.56807537e-01 3.70000000e-02]
- function call summary
ssd =  248546.66632994168  sigmas =  [[0.05583495 0.02280312]
 [0.30661014 0.35518787]
 [0.10059375 0.091426  ]]
pars =  [4.59000000e-01 1.80000000e-02 8.12000000e-01 3.42000000e-01
 1.02000000e-01 1.19500000e+02 2.35000000e-01 4.30000000e-02
 3.12000000e-01 3.04547399e-02]
- function call summary
ssd =  245369.89577446293  sigmas =  [[0.04558412 0.01629065]
 [0.2876657  0.3320139 ]
 [0.07660328 0.06878397]]
pars =  [4.08163230e-01 1.79614231e-02 8.56451780e-01 3.26876870e-01
 1.01637281e-01 1.20631887e+02 2.23822750e-01 4.22117668e-02
 2.96050681e-01 3.68646493e-02]
- function call summary
ssd =  242894.95749685145  sigmas =  [[0.03717875 0.01210884]
 [0.25929022 0.29630181]
 [0.0559136  0.05022595]]
pars =  [3.49665487e-01 1.78295138e-02 8.81368515e-01 2.87569345e-01
 1.00405172e-01 1.24666483e+02 1.89752846e-01 3.97957184e-02
 2.48283719e-01 3.64039424e-02]
- function call summary
ssd =  240226.51005738805  sigmas =  [[0.03364315 0.01035773]
 [0.25349943 0.28820085]
 [0.04526286 0.04100222]]
pars =  [3.06494273e-01 1.74252116e-02 8.94238374e-01 2.25368539e-01
 9.66982579e-02 1.38651227e+02 1.17474067e-01 3.42048971e-02
 1.51308165e-01 3.50111727e-02]
- function call summary
ssd =  238966.0400078175  sigmas =  [[0.03607175 0.01084531]
 [0.27923928 0.31608711]
 [0.0463073  0.0423714 ]]
pars =  [3.01135345e-01 1.66678780e-02 8.94393281e-01 1.96552295e-01
 9.00883600e-02 1.76113822e+02 3.92964864e-02 2.90495719e-02
 5.27398608e-02 3.24850075e-02]
- function call summary
ssd =  238879.77651509194  sigmas =  [[0.03448601 0.01001936]
 [0.27712924 0.30994192]
 [0.04312706 0.03983753]]
pars =  [2.90037648e-01 1.63505181e-02 8.97093885e-01 1.50743623e-01
 8.64477639e-02 1.50596297e+02 1.03815760e-01 2.30172164e-02
 2.89813960e-02 3.13358169e-02]
- function call summary
ssd =  238093.7588108664  sigmas =  [[0.03428703 0.01023483]
 [0.27394279 0.30981388]
 [0.0431694  0.03958582]]
pars =  [2.90187708e-01 1.66669270e-02 8.97397741e-01 1.53624956e-01
 8.93633724e-02 1.67687532e+02 5.87593655e-02 2.36604822e-02
 5.86784032e-02 3.23980060e-02]
- function call summary
ssd =  235327.45686304793  sigmas =  [[0.03687174 0.01138949]
 [0.30980599 0.35108124]
 [0.04644193 0.04233368]]
pars =  [2.96801375e-01 1.54458967e-02 8.89015321e-01 8.25973366e-02
 7.18494084e-02 3.55845336e+02 2.81206148e-02 6.27064017e-03
 6.18054441e-02 2.76279313e-02]
- function call summary
ssd =  233235.27781404307  sigmas =  [[0.04005138 0.01278981]
 [0.34486637 0.3902999 ]
 [0.0508807  0.04595578]]
pars =  [3.07997371e-01 1.19224070e-02 8.80537095e-01 5.01562480e-02
 3.68803861e-02 8.69160627e+03 1.10041981e-02 2.05153762e-03
 6.73257557e-02 1.63927333e-02]
- function call summary
ssd =  232885.18814834434  sigmas =  [[0.03862287 0.01223036]
 [0.33569975 0.37945456]
 [0.04817963 0.04363493]]
pars =  [2.97554831e-01 1.12554115e-02 8.80698133e-01 4.09449507e-02
 3.39325696e-02 2.27451263e+05 1.26242839e-02 1.44801674e-03
 5.96066979e-02 1.49015694e-02]
- function call summary
ssd =  232886.71629639997  sigmas =  [[0.03862537 0.0122695 ]
 [0.334896   0.37829778]
 [0.04822248 0.04362806]]
pars =  [2.98109077e-01 1.03874987e-02 8.80760099e-01 4.27012556e-02
 2.79363171e-02 1.03550244e+05 1.13090554e-02 1.54933713e-03
 6.38202577e-02 1.27109731e-02]
- function call summary
ssd =  233129.54900759045  sigmas =  [[0.03613975 0.01109303]
 [0.3148175  0.35485422]
 [0.04398708 0.0400991 ]]
pars =  [2.86353958e-01 1.19699178e-02 8.94365146e-01 4.07540575e-02
 3.63901721e-02 2.27010898e+05 1.25820626e-02 1.38983516e-03
 5.98032615e-02 1.32486953e-02]
- function call summary
ssd =  232793.81895606767  sigmas =  [[0.03932573 0.01256058]
 [0.34117933 0.38592234]
 [0.04934105 0.04465482]]
pars =  [3.00746782e-01 1.00920768e-02 8.76421098e-01 3.98210999e-02
 3.04855239e-02 2.11491055e+05 1.11032301e-02 1.43464313e-03
 5.83936612e-02 2.13646892e-02]
- function call summary
ssd =  232758.02095729247  sigmas =  [[0.0394471  0.01266758]
 [0.34258997 0.38785642]
 [0.04955023 0.04486477]]
pars =  [2.99903180e-01 1.02794006e-02 8.72011720e-01 3.90374291e-02
 3.43287412e-02 1.46048674e+05 1.05364709e-02 1.39220694e-03
 5.50733593e-02 2.43730719e-02]
- function call summary
ssd =  232772.4706104367  sigmas =  [[0.03940106 0.01264857]
 [0.34217553 0.38748288]
 [0.04951723 0.04482943]]
pars =  [2.99976408e-01 1.05892213e-02 8.72507537e-01 3.95423715e-02
 3.39723694e-02 1.27569617e+05 1.04959165e-02 1.42487941e-03
 5.60294671e-02 2.40912997e-02]
- function call summary
ssd =  232866.67136493075  sigmas =  [[0.04724761 0.01548901]
 [0.4044619  0.45783963]
 [0.06256165 0.05611851]]
pars =  [3.41955861e-01 9.60046766e-03 8.73518484e-01 4.10163371e-02
 3.52414266e-02 1.44696064e+05 1.04388141e-02 1.29627246e-03
 6.00195185e-02 2.42509124e-02]
- function call summary
ssd =  232762.153900322  sigmas =  [[0.0391346  0.01254204]
 [0.33946363 0.3835981 ]
 [0.0488938  0.04430054]]
pars =  [2.97933863e-01 8.62781590e-03 8.72531041e-01 3.89763400e-02
 3.69273870e-02 1.46029960e+05 1.07544204e-02 1.42011704e-03
 5.41209498e-02 2.37316132e-02]
- function call summary
ssd =  232664.08020016624  sigmas =  [[0.03397799 0.01090438]
 [0.29727525 0.33673163]
 [0.04102604 0.0374008 ]]
pars =  [2.65669661e-01 1.01860534e-02 8.65682881e-01 4.30813875e-02
 3.48992225e-02 1.46361697e+05 1.01778539e-02 1.30659888e-03
 5.90327788e-02 2.43733189e-02]
- function call summary
ssd =  232628.6600576885  sigmas =  [[0.03628235 0.01173543]
 [0.31612624 0.35812366]
 [0.04470104 0.0405683 ]]
pars =  [2.80801813e-01 9.88068116e-03 8.66097239e-01 4.37735447e-02
 3.57265622e-02 1.50168060e+05 9.15230082e-03 1.14448832e-03
 6.17407231e-02 2.34209564e-02]
- function call summary
ssd =  232693.5131186567  sigmas =  [[0.03631651 0.01166362]
 [0.3164061  0.35813467]
 [0.04463983 0.04055056]]
pars =  [2.81273057e-01 9.63459099e-03 8.68859539e-01 4.62874286e-02
 3.39109744e-02 1.49078605e+05 1.03549003e-02 1.02287142e-03
 5.88323587e-02 2.40020633e-02]
- function call summary
ssd =  232718.61350762227  sigmas =  [[0.0379415  0.01219726]
 [0.3300321  0.37355512]
 [0.04714006 0.04274753]]
pars =  [2.90569824e-01 9.89835616e-03 8.69817817e-01 5.03372456e-02
 3.73496344e-02 1.54934791e+05 8.75634894e-03 1.19743220e-03
 5.61548699e-02 2.30858286e-02]
- function call summary
ssd =  232636.50513562607  sigmas =  [[0.03620776 0.0117445 ]
 [0.31475241 0.35686996]
 [0.04480562 0.04061962]]
pars =  [2.82669816e-01 9.95500248e-03 8.67391570e-01 4.42093316e-02
 3.93706482e-02 1.59640557e+05 9.42001547e-03 1.19053284e-03
 7.02574521e-02 2.51920955e-02]
- function call summary
ssd =  232652.13385444693  sigmas =  [[0.0366115  0.01186604]
 [0.31897866 0.36158331]
 [0.04530088 0.04106966]]
pars =  [2.82979955e-01 1.06752222e-02 8.66047134e-01 4.43807335e-02
 3.99498448e-02 1.37765350e+05 9.62761938e-03 1.14041470e-03
 6.32048111e-02 2.13435508e-02]
- function call summary
ssd =  232545.41650747618  sigmas =  [[0.03678428 0.01207445]
 [0.31980399 0.36266719]
 [0.04568536 0.04137396]]
pars =  [2.83524823e-01 9.19750865e-03 8.60466410e-01 4.34813538e-02
 3.21734329e-02 1.64300877e+05 8.96682833e-03 1.21742747e-03
 6.64046076e-02 2.44209415e-02]
- function call summary
ssd =  232483.80934770848  sigmas =  [[0.03730536 0.01242788]
 [0.32319021 0.36675518]
 [0.04667486 0.04224218]]
pars =  [2.86708804e-01 7.68757072e-03 8.54350839e-01 4.39175077e-02
 2.57440793e-02 1.81959904e+05 8.45417654e-03 1.25653315e-03
 7.06540530e-02 3.04216740e-02]
- function call summary
ssd =  232470.96495244047  sigmas =  [[0.03708988 0.01242949]
 [0.32076501 0.36427033]
 [0.04640641 0.04207331]]
pars =  [2.85884293e-01 6.48580033e-03 8.50694903e-01 4.42767764e-02
 2.13850008e-02 2.06980233e+05 8.24676057e-03 1.28846582e-03
 7.21234435e-02 3.95676368e-02]
- function call summary
ssd =  232464.1722277482  sigmas =  [[0.03716245 0.01262829]
 [0.32043388 0.36397933]
 [0.04676395 0.0423277 ]]
pars =  [2.87816545e-01 6.11909949e-03 8.47894189e-01 4.37194309e-02
 1.73670948e-02 1.74548402e+05 6.74329688e-03 1.31005104e-03
 8.45915633e-02 3.59946441e-02]
- function call summary
ssd =  232539.7410325546  sigmas =  [[0.03940059 0.01362608]
 [0.33769927 0.38430533]
 [0.05062299 0.04568768]]
pars =  [3.02190032e-01 6.32448632e-03 8.44944950e-01 4.27118917e-02
 1.70670881e-02 1.99322034e+05 6.67962220e-03 1.26534038e-03
 9.49245045e-02 3.49427027e-02]
- function call summary
ssd =  232442.21915115655  sigmas =  [[0.03767377 0.01287509]
 [0.32487836 0.36903844]
 [0.04746869 0.04298432]]
pars =  [2.88489313e-01 5.51771596e-03 8.43018134e-01 4.45679324e-02
 1.80514681e-02 1.55075664e+05 6.88856755e-03 1.36066788e-03
 7.75967717e-02 3.68889046e-02]
- function call summary
ssd =  232459.88470983534  sigmas =  [[0.03743758 0.01273578]
 [0.32314013 0.36725818]
 [0.04706173 0.04267535]]
pars =  [2.87060062e-01 5.79692852e-03 8.43586296e-01 4.49293214e-02
 1.77790202e-02 1.34710306e+05 6.88406662e-03 1.38524277e-03
 7.44330277e-02 4.13888110e-02]
- function call summary
ssd =  232530.73877927562  sigmas =  [[0.03871003 0.01353861]
 [0.33220196 0.37819439]
 [0.04943918 0.04473931]]
pars =  [2.95692142e-01 5.60102789e-03 8.35751367e-01 4.38459603e-02
 1.91900172e-02 1.42739104e+05 6.61408741e-03 1.31626409e-03
 8.94230637e-02 3.76382891e-02]
- function call summary
ssd =  232393.4691785886  sigmas =  [[0.03708873 0.01259881]
 [0.32050397 0.36362392]
 [0.04634744 0.04199443]]
pars =  [2.83616901e-01 4.99910880e-03 8.43862220e-01 4.44572146e-02
 1.75359245e-02 1.66321429e+05 6.31533855e-03 1.26821966e-03
 7.22333277e-02 3.45086428e-02]
