number of parameters =  14 , number of free parameters =  11
- function call summary
ssd =  8332.726634255825  sigmas =  [[0.0311998  0.04196587]
 [0.07701106 0.09517799]
 [0.01846112 0.02756025]]
pars =  [0.733 0.167 0.639 0.292 0.877 0.25  0.124 0.    0.672 0.373 0.21  0.009
 0.    0.   ]
- function call summary
ssd =  8340.98612144691  sigmas =  [[0.03235756 0.04468165]
 [0.07512737 0.09127012]
 [0.01860591 0.02781867]]
pars =  [0.79218749 0.167      0.639      0.292      0.877      0.25
 0.124      0.         0.672      0.373      0.21       0.009
 0.         0.        ]
- function call summary
ssd =  8330.947852803318  sigmas =  [[0.03103829 0.04173657]
 [0.07742345 0.09637469]
 [0.01843954 0.02751434]]
pars =  [0.733      0.18048474 0.639      0.292      0.877      0.25
 0.124      0.         0.672      0.373      0.21       0.009
 0.         0.        ]
- function call summary
ssd =  8339.393788656336  sigmas =  [[0.04103093 0.05462127]
 [0.10707434 0.14123697]
 [0.02520318 0.03822026]]
pars =  [0.733      0.167      0.69059728 0.292      0.877      0.25
 0.124      0.         0.672      0.373      0.21       0.009
 0.         0.        ]
- function call summary
ssd =  8334.215147442228  sigmas =  [[0.03115959 0.04192349]
 [0.07665626 0.09467179]
 [0.01841228 0.02752821]]
pars =  [0.733     0.167     0.639     0.3155781 0.877     0.25      0.124
 0.        0.672     0.373     0.21      0.009     0.        0.       ]
- function call summary
ssd =  8330.589116061845  sigmas =  [[0.02972646 0.03967412]
 [0.07554307 0.09422024]
 [0.01777346 0.02646131]]
pars =  [0.733      0.167      0.639      0.292      0.88513423 0.25
 0.124      0.         0.672      0.373      0.21       0.009
 0.         0.        ]
- function call summary
ssd =  8330.869419572236  sigmas =  [[0.02829379 0.03831694]
 [0.06791309 0.08145857]
 [0.01662181 0.02477333]]
pars =  [0.733      0.167      0.639      0.292      0.877      0.27018673
 0.124      0.         0.672      0.373      0.21       0.009
 0.         0.        ]
- function call summary
ssd =  8338.116365189846  sigmas =  [[0.03028352 0.04100598]
 [0.07361163 0.09181997]
 [0.01772859 0.02660056]]
pars =  [0.733      0.167      0.639      0.292      0.877      0.25
 0.13401262 0.         0.672      0.373      0.21       0.009
 0.         0.        ]
- function call summary
ssd =  8332.634241242975  sigmas =  [[0.03107144 0.04178167]
 [0.07665879 0.09473289]
 [0.01840137 0.02746996]]
pars =  [0.733      0.167      0.639      0.292      0.877      0.25
 0.124      0.         0.72626193 0.373      0.21       0.009
 0.         0.        ]
- function call summary
ssd =  8332.99175420589  sigmas =  [[0.03112211 0.04185877]
 [0.0765247  0.09458885]
 [0.01842565 0.02750463]]
pars =  [0.733     0.167     0.639     0.292     0.877     0.25      0.124
 0.        0.672     0.4031186 0.21      0.009     0.        0.       ]
- function call summary
ssd =  8330.426435609474  sigmas =  [[0.02946685 0.039558  ]
 [0.07489635 0.09274639]
 [0.01758809 0.02618546]]
pars =  [0.733      0.167      0.639      0.292      0.877      0.25
 0.124      0.         0.672      0.373      0.22695685 0.009
 0.         0.        ]
- function call summary
ssd =  8332.833819021456  sigmas =  [[0.03115056 0.04187588]
 [0.07692724 0.09515309]
 [0.01843957 0.02751227]]
pars =  [0.733      0.167      0.639      0.292      0.877      0.25
 0.124      0.         0.672      0.373      0.21       0.00972672
 0.         0.        ]
- function call summary
ssd =  8323.887698793043  sigmas =  [[0.03005873 0.03923344]
 [0.07907324 0.09996262]
 [0.01831595 0.02726066]]
pars =  [0.67823464 0.167      0.639      0.292      0.877      0.25
 0.124      0.         0.672      0.373      0.21       0.009
 0.         0.        ]
- function call summary
ssd =  8334.320905775588  sigmas =  [[0.03134334 0.04216884]
 [0.07667759 0.09375036]
 [0.01848096 0.02760437]]
pars =  [0.733      0.15452276 0.639      0.292      0.877      0.25
 0.124      0.         0.672      0.373      0.21       0.009
 0.         0.        ]
- function call summary
ssd =  8327.051144211871  sigmas =  [[0.02518819 0.03413147]
 [0.06038576 0.07135187]
 [0.01457833 0.02139763]]
pars =  [0.733      0.167      0.59125776 0.292      0.877      0.25
 0.124      0.         0.672      0.373      0.21       0.009
 0.         0.        ]
- function call summary
ssd =  8331.085719037743  sigmas =  [[0.03124771 0.04200977]
 [0.07730497 0.0956073 ]
 [0.01852172 0.02760541]]
pars =  [0.733      0.167      0.639      0.27018351 0.877      0.25
 0.124      0.         0.672      0.373      0.21       0.009
 0.         0.        ]
- function call summary
ssd =  8334.594205215342  sigmas =  [[0.03257527 0.04413907]
 [0.07837253 0.09572584]
 [0.01909855 0.02857545]]
pars =  [0.733      0.167      0.639      0.292      0.86837541 0.25
 0.124      0.         0.672      0.373      0.21       0.009
 0.         0.        ]
- function call summary
ssd =  8334.372270803982  sigmas =  [[0.0342203  0.04571517]
 [0.08704699 0.11070886]
 [0.02040852 0.03050344]]
pars =  [0.733     0.167     0.639     0.292     0.877     0.2313215 0.124
 0.        0.672     0.373     0.21      0.009     0.        0.       ]
- function call summary
ssd =  8328.007260515691  sigmas =  [[0.03203807 0.04283195]
 [0.0801395  0.09802767]
 [0.01914731 0.02844475]]
pars =  [0.733      0.167      0.639      0.292      0.877      0.25
 0.11473546 0.         0.672      0.373      0.21       0.009
 0.         0.        ]
- function call summary
ssd =  8332.782697613788  sigmas =  [[0.03132337 0.04214384]
 [0.07736099 0.09567815]
 [0.01851743 0.02764726]]
pars =  [0.733     0.167     0.639     0.292     0.877     0.25      0.124
 0.        0.6217922 0.373     0.21      0.009     0.        0.       ]
- function call summary
ssd =  8332.50824137394  sigmas =  [[0.03127594 0.04206653]
 [0.07746328 0.09544344]
 [0.01849537 0.02761341]]
pars =  [0.733      0.167      0.639      0.292      0.877      0.25
 0.124      0.         0.672      0.34513168 0.21       0.009
 0.         0.        ]
- function call summary
ssd =  8334.928505667081  sigmas =  [[0.03284863 0.04427631]
 [0.07895199 0.09696147]
 [0.01929163 0.02886824]]
pars =  [0.733      0.167      0.639      0.292      0.877      0.25
 0.124      0.         0.672      0.373      0.19431006 0.009
 0.         0.        ]
- function call summary
ssd =  8332.621432684226  sigmas =  [[0.03124569 0.04204792]
 [0.07709288 0.09521537]
 [0.01848105 0.02760503]]
pars =  [0.733      0.167      0.639      0.292      0.877      0.25
 0.124      0.         0.672      0.373      0.21       0.00832757
 0.         0.        ]
- function call summary
ssd =  8313.418457725162  sigmas =  [[0.02592568 0.03331845]
 [0.07018779 0.0870348 ]
 [0.01598502 0.02351661]]
pars =  [0.6417643  0.16871407 0.61556364 0.28924665 0.87830197 0.25266524
 0.12026255 0.         0.67230209 0.37245441 0.2128818  0.00899422
 0.         0.        ]
- function call summary
ssd =  8296.114688630345  sigmas =  [[0.02261412 0.0277516 ]
 [0.06799457 0.08471782]
 [0.01472556 0.0214275 ]]
pars =  [0.55201112 0.17059568 0.60483207 0.2863558  0.87979262 0.25564985
 0.1180212  0.         0.67259284 0.37196233 0.21590889 0.00898881
 0.         0.        ]
- function call summary
ssd =  8261.019619794739  sigmas =  [[0.02255563 0.02536599]
 [0.09243525 0.11866889]
 [0.01763798 0.02548042]]
pars =  [0.4094357  0.16917188 0.64612315 0.28873817 0.87893256 0.25355571
 0.12395753 0.         0.67227017 0.37260258 0.21320892 0.00899528
 0.         0.        ]
- function call summary
ssd =  8644.211093717055  sigmas =  [[1.01790345e-12 7.90921041e-13]
 [6.26247837e-13 8.75582099e-13]
 [3.91945295e-13 8.23309320e-13]]
pars =  [0.23152214 0.16146605 0.76390276 0.30154903 0.87299709 0.2416131
 0.14253312 0.         0.67087474 0.37513808 0.20025912 0.00902209
 0.         0.        ]
- function call summary
ssd =  8170.76832646294  sigmas =  [[0.01517691 0.01709822]
 [0.10412905 0.1265521 ]
 [0.01763753 0.0248817 ]]
pars =  [0.37116252 0.18827283 0.72287253 0.2633176  0.89424632 0.28516625
 0.12568369 0.         0.67435368 0.36961996 0.24287109 0.00895931
 0.         0.        ]
- function call summary
ssd =  8111.992905300664  sigmas =  [[0.00813829 0.00932999]
 [0.07038506 0.08138454]
 [0.01149126 0.01626054]]
pars =  [0.2955605  0.19979313 0.73371237 0.25148457 0.90537451 0.30602114
 0.13848719 0.         0.675085   0.3686042  0.26713736 0.00894688
 0.         0.        ]
- function call summary
ssd =  8644.221000641443  sigmas =  [[4.23228378e-12 3.30743024e-12]
 [2.64253147e-12 3.63396442e-12]
 [1.63219298e-12 3.40314759e-12]]
pars =  [0.23566095 0.21293171 0.81853018 0.23672747 0.90783816 0.32625595
 0.1210306  0.         0.67667647 0.36641631 0.28042263 0.00891996
 0.         0.        ]
- function call summary
ssd =  8683.470850201282  sigmas =  [[-1.36841622e-304  9.10435639e-285]
 [-2.61357161e-292  1.49664781e-243]
 [-5.94083263e-293  4.19578144e-293]]
pars =  [0.29766244 0.19756751 0.74779397 0.25368375 0.90455977 0.3019994
 0.13868047 0.         0.674968   0.36877035 0.2870127  0.00894888
 0.         0.        ]
- function call summary
ssd =  8127.676821074828  sigmas =  [[0.00956724 0.01073702]
 [0.07741435 0.09217599]
 [0.01272834 0.01815094]]
pars =  [0.29125768 0.20648592 0.73463882 0.2449362  0.9091936  0.31790836
 0.14551607 0.         0.67556638 0.36791659 0.23525639 0.0089386
 0.         0.        ]
- function call summary
ssd =  8112.6283383460295  sigmas =  [[0.00820773 0.0095123 ]
 [0.07342091 0.08563813]
 [0.01181881 0.01676825]]
pars =  [0.29571206 0.21485499 0.73971786 0.25616146 0.90446232 0.30193169
 0.13940358 0.         0.67465438 0.3692478  0.26705808 0.00895443
 0.         0.        ]
- function call summary
ssd =  8137.809545898854  sigmas =  [[0.0081775  0.0092562 ]
 [0.06154738 0.07302997]
 [0.01046109 0.01475273]]
pars =  [0.28887738 0.20060765 0.68569059 0.25456873 0.90526404 0.30426777
 0.13632696 0.         0.67426528 0.36992973 0.26146488 0.0089618
 0.         0.        ]
- function call summary
ssd =  8141.588382697097  sigmas =  [[0.00819653 0.00940109]
 [0.07307011 0.08736015]
 [0.01185856 0.01675619]]
pars =  [0.29075881 0.19799165 0.74245047 0.25743079 0.9055845  0.30147614
 0.13902891 0.         0.6738008  0.39472755 0.26527426 0.00897067
 0.         0.        ]
- function call summary
ssd =  8122.295861665263  sigmas =  [[0.00887742 0.01015727]
 [0.07249173 0.08490899]
 [0.01204561 0.01703382]]
pars =  [0.2961464  0.20146253 0.72963039 0.23768787 0.90316991 0.31256248
 0.14153118 0.         0.68215003 0.3768115  0.26216695 0.00881303
 0.         0.        ]
- function call summary
ssd =  8110.856116316232  sigmas =  [[0.00709299 0.00818185]
 [0.06184989 0.07132768]
 [0.01012541 0.01427195]]
pars =  [0.30630322 0.20297127 0.73624446 0.24976866 0.90949749 0.31513382
 0.13617384 0.         0.68567578 0.37481191 0.27147121 0.00885255
 0.         0.        ]
- function call summary
ssd =  8644.277967709364  sigmas =  [[2.33581888e-51 1.82869195e-51]
 [1.53543859e-51 2.04867457e-51]
 [9.15307812e-52 1.88785888e-51]]
pars =  [0.30614242 0.20090876 0.75751329 0.25285503 0.91238283 0.31738851
 0.13805969 0.         0.66787674 0.36770982 0.26015461 0.00906976
 0.         0.        ]
- function call summary
ssd =  8125.351438006137  sigmas =  [[0.00788854 0.00908048]
 [0.06467686 0.0759434 ]
 [0.01083429 0.01515371]]
pars =  [0.32216346 0.20125254 0.73057812 0.25260033 0.90765227 0.31545159
 0.1360053  0.         0.68446083 0.39384669 0.26852429 0.00896162
 0.         0.        ]
- function call summary
ssd =  8127.264653545768  sigmas =  [[0.007554   0.00868682]
 [0.06411449 0.07578322]
 [0.01064417 0.01495601]]
pars =  [0.30369154 0.20164423 0.73952145 0.25796096 0.90811052 0.32308714
 0.13749377 0.         0.72744622 0.37255188 0.26793058 0.00874408
 0.         0.        ]
- function call summary
ssd =  8119.553501340273  sigmas =  [[0.00734049 0.0084596 ]
 [0.06242055 0.07303973]
 [0.01032882 0.01450236]]
pars =  [0.30664132 0.20245191 0.73649726 0.25578299 0.90851853 0.32461745
 0.13654799 0.         0.65836717 0.37482354 0.27145855 0.0083981
 0.         0.        ]
- function call summary
ssd =  8106.347166544873  sigmas =  [[0.00725694 0.00836145]
 [0.06377468 0.07325599]
 [0.01036126 0.01465675]]
pars =  [0.30669115 0.20332126 0.73018689 0.24611363 0.9103218  0.30063967
 0.13657573 0.         0.6993603  0.37724966 0.26628898 0.00841174
 0.         0.        ]
- function call summary
ssd =  8116.653796324795  sigmas =  [[0.00821821 0.00942704]
 [0.06834242 0.07937199]
 [0.01130995 0.01590072]]
pars =  [0.32140284 0.19964762 0.72368814 0.23499514 0.90865585 0.29631969
 0.13824105 0.         0.69885535 0.38184636 0.26123435 0.00843001
 0.         0.        ]
- function call summary
ssd =  8110.732024852638  sigmas =  [[0.00651526 0.00753541]
 [0.05541814 0.06358041]
 [0.00913937 0.0129083 ]]
pars =  [0.29694202 0.21044707 0.71535719 0.23845366 0.91107928 0.31379289
 0.13615198 0.         0.70232218 0.38012112 0.27060064 0.00850268
 0.         0.        ]
- function call summary
ssd =  8110.955416040983  sigmas =  [[0.00762499 0.008836  ]
 [0.06536177 0.07544308]
 [0.010732   0.01509853]]
pars =  [0.32037021 0.20789803 0.71730682 0.24867832 0.90852006 0.28835162
 0.13282133 0.         0.69960731 0.38182383 0.26839087 0.00842336
 0.         0.        ]
- function call summary
ssd =  8117.621189360509  sigmas =  [[0.00885078 0.01007323]
 [0.07402281 0.08645156]
 [0.01215783 0.01720687]]
pars =  [0.30286628 0.20203023 0.72537218 0.24789134 0.90701991 0.29783196
 0.13954248 0.         0.69308008 0.3716314  0.25339275 0.00865794
 0.         0.        ]
- function call summary
ssd =  8113.786533426535  sigmas =  [[0.00799704 0.00913574]
 [0.0671706  0.07765874]
 [0.01111097 0.01566218]]
pars =  [0.30783839 0.20096259 0.72126942 0.24159167 0.90907494 0.30347228
 0.12783202 0.         0.70219685 0.37687257 0.25948246 0.00840207
 0.         0.        ]
- function call summary
ssd =  8103.180548584827  sigmas =  [[0.00649037 0.0075226 ]
 [0.05743525 0.06539318]
 [0.00938164 0.01323117]]
pars =  [0.31481804 0.19873143 0.72865187 0.2415543  0.91156735 0.3010228
 0.13074539 0.         0.70488457 0.38623379 0.27674976 0.00828534
 0.         0.        ]
- function call summary
ssd =  8102.075431212888  sigmas =  [[0.00587796 0.00688136]
 [0.05278377 0.06015021]
 [0.008585   0.0120708 ]]
pars =  [0.33048267 0.20577205 0.73667381 0.23815928 0.91411518 0.30775133
 0.13125611 0.         0.70730462 0.37951261 0.28139031 0.0082548
 0.         0.        ]
- function call summary
ssd =  8099.834892207091  sigmas =  [[0.00575267 0.00681047]
 [0.05238591 0.05953714]
 [0.00848113 0.01189939]]
pars =  [0.34378768 0.21262376 0.73486845 0.23424709 0.91394042 0.29420331
 0.12900064 0.         0.7150654  0.38221287 0.28628497 0.00810851
 0.         0.        ]
- function call summary
ssd =  8089.872969534994  sigmas =  [[0.00462536 0.00553632]
 [0.0449013  0.05055686]
 [0.00702157 0.00996525]]
pars =  [0.33123439 0.21883032 0.75073498 0.22939558 0.91717364 0.29514952
 0.1300503  0.         0.72159192 0.38750815 0.29354383 0.00799467
 0.         0.        ]
- function call summary
ssd =  8090.73245112967  sigmas =  [[0.00386215 0.00465257]
 [0.03764386 0.04257798]
 [0.005893   0.00832603]]
pars =  [0.33784017 0.22096057 0.7446268  0.23870269 0.92003978 0.29394386
 0.13127369 0.         0.73720753 0.38739788 0.30123214 0.00772285
 0.         0.        ]
- function call summary
ssd =  8082.950762016426  sigmas =  [[0.00365181 0.00439569]
 [0.0364158  0.04069292]
 [0.00559421 0.00799904]]
pars =  [0.31716391 0.21958711 0.75317944 0.2239982  0.91969385 0.29973942
 0.13241573 0.         0.725993   0.37930213 0.30419067 0.00791637
 0.         0.        ]
- function call summary
ssd =  8083.910703928899  sigmas =  [[0.00343154 0.00414383]
 [0.03439102 0.03857842]
 [0.00527232 0.00753354]]
pars =  [0.31926749 0.22382773 0.76401759 0.21780338 0.92094612 0.3153665
 0.13485315 0.         0.7312883  0.36563716 0.30524893 0.00794303
 0.         0.        ]
- function call summary
ssd =  8644.350896918706  sigmas =  [[6.03572437e-26 4.73985405e-26]
 [3.93545933e-26 5.25494272e-26]
 [2.35938574e-26 4.86993680e-26]]
pars =  [0.30467646 0.22002807 0.79926917 0.22363564 0.91976493 0.30272882
 0.12925784 0.         0.72081321 0.38091616 0.3070662  0.00796798
 0.         0.        ]
- function call summary
ssd =  8083.604997706959  sigmas =  [[0.00314906 0.00377756]
 [0.03030518 0.03373497]
 [0.00477483 0.00677679]]
pars =  [0.32737378 0.21740653 0.72203191 0.21776555 0.92257552 0.29515137
 0.13314936 0.         0.71574069 0.37911068 0.30821029 0.00800687
 0.         0.        ]
- function call summary
ssd =  8083.5637712990465  sigmas =  [[0.00318873 0.00387769]
 [0.03190175 0.03555215]
 [0.00494017 0.00700953]]
pars =  [0.3227459  0.21517165 0.7542555  0.2241908  0.91875414 0.30135898
 0.12834731 0.         0.72551415 0.38507429 0.32379402 0.0078827
 0.         0.        ]
- function call summary
ssd =  8087.980398300104  sigmas =  [[0.00343997 0.00414896]
 [0.03278156 0.03665711]
 [0.00522162 0.00737851]]
pars =  [0.32969765 0.21780257 0.73272667 0.22149306 0.91955035 0.30772561
 0.13265836 0.         0.74226224 0.3688118  0.31294394 0.00769619
 0.         0.        ]
- function call summary
ssd =  8644.348231494992  sigmas =  [[1.61157728e-90 1.26728145e-90]
 [1.07162405e-90 1.41392437e-90]
 [6.33956033e-91 1.30165457e-90]]
pars =  [0.32854134 0.21925911 0.78863291 0.21743224 0.92161345 0.29574402
 0.12985587 0.         0.73729706 0.37884074 0.30436519 0.00778215
 0.         0.        ]
- function call summary
ssd =  8084.079713698204  sigmas =  [[0.00318387 0.00388078]
 [0.03155641 0.03526073]
 [0.00487907 0.00695645]]
pars =  [0.31924064 0.23010662 0.74010747 0.22780337 0.91973783 0.30163744
 0.13684549 0.         0.71624315 0.38417837 0.31585024 0.00806006
 0.         0.        ]
- function call summary
ssd =  8084.317315339462  sigmas =  [[0.00363425 0.00438565]
 [0.03534278 0.0392996 ]
 [0.00550598 0.00785923]]
pars =  [0.31841433 0.22884578 0.72843695 0.22052281 0.91962131 0.29392411
 0.12683552 0.         0.74412343 0.37909675 0.30245636 0.00798218
 0.         0.        ]
- function call summary
ssd =  8082.709240495891  sigmas =  [[0.0030023  0.00363082]
 [0.02928675 0.03251092]
 [0.00458348 0.00652573]]
pars =  [0.31553879 0.22184378 0.72472953 0.22902703 0.92123035 0.30473028
 0.12743834 0.         0.72082652 0.38233532 0.31543489 0.00777814
 0.         0.        ]
- function call summary
ssd =  8082.14391620283  sigmas =  [[0.00287739 0.00349416]
 [0.02812373 0.03102779]
 [0.0043962  0.00627206]]
pars =  [0.30731153 0.2212586  0.72454797 0.22145181 0.92073386 0.30525953
 0.13060637 0.         0.73011986 0.40004621 0.31971056 0.00751932
 0.         0.        ]
- function call summary
ssd =  8082.436095432615  sigmas =  [[0.00240678 0.00293276]
 [0.02364565 0.02610699]
 [0.00369565 0.00525509]]
pars =  [0.31186997 0.21726171 0.7239614  0.22317968 0.92276896 0.30090279
 0.13116817 0.         0.76130404 0.40818801 0.32900216 0.00780834
 0.         0.        ]
- function call summary
ssd =  8079.735549271729  sigmas =  [[0.00230042 0.00283138]
 [0.02272526 0.02492868]
 [0.00354247 0.00504258]]
pars =  [0.30963613 0.22585799 0.71487633 0.21711184 0.9219523  0.30023971
 0.1288782  0.         0.73841019 0.40224276 0.33590538 0.0072206
 0.         0.        ]
- function call summary
ssd =  8078.248544928103  sigmas =  [[0.00201315 0.00248732]
 [0.02016641 0.02213309]
 [0.00311842 0.00442572]]
pars =  [0.31927025 0.22380114 0.71374648 0.22055449 0.92366563 0.28418528
 0.12699713 0.         0.72507236 0.40653246 0.34348415 0.00722063
 0.         0.        ]
- function call summary
ssd =  8074.899022583872  sigmas =  [[0.00171924 0.00212847]
 [0.01740831 0.01912573]
 [0.00266103 0.00379398]]
pars =  [0.31726634 0.22753365 0.70987078 0.21114975 0.92635416 0.28360373
 0.123881   0.         0.6978971  0.41079052 0.34431482 0.00715224
 0.         0.        ]
- function call summary
ssd =  8076.268943549505  sigmas =  [[0.00148781 0.00185588]
 [0.01499423 0.01637541]
 [0.00231545 0.00328514]]
pars =  [0.32120075 0.2285026  0.70694657 0.20234899 0.92635569 0.29292258
 0.12250784 0.         0.71356419 0.40018049 0.35840997 0.00721385
 0.         0.        ]
- function call summary
ssd =  8074.941011359244  sigmas =  [[0.00159903 0.00198325]
 [0.01626651 0.01776348]
 [0.00246754 0.00352365]]
pars =  [0.31451418 0.23103061 0.70695407 0.20441911 0.92776563 0.27433116
 0.12215351 0.         0.7341134  0.41568287 0.34189107 0.00724538
 0.         0.        ]
- function call summary
ssd =  8076.288392129884  sigmas =  [[0.00152655 0.0019076 ]
 [0.01564073 0.01713691]
 [0.00236794 0.00337928]]
pars =  [0.3152187  0.23412258 0.71676967 0.21342295 0.9275087  0.28490831
 0.12506161 0.         0.71919858 0.41689109 0.3478394  0.00675072
 0.         0.        ]
- function call summary
ssd =  8073.397378607248  sigmas =  [[0.00136192 0.00168462]
 [0.01414508 0.01554416]
 [0.00211462 0.00302833]]
pars =  [0.30795182 0.22105967 0.73547035 0.20896732 0.92962631 0.28818748
 0.12448139 0.         0.70365491 0.40867034 0.34813806 0.00710157
 0.         0.        ]
- function call summary
ssd =  8069.138635775991  sigmas =  [[0.0012314  0.00152531]
 [0.01276073 0.01383167]
 [0.00191208 0.00274738]]
pars =  [0.2935092  0.21919896 0.71766788 0.19998459 0.92925814 0.28566658
 0.12664429 0.         0.70353034 0.40673905 0.35646851 0.0070201
 0.         0.        ]
- function call summary
ssd =  8068.017136531347  sigmas =  [[0.00102981 0.00128311]
 [0.01081793 0.01174782]
 [0.00159681 0.00230107]]
pars =  [0.28979195 0.23084851 0.71907928 0.20041088 0.93158671 0.29036495
 0.13068142 0.         0.70378957 0.39779825 0.35703107 0.00710249
 0.         0.        ]
- function call summary
ssd =  8069.876426271473  sigmas =  [[0.00095307 0.00119579]
 [0.01003348 0.01088658]
 [0.00148294 0.00213501]]
pars =  [0.28726928 0.23282536 0.73167184 0.1920818  0.9311628  0.3038331
 0.1300697  0.         0.72737843 0.39914804 0.36541042 0.00713375
 0.         0.        ]
- function call summary
ssd =  8068.480800669337  sigmas =  [[0.00071144 0.00089901]
 [0.00750626 0.00812769]
 [0.00110893 0.00159282]]
pars =  [0.28999609 0.23611552 0.70319749 0.2037832  0.93318074 0.29047058
 0.12902173 0.         0.71216222 0.40392186 0.3788344  0.00705076
 0.         0.        ]
- function call summary
ssd =  8068.390395203419  sigmas =  [[0.00080218 0.00100443]
 [0.00840013 0.00909967]
 [0.00124629 0.00178912]]
pars =  [0.29372785 0.22897601 0.70525342 0.19924756 0.93332044 0.28645932
 0.12433636 0.         0.72178187 0.40005801 0.36912388 0.00700955
 0.         0.        ]
- function call summary
ssd =  8066.70077308569  sigmas =  [[0.00084483 0.00105278]
 [0.00888419 0.0096392 ]
 [0.00130889 0.00188632]]
pars =  [0.29172227 0.22949215 0.71235085 0.19325258 0.93384299 0.29101068
 0.13098997 0.         0.6709751  0.40914192 0.36164339 0.0070941
 0.         0.        ]
- function call summary
ssd =  8064.483740934973  sigmas =  [[0.00084567 0.00105007]
 [0.00890963 0.00963993]
 [0.00130837 0.00188946]]
pars =  [0.28841611 0.22428604 0.70905478 0.18603308 0.9337205  0.27719035
 0.13117584 0.         0.65013723 0.41486824 0.36256952 0.00722495
 0.         0.        ]
- function call summary
ssd =  8065.164434064553  sigmas =  [[0.00071319 0.00088825]
 [0.00748944 0.00807643]
 [0.00110555 0.00159076]]
pars =  [0.29294184 0.2205112  0.69428789 0.19177757 0.93478333 0.26750817
 0.12973772 0.         0.64244524 0.430978   0.37161866 0.00711255
 0.         0.        ]
- function call summary
ssd =  8062.168925674787  sigmas =  [[0.0009553  0.00117624]
 [0.01003971 0.01084724]
 [0.00147328 0.00213793]]
pars =  [0.2810537  0.22225704 0.706463   0.18162845 0.93360788 0.28444501
 0.1359188  0.         0.62700993 0.40767541 0.35211561 0.00710402
 0.         0.        ]
- function call summary
ssd =  8059.267481768308  sigmas =  [[0.00074425 0.00092383]
 [0.00801098 0.00863389]
 [0.00115413 0.00167825]]
pars =  [0.27206495 0.22209634 0.72933826 0.18068791 0.93473192 0.28499801
 0.13290377 0.         0.61051333 0.40944662 0.36583435 0.00689421
 0.         0.        ]
- function call summary
ssd =  8059.073687366975  sigmas =  [[0.00066291 0.00082916]
 [0.00713879 0.00769618]
 [0.00103016 0.00149902]]
pars =  [0.26744228 0.22834069 0.7235115  0.17678766 0.93485043 0.29766628
 0.13653504 0.         0.61156428 0.40437959 0.3733752  0.00665654
 0.         0.        ]
- function call summary
ssd =  8055.937134998863  sigmas =  [[0.000561   0.00070073]
 [0.00599863 0.00644011]
 [0.00087034 0.00126696]]
pars =  [0.26024115 0.22581761 0.68351193 0.17694201 0.93580889 0.29060066
 0.13473609 0.         0.61086574 0.39817471 0.3800356  0.00652989
 0.         0.        ]
- function call summary
ssd =  8052.148689758931  sigmas =  [[0.00050892 0.00063167]
 [0.00551062 0.00589721]
 [0.00078755 0.00115341]]
pars =  [0.24754912 0.2220934  0.69477839 0.17375044 0.93747404 0.29019996
 0.13215581 0.         0.59063475 0.39733041 0.37580752 0.00662915
 0.         0.        ]
- function call summary
ssd =  8052.2984931323335  sigmas =  [[0.00047969 0.00059203]
 [0.00514383 0.0054926 ]
 [0.00074307 0.00108578]]
pars =  [0.24807992 0.20989653 0.69120714 0.16890511 0.93807027 0.29238183
 0.13004584 0.         0.59768383 0.40009999 0.37812996 0.00638896
 0.         0.        ]
- function call summary
ssd =  8051.69713419994  sigmas =  [[0.00047109 0.00058429]
 [0.00510834 0.00546675]
 [0.00072959 0.00106705]]
pars =  [0.25374372 0.21720074 0.69715571 0.17196811 0.93827789 0.28042201
 0.13281374 0.         0.56542876 0.3979375  0.37881742 0.00638172
 0.         0.        ]
- function call summary
ssd =  8051.648808368533  sigmas =  [[0.00043944 0.00054369]
 [0.00472687 0.00506814]
 [0.00067647 0.00098946]]
pars =  [0.25936691 0.22271909 0.66785853 0.16982453 0.94016635 0.28301408
 0.12962614 0.         0.56194177 0.40116972 0.37118471 0.00622328
 0.         0.        ]
- function call summary
ssd =  8053.570495282221  sigmas =  [[0.00047894 0.00059567]
 [0.00514691 0.00550034]
 [0.00074011 0.00108122]]
pars =  [0.25661878 0.2212628  0.67962932 0.16696422 0.93821037 0.28061775
 0.1253043  0.         0.55676446 0.42176967 0.37747371 0.00620467
 0.         0.        ]
- function call summary
ssd =  8051.765722853556  sigmas =  [[0.00028887 0.00036094]
 [0.0031409  0.0033552 ]
 [0.00044526 0.00065088]]
pars =  [0.25527618 0.22672275 0.67778363 0.17439754 0.94218887 0.28317094
 0.12696998 0.         0.57024954 0.40587716 0.38829206 0.0061015
 0.         0.        ]
- function call summary
ssd =  8053.062807125737  sigmas =  [[0.0003017  0.00037638]
 [0.00326319 0.00349073]
 [0.00046636 0.00068025]]
pars =  [0.25922607 0.21969771 0.68294709 0.16436475 0.94198092 0.28128957
 0.13079752 0.         0.57524148 0.41099081 0.38763313 0.00616972
 0.         0.        ]
- function call summary
ssd =  8051.2973982361955  sigmas =  [[0.00036214 0.00045129]
 [0.00392289 0.00421061]
 [0.00055952 0.00081681]]
pars =  [0.2645847  0.2254114  0.67386006 0.16555491 0.94064332 0.2884165
 0.12627412 0.         0.54128984 0.38858979 0.38410365 0.00627021
 0.         0.        ]
- function call summary
ssd =  8052.543887945643  sigmas =  [[0.00037513 0.00046938]
 [0.0040492  0.00434205]
 [0.00058318 0.00084947]]
pars =  [0.25965421 0.22048217 0.68428052 0.16497966 0.93888244 0.29928655
 0.1245866  0.         0.56422715 0.39095858 0.39370448 0.0062246
 0.         0.        ]
- function call summary
ssd =  8051.244752709111  sigmas =  [[0.00030784 0.00038299]
 [0.00332441 0.00357056]
 [0.0004754  0.00069315]]
pars =  [0.26620295 0.22137448 0.67628893 0.16715617 0.9417238  0.30042709
 0.13068522 0.         0.52053617 0.39439861 0.39000289 0.00615317
 0.         0.        ]
