number of parameters =  14 , number of free parameters =  11
- function call summary
ssd =  7931.867630899283  sigmas =  [[0.00516558 0.00454116]
 [0.06645832 0.06552456]
 [0.00628163 0.01079663]]
pars =  [0.237  0.0981 0.131  0.0477 0.931  0.004  0.0153 0.     0.064  0.053
 0.153  0.001  0.     0.    ]
- function call summary
ssd =  7936.23058456341  sigmas =  [[0.0074398  0.00651394]
 [0.09031578 0.09020381]
 [0.00951033 0.01528058]]
pars =  [0.48682646 0.0981     0.131      0.0477     0.931      0.004
 0.0153     0.         0.064      0.053      0.153      0.001
 0.         0.        ]
- function call summary
ssd =  7938.842051113657  sigmas =  [[0.00474766 0.0044579 ]
 [0.06228469 0.06262536]
 [0.00599309 0.01023501]]
pars =  [0.237      0.20150918 0.131      0.0477     0.931      0.004
 0.0153     0.         0.064      0.053      0.153      0.001
 0.         0.        ]
- function call summary
ssd =  7939.702733500122  sigmas =  [[0.00529698 0.00465423]
 [0.06810414 0.0680715 ]
 [0.00654733 0.01122096]]
pars =  [0.237      0.0981     0.26908973 0.0477     0.931      0.004
 0.0153     0.         0.064      0.053      0.153      0.001
 0.         0.        ]
- function call summary
ssd =  7931.789714349024  sigmas =  [[0.00517185 0.00454297]
 [0.06666553 0.06587334]
 [0.00630783 0.01082418]]
pars =  [0.237      0.0981     0.131      0.09798153 0.931      0.004
 0.0153     0.         0.064      0.053      0.153      0.001
 0.         0.        ]
- function call summary
ssd =  7934.965950228728  sigmas =  [[0.00067497 0.00059191]
 [0.00863546 0.00848229]
 [0.00080702 0.00139706]]
pars =  [0.237      0.0981     0.131      0.0477     0.96517589 0.004
 0.0153     0.         0.064      0.053      0.153      0.001
 0.         0.        ]
- function call summary
ssd =  7932.024795058469  sigmas =  [[0.00516074 0.00453902]
 [0.06632561 0.06553592]
 [0.00630357 0.01081086]]
pars =  [0.237      0.0981     0.131      0.0477     0.931      0.00821648
 0.0153     0.         0.064      0.053      0.153      0.001
 0.         0.        ]
- function call summary
ssd =  7931.360010992853  sigmas =  [[0.00516099 0.00453979]
 [0.06635202 0.0654321 ]
 [0.00630125 0.01080527]]
pars =  [0.237      0.0981     0.131      0.0477     0.931      0.004
 0.03142804 0.         0.064      0.053      0.153      0.001
 0.         0.        ]
- function call summary
ssd =  7932.938138525038  sigmas =  [[0.00511566 0.004507  ]
 [0.06581271 0.06492327]
 [0.0062211  0.01068898]]
pars =  [0.237      0.0981     0.131      0.0477     0.931      0.004
 0.0153     0.         0.13146368 0.053      0.153      0.001
 0.         0.        ]
- function call summary
ssd =  7936.823463116495  sigmas =  [[0.00511374 0.00451309]
 [0.06564739 0.06492675]
 [0.00627419 0.01074581]]
pars =  [0.237      0.0981     0.131      0.0477     0.931      0.004
 0.0153     0.         0.064      0.10886836 0.153      0.001
 0.         0.        ]
- function call summary
ssd =  7944.54530002319  sigmas =  [[0.00068567 0.00071388]
 [0.00878969 0.00847096]
 [0.00081165 0.00137543]]
pars =  [0.237      0.0981     0.131      0.0477     0.931      0.004
 0.0153     0.         0.064      0.053      0.31428037 0.001
 0.         0.        ]
- function call summary
ssd =  7932.767687863583  sigmas =  [[0.00512866 0.00448287]
 [0.06592596 0.06517144]
 [0.00621859 0.0106987 ]]
pars =  [0.237      0.0981     0.131      0.0477     0.931      0.004
 0.0153     0.         0.064      0.053      0.153      0.00205412
 0.         0.        ]
- function call summary
ssd =  7946.388614611043  sigmas =  [[0.00445419 0.00397899]
 [0.05823198 0.05832876]
 [0.00578251 0.00966024]]
pars =  [0.11537787 0.0981     0.131      0.0477     0.931      0.004
 0.0153     0.         0.064      0.053      0.153      0.001
 0.         0.        ]
- function call summary
ssd =  7934.802895822291  sigmas =  [[0.00536446 0.00457649]
 [0.06821373 0.0669426 ]
 [0.00643798 0.01107778]]
pars =  [0.237      0.04775768 0.131      0.0477     0.931      0.004
 0.0153     0.         0.064      0.053      0.153      0.001
 0.         0.        ]
- function call summary
ssd =  7929.227193088366  sigmas =  [[0.00510375 0.00449503]
 [0.06565007 0.06507813]
 [0.00615617 0.01060658]]
pars =  [0.237      0.0981     0.06377427 0.0477     0.931      0.004
 0.0153     0.         0.064      0.053      0.153      0.001
 0.         0.        ]
- function call summary
ssd =  7931.502464223838  sigmas =  [[0.00516281 0.00454074]
 [0.06637139 0.06552495]
 [0.0062694  0.01078348]]
pars =  [0.237      0.0981     0.131      0.02322162 0.931      0.004
 0.0153     0.         0.064      0.053      0.153      0.001
 0.         0.        ]
- function call summary
ssd =  7931.200505368284  sigmas =  [[0.01398465 0.01225988]
 [0.17995636 0.18083129]
 [0.01735236 0.02950845]]
pars =  [0.237      0.0981     0.131      0.0477     0.86787568 0.004
 0.0153     0.         0.064      0.053      0.153      0.001
 0.         0.        ]
- function call summary
ssd =  7931.970761195181  sigmas =  [[0.00516718 0.00454328]
 [0.06650246 0.06554452]
 [0.0062714  0.01079039]]
pars =  [0.237      0.0981     0.131      0.0477     0.931      0.00194731
 0.0153     0.         0.064      0.053      0.153      0.001
 0.         0.        ]
- function call summary
ssd =  7931.617933621959  sigmas =  [[0.00516815 0.00454199]
 [0.06653741 0.06559407]
 [0.00627078 0.01079133]]
pars =  [0.237      0.0981     0.131      0.0477     0.931      0.004
 0.00744844 0.         0.064      0.053      0.153      0.001
 0.         0.        ]
- function call summary
ssd =  7931.179402771417  sigmas =  [[0.00518737 0.00456015]
 [0.06675026 0.06597815]
 [0.00630862 0.01084372]]
pars =  [0.237      0.0981     0.131      0.0477     0.931      0.004
 0.0153     0.         0.03115689 0.053      0.153      0.001
 0.         0.        ]
- function call summary
ssd =  7929.05040517708  sigmas =  [[0.00518921 0.00455458]
 [0.06683064 0.06595818]
 [0.00629162 0.01082624]]
pars =  [0.237     0.0981    0.131     0.0477    0.931     0.004     0.0153
 0.        0.064     0.0258018 0.153     0.001     0.        0.       ]
- function call summary
ssd =  7942.56390865101  sigmas =  [[0.01528113 0.01205832]
 [0.1975916  0.19890249]
 [0.01972108 0.03315123]]
pars =  [0.237      0.0981     0.131      0.0477     0.931      0.004
 0.0153     0.         0.064      0.053      0.07448445 0.001
 0.         0.        ]
- function call summary
ssd =  7931.316707255204  sigmas =  [[0.00518324 0.00457083]
 [0.06671284 0.06584961]
 [0.00631234 0.01084435]]
pars =  [2.37000000e-01 9.81000000e-02 1.31000000e-01 4.77000000e-02
 9.31000000e-01 4.00000000e-03 1.53000000e-02 0.00000000e+00
 6.40000000e-02 5.30000000e-02 1.53000000e-01 4.86826458e-04
 0.00000000e+00 0.00000000e+00]
- function call summary
ssd =  7924.519303634769  sigmas =  [[0.00915982 0.00793731]
 [0.11690148 0.11559738]
 [0.01102549 0.01888437]]
pars =  [2.80231308e-01 8.72459736e-02 7.82781768e-02 4.61071650e-02
 9.10691642e-01 3.97727097e-03 1.57989727e-02 0.00000000e+00
 5.33591356e-02 1.96506263e-02 1.49345292e-01 8.59994995e-04
 0.00000000e+00 0.00000000e+00]
- function call summary
ssd =  7922.944719927718  sigmas =  [[0.01276499 0.01103144]
 [0.16160259 0.16033752]
 [0.01559075 0.02644322]]
pars =  [2.85782103e-01 8.52050220e-02 6.63038605e-02 3.04430454e-02
 8.90239212e-01 3.85010031e-03 2.74044875e-02 0.00000000e+00
 2.13196977e-02 1.55577722e-02 1.46060114e-01 3.91715804e-04
 0.00000000e+00 0.00000000e+00]
- function call summary
ssd =  8192.620524605341  sigmas =  [[0.0100029  0.00960091]
 [0.0586896  0.08467799]
 [0.00647477 0.01016614]]
pars =  [2.86308310e-01 8.51012516e-02 6.63088660e-02 9.44389481e-03
 8.93747116e-01 3.82564411e-03 3.77845504e-01 0.00000000e+00
 1.93994015e-02 1.75384505e-02 1.53347706e-01 3.55124356e-04
 0.00000000e+00 0.00000000e+00]
- function call summary
ssd =  7930.756102576792  sigmas =  [[0.01219097 0.01060723]
 [0.14964678 0.14911094]
 [0.01470145 0.02465072]]
pars =  [2.89292116e-01 8.46020474e-02 6.54621277e-02 2.29162140e-02
 8.92230613e-01 3.85989703e-03 5.27868789e-02 0.00000000e+00
 2.24309219e-02 1.61930304e-02 1.48495413e-01 4.11864662e-04
 0.00000000e+00 0.00000000e+00]
- function call summary
ssd =  7923.292041512685  sigmas =  [[0.01258453 0.01086151]
 [0.15844065 0.15749212]
 [0.01536306 0.02596908]]
pars =  [2.89002830e-01 8.41176902e-02 6.42339695e-02 1.13135824e-01
 8.92296832e-01 4.05998465e-03 3.87088777e-02 0.00000000e+00
 2.51041742e-02 1.42835447e-02 1.45317797e-01 6.06828544e-04
 0.00000000e+00 0.00000000e+00]
- function call summary
ssd =  7921.417115721406  sigmas =  [[0.01297712 0.01122827]
 [0.16392923 0.16227087]
 [0.01585532 0.02684085]]
pars =  [2.94326448e-01 8.35794158e-02 6.32417125e-02 3.26040849e-02
 8.89595020e-01 3.87706229e-03 2.88894518e-02 0.00000000e+00
 2.34940989e-02 1.43770026e-02 1.46344062e-01 1.94317667e-04
 0.00000000e+00 0.00000000e+00]
- function call summary
ssd =  7921.551744279877  sigmas =  [[0.01292816 0.01115291]
 [0.16362687 0.16198977]
 [0.01576472 0.02672965]]
pars =  [2.97110687e-01 8.20785792e-02 5.82551835e-02 2.30076454e-02
 8.90504134e-01 3.96065992e-03 2.19513365e-02 0.00000000e+00
 3.55757902e-02 1.24148091e-02 1.46065228e-01 1.37460801e-04
 0.00000000e+00 0.00000000e+00]
- function call summary
ssd =  7920.16495905194  sigmas =  [[0.01375846 0.01187424]
 [0.1719239  0.16949734]
 [0.01676635 0.0282305 ]]
pars =  [3.10245873e-01 8.10254456e-02 3.14825178e-02 3.33865900e-02
 8.85669379e-01 3.86096532e-03 2.91032985e-02 0.00000000e+00
 2.36369831e-02 1.23155387e-02 1.46362418e-01 2.02542979e-04
 0.00000000e+00 0.00000000e+00]
- function call summary
ssd =  7918.474189393972  sigmas =  [[0.01147792 0.00995756]
 [0.14486244 0.14231478]
 [0.01395276 0.02363224]]
pars =  [3.03556827e-01 8.18795068e-02 3.25591295e-02 4.98064376e-02
 8.98575735e-01 3.63992522e-03 2.89610061e-02 0.00000000e+00
 2.43130395e-02 1.66916823e-02 1.48566779e-01 1.23908058e-04
 0.00000000e+00 0.00000000e+00]
- function call summary
ssd =  7921.989247322002  sigmas =  [[0.01206687 0.01051993]
 [0.15084193 0.14901809]
 [0.01471186 0.02475448]]
pars =  [3.04810153e-01 8.24191225e-02 3.72827222e-02 8.49507975e-02
 8.92672658e-01 4.34851067e-03 3.55115093e-02 0.00000000e+00
 2.71358761e-02 1.65081184e-02 1.51440199e-01 8.70156145e-05
 0.00000000e+00 0.00000000e+00]
- function call summary
ssd =  7934.418159577595  sigmas =  [[0.00881807 0.00774044]
 [0.11399199 0.11471682]
 [0.01113812 0.01869922]]
pars =  [1.51632008e-01 8.37088695e-02 3.18229385e-02 4.92940773e-02
 9.03506405e-01 3.53751974e-03 2.91646287e-02 0.00000000e+00
 2.19249159e-02 1.47792708e-02 1.49075704e-01 1.14791917e-04
 0.00000000e+00 0.00000000e+00]
- function call summary
ssd =  7919.96869293531  sigmas =  [[0.01065503 0.00918128]
 [0.13200092 0.13024296]
 [0.01301495 0.0216978 ]]
pars =  [3.75031933e-01 8.03141461e-02 3.14769408e-02 4.15966743e-02
 9.10631938e-01 2.16405818e-03 2.68093647e-02 0.00000000e+00
 1.82513507e-02 1.99677267e-02 1.47795871e-01 1.04435973e-04
 0.00000000e+00 0.00000000e+00]
- function call summary
ssd =  7917.153835542068  sigmas =  [[0.0105693  0.00961625]
 [0.13506163 0.13346719]
 [0.01298411 0.02201004]]
pars =  [3.21020113e-01 1.59511269e-01 3.07053582e-02 4.80151143e-02
 9.01980470e-01 3.87291039e-03 2.93955210e-02 0.00000000e+00
 2.08183286e-02 1.43607974e-02 1.48182380e-01 1.10390356e-04
 0.00000000e+00 0.00000000e+00]
- function call summary
ssd =  7917.139785591234  sigmas =  [[0.00954958 0.00854177]
 [0.11914732 0.11832546]
 [0.01181335 0.01976299]]
pars =  [3.74236435e-01 1.37777946e-01 2.64542602e-02 3.80359240e-02
 9.14617859e-01 6.18464549e-03 2.65707137e-02 0.00000000e+00
 1.67282585e-02 1.90696665e-02 1.46223848e-01 9.73184771e-05
 0.00000000e+00 0.00000000e+00]
- function call summary
ssd =  7916.805571537816  sigmas =  [[0.00900125 0.00822905]
 [0.11138892 0.11191483]
 [0.01123876 0.01858623]]
pars =  [4.09236160e-01 1.57290407e-01 1.97860095e-02 3.83676312e-02
 9.14710580e-01 6.38727030e-03 2.91021866e-02 0.00000000e+00
 1.26787118e-02 1.35171484e-02 1.54176848e-01 6.21687187e-05
 0.00000000e+00 0.00000000e+00]
- function call summary
ssd =  7917.225577435462  sigmas =  [[0.00772107 0.00706025]
 [0.09623555 0.09602863]
 [0.00948528 0.01575734]]
pars =  [4.05003920e-01 1.46712600e-01 1.76985847e-02 4.55255493e-02
 9.18847899e-01 4.18665626e-03 2.85353770e-02 0.00000000e+00
 2.07834570e-02 1.09681264e-02 1.60604340e-01 6.30058685e-05
 0.00000000e+00 0.00000000e+00]
- function call summary
ssd =  7937.958125242646  sigmas =  [[0.02074901 0.01733395]
 [0.24493404 0.25793427]
 [0.02519232 0.0414178 ]]
pars =  [4.14537591e-01 1.56113978e-01 1.93488521e-02 3.96681735e-02
 9.19358446e-01 6.34804772e-03 3.00674347e-02 0.00000000e+00
 1.27841221e-02 1.26999438e-02 7.56771404e-02 6.01000571e-05
 0.00000000e+00 0.00000000e+00]
- function call summary
ssd =  7924.931035524856  sigmas =  [[0.0128086  0.01222884]
 [0.15693422 0.15796969]
 [0.01616391 0.02620429]]
pars =  [3.94518394e-01 1.53952665e-01 1.93408847e-02 3.92117266e-02
 8.55242893e-01 5.32867495e-03 2.64773699e-02 0.00000000e+00
 1.16643901e-02 1.63925481e-02 2.01303910e-01 5.89417633e-05
 0.00000000e+00 0.00000000e+00]
- function call summary
ssd =  7918.858561797142  sigmas =  [[0.00737957 0.00678635]
 [0.09160056 0.09210124]
 [0.00912742 0.01518492]]
pars =  [3.96901094e-01 1.70920996e-01 1.45910991e-02 2.68300011e-02
 9.24992041e-01 6.55129604e-03 3.95250343e-02 0.00000000e+00
 1.51240777e-02 1.74998440e-02 1.48987058e-01 4.71193511e-05
 0.00000000e+00 0.00000000e+00]
- function call summary
ssd =  7927.997770580139  sigmas =  [[0.00151775 0.00145171]
 [0.01903986 0.01865293]
 [0.00176994 0.00298064]]
pars =  [3.93416181e-01 1.60254235e-01 2.15373671e-02 4.10605567e-02
 9.47972892e-01 6.76541511e-03 3.85101467e-02 0.00000000e+00
 1.03004791e-02 1.13517829e-02 1.94113328e-01 7.03029412e-05
 0.00000000e+00 0.00000000e+00]
- function call summary
ssd =  7923.6897109444035  sigmas =  [[0.01164563 0.01048663]
 [0.14247502 0.1444416 ]
 [0.01420973 0.02351723]]
pars =  [3.97352947e-01 1.54011584e-01 1.81652642e-02 3.62295436e-02
 9.05941718e-01 3.74387553e-03 3.86394084e-02 0.00000000e+00
 1.03107632e-02 1.15887682e-02 1.42713015e-01 4.90044783e-05
 0.00000000e+00 0.00000000e+00]
- function call summary
ssd =  7916.458512021349  sigmas =  [[0.00703971 0.00666678]
 [0.08800276 0.08812557]
 [0.00883014 0.01463512]]
pars =  [4.05820520e-01 1.84308723e-01 2.09344172e-02 2.76688057e-02
 9.16251732e-01 9.58153671e-03 2.27313863e-02 0.00000000e+00
 1.61018910e-02 1.14205943e-02 1.70886132e-01 4.85717592e-05
 0.00000000e+00 0.00000000e+00]
- function call summary
ssd =  7925.847094204099  sigmas =  [[0.0071869  0.00672911]
 [0.09270559 0.0932445 ]
 [0.0089447  0.01522789]]
pars =  [2.36313685e-01 1.63301550e-01 1.67724801e-02 2.75793262e-02
 9.07062512e-01 1.00345950e-02 2.58287977e-02 0.00000000e+00
 1.46269591e-02 8.85826959e-03 1.67607626e-01 3.83092121e-05
 0.00000000e+00 0.00000000e+00]
- function call summary
ssd =  7917.497821910142  sigmas =  [[0.00584558 0.00560681]
 [0.07142373 0.07186109]
 [0.00758007 0.01220846]]
pars =  [4.63137043e-01 1.88465384e-01 1.20912392e-02 3.32634348e-02
 9.23160139e-01 1.27648738e-02 2.33136482e-02 0.00000000e+00
 1.35558020e-02 1.38501365e-02 1.78386540e-01 4.53703105e-05
 0.00000000e+00 0.00000000e+00]
- function call summary
ssd =  7920.360983884141  sigmas =  [[0.0111698  0.01068298]
 [0.13044381 0.1348593 ]
 [0.01461803 0.0226702 ]]
pars =  [5.18311143e-01 1.92349806e-01 1.46066758e-02 2.19192410e-02
 9.01759139e-01 9.53562073e-03 2.62835567e-02 0.00000000e+00
 1.38005882e-02 7.41597801e-03 1.66553257e-01 5.36509931e-05
 0.00000000e+00 0.00000000e+00]
- function call summary
ssd =  7919.981973826536  sigmas =  [[0.00570786 0.00539865]
 [0.07011662 0.07036657]
 [0.00724709 0.01175305]]
pars =  [4.71236712e-01 1.75051516e-01 1.68906688e-02 2.83269405e-02
 9.28397174e-01 7.58275352e-03 2.34134196e-02 0.00000000e+00
 1.42968518e-02 1.27705160e-02 1.70486653e-01 2.72167145e-05
 0.00000000e+00 0.00000000e+00]
- function call summary
ssd =  7917.007759835981  sigmas =  [[0.00685016 0.00624737]
 [0.08457494 0.08389236]
 [0.00857167 0.01415599]]
pars =  [4.03361064e-01 1.24351899e-01 1.85374036e-02 1.70341134e-02
 9.19152545e-01 9.22277879e-03 1.79074266e-02 0.00000000e+00
 1.85136355e-02 1.18172865e-02 1.71768279e-01 4.05362660e-05
 0.00000000e+00 0.00000000e+00]
- function call summary
ssd =  7918.192668410808  sigmas =  [[0.0083617  0.00776739]
 [0.1023939  0.10286027]
 [0.01061463 0.01738241]]
pars =  [4.04043559e-01 1.50224869e-01 2.29634039e-02 2.02518909e-02
 9.07107799e-01 9.99031164e-03 2.77841249e-02 0.00000000e+00
 2.15113934e-02 1.41173082e-02 1.74562547e-01 7.47780620e-05
 0.00000000e+00 0.00000000e+00]
- function call summary
ssd =  7918.423677622665  sigmas =  [[0.0094208  0.00935222]
 [0.11757015 0.12069221]
 [0.01222337 0.02004756]]
pars =  [4.14216377e-01 2.64731917e-01 1.91187557e-02 1.83736247e-02
 8.96126282e-01 1.26304960e-02 2.47399474e-02 0.00000000e+00
 1.75719422e-02 1.20768332e-02 1.71467141e-01 3.80110147e-05
 0.00000000e+00 0.00000000e+00]
- function call summary
ssd =  7917.6037527678445  sigmas =  [[0.00603547 0.00577019]
 [0.07658981 0.07668912]
 [0.00742394 0.01246288]]
pars =  [3.95266920e-01 2.03621427e-01 1.81758694e-02 1.68815232e-02
 9.23710161e-01 8.44800600e-03 1.67475038e-02 0.00000000e+00
 1.20209916e-02 1.28844759e-02 1.65858375e-01 5.65526295e-05
 0.00000000e+00 0.00000000e+00]
- function call summary
ssd =  7914.412695986815  sigmas =  [[0.01091355 0.01005195]
 [0.13767013 0.13774798]
 [0.0136275  0.02283603]]
pars =  [3.73211475e-01 1.73284186e-01 3.32764464e-02 2.24889970e-02
 8.99855253e-01 7.22609747e-03 1.90703968e-02 0.00000000e+00
 2.16129016e-02 1.09810800e-02 1.53771649e-01 5.02014942e-05
 0.00000000e+00 0.00000000e+00]
- function call summary
ssd =  7917.013935776021  sigmas =  [[0.01007134 0.00921832]
 [0.12703781 0.12605623]
 [0.01239358 0.02077984]]
pars =  [3.71492991e-01 1.48003031e-01 4.94536209e-02 1.54936759e-02
 9.00969296e-01 5.80317809e-03 1.54984794e-02 0.00000000e+00
 2.56751470e-02 9.20983673e-03 1.63164231e-01 6.16383123e-05
 0.00000000e+00 0.00000000e+00]
- function call summary
ssd =  7918.269440278586  sigmas =  [[0.01452892 0.01293184]
 [0.17440876 0.17750581]
 [0.01865233 0.03001666]]
pars =  [4.24242466e-01 1.21851867e-01 4.65128860e-02 3.30784064e-02
 8.86168520e-01 8.04840224e-03 2.44101577e-02 0.00000000e+00
 2.48659113e-02 1.08418785e-02 1.53134307e-01 4.72126400e-05
 0.00000000e+00 0.00000000e+00]
- function call summary
ssd =  7915.713833022877  sigmas =  [[0.0133305  0.01214441]
 [0.16882053 0.1689063 ]
 [0.01656379 0.02786117]]
pars =  [3.54080858e-01 1.68879010e-01 2.87642028e-02 1.87474947e-02
 8.86221946e-01 5.15427532e-03 1.99303026e-02 0.00000000e+00
 3.71998423e-02 1.21548318e-02 1.47633084e-01 4.40575374e-05
 0.00000000e+00 0.00000000e+00]
- function call summary
ssd =  7916.303773162215  sigmas =  [[0.01131668 0.01009581]
 [0.13999099 0.14043693]
 [0.01414083 0.02335094]]
pars =  [4.22077034e-01 1.34870883e-01 4.07020421e-02 2.16679482e-02
 9.08770737e-01 4.18113605e-03 2.08972333e-02 0.00000000e+00
 1.89538648e-02 1.40420331e-02 1.47091757e-01 4.93727171e-05
 0.00000000e+00 0.00000000e+00]
- function call summary
ssd =  7918.431686204471  sigmas =  [[0.01528178 0.01414544]
 [0.19488078 0.1970813 ]
 [0.01932868 0.03250914]]
pars =  [3.51915350e-01 2.04003449e-01 5.77796532e-02 2.53570920e-02
 8.70765499e-01 6.71349665e-03 1.57617971e-02 0.00000000e+00
 2.33518484e-02 9.60670132e-03 1.45360658e-01 5.73215293e-05
 0.00000000e+00 0.00000000e+00]
- function call summary
ssd =  7927.331919013665  sigmas =  [[0.00834373 0.00756058]
 [0.10811702 0.1081416 ]
 [0.01038699 0.01767229]]
pars =  [2.10490869e-01 1.31705386e-01 3.82388012e-02 2.68451127e-02
 9.05367772e-01 6.19116109e-03 1.85926198e-02 0.00000000e+00
 2.31454786e-02 1.29079041e-02 1.55285232e-01 5.38211955e-05
 0.00000000e+00 0.00000000e+00]
- function call summary
ssd =  7917.814556232823  sigmas =  [[0.01174923 0.01070785]
 [0.14487557 0.1461364 ]
 [0.01463297 0.02414065]]
pars =  [4.16751879e-01 1.58281206e-01 2.60721740e-02 1.94339680e-02
 9.00566123e-01 4.42650118e-03 2.68255573e-02 0.00000000e+00
 2.25688385e-02 1.20975596e-02 1.52384408e-01 6.26326449e-05
 0.00000000e+00 0.00000000e+00]
- function call summary
ssd =  7922.367048413399  sigmas =  [[0.00400117 0.00394013]
 [0.05120443 0.05068649]
 [0.00481405 0.00812701]]
pars =  [3.41429754e-01 1.80136446e-01 4.14828129e-02 2.06882227e-02
 9.19138548e-01 7.21853598e-03 2.87334993e-02 0.00000000e+00
 1.55709805e-02 9.31099408e-03 2.08515771e-01 4.77900785e-05
 0.00000000e+00 0.00000000e+00]
- function call summary
ssd =  7913.914484605916  sigmas =  [[0.01123213 0.01034385]
 [0.14081923 0.14161243]
 [0.01418621 0.02361053]]
pars =  [4.09501580e-01 1.85650981e-01 3.85207166e-02 1.53287799e-02
 9.05016240e-01 7.40057540e-03 1.54475545e-02 0.00000000e+00
 2.70765849e-02 1.09835884e-02 1.46972523e-01 3.09081385e-05
 0.00000000e+00 0.00000000e+00]
- function call summary
ssd =  7910.78222592568  sigmas =  [[0.01300237 0.01174594]
 [0.16092549 0.16233275]
 [0.01670893 0.02755957]]
pars =  [4.10709630e-01 1.66966624e-01 2.85513986e-02 9.90880219e-03
 8.98965960e-01 9.52979008e-03 1.21371855e-02 0.00000000e+00
 2.76651297e-02 9.40434524e-03 1.41951320e-01 2.35338551e-05
 0.00000000e+00 0.00000000e+00]
- function call summary
ssd =  7916.090958884302  sigmas =  [[0.01722204 0.0150568 ]
 [0.20515969 0.20961802]
 [0.02244912 0.03592368]]
pars =  [4.05732792e-01 1.46818965e-01 2.25621221e-02 4.11110771e-03
 8.85367645e-01 1.45468005e-02 6.60630100e-03 0.00000000e+00
 2.85777130e-02 6.17397062e-03 1.26746757e-01 1.18840957e-05
 0.00000000e+00 0.00000000e+00]
- function call summary
ssd =  7930.297517788185  sigmas =  [[0.00810073 0.00813116]
 [0.09990877 0.09872144]
 [0.01040923 0.01671811]]
pars =  [4.11857237e-01 1.54999880e-01 3.44240611e-02 8.95731873e-03
 8.68325794e-01 8.96925585e-03 1.08173582e-02 0.00000000e+00
 2.67058637e-02 1.08936413e-02 2.52213332e-01 2.15737386e-05
 0.00000000e+00 0.00000000e+00]
- function call summary
ssd =  7921.221603347963  sigmas =  [[0.01869607 0.01639331]
 [0.22407216 0.23072195]
 [0.02399778 0.03909705]]
pars =  [3.98111892e-01 1.69379904e-01 2.45571664e-02 6.70947613e-03
 8.82016969e-01 1.17949555e-02 1.39172591e-02 0.00000000e+00
 3.93036297e-02 1.20769215e-02 1.17013642e-01 2.01202470e-05
 0.00000000e+00 0.00000000e+00]
- function call summary
ssd =  7917.818493488408  sigmas =  [[0.00637127 0.00629828]
 [0.07963033 0.0806313 ]
 [0.00820126 0.01337438]]
pars =  [4.65448847e-01 2.46943045e-01 2.87006992e-02 9.17701379e-03
 9.21102480e-01 1.24287173e-02 9.36816354e-03 0.00000000e+00
 3.73828734e-02 8.71002858e-03 1.71409932e-01 2.35378677e-05
 0.00000000e+00 0.00000000e+00]
- function call summary
ssd =  7909.155490314016  sigmas =  [[0.01574696 0.01420982]
 [0.1973534  0.19966189]
 [0.02013254 0.03348772]]
pars =  [4.20985195e-01 1.86802548e-01 3.09406966e-02 1.13356938e-02
 8.91152863e-01 6.95160695e-03 8.77163120e-03 0.00000000e+00
 2.43019861e-02 5.99239926e-03 1.31265833e-01 1.91507585e-05
 0.00000000e+00 0.00000000e+00]
- function call summary
ssd =  7908.886255603024  sigmas =  [[0.0147677  0.01324287]
 [0.18353092 0.1861318 ]
 [0.01907919 0.03148958]]
pars =  [4.32042033e-01 1.79977709e-01 4.25602970e-02 7.78763893e-03
 9.01858127e-01 8.79970184e-03 7.63866236e-03 0.00000000e+00
 1.59428774e-02 6.47851007e-03 1.27591789e-01 1.97313139e-05
 0.00000000e+00 0.00000000e+00]
- function call summary
ssd =  7919.199880974372  sigmas =  [[0.00797509 0.00765293]
 [0.10062181 0.09988136]
 [0.00983009 0.01635776]]
pars =  [3.83134593e-01 1.67622441e-01 5.52874532e-02 5.66949026e-03
 8.96848372e-01 9.11549746e-03 7.18081256e-03 0.00000000e+00
 1.90569681e-02 4.68167953e-03 1.95676266e-01 2.04067885e-05
 0.00000000e+00 0.00000000e+00]
- function call summary
ssd =  7909.898553412626  sigmas =  [[0.01151943 0.01029762]
 [0.14273421 0.14493796]
 [0.01483496 0.02440424]]
pars =  [4.53739616e-01 1.71100877e-01 3.65898998e-02 5.62044345e-03
 9.21620373e-01 8.31641126e-03 6.07531332e-03 0.00000000e+00
 1.28319162e-02 8.92543844e-03 1.26168523e-01 1.40010471e-05
 0.00000000e+00 0.00000000e+00]
- function call summary
ssd =  7984.073578985806  sigmas =  [[0.02140959 0.02135565]
 [0.21190111 0.2308668 ]
 [0.02286389 0.03127139]]
pars =  [7.67352726e-01 1.90819616e-01 3.24946192e-02 7.35251860e-03
 9.02368399e-01 9.43993477e-03 8.69377699e-03 0.00000000e+00
 1.35806988e-02 5.24946846e-03 1.41690304e-01 1.82590977e-05
 0.00000000e+00 0.00000000e+00]
- function call summary
ssd =  7931.4284925018555  sigmas =  [[0.01457451 0.01274517]
 [0.1880385  0.19130831]
 [0.018623   0.03139373]]
pars =  [2.68511274e-01 1.77371443e-01 4.98247514e-02 7.29900903e-03
 8.98063572e-01 9.77542465e-03 4.88593128e-03 0.00000000e+00
 1.76686718e-02 7.31155619e-03 1.11626069e-01 1.81343956e-05
 0.00000000e+00 0.00000000e+00]
- function call summary
ssd =  7911.3278055839  sigmas =  [[0.01475526 0.01303512]
 [0.18505124 0.18689557]
 [0.01884933 0.03142134]]
pars =  [4.23230283e-01 1.73674934e-01 6.73559029e-02 6.15233210e-03
 9.09527896e-01 7.87960398e-03 7.65550844e-03 0.00000000e+00
 1.99907717e-02 8.44140011e-03 1.18028855e-01 1.43233081e-05
 0.00000000e+00 0.00000000e+00]
- function call summary
ssd =  7931.256422762924  sigmas =  [[0.01262524 0.01127187]
 [0.16418551 0.16570285]
 [0.01605042 0.02722402]]
pars =  [2.74875313e-01 2.02357070e-01 3.73318568e-02 6.44827822e-03
 9.08797349e-01 7.61044416e-03 1.01421126e-02 0.00000000e+00
 1.18109961e-02 5.65749047e-03 1.12269283e-01 1.74973034e-05
 0.00000000e+00 0.00000000e+00]
- function call summary
ssd =  7909.897042113582  sigmas =  [[0.02027025 0.01724901]
 [0.23502134 0.24287002]
 [0.02695837 0.04097191]]
pars =  [4.93860396e-01 1.13551428e-01 4.97814281e-02 1.17256331e-02
 8.96443955e-01 1.05559654e-02 8.32172835e-03 0.00000000e+00
 1.63134818e-02 5.30157468e-03 1.15579243e-01 1.89550822e-05
 0.00000000e+00 0.00000000e+00]
- function call summary
ssd =  7908.79361409433  sigmas =  [[0.01457015 0.01244321]
 [0.18028649 0.18095165]
 [0.01877697 0.03092492]]
pars =  [4.43565368e-01 1.14729689e-01 5.23481446e-02 7.32506959e-03
 9.12776030e-01 6.48821841e-03 5.54318364e-03 0.00000000e+00
 1.44327077e-02 6.90239678e-03 1.22710623e-01 2.41089117e-05
 0.00000000e+00 0.00000000e+00]
- function call summary
ssd =  7911.862787816351  sigmas =  [[0.01889221 0.01606533]
 [0.23757001 0.23934105]
 [0.02394664 0.0401276 ]]
pars =  [4.21989462e-01 1.28271743e-01 8.61031533e-02 6.36723490e-03
 8.95434802e-01 5.63962763e-03 4.79776235e-03 0.00000000e+00
 1.41847902e-02 6.12053294e-03 1.14578557e-01 3.48517140e-05
 0.00000000e+00 0.00000000e+00]
- function call summary
ssd =  7910.038085259787  sigmas =  [[0.01302041 0.01142975]
 [0.15830746 0.15993132]
 [0.01735017 0.02773443]]
pars =  [4.87526014e-01 1.29942353e-01 7.41525462e-02 6.81475967e-03
 9.15399553e-01 8.43226935e-03 4.81360821e-03 0.00000000e+00
 1.02738178e-02 8.85764494e-03 1.34199632e-01 1.78064963e-05
 0.00000000e+00 0.00000000e+00]
- function call summary
ssd =  7922.399543560415  sigmas =  [[0.00799166 0.00692235]
 [0.10207667 0.10096535]
 [0.00960061 0.01650979]]
pars =  [2.86195061e-01 1.02115220e-01 5.42468581e-02 1.15792048e-02
 9.23945223e-01 5.82634600e-03 5.93185155e-03 0.00000000e+00
 1.40851438e-02 8.13450086e-03 1.38389646e-01 2.78889672e-05
 0.00000000e+00 0.00000000e+00]
- function call summary
ssd =  7914.1125223420395  sigmas =  [[0.01198964 0.01040114]
 [0.15128456 0.1507799 ]
 [0.01485042 0.02503267]]
pars =  [3.84303532e-01 1.32645282e-01 4.47542953e-02 1.35678619e-02
 9.16123430e-01 6.72227640e-03 6.94904892e-03 0.00000000e+00
 1.55277541e-02 6.19824621e-03 1.25999108e-01 2.44850379e-05
 0.00000000e+00 0.00000000e+00]
- function call summary
ssd =  7908.504621265891  sigmas =  [[0.02404677 0.02010761]
 [0.28463266 0.29208388]
 [0.03169009 0.04929632]]
pars =  [4.74198631e-01 1.08723272e-01 4.39943936e-02 8.49321886e-03
 8.82311272e-01 8.45655615e-03 6.20658141e-03 0.00000000e+00
 1.72778748e-02 9.49262168e-03 1.07365334e-01 3.37289957e-05
 0.00000000e+00 0.00000000e+00]
- function call summary
ssd =  7919.777016479933  sigmas =  [[0.02643178 0.02181236]
 [0.30855131 0.32083638]
 [0.03408478 0.05349008]]
pars =  [4.16392969e-01 8.71438906e-02 5.51049499e-02 6.45559420e-03
 8.49294302e-01 1.15172862e-02 7.35846463e-03 0.00000000e+00
 1.46363501e-02 7.08386909e-03 1.09781334e-01 3.10577424e-05
 0.00000000e+00 0.00000000e+00]
- function call summary
ssd =  7908.999900217721  sigmas =  [[0.0182534  0.01550556]
 [0.21943622 0.22308941]
 [0.02405542 0.0383485 ]]
pars =  [4.46933380e-01 1.17191230e-01 2.81622271e-02 1.00607766e-02
 8.98542650e-01 9.14368153e-03 7.83419574e-03 0.00000000e+00
 1.28209706e-02 1.16460187e-02 1.16722147e-01 4.26867473e-05
 0.00000000e+00 0.00000000e+00]
- function call summary
ssd =  7908.439866629601  sigmas =  [[0.01655143 0.01441103]
 [0.20561887 0.20839774]
 [0.02127984 0.03520634]]
pars =  [4.44192999e-01 1.44964942e-01 3.90686258e-02 6.44139058e-03
 9.00981453e-01 5.92487864e-03 5.47375345e-03 0.00000000e+00
 1.59691832e-02 1.36955180e-02 1.22524677e-01 3.20236558e-05
 0.00000000e+00 0.00000000e+00]
- function call summary
ssd =  7916.40393675778  sigmas =  [[0.00942842 0.00830635]
 [0.11578603 0.11520714]
 [0.01198564 0.01961563]]
pars =  [4.62673047e-01 1.14900514e-01 3.68214496e-02 5.95587208e-03
 9.22124977e-01 5.32760696e-03 7.33631165e-03 0.00000000e+00
 2.14371506e-02 1.30993494e-02 1.47800044e-01 4.79249689e-05
 0.00000000e+00 0.00000000e+00]
- function call summary
ssd =  7911.595814964589  sigmas =  [[0.01354654 0.01158982]
 [0.16631521 0.16632239]
 [0.01762468 0.02869472]]
pars =  [4.77609438e-01 1.07684885e-01 4.95103912e-02 5.07783312e-03
 9.18157742e-01 5.10366187e-03 4.16465314e-03 0.00000000e+00
 1.53885987e-02 1.24051860e-02 1.26979381e-01 2.15036891e-05
 0.00000000e+00 0.00000000e+00]
- function call summary
ssd =  7907.704036537356  sigmas =  [[0.01826023 0.01593054]
 [0.2246402  0.22718751]
 [0.02400831 0.03879606]]
pars =  [4.95536441e-01 1.34786942e-01 4.70180251e-02 7.60999170e-03
 8.97349809e-01 4.19666605e-03 4.68729418e-03 0.00000000e+00
 1.27396256e-02 1.78263951e-02 1.26588747e-01 4.85183939e-05
 0.00000000e+00 0.00000000e+00]
- function call summary
ssd =  7918.341224617108  sigmas =  [[0.01146771 0.00992304]
 [0.14352916 0.14259021]
 [0.01398752 0.02349529]]
pars =  [4.18082482e-01 1.15682884e-01 4.42872717e-02 8.41500336e-03
 9.17342877e-01 3.31322626e-03 5.83089239e-03 0.00000000e+00
 9.86239802e-03 1.91489296e-02 1.34011286e-01 7.73770117e-05
 0.00000000e+00 0.00000000e+00]
- function call summary
ssd =  7908.628899811649  sigmas =  [[0.02892248 0.02387238]
 [0.35854058 0.37157276]
 [0.03720019 0.06124747]]
pars =  [4.69707426e-01 1.36241853e-01 3.78664446e-02 8.03497901e-03
 8.81754174e-01 3.76698086e-03 5.63394952e-03 0.00000000e+00
 1.58195866e-02 2.71980106e-02 8.40128966e-02 4.68863566e-05
 0.00000000e+00 0.00000000e+00]
- function call summary
ssd =  7907.770807882518  sigmas =  [[0.02106728 0.01899545]
 [0.25918068 0.2659305 ]
 [0.02772508 0.04454983]]
pars =  [5.32009394e-01 1.71253587e-01 3.80403157e-02 8.97285947e-03
 8.86402542e-01 2.83632263e-03 4.84564318e-03 0.00000000e+00
 1.84630068e-02 2.34203829e-02 1.25358929e-01 5.16851034e-05
 0.00000000e+00 0.00000000e+00]
- function call summary
ssd =  7912.564213982322  sigmas =  [[0.01993895 0.01799146]
 [0.24199179 0.24405471]
 [0.02663073 0.04187512]]
pars =  [4.91482180e-01 1.13028138e-01 3.83210308e-02 7.67657257e-03
 8.45998062e-01 3.53658784e-03 6.18778946e-03 0.00000000e+00
 1.34273889e-02 1.59018257e-02 1.73822075e-01 4.47303407e-05
 0.00000000e+00 0.00000000e+00]
- function call summary
ssd =  7906.61042550219  sigmas =  [[0.02443215 0.02108449]
 [0.29496889 0.3028196 ]
 [0.03237915 0.0510426 ]]
pars =  [5.11297655e-01 1.29327202e-01 3.66818722e-02 9.56709336e-03
 8.74727937e-01 4.10880951e-03 6.54807688e-03 0.00000000e+00
 1.15922483e-02 2.82488274e-02 1.18585231e-01 4.31656053e-05
 0.00000000e+00 0.00000000e+00]
- function call summary
ssd =  7909.020020741118  sigmas =  [[0.03023332 0.02575876]
 [0.36725871 0.38206871]
 [0.03907497 0.06268131]]
pars =  [4.93758754e-01 1.36764576e-01 3.00569636e-02 8.79074958e-03
 8.44656023e-01 3.60854983e-03 6.92210918e-03 0.00000000e+00
 1.53469728e-02 2.90956175e-02 1.05946375e-01 7.41128283e-05
 0.00000000e+00 0.00000000e+00]
- function call summary
ssd =  8124.282986739725  sigmas =  [[0.05188275 0.05647418]
 [0.40801807 0.45948865]
 [0.03805504 0.05575658]]
pars =  [9.53842415e-01 1.54709979e-01 3.14079747e-02 7.92686709e-03
 8.69779574e-01 4.22254162e-03 6.87904549e-03 0.00000000e+00
 1.00070978e-02 2.61406980e-02 1.27051241e-01 4.24892683e-05
 0.00000000e+00 0.00000000e+00]
- function call summary
ssd =  7920.584756679395  sigmas =  [[0.01743062 0.01512363]
 [0.22242825 0.22205685]
 [0.02135039 0.0362545 ]]
pars =  [3.20283743e-01 1.04746568e-01 3.59078659e-02 1.27402141e-02
 8.59359202e-01 4.00760157e-03 6.12927815e-03 0.00000000e+00
 1.26459062e-02 3.87479096e-02 1.44293664e-01 4.58796464e-05
 0.00000000e+00 0.00000000e+00]
- function call summary
ssd =  7984.863447514797  sigmas =  [[0.04260222 0.03908798]
 [0.42626583 0.45467837]
 [0.04436224 0.06200104]]
pars =  [7.25130925e-01 1.00787956e-01 4.58334603e-02 1.23681487e-02
 8.58267147e-01 3.37755028e-03 5.52930032e-03 0.00000000e+00
 1.40102998e-02 3.47761329e-02 1.14735284e-01 5.40885627e-05
 0.00000000e+00 0.00000000e+00]
- function call summary
ssd =  7921.028823588827  sigmas =  [[0.02372783 0.0202038 ]
 [0.30385968 0.31165755]
 [0.02987211 0.05059052]]
pars =  [3.53123136e-01 1.62101043e-01 4.29998859e-02 1.14429705e-02
 8.55729351e-01 3.59703598e-03 9.84259671e-03 0.00000000e+00
 1.06627503e-02 2.57844579e-02 1.03382951e-01 3.64821654e-05
 0.00000000e+00 0.00000000e+00]
- function call summary
ssd =  7907.904742012516  sigmas =  [[0.02658561 0.02241767]
 [0.32529565 0.33127103]
 [0.03495419 0.05624457]]
pars =  [4.92225338e-01 1.12807154e-01 3.80468463e-02 8.02888199e-03
 8.66066237e-01 3.42646276e-03 4.63284677e-03 0.00000000e+00
 7.94662599e-03 4.11397779e-02 1.13372295e-01 4.99807049e-05
 0.00000000e+00 0.00000000e+00]
- function call summary
ssd =  7918.06364518238  sigmas =  [[0.01510871 0.01291779]
 [0.19208359 0.19119112]
 [0.01856871 0.03150717]]
pars =  [3.56685525e-01 1.23287612e-01 2.20295166e-02 9.61846727e-03
 9.00593241e-01 4.27124344e-03 6.64863844e-03 0.00000000e+00
 1.12027203e-02 3.37673901e-02 1.21262298e-01 3.70743548e-05
 0.00000000e+00 0.00000000e+00]
- function call summary
ssd =  7916.020098580664  sigmas =  [[0.01717468 0.01599963]
 [0.20512695 0.20875161]
 [0.02317609 0.03605999]]
pars =  [5.04277205e-01 1.50837660e-01 3.73727108e-02 9.25603065e-03
 8.59877160e-01 5.72116043e-03 8.25420292e-03 0.00000000e+00
 1.56674723e-02 3.22924959e-02 1.76443274e-01 3.47972638e-05
 0.00000000e+00 0.00000000e+00]
- function call summary
ssd =  7916.160087756701  sigmas =  [[0.01799077 0.01546609]
 [0.22551881 0.2254699 ]
 [0.02262667 0.03797641]]
pars =  [3.86727601e-01 1.16496451e-01 5.17562861e-02 7.03297904e-03
 8.79629712e-01 5.52881785e-03 7.03712303e-03 0.00000000e+00
 9.23555123e-03 3.40498148e-02 1.30585213e-01 5.05409349e-05
 0.00000000e+00 0.00000000e+00]
- function call summary
ssd =  7911.48098864819  sigmas =  [[0.02165261 0.01967002]
 [0.25010566 0.26152012]
 [0.02924989 0.04325424]]
pars =  [6.01429527e-01 1.46205464e-01 5.39143163e-02 9.01100405e-03
 8.94503438e-01 4.90232037e-03 7.04662309e-03 0.00000000e+00
 8.98606658e-03 2.21094880e-02 1.29310400e-01 3.06067060e-05
 0.00000000e+00 0.00000000e+00]
- function call summary
ssd =  7912.16102936231  sigmas =  [[0.02039485 0.01778787]
 [0.25580799 0.25759014]
 [0.02583672 0.04312937]]
pars =  [4.38718322e-01 1.40618397e-01 4.85362515e-02 1.08384262e-02
 8.72852622e-01 3.75440704e-03 4.88871629e-03 0.00000000e+00
 9.21645096e-03 2.47143565e-02 1.28900125e-01 2.69328336e-05
 0.00000000e+00 0.00000000e+00]
- function call summary
ssd =  7907.953396515707  sigmas =  [[0.01901526 0.01661636]
 [0.23221746 0.23580608]
 [0.02500817 0.04022472]]
pars =  [4.84904504e-01 1.39672970e-01 4.14707342e-02 1.29907056e-02
 8.91833291e-01 4.98452407e-03 8.46618435e-03 0.00000000e+00
 1.56669984e-02 1.91540953e-02 1.25190191e-01 5.05977803e-05
 0.00000000e+00 0.00000000e+00]
- function call summary
ssd =  7915.117609094826  sigmas =  [[0.01932097 0.01689948]
 [0.24552335 0.24477382]
 [0.02382225 0.04028054]]
pars =  [3.97352563e-01 1.36893695e-01 3.56776879e-02 7.65247878e-03
 8.64850253e-01 2.52365357e-03 6.13517941e-03 0.00000000e+00
 1.57439540e-02 3.16833206e-02 1.35932030e-01 5.06859921e-05
 0.00000000e+00 0.00000000e+00]
- function call summary
ssd =  7916.024630015607  sigmas =  [[0.01609019 0.01349616]
 [0.20191773 0.20068726]
 [0.01995721 0.03361385]]
pars =  [3.92082790e-01 9.30236086e-02 4.40404320e-02 1.14104598e-02
 9.00569432e-01 4.09520018e-03 6.66968203e-03 0.00000000e+00
 1.24370359e-02 1.96704561e-02 1.23319851e-01 3.31835539e-05
 0.00000000e+00 0.00000000e+00]
- function call summary
ssd =  7913.306582268357  sigmas =  [[0.02599858 0.0220561 ]
 [0.32554057 0.33460785]
 [0.03319836 0.05548153]]
pars =  [4.15065702e-01 1.51406224e-01 2.96776504e-02 1.28700731e-02
 8.55052379e-01 5.18065162e-03 5.73139757e-03 0.00000000e+00
 9.19103963e-03 3.82141806e-02 1.02556882e-01 5.40821452e-05
 0.00000000e+00 0.00000000e+00]
- function call summary
ssd =  7911.493652653489  sigmas =  [[0.02328582 0.01958543]
 [0.28920157 0.29187505]
 [0.02968752 0.04926199]]
pars =  [4.15188737e-01 1.05991056e-01 3.37848052e-02 1.00099094e-02
 8.61961318e-01 4.45491126e-03 7.15039534e-03 0.00000000e+00
 1.09011227e-02 2.59570915e-02 1.19130791e-01 4.34630036e-05
 0.00000000e+00 0.00000000e+00]
- function call summary
ssd =  7906.7459940618455  sigmas =  [[0.02393411 0.02064718]
 [0.28770177 0.2954436 ]
 [0.03181927 0.04985083]]
pars =  [5.18016161e-01 1.25584223e-01 3.60023833e-02 9.17509914e-03
 8.78741293e-01 4.08690158e-03 6.87780399e-03 0.00000000e+00
 1.19069890e-02 2.84796275e-02 1.19310376e-01 4.23988108e-05
 0.00000000e+00 0.00000000e+00]
- function call summary
ssd =  7909.83330152489  sigmas =  [[0.02033591 0.01757401]
 [0.25155305 0.25457981]
 [0.02630603 0.04318693]]
pars =  [4.64071020e-01 1.34468913e-01 3.84903834e-02 9.82218715e-03
 8.85299764e-01 3.99093484e-03 6.74123288e-03 0.00000000e+00
 1.19733254e-02 3.03304133e-02 1.21609659e-01 4.32195723e-05
 0.00000000e+00 0.00000000e+00]
- function call summary
ssd =  7906.8158709378185  sigmas =  [[0.02390864 0.02073662]
 [0.28920066 0.29622466]
 [0.03169781 0.050064  ]]
pars =  [5.08874956e-01 1.29403385e-01 3.70901222e-02 9.39037912e-03
 8.71794732e-01 3.99185114e-03 6.58974710e-03 0.00000000e+00
 1.16498410e-02 2.72264022e-02 1.23617813e-01 4.31195573e-05
 0.00000000e+00 0.00000000e+00]
- function call summary
ssd =  7906.852517698271  sigmas =  [[0.02463701 0.02114361]
 [0.29926895 0.30629458]
 [0.03245157 0.05170239]]
pars =  [4.96815024e-01 1.27937552e-01 3.65472302e-02 9.53506017e-03
 8.71839683e-01 4.14519659e-03 6.47549536e-03 0.00000000e+00
 1.20661433e-02 2.84143591e-02 1.17211711e-01 4.14959310e-05
 0.00000000e+00 0.00000000e+00]
- function call summary
ssd =  7906.30095688755  sigmas =  [[0.02408625 0.02089245]
 [0.29002076 0.29828457]
 [0.03204018 0.05023263]]
pars =  [5.21296291e-01 1.31140174e-01 3.56105675e-02 9.83032432e-03
 8.76787993e-01 3.97979881e-03 6.39158070e-03 0.00000000e+00
 1.18611103e-02 2.80838625e-02 1.20437447e-01 4.25074260e-05
 0.00000000e+00 0.00000000e+00]
- function call summary
ssd =  7906.467712090831  sigmas =  [[0.02343403 0.02018197]
 [0.28438297 0.29023557]
 [0.03099588 0.04924041]]
pars =  [5.04669194e-01 1.26688214e-01 3.50041274e-02 1.01818764e-02
 8.78408078e-01 3.90467860e-03 6.44578853e-03 0.00000000e+00
 1.17931367e-02 2.73650191e-02 1.19667420e-01 4.25204487e-05
 0.00000000e+00 0.00000000e+00]
- function call summary
ssd =  7906.1305074860975  sigmas =  [[0.02325411 0.02023915]
 [0.27921106 0.28765515]
 [0.03108824 0.04851644]]
pars =  [5.24791965e-01 1.29694607e-01 3.47380994e-02 9.82215614e-03
 8.78503045e-01 4.11454933e-03 6.15708075e-03 0.00000000e+00
 1.21023885e-02 2.76609203e-02 1.24073780e-01 4.29689908e-05
 0.00000000e+00 0.00000000e+00]
- function call summary
ssd =  7907.041929573718  sigmas =  [[0.02168795 0.01895054]
 [0.26304819 0.26884581]
 [0.02879775 0.04564318]]
pars =  [5.06246352e-01 1.34198187e-01 3.38170222e-02 9.91143328e-03
 8.79393807e-01 4.12997131e-03 6.18810290e-03 0.00000000e+00
 1.22841948e-02 2.84126384e-02 1.27593243e-01 4.25744020e-05
 0.00000000e+00 0.00000000e+00]
- function call summary
ssd =  7906.177852078505  sigmas =  [[0.02308451 0.02004732]
 [0.2780343  0.28486125]
 [0.03084933 0.0483169 ]]
pars =  [5.20246039e-01 1.26541090e-01 3.44561534e-02 9.56792796e-03
 8.78122018e-01 4.00199907e-03 5.95798670e-03 0.00000000e+00
 1.17922937e-02 2.86206801e-02 1.24909995e-01 4.30198244e-05
 0.00000000e+00 0.00000000e+00]
- function call summary
ssd =  7906.345324104666  sigmas =  [[0.02295324 0.01996085]
 [0.2751212  0.28293318]
 [0.03078273 0.04790703]]
pars =  [5.29103304e-01 1.27226788e-01 3.63874564e-02 9.85881270e-03
 8.81838379e-01 4.09732939e-03 6.07382286e-03 0.00000000e+00
 1.25043780e-02 2.75676685e-02 1.23705070e-01 4.22446041e-05
 0.00000000e+00 0.00000000e+00]
- function call summary
ssd =  7906.430932373614  sigmas =  [[0.02282238 0.01992831]
 [0.27340274 0.28109798]
 [0.0305769  0.04756469]]
pars =  [5.28952874e-01 1.31073681e-01 3.51206914e-02 9.75839668e-03
 8.80612876e-01 4.20255483e-03 6.20417155e-03 0.00000000e+00
 1.16687788e-02 2.70629951e-02 1.25014315e-01 4.10547897e-05
 0.00000000e+00 0.00000000e+00]
- function call summary
ssd =  7905.606090497601  sigmas =  [[0.02409241 0.02084287]
 [0.28961904 0.29772134]
 [0.03211741 0.05020309]]
pars =  [5.25171865e-01 1.30459216e-01 3.42972958e-02 9.66932786e-03
 8.80145738e-01 4.08268547e-03 6.02693247e-03 0.00000000e+00
 1.22610820e-02 2.66384493e-02 1.18152832e-01 4.30276564e-05
 0.00000000e+00 0.00000000e+00]
- function call summary
ssd =  7905.535932924216  sigmas =  [[0.02538559 0.02191571]
 [0.30355519 0.31336143]
 [0.03384275 0.05248802]]
pars =  [5.36215481e-01 1.30573319e-01 3.42592396e-02 9.64280194e-03
 8.80493529e-01 4.05335416e-03 5.91333787e-03 0.00000000e+00
 1.25985548e-02 2.54619925e-02 1.13611292e-01 4.30570730e-05
 0.00000000e+00 0.00000000e+00]
- function call summary
ssd =  7905.382622022522  sigmas =  [[0.02542464 0.0220304 ]
 [0.30195779 0.31302005]
 [0.03402864 0.05218937]]
pars =  [5.49821111e-01 1.28101290e-01 3.43669904e-02 9.43541918e-03
 8.82320040e-01 3.96096701e-03 5.97338221e-03 0.00000000e+00
 1.29337071e-02 2.47700806e-02 1.14895452e-01 4.15956330e-05
 0.00000000e+00 0.00000000e+00]
- function call summary
ssd =  7905.29884092508  sigmas =  [[0.02494472 0.02156035]
 [0.29833537 0.30818614]
 [0.03330532 0.05163146]]
pars =  [5.41954943e-01 1.31511528e-01 3.54024987e-02 9.14233643e-03
 8.85502324e-01 3.89566883e-03 6.05316167e-03 0.00000000e+00
 1.31370236e-02 2.44623573e-02 1.12361268e-01 4.20045205e-05
 0.00000000e+00 0.00000000e+00]
- function call summary
ssd =  7906.45862273726  sigmas =  [[0.0264881  0.02302977]
 [0.31321221 0.32549866]
 [0.03534007 0.05388852]]
pars =  [5.62122009e-01 1.32372500e-01 3.73976043e-02 9.23484559e-03
 8.83249264e-01 3.88056573e-03 6.00124405e-03 0.00000000e+00
 1.31751164e-02 2.44433463e-02 1.11227446e-01 4.18677903e-05
 0.00000000e+00 0.00000000e+00]
- function call summary
ssd =  7905.378229481147  sigmas =  [[0.02503193 0.02156712]
 [0.29901523 0.30884381]
 [0.03342367 0.05173681]]
pars =  [5.41745610e-01 1.29135148e-01 3.40454083e-02 8.84996386e-03
 8.86446096e-01 3.94208204e-03 6.00510898e-03 0.00000000e+00
 1.35885004e-02 2.44748846e-02 1.11218505e-01 4.31527761e-05
 0.00000000e+00 0.00000000e+00]
- function call summary
ssd =  7904.832678806874  sigmas =  [[0.02400909 0.02070837]
 [0.28940039 0.29803685]
 [0.03193682 0.05008189]]
pars =  [5.28211425e-01 1.34044192e-01 3.44717782e-02 8.90821625e-03
 8.87555335e-01 3.94152591e-03 6.15333568e-03 0.00000000e+00
 1.29738350e-02 2.35753377e-02 1.11947765e-01 4.11539088e-05
 0.00000000e+00 0.00000000e+00]
- function call summary
ssd =  7904.848637737408  sigmas =  [[0.02443743 0.02103642]
 [0.29545202 0.30390254]
 [0.03242139 0.0510565 ]]
pars =  [5.25099126e-01 1.34314786e-01 3.42236435e-02 8.99013466e-03
 8.86274076e-01 3.77191781e-03 6.12961376e-03 0.00000000e+00
 1.30444369e-02 2.33088314e-02 1.10556472e-01 3.91161382e-05
 0.00000000e+00 0.00000000e+00]
- function call summary
ssd =  7905.488650541439  sigmas =  [[0.0232854  0.02023123]
 [0.27891567 0.28758767]
 [0.03117258 0.04841829]]
pars =  [5.42433896e-01 1.35060439e-01 3.48659089e-02 9.04251766e-03
 8.91237917e-01 3.93476708e-03 6.19086800e-03 0.00000000e+00
 1.27275050e-02 2.29773924e-02 1.14470741e-01 3.98114343e-05
 0.00000000e+00 0.00000000e+00]
- function call summary
ssd =  7904.95164156021  sigmas =  [[0.02368296 0.02040302]
 [0.28576289 0.29346424]
 [0.03150413 0.04950484]]
pars =  [5.21804091e-01 1.29714106e-01 3.49640855e-02 9.05616074e-03
 8.85252848e-01 3.98942309e-03 6.25261610e-03 0.00000000e+00
 1.29140427e-02 2.26082426e-02 1.14994704e-01 4.08356119e-05
 0.00000000e+00 0.00000000e+00]
- function call summary
ssd =  7905.801527812591  sigmas =  [[0.02507879 0.02189195]
 [0.29790706 0.3089959 ]
 [0.03347763 0.0514074 ]]
pars =  [5.55830411e-01 1.37125868e-01 3.39264921e-02 8.74961847e-03
 8.85908269e-01 3.89883038e-03 6.30965409e-03 0.00000000e+00
 1.28196158e-02 2.34818741e-02 1.13300657e-01 4.16950746e-05
 0.00000000e+00 0.00000000e+00]
- function call summary
ssd =  7905.141150193746  sigmas =  [[0.02462237 0.02128196]
 [0.29766811 0.30639649]
 [0.03261341 0.05137965]]
pars =  [5.27486792e-01 1.41025056e-01 3.44426759e-02 8.79558314e-03
 8.86183929e-01 3.82883897e-03 6.15130843e-03 0.00000000e+00
 1.31212527e-02 2.41372716e-02 1.09384554e-01 4.17289303e-05
 0.00000000e+00 0.00000000e+00]
- function call summary
ssd =  7905.003604243482  sigmas =  [[0.02391317 0.02063133]
 [0.28803182 0.29685424]
 [0.03178598 0.04984195]]
pars =  [5.27989911e-01 1.35572705e-01 3.47096453e-02 9.26256419e-03
 8.88775384e-01 4.03870373e-03 6.37483144e-03 0.00000000e+00
 1.33751097e-02 2.31697455e-02 1.10956165e-01 4.17119607e-05
 0.00000000e+00 0.00000000e+00]
- function call summary
ssd =  7904.790434352806  sigmas =  [[0.02507183 0.02145657]
 [0.3013392  0.31066557]
 [0.03329603 0.05202747]]
pars =  [5.31414221e-01 1.30224978e-01 3.35596994e-02 8.79337431e-03
 8.88971902e-01 3.94968082e-03 6.26783986e-03 0.00000000e+00
 1.27547215e-02 2.37704397e-02 1.06607384e-01 4.06925397e-05
 0.00000000e+00 0.00000000e+00]
- function call summary
ssd =  7904.491524439174  sigmas =  [[0.02518296 0.02152105]
 [0.30303803 0.31222018]
 [0.03346062 0.05232553]]
pars =  [5.32400651e-01 1.30498679e-01 3.38775506e-02 8.76628022e-03
 8.90560373e-01 3.90539395e-03 6.01650623e-03 0.00000000e+00
 1.26954744e-02 2.27359552e-02 1.04921651e-01 4.18267114e-05
 0.00000000e+00 0.00000000e+00]
- function call summary
ssd =  7904.028444198352  sigmas =  [[0.0254655  0.02174374]
 [0.30636624 0.31550574]
 [0.03385595 0.05286372]]
pars =  [5.34289962e-01 1.30226694e-01 3.27416620e-02 8.47421252e-03
 8.90433966e-01 3.89813947e-03 5.72220509e-03 0.00000000e+00
 1.26389340e-02 2.24430303e-02 1.04168382e-01 4.14248192e-05
 0.00000000e+00 0.00000000e+00]
- function call summary
ssd =  7903.582852664077  sigmas =  [[0.02554471 0.02180667]
 [0.30754896 0.316481  ]
 [0.03399392 0.0530793 ]]
pars =  [5.36906155e-01 1.30140483e-01 3.24049465e-02 8.29762058e-03
 8.91527201e-01 3.78889479e-03 5.54615185e-03 0.00000000e+00
 1.25550634e-02 2.13473437e-02 1.03444167e-01 4.18362464e-05
 0.00000000e+00 0.00000000e+00]
- function call summary
ssd =  7903.6946489502825  sigmas =  [[0.02652163 0.02261293]
 [0.31854259 0.32887946]
 [0.03524563 0.05484493]]
pars =  [5.43446056e-01 1.32487856e-01 3.26899020e-02 8.13343971e-03
 8.92624932e-01 3.77665226e-03 5.36198646e-03 0.00000000e+00
 1.26339500e-02 2.06100942e-02 9.92927924e-02 4.19437528e-05
 0.00000000e+00 0.00000000e+00]
- function call summary
ssd =  7904.644319073319  sigmas =  [[0.02761036 0.023668  ]
 [0.32702426 0.33972141]
 [0.03669576 0.05595229]]
pars =  [5.61658992e-01 1.27661352e-01 3.16069540e-02 8.37775387e-03
 8.88919443e-01 3.82205049e-03 5.53509085e-03 0.00000000e+00
 1.25607399e-02 2.07112646e-02 1.01835581e-01 4.13929457e-05
 0.00000000e+00 0.00000000e+00]
- function call summary
ssd =  7903.582523252951  sigmas =  [[0.02473193 0.02104595]
 [0.2983289  0.30667317]
 [0.03295061 0.05161024]]
pars =  [5.33034170e-01 1.26998763e-01 3.07852209e-02 8.25038036e-03
 8.94563186e-01 3.74863070e-03 5.45555836e-03 0.00000000e+00
 1.22925932e-02 2.14149792e-02 1.03868669e-01 4.18865113e-05
 0.00000000e+00 0.00000000e+00]
- function call summary
ssd =  7903.403569614533  sigmas =  [[0.02407581 0.02057561]
 [0.29046257 0.29890658]
 [0.03213955 0.05032606]]
pars =  [5.32344716e-01 1.26126595e-01 2.99890529e-02 8.34692375e-03
 8.92910761e-01 3.71166185e-03 5.47683923e-03 0.00000000e+00
 1.19040059e-02 2.09017838e-02 1.08372674e-01 4.09858079e-05
 0.00000000e+00 0.00000000e+00]
- function call summary
ssd =  7903.57732904308  sigmas =  [[0.02453794 0.02099501]
 [0.29512431 0.30344441]
 [0.03285228 0.05116423]]
pars =  [5.36732319e-01 1.22825084e-01 2.97012710e-02 8.18788654e-03
 8.89226430e-01 3.63798988e-03 5.31085091e-03 0.00000000e+00
 1.21072616e-02 2.07641105e-02 1.11002066e-01 4.03394260e-05
 0.00000000e+00 0.00000000e+00]
- function call summary
ssd =  7903.881954164247  sigmas =  [[0.02351353 0.02025255]
 [0.28123677 0.28962039]
 [0.03163182 0.048861  ]]
pars =  [5.50789563e-01 1.26717364e-01 2.98536446e-02 8.13473704e-03
 8.96925944e-01 3.69525058e-03 5.53939462e-03 0.00000000e+00
 1.20758419e-02 2.03271992e-02 1.10310180e-01 4.07033806e-05
 0.00000000e+00 0.00000000e+00]
- function call summary
ssd =  7903.392859773211  sigmas =  [[0.02397998 0.02052458]
 [0.28908012 0.29720399]
 [0.03200101 0.05007092]]
pars =  [5.31704882e-01 1.27239322e-01 2.95417480e-02 8.34722967e-03
 8.92310795e-01 3.81489047e-03 5.57457523e-03 0.00000000e+00
 1.20623961e-02 1.99911639e-02 1.09065297e-01 4.26441863e-05
 0.00000000e+00 0.00000000e+00]
- function call summary
ssd =  7903.056098736125  sigmas =  [[0.0236953  0.02029786]
 [0.28614714 0.29365167]
 [0.0316301  0.04957135]]
pars =  [5.31742705e-01 1.29746621e-01 2.94139439e-02 8.62813087e-03
 8.94119025e-01 3.81674637e-03 5.34596853e-03 0.00000000e+00
 1.23825900e-02 1.94670140e-02 1.08417916e-01 4.21320508e-05
 0.00000000e+00 0.00000000e+00]
- function call summary
ssd =  7903.292630951748  sigmas =  [[0.02419284 0.0208996 ]
 [0.28987938 0.29866306]
 [0.0324308  0.05018963]]
pars =  [5.49101848e-01 1.32711902e-01 2.97676581e-02 8.81326372e-03
 8.93268469e-01 3.76888188e-03 5.39232973e-03 0.00000000e+00
 1.24544384e-02 1.85162039e-02 1.09868384e-01 4.22900811e-05
 0.00000000e+00 0.00000000e+00]
- function call summary
ssd =  7903.09276366382  sigmas =  [[0.02374449 0.02025483]
 [0.28760066 0.29476569]
 [0.03157415 0.04976143]]
pars =  [5.24807006e-01 1.30428002e-01 2.91020381e-02 8.54335394e-03
 8.95688784e-01 3.86999801e-03 5.48962737e-03 0.00000000e+00
 1.28260664e-02 1.88135398e-02 1.05288019e-01 4.13680143e-05
 0.00000000e+00 0.00000000e+00]
- function call summary
ssd =  7903.273268244353  sigmas =  [[0.02353876 0.02013868]
 [0.28260703 0.2908782 ]
 [0.03155342 0.04905806]]
pars =  [5.38598050e-01 1.26768172e-01 2.89172521e-02 8.42772345e-03
 8.97085934e-01 3.98824322e-03 5.29479037e-03 0.00000000e+00
 1.24184215e-02 1.90316565e-02 1.07659181e-01 4.18820972e-05
 0.00000000e+00 0.00000000e+00]
- function call summary
ssd =  7903.273499191967  sigmas =  [[0.02315266 0.01980327]
 [0.28113301 0.28793874]
 [0.03077899 0.04868326]]
pars =  [5.22169243e-01 1.30910482e-01 2.78983556e-02 8.47410106e-03
 8.95561315e-01 3.75442920e-03 5.31939673e-03 0.00000000e+00
 1.20388765e-02 1.92122444e-02 1.07682210e-01 4.25678075e-05
 0.00000000e+00 0.00000000e+00]
- function call summary
ssd =  7902.91848698206  sigmas =  [[0.02477726 0.02120657]
 [0.29827307 0.30727217]
 [0.03305043 0.05153095]]
pars =  [5.38569366e-01 1.30158436e-01 2.82472042e-02 8.60258927e-03
 8.93188347e-01 3.75939161e-03 5.38659748e-03 0.00000000e+00
 1.26765413e-02 1.95799575e-02 1.05549549e-01 4.04416695e-05
 0.00000000e+00 0.00000000e+00]
- function call summary
ssd =  7902.829277384995  sigmas =  [[0.02564732 0.02185479]
 [0.3091245  0.31802106]
 [0.03412359 0.05332133]]
pars =  [5.38120104e-01 1.29120337e-01 2.80867564e-02 8.44152049e-03
 8.92615201e-01 3.62385104e-03 5.32510092e-03 0.00000000e+00
 1.27896339e-02 1.94989238e-02 1.02384562e-01 3.85934343e-05
 0.00000000e+00 0.00000000e+00]
- function call summary
ssd =  7903.2033303627495  sigmas =  [[0.0266224  0.02266073]
 [0.32016958 0.33049303]
 [0.03538127 0.05511497]]
pars =  [5.41442357e-01 1.28114840e-01 2.75160726e-02 8.50949525e-03
 8.89908193e-01 3.54194695e-03 5.28298640e-03 0.00000000e+00
 1.28688127e-02 2.00229195e-02 1.01342786e-01 3.67538542e-05
 0.00000000e+00 0.00000000e+00]
- function call summary
ssd =  7902.769111456042  sigmas =  [[0.02578147 0.02202825]
 [0.30938048 0.32018763]
 [0.03438359 0.05332911]]
pars =  [5.49385319e-01 1.29988754e-01 2.75595890e-02 8.07374088e-03
 8.95383728e-01 3.56068446e-03 5.33569281e-03 0.00000000e+00
 1.30459898e-02 1.90052692e-02 1.01287180e-01 3.88054368e-05
 0.00000000e+00 0.00000000e+00]
- function call summary
ssd =  7902.4699270651745  sigmas =  [[0.02586465 0.02203227]
 [0.31201214 0.32136409]
 [0.03441475 0.05377528]]
pars =  [5.42504649e-01 1.31716851e-01 2.82127467e-02 7.91645083e-03
 8.95713614e-01 3.53428279e-03 5.15044484e-03 0.00000000e+00
 1.31846135e-02 1.82334453e-02 9.92904429e-02 3.95585034e-05
 0.00000000e+00 0.00000000e+00]
- function call summary
ssd =  7902.181304847502  sigmas =  [[0.02551915 0.0216714 ]
 [0.30853754 0.31724471]
 [0.03396622 0.05320508]]
pars =  [5.41312191e-01 1.31051888e-01 2.77628793e-02 7.71364036e-03
 8.99427782e-01 3.47676023e-03 5.04583941e-03 0.00000000e+00
 1.31347714e-02 1.75529250e-02 9.72498610e-02 3.94759362e-05
 0.00000000e+00 0.00000000e+00]
- function call summary
ssd =  7902.038464620946  sigmas =  [[0.0244144  0.02060131]
 [0.29533813 0.30376189]
 [0.03256558 0.05107705]]
pars =  [5.40231084e-01 1.27106247e-01 2.53754640e-02 7.61593832e-03
 9.07388958e-01 3.48843661e-03 5.08006031e-03 0.00000000e+00
 1.30168043e-02 1.67959526e-02 9.42925970e-02 3.89588788e-05
 0.00000000e+00 0.00000000e+00]
- function call summary
ssd =  7901.91664047406  sigmas =  [[0.0245504  0.02073586]
 [0.2974322  0.30525311]
 [0.03282036 0.05149346]]
pars =  [5.45551677e-01 1.26787160e-01 2.62721118e-02 7.20687873e-03
 9.08067487e-01 3.22946076e-03 4.66710321e-03 0.00000000e+00
 1.25787041e-02 1.62435349e-02 9.42713741e-02 3.78225766e-05
 0.00000000e+00 0.00000000e+00]
- function call summary
ssd =  7901.640425267975  sigmas =  [[0.02611368 0.02207996]
 [0.31690796 0.32638916]
 [0.03478325 0.05464354]]
pars =  [5.48858932e-01 1.32728134e-01 2.83211757e-02 6.83048638e-03
 9.05968236e-01 3.11639901e-03 4.43851807e-03 0.00000000e+00
 1.29466807e-02 1.54741197e-02 9.04526895e-02 3.88858294e-05
 0.00000000e+00 0.00000000e+00]
- function call summary
ssd =  7901.195505968282  sigmas =  [[0.02658797 0.02253969]
 [0.32323454 0.33255536]
 [0.0354374  0.05570579]]
pars =  [5.52077051e-01 1.34309301e-01 3.07480960e-02 6.56076564e-03
 9.03681857e-01 2.97600344e-03 4.08011860e-03 0.00000000e+00
 1.26354929e-02 1.49837916e-02 9.14180241e-02 3.97737534e-05
 0.00000000e+00 0.00000000e+00]
- function call summary
ssd =  7901.125707126908  sigmas =  [[0.02776371 0.02373304]
 [0.33820286 0.34871317]
 [0.03703494 0.05820878]]
pars =  [5.60873083e-01 1.40498774e-01 3.70658580e-02 5.98575928e-03
 8.99113873e-01 2.73052901e-03 3.52268398e-03 0.00000000e+00
 1.24435914e-02 1.42793500e-02 9.24934383e-02 4.20025523e-05
 0.00000000e+00 0.00000000e+00]
- function call summary
ssd =  7900.776141149148  sigmas =  [[0.0290616  0.02481273]
 [0.35367939 0.36525993]
 [0.0387019  0.06064314]]
pars =  [5.65658857e-01 1.42191019e-01 3.61518178e-02 6.06492065e-03
 8.98324308e-01 2.71307756e-03 3.40656566e-03 0.00000000e+00
 1.22170666e-02 1.46625102e-02 8.91131760e-02 4.29576607e-05
 0.00000000e+00 0.00000000e+00]
- function call summary
ssd =  7900.454965984057  sigmas =  [[0.02830783 0.02402352]
 [0.34526549 0.35562491]
 [0.03773807 0.05935664]]
pars =  [5.60622252e-01 1.37780024e-01 3.49465257e-02 6.01993945e-03
 9.01890195e-01 2.71660863e-03 3.24473662e-03 0.00000000e+00
 1.13953413e-02 1.33095873e-02 8.84094622e-02 4.36028401e-05
 0.00000000e+00 0.00000000e+00]
- function call summary
ssd =  7900.4252431425675  sigmas =  [[0.02995955 0.02531282]
 [0.36497569 0.37682756]
 [0.03991912 0.06252802]]
pars =  [5.67820555e-01 1.35411227e-01 3.34673549e-02 5.82683000e-03
 9.02129034e-01 2.52318177e-03 3.09143995e-03 0.00000000e+00
 1.16116997e-02 1.30722236e-02 8.42144294e-02 4.02294268e-05
 0.00000000e+00 0.00000000e+00]
- function call summary
ssd =  7900.554970857724  sigmas =  [[0.03047824 0.02594059]
 [0.36969082 0.38427898]
 [0.040668   0.06311998]]
pars =  [5.81459991e-01 1.39148143e-01 3.37133599e-02 5.76333750e-03
 9.04198125e-01 2.47965286e-03 3.18836112e-03 0.00000000e+00
 1.11867456e-02 1.28776809e-02 8.29020541e-02 4.00228218e-05
 0.00000000e+00 0.00000000e+00]
- function call summary
ssd =  7900.362333891719  sigmas =  [[0.02879315 0.02445147]
 [0.35107285 0.36280295]
 [0.03841631 0.06031261]]
pars =  [5.69592229e-01 1.39684920e-01 3.33171129e-02 5.80069918e-03
 9.06028483e-01 2.48362114e-03 3.11870090e-03 0.00000000e+00
 1.15306405e-02 1.27353398e-02 8.47499072e-02 4.15517637e-05
 0.00000000e+00 0.00000000e+00]
- function call summary
ssd =  7900.964377636921  sigmas =  [[0.02786519 0.02350726]
 [0.34145122 0.35074588]
 [0.0370661  0.05875305]]
pars =  [5.57071148e-01 1.38619406e-01 3.34791047e-02 5.54467958e-03
 9.08608640e-01 2.57232334e-03 3.09137342e-03 0.00000000e+00
 1.14609971e-02 1.27920391e-02 8.35420897e-02 4.12445385e-05
 0.00000000e+00 0.00000000e+00]
- function call summary
ssd =  7900.284349608068  sigmas =  [[0.03037909 0.0257611 ]
 [0.37019282 0.38268171]
 [0.04040123 0.06323806]]
pars =  [5.71205922e-01 1.40894206e-01 3.33924604e-02 5.80018634e-03
 9.02778816e-01 2.51733076e-03 3.16952942e-03 0.00000000e+00
 1.16672751e-02 1.21645090e-02 8.23061506e-02 4.20471207e-05
 0.00000000e+00 0.00000000e+00]
- function call summary
ssd =  7900.167858361036  sigmas =  [[0.03000857 0.02557558]
 [0.36454096 0.37820142]
 [0.04007842 0.06236675]]
pars =  [5.78861864e-01 1.39563207e-01 3.43103023e-02 5.96452862e-03
 9.02805726e-01 2.47201457e-03 3.11990043e-03 0.00000000e+00
 1.13864716e-02 1.24858014e-02 8.51394202e-02 4.12136748e-05
 0.00000000e+00 0.00000000e+00]
- function call summary
ssd =  7900.476099319227  sigmas =  [[0.0305504  0.02604923]
 [0.37132815 0.38503185]
 [0.04075631 0.06348541]]
pars =  [5.77928995e-01 1.39296726e-01 3.55938864e-02 5.87683709e-03
 8.99611757e-01 2.41393054e-03 3.12978429e-03 0.00000000e+00
 1.13639591e-02 1.29893960e-02 8.58787058e-02 4.07985274e-05
 0.00000000e+00 0.00000000e+00]
- function call summary
ssd =  7900.534603819595  sigmas =  [[0.02887283 0.02458352]
 [0.35418413 0.36406781]
 [0.03830777 0.06070549]]
pars =  [5.59835604e-01 1.45346175e-01 3.34691567e-02 5.96927023e-03
 9.01071765e-01 2.48774468e-03 3.07457619e-03 0.00000000e+00
 1.10890995e-02 1.24490788e-02 8.63345092e-02 4.05573955e-05
 0.00000000e+00 0.00000000e+00]
- function call summary
ssd =  7900.074966895583  sigmas =  [[0.02994537 0.02570804]
 [0.36148662 0.37592118]
 [0.04010664 0.06177841]]
pars =  [5.89158060e-01 1.39878363e-01 3.29325669e-02 5.95049894e-03
 9.02047429e-01 2.52507146e-03 3.01073065e-03 0.00000000e+00
 1.13839961e-02 1.22611118e-02 8.77842471e-02 4.07624333e-05
 0.00000000e+00 0.00000000e+00]
- function call summary
ssd =  7900.087135863128  sigmas =  [[0.0298882  0.02548378]
 [0.36204314 0.37592505]
 [0.0399768  0.06192815]]
pars =  [5.82559752e-01 1.38537446e-01 3.14736047e-02 6.11381902e-03
 9.04013023e-01 2.51048238e-03 2.99447623e-03 0.00000000e+00
 1.12044983e-02 1.21159577e-02 8.52217860e-02 4.00210190e-05
 0.00000000e+00 0.00000000e+00]
- function call summary
ssd =  7899.646488260318  sigmas =  [[0.02840714 0.0242832 ]
 [0.34514755 0.35725294]
 [0.03810476 0.05935505]]
pars =  [5.76251685e-01 1.36894827e-01 3.25726749e-02 5.80740823e-03
 9.02652942e-01 2.46697247e-03 3.06376248e-03 0.00000000e+00
 1.14022315e-02 1.18131272e-02 9.05374326e-02 4.00889863e-05
 0.00000000e+00 0.00000000e+00]
- function call summary
ssd =  7899.805476640056  sigmas =  [[0.02863536 0.02444955]
 [0.34754214 0.3593372 ]
 [0.03842961 0.05972588]]
pars =  [5.80538135e-01 1.35566556e-01 3.16929678e-02 5.84949878e-03
 9.04852976e-01 2.40537338e-03 3.06240965e-03 0.00000000e+00
 1.11701558e-02 1.14819260e-02 8.87766955e-02 3.86514805e-05
 0.00000000e+00 0.00000000e+00]
- function call summary
ssd =  7899.7606102521795  sigmas =  [[0.02889177 0.02453726]
 [0.35226006 0.36328734]
 [0.03863342 0.06055395]]
pars =  [5.68654636e-01 1.34494550e-01 3.24465792e-02 5.76752565e-03
 9.01043213e-01 2.43632071e-03 2.92848969e-03 0.00000000e+00
 1.11083556e-02 1.16056883e-02 8.91590347e-02 4.12911635e-05
 0.00000000e+00 0.00000000e+00]
- function call summary
ssd =  7899.483568089748  sigmas =  [[0.02754317 0.02358411]
 [0.33456785 0.3457419 ]
 [0.03702367 0.0576616 ]]
pars =  [5.75634182e-01 1.35928103e-01 3.22137779e-02 5.94232395e-03
 9.03574010e-01 2.50879454e-03 3.04644200e-03 0.00000000e+00
 1.11279499e-02 1.13127916e-02 9.27542996e-02 4.13793873e-05
 0.00000000e+00 0.00000000e+00]
- function call summary
ssd =  7899.378575256753  sigmas =  [[0.02740838 0.02344127]
 [0.33332927 0.34390241]
 [0.03685451 0.05749069]]
pars =  [5.74548035e-01 1.34472563e-01 3.18637055e-02 5.81265652e-03
 9.03606283e-01 2.44762264e-03 2.92387241e-03 0.00000000e+00
 1.09919895e-02 1.08266129e-02 9.32644581e-02 4.10891519e-05
 0.00000000e+00 0.00000000e+00]
- function call summary
ssd =  7899.623388833203  sigmas =  [[0.02707396 0.0232656 ]
 [0.32936632 0.33949142]
 [0.03648442 0.05690305]]
pars =  [5.78656824e-01 1.35189364e-01 3.32168269e-02 5.49554856e-03
 9.03175845e-01 2.32690900e-03 2.71507705e-03 0.00000000e+00
 1.08956644e-02 9.96611081e-03 9.57887614e-02 4.13826651e-05
 0.00000000e+00 0.00000000e+00]
