- function call summary
ssd =  2570.06158338352  sigmas =  [0.06410079866895349, 0.5835725742592117, 0.09243481363923425]
pars =  [5.0e-01 1.0e-02 5.0e-01 1.0e-02 4.5e-01 0.0e+00 1.0e-02 5.0e+02 6.0e-01
 3.0e-01 1.0e-01 2.5e-02 0.0e+00 0.0e+00]
*** -  0.5 0.5 0.45 0.0 2570.06158338352
- function call summary
ssd =  2616.9843444213916  sigmas =  [0.04937302146327098, 0.2545159290703053, 0.042203978579830076]
pars =  [5.00e-01 1.00e-02 5.00e-01 1.00e-02 4.50e-01 1.25e-01 1.00e-02 5.00e+02
 6.00e-01 3.00e-01 1.00e-01 2.50e-02 0.00e+00 0.00e+00]
*** -  0.5 0.5 0.45 0.125 2616.9843444213916
- function call summary
ssd =  2646.6352341404954  sigmas =  [0.035487152998553054, 0.10274253065069323, 0.023738587423321914]
pars =  [5.0e-01 1.0e-02 5.0e-01 1.0e-02 4.5e-01 2.5e-01 1.0e-02 5.0e+02 6.0e-01
 3.0e-01 1.0e-01 2.5e-02 0.0e+00 0.0e+00]
*** -  0.5 0.5 0.45 0.25 2646.6352341404954
- function call summary
ssd =  2649.903928777917  sigmas =  [0.02637984213724419, 0.0560127331345872, 0.015588491446285718]
pars =  [5.00e-01 1.00e-02 5.00e-01 1.00e-02 4.50e-01 3.75e-01 1.00e-02 5.00e+02
 6.00e-01 3.00e-01 1.00e-01 2.50e-02 0.00e+00 0.00e+00]
*** -  0.5 0.5 0.45 0.375 2649.903928777917
- function call summary
ssd =  2651.2813570870712  sigmas =  [0.01999018544659022, 0.03448265651828499, 0.010830520351089886]
pars =  [5.0e-01 1.0e-02 5.0e-01 1.0e-02 4.5e-01 5.0e-01 1.0e-02 5.0e+02 6.0e-01
 3.0e-01 1.0e-01 2.5e-02 0.0e+00 0.0e+00]
*** -  0.5 0.5 0.45 0.5 2651.2813570870712
- function call summary
ssd =  2568.1630152842986  sigmas =  [0.0556315041567456, 0.5176915083991253, 0.08072380892586203]
pars =  [5.00e-01 1.00e-02 5.00e-01 1.00e-02 6.75e-01 0.00e+00 1.00e-02 5.00e+02
 6.00e-01 3.00e-01 1.00e-01 2.50e-02 0.00e+00 0.00e+00]
*** -  0.5 0.5 0.675 0.0 2568.1630152842986
- function call summary
ssd =  2605.5426906190937  sigmas =  [0.04395640131015248, 0.2507689730886831, 0.03979995779595834]
pars =  [5.00e-01 1.00e-02 5.00e-01 1.00e-02 6.75e-01 1.25e-01 1.00e-02 5.00e+02
 6.00e-01 3.00e-01 1.00e-01 2.50e-02 0.00e+00 0.00e+00]
*** -  0.5 0.5 0.675 0.125 2605.5426906190937
- function call summary
ssd =  2642.1772892482563  sigmas =  [0.03216286965660029, 0.10368147828651508, 0.022307313457387283]
pars =  [5.00e-01 1.00e-02 5.00e-01 1.00e-02 6.75e-01 2.50e-01 1.00e-02 5.00e+02
 6.00e-01 3.00e-01 1.00e-01 2.50e-02 0.00e+00 0.00e+00]
*** -  0.5 0.5 0.675 0.25 2642.1772892482563
- function call summary
ssd =  2647.6896471712935  sigmas =  [0.024252064078774817, 0.05660722610064314, 0.014841726828232756]
pars =  [5.00e-01 1.00e-02 5.00e-01 1.00e-02 6.75e-01 3.75e-01 1.00e-02 5.00e+02
 6.00e-01 3.00e-01 1.00e-01 2.50e-02 0.00e+00 0.00e+00]
*** -  0.5 0.5 0.675 0.375 2647.6896471712935
- function call summary
ssd =  2649.356801368717  sigmas =  [0.018682582870547818, 0.03504316941779606, 0.010497907613746433]
pars =  [5.00e-01 1.00e-02 5.00e-01 1.00e-02 6.75e-01 5.00e-01 1.00e-02 5.00e+02
 6.00e-01 3.00e-01 1.00e-01 2.50e-02 0.00e+00 0.00e+00]
*** -  0.5 0.5 0.675 0.5 2649.356801368717
- function call summary
ssd =  2570.0056709286137  sigmas =  [0.0257799178331609, 0.24845527576194418, 0.03780871165646919]
pars =  [5.0e-01 1.0e-02 5.0e-01 1.0e-02 9.0e-01 0.0e+00 1.0e-02 5.0e+02 6.0e-01
 3.0e-01 1.0e-01 2.5e-02 0.0e+00 0.0e+00]
*** -  0.5 0.5 0.9 0.0 2570.0056709286137
- function call summary
ssd =  2580.818103017429  sigmas =  [0.022193857367365635, 0.16264151537965044, 0.02584609919648336]
pars =  [5.00e-01 1.00e-02 5.00e-01 1.00e-02 9.00e-01 1.25e-01 1.00e-02 5.00e+02
 6.00e-01 3.00e-01 1.00e-01 2.50e-02 0.00e+00 0.00e+00]
*** -  0.5 0.5 0.9 0.125 2580.818103017429
- function call summary
ssd =  2624.4071717105835  sigmas =  [0.01794608131007973, 0.0865554267050242, 0.014915858842120492]
pars =  [5.0e-01 1.0e-02 5.0e-01 1.0e-02 9.0e-01 2.5e-01 1.0e-02 5.0e+02 6.0e-01
 3.0e-01 1.0e-01 2.5e-02 0.0e+00 0.0e+00]
*** -  0.5 0.5 0.9 0.25 2624.4071717105835
- function call summary
ssd =  2643.321015313247  sigmas =  [0.014557153059050884, 0.048727725044081176, 0.010396635017750773]
pars =  [5.00e-01 1.00e-02 5.00e-01 1.00e-02 9.00e-01 3.75e-01 1.00e-02 5.00e+02
 6.00e-01 3.00e-01 1.00e-01 2.50e-02 0.00e+00 0.00e+00]
*** -  0.5 0.5 0.9 0.375 2643.321015313247
- function call summary
ssd =  2648.0975917544606  sigmas =  [0.011979948773716751, 0.03151111462782968, 0.007804161650732717]
pars =  [5.0e-01 1.0e-02 5.0e-01 1.0e-02 9.0e-01 5.0e-01 1.0e-02 5.0e+02 6.0e-01
 3.0e-01 1.0e-01 2.5e-02 0.0e+00 0.0e+00]
*** -  0.5 0.5 0.9 0.5 2648.0975917544606
- function call summary
ssd =  2574.6520162602774  sigmas =  [0.06665022442992709, 0.6009902035077309, 0.09857116872278013]
pars =  [5.0e-01 1.0e-02 6.5e-01 1.0e-02 4.5e-01 0.0e+00 1.0e-02 5.0e+02 6.0e-01
 3.0e-01 1.0e-01 2.5e-02 0.0e+00 0.0e+00]
*** -  0.5 0.65 0.45 0.0 2574.6520162602774
- function call summary
ssd =  2586.493453260437  sigmas =  [0.06051980929039367, 0.418285709361447, 0.07495900945756027]
pars =  [5.00e-01 1.00e-02 6.50e-01 1.00e-02 4.50e-01 1.25e-01 1.00e-02 5.00e+02
 6.00e-01 3.00e-01 1.00e-01 2.50e-02 0.00e+00 0.00e+00]
*** -  0.5 0.65 0.45 0.125 2586.493453260437
- function call summary
ssd =  2628.2068228908893  sigmas =  [0.04811836536123773, 0.2134837598785419, 0.03941963109341866]
pars =  [5.0e-01 1.0e-02 6.5e-01 1.0e-02 4.5e-01 2.5e-01 1.0e-02 5.0e+02 6.0e-01
 3.0e-01 1.0e-01 2.5e-02 0.0e+00 0.0e+00]
*** -  0.5 0.65 0.45 0.25 2628.2068228908893
- function call summary
ssd =  2648.6158405599303  sigmas =  [0.03604181415304829, 0.0978216591514606, 0.024570548479234053]
pars =  [5.00e-01 1.00e-02 6.50e-01 1.00e-02 4.50e-01 3.75e-01 1.00e-02 5.00e+02
 6.00e-01 3.00e-01 1.00e-01 2.50e-02 0.00e+00 0.00e+00]
*** -  0.5 0.65 0.45 0.375 2648.6158405599303
- function call summary
ssd =  2651.018224856101  sigmas =  [0.026686652070428477, 0.05293336855365342, 0.016211659247333254]
pars =  [5.0e-01 1.0e-02 6.5e-01 1.0e-02 4.5e-01 5.0e-01 1.0e-02 5.0e+02 6.0e-01
 3.0e-01 1.0e-01 2.5e-02 0.0e+00 0.0e+00]
*** -  0.5 0.65 0.45 0.5 2651.018224856101
- function call summary
ssd =  2572.9361316236914  sigmas =  [0.05783952488384671, 0.5333723132160052, 0.08601153291296362]
pars =  [5.00e-01 1.00e-02 6.50e-01 1.00e-02 6.75e-01 0.00e+00 1.00e-02 5.00e+02
 6.00e-01 3.00e-01 1.00e-01 2.50e-02 0.00e+00 0.00e+00]
*** -  0.5 0.65 0.675 0.0 2572.9361316236914
- function call summary
ssd =  2578.7753389233885  sigmas =  [0.05307513471530758, 0.38911348211095853, 0.06885844047829481]
pars =  [5.00e-01 1.00e-02 6.50e-01 1.00e-02 6.75e-01 1.25e-01 1.00e-02 5.00e+02
 6.00e-01 3.00e-01 1.00e-01 2.50e-02 0.00e+00 0.00e+00]
*** -  0.5 0.65 0.675 0.125 2578.7753389233885
- function call summary
ssd =  2617.7685867847754  sigmas =  [0.04298766130379824, 0.21397494726460414, 0.03696645306692776]
pars =  [5.00e-01 1.00e-02 6.50e-01 1.00e-02 6.75e-01 2.50e-01 1.00e-02 5.00e+02
 6.00e-01 3.00e-01 1.00e-01 2.50e-02 0.00e+00 0.00e+00]
*** -  0.5 0.65 0.675 0.25 2617.7685867847754
- function call summary
ssd =  2644.411731566942  sigmas =  [0.03267700435855772, 0.09916548314327375, 0.022985790081203376]
pars =  [5.00e-01 1.00e-02 6.50e-01 1.00e-02 6.75e-01 3.75e-01 1.00e-02 5.00e+02
 6.00e-01 3.00e-01 1.00e-01 2.50e-02 0.00e+00 0.00e+00]
*** -  0.5 0.65 0.675 0.375 2644.411731566942
- function call summary
ssd =  2649.0188099922143  sigmas =  [0.024550715273260436, 0.05365250942336691, 0.01538015375078241]
pars =  [5.00e-01 1.00e-02 6.50e-01 1.00e-02 6.75e-01 5.00e-01 1.00e-02 5.00e+02
 6.00e-01 3.00e-01 1.00e-01 2.50e-02 0.00e+00 0.00e+00]
*** -  0.5 0.65 0.675 0.5 2649.0188099922143
- function call summary
ssd =  2575.038912724283  sigmas =  [0.02681017103791669, 0.2557731514157796, 0.04008808848801248]
pars =  [5.0e-01 1.0e-02 6.5e-01 1.0e-02 9.0e-01 0.0e+00 1.0e-02 5.0e+02 6.0e-01
 3.0e-01 1.0e-01 2.5e-02 0.0e+00 0.0e+00]
*** -  0.5 0.65 0.9 0.0 2575.038912724283
- function call summary
ssd =  2568.947969249042  sigmas =  [0.02521486486816478, 0.21149435165112035, 0.038787317879747624]
pars =  [5.00e-01 1.00e-02 6.50e-01 1.00e-02 9.00e-01 1.25e-01 1.00e-02 5.00e+02
 6.00e-01 3.00e-01 1.00e-01 2.50e-02 0.00e+00 0.00e+00]
*** -  0.5 0.65 0.9 0.125 2568.947969249042
- function call summary
ssd =  2593.4624577800323  sigmas =  [0.022062870531520225, 0.1463539033236792, 0.0238080978157066]
pars =  [5.0e-01 1.0e-02 6.5e-01 1.0e-02 9.0e-01 2.5e-01 1.0e-02 5.0e+02 6.0e-01
 3.0e-01 1.0e-01 2.5e-02 0.0e+00 0.0e+00]
*** -  0.5 0.65 0.9 0.25 2593.4624577800323
- function call summary
ssd =  2628.4427099048307  sigmas =  [0.01823138615008383, 0.08284359434039615, 0.015152630843123942]
pars =  [5.00e-01 1.00e-02 6.50e-01 1.00e-02 9.00e-01 3.75e-01 1.00e-02 5.00e+02
 6.00e-01 3.00e-01 1.00e-01 2.50e-02 0.00e+00 0.00e+00]
*** -  0.5 0.65 0.9 0.375 2628.4427099048307
- function call summary
ssd =  2645.8475431578236  sigmas =  [0.014742779332925617, 0.046130980869729214, 0.010627174186945375]
pars =  [5.0e-01 1.0e-02 6.5e-01 1.0e-02 9.0e-01 5.0e-01 1.0e-02 5.0e+02 6.0e-01
 3.0e-01 1.0e-01 2.5e-02 0.0e+00 0.0e+00]
*** -  0.5 0.65 0.9 0.5 2645.8475431578236
- function call summary
ssd =  2579.6625335749595  sigmas =  [0.0702207685130995, 0.6289504444114868, 0.10740386066523029]
pars =  [5.0e-01 1.0e-02 8.0e-01 1.0e-02 4.5e-01 0.0e+00 1.0e-02 5.0e+02 6.0e-01
 3.0e-01 1.0e-01 2.5e-02 0.0e+00 0.0e+00]
*** -  0.5 0.8 0.45 0.0 2579.6625335749595
- function call summary
ssd =  2580.3281686489076  sigmas =  [0.0682770614680544, 0.5569361230518922, 0.10678501982854693]
pars =  [5.00e-01 1.00e-02 8.00e-01 1.00e-02 4.50e-01 1.25e-01 1.00e-02 5.00e+02
 6.00e-01 3.00e-01 1.00e-01 2.50e-02 0.00e+00 0.00e+00]
*** -  0.5 0.8 0.45 0.125 2580.3281686489076
- function call summary
ssd =  2589.055767744694  sigmas =  [0.0645750624454682, 0.4487131056978262, 0.0871938524306175]
pars =  [5.0e-01 1.0e-02 8.0e-01 1.0e-02 4.5e-01 2.5e-01 1.0e-02 5.0e+02 6.0e-01
 3.0e-01 1.0e-01 2.5e-02 0.0e+00 0.0e+00]
*** -  0.5 0.8 0.45 0.25 2589.055767744694
- function call summary
ssd =  2612.512918210861  sigmas =  [0.056204772705838346, 0.3025967799571474, 0.05447854545058729]
pars =  [5.00e-01 1.00e-02 8.00e-01 1.00e-02 4.50e-01 3.75e-01 1.00e-02 5.00e+02
 6.00e-01 3.00e-01 1.00e-01 2.50e-02 0.00e+00 0.00e+00]
*** -  0.5 0.8 0.45 0.375 2612.512918210861
- function call summary
ssd =  2644.2404084445398  sigmas =  [0.04357048696869355, 0.1432251385206768, 0.03286288541718306]
pars =  [5.0e-01 1.0e-02 8.0e-01 1.0e-02 4.5e-01 5.0e-01 1.0e-02 5.0e+02 6.0e-01
 3.0e-01 1.0e-01 2.5e-02 0.0e+00 0.0e+00]
*** -  0.5 0.8 0.45 0.5 2644.2404084445398
- function call summary
ssd =  2577.645395765191  sigmas =  [0.06094116869705634, 0.558785896460368, 0.09365523781207585]
pars =  [5.00e-01 1.00e-02 8.00e-01 1.00e-02 6.75e-01 0.00e+00 1.00e-02 5.00e+02
 6.00e-01 3.00e-01 1.00e-01 2.50e-02 0.00e+00 0.00e+00]
*** -  0.5 0.8 0.675 0.0 2577.645395765191
- function call summary
ssd =  2578.0137072466996  sigmas =  [0.05939465659919563, 0.5013295918672784, 0.09353373998456954]
pars =  [5.00e-01 1.00e-02 8.00e-01 1.00e-02 6.75e-01 1.25e-01 1.00e-02 5.00e+02
 6.00e-01 3.00e-01 1.00e-01 2.50e-02 0.00e+00 0.00e+00]
*** -  0.5 0.8 0.675 0.125 2578.0137072466996
- function call summary
ssd =  2582.6382825689634  sigmas =  [0.05645671544920723, 0.41644588915761416, 0.0787869080823245]
pars =  [5.00e-01 1.00e-02 8.00e-01 1.00e-02 6.75e-01 2.50e-01 1.00e-02 5.00e+02
 6.00e-01 3.00e-01 1.00e-01 2.50e-02 0.00e+00 0.00e+00]
*** -  0.5 0.8 0.675 0.25 2582.6382825689634
- function call summary
ssd =  2603.054654249616  sigmas =  [0.04971972619114217, 0.292052723397271, 0.05085511462760045]
pars =  [5.00e-01 1.00e-02 8.00e-01 1.00e-02 6.75e-01 3.75e-01 1.00e-02 5.00e+02
 6.00e-01 3.00e-01 1.00e-01 2.50e-02 0.00e+00 0.00e+00]
*** -  0.5 0.8 0.675 0.375 2603.054654249616
- function call summary
ssd =  2636.581444039554  sigmas =  [0.03916417820311101, 0.14715689916804414, 0.030578670444159822]
pars =  [5.00e-01 1.00e-02 8.00e-01 1.00e-02 6.75e-01 5.00e-01 1.00e-02 5.00e+02
 6.00e-01 3.00e-01 1.00e-01 2.50e-02 0.00e+00 0.00e+00]
*** -  0.5 0.8 0.675 0.5 2636.581444039554
- function call summary
ssd =  2579.9421515610666  sigmas =  [0.028253622529179692, 0.26795329987925, 0.04349481038209636]
pars =  [5.0e-01 1.0e-02 8.0e-01 1.0e-02 9.0e-01 0.0e+00 1.0e-02 5.0e+02 6.0e-01
 3.0e-01 1.0e-01 2.5e-02 0.0e+00 0.0e+00]
*** -  0.5 0.8 0.9 0.0 2579.9421515610666
- function call summary
ssd =  2577.7849710928413  sigmas =  [0.027651384853330165, 0.2494685901037974, 0.04555896222194691]
pars =  [5.00e-01 1.00e-02 8.00e-01 1.00e-02 9.00e-01 1.25e-01 1.00e-02 5.00e+02
 6.00e-01 3.00e-01 1.00e-01 2.50e-02 0.00e+00 0.00e+00]
*** -  0.5 0.8 0.9 0.125 2577.7849710928413
- function call summary
ssd =  2575.7942301169396  sigmas =  [0.026590699585477905, 0.2216104375773108, 0.042184117238875773]
pars =  [5.0e-01 1.0e-02 8.0e-01 1.0e-02 9.0e-01 2.5e-01 1.0e-02 5.0e+02 6.0e-01
 3.0e-01 1.0e-01 2.5e-02 0.0e+00 0.0e+00]
*** -  0.5 0.8 0.9 0.25 2575.7942301169396
- function call summary
ssd =  2586.1741399361563  sigmas =  [0.024434590503211215, 0.1764492308025537, 0.030811297791927962]
pars =  [5.00e-01 1.00e-02 8.00e-01 1.00e-02 9.00e-01 3.75e-01 1.00e-02 5.00e+02
 6.00e-01 3.00e-01 1.00e-01 2.50e-02 0.00e+00 0.00e+00]
*** -  0.5 0.8 0.9 0.375 2586.1741399361563
- function call summary
ssd =  2615.3157153252414  sigmas =  [0.020867318807393405, 0.11235442401898887, 0.019439170765525805]
pars =  [5.0e-01 1.0e-02 8.0e-01 1.0e-02 9.0e-01 5.0e-01 1.0e-02 5.0e+02 6.0e-01
 3.0e-01 1.0e-01 2.5e-02 0.0e+00 0.0e+00]
*** -  0.5 0.8 0.9 0.5 2615.3157153252414
- function call summary
ssd =  2586.0696033214303  sigmas =  [0.07822365527663817, 0.7170498406070498, 0.12747949815464535]
pars =  [5.0e-01 1.0e-02 9.5e-01 1.0e-02 4.5e-01 0.0e+00 1.0e-02 5.0e+02 6.0e-01
 3.0e-01 1.0e-01 2.5e-02 0.0e+00 0.0e+00]
*** -  0.5 0.95 0.45 0.0 2586.0696033214303
- function call summary
ssd =  2584.384429903472  sigmas =  [0.07750171573470355, 0.6971607844242196, 0.1269668079824878]
pars =  [5.00e-01 1.00e-02 9.50e-01 1.00e-02 4.50e-01 1.25e-01 1.00e-02 5.00e+02
 6.00e-01 3.00e-01 1.00e-01 2.50e-02 0.00e+00 0.00e+00]
*** -  0.5 0.95 0.45 0.125 2584.384429903472
- function call summary
ssd =  2584.2239638947763  sigmas =  [0.07647395891672436, 0.6674093593318251, 0.12430747479267273]
pars =  [5.0e-01 1.0e-02 9.5e-01 1.0e-02 4.5e-01 2.5e-01 1.0e-02 5.0e+02 6.0e-01
 3.0e-01 1.0e-01 2.5e-02 0.0e+00 0.0e+00]
*** -  0.5 0.95 0.45 0.25 2584.2239638947763
- function call summary
ssd =  2585.483656907674  sigmas =  [0.07513751791409007, 0.6285340251285165, 0.11938419134133821]
pars =  [5.00e-01 1.00e-02 9.50e-01 1.00e-02 4.50e-01 3.75e-01 1.00e-02 5.00e+02
 6.00e-01 3.00e-01 1.00e-01 2.50e-02 0.00e+00 0.00e+00]
*** -  0.5 0.95 0.45 0.375 2585.483656907674
- function call summary
ssd =  2588.8125451556475  sigmas =  [0.0732937161938702, 0.5765985980152561, 0.11171536483598662]
pars =  [5.0e-01 1.0e-02 9.5e-01 1.0e-02 4.5e-01 5.0e-01 1.0e-02 5.0e+02 6.0e-01
 3.0e-01 1.0e-01 2.5e-02 0.0e+00 0.0e+00]
*** -  0.5 0.95 0.45 0.5 2588.8125451556475
- function call summary
ssd =  2585.5148630972553  sigmas =  [0.06785101548484485, 0.6314023663328765, 0.11072025301906538]
pars =  [5.00e-01 1.00e-02 9.50e-01 1.00e-02 6.75e-01 0.00e+00 1.00e-02 5.00e+02
 6.00e-01 3.00e-01 1.00e-01 2.50e-02 0.00e+00 0.00e+00]
*** -  0.5 0.95 0.675 0.0 2585.5148630972553
- function call summary
ssd =  2583.652196187509  sigmas =  [0.06723613506438522, 0.6159944550892418, 0.11013339927606555]
pars =  [5.00e-01 1.00e-02 9.50e-01 1.00e-02 6.75e-01 1.25e-01 1.00e-02 5.00e+02
 6.00e-01 3.00e-01 1.00e-01 2.50e-02 0.00e+00 0.00e+00]
*** -  0.5 0.95 0.675 0.125 2583.652196187509
- function call summary
ssd =  2583.126391452319  sigmas =  [0.06638651168143343, 0.5927921202315454, 0.1081190479910606]
pars =  [5.00e-01 1.00e-02 9.50e-01 1.00e-02 6.75e-01 2.50e-01 1.00e-02 5.00e+02
 6.00e-01 3.00e-01 1.00e-01 2.50e-02 0.00e+00 0.00e+00]
*** -  0.5 0.95 0.675 0.25 2583.126391452319
- function call summary
ssd =  2583.668290207228  sigmas =  [0.06528357390948097, 0.562364652206225, 0.10445474567122831]
pars =  [5.00e-01 1.00e-02 9.50e-01 1.00e-02 6.75e-01 3.75e-01 1.00e-02 5.00e+02
 6.00e-01 3.00e-01 1.00e-01 2.50e-02 0.00e+00 0.00e+00]
*** -  0.5 0.95 0.675 0.375 2583.668290207228
- function call summary
ssd =  2585.8572023673987  sigmas =  [0.06373059238913832, 0.520968640882104, 0.09860945311740198]
pars =  [5.00e-01 1.00e-02 9.50e-01 1.00e-02 6.75e-01 5.00e-01 1.00e-02 5.00e+02
 6.00e-01 3.00e-01 1.00e-01 2.50e-02 0.00e+00 0.00e+00]
*** -  0.5 0.95 0.675 0.5 2585.8572023673987
- function call summary
ssd =  2589.912765061845  sigmas =  [0.03130828812670493, 0.29982032743973186, 0.0508024401329253]
pars =  [5.0e-01 1.0e-02 9.5e-01 1.0e-02 9.0e-01 0.0e+00 1.0e-02 5.0e+02 6.0e-01
 3.0e-01 1.0e-01 2.5e-02 0.0e+00 0.0e+00]
*** -  0.5 0.95 0.9 0.0 2589.912765061845
- function call summary
ssd =  2588.0241351529894  sigmas =  [0.031037288693350762, 0.29400515886369005, 0.05123840681244026]
pars =  [5.00e-01 1.00e-02 9.50e-01 1.00e-02 9.00e-01 1.25e-01 1.00e-02 5.00e+02
 6.00e-01 3.00e-01 1.00e-01 2.50e-02 0.00e+00 0.00e+00]
*** -  0.5 0.95 0.9 0.125 2588.0241351529894
- function call summary
ssd =  2586.148648446088  sigmas =  [0.030691016098092865, 0.28623957076660067, 0.05120430062366246]
pars =  [5.0e-01 1.0e-02 9.5e-01 1.0e-02 9.0e-01 2.5e-01 1.0e-02 5.0e+02 6.0e-01
 3.0e-01 1.0e-01 2.5e-02 0.0e+00 0.0e+00]
*** -  0.5 0.95 0.9 0.25 2586.148648446088
- function call summary
ssd =  2585.1335498155663  sigmas =  [0.03023838497288679, 0.27594500790744814, 0.050351281599135975]
pars =  [5.00e-01 1.00e-02 9.50e-01 1.00e-02 9.00e-01 3.75e-01 1.00e-02 5.00e+02
 6.00e-01 3.00e-01 1.00e-01 2.50e-02 0.00e+00 0.00e+00]
*** -  0.5 0.95 0.9 0.375 2585.1335498155663
- function call summary
ssd =  2585.6702835561646  sigmas =  [0.02961187640558966, 0.2607139823956319, 0.04868323084871824]
pars =  [5.0e-01 1.0e-02 9.5e-01 1.0e-02 9.0e-01 5.0e-01 1.0e-02 5.0e+02 6.0e-01
 3.0e-01 1.0e-01 2.5e-02 0.0e+00 0.0e+00]
*** -  0.5 0.95 0.9 0.5 2585.6702835561646
- function call summary
ssd =  2586.3667485413657  sigmas =  [0.09340410031693086, 0.7922032286673812, 0.13404546175819018]
pars =  [6.5e-01 1.0e-02 5.0e-01 1.0e-02 4.5e-01 0.0e+00 1.0e-02 5.0e+02 6.0e-01
 3.0e-01 1.0e-01 2.5e-02 0.0e+00 0.0e+00]
*** -  0.65 0.5 0.45 0.0 2586.3667485413657
- function call summary
ssd =  2635.016372167858  sigmas =  [0.053950770085619965, 0.22870532480156536, 0.040624931734045286]
pars =  [6.50e-01 1.00e-02 5.00e-01 1.00e-02 4.50e-01 1.25e-01 1.00e-02 5.00e+02
 6.00e-01 3.00e-01 1.00e-01 2.50e-02 0.00e+00 0.00e+00]
*** -  0.65 0.5 0.45 0.125 2635.016372167858
- function call summary
ssd =  2645.5525134165896  sigmas =  [0.036543448766757435, 0.10828737970795202, 0.023881141698181608]
pars =  [6.5e-01 1.0e-02 5.0e-01 1.0e-02 4.5e-01 2.5e-01 1.0e-02 5.0e+02 6.0e-01
 3.0e-01 1.0e-01 2.5e-02 0.0e+00 0.0e+00]
*** -  0.65 0.5 0.45 0.25 2645.5525134165896
- function call summary
ssd =  2647.7775373074874  sigmas =  [0.02668232701323021, 0.06416233115756315, 0.01615836433534548]
pars =  [6.50e-01 1.00e-02 5.00e-01 1.00e-02 4.50e-01 3.75e-01 1.00e-02 5.00e+02
 6.00e-01 3.00e-01 1.00e-01 2.50e-02 0.00e+00 0.00e+00]
*** -  0.65 0.5 0.45 0.375 2647.7775373074874
- function call summary
ssd =  2649.3281433727398  sigmas =  [0.020355608625375658, 0.042200038084811486, 0.011698102501203712]
pars =  [6.5e-01 1.0e-02 5.0e-01 1.0e-02 4.5e-01 5.0e-01 1.0e-02 5.0e+02 6.0e-01
 3.0e-01 1.0e-01 2.5e-02 0.0e+00 0.0e+00]
*** -  0.65 0.5 0.45 0.5 2649.3281433727398
- function call summary
ssd =  2583.3634436135944  sigmas =  [0.08126342101047833, 0.7083075100016953, 0.11837574790629371]
pars =  [6.50e-01 1.00e-02 5.00e-01 1.00e-02 6.75e-01 0.00e+00 1.00e-02 5.00e+02
 6.00e-01 3.00e-01 1.00e-01 2.50e-02 0.00e+00 0.00e+00]
*** -  0.65 0.5 0.675 0.0 2583.3634436135944
- function call summary
ssd =  2626.624862515352  sigmas =  [0.04830751062358485, 0.22786766414084564, 0.037987113339053254]
pars =  [6.50e-01 1.00e-02 5.00e-01 1.00e-02 6.75e-01 1.25e-01 1.00e-02 5.00e+02
 6.00e-01 3.00e-01 1.00e-01 2.50e-02 0.00e+00 0.00e+00]
*** -  0.65 0.5 0.675 0.125 2626.624862515352
- function call summary
ssd =  2641.238733040798  sigmas =  [0.03325890933804768, 0.10856059667868256, 0.022381667265264454]
pars =  [6.50e-01 1.00e-02 5.00e-01 1.00e-02 6.75e-01 2.50e-01 1.00e-02 5.00e+02
 6.00e-01 3.00e-01 1.00e-01 2.50e-02 0.00e+00 0.00e+00]
*** -  0.65 0.5 0.675 0.25 2641.238733040798
- function call summary
ssd =  2644.8288173740066  sigmas =  [0.02456302742067376, 0.06431446196240931, 0.015299120741776232]
pars =  [6.50e-01 1.00e-02 5.00e-01 1.00e-02 6.75e-01 3.75e-01 1.00e-02 5.00e+02
 6.00e-01 3.00e-01 1.00e-01 2.50e-02 0.00e+00 0.00e+00]
*** -  0.65 0.5 0.675 0.375 2644.8288173740066
- function call summary
ssd =  2646.473120811413  sigmas =  [0.01894407971360336, 0.04272447195527108, 0.01120252153775607]
pars =  [6.50e-01 1.00e-02 5.00e-01 1.00e-02 6.75e-01 5.00e-01 1.00e-02 5.00e+02
 6.00e-01 3.00e-01 1.00e-01 2.50e-02 0.00e+00 0.00e+00]
*** -  0.65 0.5 0.675 0.5 2646.473120811413
- function call summary
ssd =  2584.1841127681537  sigmas =  [0.037523619759798336, 0.34696796230315663, 0.05979191235509807]
pars =  [6.5e-01 1.0e-02 5.0e-01 1.0e-02 9.0e-01 0.0e+00 1.0e-02 5.0e+02 6.0e-01
 3.0e-01 1.0e-01 2.5e-02 0.0e+00 0.0e+00]
*** -  0.65 0.5 0.9 0.0 2584.1841127681537
- function call summary
ssd =  2608.3673608935483  sigmas =  [0.025568038665827988, 0.15971615283466373, 0.02383768556849062]
pars =  [6.50e-01 1.00e-02 5.00e-01 1.00e-02 9.00e-01 1.25e-01 1.00e-02 5.00e+02
 6.00e-01 3.00e-01 1.00e-01 2.50e-02 0.00e+00 0.00e+00]
*** -  0.65 0.5 0.9 0.125 2608.3673608935483
- function call summary
ssd =  2632.8420220612375  sigmas =  [0.01907271423961301, 0.08482380014119965, 0.014618775196030536]
pars =  [6.5e-01 1.0e-02 5.0e-01 1.0e-02 9.0e-01 2.5e-01 1.0e-02 5.0e+02 6.0e-01
 3.0e-01 1.0e-01 2.5e-02 0.0e+00 0.0e+00]
*** -  0.65 0.5 0.9 0.25 2632.8420220612375
- function call summary
ssd =  2641.713381094109  sigmas =  [0.014949447313161685, 0.05246918544195181, 0.010467185044208198]
pars =  [6.50e-01 1.00e-02 5.00e-01 1.00e-02 9.00e-01 3.75e-01 1.00e-02 5.00e+02
 6.00e-01 3.00e-01 1.00e-01 2.50e-02 0.00e+00 0.00e+00]
*** -  0.65 0.5 0.9 0.375 2641.713381094109
- function call summary
ssd =  2644.8618848915858  sigmas =  [0.012112653906581373, 0.036046255351057974, 0.007995716553654022]
pars =  [6.5e-01 1.0e-02 5.0e-01 1.0e-02 9.0e-01 5.0e-01 1.0e-02 5.0e+02 6.0e-01
 3.0e-01 1.0e-01 2.5e-02 0.0e+00 0.0e+00]
*** -  0.65 0.5 0.9 0.5 2644.8618848915858
- function call summary
ssd =  2592.718655291338  sigmas =  [0.0991393321243274, 0.8297174394601738, 0.14814094255981283]
pars =  [6.5e-01 1.0e-02 6.5e-01 1.0e-02 4.5e-01 0.0e+00 1.0e-02 5.0e+02 6.0e-01
 3.0e-01 1.0e-01 2.5e-02 0.0e+00 0.0e+00]
*** -  0.65 0.65 0.45 0.0 2592.718655291338
- function call summary
ssd =  2616.392935603887  sigmas =  [0.07403680521456621, 0.4149675899785453, 0.07004113264894134]
pars =  [6.50e-01 1.00e-02 6.50e-01 1.00e-02 4.50e-01 1.25e-01 1.00e-02 5.00e+02
 6.00e-01 3.00e-01 1.00e-01 2.50e-02 0.00e+00 0.00e+00]
*** -  0.65 0.65 0.45 0.125 2616.392935603887
- function call summary
ssd =  2641.170034465014  sigmas =  [0.05214058770584807, 0.19391308512918773, 0.03870267555979906]
pars =  [6.5e-01 1.0e-02 6.5e-01 1.0e-02 4.5e-01 2.5e-01 1.0e-02 5.0e+02 6.0e-01
 3.0e-01 1.0e-01 2.5e-02 0.0e+00 0.0e+00]
*** -  0.65 0.65 0.45 0.25 2641.170034465014
- function call summary
ssd =  2647.888604130705  sigmas =  [0.037171201720631764, 0.10246727881494136, 0.024749639304424365]
pars =  [6.50e-01 1.00e-02 6.50e-01 1.00e-02 4.50e-01 3.75e-01 1.00e-02 5.00e+02
 6.00e-01 3.00e-01 1.00e-01 2.50e-02 0.00e+00 0.00e+00]
*** -  0.65 0.65 0.45 0.375 2647.888604130705
- function call summary
ssd =  2649.415855492025  sigmas =  [0.027007235101173126, 0.06032354664946969, 0.016751346679015733]
pars =  [6.5e-01 1.0e-02 6.5e-01 1.0e-02 4.5e-01 5.0e-01 1.0e-02 5.0e+02 6.0e-01
 3.0e-01 1.0e-01 2.5e-02 0.0e+00 0.0e+00]
*** -  0.65 0.65 0.45 0.5 2649.415855492025
- function call summary
ssd =  2590.1423120289373  sigmas =  [0.08616428819702236, 0.7414928950096957, 0.12978654531292708]
pars =  [6.50e-01 1.00e-02 6.50e-01 1.00e-02 6.75e-01 0.00e+00 1.00e-02 5.00e+02
 6.00e-01 3.00e-01 1.00e-01 2.50e-02 0.00e+00 0.00e+00]
*** -  0.65 0.65 0.675 0.0 2590.1423120289373
- function call summary
ssd =  2607.211060051889  sigmas =  [0.06549021500370461, 0.3977448471926168, 0.06549457597359679]
pars =  [6.50e-01 1.00e-02 6.50e-01 1.00e-02 6.75e-01 1.25e-01 1.00e-02 5.00e+02
 6.00e-01 3.00e-01 1.00e-01 2.50e-02 0.00e+00 0.00e+00]
*** -  0.65 0.65 0.675 0.125 2607.211060051889
- function call summary
ssd =  2633.8016593577595  sigmas =  [0.046798067303388854, 0.19538318848984992, 0.03604323304314597]
pars =  [6.50e-01 1.00e-02 6.50e-01 1.00e-02 6.75e-01 2.50e-01 1.00e-02 5.00e+02
 6.00e-01 3.00e-01 1.00e-01 2.50e-02 0.00e+00 0.00e+00]
*** -  0.65 0.65 0.675 0.25 2633.8016593577595
- function call summary
ssd =  2643.777386641872  sigmas =  [0.03385651841543706, 0.10322299939163021, 0.023124236765715303]
pars =  [6.50e-01 1.00e-02 6.50e-01 1.00e-02 6.75e-01 3.75e-01 1.00e-02 5.00e+02
 6.00e-01 3.00e-01 1.00e-01 2.50e-02 0.00e+00 0.00e+00]
*** -  0.65 0.65 0.675 0.375 2643.777386641872
- function call summary
ssd =  2646.7652223570426  sigmas =  [0.024886193782993594, 0.0605935325722606, 0.015805167839203098]
pars =  [6.50e-01 1.00e-02 6.50e-01 1.00e-02 6.75e-01 5.00e-01 1.00e-02 5.00e+02
 6.00e-01 3.00e-01 1.00e-01 2.50e-02 0.00e+00 0.00e+00]
*** -  0.65 0.65 0.675 0.5 2646.7652223570426
- function call summary
ssd =  2592.7798499560126  sigmas =  [0.03967522089513548, 0.3604178212199895, 0.06407619430823908]
pars =  [6.5e-01 1.0e-02 6.5e-01 1.0e-02 9.0e-01 0.0e+00 1.0e-02 5.0e+02 6.0e-01
 3.0e-01 1.0e-01 2.5e-02 0.0e+00 0.0e+00]
*** -  0.65 0.65 0.9 0.0 2592.7798499560126
- function call summary
ssd =  2593.583332137907  sigmas =  [0.03238748856891986, 0.23733589910906958, 0.039272325425350245]
pars =  [6.50e-01 1.00e-02 6.50e-01 1.00e-02 9.00e-01 1.25e-01 1.00e-02 5.00e+02
 6.00e-01 3.00e-01 1.00e-01 2.50e-02 0.00e+00 0.00e+00]
*** -  0.65 0.65 0.9 0.125 2593.583332137907
- function call summary
ssd =  2618.6448671629732  sigmas =  [0.02507514678613848, 0.1406722046054872, 0.022405367735785803]
pars =  [6.5e-01 1.0e-02 6.5e-01 1.0e-02 9.0e-01 2.5e-01 1.0e-02 5.0e+02 6.0e-01
 3.0e-01 1.0e-01 2.5e-02 0.0e+00 0.0e+00]
*** -  0.65 0.65 0.9 0.25 2618.6448671629732
- function call summary
ssd =  2636.7503641039048  sigmas =  [0.019424430498222192, 0.08080815794001274, 0.014966057537188535]
pars =  [6.50e-01 1.00e-02 6.50e-01 1.00e-02 9.00e-01 3.75e-01 1.00e-02 5.00e+02
 6.00e-01 3.00e-01 1.00e-01 2.50e-02 0.00e+00 0.00e+00]
*** -  0.65 0.65 0.9 0.375 2636.7503641039048
- function call summary
ssd =  2644.646893860847  sigmas =  [0.015169684125880201, 0.04948457986105733, 0.010721539094177519]
pars =  [6.5e-01 1.0e-02 6.5e-01 1.0e-02 9.0e-01 5.0e-01 1.0e-02 5.0e+02 6.0e-01
 3.0e-01 1.0e-01 2.5e-02 0.0e+00 0.0e+00]
*** -  0.65 0.65 0.9 0.5 2644.646893860847
- function call summary
ssd =  2600.8547276961713  sigmas =  [0.10637748442677765, 0.8762261092797398, 0.16323647050033718]
pars =  [6.5e-01 1.0e-02 8.0e-01 1.0e-02 4.5e-01 0.0e+00 1.0e-02 5.0e+02 6.0e-01
 3.0e-01 1.0e-01 2.5e-02 0.0e+00 0.0e+00]
*** -  0.65 0.8 0.45 0.0 2600.8547276961713
- function call summary
ssd =  2603.354472051963  sigmas =  [0.0984557421000791, 0.6845277963007876, 0.13831890418100773]
pars =  [6.50e-01 1.00e-02 8.00e-01 1.00e-02 4.50e-01 1.25e-01 1.00e-02 5.00e+02
 6.00e-01 3.00e-01 1.00e-01 2.50e-02 0.00e+00 0.00e+00]
*** -  0.65 0.8 0.45 0.125 2603.354472051963
- function call summary
ssd =  2617.595998024567  sigmas =  [0.08366226460732028, 0.47330987205198755, 0.08728373586067112]
pars =  [6.5e-01 1.0e-02 8.0e-01 1.0e-02 4.5e-01 2.5e-01 1.0e-02 5.0e+02 6.0e-01
 3.0e-01 1.0e-01 2.5e-02 0.0e+00 0.0e+00]
*** -  0.65 0.8 0.45 0.25 2617.595998024567
- function call summary
ssd =  2636.700180036957  sigmas =  [0.06421188334156272, 0.2720167304849339, 0.05265490555053251]
pars =  [6.50e-01 1.00e-02 8.00e-01 1.00e-02 4.50e-01 3.75e-01 1.00e-02 5.00e+02
 6.00e-01 3.00e-01 1.00e-01 2.50e-02 0.00e+00 0.00e+00]
*** -  0.65 0.8 0.45 0.375 2636.700180036957
- function call summary
ssd =  2648.2442481347707  sigmas =  [0.04616777480242706, 0.13836569334395968, 0.03301028133149987]
pars =  [6.5e-01 1.0e-02 8.0e-01 1.0e-02 4.5e-01 5.0e-01 1.0e-02 5.0e+02 6.0e-01
 3.0e-01 1.0e-01 2.5e-02 0.0e+00 0.0e+00]
*** -  0.65 0.8 0.45 0.5 2648.2442481347707
- function call summary
ssd =  2598.734928610035  sigmas =  [0.09236494406549017, 0.7817168639191636, 0.14264291182179611]
pars =  [6.50e-01 1.00e-02 8.00e-01 1.00e-02 6.75e-01 0.00e+00 1.00e-02 5.00e+02
 6.00e-01 3.00e-01 1.00e-01 2.50e-02 0.00e+00 0.00e+00]
*** -  0.65 0.8 0.675 0.0 2598.734928610035
- function call summary
ssd =  2598.57241176813  sigmas =  [0.08590668159273335, 0.628641586247049, 0.1242816336693818]
pars =  [6.50e-01 1.00e-02 8.00e-01 1.00e-02 6.75e-01 1.25e-01 1.00e-02 5.00e+02
 6.00e-01 3.00e-01 1.00e-01 2.50e-02 0.00e+00 0.00e+00]
*** -  0.65 0.8 0.675 0.125 2598.57241176813
- function call summary
ssd =  2609.57876841546  sigmas =  [0.07367802112986503, 0.4500459726953018, 0.08099434984893211]
pars =  [6.50e-01 1.00e-02 8.00e-01 1.00e-02 6.75e-01 2.50e-01 1.00e-02 5.00e+02
 6.00e-01 3.00e-01 1.00e-01 2.50e-02 0.00e+00 0.00e+00]
*** -  0.65 0.8 0.675 0.25 2609.57876841546
- function call summary
ssd =  2627.825402021097  sigmas =  [0.05730183152091792, 0.2711351366330037, 0.048895842370246786]
pars =  [6.50e-01 1.00e-02 8.00e-01 1.00e-02 6.75e-01 3.75e-01 1.00e-02 5.00e+02
 6.00e-01 3.00e-01 1.00e-01 2.50e-02 0.00e+00 0.00e+00]
*** -  0.65 0.8 0.675 0.375 2627.825402021097
- function call summary
ssd =  2642.8083615349206  sigmas =  [0.0417531690176684, 0.14029878968626638, 0.030620885873345865]
pars =  [6.50e-01 1.00e-02 8.00e-01 1.00e-02 6.75e-01 5.00e-01 1.00e-02 5.00e+02
 6.00e-01 3.00e-01 1.00e-01 2.50e-02 0.00e+00 0.00e+00]
*** -  0.65 0.8 0.675 0.5 2642.8083615349206
- function call summary
ssd =  2602.3975112442126  sigmas =  [0.042471075023424856, 0.37873013935016275, 0.0695595167137266]
pars =  [6.5e-01 1.0e-02 8.0e-01 1.0e-02 9.0e-01 0.0e+00 1.0e-02 5.0e+02 6.0e-01
 3.0e-01 1.0e-01 2.5e-02 0.0e+00 0.0e+00]
*** -  0.65 0.8 0.9 0.0 2602.3975112442126
- function call summary
ssd =  2595.0614986634655  sigmas =  [0.040025944080282795, 0.32756984347249485, 0.06651581229608083]
pars =  [6.50e-01 1.00e-02 8.00e-01 1.00e-02 9.00e-01 1.25e-01 1.00e-02 5.00e+02
 6.00e-01 3.00e-01 1.00e-01 2.50e-02 0.00e+00 0.00e+00]
*** -  0.65 0.8 0.9 0.125 2595.0614986634655
- function call summary
ssd =  2599.2394005522533  sigmas =  [0.03564585724744481, 0.2595601237952842, 0.04658634890814635]
pars =  [6.5e-01 1.0e-02 8.0e-01 1.0e-02 9.0e-01 2.5e-01 1.0e-02 5.0e+02 6.0e-01
 3.0e-01 1.0e-01 2.5e-02 0.0e+00 0.0e+00]
*** -  0.65 0.8 0.9 0.25 2599.2394005522533
- function call summary
ssd =  2613.4999044585697  sigmas =  [0.029528911841692745, 0.17977043166275675, 0.029398824039531476]
pars =  [6.50e-01 1.00e-02 8.00e-01 1.00e-02 9.00e-01 3.75e-01 1.00e-02 5.00e+02
 6.00e-01 3.00e-01 1.00e-01 2.50e-02 0.00e+00 0.00e+00]
*** -  0.65 0.8 0.9 0.375 2613.4999044585697
- function call summary
ssd =  2632.9888394558207  sigmas =  [0.023015626539442155, 0.10606601382498605, 0.019022584294395947]
pars =  [6.5e-01 1.0e-02 8.0e-01 1.0e-02 9.0e-01 5.0e-01 1.0e-02 5.0e+02 6.0e-01
 3.0e-01 1.0e-01 2.5e-02 0.0e+00 0.0e+00]
*** -  0.65 0.8 0.9 0.5 2632.9888394558207
- function call summary
ssd =  2612.451363627265  sigmas =  [0.12438006247405814, 1.0346758261987135, 0.20033862961810722]
pars =  [6.5e-01 1.0e-02 9.5e-01 1.0e-02 4.5e-01 0.0e+00 1.0e-02 5.0e+02 6.0e-01
 3.0e-01 1.0e-01 2.5e-02 0.0e+00 0.0e+00]
*** -  0.65 0.95 0.45 0.0 2612.451363627265
- function call summary
ssd =  2610.9691276557487  sigmas =  [0.12209149967542149, 0.9826887638187637, 0.1954450165177546]
pars =  [6.50e-01 1.00e-02 9.50e-01 1.00e-02 4.50e-01 1.25e-01 1.00e-02 5.00e+02
 6.00e-01 3.00e-01 1.00e-01 2.50e-02 0.00e+00 0.00e+00]
*** -  0.65 0.95 0.45 0.125 2610.9691276557487
- function call summary
ssd =  2611.888352131296  sigmas =  [0.11912602671767865, 0.9136845542718455, 0.18416617416035952]
pars =  [6.5e-01 1.0e-02 9.5e-01 1.0e-02 4.5e-01 2.5e-01 1.0e-02 5.0e+02 6.0e-01
 3.0e-01 1.0e-01 2.5e-02 0.0e+00 0.0e+00]
*** -  0.65 0.95 0.45 0.25 2611.888352131296
- function call summary
ssd =  2613.8821095866138  sigmas =  [0.11525165676200119, 0.8349610513902326, 0.16902441221756145]
pars =  [6.50e-01 1.00e-02 9.50e-01 1.00e-02 4.50e-01 3.75e-01 1.00e-02 5.00e+02
 6.00e-01 3.00e-01 1.00e-01 2.50e-02 0.00e+00 0.00e+00]
*** -  0.65 0.95 0.45 0.375 2613.8821095866138
- function call summary
ssd =  2617.007983667621  sigmas =  [0.1093894215138999, 0.7337449562774377, 0.14960455548564247]
pars =  [6.5e-01 1.0e-02 9.5e-01 1.0e-02 4.5e-01 5.0e-01 1.0e-02 5.0e+02 6.0e-01
 3.0e-01 1.0e-01 2.5e-02 0.0e+00 0.0e+00]
*** -  0.65 0.95 0.45 0.5 2617.007983667621
- function call summary
ssd =  2611.3825851162387  sigmas =  [0.107928031744772, 0.9154491779201432, 0.17448982206046013]
pars =  [6.50e-01 1.00e-02 9.50e-01 1.00e-02 6.75e-01 0.00e+00 1.00e-02 5.00e+02
 6.00e-01 3.00e-01 1.00e-01 2.50e-02 0.00e+00 0.00e+00]
*** -  0.65 0.95 0.675 0.0 2611.3825851162387
- function call summary
ssd =  2609.639733458856  sigmas =  [0.10591707543384432, 0.8738667103469444, 0.17085298883671401]
pars =  [6.50e-01 1.00e-02 9.50e-01 1.00e-02 6.75e-01 1.25e-01 1.00e-02 5.00e+02
 6.00e-01 3.00e-01 1.00e-01 2.50e-02 0.00e+00 0.00e+00]
*** -  0.65 0.95 0.675 0.125 2609.639733458856
- function call summary
ssd =  2609.8055034729823  sigmas =  [0.10341833987938104, 0.8196160216451274, 0.1621790816228743]
pars =  [6.50e-01 1.00e-02 9.50e-01 1.00e-02 6.75e-01 2.50e-01 1.00e-02 5.00e+02
 6.00e-01 3.00e-01 1.00e-01 2.50e-02 0.00e+00 0.00e+00]
*** -  0.65 0.95 0.675 0.25 2609.8055034729823
- function call summary
ssd =  2610.8792980950334  sigmas =  [0.10014165109486245, 0.7565072633247618, 0.15008134090965639]
pars =  [6.50e-01 1.00e-02 9.50e-01 1.00e-02 6.75e-01 3.75e-01 1.00e-02 5.00e+02
 6.00e-01 3.00e-01 1.00e-01 2.50e-02 0.00e+00 0.00e+00]
*** -  0.65 0.95 0.675 0.375 2610.8792980950334
- function call summary
ssd =  2612.6411523048514  sigmas =  [0.09536121944323725, 0.6738856685889576, 0.13402999620469985]
pars =  [6.50e-01 1.00e-02 9.50e-01 1.00e-02 6.75e-01 5.00e-01 1.00e-02 5.00e+02
 6.00e-01 3.00e-01 1.00e-01 2.50e-02 0.00e+00 0.00e+00]
*** -  0.65 0.95 0.675 0.5 2612.6411523048514
- function call summary
ssd =  2617.385923056718  sigmas =  [0.04930803451643507, 0.4375483100991682, 0.08329969945156274]
pars =  [6.5e-01 1.0e-02 9.5e-01 1.0e-02 9.0e-01 0.0e+00 1.0e-02 5.0e+02 6.0e-01
 3.0e-01 1.0e-01 2.5e-02 0.0e+00 0.0e+00]
*** -  0.65 0.95 0.9 0.0 2617.385923056718
- function call summary
ssd =  2614.8210032845764  sigmas =  [0.04847787989305935, 0.422130227193914, 0.0835614876861287]
pars =  [6.50e-01 1.00e-02 9.50e-01 1.00e-02 9.00e-01 1.25e-01 1.00e-02 5.00e+02
 6.00e-01 3.00e-01 1.00e-01 2.50e-02 0.00e+00 0.00e+00]
*** -  0.65 0.95 0.9 0.125 2614.8210032845764
- function call summary
ssd =  2613.139841808948  sigmas =  [0.04743732962759524, 0.40323263257704717, 0.08106448882513295]
pars =  [6.5e-01 1.0e-02 9.5e-01 1.0e-02 9.0e-01 2.5e-01 1.0e-02 5.0e+02 6.0e-01
 3.0e-01 1.0e-01 2.5e-02 0.0e+00 0.0e+00]
*** -  0.65 0.95 0.9 0.25 2613.139841808948
- function call summary
ssd =  2611.8585221835815  sigmas =  [0.04608881224901519, 0.38071664641564795, 0.07643280367633026]
pars =  [6.50e-01 1.00e-02 9.50e-01 1.00e-02 9.00e-01 3.75e-01 1.00e-02 5.00e+02
 6.00e-01 3.00e-01 1.00e-01 2.50e-02 0.00e+00 0.00e+00]
*** -  0.65 0.95 0.9 0.375 2611.8585221835815
- function call summary
ssd =  2610.888780775338  sigmas =  [0.04415384609075887, 0.35022622551854926, 0.06946168766731628]
pars =  [6.5e-01 1.0e-02 9.5e-01 1.0e-02 9.0e-01 5.0e-01 1.0e-02 5.0e+02 6.0e-01
 3.0e-01 1.0e-01 2.5e-02 0.0e+00 0.0e+00]
*** -  0.65 0.95 0.9 0.5 2610.888780775338
- function call summary
ssd =  2636.257382277051  sigmas =  [0.18843502012385704, 1.4584174087156647, 0.18485274315879963]
pars =  [8.0e-01 1.0e-02 5.0e-01 1.0e-02 4.5e-01 0.0e+00 1.0e-02 5.0e+02 6.0e-01
 3.0e-01 1.0e-01 2.5e-02 0.0e+00 0.0e+00]
*** -  0.8 0.5 0.45 0.0 2636.257382277051
- function call summary
ssd =  2645.0355350422205  sigmas =  [0.05918955316797931, 0.21113534784528565, 0.04079811811797546]
pars =  [8.00e-01 1.00e-02 5.00e-01 1.00e-02 4.50e-01 1.25e-01 1.00e-02 5.00e+02
 6.00e-01 3.00e-01 1.00e-01 2.50e-02 0.00e+00 0.00e+00]
*** -  0.8 0.5 0.45 0.125 2645.0355350422205
- function call summary
ssd =  2645.0686756736914  sigmas =  [0.037557667615708265, 0.11190827150513818, 0.02402652841462251]
pars =  [8.0e-01 1.0e-02 5.0e-01 1.0e-02 4.5e-01 2.5e-01 1.0e-02 5.0e+02 6.0e-01
 3.0e-01 1.0e-01 2.5e-02 0.0e+00 0.0e+00]
*** -  0.8 0.5 0.45 0.25 2645.0686756736914
- function call summary
ssd =  2644.941331493754  sigmas =  [0.027109563537427744, 0.07271579056164379, 0.01667108397184775]
pars =  [8.00e-01 1.00e-02 5.00e-01 1.00e-02 4.50e-01 3.75e-01 1.00e-02 5.00e+02
 6.00e-01 3.00e-01 1.00e-01 2.50e-02 0.00e+00 0.00e+00]
*** -  0.8 0.5 0.45 0.375 2644.941331493754
- function call summary
ssd =  2645.588847599038  sigmas =  [0.020854644573915882, 0.05163447353080629, 0.012518744276050063]
pars =  [8.0e-01 1.0e-02 5.0e-01 1.0e-02 4.5e-01 5.0e-01 1.0e-02 5.0e+02 6.0e-01
 3.0e-01 1.0e-01 2.5e-02 0.0e+00 0.0e+00]
*** -  0.8 0.5 0.45 0.5 2645.588847599038
- function call summary
ssd =  2630.3293934579337  sigmas =  [0.16528945642943935, 1.330733338763118, 0.1725074912335412]
pars =  [8.00e-01 1.00e-02 5.00e-01 1.00e-02 6.75e-01 0.00e+00 1.00e-02 5.00e+02
 6.00e-01 3.00e-01 1.00e-01 2.50e-02 0.00e+00 0.00e+00]
*** -  0.8 0.5 0.675 0.0 2630.3293934579337
- function call summary
ssd =  2639.4648494718826  sigmas =  [0.05349345447140273, 0.20983480468458895, 0.03808266731848325]
pars =  [8.00e-01 1.00e-02 5.00e-01 1.00e-02 6.75e-01 1.25e-01 1.00e-02 5.00e+02
 6.00e-01 3.00e-01 1.00e-01 2.50e-02 0.00e+00 0.00e+00]
*** -  0.8 0.5 0.675 0.125 2639.4648494718826
- function call summary
ssd =  2640.740540978906  sigmas =  [0.03430002240948345, 0.1118430391822311, 0.022570522475025008]
pars =  [8.00e-01 1.00e-02 5.00e-01 1.00e-02 6.75e-01 2.50e-01 1.00e-02 5.00e+02
 6.00e-01 3.00e-01 1.00e-01 2.50e-02 0.00e+00 0.00e+00]
*** -  0.8 0.5 0.675 0.25 2640.740540978906
- function call summary
ssd =  2641.3486276132353  sigmas =  [0.024961775316516104, 0.07265998577832497, 0.015721004932276166]
pars =  [8.00e-01 1.00e-02 5.00e-01 1.00e-02 6.75e-01 3.75e-01 1.00e-02 5.00e+02
 6.00e-01 3.00e-01 1.00e-01 2.50e-02 0.00e+00 0.00e+00]
*** -  0.8 0.5 0.675 0.375 2641.3486276132353
- function call summary
ssd =  2642.1488273724926  sigmas =  [0.019348367082864148, 0.0517164591254928, 0.01185566381230025]
pars =  [8.00e-01 1.00e-02 5.00e-01 1.00e-02 6.75e-01 5.00e-01 1.00e-02 5.00e+02
 6.00e-01 3.00e-01 1.00e-01 2.50e-02 0.00e+00 0.00e+00]
*** -  0.8 0.5 0.675 0.5 2642.1488273724926
- function call summary
ssd =  2624.4184790410327  sigmas =  [0.0791815773472431, 0.6941369651794952, 0.09699774690693913]
pars =  [8.0e-01 1.0e-02 5.0e-01 1.0e-02 9.0e-01 0.0e+00 1.0e-02 5.0e+02 6.0e-01
 3.0e-01 1.0e-01 2.5e-02 0.0e+00 0.0e+00]
*** -  0.8 0.5 0.9 0.0 2624.4184790410327
- function call summary
ssd =  2633.709700947378  sigmas =  [0.029866120945176808, 0.149282986873815, 0.02357731912130747]
pars =  [8.00e-01 1.00e-02 5.00e-01 1.00e-02 9.00e-01 1.25e-01 1.00e-02 5.00e+02
 6.00e-01 3.00e-01 1.00e-01 2.50e-02 0.00e+00 0.00e+00]
*** -  0.8 0.5 0.9 0.125 2633.709700947378
- function call summary
ssd =  2637.7391453541045  sigmas =  [0.020270760386041448, 0.08414617374971131, 0.014680305078129997]
pars =  [8.0e-01 1.0e-02 5.0e-01 1.0e-02 9.0e-01 2.5e-01 1.0e-02 5.0e+02 6.0e-01
 3.0e-01 1.0e-01 2.5e-02 0.0e+00 0.0e+00]
*** -  0.8 0.5 0.9 0.25 2637.7391453541045
- function call summary
ssd =  2639.315862509324  sigmas =  [0.015344253345910493, 0.056513218642395106, 0.01059234308958015]
pars =  [8.00e-01 1.00e-02 5.00e-01 1.00e-02 9.00e-01 3.75e-01 1.00e-02 5.00e+02
 6.00e-01 3.00e-01 1.00e-01 2.50e-02 0.00e+00 0.00e+00]
*** -  0.8 0.5 0.9 0.375 2639.315862509324
- function call summary
ssd =  2640.3539160246496  sigmas =  [0.01227387913308688, 0.04131416851818184, 0.008196712752827707]
pars =  [8.0e-01 1.0e-02 5.0e-01 1.0e-02 9.0e-01 5.0e-01 1.0e-02 5.0e+02 6.0e-01
 3.0e-01 1.0e-01 2.5e-02 0.0e+00 0.0e+00]
*** -  0.8 0.5 0.9 0.5 2640.3539160246496
- function call summary
ssd =  2624.1473241983967  sigmas =  [0.23455194768917378, 1.769783151347219, 0.30874047810295835]
pars =  [8.0e-01 1.0e-02 6.5e-01 1.0e-02 4.5e-01 0.0e+00 1.0e-02 5.0e+02 6.0e-01
 3.0e-01 1.0e-01 2.5e-02 0.0e+00 0.0e+00]
*** -  0.8 0.65 0.45 0.0 2624.1473241983967
- function call summary
ssd =  2645.691885027269  sigmas =  [0.09364494085989775, 0.3834041450611048, 0.07195776772390464]
pars =  [8.00e-01 1.00e-02 6.50e-01 1.00e-02 4.50e-01 1.25e-01 1.00e-02 5.00e+02
 6.00e-01 3.00e-01 1.00e-01 2.50e-02 0.00e+00 0.00e+00]
*** -  0.8 0.65 0.45 0.125 2645.691885027269
- function call summary
ssd =  2648.372581032023  sigmas =  [0.05655434110896158, 0.18058217173489155, 0.03909057949331088]
pars =  [8.0e-01 1.0e-02 6.5e-01 1.0e-02 4.5e-01 2.5e-01 1.0e-02 5.0e+02 6.0e-01
 3.0e-01 1.0e-01 2.5e-02 0.0e+00 0.0e+00]
*** -  0.8 0.65 0.45 0.25 2648.372581032023
- function call summary
ssd =  2647.564426199579  sigmas =  [0.038273258735605296, 0.1053756818259583, 0.024930545433730647]
pars =  [8.00e-01 1.00e-02 6.50e-01 1.00e-02 4.50e-01 3.75e-01 1.00e-02 5.00e+02
 6.00e-01 3.00e-01 1.00e-01 2.50e-02 0.00e+00 0.00e+00]
*** -  0.8 0.65 0.45 0.375 2647.564426199579
- function call summary
ssd =  2647.120665136032  sigmas =  [0.02747320978739356, 0.06797549259427432, 0.01723486685079228]
pars =  [8.0e-01 1.0e-02 6.5e-01 1.0e-02 4.5e-01 5.0e-01 1.0e-02 5.0e+02 6.0e-01
 3.0e-01 1.0e-01 2.5e-02 0.0e+00 0.0e+00]
*** -  0.8 0.65 0.45 0.5 2647.120665136032
- function call summary
ssd =  2619.984721349793  sigmas =  [0.20463019904102192, 1.6028918290082432, 0.27761553296177344]
pars =  [8.00e-01 1.00e-02 6.50e-01 1.00e-02 6.75e-01 0.00e+00 1.00e-02 5.00e+02
 6.00e-01 3.00e-01 1.00e-01 2.50e-02 0.00e+00 0.00e+00]
*** -  0.8 0.65 0.675 0.0 2619.984721349793
- function call summary
ssd =  2638.8732717229977  sigmas =  [0.08365454433530209, 0.3800687094367239, 0.06672890911595951]
pars =  [8.00e-01 1.00e-02 6.50e-01 1.00e-02 6.75e-01 1.25e-01 1.00e-02 5.00e+02
 6.00e-01 3.00e-01 1.00e-01 2.50e-02 0.00e+00 0.00e+00]
*** -  0.8 0.65 0.675 0.125 2638.8732717229977
- function call summary
ssd =  2643.1462179190366  sigmas =  [0.051229146956867186, 0.1810733931760496, 0.03643396293058519]
pars =  [8.00e-01 1.00e-02 6.50e-01 1.00e-02 6.75e-01 2.50e-01 1.00e-02 5.00e+02
 6.00e-01 3.00e-01 1.00e-01 2.50e-02 0.00e+00 0.00e+00]
*** -  0.8 0.65 0.675 0.25 2643.1462179190366
- function call summary
ssd =  2643.70736059931  sigmas =  [0.03497272342610788, 0.10560322816857036, 0.02333680167489508]
pars =  [8.00e-01 1.00e-02 6.50e-01 1.00e-02 6.75e-01 3.75e-01 1.00e-02 5.00e+02
 6.00e-01 3.00e-01 1.00e-01 2.50e-02 0.00e+00 0.00e+00]
*** -  0.8 0.65 0.675 0.375 2643.70736059931
- function call summary
ssd =  2643.9668441956005  sigmas =  [0.02531874086293876, 0.06802551944147367, 0.01619889898671307]
pars =  [8.00e-01 1.00e-02 6.50e-01 1.00e-02 6.75e-01 5.00e-01 1.00e-02 5.00e+02
 6.00e-01 3.00e-01 1.00e-01 2.50e-02 0.00e+00 0.00e+00]
*** -  0.8 0.65 0.675 0.5 2643.9668441956005
- function call summary
ssd =  2620.4922182609225  sigmas =  [0.09488307721938566, 0.8011111361680987, 0.14743055860309137]
pars =  [8.0e-01 1.0e-02 6.5e-01 1.0e-02 9.0e-01 0.0e+00 1.0e-02 5.0e+02 6.0e-01
 3.0e-01 1.0e-01 2.5e-02 0.0e+00 0.0e+00]
*** -  0.8 0.65 0.9 0.0 2620.4922182609225
- function call summary
ssd =  2631.291829290762  sigmas =  [0.04425300899311255, 0.2526899315129758, 0.03953105248290431]
pars =  [8.00e-01 1.00e-02 6.50e-01 1.00e-02 9.00e-01 1.25e-01 1.00e-02 5.00e+02
 6.00e-01 3.00e-01 1.00e-01 2.50e-02 0.00e+00 0.00e+00]
*** -  0.8 0.65 0.9 0.125 2631.291829290762
- function call summary
ssd =  2639.2237672207116  sigmas =  [0.028902076529272173, 0.1304643808542431, 0.0226095059841147]
pars =  [8.0e-01 1.0e-02 6.5e-01 1.0e-02 9.0e-01 2.5e-01 1.0e-02 5.0e+02 6.0e-01
 3.0e-01 1.0e-01 2.5e-02 0.0e+00 0.0e+00]
*** -  0.8 0.65 0.9 0.25 2639.2237672207116
- function call summary
ssd =  2641.7278209693395  sigmas =  [0.020699326186864316, 0.07967635777554746, 0.01511567701919557]
pars =  [8.00e-01 1.00e-02 6.50e-01 1.00e-02 9.00e-01 3.75e-01 1.00e-02 5.00e+02
 6.00e-01 3.00e-01 1.00e-01 2.50e-02 0.00e+00 0.00e+00]
*** -  0.8 0.65 0.9 0.375 2641.7278209693395
- function call summary
ssd =  2642.7239473057093  sigmas =  [0.015598743009960444, 0.053117168675026784, 0.010864325200027405]
pars =  [8.0e-01 1.0e-02 6.5e-01 1.0e-02 9.0e-01 5.0e-01 1.0e-02 5.0e+02 6.0e-01
 3.0e-01 1.0e-01 2.5e-02 0.0e+00 0.0e+00]
*** -  0.8 0.65 0.9 0.5 2642.7239473057093
- function call summary
ssd =  2631.6451722125867  sigmas =  [0.27248765506618866, 1.9926878936169319, 0.3941021847203624]
pars =  [8.0e-01 1.0e-02 8.0e-01 1.0e-02 4.5e-01 0.0e+00 1.0e-02 5.0e+02 6.0e-01
 3.0e-01 1.0e-01 2.5e-02 0.0e+00 0.0e+00]
*** -  0.8 0.8 0.45 0.0 2631.6451722125867
- function call summary
ssd =  2640.878404391913  sigmas =  [0.18127725727766214, 0.9635038527437609, 0.1823744834670207]
pars =  [8.00e-01 1.00e-02 8.00e-01 1.00e-02 4.50e-01 1.25e-01 1.00e-02 5.00e+02
 6.00e-01 3.00e-01 1.00e-01 2.50e-02 0.00e+00 0.00e+00]
*** -  0.8 0.8 0.45 0.125 2640.878404391913
- function call summary
ssd =  2648.8566711208005  sigmas =  [0.11588915370284106, 0.47939445222428956, 0.09457115842408659]
pars =  [8.0e-01 1.0e-02 8.0e-01 1.0e-02 4.5e-01 2.5e-01 1.0e-02 5.0e+02 6.0e-01
 3.0e-01 1.0e-01 2.5e-02 0.0e+00 0.0e+00]
*** -  0.8 0.8 0.45 0.25 2648.8566711208005
- function call summary
ssd =  2651.6912544381835  sigmas =  [0.07472563908115827, 0.244886469084763, 0.0549395193145986]
pars =  [8.00e-01 1.00e-02 8.00e-01 1.00e-02 4.50e-01 3.75e-01 1.00e-02 5.00e+02
 6.00e-01 3.00e-01 1.00e-01 2.50e-02 0.00e+00 0.00e+00]
*** -  0.8 0.8 0.45 0.375 2651.6912544381835
- function call summary
ssd =  2650.950776282976  sigmas =  [0.048792364003266905, 0.13329043052252176, 0.03346978051603]
pars =  [8.0e-01 1.0e-02 8.0e-01 1.0e-02 4.5e-01 5.0e-01 1.0e-02 5.0e+02 6.0e-01
 3.0e-01 1.0e-01 2.5e-02 0.0e+00 0.0e+00]
*** -  0.8 0.8 0.45 0.5 2650.950776282976
- function call summary
ssd =  2629.071421390597  sigmas =  [0.2371092753319267, 1.7948151559982142, 0.34784461030703623]
pars =  [8.00e-01 1.00e-02 8.00e-01 1.00e-02 6.75e-01 0.00e+00 1.00e-02 5.00e+02
 6.00e-01 3.00e-01 1.00e-01 2.50e-02 0.00e+00 0.00e+00]
*** -  0.8 0.8 0.675 0.0 2629.071421390597
- function call summary
ssd =  2634.404175487377  sigmas =  [0.15979024722638263, 0.9159774415287545, 0.16869040895996065]
pars =  [8.00e-01 1.00e-02 8.00e-01 1.00e-02 6.75e-01 1.25e-01 1.00e-02 5.00e+02
 6.00e-01 3.00e-01 1.00e-01 2.50e-02 0.00e+00 0.00e+00]
*** -  0.8 0.8 0.675 0.125 2634.404175487377
- function call summary
ssd =  2642.0303390887507  sigmas =  [0.10314480450251973, 0.4747586645102614, 0.08742560368284268]
pars =  [8.00e-01 1.00e-02 8.00e-01 1.00e-02 6.75e-01 2.50e-01 1.00e-02 5.00e+02
 6.00e-01 3.00e-01 1.00e-01 2.50e-02 0.00e+00 0.00e+00]
*** -  0.8 0.8 0.675 0.25 2642.0303390887507
- function call summary
ssd =  2646.301738195195  sigmas =  [0.06728659862850722, 0.24518489254351147, 0.05085137608213294]
pars =  [8.00e-01 1.00e-02 8.00e-01 1.00e-02 6.75e-01 3.75e-01 1.00e-02 5.00e+02
 6.00e-01 3.00e-01 1.00e-01 2.50e-02 0.00e+00 0.00e+00]
*** -  0.8 0.8 0.675 0.375 2646.301738195195
- function call summary
ssd =  2646.9888618318087  sigmas =  [0.04438980930443745, 0.1341158325560149, 0.03112127370438767]
pars =  [8.00e-01 1.00e-02 8.00e-01 1.00e-02 6.75e-01 5.00e-01 1.00e-02 5.00e+02
 6.00e-01 3.00e-01 1.00e-01 2.50e-02 0.00e+00 0.00e+00]
*** -  0.8 0.8 0.675 0.5 2646.9888618318087
- function call summary
ssd =  2632.697416634274  sigmas =  [0.10858660773131312, 0.8823628566756628, 0.17865722512723695]
pars =  [8.0e-01 1.0e-02 8.0e-01 1.0e-02 9.0e-01 0.0e+00 1.0e-02 5.0e+02 6.0e-01
 3.0e-01 1.0e-01 2.5e-02 0.0e+00 0.0e+00]
*** -  0.8 0.8 0.9 0.0 2632.697416634274
- function call summary
ssd =  2629.2150994963695  sigmas =  [0.07773030228217007, 0.5256519144056474, 0.09392149032235117]
pars =  [8.00e-01 1.00e-02 8.00e-01 1.00e-02 9.00e-01 1.25e-01 1.00e-02 5.00e+02
 6.00e-01 3.00e-01 1.00e-01 2.50e-02 0.00e+00 0.00e+00]
*** -  0.8 0.8 0.9 0.125 2629.2150994963695
- function call summary
ssd =  2635.8825968036217  sigmas =  [0.05339426802121952, 0.30470398796005793, 0.05045859312439394]
pars =  [8.0e-01 1.0e-02 8.0e-01 1.0e-02 9.0e-01 2.5e-01 1.0e-02 5.0e+02 6.0e-01
 3.0e-01 1.0e-01 2.5e-02 0.0e+00 0.0e+00]
*** -  0.8 0.8 0.9 0.25 2635.8825968036217
- function call summary
ssd =  2642.2122664637786  sigmas =  [0.03684014696362375, 0.1713945459893947, 0.030468005215658366]
pars =  [8.00e-01 1.00e-02 8.00e-01 1.00e-02 9.00e-01 3.75e-01 1.00e-02 5.00e+02
 6.00e-01 3.00e-01 1.00e-01 2.50e-02 0.00e+00 0.00e+00]
*** -  0.8 0.8 0.9 0.375 2642.2122664637786
- function call summary
ssd =  2645.092583604368  sigmas =  [0.02563352355391943, 0.09917094017839248, 0.01952853755747457]
pars =  [8.0e-01 1.0e-02 8.0e-01 1.0e-02 9.0e-01 5.0e-01 1.0e-02 5.0e+02 6.0e-01
 3.0e-01 1.0e-01 2.5e-02 0.0e+00 0.0e+00]
*** -  0.8 0.8 0.9 0.5 2645.092583604368
- function call summary
ssd =  2655.7339569872524  sigmas =  [0.3439024265071454, 2.4100078953133597, 0.5064726451087593]
pars =  [8.0e-01 1.0e-02 9.5e-01 1.0e-02 4.5e-01 0.0e+00 1.0e-02 5.0e+02 6.0e-01
 3.0e-01 1.0e-01 2.5e-02 0.0e+00 0.0e+00]
*** -  0.8 0.95 0.45 0.0 2655.7339569872524
- function call summary
ssd =  2654.374862750427  sigmas =  [0.32938064472781603, 2.17604971978904, 0.46265886254574484]
pars =  [8.00e-01 1.00e-02 9.50e-01 1.00e-02 4.50e-01 1.25e-01 1.00e-02 5.00e+02
 6.00e-01 3.00e-01 1.00e-01 2.50e-02 0.00e+00 0.00e+00]
*** -  0.8 0.95 0.45 0.125 2654.374862750427
- function call summary
ssd =  2654.651960191988  sigmas =  [0.310468380359131, 1.9297484674485148, 0.4057687210371306]
pars =  [8.0e-01 1.0e-02 9.5e-01 1.0e-02 4.5e-01 2.5e-01 1.0e-02 5.0e+02 6.0e-01
 3.0e-01 1.0e-01 2.5e-02 0.0e+00 0.0e+00]
*** -  0.8 0.95 0.45 0.25 2654.651960191988
- function call summary
ssd =  2654.803354431919  sigmas =  [0.282913353811202, 1.6285133211412417, 0.3443445896913067]
pars =  [8.00e-01 1.00e-02 9.50e-01 1.00e-02 4.50e-01 3.75e-01 1.00e-02 5.00e+02
 6.00e-01 3.00e-01 1.00e-01 2.50e-02 0.00e+00 0.00e+00]
*** -  0.8 0.95 0.45 0.375 2654.803354431919
- function call summary
ssd =  2655.598689456092  sigmas =  [0.23756818884820854, 1.22484712223789, 0.260188371506874]
pars =  [8.0e-01 1.0e-02 9.5e-01 1.0e-02 4.5e-01 5.0e-01 1.0e-02 5.0e+02 6.0e-01
 3.0e-01 1.0e-01 2.5e-02 0.0e+00 0.0e+00]
*** -  0.8 0.95 0.45 0.5 2655.598689456092
- function call summary
ssd =  2654.4979300730615  sigmas =  [0.2982227804842589, 2.148486557233732, 0.4442777924518244]
pars =  [8.00e-01 1.00e-02 9.50e-01 1.00e-02 6.75e-01 0.00e+00 1.00e-02 5.00e+02
 6.00e-01 3.00e-01 1.00e-01 2.50e-02 0.00e+00 0.00e+00]
*** -  0.8 0.95 0.675 0.0 2654.4979300730615
- function call summary
ssd =  2652.4887863028102  sigmas =  [0.2859946036002031, 1.962066418615009, 0.41070598950708015]
pars =  [8.00e-01 1.00e-02 9.50e-01 1.00e-02 6.75e-01 1.25e-01 1.00e-02 5.00e+02
 6.00e-01 3.00e-01 1.00e-01 2.50e-02 0.00e+00 0.00e+00]
*** -  0.8 0.95 0.675 0.125 2652.4887863028102
- function call summary
ssd =  2651.885891549668  sigmas =  [0.27000840387328884, 1.7610675696121212, 0.36388075080318333]
pars =  [8.00e-01 1.00e-02 9.50e-01 1.00e-02 6.75e-01 2.50e-01 1.00e-02 5.00e+02
 6.00e-01 3.00e-01 1.00e-01 2.50e-02 0.00e+00 0.00e+00]
*** -  0.8 0.95 0.675 0.25 2651.885891549668
- function call summary
ssd =  2650.8806226993  sigmas =  [0.24664486603755922, 1.511420446396365, 0.3110000588502832]
pars =  [8.00e-01 1.00e-02 9.50e-01 1.00e-02 6.75e-01 3.75e-01 1.00e-02 5.00e+02
 6.00e-01 3.00e-01 1.00e-01 2.50e-02 0.00e+00 0.00e+00]
*** -  0.8 0.95 0.675 0.375 2650.8806226993
- function call summary
ssd =  2650.573365495251  sigmas =  [0.20820443565880487, 1.1607735138232231, 0.23678167796687144]
pars =  [8.00e-01 1.00e-02 9.50e-01 1.00e-02 6.75e-01 5.00e-01 1.00e-02 5.00e+02
 6.00e-01 3.00e-01 1.00e-01 2.50e-02 0.00e+00 0.00e+00]
*** -  0.8 0.95 0.675 0.5 2650.573365495251
- function call summary
ssd =  2660.7334174801986  sigmas =  [0.1354756123396172, 1.0352595937622977, 0.22133637665197906]
pars =  [8.0e-01 1.0e-02 9.5e-01 1.0e-02 9.0e-01 0.0e+00 1.0e-02 5.0e+02 6.0e-01
 3.0e-01 1.0e-01 2.5e-02 0.0e+00 0.0e+00]
*** -  0.8 0.95 0.9 0.0 2660.7334174801986
- function call summary
ssd =  2656.9851131133396  sigmas =  [0.1302892941352397, 0.9670165531219552, 0.2100344369400787]
pars =  [8.00e-01 1.00e-02 9.50e-01 1.00e-02 9.00e-01 1.25e-01 1.00e-02 5.00e+02
 6.00e-01 3.00e-01 1.00e-01 2.50e-02 0.00e+00 0.00e+00]
*** -  0.8 0.95 0.9 0.125 2656.9851131133396
- function call summary
ssd =  2654.09364855875  sigmas =  [0.12369739892542495, 0.8954781113499722, 0.18752534797613674]
pars =  [8.0e-01 1.0e-02 9.5e-01 1.0e-02 9.0e-01 2.5e-01 1.0e-02 5.0e+02 6.0e-01
 3.0e-01 1.0e-01 2.5e-02 0.0e+00 0.0e+00]
*** -  0.8 0.95 0.9 0.25 2654.09364855875
- function call summary
ssd =  2651.259893589005  sigmas =  [0.11410180114276897, 0.7965089396568565, 0.16093745490894001]
pars =  [8.00e-01 1.00e-02 9.50e-01 1.00e-02 9.00e-01 3.75e-01 1.00e-02 5.00e+02
 6.00e-01 3.00e-01 1.00e-01 2.50e-02 0.00e+00 0.00e+00]
*** -  0.8 0.95 0.9 0.375 2651.259893589005
- function call summary
ssd =  2648.936428075757  sigmas =  [0.09845818337255387, 0.6458515072788739, 0.1241262082138917]
pars =  [8.0e-01 1.0e-02 9.5e-01 1.0e-02 9.0e-01 5.0e-01 1.0e-02 5.0e+02 6.0e-01
 3.0e-01 1.0e-01 2.5e-02 0.0e+00 0.0e+00]
*** -  0.8 0.95 0.9 0.5 2648.936428075757
- function call summary
ssd =  2775.613478536458  sigmas =  [0.27457422419316496, 1.0774448252338071, 0.13259116590170456]
pars =  [9.5e-01 1.0e-02 5.0e-01 1.0e-02 4.5e-01 0.0e+00 1.0e-02 5.0e+02 6.0e-01
 3.0e-01 1.0e-01 2.5e-02 0.0e+00 0.0e+00]
*** -  0.95 0.5 0.45 0.0 2775.613478536458
- function call summary
ssd =  2650.1719923389714  sigmas =  [0.06497835098281668, 0.20111005899858725, 0.04140188500498947]
pars =  [9.50e-01 1.00e-02 5.00e-01 1.00e-02 4.50e-01 1.25e-01 1.00e-02 5.00e+02
 6.00e-01 3.00e-01 1.00e-01 2.50e-02 0.00e+00 0.00e+00]
*** -  0.95 0.5 0.45 0.125 2650.1719923389714
- function call summary
ssd =  2644.8927645142444  sigmas =  [0.038469759833310024, 0.11343139133220176, 0.024118509068372984]
pars =  [9.5e-01 1.0e-02 5.0e-01 1.0e-02 4.5e-01 2.5e-01 1.0e-02 5.0e+02 6.0e-01
 3.0e-01 1.0e-01 2.5e-02 0.0e+00 0.0e+00]
*** -  0.95 0.5 0.45 0.25 2644.8927645142444
- function call summary
ssd =  2642.86338825317  sigmas =  [0.027530809709787767, 0.07865690099961338, 0.017122834033541277]
pars =  [9.50e-01 1.00e-02 5.00e-01 1.00e-02 4.50e-01 3.75e-01 1.00e-02 5.00e+02
 6.00e-01 3.00e-01 1.00e-01 2.50e-02 0.00e+00 0.00e+00]
*** -  0.95 0.5 0.45 0.375 2642.86338825317
- function call summary
ssd =  2642.2190962766726  sigmas =  [0.021393476014528713, 0.0597426776951728, 0.013256242689188756]
pars =  [9.5e-01 1.0e-02 5.0e-01 1.0e-02 4.5e-01 5.0e-01 1.0e-02 5.0e+02 6.0e-01
 3.0e-01 1.0e-01 2.5e-02 0.0e+00 0.0e+00]
*** -  0.95 0.5 0.45 0.5 2642.2190962766726
- function call summary
ssd =  2774.90426884232  sigmas =  [0.24614125559707842, 1.0433053976067983, 0.12397791259474927]
pars =  [9.50e-01 1.00e-02 5.00e-01 1.00e-02 6.75e-01 0.00e+00 1.00e-02 5.00e+02
 6.00e-01 3.00e-01 1.00e-01 2.50e-02 0.00e+00 0.00e+00]
*** -  0.95 0.5 0.675 0.0 2774.90426884232
- function call summary
ssd =  2646.1111026090653  sigmas =  [0.05912188643068396, 0.199469970870429, 0.038910617725055954]
pars =  [9.50e-01 1.00e-02 5.00e-01 1.00e-02 6.75e-01 1.25e-01 1.00e-02 5.00e+02
 6.00e-01 3.00e-01 1.00e-01 2.50e-02 0.00e+00 0.00e+00]
*** -  0.95 0.5 0.675 0.125 2646.1111026090653
- function call summary
ssd =  2640.8482148710577  sigmas =  [0.03524616267803957, 0.11267438489202411, 0.022720146984029646]
pars =  [9.50e-01 1.00e-02 5.00e-01 1.00e-02 6.75e-01 2.50e-01 1.00e-02 5.00e+02
 6.00e-01 3.00e-01 1.00e-01 2.50e-02 0.00e+00 0.00e+00]
*** -  0.95 0.5 0.675 0.25 2640.8482148710577
- function call summary
ssd =  2638.6958006857826  sigmas =  [0.02535284864145764, 0.0783593848125511, 0.016147411436328654]
pars =  [9.50e-01 1.00e-02 5.00e-01 1.00e-02 6.75e-01 3.75e-01 1.00e-02 5.00e+02
 6.00e-01 3.00e-01 1.00e-01 2.50e-02 0.00e+00 0.00e+00]
*** -  0.95 0.5 0.675 0.375 2638.6958006857826
- function call summary
ssd =  2637.898393300165  sigmas =  [0.019793809314104648, 0.059600040901987034, 0.012513452113292332]
pars =  [9.50e-01 1.00e-02 5.00e-01 1.00e-02 6.75e-01 5.00e-01 1.00e-02 5.00e+02
 6.00e-01 3.00e-01 1.00e-01 2.50e-02 0.00e+00 0.00e+00]
*** -  0.95 0.5 0.675 0.5 2637.898393300165
- function call summary
ssd =  2773.6605660572836  sigmas =  [0.14065348798042884, 0.6741614968611882, 0.07533124074603968]
pars =  [9.5e-01 1.0e-02 5.0e-01 1.0e-02 9.0e-01 0.0e+00 1.0e-02 5.0e+02 6.0e-01
 3.0e-01 1.0e-01 2.5e-02 0.0e+00 0.0e+00]
*** -  0.95 0.5 0.9 0.0 2773.6605660572836
- function call summary
ssd =  2647.009843756718  sigmas =  [0.035128630788115026, 0.14286004996941548, 0.02478920923385021]
pars =  [9.50e-01 1.00e-02 5.00e-01 1.00e-02 9.00e-01 1.25e-01 1.00e-02 5.00e+02
 6.00e-01 3.00e-01 1.00e-01 2.50e-02 0.00e+00 0.00e+00]
*** -  0.95 0.5 0.9 0.125 2647.009843756718
- function call summary
ssd =  2641.1990040607698  sigmas =  [0.021469871908975882, 0.08274660253381061, 0.0148399297005452]
pars =  [9.5e-01 1.0e-02 5.0e-01 1.0e-02 9.0e-01 2.5e-01 1.0e-02 5.0e+02 6.0e-01
 3.0e-01 1.0e-01 2.5e-02 0.0e+00 0.0e+00]
*** -  0.95 0.5 0.9 0.25 2641.1990040607698
- function call summary
ssd =  2638.390143639861  sigmas =  [0.015716903992179565, 0.05854985114291212, 0.010717489117426787]
pars =  [9.50e-01 1.00e-02 5.00e-01 1.00e-02 9.00e-01 3.75e-01 1.00e-02 5.00e+02
 6.00e-01 3.00e-01 1.00e-01 2.50e-02 0.00e+00 0.00e+00]
*** -  0.95 0.5 0.9 0.375 2638.390143639861
- function call summary
ssd =  2636.9756764930225  sigmas =  [0.012448667657017385, 0.04511333777591764, 0.008411012601498244]
pars =  [9.5e-01 1.0e-02 5.0e-01 1.0e-02 9.0e-01 5.0e-01 1.0e-02 5.0e+02 6.0e-01
 3.0e-01 1.0e-01 2.5e-02 0.0e+00 0.0e+00]
*** -  0.95 0.5 0.9 0.5 2636.9756764930225
- function call summary
ssd =  2778.165109022085  sigmas =  [0.7925756196588454, 3.0099890200648947, 0.3916458105966378]
pars =  [9.5e-01 1.0e-02 6.5e-01 1.0e-02 4.5e-01 0.0e+00 1.0e-02 5.0e+02 6.0e-01
 3.0e-01 1.0e-01 2.5e-02 0.0e+00 0.0e+00]
*** -  0.95 0.65 0.45 0.0 2778.165109022085
- function call summary
ssd =  2660.29163250817  sigmas =  [0.1218160457834751, 0.36734202683129424, 0.08095044257410974]
pars =  [9.50e-01 1.00e-02 6.50e-01 1.00e-02 4.50e-01 1.25e-01 1.00e-02 5.00e+02
 6.00e-01 3.00e-01 1.00e-01 2.50e-02 0.00e+00 0.00e+00]
*** -  0.95 0.65 0.45 0.125 2660.29163250817
- function call summary
ssd =  2651.901094241252  sigmas =  [0.06133158444914587, 0.17265419177279795, 0.03972008154770019]
pars =  [9.5e-01 1.0e-02 6.5e-01 1.0e-02 4.5e-01 2.5e-01 1.0e-02 5.0e+02 6.0e-01
 3.0e-01 1.0e-01 2.5e-02 0.0e+00 0.0e+00]
*** -  0.95 0.65 0.45 0.25 2651.901094241252
- function call summary
ssd =  2647.690549606071  sigmas =  [0.03924993047114838, 0.10605297567685323, 0.02503218263506507]
pars =  [9.50e-01 1.00e-02 6.50e-01 1.00e-02 4.50e-01 3.75e-01 1.00e-02 5.00e+02
 6.00e-01 3.00e-01 1.00e-01 2.50e-02 0.00e+00 0.00e+00]
*** -  0.95 0.65 0.45 0.375 2647.690549606071
- function call summary
ssd =  2645.6517005739456  sigmas =  [0.02790943536745528, 0.07304738273383185, 0.01764112422361387]
pars =  [9.5e-01 1.0e-02 6.5e-01 1.0e-02 4.5e-01 5.0e-01 1.0e-02 5.0e+02 6.0e-01
 3.0e-01 1.0e-01 2.5e-02 0.0e+00 0.0e+00]
*** -  0.95 0.65 0.45 0.5 2645.6517005739456
- function call summary
ssd =  2777.4748898809157  sigmas =  [0.7099065812677826, 2.902943122736993, 0.3647775563197925]
pars =  [9.50e-01 1.00e-02 6.50e-01 1.00e-02 6.75e-01 0.00e+00 1.00e-02 5.00e+02
 6.00e-01 3.00e-01 1.00e-01 2.50e-02 0.00e+00 0.00e+00]
*** -  0.95 0.65 0.675 0.0 2777.4748898809157
- function call summary
ssd =  2656.721044164717  sigmas =  [0.11029973851942534, 0.364732026105097, 0.07557996592543688]
pars =  [9.50e-01 1.00e-02 6.50e-01 1.00e-02 6.75e-01 1.25e-01 1.00e-02 5.00e+02
 6.00e-01 3.00e-01 1.00e-01 2.50e-02 0.00e+00 0.00e+00]
*** -  0.95 0.65 0.675 0.125 2656.721044164717
- function call summary
ssd =  2648.330127328839  sigmas =  [0.05593170139451266, 0.17181797749401506, 0.03723794776451403]
pars =  [9.50e-01 1.00e-02 6.50e-01 1.00e-02 6.75e-01 2.50e-01 1.00e-02 5.00e+02
 6.00e-01 3.00e-01 1.00e-01 2.50e-02 0.00e+00 0.00e+00]
*** -  0.95 0.65 0.675 0.25 2648.330127328839
- function call summary
ssd =  2644.0705776054747  sigmas =  [0.035996469836975464, 0.10573205864172702, 0.02351142658165352]
pars =  [9.50e-01 1.00e-02 6.50e-01 1.00e-02 6.75e-01 3.75e-01 1.00e-02 5.00e+02
 6.00e-01 3.00e-01 1.00e-01 2.50e-02 0.00e+00 0.00e+00]
*** -  0.95 0.65 0.675 0.375 2644.0705776054747
