                  count       mean       std  ...        50%        75%        max
price_ann_fair   1581.0  16.945764  2.867897  ...  17.013926  19.172969  23.441229
price_ltci_fair  1581.0   0.100581  0.083847  ...   0.078538   0.105408   1.592008
price_rmr_fair   1578.0   0.000402  0.000858  ...   0.000031   0.000396   0.012463

[3 rows x 8 columns]
                      count       mean  ...        75%        max
price_ann_fair_avg   1581.0  16.945764  ...  18.934919  20.957125
price_ltci_fair_avg  1581.0   0.100581  ...   0.106325   0.159643
price_rmr_fair_avg   1581.0   0.000401  ...   0.000478   0.000744

[3 rows x 8 columns]
                  count       mean       std  ...        50%        75%        max
price_ann_fair   1581.0  16.945764  2.867897  ...  17.013926  19.172969  23.441229
price_ltci_fair  1581.0   0.100581  0.083847  ...   0.078538   0.105408   1.592008
price_rmr_fair   1581.0   0.000401  0.000857  ...   0.000030   0.000394   0.012463

[3 rows x 8 columns]
                 count      mean       std  min  25%  50%  75%  max
buy_ann_joint   1581.0  0.141366  0.326958  0.0  0.0  0.0  0.0  1.0
buy_ltci_joint  1581.0  0.157179  0.350805  0.0  0.0  0.0  0.0  1.0
buy_rmr_joint   1581.0  0.767394  0.422299  0.0  1.0  1.0  1.0  1.0
                count      mean       std  min  25%  50%  75%  max
buy_ann_indp   1581.0  0.076534  0.228319  0.0  0.0  0.0  0.0  1.0
buy_ltci_indp  1581.0  0.175522  0.368707  0.0  0.0  0.0  0.0  1.0
buy_rmr_indp   1581.0  0.767394  0.422299  0.0  1.0  1.0  1.0  1.0
