respid    
87      1    -0.831017
        2    -0.735686
        3    -0.811784
        4     2.378487
        5     0.266705
        6    -0.034901
        7    -0.324727
        8     0.092924
        9    -0.060469
        10   -0.028182
        11    0.046015
        12    0.042635
94      1    -1.650012
        2     1.573983
        3     1.695704
        4    -1.619675
        5    -0.100360
        6     0.014603
        7     0.042047
        8     0.043710
        9     2.080876
        10   -0.714228
        11   -0.656271
        12   -0.710377
109     1     0.039011
        2    -0.046154
        3    -0.026022
        4     0.033164
        5     0.308198
        6    -0.079046
        7     0.080092
        8    -0.309244
        9    -0.034575
        10   -0.003598
        11    0.015823
        12    0.022350
127     1     0.012809
        2     0.012944
        3    -0.001002
        4    -0.024751
        5     1.514859
        6    -0.762536
        7    -0.785190
        8     0.032867
        9     0.256037
        10   -0.254895
        11    0.236521
        12   -0.237663
159     1    -0.013371
        2     0.011485
dtype: float64
0
1
2
3
4
5
6
7
8
9
10
                 0         1         2         3   ...   13   14   15   16
respid                                             ...                    
87     1  -0.025904 -0.025904 -0.024202 -0.024202  ...  NaN  NaN  NaN  NaN
       2   0.091703  0.091703  0.095775  0.095775  ...  NaN  NaN  NaN  NaN
       3   0.007631  0.007631  0.001773  0.001773  ...  NaN  NaN  NaN  NaN
       4  -0.073430 -0.073430 -0.073346 -0.073346  ...  NaN  NaN  NaN  NaN
       5  -0.093516 -0.093516 -0.098519 -0.098519  ...  NaN  NaN  NaN  NaN
       6   0.126184  0.126184  0.120382  0.120382  ...  NaN  NaN  NaN  NaN
       7  -0.123039 -0.123039 -0.126566 -0.126566  ...  NaN  NaN  NaN  NaN
       8   0.090371  0.090371  0.104703  0.104703  ...  NaN  NaN  NaN  NaN
       9   0.097143  0.097143  0.090596  0.090596  ...  NaN  NaN  NaN  NaN
       10 -0.022291 -0.022291 -0.023003 -0.023003  ...  NaN  NaN  NaN  NaN
       11  0.018547  0.018547  0.020640  0.020640  ...  NaN  NaN  NaN  NaN
       12 -0.093399 -0.093399 -0.088233 -0.088233  ...  NaN  NaN  NaN  NaN
94     1   0.006713  0.006713  0.007076  0.007405  ...  NaN  NaN  NaN  NaN
       2  -0.035459 -0.035459 -0.036252 -0.036973  ...  NaN  NaN  NaN  NaN
       3  -0.022672 -0.022672 -0.023083 -0.023457  ...  NaN  NaN  NaN  NaN
       4   0.051418  0.051418  0.052259  0.053025  ...  NaN  NaN  NaN  NaN
       5  -0.236121 -0.236121 -0.238211 -0.240114  ...  NaN  NaN  NaN  NaN
       6   0.484476  0.484476  0.491819  0.498506  ...  NaN  NaN  NaN  NaN
       7  -0.075211 -0.075211 -0.073614 -0.072160  ...  NaN  NaN  NaN  NaN
       8  -0.173143 -0.173143 -0.179994 -0.186232  ...  NaN  NaN  NaN  NaN
       9   0.096103  0.096103  0.093869  0.091834  ...  NaN  NaN  NaN  NaN
       10 -0.058390 -0.058390 -0.058097 -0.057830  ...  NaN  NaN  NaN  NaN
       11  0.020910  0.020910  0.022490  0.023929  ...  NaN  NaN  NaN  NaN
       12 -0.058624 -0.058624 -0.058262 -0.057933  ...  NaN  NaN  NaN  NaN
109    1  -0.000296 -0.000296  0.001688  0.001688  ...  NaN  NaN  NaN  NaN
       2  -0.007074 -0.007074 -0.009338 -0.009338  ...  NaN  NaN  NaN  NaN
       3  -0.059225 -0.059225 -0.059345 -0.059345  ...  NaN  NaN  NaN  NaN
       4   0.066595  0.066595  0.066995  0.066995  ...  NaN  NaN  NaN  NaN
       5   0.007024  0.007024  0.026701  0.026701  ...  NaN  NaN  NaN  NaN
       6   0.265724  0.265724  0.251295  0.251295  ...  NaN  NaN  NaN  NaN
       7  -0.268983 -0.268983 -0.254583 -0.254583  ...  NaN  NaN  NaN  NaN
       8  -0.003765 -0.003765 -0.023413 -0.023413  ...  NaN  NaN  NaN  NaN
       9   0.094627  0.094627  0.090767  0.090767  ...  NaN  NaN  NaN  NaN
       10 -0.041793 -0.041793 -0.040933 -0.040933  ...  NaN  NaN  NaN  NaN
       11  0.038533  0.038533  0.038667  0.038667  ...  NaN  NaN  NaN  NaN
       12 -0.091366 -0.091366 -0.088501 -0.088501  ...  NaN  NaN  NaN  NaN
127    1   0.011974  0.011369  0.011709  0.012019  ...  NaN  NaN  NaN  NaN
       2   0.013483  0.012802  0.013068  0.013311  ...  NaN  NaN  NaN  NaN
       3  -0.003031 -0.002878 -0.002836 -0.002797  ...  NaN  NaN  NaN  NaN
       4  -0.022427 -0.021292 -0.021942 -0.022533  ...  NaN  NaN  NaN  NaN
       5  -0.070897 -0.063933 -0.062946 -0.062047  ...  NaN  NaN  NaN  NaN
       6  -0.148319 -0.137500 -0.144273 -0.150440  ...  NaN  NaN  NaN  NaN
       7  -0.509258 -0.493485 -0.497181 -0.500547  ...  NaN  NaN  NaN  NaN
       8   0.728475  0.694919  0.704400  0.713034  ...  NaN  NaN  NaN  NaN
       9   0.340113  0.322673  0.326433  0.329857  ...  NaN  NaN  NaN  NaN
       10 -0.345955 -0.328375 -0.331982 -0.335267  ...  NaN  NaN  NaN  NaN
       11  0.349213  0.331639  0.334754  0.337591  ...  NaN  NaN  NaN  NaN
       12 -0.343371 -0.325937 -0.329205 -0.332181  ...  NaN  NaN  NaN  NaN
159    1  -0.007588 -0.007106 -0.007529 -0.007717  ...  NaN  NaN  NaN  NaN
       2   0.012038  0.011641  0.012018  0.012168  ...  NaN  NaN  NaN  NaN

[50 rows x 17 columns]
                 0         1         2   ...        14        15         16
respid                                   ...                               
87     1  -0.025904 -0.025904 -0.024202  ...  1.630592  1.630592   1.630592
       2   0.091703  0.091703  0.095775  ... -9.004167 -9.004167  -9.004167
       3   0.007631  0.007631  0.001773  ... -0.511506 -0.511506  -0.511506
       4  -0.073430 -0.073430 -0.073346  ...  7.885081  7.885081   7.885081
       5  -0.093516 -0.093516 -0.098519  ...  1.538920  1.538920   1.538920
       6   0.126184  0.126184  0.120382  ...  0.129933  0.129933   0.129933
       7  -0.123039 -0.123039 -0.126566  ...  1.171391  1.171391   1.171391
       8   0.090371  0.090371  0.104703  ... -2.840244 -2.840244  -2.840244
       9   0.097143  0.097143  0.090596  ...  0.201193  3.734573   3.734573
       10 -0.022291 -0.022291 -0.023003  ...  0.062604  1.709169   1.709169
       11  0.018547  0.018547  0.020640  ... -0.101807 -2.790325  -2.790325
       12 -0.093399 -0.093399 -0.088233  ... -0.161991 -2.653417  -2.653417
94     1   0.006713  0.006713  0.007076  ... -0.868548 -0.868548  -0.868548
       2  -0.035459 -0.035459 -0.036252  ...  2.715172  2.715172   2.715172
       3  -0.022672 -0.022672 -0.023083  ...  1.631124  1.631124   1.631124
       4   0.051418  0.051418  0.052259  ... -3.477748 -3.477748  -3.477748
       5  -0.236121 -0.236121 -0.238211  ...  1.541392  1.541392   1.541392
       6   0.484476  0.484476  0.491819  ... -3.477728 -3.477728  -3.477728
       7  -0.075211 -0.075211 -0.073614  ...  0.252909  0.252909   0.252909
       8  -0.173143 -0.173143 -0.179994  ...  1.683426  1.683426   1.683426
       9   0.096103  0.096103  0.093869  ...  0.111059  1.373139   1.373139
       10 -0.058390 -0.058390 -0.058097  ... -0.007800  0.775147   0.775147
       11  0.020910  0.020910  0.022490  ... -0.087902 -2.690908  -2.690908
       12 -0.058624 -0.058624 -0.058262  ... -0.015357  0.542622   0.542622
109    1  -0.000296 -0.000296  0.001688  ... -3.401383 -3.401383  -3.401383
       2  -0.007074 -0.007074 -0.009338  ...  4.020526  4.020526   4.020526
       3  -0.059225 -0.059225 -0.059345  ...  2.217717  2.217717   2.217717
       4   0.066595  0.066595  0.066995  ... -2.836859 -2.836859  -2.836859
       5   0.007024  0.007024  0.026701  ... -2.883846 -2.883846  -2.883846
       6   0.265724  0.265724  0.251295  ...  0.887201  0.887201   0.887201
       7  -0.268983 -0.268983 -0.254583  ... -0.867098 -0.867098  -0.867098
       8  -0.003765 -0.003765 -0.023413  ...  2.863743  2.863743   2.863743
       9   0.094627  0.094627  0.090767  ...  0.133412  0.133412   1.562097
       10 -0.041793 -0.041793 -0.040933  ... -0.014438 -0.014438   0.134128
       11  0.038533  0.038533  0.038667  ... -0.012605 -0.012605  -0.666253
       12 -0.091366 -0.091366 -0.088501  ... -0.106369 -0.106369  -1.029972
127    1   0.011974  0.011369  0.011709  ... -1.113393 -1.113393  -1.113393
       2   0.013483  0.012802  0.013068  ... -1.119988 -1.119988  -1.119988
       3  -0.003031 -0.002878 -0.002836  ...  0.083446  0.083446   0.083446
       4  -0.022427 -0.021292 -0.021942  ...  2.149935  2.149935   2.149935
       5  -0.070897 -0.063933 -0.062946  ...  0.546626  0.546626   0.546626
       6  -0.148319 -0.137500 -0.144273  ...  2.253693  2.253693   2.253693
       7  -0.509258 -0.493485 -0.497181  ...  2.214843  2.214843   2.214843
       8   0.728475  0.694919  0.704400  ... -5.015162 -5.015162  -5.015162
       9   0.340113  0.322673  0.326433  ... -0.411770 -0.411770 -10.989262
       10 -0.345955 -0.328375 -0.331982  ...  0.408476  0.408476  10.938794
       11  0.349213  0.331639  0.334754  ... -0.372460 -0.372460 -10.143674
       12 -0.343371 -0.325937 -0.329205  ...  0.375754  0.375754  10.194142
159    1  -0.007588 -0.007106 -0.007529  ...  1.162909  1.162909   1.162909
       2   0.012038  0.011641  0.012018  ... -0.998264 -0.998264  -0.998264

[50 rows x 17 columns]
