respid    
87      1    -0.841681
        2    -0.719634
        3    -0.823710
        4     2.385024
        5     0.297097
        6    -0.012804
        7    -0.299651
        8     0.015358
        9    -0.012461
        10   -0.018368
        11    0.027093
        12    0.003736
94      1    -1.660460
        2     1.591931
        3     1.695365
        4    -1.626836
        5    -0.062120
        6    -0.080745
        7     0.042010
        8     0.100855
        9     2.116444
        10   -0.723102
        11   -0.673661
        12   -0.719682
109     1     0.018536
        2    -0.025324
        3    -0.034609
        4     0.041396
        5     0.201888
        6     0.027029
        7    -0.024695
        8    -0.204223
        9    -0.003104
        10   -0.014760
        11    0.019041
        12   -0.001177
127     1     0.000565
        2     0.021343
        3    -0.013271
        4    -0.008636
        5     1.539332
        6    -0.679314
        7    -0.686521
        8    -0.173497
        9     0.329341
        10   -0.316457
        11    0.278738
        12   -0.291622
159     1    -0.015731
        2     0.013924
dtype: float64
0
1
2
3
4
5
6
7
8
9
10
                 0         1         2         3   ...   13   14   15   16
respid                                             ...                    
87     1  -0.017156 -0.017156 -0.007499 -0.007499  ...  NaN  NaN  NaN  NaN
       2   0.038474  0.038474  0.060091  0.060091  ...  NaN  NaN  NaN  NaN
       3  -0.014842 -0.014842 -0.006337 -0.006337  ...  NaN  NaN  NaN  NaN
       4  -0.006476 -0.006476 -0.046255 -0.046255  ...  NaN  NaN  NaN  NaN
       5  -0.034955 -0.034955 -0.063701 -0.063701  ...  NaN  NaN  NaN  NaN
       6   0.023594  0.023594 -0.018242 -0.018242  ...  NaN  NaN  NaN  NaN
       7  -0.038641 -0.038641 -0.051562 -0.051562  ...  NaN  NaN  NaN  NaN
       8   0.050002  0.050002  0.133504  0.133504  ...  NaN  NaN  NaN  NaN
       9  -0.010395 -0.010395 -0.023293 -0.023293  ...  NaN  NaN  NaN  NaN
       10 -0.003293 -0.003293 -0.006512 -0.006512  ...  NaN  NaN  NaN  NaN
       11  0.008722  0.008722  0.014659  0.014659  ...  NaN  NaN  NaN  NaN
       12  0.004967  0.004967  0.015147  0.015147  ...  NaN  NaN  NaN  NaN
94     1   0.003978  0.003978  0.008205  0.014908  ...  NaN  NaN  NaN  NaN
       2   0.007043  0.007043 -0.008836 -0.020690  ...  NaN  NaN  NaN  NaN
       3  -0.001897 -0.001897 -0.001275 -0.002161  ...  NaN  NaN  NaN  NaN
       4  -0.009124 -0.009124  0.001907  0.007943  ...  NaN  NaN  NaN  NaN
       5  -0.235955 -0.235955 -0.126772 -0.178886  ...  NaN  NaN  NaN  NaN
       6  -0.086231 -0.086231  0.269164  0.380722  ...  NaN  NaN  NaN  NaN
       7   0.553015  0.553015 -0.031449 -0.045893  ...  NaN  NaN  NaN  NaN
       8  -0.230829 -0.230829 -0.110943 -0.155943  ...  NaN  NaN  NaN  NaN
       9   0.013131  0.013131  0.010995  0.009579  ...  NaN  NaN  NaN  NaN
       10 -0.014025 -0.014025 -0.015854 -0.017034  ...  NaN  NaN  NaN  NaN
       11  0.014204  0.014204  0.021228  0.025824  ...  NaN  NaN  NaN  NaN
       12 -0.013310 -0.013310 -0.016369 -0.018370  ...  NaN  NaN  NaN  NaN
109    1  -0.012978 -0.012978  0.008758  0.008758  ...  NaN  NaN  NaN  NaN
       2   0.023604  0.023604 -0.016094 -0.016094  ...  NaN  NaN  NaN  NaN
       3  -0.026922 -0.026922 -0.017669 -0.017669  ...  NaN  NaN  NaN  NaN
       4   0.016295  0.016295  0.025006  0.025006  ...  NaN  NaN  NaN  NaN
       5  -0.111286 -0.111286  0.165341  0.165341  ...  NaN  NaN  NaN  NaN
       6   0.068615  0.068615 -0.109217 -0.109217  ...  NaN  NaN  NaN  NaN
       7   0.012305  0.012305  0.057599  0.057599  ...  NaN  NaN  NaN  NaN
       8   0.030366  0.030366 -0.113723 -0.113723  ...  NaN  NaN  NaN  NaN
       9  -0.071313 -0.071313 -0.069711 -0.069711  ...  NaN  NaN  NaN  NaN
       10 -0.079789 -0.079789 -0.077513 -0.077513  ...  NaN  NaN  NaN  NaN
       11 -0.065358 -0.065358 -0.056301 -0.056301  ...  NaN  NaN  NaN  NaN
       12  0.216460  0.216460  0.203524  0.203524  ...  NaN  NaN  NaN  NaN
127    1   0.003917  0.001098  0.004227  0.012685  ...  NaN  NaN  NaN  NaN
       2   0.000833  0.000234  0.010743  0.023409  ...  NaN  NaN  NaN  NaN
       3  -0.011702 -0.003281  0.002682 -0.011794  ...  NaN  NaN  NaN  NaN
       4   0.006952  0.001949 -0.017653 -0.024301  ...  NaN  NaN  NaN  NaN
       5   0.175317  0.048618 -0.068642 -0.150877  ...  NaN  NaN  NaN  NaN
       6   0.163733  0.046090 -0.259456 -0.446146  ...  NaN  NaN  NaN  NaN
       7   0.158918  0.044740 -0.223056 -0.407176  ...  NaN  NaN  NaN  NaN
       8  -0.497968 -0.139447  0.551155  1.004199  ...  NaN  NaN  NaN  NaN
       9  -0.307410 -0.086196  0.246947  0.468489  ...  NaN  NaN  NaN  NaN
       10  0.303829  0.085191 -0.233539 -0.445372  ...  NaN  NaN  NaN  NaN
       11 -0.305602 -0.085688  0.228763  0.437654  ...  NaN  NaN  NaN  NaN
       12  0.309183  0.086693 -0.242170 -0.460771  ...  NaN  NaN  NaN  NaN
159    1  -0.004026 -0.000893  0.048501  0.048318  ...  NaN  NaN  NaN  NaN
       2   0.006614  0.001020 -0.148822 -0.149140  ...  NaN  NaN  NaN  NaN

[50 rows x 17 columns]
                 0         1         2   ...         14         15         16
respid                                   ...                                 
87     1  -0.017156 -0.017156 -0.007499  ...   3.519541   3.519541   3.519541
       2   0.038474  0.038474  0.060091  ... -13.426779 -13.426779 -13.426779
       3  -0.014842 -0.014842 -0.006337  ...   1.013481   1.013481   1.013481
       4  -0.006476 -0.006476 -0.046255  ...   8.893757   8.893757   8.893757
       5  -0.034955 -0.034955 -0.063701  ...   1.720067   1.720067   1.720067
       6   0.023594  0.023594 -0.018242  ...  -0.261397  -0.261397  -0.261397
       7  -0.038641 -0.038641 -0.051562  ...   1.336991   1.336991   1.336991
       8   0.050002  0.050002  0.133504  ...  -2.795662  -2.795662  -2.795662
       9  -0.010395 -0.010395 -0.023293  ...   0.001889   1.267705   1.267705
       10 -0.003293 -0.003293 -0.006512  ...   0.054626   1.920969   1.920969
       11  0.008722  0.008722  0.014659  ...  -0.070387  -2.823219  -2.823219
       12  0.004967  0.004967  0.015147  ...   0.013872  -0.365456  -0.365456
94     1   0.003978  0.003978  0.008205  ...   0.073942   0.073942   0.073942
       2   0.007043  0.007043 -0.008836  ...   1.783100   1.783100   1.783100
       3  -0.001897 -0.001897 -0.001275  ...   2.574788   2.574788   2.574788
       4  -0.009124 -0.009124  0.001907  ...  -4.431829  -4.431829  -4.431829
       5  -0.235955 -0.235955 -0.126772  ...   1.625397   1.625397   1.625397
       6  -0.086231 -0.086231  0.269164  ...  -3.596420  -3.596420  -3.596420
       7   0.553015  0.553015 -0.031449  ...   0.345441   0.345441   0.345441
       8  -0.230829 -0.230829 -0.110943  ...   1.625582   1.625582   1.625582
       9   0.013131  0.013131  0.010995  ...  -0.024542  -1.444197  -1.444197
       10 -0.014025 -0.014025 -0.015854  ...   0.045873   2.309328   2.309328
       11  0.014204  0.014204  0.021228  ...  -0.053733  -2.813436  -2.813436
       12 -0.013310 -0.013310 -0.016369  ...   0.032402   1.948304   1.948304
109    1  -0.012978 -0.012978  0.008758  ...  -2.488158  -2.488158  -2.488158
       2   0.023604  0.023604 -0.016094  ...   3.401598   3.401598   3.401598
       3  -0.026922 -0.026922 -0.017669  ...   4.597202   4.597202   4.597202
       4   0.016295  0.016295  0.025006  ...  -5.510642  -5.510642  -5.510642
       5  -0.111286 -0.111286  0.165341  ...  -2.499710  -2.499710  -2.499710
       6   0.068615  0.068615 -0.109217  ...  -0.507630  -0.507630  -0.507630
       7   0.012305  0.012305  0.057599  ...   0.478386   0.478386   0.478386
       8   0.030366  0.030366 -0.113723  ...   2.528953   2.528953   2.528953
       9  -0.071313 -0.071313 -0.069711  ...  -0.052557  -0.052557   0.133948
       10 -0.079789 -0.079789 -0.077513  ...  -0.023293  -0.023293   0.864916
       11 -0.065358 -0.065358 -0.056301  ...  -0.138094  -0.138094  -1.284926
       12  0.216460  0.216460  0.203524  ...   0.213944   0.213944   0.286063
127    1   0.003917  0.001098  0.004227  ...  -0.070424  -0.070424  -0.070424
       2   0.000833  0.000234  0.010743  ...  -2.853212  -2.853212  -2.853212
       3  -0.011702 -0.003281  0.002682  ...   1.777524   1.777524   1.777524
       4   0.006952  0.001949 -0.017653  ...   1.146112   1.146112   1.146112
       5   0.175317  0.048618 -0.068642  ...   0.423722   0.423722   0.423722
       6   0.163733  0.046090 -0.259456  ...   1.939179   1.939179   1.939179
       7   0.158918  0.044740 -0.223056  ...   2.069578   2.069578   2.069578
       8  -0.497968 -0.139447  0.551155  ...  -4.432478  -4.432478  -4.432478
       9  -0.307410 -0.086196  0.246947  ...  -1.033633  -1.033633 -20.861942
       10  0.303829  0.085191 -0.233539  ...   1.010591   1.010591  20.063288
       11 -0.305602 -0.085688  0.228763  ...  -0.877992  -0.877992 -17.659697
       12  0.309183  0.086693 -0.242170  ...   0.901035   0.901035  18.458351
159    1  -0.004026 -0.000893  0.048501  ...   2.112883   2.112883   2.112883
       2   0.006614  0.001020 -0.148822  ...  -1.876827  -1.876827  -1.876827

[50 rows x 17 columns]
