respid    
87      1    -0.838437
        2    -0.718669
        3    -0.819391
        4     2.376497
        5     0.299303
        6    -0.045156
        7    -0.297043
        8     0.042896
        9    -0.020683
        10   -0.018774
        11    0.028898
        12    0.010559
94      1    -1.657532
        2     1.585078
        3     1.693316
        4    -1.620861
        5    -0.071284
        6    -0.045819
        7     0.048227
        8     0.068876
        9     2.102509
        10   -0.720523
        11   -0.667735
        12   -0.714252
109     1     0.033792
        2    -0.042266
        3    -0.037563
        4     0.046036
        5     0.362918
        6    -0.093525
        7     0.096417
        8    -0.365810
        9    -0.018446
        10   -0.011005
        11    0.019303
        12    0.010148
127     1     0.010191
        2     0.017055
        3    -0.005666
        4    -0.021579
        5     1.512627
        6    -0.800571
        7    -0.814704
        8     0.102648
        9     0.333085
        10   -0.331579
        11    0.297277
        12   -0.298783
159     1    -0.014060
        2     0.011838
dtype: float64
0
1
2
3
4
5
6
7
8
9
10
11
12
                 0         1         2         3   ...   15   16   17   18
respid                                             ...                    
87     1  -0.015727 -0.015727  0.000528  0.000528  ...  NaN  NaN  NaN  NaN
       2   0.032915  0.032915  0.066946  0.066946  ...  NaN  NaN  NaN  NaN
       3  -0.013400 -0.013400  0.012201  0.012201  ...  NaN  NaN  NaN  NaN
       4  -0.003789 -0.003789 -0.079676 -0.079676  ...  NaN  NaN  NaN  NaN
       5  -0.035993 -0.035993 -0.074681 -0.074681  ...  NaN  NaN  NaN  NaN
       6   0.021160  0.021160 -0.115249 -0.115249  ...  NaN  NaN  NaN  NaN
       7   0.008243  0.008243 -0.105653 -0.105653  ...  NaN  NaN  NaN  NaN
       8   0.006589  0.006589  0.295582  0.295582  ...  NaN  NaN  NaN  NaN
       9   0.006000  0.006000 -0.042136 -0.042136  ...  NaN  NaN  NaN  NaN
       10 -0.007169 -0.007169 -0.006422 -0.006422  ...  NaN  NaN  NaN  NaN
       11 -0.006385 -0.006385  0.016778  0.016778  ...  NaN  NaN  NaN  NaN
       12  0.007554  0.007554  0.031781  0.031781  ...  NaN  NaN  NaN  NaN
94     1  -0.002173 -0.002173  0.009179  0.008439  ...  NaN  NaN  NaN  NaN
       2  -0.002830 -0.002830 -0.024372 -0.027312  ...  NaN  NaN  NaN  NaN
       3  -0.009306 -0.009306 -0.011204 -0.010618  ...  NaN  NaN  NaN  NaN
       4   0.014309  0.014309  0.026397  0.029492  ...  NaN  NaN  NaN  NaN
       5  -0.052322 -0.052322 -0.030310 -0.031778  ...  NaN  NaN  NaN  NaN
       6   0.110405  0.110405  0.072930  0.081616  ...  NaN  NaN  NaN  NaN
       7  -0.000837 -0.000837  0.064316  0.070484  ...  NaN  NaN  NaN  NaN
       8  -0.057246 -0.057246 -0.106936 -0.120322  ...  NaN  NaN  NaN  NaN
       9   0.019419  0.019419 -0.062491 -0.070579  ...  NaN  NaN  NaN  NaN
       10 -0.016574 -0.016574  0.009669  0.012176  ...  NaN  NaN  NaN  NaN
       11  0.012655  0.012655  0.040881  0.043744  ...  NaN  NaN  NaN  NaN
       12 -0.015501 -0.015501  0.011941  0.014660  ...  NaN  NaN  NaN  NaN
109    1  -0.009130 -0.009130  0.038068  0.038068  ...  NaN  NaN  NaN  NaN
       2   0.013851  0.013851 -0.043001 -0.043001  ...  NaN  NaN  NaN  NaN
       3  -0.023453 -0.023453 -0.018812 -0.018812  ...  NaN  NaN  NaN  NaN
       4   0.018732  0.018732  0.023744  0.023744  ...  NaN  NaN  NaN  NaN
       5   0.093575  0.093575  0.610958  0.610958  ...  NaN  NaN  NaN  NaN
       6   0.049496  0.049496 -0.406560 -0.406560  ...  NaN  NaN  NaN  NaN
       7  -0.105081 -0.105081  0.357378  0.357378  ...  NaN  NaN  NaN  NaN
       8  -0.037990 -0.037990 -0.561775 -0.561775  ...  NaN  NaN  NaN  NaN
       9   0.122002  0.122002  0.088469  0.088469  ...  NaN  NaN  NaN  NaN
       10 -0.044908 -0.044908 -0.046860 -0.046860  ...  NaN  NaN  NaN  NaN
       11 -0.025800 -0.025800 -0.014952 -0.014952  ...  NaN  NaN  NaN  NaN
       12 -0.051294 -0.051294 -0.026657 -0.026657  ...  NaN  NaN  NaN  NaN
127    1  -0.004901 -0.004616 -0.227198 -0.223689  ...  NaN  NaN  NaN  NaN
       2   0.007949  0.007484  0.089288  0.089453  ...  NaN  NaN  NaN  NaN
       3  -0.008207 -0.007728  0.082339  0.084048  ...  NaN  NaN  NaN  NaN
       4   0.005160  0.004860  0.055571  0.050188  ...  NaN  NaN  NaN  NaN
       5  -0.020689 -0.019484  0.017828  0.020984  ...  NaN  NaN  NaN  NaN
       6  -0.062616 -0.058957 -0.215211 -0.246847  ...  NaN  NaN  NaN  NaN
       7  -0.048038 -0.045231 -0.263841 -0.291693  ...  NaN  NaN  NaN  NaN
       8   0.131342  0.123672  0.461224  0.517556  ...  NaN  NaN  NaN  NaN
       9   0.143233  0.134867  0.177831  0.185541  ...  NaN  NaN  NaN  NaN
       10 -0.143921 -0.135517 -0.170758 -0.177087  ...  NaN  NaN  NaN  NaN
       11  0.140539  0.132336  0.152606  0.156260  ...  NaN  NaN  NaN  NaN
       12 -0.139851 -0.131686 -0.159678 -0.164713  ...  NaN  NaN  NaN  NaN
159    1  -0.054214 -0.053960 -0.028831 -0.029044  ...  NaN  NaN  NaN  NaN
       2   0.007383  0.007130  0.026122  0.025955  ...  NaN  NaN  NaN  NaN

[50 rows x 19 columns]
                 0         1         2   ...        16        17        18
respid                                   ...                              
87     1  -0.015727 -0.015727  0.000528  ...  1.297137  1.297137  1.297137
       2   0.032915  0.032915  0.066946  ... -5.659446 -5.659446 -5.659446
       3  -0.013400 -0.013400  0.012201  ...  0.188175  0.188175  0.188175
       4  -0.003789 -0.003789 -0.079676  ...  4.174134  4.174134  4.174134
       5  -0.035993 -0.035993 -0.074681  ...  0.652121  0.652121  0.652121
       6   0.021160  0.021160 -0.115249  ... -0.016244 -0.016244 -0.016244
       7   0.008243  0.008243 -0.105653  ...  0.507255  0.507255  0.507255
       8   0.006589  0.006589  0.295582  ... -1.143132 -1.143132 -1.143132
       9   0.006000  0.006000 -0.042136  ... -0.000746  0.756061  0.756061
       10 -0.007169 -0.007169 -0.006422  ...  0.025308  0.712372  0.712372
       11 -0.006385 -0.006385  0.016778  ... -0.035282 -1.092819 -1.092819
       12  0.007554  0.007554  0.031781  ...  0.010720 -0.375614 -0.375614
94     1  -0.002173 -0.002173  0.009179  ... -0.117670 -0.117670 -0.117670
       2  -0.002830 -0.002830 -0.024372  ...  1.014419  1.014419  1.014419
       3  -0.009306 -0.009306 -0.011204  ...  1.076783  1.076783  1.076783
       4   0.014309  0.014309  0.026397  ... -1.973532 -1.973532 -1.973532
       5  -0.052322 -0.052322 -0.030310  ...  0.770322  0.770322  0.770322
       6   0.110405  0.110405  0.072930  ... -1.775490 -1.775490 -1.775490
       7  -0.000837 -0.000837  0.064316  ...  0.198341  0.198341  0.198341
       8  -0.057246 -0.057246 -0.106936  ...  0.806827  0.806827  0.806827
       9   0.019419  0.019419 -0.062491  ... -0.049761 -0.051353 -0.051353
       10 -0.016574 -0.016574  0.009669  ...  0.029909  0.750816  0.750816
       11  0.012655  0.012655  0.040881  ... -0.000486 -1.211230 -1.211230
       12 -0.015501 -0.015501  0.011941  ...  0.020338  0.511767  0.511767
109    1  -0.009130 -0.009130  0.038068  ... -1.709413 -1.709413 -1.709413
       2   0.013851  0.013851 -0.043001  ...  2.144572  2.144572  2.144572
       3  -0.023453 -0.023453 -0.018812  ...  1.894610  1.894610  1.894610
       4   0.018732  0.018732  0.023744  ... -2.329769 -2.329769 -2.329769
       5   0.093575  0.093575  0.610958  ... -1.472744 -1.472744 -1.472744
       6   0.049496  0.049496 -0.406560  ...  0.199746  0.199746  0.199746
       7  -0.105081 -0.105081  0.357378  ... -0.261756 -0.261756 -0.261756
       8  -0.037990 -0.037990 -0.561775  ...  1.534753  1.534753  1.534753
       9   0.122002  0.122002  0.088469  ...  0.121642  0.121642  0.539512
       10 -0.044908 -0.044908 -0.046860  ... -0.019632 -0.019632  0.229462
       11 -0.025800 -0.025800 -0.014952  ... -0.040997 -0.040997 -0.478086
       12 -0.051294 -0.051294 -0.026657  ... -0.061013 -0.061013 -0.290888
127    1  -0.004901 -0.004616 -0.227198  ... -0.751643 -0.751643 -0.751643
       2   0.007949  0.007484  0.089288  ... -0.784141 -0.784141 -0.784141
       3  -0.008207 -0.007728  0.082339  ...  0.370802  0.370802  0.370802
       4   0.005160  0.004860  0.055571  ...  1.164982  1.164982  1.164982
       5  -0.020689 -0.019484  0.017828  ...  0.359024  0.359024  0.359024
       6  -0.062616 -0.058957 -0.215211  ...  1.308121  1.308121  1.308121
       7  -0.048038 -0.045231 -0.263841  ...  1.506805  1.506805  1.506805
       8   0.131342  0.123672  0.461224  ... -3.173951 -3.173951 -3.173951
       9   0.143233  0.134867  0.177831  ... -0.308953 -0.308953 -7.850112
       10 -0.143921 -0.135517 -0.170758  ...  0.314643  0.314643  7.821724
       11  0.140539  0.132336  0.152606  ... -0.259004 -0.259004 -6.989411
       12 -0.139851 -0.131686 -0.159678  ...  0.253314  0.253314  7.017799
159    1  -0.054214 -0.053960 -0.028831  ...  0.710013  0.710013  0.710013
       2   0.007383  0.007130  0.026122  ... -0.612151 -0.612151 -0.612151

[50 rows x 19 columns]
