respid    
87      1    -0.880648
        2    -0.667872
        3    -0.853600
        4     2.402121
        5     0.242549
        6     0.077489
        7    -0.341570
        8     0.021531
        9    -0.031167
        10   -0.012283
        11    0.020421
        12    0.023029
94      1    -1.648378
        2     1.561382
        3     1.682946
        4    -1.595951
        5    -0.220413
        6     0.262186
        7    -0.002700
        8    -0.039073
        9     2.143191
        10   -0.760578
        11   -0.625262
        12   -0.757352
109     1     0.030071
        2    -0.039071
        3    -0.041586
        4     0.050586
        5     0.340399
        6    -0.028986
        7     0.033360
        8    -0.344773
        9    -0.067228
        10    0.005260
        11   -0.001318
        12    0.063286
127     1    -0.005045
        2     0.020334
        3    -0.013628
        4    -0.001662
        5     1.535747
        6    -0.656838
        7    -0.672438
        8    -0.206471
        9     0.094194
        10   -0.117253
        11    0.064946
        12   -0.041888
159     1    -0.011336
        2     0.009779
dtype: float64
0
1
2
3
4
5
6
7
8
9
10
11
12
13
                 0         1         2         3   ...   16   17   18   19
respid                                             ...                    
87     1  -0.180151 -0.180151 -0.180134 -0.180134  ...  NaN  NaN  NaN  NaN
       2   0.369462  0.369462  0.371259  0.371259  ...  NaN  NaN  NaN  NaN
       3  -0.118678 -0.118678 -0.118201 -0.118201  ...  NaN  NaN  NaN  NaN
       4  -0.070634 -0.070634 -0.072923 -0.072923  ...  NaN  NaN  NaN  NaN
       5   0.185986  0.185986  0.181715  0.181715  ...  NaN  NaN  NaN  NaN
       6   0.741356  0.741356  0.744514  0.744514  ...  NaN  NaN  NaN  NaN
       7   0.233452  0.233452  0.230062  0.230062  ...  NaN  NaN  NaN  NaN
       8  -1.160794 -1.160794 -1.156291 -1.156291  ...  NaN  NaN  NaN  NaN
       9  -0.064823 -0.064823 -0.065519 -0.065519  ...  NaN  NaN  NaN  NaN
       10 -0.041584 -0.041584 -0.041472 -0.041472  ...  NaN  NaN  NaN  NaN
       11  0.063666  0.063666  0.063694  0.063694  ...  NaN  NaN  NaN  NaN
       12  0.042741  0.042741  0.043297  0.043297  ...  NaN  NaN  NaN  NaN
94     1   0.017442  0.017442  0.017970  0.020205  ...  NaN  NaN  NaN  NaN
       2  -0.103503 -0.103503 -0.104399 -0.108223  ...  NaN  NaN  NaN  NaN
       3  -0.088482 -0.088482 -0.088570 -0.088913  ...  NaN  NaN  NaN  NaN
       4   0.174543  0.174543  0.174999  0.176931  ...  NaN  NaN  NaN  NaN
       5  -0.729006 -0.729006 -0.734310 -0.756450  ...  NaN  NaN  NaN  NaN
       6   1.681198  1.681198  1.691523  1.734719  ...  NaN  NaN  NaN  NaN
       7  -0.411698 -0.411698 -0.414071 -0.424097  ...  NaN  NaN  NaN  NaN
       8  -0.540494 -0.540494 -0.543141 -0.554172  ...  NaN  NaN  NaN  NaN
       9   0.083244  0.083244  0.084306  0.088754  ...  NaN  NaN  NaN  NaN
       10 -0.163566 -0.163566 -0.164113 -0.166425  ...  NaN  NaN  NaN  NaN
       11  0.237520  0.237520  0.237594  0.237914  ...  NaN  NaN  NaN  NaN
       12 -0.157198 -0.157198 -0.157788 -0.160243  ...  NaN  NaN  NaN  NaN
109    1   0.036249  0.036249  0.037088  0.037088  ...  NaN  NaN  NaN  NaN
       2  -0.071110 -0.071110 -0.072072 -0.072072  ...  NaN  NaN  NaN  NaN
       3  -0.128469 -0.128469 -0.128362 -0.128362  ...  NaN  NaN  NaN  NaN
       4   0.163331  0.163331  0.163346  0.163346  ...  NaN  NaN  NaN  NaN
       5   0.189384  0.189384  0.187364  0.187364  ...  NaN  NaN  NaN  NaN
       6   0.377129  0.377129  0.382592  0.382592  ...  NaN  NaN  NaN  NaN
       7  -0.462770 -0.462770 -0.468153 -0.468153  ...  NaN  NaN  NaN  NaN
       8  -0.103743 -0.103743 -0.101803 -0.101803  ...  NaN  NaN  NaN  NaN
       9  -0.217563 -0.217563 -0.218924 -0.218924  ...  NaN  NaN  NaN  NaN
       10  0.009487  0.009487  0.009911  0.009911  ...  NaN  NaN  NaN  NaN
       11  0.033803  0.033803  0.033929  0.033929  ...  NaN  NaN  NaN  NaN
       12  0.174273  0.174273  0.175084  0.175084  ...  NaN  NaN  NaN  NaN
127    1  -0.019640 -0.018136 -0.018096 -0.017954  ...  NaN  NaN  NaN  NaN
       2   0.059055  0.054511  0.054705  0.055492  ...  NaN  NaN  NaN  NaN
       3  -0.040637 -0.037501 -0.037600 -0.037939  ...  NaN  NaN  NaN  NaN
       4   0.001222  0.001126  0.000990  0.000401  ...  NaN  NaN  NaN  NaN
       5   0.005675  0.010922  0.009769  0.004952  ...  NaN  NaN  NaN  NaN
       6  -0.214962 -0.192905 -0.194535 -0.201348  ...  NaN  NaN  NaN  NaN
       7  -0.238229 -0.214273 -0.217146 -0.229154  ...  NaN  NaN  NaN  NaN
       8   0.447516  0.396257  0.401911  0.425550  ...  NaN  NaN  NaN  NaN
       9  -0.091524 -0.084507 -0.076118 -0.041050  ...  NaN  NaN  NaN  NaN
       10 -0.036656 -0.033841 -0.040899 -0.070404  ...  NaN  NaN  NaN  NaN
       11 -0.181964 -0.168010 -0.159801 -0.125483  ...  NaN  NaN  NaN  NaN
       12  0.310144  0.286358  0.276818  0.236937  ...  NaN  NaN  NaN  NaN
159    1   0.073456  0.075693  0.075514  0.074766  ...  NaN  NaN  NaN  NaN
       2  -0.075118 -0.077022 -0.076861 -0.076187  ...  NaN  NaN  NaN  NaN

[50 rows x 20 columns]
                 0         1         2   ...        17        18        19
respid                                   ...                              
87     1  -0.180151 -0.180151 -0.180134  ... -0.080825 -0.080825 -0.080825
       2   0.369462  0.369462  0.371259  ...  0.162628  0.162628  0.162628
       3  -0.118678 -0.118678 -0.118201  ... -0.055447 -0.055447 -0.055447
       4  -0.070634 -0.070634 -0.072923  ... -0.026356 -0.026356 -0.026356
       5   0.185986  0.185986  0.181715  ...  0.273739  0.273739  0.273739
       6   0.741356  0.741356  0.744514  ...  0.786991  0.786991  0.786991
       7   0.233452  0.233452  0.230062  ...  0.318762  0.318762  0.318762
       8  -1.160794 -1.160794 -1.156291  ... -1.379491 -1.379491 -1.379491
       9  -0.064823 -0.064823 -0.065519  ... -0.074670 -0.051713 -0.051713
       10 -0.041584 -0.041584 -0.041472  ... -0.033124 -0.024077 -0.024077
       11  0.063666  0.063666  0.063694  ...  0.054922  0.039881  0.039881
       12  0.042741  0.042741  0.043297  ...  0.052872  0.035910  0.035910
94     1   0.017442  0.017442  0.017970  ... -0.016564 -0.016564 -0.016564
       2  -0.103503 -0.103503 -0.104399  ... -0.058351 -0.058351 -0.058351
       3  -0.088482 -0.088482 -0.088570  ... -0.059055 -0.059055 -0.059055
       4   0.174543  0.174543  0.174999  ...  0.133970  0.133970  0.133970
       5  -0.729006 -0.729006 -0.734310  ... -0.680382 -0.680382 -0.680382
       6   1.681198  1.681198  1.691523  ...  1.545405  1.545405  1.545405
       7  -0.411698 -0.411698 -0.414071  ... -0.402059 -0.402059 -0.402059
       8  -0.540494 -0.540494 -0.543141  ... -0.462963 -0.462963 -0.462963
       9   0.083244  0.083244  0.084306  ...  0.034739  0.004742  0.004742
       10 -0.163566 -0.163566 -0.164113  ... -0.143170 -0.099158 -0.099158
       11  0.237520  0.237520  0.237594  ...  0.247287  0.191636  0.191636
       12 -0.157198 -0.157198 -0.157788  ... -0.138855 -0.097220 -0.097220
109    1   0.036249  0.036249  0.037088  ... -0.011565 -0.011565 -0.011565
       2  -0.071110 -0.071110 -0.072072  ... -0.008913 -0.008913 -0.008913
       3  -0.128469 -0.128469 -0.128362  ... -0.066640 -0.066640 -0.066640
       4   0.163331  0.163331  0.163346  ...  0.087117  0.087117  0.087117
       5   0.189384  0.189384  0.187364  ...  0.000703  0.000703  0.000703
       6   0.377129  0.377129  0.382592  ...  0.421831  0.421831  0.421831
       7  -0.462770 -0.462770 -0.468153  ... -0.429968 -0.429968 -0.429968
       8  -0.103743 -0.103743 -0.101803  ...  0.007434  0.007434  0.007434
       9  -0.217563 -0.217563 -0.218924  ... -0.248219 -0.248219 -0.214833
       10  0.009487  0.009487  0.009911  ...  0.023856  0.023856  0.021244
       11  0.033803  0.033803  0.033929  ...  0.011109  0.011109  0.011764
       12  0.174273  0.174273  0.175084  ...  0.213254  0.213254  0.181825
127    1  -0.019640 -0.018136 -0.018096  ... -0.003974 -0.003974 -0.003974
       2   0.059055  0.054511  0.054705  ...  0.020363  0.020363  0.020363
       3  -0.040637 -0.037501 -0.037600  ... -0.011683 -0.011683 -0.011683
       4   0.001222  0.001126  0.000990  ... -0.004705 -0.004705 -0.004705
       5   0.005675  0.010922  0.009769  ...  0.024627  0.024627  0.024627
       6  -0.214962 -0.192905 -0.194535  ... -0.187706 -0.187706 -0.187706
       7  -0.238229 -0.214273 -0.217146  ... -0.202962 -0.202962 -0.202962
       8   0.447516  0.396257  0.401911  ...  0.366041  0.366041  0.366041
       9  -0.091524 -0.084507 -0.076118  ... -0.490734 -0.490734 -0.537553
       10 -0.036656 -0.033841 -0.040899  ...  0.325613  0.325613  0.383878
       11 -0.181964 -0.168010 -0.159801  ... -0.569207 -0.569207 -0.601500
       12  0.310144  0.286358  0.276818  ...  0.734329  0.734329  0.755175
159    1   0.073456  0.075693  0.075514  ...  0.094016  0.094016  0.094016
       2  -0.075118 -0.077022 -0.076861  ... -0.093096 -0.093096 -0.093096

[50 rows x 20 columns]
