respid    
87      1    -0.829608
        2    -0.696751
        3    -0.804396
        4     2.330755
        5     0.277661
        6    -0.122066
        7    -0.311752
        8     0.156157
        9    -0.065892
        10   -0.038135
        11    0.051781
        12    0.052247
94      1    -1.655734
        2     1.581850
        3     1.693003
        4    -1.619119
        5    -0.096071
        6    -0.011002
        7     0.031000
        8     0.076073
        9     2.072063
        10   -0.713474
        11   -0.659340
        12   -0.699249
109     1     0.024839
        2    -0.034251
        3    -0.037339
        4     0.046751
        5     0.223344
        6     0.011479
        7    -0.009512
        8    -0.225311
        9    -0.038032
        10   -0.006099
        11    0.016282
        12    0.027849
127     1     0.015448
        2     0.017349
        3    -0.003370
        4    -0.029427
        5     1.516824
        6    -0.836718
        7    -0.845824
        8     0.165718
        9     0.358814
        10   -0.357214
        11    0.320308
        12   -0.321908
159     1    -0.013843
        2     0.011096
dtype: float64
0
1
2
3
4
5
6
7
8
9
10
11
12
13
                 0         1         2         3   ...   16   17   18   19
respid                                             ...                    
87     1  -0.007221 -0.007221  0.004391  0.004391  ...  NaN  NaN  NaN  NaN
       2   0.043877  0.043877  0.085473  0.085473  ...  NaN  NaN  NaN  NaN
       3   0.000086  0.000086  0.020584  0.020584  ...  NaN  NaN  NaN  NaN
       4  -0.036742 -0.036742 -0.110449 -0.110449  ...  NaN  NaN  NaN  NaN
       5  -0.056173 -0.056173 -0.079397 -0.079397  ...  NaN  NaN  NaN  NaN
       6   0.009043  0.009043 -0.268749 -0.268749  ...  NaN  NaN  NaN  NaN
       7  -0.022214 -0.022214 -0.102406 -0.102406  ...  NaN  NaN  NaN  NaN
       8   0.069344  0.069344  0.450552  0.450552  ...  NaN  NaN  NaN  NaN
       9   0.072402  0.072402 -0.133750 -0.133750  ...  NaN  NaN  NaN  NaN
       10 -0.010466 -0.010466 -0.036720 -0.036720  ...  NaN  NaN  NaN  NaN
       11 -0.000641 -0.000641  0.049256  0.049256  ...  NaN  NaN  NaN  NaN
       12 -0.061295 -0.061295  0.121213  0.121213  ...  NaN  NaN  NaN  NaN
94     1  -0.002334 -0.002334  0.006455  0.009589  ...  NaN  NaN  NaN  NaN
       2  -0.004688 -0.004688 -0.021514 -0.027637  ...  NaN  NaN  NaN  NaN
       3  -0.009685 -0.009685 -0.012837 -0.013989  ...  NaN  NaN  NaN  NaN
       4   0.016706  0.016706  0.027896  0.032036  ...  NaN  NaN  NaN  NaN
       5  -0.062674 -0.062674 -0.111109 -0.127545  ...  NaN  NaN  NaN  NaN
       6   0.134524  0.134524  0.252596  0.297325  ...  NaN  NaN  NaN  NaN
       7  -0.018151 -0.018151 -0.021753 -0.026412  ...  NaN  NaN  NaN  NaN
       8  -0.053700 -0.053700 -0.119733 -0.143369  ...  NaN  NaN  NaN  NaN
       9   0.024838  0.024838 -0.064377 -0.092888  ...  NaN  NaN  NaN  NaN
       10 -0.021857 -0.021857  0.009201  0.019135  ...  NaN  NaN  NaN  NaN
       11  0.017657  0.017657  0.027637  0.030127  ...  NaN  NaN  NaN  NaN
       12 -0.020638 -0.020638  0.027539  0.043626  ...  NaN  NaN  NaN  NaN
109    1  -0.005993 -0.005993  0.019409  0.019409  ...  NaN  NaN  NaN  NaN
       2   0.003893  0.003893 -0.025202 -0.025202  ...  NaN  NaN  NaN  NaN
       3  -0.024956 -0.024956 -0.025607 -0.025607  ...  NaN  NaN  NaN  NaN
       4   0.027056  0.027056  0.031400  0.031400  ...  NaN  NaN  NaN  NaN
       5   0.521251  0.521251  0.710907  0.710907  ...  NaN  NaN  NaN  NaN
       6  -0.084944 -0.084944 -0.274379 -0.274379  ...  NaN  NaN  NaN  NaN
       7  -0.256786 -0.256786 -0.019611 -0.019611  ...  NaN  NaN  NaN  NaN
       8  -0.179521 -0.179521 -0.416917 -0.416917  ...  NaN  NaN  NaN  NaN
       9   0.021510  0.021510 -0.050602 -0.050602  ...  NaN  NaN  NaN  NaN
       10 -0.016840 -0.016840  0.002814  0.002814  ...  NaN  NaN  NaN  NaN
       11  0.016584  0.016584  0.004155  0.004155  ...  NaN  NaN  NaN  NaN
       12 -0.021254 -0.021254  0.043633  0.043633  ...  NaN  NaN  NaN  NaN
127    1  -0.004283 -0.003822  0.012954  0.019261  ...  NaN  NaN  NaN  NaN
       2   0.009540  0.008503  0.008923  0.009315  ...  NaN  NaN  NaN  NaN
       3  -0.001091 -0.000971  0.000717  0.000509  ...  NaN  NaN  NaN  NaN
       4  -0.004166 -0.003711 -0.022593 -0.029085  ...  NaN  NaN  NaN  NaN
       5  -0.042559 -0.041740 -0.058844 -0.061766  ...  NaN  NaN  NaN  NaN
       6  -0.106232 -0.093979 -0.216515 -0.258102  ...  NaN  NaN  NaN  NaN
       7  -0.004705 -0.001700 -0.168353 -0.244417  ...  NaN  NaN  NaN  NaN
       8   0.153496  0.137419  0.443712  0.564284  ...  NaN  NaN  NaN  NaN
       9   0.165016  0.147048  0.188154  0.202949  ...  NaN  NaN  NaN  NaN
       10 -0.168219 -0.149902 -0.184175 -0.196511  ...  NaN  NaN  NaN  NaN
       11  0.160076  0.142646  0.158749  0.164546  ...  NaN  NaN  NaN  NaN
       12 -0.156873 -0.139792 -0.162728 -0.170984  ...  NaN  NaN  NaN  NaN
159    1  -0.006640 -0.006080 -0.047583 -0.046162  ...  NaN  NaN  NaN  NaN
       2   0.011859  0.011357  0.093066  0.092441  ...  NaN  NaN  NaN  NaN

[50 rows x 20 columns]
                 0         1         2   ...        17        18        19
respid                                   ...                              
87     1  -0.007221 -0.007221  0.004391  ...  0.872981  0.872981  0.872981
       2   0.043877  0.043877  0.085473  ... -7.718077 -7.718077 -7.718077
       3   0.000086  0.000086  0.020584  ... -0.753911 -0.753911 -0.753911
       4  -0.036742 -0.036742 -0.110449  ...  7.599007  7.599007  7.599007
       5  -0.056173 -0.056173 -0.079397  ...  0.947666  0.947666  0.947666
       6   0.009043  0.009043 -0.268749  ...  0.382227  0.382227  0.382227
       7  -0.022214 -0.022214 -0.102406  ...  0.721094  0.721094  0.721094
       8   0.069344  0.069344  0.450552  ... -2.050986 -2.050986 -2.050986
       9   0.072402  0.072402 -0.133750  ...  0.021859  2.509699  2.509699
       10 -0.010466 -0.010466 -0.036720  ...  0.041596  1.481551  1.481551
       11 -0.000641 -0.000641  0.049256  ... -0.034889 -1.989998 -1.989998
       12 -0.061295 -0.061295  0.121213  ... -0.028565 -2.001252 -2.001252
94     1  -0.002334 -0.002334  0.006455  ... -0.236651 -0.236651 -0.236651
       2  -0.004688 -0.004688 -0.021514  ...  1.319513  1.319513  1.319513
       3  -0.009685 -0.009685 -0.012837  ...  1.221104  1.221104  1.221104
       4   0.016706  0.016706  0.027896  ... -2.303966 -2.303966 -2.303966
       5  -0.062674 -0.062674 -0.111109  ...  0.981864  0.981864  0.981864
       6   0.134524  0.134524  0.252596  ... -2.109218 -2.109218 -2.109218
       7  -0.018151 -0.018151 -0.021753  ...  0.225222  0.225222  0.225222
       8  -0.053700 -0.053700 -0.119733  ...  0.902132  0.902132  0.902132
       9   0.024838  0.024838 -0.064377  ... -0.005422  1.142603  1.142603
       10 -0.021857 -0.021857  0.009201  ...  0.025541  0.503233  0.503233
       11  0.017657  0.017657  0.027637  ... -0.036920 -1.603265 -1.603265
       12 -0.020638 -0.020638  0.027539  ...  0.016801 -0.042571 -0.042571
109    1  -0.005993 -0.005993  0.019409  ... -1.406402 -1.406402 -1.406402
       2   0.003893  0.003893 -0.025202  ...  1.937451  1.937451  1.937451
       3  -0.024956 -0.024956 -0.025607  ...  2.099327  2.099327  2.099327
       4   0.027056  0.027056  0.031400  ... -2.630376 -2.630376 -2.630376
       5   0.521251  0.521251  0.710907  ... -0.749307 -0.749307 -0.749307
       6  -0.084944 -0.084944 -0.274379  ... -0.332562 -0.332562 -0.332562
       7  -0.256786 -0.256786 -0.019611  ...  0.050317  0.050317  0.050317
       8  -0.179521 -0.179521 -0.416917  ...  1.031553  1.031553  1.031553
       9   0.021510  0.021510 -0.050602  ...  0.040248  0.040248  0.989196
       10 -0.016840 -0.016840  0.002814  ...  0.004850  0.004850  0.157017
       11  0.016584  0.016584  0.004155  ... -0.016053 -0.016053 -0.422310
       12 -0.021254 -0.021254  0.043633  ... -0.029045 -0.029045 -0.723903
127    1  -0.004283 -0.003822  0.012954  ... -0.871653 -0.871653 -0.871653
       2   0.009540  0.008503  0.008923  ... -0.981569 -0.981569 -0.981569
       3  -0.001091 -0.000971  0.000717  ...  0.194012  0.194012  0.194012
       4  -0.004166 -0.003711 -0.022593  ...  1.659210  1.659210  1.659210
       5  -0.042559 -0.041740 -0.058844  ...  0.542457  0.542457  0.542457
       6  -0.106232 -0.093979 -0.216515  ...  1.967611  1.967611  1.967611
       7  -0.004705 -0.001700 -0.168353  ...  2.183686  2.183686  2.183686
       8   0.153496  0.137419  0.443712  ... -4.693754 -4.693754 -4.693754
       9   0.165016  0.147048  0.188154  ... -0.449990 -0.449990 -9.403046
       10 -0.168219 -0.149902 -0.184175  ...  0.451830  0.451830  9.364961
       11  0.160076  0.142646  0.158749  ... -0.391752 -0.391752 -8.383983
       12 -0.156873 -0.139792 -0.162728  ...  0.389912  0.389912  8.422068
159    1  -0.006640 -0.006080 -0.047583  ...  0.748498  0.748498  0.748498
       2   0.011859  0.011357  0.093066  ... -0.509332 -0.509332 -0.509332

[50 rows x 20 columns]
