          count        mean         std  ...         50%         75%          max
cons_0   1581.0  120.325288   69.117463  ...  104.996393  151.539761   667.562117
cons_1   1580.0  115.737282   69.287949  ...  100.613738  148.990583   652.220582
cons_2   1580.0  107.120237   66.558056  ...   94.129584  139.402764   651.391980
cons_3   1577.0  100.934291   63.596118  ...   88.084055  131.278305   630.223343
cons_4   1572.0   99.853594   66.637177  ...   86.783768  127.124425  1001.193625
cons_5   1569.0   98.249495   73.906358  ...   83.636525  122.366866  1075.648461
cons_6   1565.0   96.018491   66.563650  ...   82.573736  120.786903   567.277229
cons_7   1561.0   93.003143   67.506346  ...   78.542665  117.856803   999.861156
cons_8   1546.0   94.400439   70.632070  ...   79.921509  120.350141   822.930688
cons_9   1536.0   89.360215   66.947482  ...   75.826421  113.721876   914.719758
cons_10  1526.0   85.440965   68.914982  ...   69.830200  107.056950  1024.710696
cons_11  1512.0   86.645668   77.692241  ...   70.357916  109.682070  1537.346569
cons_12  1475.0   81.961774   72.930534  ...   66.469220  105.605646  1498.617240
cons_13  1447.0   77.064486   66.005472  ...   60.319694   99.246766   764.751409
cons_14  1418.0   76.391377   68.729721  ...   59.114278   97.709870   880.597128
cons_15  1375.0   75.991805   78.489826  ...   56.154081   95.096234  1245.732191
cons_16  1315.0   76.445638   91.734403  ...   54.475476   97.338992  1884.949082
cons_17  1251.0   73.202149   70.703243  ...   51.731674   95.231888   760.006489
cons_18  1177.0   77.117801   86.771905  ...   52.506541  102.857803  1613.959322
cons_19  1090.0   72.656771   94.660702  ...   47.362194   91.225773  1597.509392
cons_20   992.0   71.252675   84.499808  ...   44.655289   91.628742  1322.982054
cons_21   899.0   76.037385  122.817753  ...   43.916548   94.242244  2887.350619
cons_22   809.0   71.583467   90.300271  ...   40.519424   88.430357   996.582043
cons_23   711.0   67.246405   74.156613  ...   39.407067   86.778689   888.912076
cons_24   610.0   73.718392  107.345060  ...   40.644369   91.988526  1212.211271
cons_25   522.0   76.433031  134.362085  ...   37.347820   89.844227  1779.322145
cons_26   440.0   67.033183   86.389383  ...   30.697725   82.999927   724.030779
cons_27   358.0   76.714765  182.172389  ...   26.196163   80.137080  2581.052705
cons_28   287.0   74.910509  106.987772  ...   26.315533   96.542404  1004.040622
cons_29   242.0   61.573127   94.214242  ...   23.257003   74.877715  1088.824012
cons_30   178.0   56.495914   74.793776  ...   24.597486   70.832979   658.638122
cons_31   133.0   78.985589   86.510074  ...   28.517710  125.190060   461.244420
cons_32   109.0  139.710584  791.775174  ...   21.552306  100.576582  8301.166073
cons_33    80.0   75.314837   89.372293  ...   25.542587   95.571004   397.156580
cons_34    59.0    0.000000    0.000000  ...    0.000000    0.000000     0.000000
cons_35     0.0         NaN         NaN  ...         NaN         NaN          NaN
cons_36     0.0         NaN         NaN  ...         NaN         NaN          NaN
cons_37     0.0         NaN         NaN  ...         NaN         NaN          NaN
cons_38     0.0         NaN         NaN  ...         NaN         NaN          NaN
cons_39     0.0         NaN         NaN  ...         NaN         NaN          NaN
cons_40     0.0         NaN         NaN  ...         NaN         NaN          NaN
cons_41     0.0         NaN         NaN  ...         NaN         NaN          NaN
cons_42     0.0         NaN         NaN  ...         NaN         NaN          NaN
cons_43     0.0         NaN         NaN  ...         NaN         NaN          NaN
cons_44     0.0         NaN         NaN  ...         NaN         NaN          NaN

[45 rows x 8 columns]
         count      mean       std  min  25%  50%   75%  max
own_0   1581.0  0.986085  0.117176  0.0  1.0  1.0  1.00  1.0
own_1   1580.0  0.968987  0.173407  0.0  1.0  1.0  1.00  1.0
own_2   1580.0  0.947468  0.223167  0.0  1.0  1.0  1.00  1.0
own_3   1577.0  0.929613  0.255879  0.0  1.0  1.0  1.00  1.0
own_4   1572.0  0.919211  0.272597  0.0  1.0  1.0  1.00  1.0
own_5   1569.0  0.882728  0.321847  0.0  1.0  1.0  1.00  1.0
own_6   1565.0  0.871565  0.334680  0.0  1.0  1.0  1.00  1.0
own_7   1561.0  0.855221  0.351991  0.0  1.0  1.0  1.00  1.0
own_8   1546.0  0.855757  0.351450  0.0  1.0  1.0  1.00  1.0
own_9   1536.0  0.836589  0.369861  0.0  1.0  1.0  1.00  1.0
own_10  1526.0  0.812582  0.390375  0.0  1.0  1.0  1.00  1.0
own_11  1512.0  0.791005  0.406725  0.0  1.0  1.0  1.00  1.0
own_12  1475.0  0.768136  0.422166  0.0  1.0  1.0  1.00  1.0
own_13  1447.0  0.758811  0.427952  0.0  1.0  1.0  1.00  1.0
own_14  1418.0  0.732722  0.442695  0.0  0.0  1.0  1.00  1.0
own_15  1375.0  0.678545  0.467205  0.0  0.0  1.0  1.00  1.0
own_16  1315.0  0.666920  0.471494  0.0  0.0  1.0  1.00  1.0
own_17  1251.0  0.637090  0.481031  0.0  0.0  1.0  1.00  1.0
own_18  1177.0  0.627867  0.483579  0.0  0.0  1.0  1.00  1.0
own_19  1090.0  0.596330  0.490858  0.0  0.0  1.0  1.00  1.0
own_20   992.0  0.547379  0.498001  0.0  0.0  1.0  1.00  1.0
own_21   899.0  0.538376  0.498803  0.0  0.0  1.0  1.00  1.0
own_22   809.0  0.484549  0.500070  0.0  0.0  0.0  1.00  1.0
own_23   711.0  0.472574  0.499599  0.0  0.0  0.0  1.00  1.0
own_24   610.0  0.463934  0.499107  0.0  0.0  0.0  1.00  1.0
own_25   522.0  0.402299  0.490832  0.0  0.0  0.0  1.00  1.0
own_26   440.0  0.381818  0.486385  0.0  0.0  0.0  1.00  1.0
own_27   358.0  0.310056  0.463164  0.0  0.0  0.0  1.00  1.0
own_28   287.0  0.292683  0.455789  0.0  0.0  0.0  1.00  1.0
own_29   242.0  0.268595  0.444147  0.0  0.0  0.0  1.00  1.0
own_30   178.0  0.252809  0.435848  0.0  0.0  0.0  0.75  1.0
own_31   133.0  0.248120  0.433555  0.0  0.0  0.0  0.00  1.0
own_32   109.0  0.128440  0.336125  0.0  0.0  0.0  0.00  1.0
own_33    80.0  0.075000  0.265053  0.0  0.0  0.0  0.00  1.0
own_34    59.0  0.000000  0.000000  0.0  0.0  0.0  0.00  0.0
own_35     0.0       NaN       NaN  NaN  NaN  NaN   NaN  NaN
own_36     0.0       NaN       NaN  NaN  NaN  NaN   NaN  NaN
own_37     0.0       NaN       NaN  NaN  NaN  NaN   NaN  NaN
own_38     0.0       NaN       NaN  NaN  NaN  NaN   NaN  NaN
own_39     0.0       NaN       NaN  NaN  NaN  NaN   NaN  NaN
own_40     0.0       NaN       NaN  NaN  NaN  NaN   NaN  NaN
own_41     0.0       NaN       NaN  NaN  NaN  NaN   NaN  NaN
own_42     0.0       NaN       NaN  NaN  NaN  NaN   NaN  NaN
own_43     0.0       NaN       NaN  NaN  NaN  NaN   NaN  NaN
own_44     0.0       NaN       NaN  NaN  NaN  NaN   NaN  NaN
          count        mean         std  ...         50%         75%          max
wlth_0   1581.0  226.818016  178.454194  ...  190.000000  343.949000  1000.000000
wlth_1   1580.0  193.934602  161.024568  ...  156.296265  298.438085  1352.146404
wlth_2   1580.0  165.285684  182.378728  ...  117.085632  243.305566  1957.140615
wlth_3   1577.0  155.138321  218.194124  ...   93.073169  208.574876  1883.610076
wlth_4   1572.0  151.274329  246.835473  ...   77.348780  185.939319  2086.202104
wlth_5   1569.0  151.122024  259.424738  ...   66.536600  164.691066  1885.265776
wlth_6   1565.0  172.448563  306.763758  ...   61.244495  184.319917  2003.455907
wlth_7   1561.0  168.915634  286.743883  ...   54.699056  199.611507  1999.686826
wlth_8   1546.0  179.040800  304.792614  ...   50.869634  229.803675  2019.691606
wlth_9   1536.0  175.896794  306.023649  ...   44.100676  233.088186  1957.694147
wlth_10  1526.0  174.742338  300.986639  ...   41.889561  250.598175  1894.181135
wlth_11  1512.0  181.069051  312.307993  ...   42.631350  250.820364  1968.447094
wlth_12  1475.0  172.434115  306.276913  ...   34.275169  235.690444  1902.160011
wlth_13  1447.0  178.357758  321.975037  ...   33.366540  233.736677  1883.167112
wlth_14  1418.0  175.837323  308.256665  ...   36.106829  247.655611  2092.869079
wlth_15  1375.0  190.366879  339.061165  ...   35.008766  264.857829  1984.206405
wlth_16  1315.0  217.217996  374.497677  ...   45.601955  287.205574  2042.889972
wlth_17  1251.0  217.330365  375.348371  ...   46.091489  289.164722  3033.710001
wlth_18  1177.0  221.742796  354.780472  ...   56.703279  332.832786  2055.384215
wlth_19  1090.0  228.134250  379.737334  ...   67.683946  315.270893  3543.319391
wlth_20   992.0  223.614493  375.349482  ...   71.864039  299.368000  3492.766809
wlth_21   899.0  242.590766  384.649004  ...   89.718007  332.762388  3433.513539
wlth_22   809.0  222.102873  352.434467  ...   97.105631  306.941216  3365.080886
wlth_23   711.0  244.005636  388.027836  ...  116.338920  318.244425  3286.966658
wlth_24   610.0  232.992691  361.973020  ...  121.048171  301.773347  3198.644040
wlth_25   522.0  234.358820  450.081322  ...  103.212479  311.155223  6660.437035
wlth_26   440.0  251.124727  409.061862  ...  118.797102  333.675606  3811.045792
wlth_27   358.0  235.893301  402.798489  ...   98.785287  297.071480  3701.294769
wlth_28   287.0  270.328222  455.962470  ...  100.455652  356.971866  3641.708254
wlth_29   242.0  237.939120  425.375304  ...   71.114785  292.476484  3442.220774
wlth_30   178.0  208.289604  424.970245  ...   46.410050  222.849207  3295.352324
wlth_31   133.0  239.160950  457.517333  ...   93.042817  274.864714  3134.679574
wlth_32   109.0  171.761550  391.890047  ...    9.655838  206.710546  2959.415459
wlth_33    80.0  126.848283  313.629110  ...    0.000000  147.408799  2270.964905
wlth_34    59.0   73.393436  281.634949  ...   -9.186772   -2.045504  1727.326807
wlth_35     0.0         NaN         NaN  ...         NaN         NaN          NaN
wlth_36     0.0         NaN         NaN  ...         NaN         NaN          NaN
wlth_37     0.0         NaN         NaN  ...         NaN         NaN          NaN
wlth_38     0.0         NaN         NaN  ...         NaN         NaN          NaN
wlth_39     0.0         NaN         NaN  ...         NaN         NaN          NaN
wlth_40     0.0         NaN         NaN  ...         NaN         NaN          NaN
wlth_41     0.0         NaN         NaN  ...         NaN         NaN          NaN
wlth_42     0.0         NaN         NaN  ...         NaN         NaN          NaN
wlth_43     0.0         NaN         NaN  ...         NaN         NaN          NaN
wlth_44     0.0         NaN         NaN  ...         NaN         NaN          NaN

[45 rows x 8 columns]
