          count        mean         std  ...         50%         75%          max
cons_0   1581.0  158.783742   97.592400  ...  137.982691  206.381565   936.761038
cons_1   1580.0  131.954012   86.554307  ...  114.076856  175.949163  1003.311689
cons_2   1577.0  112.967933   77.453203  ...   97.166918  147.948421   680.403984
cons_3   1575.0  103.421390   79.672546  ...   85.137280  131.925290   597.482486
cons_4   1575.0  101.911197   91.387674  ...   79.132300  129.434674   987.803678
cons_5   1572.0   98.044524   94.997535  ...   75.860818  121.142053  1073.874420
cons_6   1562.0   97.783417  104.995912  ...   72.196129  120.161229  1573.684436
cons_7   1556.0   98.756104  102.851480  ...   70.585141  123.593302  1135.882861
cons_8   1551.0   92.500212   98.311800  ...   66.528237  116.166269   971.007295
cons_9   1538.0  101.949162  124.261917  ...   67.987959  123.560503  1794.688247
cons_10  1528.0   91.006652  105.008583  ...   59.258281  113.126196   931.447072
cons_11  1509.0   95.126649  117.689311  ...   56.801899  114.734115  1129.983485
cons_12  1472.0   91.451413  119.359753  ...   52.985627  112.516308  1928.982520
cons_13  1439.0   88.407580  114.649439  ...   46.083436  107.394073  1349.602577
cons_14  1404.0   86.764182  129.751231  ...   39.405777  102.610615  1681.694283
cons_15  1362.0   86.731776  126.599626  ...   36.278429   99.964522  1150.285339
cons_16  1308.0   90.691426  146.310838  ...   33.449391   98.937196  1703.263954
cons_17  1227.0   79.171269  127.945432  ...   29.847595   86.387028  2073.851420
cons_18  1146.0   79.302539  137.292776  ...   29.213499   84.043741  1981.038604
cons_19  1069.0   78.158086  139.795357  ...   26.714694   72.450298  1487.184028
cons_20   992.0   75.454662  202.617167  ...   23.519780   67.158624  5379.031710
cons_21   886.0   80.487976  268.872764  ...   22.600962   61.193508  6060.004085
cons_22   797.0   82.979619  187.880512  ...   22.306308   63.378674  2843.280191
cons_23   707.0   67.082614  152.175477  ...   20.012393   48.027030  2354.902666
cons_24   610.0   70.790339  161.436744  ...   18.200000   44.005639  1615.980001
cons_25   508.0   61.525183  120.582095  ...   18.200000   35.241706  1097.677907
cons_26   430.0   61.855022  210.434129  ...   18.200000   33.956423  3707.524172
cons_27   346.0   54.968348  136.796528  ...   18.200000   30.212419  1890.356012
cons_28   277.0   44.841952   95.927288  ...   18.200000   29.637413  1278.059051
cons_29   223.0   44.992927  134.113795  ...   18.200000   27.138986  1801.183820
cons_30   168.0   43.413876   81.771217  ...   18.200000   27.044709   641.690461
cons_31   126.0   43.121183   81.364232  ...   18.200000   27.163713   535.508035
cons_32   100.0   42.320875   69.973645  ...   18.200000   27.614131   513.510202
cons_33    72.0   71.351595  146.264103  ...   20.418269   29.168296   825.451164
cons_34    55.0    0.000000    0.000000  ...    0.000000    0.000000     0.000000
cons_35     0.0         NaN         NaN  ...         NaN         NaN          NaN
cons_36     0.0         NaN         NaN  ...         NaN         NaN          NaN
cons_37     0.0         NaN         NaN  ...         NaN         NaN          NaN
cons_38     0.0         NaN         NaN  ...         NaN         NaN          NaN
cons_39     0.0         NaN         NaN  ...         NaN         NaN          NaN
cons_40     0.0         NaN         NaN  ...         NaN         NaN          NaN
cons_41     0.0         NaN         NaN  ...         NaN         NaN          NaN
cons_42     0.0         NaN         NaN  ...         NaN         NaN          NaN
cons_43     0.0         NaN         NaN  ...         NaN         NaN          NaN
cons_44     0.0         NaN         NaN  ...         NaN         NaN          NaN

[45 rows x 8 columns]
         count      mean       std  min  25%  50%  75%  max
own_0   1581.0  0.982922  0.129602  0.0  1.0  1.0  1.0  1.0
own_1   1580.0  0.951266  0.215380  0.0  1.0  1.0  1.0  1.0
own_2   1577.0  0.933418  0.249376  0.0  1.0  1.0  1.0  1.0
own_3   1575.0  0.908571  0.288309  0.0  1.0  1.0  1.0  1.0
own_4   1575.0  0.886349  0.317487  0.0  1.0  1.0  1.0  1.0
own_5   1572.0  0.861323  0.345719  0.0  1.0  1.0  1.0  1.0
own_6   1562.0  0.850192  0.356997  0.0  1.0  1.0  1.0  1.0
own_7   1556.0  0.815553  0.387973  0.0  1.0  1.0  1.0  1.0
own_8   1551.0  0.800774  0.399547  0.0  1.0  1.0  1.0  1.0
own_9   1538.0  0.739272  0.439175  0.0  0.0  1.0  1.0  1.0
own_10  1528.0  0.734293  0.441853  0.0  0.0  1.0  1.0  1.0
own_11  1509.0  0.696488  0.459927  0.0  0.0  1.0  1.0  1.0
own_12  1472.0  0.656929  0.474896  0.0  0.0  1.0  1.0  1.0
own_13  1439.0  0.614315  0.486926  0.0  0.0  1.0  1.0  1.0
own_14  1404.0  0.580484  0.493656  0.0  0.0  1.0  1.0  1.0
own_15  1362.0  0.549192  0.497757  0.0  0.0  1.0  1.0  1.0
own_16  1308.0  0.506881  0.500144  0.0  0.0  1.0  1.0  1.0
own_17  1227.0  0.478403  0.499737  0.0  0.0  0.0  1.0  1.0
own_18  1146.0  0.455497  0.498233  0.0  0.0  0.0  1.0  1.0
own_19  1069.0  0.410664  0.492185  0.0  0.0  0.0  1.0  1.0
own_20   992.0  0.382056  0.486135  0.0  0.0  0.0  1.0  1.0
own_21   886.0  0.366817  0.482208  0.0  0.0  0.0  1.0  1.0
own_22   797.0  0.322459  0.467711  0.0  0.0  0.0  1.0  1.0
own_23   707.0  0.304102  0.460352  0.0  0.0  0.0  1.0  1.0
own_24   610.0  0.285246  0.451902  0.0  0.0  0.0  1.0  1.0
own_25   508.0  0.248031  0.432296  0.0  0.0  0.0  0.0  1.0
own_26   430.0  0.211628  0.408938  0.0  0.0  0.0  0.0  1.0
own_27   346.0  0.213873  0.410632  0.0  0.0  0.0  0.0  1.0
own_28   277.0  0.187726  0.391200  0.0  0.0  0.0  0.0  1.0
own_29   223.0  0.179372  0.384527  0.0  0.0  0.0  0.0  1.0
own_30   168.0  0.119048  0.324813  0.0  0.0  0.0  0.0  1.0
own_31   126.0  0.103175  0.305401  0.0  0.0  0.0  0.0  1.0
own_32   100.0  0.130000  0.337998  0.0  0.0  0.0  0.0  1.0
own_33    72.0  0.027778  0.165489  0.0  0.0  0.0  0.0  1.0
own_34    55.0  0.000000  0.000000  0.0  0.0  0.0  0.0  0.0
own_35     0.0       NaN       NaN  NaN  NaN  NaN  NaN  NaN
own_36     0.0       NaN       NaN  NaN  NaN  NaN  NaN  NaN
own_37     0.0       NaN       NaN  NaN  NaN  NaN  NaN  NaN
own_38     0.0       NaN       NaN  NaN  NaN  NaN  NaN  NaN
own_39     0.0       NaN       NaN  NaN  NaN  NaN  NaN  NaN
own_40     0.0       NaN       NaN  NaN  NaN  NaN  NaN  NaN
own_41     0.0       NaN       NaN  NaN  NaN  NaN  NaN  NaN
own_42     0.0       NaN       NaN  NaN  NaN  NaN  NaN  NaN
own_43     0.0       NaN       NaN  NaN  NaN  NaN  NaN  NaN
own_44     0.0       NaN       NaN  NaN  NaN  NaN  NaN  NaN
          count        mean  ...           75%          max
wlth_0   1581.0  226.818016  ...  3.439490e+02  1000.000000
wlth_1   1580.0  160.546521  ...  2.476158e+02  1349.967690
wlth_2   1577.0  127.495693  ...  1.869357e+02  1878.930046
wlth_3   1575.0  116.202821  ...  1.418550e+02  1828.251708
wlth_4   1575.0  116.394959  ...  1.259697e+02  1916.851184
wlth_5   1572.0  128.523208  ...  1.267792e+02  1959.115752
wlth_6   1562.0  134.631183  ...  1.633737e+02  2051.455970
wlth_7   1556.0  141.202286  ...  1.684462e+02  2033.728774
wlth_8   1551.0  146.231928  ...  1.921663e+02  2079.747412
wlth_9   1538.0  146.936665  ...  1.843124e+02  1969.548668
wlth_10  1528.0  161.478538  ...  2.239002e+02  1966.056282
wlth_11  1509.0  152.744454  ...  2.107999e+02  1982.310357
wlth_12  1472.0  148.527597  ...  2.034718e+02  1983.051070
wlth_13  1439.0  150.372595  ...  2.073159e+02  2118.960899
wlth_14  1404.0  152.194253  ...  2.025803e+02  1932.133348
wlth_15  1362.0  149.128952  ...  1.976902e+02  2130.600442
wlth_16  1308.0  139.978331  ...  1.875819e+02  2146.446230
wlth_17  1227.0  137.310893  ...  1.789587e+02  2049.075775
wlth_18  1146.0  132.840189  ...  1.659432e+02  2003.134823
wlth_19  1069.0  125.780889  ...  1.468237e+02  2159.164052
wlth_20   992.0  127.245418  ...  1.483045e+02  2065.465016
wlth_21   886.0  113.575357  ...  1.384106e+02  2073.386869
wlth_22   797.0  122.826502  ...  1.461579e+02  2453.336377
wlth_23   707.0  117.501027  ...  1.300211e+02  2260.612123
wlth_24   610.0  112.032753  ...  1.306174e+02  2003.832222
wlth_25   508.0  119.974099  ...  1.175395e+02  2044.372207
wlth_26   430.0  115.283717  ...  1.258614e+02  2052.241835
wlth_27   346.0  107.227616  ...  1.286042e+02  2121.297694
wlth_28   277.0  101.126988  ...  8.378528e+01  2276.287791
wlth_29   223.0   88.079160  ...  7.349315e+01  1715.451901
wlth_30   168.0   57.344369  ...  4.838818e+01  1380.521109
wlth_31   126.0   38.876751  ...  3.663084e+01   648.179138
wlth_32   100.0   45.153389  ...  1.312062e+01   978.142289
wlth_33    72.0   21.078386  ... -2.929787e-15   471.852553
wlth_34    55.0   -3.546463  ... -4.836300e+00   120.405055
wlth_35     0.0         NaN  ...           NaN          NaN
wlth_36     0.0         NaN  ...           NaN          NaN
wlth_37     0.0         NaN  ...           NaN          NaN
wlth_38     0.0         NaN  ...           NaN          NaN
wlth_39     0.0         NaN  ...           NaN          NaN
wlth_40     0.0         NaN  ...           NaN          NaN
wlth_41     0.0         NaN  ...           NaN          NaN
wlth_42     0.0         NaN  ...           NaN          NaN
wlth_43     0.0         NaN  ...           NaN          NaN
wlth_44     0.0         NaN  ...           NaN          NaN

[45 rows x 8 columns]
